[35m[1mConsolidate compiler generated dependencies of target rmw_microxrcedds[0m
[  2%] [32m[1mLinking C shared library librmw_microxrcedds.so[0m
[100%] Built target rmw_microxrcedds
-- Install configuration: ""
-- Execute custom install script
-- Symlinking: /home/ubuntu/microros_ws/install/rmw_microxrcedds/share/rmw_microxrcedds/environment/library_path.sh
-- Symlinking: /home/ubuntu/microros_ws/install/rmw_microxrcedds/share/rmw_microxrcedds/environment/library_path.dsv
-- Symlinking: /home/ubuntu/microros_ws/install/rmw_microxrcedds/share/ament_index/resource_index/rmw_typesupport_c/rmw_microxrcedds
-- Symlinking: /home/ubuntu/microros_ws/install/rmw_microxrcedds/share/ament_index/resource_index/rmw_typesupport/rmw_microxrcedds
-- Symlinking: /home/ubuntu/microros_ws/install/rmw_microxrcedds/share/ament_index/resource_index/package_run_dependencies/rmw_microxrcedds
-- Symlinking: /home/ubuntu/microros_ws/install/rmw_microxrcedds/share/ament_index/resource_index/parent_prefix_path/rmw_microxrcedds
-- Symlinking: /home/ubuntu/microros_ws/install/rmw_microxrcedds/share/rmw_microxrcedds/environment/ament_prefix_path.sh
-- Symlinking: /home/ubuntu/microros_ws/install/rmw_microxrcedds/share/rmw_microxrcedds/environment/ament_prefix_path.dsv
-- Symlinking: /home/ubuntu/microros_ws/install/rmw_microxrcedds/share/rmw_microxrcedds/environment/path.sh
-- Symlinking: /home/ubuntu/microros_ws/install/rmw_microxrcedds/share/rmw_microxrcedds/environment/path.dsv
-- Symlinking: /home/ubuntu/microros_ws/install/rmw_microxrcedds/share/rmw_microxrcedds/local_setup.bash
-- Symlinking: /home/ubuntu/microros_ws/install/rmw_microxrcedds/share/rmw_microxrcedds/local_setup.sh
-- Symlinking: /home/ubuntu/microros_ws/install/rmw_microxrcedds/share/rmw_microxrcedds/local_setup.zsh
-- Symlinking: /home/ubuntu/microros_ws/install/rmw_microxrcedds/share/rmw_microxrcedds/local_setup.dsv
-- Symlinking: /home/ubuntu/microros_ws/install/rmw_microxrcedds/share/rmw_microxrcedds/package.dsv
-- Symlinking: /home/ubuntu/microros_ws/install/rmw_microxrcedds/share/ament_index/resource_index/packages/rmw_microxrcedds
-- Symlinking: /home/ubuntu/microros_ws/install/rmw_microxrcedds/share/rmw_microxrcedds/cmake/ament_cmake_export_include_directories-extras.cmake
-- Symlinking: /home/ubuntu/microros_ws/install/rmw_microxrcedds/share/rmw_microxrcedds/cmake/ament_cmake_export_libraries-extras.cmake
-- Symlinking: /home/ubuntu/microros_ws/install/rmw_microxrcedds/share/rmw_microxrcedds/cmake/ament_cmake_export_dependencies-extras.cmake
-- Symlinking: /home/ubuntu/microros_ws/install/rmw_microxrcedds/share/rmw_microxrcedds/cmake/rmw_microxrceddsConfig.cmake
-- Symlinking: /home/ubuntu/microros_ws/install/rmw_microxrcedds/share/rmw_microxrcedds/cmake/rmw_microxrceddsConfig-version.cmake
-- Symlinking: /home/ubuntu/microros_ws/install/rmw_microxrcedds/share/rmw_microxrcedds/package.xml
-- Symlinking: /home/ubuntu/microros_ws/install/rmw_microxrcedds/include/rmw_microros/continous_serialization.h
-- Symlinking: /home/ubuntu/microros_ws/install/rmw_microxrcedds/include/rmw_microros/custom_transport.h
-- Symlinking: /home/ubuntu/microros_ws/install/rmw_microxrcedds/include/rmw_microros/discovery.h
-- Symlinking: /home/ubuntu/microros_ws/install/rmw_microxrcedds/include/rmw_microros/error_handling.h
-- Symlinking: /home/ubuntu/microros_ws/install/rmw_microxrcedds/include/rmw_microros/init_options.h
-- Symlinking: /home/ubuntu/microros_ws/install/rmw_microxrcedds/include/rmw_microros/ping.h
-- Symlinking: /home/ubuntu/microros_ws/install/rmw_microxrcedds/include/rmw_microros/rmw_microros.h
-- Symlinking: /home/ubuntu/microros_ws/install/rmw_microxrcedds/include/rmw_microros/time_sync.h
-- Symlinking: /home/ubuntu/microros_ws/install/rmw_microxrcedds/include/rmw_microros/timing.h
-- Symlinking: /home/ubuntu/microros_ws/install/rmw_microxrcedds/include/rmw_microxrcedds_c/rmw_c_macros.h
-- Symlinking: /home/ubuntu/microros_ws/install/rmw_microxrcedds/include/rmw_microxrcedds_c/config.h
-- Symlinking: /home/ubuntu/microros_ws/install/rmw_microxrcedds/lib/librmw_microxrcedds.so
