[0.091s] Invoking command in '/home/ubuntu/microros_ws/build/lifecycle_msgs': CMAKE_PREFIX_PATH=/home/ubuntu/microros_ws/install/micro_ros_demos_rclc:/home/ubuntu/microros_ws/install/common_interfaces:/home/ubuntu/microros_ws/install/visualization_msgs:/home/ubuntu/microros_ws/install/test_msgs:/home/ubuntu/microros_ws/install/example_interfaces:/home/ubuntu/microros_ws/install/action_msgs:/home/ubuntu/microros_ws/install/unique_identifier_msgs:/home/ubuntu/microros_ws/install/trajectory_msgs:/home/ubuntu/microros_ws/install/stereo_msgs:/home/ubuntu/microros_ws/install/sensor_msgs_py:/opt/ros/humble:/home/ubuntu/microros_ws/install/rplidar_ros:/home/ubuntu/microros_ws/install/astra_camera:/home/ubuntu/microros_ws/install/std_srvs:/home/ubuntu/microros_ws/install/shape_msgs:/home/ubuntu/microros_ws/install/astra_camera_msgs:/home/ubuntu/microros_ws/install/sensor_msgs:/home/ubuntu/microros_ws/install/nav_msgs:/home/ubuntu/microros_ws/install/diagnostic_msgs:/home/ubuntu/microros_ws/install/geometry_msgs:/home/ubuntu/microros_ws/install/actionlib_msgs:/home/ubuntu/microros_ws/install/std_msgs:/home/ubuntu/microros_ws/install/statistics_msgs:/home/ubuntu/microros_ws/install/rosidl_typesupport_microxrcedds_test_msg:/home/ubuntu/microros_ws/install/rosidl_typesupport_microxrcedds_cpp_tests:/home/ubuntu/microros_ws/install/rmw_microxrcedds:/home/ubuntu/microros_ws/install/rosidl_typesupport_microxrcedds_cpp:/home/ubuntu/microros_ws/install/rosidl_typesupport_microxrcedds_c_tests:/home/ubuntu/microros_ws/install/rosidl_typesupport_microxrcedds_c:/home/ubuntu/microros_ws/install/rosgraph_msgs:/home/ubuntu/microros_ws/install/rclc_parameter:/home/ubuntu/microros_ws/install/rclc:/home/ubuntu/microros_ws/install/composition_interfaces:/home/ubuntu/microros_ws/install/rcl_interfaces:/home/ubuntu/microros_ws/install/microxrcedds_client:/home/ubuntu/microros_ws/install/microcdr:/home/ubuntu/microros_ws/install/micro_ros_utilities:/home/ubuntu/microros_ws/install/micro_ros_setup:/home/ubuntu/microros_ws/install/micro_ros_agent:/home/ubuntu/microros_ws/install/micro_ros_msgs:/home/ubuntu/microros_ws/install/lifecycle_msgs:/home/ubuntu/microros_ws/install/complex_msgs:/home/ubuntu/microros_ws/install/builtin_interfaces /usr/bin/cmake --build /home/ubuntu/microros_ws/build/lifecycle_msgs -- -j4 -l4
[0.885s] [  0%] Built target lifecycle_msgs__cpp
[1.153s] [  0%] Built target ament_cmake_python_symlink_lifecycle_msgs
[1.277s] [35m[1mConsolidate compiler generated dependencies of target lifecycle_msgs__rosidl_typesupport_microxrcedds_cpp[0m
[1.427s] [ 10%] Built target lifecycle_msgs__rosidl_typesupport_microxrcedds_cpp
[1.547s] [35m[1mConsolidate compiler generated dependencies of target lifecycle_msgs__rosidl_typesupport_fastrtps_cpp[0m
[1.840s] [ 19%] Built target lifecycle_msgs__rosidl_typesupport_fastrtps_cpp
[1.988s] [35m[1mConsolidate compiler generated dependencies of target lifecycle_msgs__rosidl_typesupport_introspection_cpp[0m
[2.174s] [ 28%] Built target lifecycle_msgs__rosidl_typesupport_introspection_cpp
[4.981s] running egg_info
[4.985s] writing lifecycle_msgs.egg-info/PKG-INFO
[4.987s] writing dependency_links to lifecycle_msgs.egg-info/dependency_links.txt
[4.991s] writing top-level names to lifecycle_msgs.egg-info/top_level.txt
[5.003s] reading manifest file 'lifecycle_msgs.egg-info/SOURCES.txt'
[5.006s] writing manifest file 'lifecycle_msgs.egg-info/SOURCES.txt'
[5.240s] [ 28%] Built target ament_cmake_python_build_lifecycle_msgs_egg
[5.425s] [35m[1mConsolidate compiler generated dependencies of target lifecycle_msgs__rosidl_typesupport_cpp[0m
[5.673s] [ 37%] Built target lifecycle_msgs__rosidl_typesupport_cpp
[5.819s] [35m[1mConsolidate compiler generated dependencies of target lifecycle_msgs__rosidl_generator_c[0m
[5.988s] [ 47%] Built target lifecycle_msgs__rosidl_generator_c
[6.188s] [35m[1mConsolidate compiler generated dependencies of target lifecycle_msgs__rosidl_typesupport_microxrcedds_c[0m
[6.377s] [ 56%] Built target lifecycle_msgs__rosidl_typesupport_microxrcedds_c
[6.514s] [35m[1mConsolidate compiler generated dependencies of target lifecycle_msgs__rosidl_typesupport_c[0m
[6.633s] [ 65%] Built target lifecycle_msgs__rosidl_typesupport_c
[6.808s] [35m[1mConsolidate compiler generated dependencies of target lifecycle_msgs__rosidl_typesupport_introspection_c[0m
[6.986s] [ 74%] Built target lifecycle_msgs__rosidl_typesupport_introspection_c
[7.107s] [35m[1mConsolidate compiler generated dependencies of target lifecycle_msgs__rosidl_typesupport_fastrtps_c[0m
[7.273s] [ 83%] Built target lifecycle_msgs__rosidl_typesupport_fastrtps_c
[7.565s] [ 83%] Built target lifecycle_msgs
[7.880s] [ 84%] Built target lifecycle_msgs__py
[8.081s] [35m[1mConsolidate compiler generated dependencies of target lifecycle_msgs__rosidl_generator_py[0m
[8.645s] [ 92%] Built target lifecycle_msgs__rosidl_generator_py
[8.703s] [35m[1mConsolidate compiler generated dependencies of target lifecycle_msgs__rosidl_typesupport_microxrcedds_c__pyext[0m
[8.705s] [ 94%] Built target lifecycle_msgs__rosidl_typesupport_microxrcedds_c__pyext
[8.806s] [35m[1mConsolidate compiler generated dependencies of target lifecycle_msgs__rosidl_typesupport_c__pyext[0m
[8.955s] [ 96%] Built target lifecycle_msgs__rosidl_typesupport_c__pyext
[9.082s] [35m[1mConsolidate compiler generated dependencies of target lifecycle_msgs__rosidl_typesupport_introspection_c__pyext[0m
[9.248s] [ 98%] Built target lifecycle_msgs__rosidl_typesupport_introspection_c__pyext
[9.405s] [35m[1mConsolidate compiler generated dependencies of target lifecycle_msgs__rosidl_typesupport_fastrtps_c__pyext[0m
[9.561s] [100%] Built target lifecycle_msgs__rosidl_typesupport_fastrtps_c__pyext
[9.732s] Invoked command in '/home/ubuntu/microros_ws/build/lifecycle_msgs' returned '0': CMAKE_PREFIX_PATH=/home/ubuntu/microros_ws/install/micro_ros_demos_rclc:/home/ubuntu/microros_ws/install/common_interfaces:/home/ubuntu/microros_ws/install/visualization_msgs:/home/ubuntu/microros_ws/install/test_msgs:/home/ubuntu/microros_ws/install/example_interfaces:/home/ubuntu/microros_ws/install/action_msgs:/home/ubuntu/microros_ws/install/unique_identifier_msgs:/home/ubuntu/microros_ws/install/trajectory_msgs:/home/ubuntu/microros_ws/install/stereo_msgs:/home/ubuntu/microros_ws/install/sensor_msgs_py:/opt/ros/humble:/home/ubuntu/microros_ws/install/rplidar_ros:/home/ubuntu/microros_ws/install/astra_camera:/home/ubuntu/microros_ws/install/std_srvs:/home/ubuntu/microros_ws/install/shape_msgs:/home/ubuntu/microros_ws/install/astra_camera_msgs:/home/ubuntu/microros_ws/install/sensor_msgs:/home/ubuntu/microros_ws/install/nav_msgs:/home/ubuntu/microros_ws/install/diagnostic_msgs:/home/ubuntu/microros_ws/install/geometry_msgs:/home/ubuntu/microros_ws/install/actionlib_msgs:/home/ubuntu/microros_ws/install/std_msgs:/home/ubuntu/microros_ws/install/statistics_msgs:/home/ubuntu/microros_ws/install/rosidl_typesupport_microxrcedds_test_msg:/home/ubuntu/microros_ws/install/rosidl_typesupport_microxrcedds_cpp_tests:/home/ubuntu/microros_ws/install/rmw_microxrcedds:/home/ubuntu/microros_ws/install/rosidl_typesupport_microxrcedds_cpp:/home/ubuntu/microros_ws/install/rosidl_typesupport_microxrcedds_c_tests:/home/ubuntu/microros_ws/install/rosidl_typesupport_microxrcedds_c:/home/ubuntu/microros_ws/install/rosgraph_msgs:/home/ubuntu/microros_ws/install/rclc_parameter:/home/ubuntu/microros_ws/install/rclc:/home/ubuntu/microros_ws/install/composition_interfaces:/home/ubuntu/microros_ws/install/rcl_interfaces:/home/ubuntu/microros_ws/install/microxrcedds_client:/home/ubuntu/microros_ws/install/microcdr:/home/ubuntu/microros_ws/install/micro_ros_utilities:/home/ubuntu/microros_ws/install/micro_ros_setup:/home/ubuntu/microros_ws/install/micro_ros_agent:/home/ubuntu/microros_ws/install/micro_ros_msgs:/home/ubuntu/microros_ws/install/lifecycle_msgs:/home/ubuntu/microros_ws/install/complex_msgs:/home/ubuntu/microros_ws/install/builtin_interfaces /usr/bin/cmake --build /home/ubuntu/microros_ws/build/lifecycle_msgs -- -j4 -l4
[15.193s] Invoking command in '/home/ubuntu/microros_ws/build/lifecycle_msgs': CMAKE_PREFIX_PATH=/home/ubuntu/microros_ws/install/micro_ros_demos_rclc:/home/ubuntu/microros_ws/install/common_interfaces:/home/ubuntu/microros_ws/install/visualization_msgs:/home/ubuntu/microros_ws/install/test_msgs:/home/ubuntu/microros_ws/install/example_interfaces:/home/ubuntu/microros_ws/install/action_msgs:/home/ubuntu/microros_ws/install/unique_identifier_msgs:/home/ubuntu/microros_ws/install/trajectory_msgs:/home/ubuntu/microros_ws/install/stereo_msgs:/home/ubuntu/microros_ws/install/sensor_msgs_py:/opt/ros/humble:/home/ubuntu/microros_ws/install/rplidar_ros:/home/ubuntu/microros_ws/install/astra_camera:/home/ubuntu/microros_ws/install/std_srvs:/home/ubuntu/microros_ws/install/shape_msgs:/home/ubuntu/microros_ws/install/astra_camera_msgs:/home/ubuntu/microros_ws/install/sensor_msgs:/home/ubuntu/microros_ws/install/nav_msgs:/home/ubuntu/microros_ws/install/diagnostic_msgs:/home/ubuntu/microros_ws/install/geometry_msgs:/home/ubuntu/microros_ws/install/actionlib_msgs:/home/ubuntu/microros_ws/install/std_msgs:/home/ubuntu/microros_ws/install/statistics_msgs:/home/ubuntu/microros_ws/install/rosidl_typesupport_microxrcedds_test_msg:/home/ubuntu/microros_ws/install/rosidl_typesupport_microxrcedds_cpp_tests:/home/ubuntu/microros_ws/install/rmw_microxrcedds:/home/ubuntu/microros_ws/install/rosidl_typesupport_microxrcedds_cpp:/home/ubuntu/microros_ws/install/rosidl_typesupport_microxrcedds_c_tests:/home/ubuntu/microros_ws/install/rosidl_typesupport_microxrcedds_c:/home/ubuntu/microros_ws/install/rosgraph_msgs:/home/ubuntu/microros_ws/install/rclc_parameter:/home/ubuntu/microros_ws/install/rclc:/home/ubuntu/microros_ws/install/composition_interfaces:/home/ubuntu/microros_ws/install/rcl_interfaces:/home/ubuntu/microros_ws/install/microxrcedds_client:/home/ubuntu/microros_ws/install/microcdr:/home/ubuntu/microros_ws/install/micro_ros_utilities:/home/ubuntu/microros_ws/install/micro_ros_setup:/home/ubuntu/microros_ws/install/micro_ros_agent:/home/ubuntu/microros_ws/install/micro_ros_msgs:/home/ubuntu/microros_ws/install/lifecycle_msgs:/home/ubuntu/microros_ws/install/complex_msgs:/home/ubuntu/microros_ws/install/builtin_interfaces /usr/bin/cmake --install /home/ubuntu/microros_ws/build/lifecycle_msgs
[15.330s] -- Install configuration: "Release"
[15.333s] -- Execute custom install script
[15.335s] -- Up-to-date symlink: /home/ubuntu/microros_ws/install/lifecycle_msgs/share/ament_index/resource_index/rosidl_interfaces/lifecycle_msgs
[15.340s] -- Up-to-date symlink: /home/ubuntu/microros_ws/install/lifecycle_msgs/include/lifecycle_msgs/lifecycle_msgs/msg/detail/state__functions.h
[15.342s] -- Up-to-date symlink: /home/ubuntu/microros_ws/install/lifecycle_msgs/include/lifecycle_msgs/lifecycle_msgs/msg/detail/state__struct.h
[15.343s] -- Up-to-date symlink: /home/ubuntu/microros_ws/install/lifecycle_msgs/include/lifecycle_msgs/lifecycle_msgs/msg/detail/state__type_support.h
[15.344s] -- Up-to-date symlink: /home/ubuntu/microros_ws/install/lifecycle_msgs/include/lifecycle_msgs/lifecycle_msgs/msg/detail/transition__functions.h
[15.346s] -- Up-to-date symlink: /home/ubuntu/microros_ws/install/lifecycle_msgs/include/lifecycle_msgs/lifecycle_msgs/msg/detail/transition__struct.h
[15.347s] -- Up-to-date symlink: /home/ubuntu/microros_ws/install/lifecycle_msgs/include/lifecycle_msgs/lifecycle_msgs/msg/detail/transition__type_support.h
[15.348s] -- Up-to-date symlink: /home/ubuntu/microros_ws/install/lifecycle_msgs/include/lifecycle_msgs/lifecycle_msgs/msg/detail/transition_description__functions.h
[15.349s] -- Up-to-date symlink: /home/ubuntu/microros_ws/install/lifecycle_msgs/include/lifecycle_msgs/lifecycle_msgs/msg/detail/transition_description__struct.h
[15.351s] -- Up-to-date symlink: /home/ubuntu/microros_ws/install/lifecycle_msgs/include/lifecycle_msgs/lifecycle_msgs/msg/detail/transition_description__type_support.h
[15.353s] -- Up-to-date symlink: /home/ubuntu/microros_ws/install/lifecycle_msgs/include/lifecycle_msgs/lifecycle_msgs/msg/detail/transition_event__functions.h
[15.359s] -- Up-to-date symlink: /home/ubuntu/microros_ws/install/lifecycle_msgs/include/lifecycle_msgs/lifecycle_msgs/msg/detail/transition_event__struct.h
[15.366s] -- Up-to-date symlink: /home/ubuntu/microros_ws/install/lifecycle_msgs/include/lifecycle_msgs/lifecycle_msgs/msg/detail/transition_event__type_support.h
[15.368s] -- Up-to-date symlink: /home/ubuntu/microros_ws/install/lifecycle_msgs/include/lifecycle_msgs/lifecycle_msgs/msg/rosidl_generator_c__visibility_control.h
[15.373s] -- Up-to-date symlink: /home/ubuntu/microros_ws/install/lifecycle_msgs/include/lifecycle_msgs/lifecycle_msgs/msg/state.h
[15.374s] -- Up-to-date symlink: /home/ubuntu/microros_ws/install/lifecycle_msgs/include/lifecycle_msgs/lifecycle_msgs/msg/transition.h
[15.380s] -- Up-to-date symlink: /home/ubuntu/microros_ws/install/lifecycle_msgs/include/lifecycle_msgs/lifecycle_msgs/msg/transition_description.h
[15.382s] -- Up-to-date symlink: /home/ubuntu/microros_ws/install/lifecycle_msgs/include/lifecycle_msgs/lifecycle_msgs/msg/transition_event.h
[15.383s] -- Up-to-date symlink: /home/ubuntu/microros_ws/install/lifecycle_msgs/include/lifecycle_msgs/lifecycle_msgs/srv/change_state.h
[15.383s] -- Up-to-date symlink: /home/ubuntu/microros_ws/install/lifecycle_msgs/include/lifecycle_msgs/lifecycle_msgs/srv/detail/change_state__functions.h
[15.384s] -- Up-to-date symlink: /home/ubuntu/microros_ws/install/lifecycle_msgs/include/lifecycle_msgs/lifecycle_msgs/srv/detail/change_state__struct.h
[15.385s] -- Up-to-date symlink: /home/ubuntu/microros_ws/install/lifecycle_msgs/include/lifecycle_msgs/lifecycle_msgs/srv/detail/change_state__type_support.h
[15.386s] -- Up-to-date symlink: /home/ubuntu/microros_ws/install/lifecycle_msgs/include/lifecycle_msgs/lifecycle_msgs/srv/detail/get_available_states__functions.h
[15.386s] -- Up-to-date symlink: /home/ubuntu/microros_ws/install/lifecycle_msgs/include/lifecycle_msgs/lifecycle_msgs/srv/detail/get_available_states__struct.h
[15.390s] -- Up-to-date symlink: /home/ubuntu/microros_ws/install/lifecycle_msgs/include/lifecycle_msgs/lifecycle_msgs/srv/detail/get_available_states__type_support.h
[15.391s] -- Up-to-date symlink: /home/ubuntu/microros_ws/install/lifecycle_msgs/include/lifecycle_msgs/lifecycle_msgs/srv/detail/get_available_transitions__functions.h
[15.392s] -- Up-to-date symlink: /home/ubuntu/microros_ws/install/lifecycle_msgs/include/lifecycle_msgs/lifecycle_msgs/srv/detail/get_available_transitions__struct.h
[15.395s] -- Up-to-date symlink: /home/ubuntu/microros_ws/install/lifecycle_msgs/include/lifecycle_msgs/lifecycle_msgs/srv/detail/get_available_transitions__type_support.h
[15.401s] -- Up-to-date symlink: /home/ubuntu/microros_ws/install/lifecycle_msgs/include/lifecycle_msgs/lifecycle_msgs/srv/detail/get_state__functions.h
[15.401s] -- Up-to-date symlink: /home/ubuntu/microros_ws/install/lifecycle_msgs/include/lifecycle_msgs/lifecycle_msgs/srv/detail/get_state__struct.h
[15.402s] -- Up-to-date symlink: /home/ubuntu/microros_ws/install/lifecycle_msgs/include/lifecycle_msgs/lifecycle_msgs/srv/detail/get_state__type_support.h
[15.403s] -- Up-to-date symlink: /home/ubuntu/microros_ws/install/lifecycle_msgs/include/lifecycle_msgs/lifecycle_msgs/srv/get_available_states.h
[15.404s] -- Up-to-date symlink: /home/ubuntu/microros_ws/install/lifecycle_msgs/include/lifecycle_msgs/lifecycle_msgs/srv/get_available_transitions.h
[15.404s] -- Up-to-date symlink: /home/ubuntu/microros_ws/install/lifecycle_msgs/include/lifecycle_msgs/lifecycle_msgs/srv/get_state.h
[15.405s] -- Up-to-date symlink: /home/ubuntu/microros_ws/install/lifecycle_msgs/share/lifecycle_msgs/environment/library_path.sh
[15.406s] -- Up-to-date symlink: /home/ubuntu/microros_ws/install/lifecycle_msgs/share/lifecycle_msgs/environment/library_path.dsv
[15.422s] -- Up-to-date symlink: /home/ubuntu/microros_ws/install/lifecycle_msgs/include/lifecycle_msgs/msg/detail/state__rosidl_typesupport_microxrcedds_c.h
[15.423s] -- Up-to-date symlink: /home/ubuntu/microros_ws/install/lifecycle_msgs/include/lifecycle_msgs/msg/detail/transition__rosidl_typesupport_microxrcedds_c.h
[15.425s] -- Up-to-date symlink: /home/ubuntu/microros_ws/install/lifecycle_msgs/include/lifecycle_msgs/msg/detail/transition_description__rosidl_typesupport_microxrcedds_c.h
[15.426s] -- Up-to-date symlink: /home/ubuntu/microros_ws/install/lifecycle_msgs/include/lifecycle_msgs/msg/detail/transition_event__rosidl_typesupport_microxrcedds_c.h
[15.427s] -- Up-to-date symlink: /home/ubuntu/microros_ws/install/lifecycle_msgs/include/lifecycle_msgs/msg/rosidl_typesupport_microxrcedds_c__visibility_control.h
[15.428s] -- Up-to-date symlink: /home/ubuntu/microros_ws/install/lifecycle_msgs/include/lifecycle_msgs/srv/detail/change_state__rosidl_typesupport_microxrcedds_c.h
[15.430s] -- Up-to-date symlink: /home/ubuntu/microros_ws/install/lifecycle_msgs/include/lifecycle_msgs/srv/detail/get_available_states__rosidl_typesupport_microxrcedds_c.h
[15.432s] -- Up-to-date symlink: /home/ubuntu/microros_ws/install/lifecycle_msgs/include/lifecycle_msgs/srv/detail/get_available_transitions__rosidl_typesupport_microxrcedds_c.h
[15.435s] -- Up-to-date symlink: /home/ubuntu/microros_ws/install/lifecycle_msgs/include/lifecycle_msgs/srv/detail/get_state__rosidl_typesupport_microxrcedds_c.h
[15.437s] -- Up-to-date symlink: /home/ubuntu/microros_ws/install/lifecycle_msgs/lib/liblifecycle_msgs__rosidl_typesupport_microxrcedds_c.so
[15.444s] -- Up-to-date symlink: /home/ubuntu/microros_ws/install/lifecycle_msgs/include/lifecycle_msgs/lifecycle_msgs/msg/detail/state__rosidl_typesupport_fastrtps_c.h
[15.445s] -- Up-to-date symlink: /home/ubuntu/microros_ws/install/lifecycle_msgs/include/lifecycle_msgs/lifecycle_msgs/msg/detail/transition__rosidl_typesupport_fastrtps_c.h
[15.448s] -- Up-to-date symlink: /home/ubuntu/microros_ws/install/lifecycle_msgs/include/lifecycle_msgs/lifecycle_msgs/msg/detail/transition_description__rosidl_typesupport_fastrtps_c.h
[15.450s] -- Up-to-date symlink: /home/ubuntu/microros_ws/install/lifecycle_msgs/include/lifecycle_msgs/lifecycle_msgs/msg/detail/transition_event__rosidl_typesupport_fastrtps_c.h
[15.460s] -- Up-to-date symlink: /home/ubuntu/microros_ws/install/lifecycle_msgs/include/lifecycle_msgs/lifecycle_msgs/msg/rosidl_typesupport_fastrtps_c__visibility_control.h
[15.461s] -- Up-to-date symlink: /home/ubuntu/microros_ws/install/lifecycle_msgs/include/lifecycle_msgs/lifecycle_msgs/srv/detail/change_state__rosidl_typesupport_fastrtps_c.h
[15.462s] -- Up-to-date symlink: /home/ubuntu/microros_ws/install/lifecycle_msgs/include/lifecycle_msgs/lifecycle_msgs/srv/detail/get_available_states__rosidl_typesupport_fastrtps_c.h
[15.465s] -- Up-to-date symlink: /home/ubuntu/microros_ws/install/lifecycle_msgs/include/lifecycle_msgs/lifecycle_msgs/srv/detail/get_available_transitions__rosidl_typesupport_fastrtps_c.h
[15.466s] -- Up-to-date symlink: /home/ubuntu/microros_ws/install/lifecycle_msgs/include/lifecycle_msgs/lifecycle_msgs/srv/detail/get_state__rosidl_typesupport_fastrtps_c.h
[15.469s] -- Up-to-date symlink: /home/ubuntu/microros_ws/install/lifecycle_msgs/include/lifecycle_msgs/lifecycle_msgs/msg/detail/state__rosidl_typesupport_introspection_c.h
[15.470s] -- Up-to-date symlink: /home/ubuntu/microros_ws/install/lifecycle_msgs/include/lifecycle_msgs/lifecycle_msgs/msg/detail/transition__rosidl_typesupport_introspection_c.h
[15.474s] -- Up-to-date symlink: /home/ubuntu/microros_ws/install/lifecycle_msgs/include/lifecycle_msgs/lifecycle_msgs/msg/detail/transition_description__rosidl_typesupport_introspection_c.h
[15.475s] -- Up-to-date symlink: /home/ubuntu/microros_ws/install/lifecycle_msgs/include/lifecycle_msgs/lifecycle_msgs/msg/detail/transition_event__rosidl_typesupport_introspection_c.h
[15.477s] -- Up-to-date symlink: /home/ubuntu/microros_ws/install/lifecycle_msgs/include/lifecycle_msgs/lifecycle_msgs/msg/rosidl_typesupport_introspection_c__visibility_control.h
[15.478s] -- Up-to-date symlink: /home/ubuntu/microros_ws/install/lifecycle_msgs/include/lifecycle_msgs/lifecycle_msgs/srv/detail/change_state__rosidl_typesupport_introspection_c.h
[15.479s] -- Up-to-date symlink: /home/ubuntu/microros_ws/install/lifecycle_msgs/include/lifecycle_msgs/lifecycle_msgs/srv/detail/get_available_states__rosidl_typesupport_introspection_c.h
[15.480s] -- Up-to-date symlink: /home/ubuntu/microros_ws/install/lifecycle_msgs/include/lifecycle_msgs/lifecycle_msgs/srv/detail/get_available_transitions__rosidl_typesupport_introspection_c.h
[15.481s] -- Up-to-date symlink: /home/ubuntu/microros_ws/install/lifecycle_msgs/include/lifecycle_msgs/lifecycle_msgs/srv/detail/get_state__rosidl_typesupport_introspection_c.h
[15.489s] -- Up-to-date symlink: /home/ubuntu/microros_ws/install/lifecycle_msgs/include/lifecycle_msgs/lifecycle_msgs/msg/detail/state__builder.hpp
[15.502s] -- Up-to-date symlink: /home/ubuntu/microros_ws/install/lifecycle_msgs/include/lifecycle_msgs/lifecycle_msgs/msg/detail/state__struct.hpp
[15.503s] -- Up-to-date symlink: /home/ubuntu/microros_ws/install/lifecycle_msgs/include/lifecycle_msgs/lifecycle_msgs/msg/detail/state__traits.hpp
[15.504s] -- Up-to-date symlink: /home/ubuntu/microros_ws/install/lifecycle_msgs/include/lifecycle_msgs/lifecycle_msgs/msg/detail/transition__builder.hpp
[15.505s] -- Up-to-date symlink: /home/ubuntu/microros_ws/install/lifecycle_msgs/include/lifecycle_msgs/lifecycle_msgs/msg/detail/transition__struct.hpp
[15.506s] -- Up-to-date symlink: /home/ubuntu/microros_ws/install/lifecycle_msgs/include/lifecycle_msgs/lifecycle_msgs/msg/detail/transition__traits.hpp
[15.510s] -- Up-to-date symlink: /home/ubuntu/microros_ws/install/lifecycle_msgs/include/lifecycle_msgs/lifecycle_msgs/msg/detail/transition_description__builder.hpp
[15.511s] -- Up-to-date symlink: /home/ubuntu/microros_ws/install/lifecycle_msgs/include/lifecycle_msgs/lifecycle_msgs/msg/detail/transition_description__struct.hpp
[15.512s] -- Up-to-date symlink: /home/ubuntu/microros_ws/install/lifecycle_msgs/include/lifecycle_msgs/lifecycle_msgs/msg/detail/transition_description__traits.hpp
[15.519s] -- Up-to-date symlink: /home/ubuntu/microros_ws/install/lifecycle_msgs/include/lifecycle_msgs/lifecycle_msgs/msg/detail/transition_event__builder.hpp
[15.520s] -- Up-to-date symlink: /home/ubuntu/microros_ws/install/lifecycle_msgs/include/lifecycle_msgs/lifecycle_msgs/msg/detail/transition_event__struct.hpp
[15.521s] -- Up-to-date symlink: /home/ubuntu/microros_ws/install/lifecycle_msgs/include/lifecycle_msgs/lifecycle_msgs/msg/detail/transition_event__traits.hpp
[15.522s] -- Up-to-date symlink: /home/ubuntu/microros_ws/install/lifecycle_msgs/include/lifecycle_msgs/lifecycle_msgs/msg/state.hpp
[15.523s] -- Up-to-date symlink: /home/ubuntu/microros_ws/install/lifecycle_msgs/include/lifecycle_msgs/lifecycle_msgs/msg/transition.hpp
[15.524s] -- Up-to-date symlink: /home/ubuntu/microros_ws/install/lifecycle_msgs/include/lifecycle_msgs/lifecycle_msgs/msg/transition_description.hpp
[15.524s] -- Up-to-date symlink: /home/ubuntu/microros_ws/install/lifecycle_msgs/include/lifecycle_msgs/lifecycle_msgs/msg/transition_event.hpp
[15.525s] -- Up-to-date symlink: /home/ubuntu/microros_ws/install/lifecycle_msgs/include/lifecycle_msgs/lifecycle_msgs/srv/change_state.hpp
[15.525s] -- Up-to-date symlink: /home/ubuntu/microros_ws/install/lifecycle_msgs/include/lifecycle_msgs/lifecycle_msgs/srv/detail/change_state__builder.hpp
[15.535s] -- Up-to-date symlink: /home/ubuntu/microros_ws/install/lifecycle_msgs/include/lifecycle_msgs/lifecycle_msgs/srv/detail/change_state__struct.hpp
[15.536s] -- Up-to-date symlink: /home/ubuntu/microros_ws/install/lifecycle_msgs/include/lifecycle_msgs/lifecycle_msgs/srv/detail/change_state__traits.hpp
[15.537s] -- Up-to-date symlink: /home/ubuntu/microros_ws/install/lifecycle_msgs/include/lifecycle_msgs/lifecycle_msgs/srv/detail/get_available_states__builder.hpp
[15.537s] -- Up-to-date symlink: /home/ubuntu/microros_ws/install/lifecycle_msgs/include/lifecycle_msgs/lifecycle_msgs/srv/detail/get_available_states__struct.hpp
[15.538s] -- Up-to-date symlink: /home/ubuntu/microros_ws/install/lifecycle_msgs/include/lifecycle_msgs/lifecycle_msgs/srv/detail/get_available_states__traits.hpp
[15.538s] -- Up-to-date symlink: /home/ubuntu/microros_ws/install/lifecycle_msgs/include/lifecycle_msgs/lifecycle_msgs/srv/detail/get_available_transitions__builder.hpp
[15.550s] -- Up-to-date symlink: /home/ubuntu/microros_ws/install/lifecycle_msgs/include/lifecycle_msgs/lifecycle_msgs/srv/detail/get_available_transitions__struct.hpp
[15.552s] -- Up-to-date symlink: /home/ubuntu/microros_ws/install/lifecycle_msgs/include/lifecycle_msgs/lifecycle_msgs/srv/detail/get_available_transitions__traits.hpp
[15.554s] -- Up-to-date symlink: /home/ubuntu/microros_ws/install/lifecycle_msgs/include/lifecycle_msgs/lifecycle_msgs/srv/detail/get_state__builder.hpp
[15.557s] -- Up-to-date symlink: /home/ubuntu/microros_ws/install/lifecycle_msgs/include/lifecycle_msgs/lifecycle_msgs/srv/detail/get_state__struct.hpp
[15.560s] -- Up-to-date symlink: /home/ubuntu/microros_ws/install/lifecycle_msgs/include/lifecycle_msgs/lifecycle_msgs/srv/detail/get_state__traits.hpp
[15.564s] -- Up-to-date symlink: /home/ubuntu/microros_ws/install/lifecycle_msgs/include/lifecycle_msgs/lifecycle_msgs/srv/get_available_states.hpp
[15.567s] -- Up-to-date symlink: /home/ubuntu/microros_ws/install/lifecycle_msgs/include/lifecycle_msgs/lifecycle_msgs/srv/get_available_transitions.hpp
[15.569s] -- Up-to-date symlink: /home/ubuntu/microros_ws/install/lifecycle_msgs/include/lifecycle_msgs/lifecycle_msgs/srv/get_state.hpp
[15.577s] -- Up-to-date symlink: /home/ubuntu/microros_ws/install/lifecycle_msgs/include/lifecycle_msgs/msg/detail/microxrcedds/state__type_support_cpp.cpp
[15.580s] -- Up-to-date symlink: /home/ubuntu/microros_ws/install/lifecycle_msgs/include/lifecycle_msgs/msg/detail/microxrcedds/transition__type_support_cpp.cpp
[15.582s] -- Up-to-date symlink: /home/ubuntu/microros_ws/install/lifecycle_msgs/include/lifecycle_msgs/msg/detail/microxrcedds/transition_description__type_support_cpp.cpp
[15.584s] -- Up-to-date symlink: /home/ubuntu/microros_ws/install/lifecycle_msgs/include/lifecycle_msgs/msg/detail/microxrcedds/transition_event__type_support_cpp.cpp
[15.588s] -- Up-to-date symlink: /home/ubuntu/microros_ws/install/lifecycle_msgs/include/lifecycle_msgs/msg/detail/state__rosidl_typesupport_microxrcedds_cpp.hpp
[15.590s] -- Up-to-date symlink: /home/ubuntu/microros_ws/install/lifecycle_msgs/include/lifecycle_msgs/msg/detail/transition__rosidl_typesupport_microxrcedds_cpp.hpp
[15.592s] -- Up-to-date symlink: /home/ubuntu/microros_ws/install/lifecycle_msgs/include/lifecycle_msgs/msg/detail/transition_description__rosidl_typesupport_microxrcedds_cpp.hpp
[15.592s] -- Up-to-date symlink: /home/ubuntu/microros_ws/install/lifecycle_msgs/include/lifecycle_msgs/msg/detail/transition_event__rosidl_typesupport_microxrcedds_cpp.hpp
[15.593s] -- Up-to-date symlink: /home/ubuntu/microros_ws/install/lifecycle_msgs/include/lifecycle_msgs/msg/rosidl_typesupport_microxrcedds_cpp__visibility_control.h
[15.594s] -- Up-to-date symlink: /home/ubuntu/microros_ws/install/lifecycle_msgs/include/lifecycle_msgs/srv/detail/change_state__rosidl_typesupport_microxrcedds_cpp.hpp
[15.595s] -- Up-to-date symlink: /home/ubuntu/microros_ws/install/lifecycle_msgs/include/lifecycle_msgs/srv/detail/get_available_states__rosidl_typesupport_microxrcedds_cpp.hpp
[15.596s] -- Up-to-date symlink: /home/ubuntu/microros_ws/install/lifecycle_msgs/include/lifecycle_msgs/srv/detail/get_available_transitions__rosidl_typesupport_microxrcedds_cpp.hpp
[15.597s] -- Up-to-date symlink: /home/ubuntu/microros_ws/install/lifecycle_msgs/include/lifecycle_msgs/srv/detail/get_state__rosidl_typesupport_microxrcedds_cpp.hpp
[15.598s] -- Up-to-date symlink: /home/ubuntu/microros_ws/install/lifecycle_msgs/include/lifecycle_msgs/srv/detail/microxrcedds/change_state__type_support_cpp.cpp
[15.620s] -- Up-to-date symlink: /home/ubuntu/microros_ws/install/lifecycle_msgs/include/lifecycle_msgs/srv/detail/microxrcedds/get_available_states__type_support_cpp.cpp
[15.622s] -- Up-to-date symlink: /home/ubuntu/microros_ws/install/lifecycle_msgs/include/lifecycle_msgs/srv/detail/microxrcedds/get_available_transitions__type_support_cpp.cpp
[15.624s] -- Up-to-date symlink: /home/ubuntu/microros_ws/install/lifecycle_msgs/include/lifecycle_msgs/srv/detail/microxrcedds/get_state__type_support_cpp.cpp
[15.626s] -- Up-to-date symlink: /home/ubuntu/microros_ws/install/lifecycle_msgs/lib/liblifecycle_msgs__rosidl_typesupport_microxrcedds_cpp.so
[15.635s] -- Up-to-date symlink: /home/ubuntu/microros_ws/install/lifecycle_msgs/include/lifecycle_msgs/lifecycle_msgs/msg/detail/state__rosidl_typesupport_fastrtps_cpp.hpp
[15.636s] -- Up-to-date symlink: /home/ubuntu/microros_ws/install/lifecycle_msgs/include/lifecycle_msgs/lifecycle_msgs/msg/detail/transition__rosidl_typesupport_fastrtps_cpp.hpp
[15.640s] -- Up-to-date symlink: /home/ubuntu/microros_ws/install/lifecycle_msgs/include/lifecycle_msgs/lifecycle_msgs/msg/detail/transition_description__rosidl_typesupport_fastrtps_cpp.hpp
[15.642s] -- Up-to-date symlink: /home/ubuntu/microros_ws/install/lifecycle_msgs/include/lifecycle_msgs/lifecycle_msgs/msg/detail/transition_event__rosidl_typesupport_fastrtps_cpp.hpp
[15.645s] -- Up-to-date symlink: /home/ubuntu/microros_ws/install/lifecycle_msgs/include/lifecycle_msgs/lifecycle_msgs/msg/rosidl_typesupport_fastrtps_cpp__visibility_control.h
[15.647s] -- Up-to-date symlink: /home/ubuntu/microros_ws/install/lifecycle_msgs/include/lifecycle_msgs/lifecycle_msgs/srv/detail/change_state__rosidl_typesupport_fastrtps_cpp.hpp
[15.649s] -- Up-to-date symlink: /home/ubuntu/microros_ws/install/lifecycle_msgs/include/lifecycle_msgs/lifecycle_msgs/srv/detail/get_available_states__rosidl_typesupport_fastrtps_cpp.hpp
[15.653s] -- Up-to-date symlink: /home/ubuntu/microros_ws/install/lifecycle_msgs/include/lifecycle_msgs/lifecycle_msgs/srv/detail/get_available_transitions__rosidl_typesupport_fastrtps_cpp.hpp
[15.654s] -- Up-to-date symlink: /home/ubuntu/microros_ws/install/lifecycle_msgs/include/lifecycle_msgs/lifecycle_msgs/srv/detail/get_state__rosidl_typesupport_fastrtps_cpp.hpp
[15.659s] -- Up-to-date symlink: /home/ubuntu/microros_ws/install/lifecycle_msgs/include/lifecycle_msgs/lifecycle_msgs/msg/detail/state__rosidl_typesupport_introspection_cpp.hpp
[15.661s] -- Up-to-date symlink: /home/ubuntu/microros_ws/install/lifecycle_msgs/include/lifecycle_msgs/lifecycle_msgs/msg/detail/transition__rosidl_typesupport_introspection_cpp.hpp
[15.662s] -- Up-to-date symlink: /home/ubuntu/microros_ws/install/lifecycle_msgs/include/lifecycle_msgs/lifecycle_msgs/msg/detail/transition_description__rosidl_typesupport_introspection_cpp.hpp
[15.668s] -- Up-to-date symlink: /home/ubuntu/microros_ws/install/lifecycle_msgs/include/lifecycle_msgs/lifecycle_msgs/msg/detail/transition_event__rosidl_typesupport_introspection_cpp.hpp
[15.671s] -- Up-to-date symlink: /home/ubuntu/microros_ws/install/lifecycle_msgs/include/lifecycle_msgs/lifecycle_msgs/srv/detail/change_state__rosidl_typesupport_introspection_cpp.hpp
[15.676s] -- Up-to-date symlink: /home/ubuntu/microros_ws/install/lifecycle_msgs/include/lifecycle_msgs/lifecycle_msgs/srv/detail/get_available_states__rosidl_typesupport_introspection_cpp.hpp
[15.678s] -- Up-to-date symlink: /home/ubuntu/microros_ws/install/lifecycle_msgs/include/lifecycle_msgs/lifecycle_msgs/srv/detail/get_available_transitions__rosidl_typesupport_introspection_cpp.hpp
[15.680s] -- Up-to-date symlink: /home/ubuntu/microros_ws/install/lifecycle_msgs/include/lifecycle_msgs/lifecycle_msgs/srv/detail/get_state__rosidl_typesupport_introspection_cpp.hpp
[15.682s] -- Up-to-date symlink: /home/ubuntu/microros_ws/install/lifecycle_msgs/share/lifecycle_msgs/environment/pythonpath.sh
[15.683s] -- Up-to-date symlink: /home/ubuntu/microros_ws/install/lifecycle_msgs/share/lifecycle_msgs/environment/pythonpath.dsv
[15.686s] -- Up-to-date symlink: /home/ubuntu/microros_ws/install/lifecycle_msgs/local/lib/python3.10/dist-packages/lifecycle_msgs-1.2.1-py3.10.egg-info/PKG-INFO
[15.688s] -- Up-to-date symlink: /home/ubuntu/microros_ws/install/lifecycle_msgs/local/lib/python3.10/dist-packages/lifecycle_msgs-1.2.1-py3.10.egg-info/SOURCES.txt
[15.690s] -- Up-to-date symlink: /home/ubuntu/microros_ws/install/lifecycle_msgs/local/lib/python3.10/dist-packages/lifecycle_msgs-1.2.1-py3.10.egg-info/dependency_links.txt
[15.694s] -- Up-to-date symlink: /home/ubuntu/microros_ws/install/lifecycle_msgs/local/lib/python3.10/dist-packages/lifecycle_msgs-1.2.1-py3.10.egg-info/top_level.txt
[15.703s] -- Up-to-date symlink: /home/ubuntu/microros_ws/install/lifecycle_msgs/local/lib/python3.10/dist-packages/lifecycle_msgs/__init__.py
[15.705s] -- Up-to-date symlink: /home/ubuntu/microros_ws/install/lifecycle_msgs/local/lib/python3.10/dist-packages/lifecycle_msgs/_lifecycle_msgs_s.ep.rosidl_typesupport_c.c
[15.707s] -- Up-to-date symlink: /home/ubuntu/microros_ws/install/lifecycle_msgs/local/lib/python3.10/dist-packages/lifecycle_msgs/_lifecycle_msgs_s.ep.rosidl_typesupport_fastrtps_c.c
[15.709s] -- Up-to-date symlink: /home/ubuntu/microros_ws/install/lifecycle_msgs/local/lib/python3.10/dist-packages/lifecycle_msgs/_lifecycle_msgs_s.ep.rosidl_typesupport_introspection_c.c
[15.711s] -- Up-to-date symlink: /home/ubuntu/microros_ws/install/lifecycle_msgs/local/lib/python3.10/dist-packages/lifecycle_msgs/_lifecycle_msgs_s.ep.rosidl_typesupport_microxrcedds_c.c
[15.712s] -- Up-to-date symlink: /home/ubuntu/microros_ws/install/lifecycle_msgs/local/lib/python3.10/dist-packages/lifecycle_msgs/liblifecycle_msgs__rosidl_generator_py.so
[15.714s] -- Up-to-date symlink: /home/ubuntu/microros_ws/install/lifecycle_msgs/local/lib/python3.10/dist-packages/lifecycle_msgs/lifecycle_msgs_s__rosidl_typesupport_c.cpython-310-aarch64-linux-gnu.so
[15.716s] -- Up-to-date symlink: /home/ubuntu/microros_ws/install/lifecycle_msgs/local/lib/python3.10/dist-packages/lifecycle_msgs/lifecycle_msgs_s__rosidl_typesupport_fastrtps_c.cpython-310-aarch64-linux-gnu.so
[15.718s] -- Up-to-date symlink: /home/ubuntu/microros_ws/install/lifecycle_msgs/local/lib/python3.10/dist-packages/lifecycle_msgs/lifecycle_msgs_s__rosidl_typesupport_introspection_c.cpython-310-aarch64-linux-gnu.so
[15.720s] -- Up-to-date symlink: /home/ubuntu/microros_ws/install/lifecycle_msgs/local/lib/python3.10/dist-packages/lifecycle_msgs/lifecycle_msgs_s__rosidl_typesupport_microxrcedds_c.cpython-310-aarch64-linux-gnu.so
[15.722s] -- Up-to-date symlink: /home/ubuntu/microros_ws/install/lifecycle_msgs/local/lib/python3.10/dist-packages/lifecycle_msgs/msg/__init__.py
[15.726s] -- Up-to-date symlink: /home/ubuntu/microros_ws/install/lifecycle_msgs/local/lib/python3.10/dist-packages/lifecycle_msgs/msg/_state.py
[15.728s] -- Up-to-date symlink: /home/ubuntu/microros_ws/install/lifecycle_msgs/local/lib/python3.10/dist-packages/lifecycle_msgs/msg/_state_s.c
[15.730s] -- Up-to-date symlink: /home/ubuntu/microros_ws/install/lifecycle_msgs/local/lib/python3.10/dist-packages/lifecycle_msgs/msg/_transition.py
[15.732s] -- Up-to-date symlink: /home/ubuntu/microros_ws/install/lifecycle_msgs/local/lib/python3.10/dist-packages/lifecycle_msgs/msg/_transition_description.py
[15.733s] -- Up-to-date symlink: /home/ubuntu/microros_ws/install/lifecycle_msgs/local/lib/python3.10/dist-packages/lifecycle_msgs/msg/_transition_description_s.c
[15.735s] -- Up-to-date symlink: /home/ubuntu/microros_ws/install/lifecycle_msgs/local/lib/python3.10/dist-packages/lifecycle_msgs/msg/_transition_event.py
[15.736s] -- Up-to-date symlink: /home/ubuntu/microros_ws/install/lifecycle_msgs/local/lib/python3.10/dist-packages/lifecycle_msgs/msg/_transition_event_s.c
[15.739s] -- Up-to-date symlink: /home/ubuntu/microros_ws/install/lifecycle_msgs/local/lib/python3.10/dist-packages/lifecycle_msgs/msg/_transition_s.c
[15.741s] -- Up-to-date symlink: /home/ubuntu/microros_ws/install/lifecycle_msgs/local/lib/python3.10/dist-packages/lifecycle_msgs/srv/__init__.py
[15.743s] -- Up-to-date symlink: /home/ubuntu/microros_ws/install/lifecycle_msgs/local/lib/python3.10/dist-packages/lifecycle_msgs/srv/_change_state.py
[15.744s] -- Up-to-date symlink: /home/ubuntu/microros_ws/install/lifecycle_msgs/local/lib/python3.10/dist-packages/lifecycle_msgs/srv/_change_state_s.c
[15.746s] -- Up-to-date symlink: /home/ubuntu/microros_ws/install/lifecycle_msgs/local/lib/python3.10/dist-packages/lifecycle_msgs/srv/_get_available_states.py
[15.748s] -- Up-to-date symlink: /home/ubuntu/microros_ws/install/lifecycle_msgs/local/lib/python3.10/dist-packages/lifecycle_msgs/srv/_get_available_states_s.c
[15.752s] -- Up-to-date symlink: /home/ubuntu/microros_ws/install/lifecycle_msgs/local/lib/python3.10/dist-packages/lifecycle_msgs/srv/_get_available_transitions.py
[15.753s] -- Up-to-date symlink: /home/ubuntu/microros_ws/install/lifecycle_msgs/local/lib/python3.10/dist-packages/lifecycle_msgs/srv/_get_available_transitions_s.c
[15.755s] -- Up-to-date symlink: /home/ubuntu/microros_ws/install/lifecycle_msgs/local/lib/python3.10/dist-packages/lifecycle_msgs/srv/_get_state.py
[15.757s] -- Up-to-date symlink: /home/ubuntu/microros_ws/install/lifecycle_msgs/local/lib/python3.10/dist-packages/lifecycle_msgs/srv/_get_state_s.c
[15.760s] -- Up-to-date symlink: /home/ubuntu/microros_ws/install/lifecycle_msgs/local/lib/python3.10/dist-packages/lifecycle_msgs/lifecycle_msgs_s__rosidl_typesupport_microxrcedds_c.cpython-310-aarch64-linux-gnu.so
[15.762s] -- Up-to-date symlink: /home/ubuntu/microros_ws/install/lifecycle_msgs/local/lib/python3.10/dist-packages/lifecycle_msgs/lifecycle_msgs_s__rosidl_typesupport_fastrtps_c.cpython-310-aarch64-linux-gnu.so
[15.764s] -- Up-to-date symlink: /home/ubuntu/microros_ws/install/lifecycle_msgs/local/lib/python3.10/dist-packages/lifecycle_msgs/lifecycle_msgs_s__rosidl_typesupport_introspection_c.cpython-310-aarch64-linux-gnu.so
[15.767s] -- Up-to-date symlink: /home/ubuntu/microros_ws/install/lifecycle_msgs/local/lib/python3.10/dist-packages/lifecycle_msgs/lifecycle_msgs_s__rosidl_typesupport_c.cpython-310-aarch64-linux-gnu.so
[15.768s] -- Up-to-date symlink: /home/ubuntu/microros_ws/install/lifecycle_msgs/share/lifecycle_msgs/msg/State.idl
[15.772s] -- Up-to-date symlink: /home/ubuntu/microros_ws/install/lifecycle_msgs/share/lifecycle_msgs/msg/Transition.idl
[15.775s] -- Up-to-date symlink: /home/ubuntu/microros_ws/install/lifecycle_msgs/share/lifecycle_msgs/msg/TransitionDescription.idl
[15.777s] -- Up-to-date symlink: /home/ubuntu/microros_ws/install/lifecycle_msgs/share/lifecycle_msgs/msg/TransitionEvent.idl
[15.779s] -- Up-to-date symlink: /home/ubuntu/microros_ws/install/lifecycle_msgs/share/lifecycle_msgs/srv/ChangeState.idl
[15.782s] -- Up-to-date symlink: /home/ubuntu/microros_ws/install/lifecycle_msgs/share/lifecycle_msgs/srv/GetAvailableStates.idl
[15.784s] -- Up-to-date symlink: /home/ubuntu/microros_ws/install/lifecycle_msgs/share/lifecycle_msgs/srv/GetAvailableTransitions.idl
[15.786s] -- Up-to-date symlink: /home/ubuntu/microros_ws/install/lifecycle_msgs/share/lifecycle_msgs/srv/GetState.idl
[15.790s] -- Up-to-date symlink: /home/ubuntu/microros_ws/install/lifecycle_msgs/share/lifecycle_msgs/msg/State.msg
[15.792s] -- Up-to-date symlink: /home/ubuntu/microros_ws/install/lifecycle_msgs/share/lifecycle_msgs/msg/Transition.msg
[15.794s] -- Up-to-date symlink: /home/ubuntu/microros_ws/install/lifecycle_msgs/share/lifecycle_msgs/msg/TransitionDescription.msg
[15.797s] -- Up-to-date symlink: /home/ubuntu/microros_ws/install/lifecycle_msgs/share/lifecycle_msgs/msg/TransitionEvent.msg
[15.799s] -- Up-to-date symlink: /home/ubuntu/microros_ws/install/lifecycle_msgs/share/lifecycle_msgs/srv/ChangeState.srv
[15.800s] -- Up-to-date symlink: /home/ubuntu/microros_ws/install/lifecycle_msgs/share/lifecycle_msgs/srv/ChangeState_Request.msg
[15.804s] -- Up-to-date symlink: /home/ubuntu/microros_ws/install/lifecycle_msgs/share/lifecycle_msgs/srv/ChangeState_Response.msg
[15.808s] -- Up-to-date symlink: /home/ubuntu/microros_ws/install/lifecycle_msgs/share/lifecycle_msgs/srv/GetAvailableStates.srv
[15.814s] -- Up-to-date symlink: /home/ubuntu/microros_ws/install/lifecycle_msgs/share/lifecycle_msgs/srv/GetAvailableStates_Request.msg
[15.824s] -- Up-to-date symlink: /home/ubuntu/microros_ws/install/lifecycle_msgs/share/lifecycle_msgs/srv/GetAvailableStates_Response.msg
[15.824s] -- Up-to-date symlink: /home/ubuntu/microros_ws/install/lifecycle_msgs/share/lifecycle_msgs/srv/GetAvailableTransitions.srv
[15.825s] -- Up-to-date symlink: /home/ubuntu/microros_ws/install/lifecycle_msgs/share/lifecycle_msgs/srv/GetAvailableTransitions_Request.msg
[15.828s] -- Up-to-date symlink: /home/ubuntu/microros_ws/install/lifecycle_msgs/share/lifecycle_msgs/srv/GetAvailableTransitions_Response.msg
[15.830s] -- Up-to-date symlink: /home/ubuntu/microros_ws/install/lifecycle_msgs/share/lifecycle_msgs/srv/GetState.srv
[15.837s] -- Up-to-date symlink: /home/ubuntu/microros_ws/install/lifecycle_msgs/share/lifecycle_msgs/srv/GetState_Request.msg
[15.838s] -- Up-to-date symlink: /home/ubuntu/microros_ws/install/lifecycle_msgs/share/lifecycle_msgs/srv/GetState_Response.msg
[15.841s] -- Up-to-date symlink: /home/ubuntu/microros_ws/install/lifecycle_msgs/share/ament_index/resource_index/package_run_dependencies/lifecycle_msgs
[15.843s] -- Up-to-date symlink: /home/ubuntu/microros_ws/install/lifecycle_msgs/share/ament_index/resource_index/parent_prefix_path/lifecycle_msgs
[15.846s] -- Up-to-date symlink: /home/ubuntu/microros_ws/install/lifecycle_msgs/share/lifecycle_msgs/environment/ament_prefix_path.sh
[15.848s] -- Up-to-date symlink: /home/ubuntu/microros_ws/install/lifecycle_msgs/share/lifecycle_msgs/environment/ament_prefix_path.dsv
[15.849s] -- Up-to-date symlink: /home/ubuntu/microros_ws/install/lifecycle_msgs/share/lifecycle_msgs/environment/path.sh
[15.864s] -- Up-to-date symlink: /home/ubuntu/microros_ws/install/lifecycle_msgs/share/lifecycle_msgs/environment/path.dsv
[15.865s] -- Up-to-date symlink: /home/ubuntu/microros_ws/install/lifecycle_msgs/share/lifecycle_msgs/local_setup.bash
[15.866s] -- Up-to-date symlink: /home/ubuntu/microros_ws/install/lifecycle_msgs/share/lifecycle_msgs/local_setup.sh
[15.868s] -- Up-to-date symlink: /home/ubuntu/microros_ws/install/lifecycle_msgs/share/lifecycle_msgs/local_setup.zsh
[15.869s] -- Up-to-date symlink: /home/ubuntu/microros_ws/install/lifecycle_msgs/share/lifecycle_msgs/local_setup.dsv
[15.870s] -- Symlinking: /home/ubuntu/microros_ws/install/lifecycle_msgs/share/lifecycle_msgs/package.dsv
[15.993s] -- Up-to-date symlink: /home/ubuntu/microros_ws/install/lifecycle_msgs/share/ament_index/resource_index/packages/lifecycle_msgs
[16.003s] -- Up-to-date symlink: /home/ubuntu/microros_ws/install/lifecycle_msgs/share/lifecycle_msgs/cmake/rosidl_cmake-extras.cmake
[16.005s] -- Up-to-date symlink: /home/ubuntu/microros_ws/install/lifecycle_msgs/share/lifecycle_msgs/cmake/ament_cmake_export_include_directories-extras.cmake
[16.011s] -- Up-to-date symlink: /home/ubuntu/microros_ws/install/lifecycle_msgs/share/lifecycle_msgs/cmake/ament_cmake_export_libraries-extras.cmake
[16.028s] -- Up-to-date symlink: /home/ubuntu/microros_ws/install/lifecycle_msgs/share/lifecycle_msgs/cmake/ament_cmake_export_targets-extras.cmake
[16.028s] -- Up-to-date symlink: /home/ubuntu/microros_ws/install/lifecycle_msgs/share/lifecycle_msgs/cmake/rosidl_cmake_export_typesupport_targets-extras.cmake
[16.029s] -- Up-to-date symlink: /home/ubuntu/microros_ws/install/lifecycle_msgs/share/lifecycle_msgs/cmake/ament_cmake_export_dependencies-extras.cmake
[16.029s] -- Up-to-date symlink: /home/ubuntu/microros_ws/install/lifecycle_msgs/share/lifecycle_msgs/cmake/rosidl_cmake_export_typesupport_libraries-extras.cmake
[16.030s] -- Up-to-date symlink: /home/ubuntu/microros_ws/install/lifecycle_msgs/share/lifecycle_msgs/cmake/lifecycle_msgsConfig.cmake
[16.031s] -- Up-to-date symlink: /home/ubuntu/microros_ws/install/lifecycle_msgs/share/lifecycle_msgs/cmake/lifecycle_msgsConfig-version.cmake
[16.031s] -- Up-to-date symlink: /home/ubuntu/microros_ws/install/lifecycle_msgs/share/lifecycle_msgs/package.xml
[16.032s] -- Up-to-date: /home/ubuntu/microros_ws/install/lifecycle_msgs/lib/liblifecycle_msgs__rosidl_generator_c.so
[16.037s] -- Up-to-date: /home/ubuntu/microros_ws/install/lifecycle_msgs/lib/liblifecycle_msgs__rosidl_typesupport_fastrtps_c.so
[16.047s] -- Up-to-date: /home/ubuntu/microros_ws/install/lifecycle_msgs/lib/liblifecycle_msgs__rosidl_typesupport_introspection_c.so
[16.053s] -- Up-to-date: /home/ubuntu/microros_ws/install/lifecycle_msgs/lib/liblifecycle_msgs__rosidl_typesupport_c.so
[16.071s] -- Up-to-date: /home/ubuntu/microros_ws/install/lifecycle_msgs/lib/liblifecycle_msgs__rosidl_typesupport_fastrtps_cpp.so
[16.072s] -- Up-to-date: /home/ubuntu/microros_ws/install/lifecycle_msgs/lib/liblifecycle_msgs__rosidl_typesupport_introspection_cpp.so
[16.073s] -- Up-to-date: /home/ubuntu/microros_ws/install/lifecycle_msgs/lib/liblifecycle_msgs__rosidl_typesupport_cpp.so
[16.450s] Listing '/home/ubuntu/microros_ws/install/lifecycle_msgs/local/lib/python3.10/dist-packages/lifecycle_msgs'...
[16.453s] Listing '/home/ubuntu/microros_ws/install/lifecycle_msgs/local/lib/python3.10/dist-packages/lifecycle_msgs/msg'...
[16.454s] Listing '/home/ubuntu/microros_ws/install/lifecycle_msgs/local/lib/python3.10/dist-packages/lifecycle_msgs/srv'...
[16.482s] -- Up-to-date: /home/ubuntu/microros_ws/install/lifecycle_msgs/lib/liblifecycle_msgs__rosidl_generator_py.so
[16.485s] -- Up-to-date: /home/ubuntu/microros_ws/install/lifecycle_msgs/share/lifecycle_msgs/cmake/export_lifecycle_msgs__rosidl_generator_cExport.cmake
[16.486s] -- Up-to-date: /home/ubuntu/microros_ws/install/lifecycle_msgs/share/lifecycle_msgs/cmake/export_lifecycle_msgs__rosidl_generator_cExport-release.cmake
[16.487s] -- Up-to-date: /home/ubuntu/microros_ws/install/lifecycle_msgs/share/lifecycle_msgs/cmake/export_lifecycle_msgs__rosidl_typesupport_fastrtps_cExport.cmake
[16.488s] -- Up-to-date: /home/ubuntu/microros_ws/install/lifecycle_msgs/share/lifecycle_msgs/cmake/export_lifecycle_msgs__rosidl_typesupport_fastrtps_cExport-release.cmake
[16.496s] -- Up-to-date: /home/ubuntu/microros_ws/install/lifecycle_msgs/share/lifecycle_msgs/cmake/lifecycle_msgs__rosidl_typesupport_introspection_cExport.cmake
[16.497s] -- Up-to-date: /home/ubuntu/microros_ws/install/lifecycle_msgs/share/lifecycle_msgs/cmake/lifecycle_msgs__rosidl_typesupport_introspection_cExport-release.cmake
[16.498s] -- Up-to-date: /home/ubuntu/microros_ws/install/lifecycle_msgs/share/lifecycle_msgs/cmake/lifecycle_msgs__rosidl_typesupport_cExport.cmake
[16.499s] -- Up-to-date: /home/ubuntu/microros_ws/install/lifecycle_msgs/share/lifecycle_msgs/cmake/lifecycle_msgs__rosidl_typesupport_cExport-release.cmake
[16.500s] -- Up-to-date: /home/ubuntu/microros_ws/install/lifecycle_msgs/share/lifecycle_msgs/cmake/export_lifecycle_msgs__rosidl_generator_cppExport.cmake
[16.502s] -- Up-to-date: /home/ubuntu/microros_ws/install/lifecycle_msgs/share/lifecycle_msgs/cmake/export_lifecycle_msgs__rosidl_typesupport_fastrtps_cppExport.cmake
[16.503s] -- Up-to-date: /home/ubuntu/microros_ws/install/lifecycle_msgs/share/lifecycle_msgs/cmake/export_lifecycle_msgs__rosidl_typesupport_fastrtps_cppExport-release.cmake
[16.504s] -- Up-to-date: /home/ubuntu/microros_ws/install/lifecycle_msgs/share/lifecycle_msgs/cmake/lifecycle_msgs__rosidl_typesupport_introspection_cppExport.cmake
[16.506s] -- Up-to-date: /home/ubuntu/microros_ws/install/lifecycle_msgs/share/lifecycle_msgs/cmake/lifecycle_msgs__rosidl_typesupport_introspection_cppExport-release.cmake
[16.516s] -- Up-to-date: /home/ubuntu/microros_ws/install/lifecycle_msgs/share/lifecycle_msgs/cmake/lifecycle_msgs__rosidl_typesupport_cppExport.cmake
[16.517s] -- Up-to-date: /home/ubuntu/microros_ws/install/lifecycle_msgs/share/lifecycle_msgs/cmake/lifecycle_msgs__rosidl_typesupport_cppExport-release.cmake
[16.518s] -- Up-to-date: /home/ubuntu/microros_ws/install/lifecycle_msgs/share/lifecycle_msgs/cmake/export_lifecycle_msgs__rosidl_generator_pyExport.cmake
[16.519s] -- Up-to-date: /home/ubuntu/microros_ws/install/lifecycle_msgs/share/lifecycle_msgs/cmake/export_lifecycle_msgs__rosidl_generator_pyExport-release.cmake
[16.540s] Invoked command in '/home/ubuntu/microros_ws/build/lifecycle_msgs' returned '0': CMAKE_PREFIX_PATH=/home/ubuntu/microros_ws/install/micro_ros_demos_rclc:/home/ubuntu/microros_ws/install/common_interfaces:/home/ubuntu/microros_ws/install/visualization_msgs:/home/ubuntu/microros_ws/install/test_msgs:/home/ubuntu/microros_ws/install/example_interfaces:/home/ubuntu/microros_ws/install/action_msgs:/home/ubuntu/microros_ws/install/unique_identifier_msgs:/home/ubuntu/microros_ws/install/trajectory_msgs:/home/ubuntu/microros_ws/install/stereo_msgs:/home/ubuntu/microros_ws/install/sensor_msgs_py:/opt/ros/humble:/home/ubuntu/microros_ws/install/rplidar_ros:/home/ubuntu/microros_ws/install/astra_camera:/home/ubuntu/microros_ws/install/std_srvs:/home/ubuntu/microros_ws/install/shape_msgs:/home/ubuntu/microros_ws/install/astra_camera_msgs:/home/ubuntu/microros_ws/install/sensor_msgs:/home/ubuntu/microros_ws/install/nav_msgs:/home/ubuntu/microros_ws/install/diagnostic_msgs:/home/ubuntu/microros_ws/install/geometry_msgs:/home/ubuntu/microros_ws/install/actionlib_msgs:/home/ubuntu/microros_ws/install/std_msgs:/home/ubuntu/microros_ws/install/statistics_msgs:/home/ubuntu/microros_ws/install/rosidl_typesupport_microxrcedds_test_msg:/home/ubuntu/microros_ws/install/rosidl_typesupport_microxrcedds_cpp_tests:/home/ubuntu/microros_ws/install/rmw_microxrcedds:/home/ubuntu/microros_ws/install/rosidl_typesupport_microxrcedds_cpp:/home/ubuntu/microros_ws/install/rosidl_typesupport_microxrcedds_c_tests:/home/ubuntu/microros_ws/install/rosidl_typesupport_microxrcedds_c:/home/ubuntu/microros_ws/install/rosgraph_msgs:/home/ubuntu/microros_ws/install/rclc_parameter:/home/ubuntu/microros_ws/install/rclc:/home/ubuntu/microros_ws/install/composition_interfaces:/home/ubuntu/microros_ws/install/rcl_interfaces:/home/ubuntu/microros_ws/install/microxrcedds_client:/home/ubuntu/microros_ws/install/microcdr:/home/ubuntu/microros_ws/install/micro_ros_utilities:/home/ubuntu/microros_ws/install/micro_ros_setup:/home/ubuntu/microros_ws/install/micro_ros_agent:/home/ubuntu/microros_ws/install/micro_ros_msgs:/home/ubuntu/microros_ws/install/lifecycle_msgs:/home/ubuntu/microros_ws/install/complex_msgs:/home/ubuntu/microros_ws/install/builtin_interfaces /usr/bin/cmake --install /home/ubuntu/microros_ws/build/lifecycle_msgs
