-- The C compiler identification is GNU 11.4.0
-- The CXX compiler identification is GNU 11.4.0
-- Detecting C compiler ABI info
-- Detecting C compiler ABI info - done
-- Check for working C compiler: /usr/bin/cc - skipped
-- Detecting C compile features
-- Detecting C compile features - done
-- Detecting CXX compiler ABI info
-- Detecting CXX compiler ABI info - done
-- Check for working CXX compiler: /usr/bin/c++ - skipped
-- Detecting CXX compile features
-- Detecting CXX compile features - done
-- Found ament_cmake: 1.3.9 (/opt/ros/humble/share/ament_cmake/cmake)
-- Found Python3: /usr/bin/python3 (found version "3.10.12") found components: Interpreter 
-- Found rclcpp: 16.0.9 (/opt/ros/humble/share/rclcpp/cmake)
-- Found rosidl_generator_c: 3.1.5 (/opt/ros/humble/share/rosidl_generator_c/cmake)
-- Found rosidl_adapter: 3.1.5 (/opt/ros/humble/share/rosidl_adapter/cmake)
-- Found rosidl_generator_cpp: 3.1.5 (/opt/ros/humble/share/rosidl_generator_cpp/cmake)
-- Using all available rosidl_typesupport_c: rosidl_typesupport_microxrcedds_c;rosidl_typesupport_fastrtps_c;rosidl_typesupport_introspection_c
-- Using all available rosidl_typesupport_cpp: rosidl_typesupport_microxrcedds_cpp;rosidl_typesupport_fastrtps_cpp;rosidl_typesupport_introspection_cpp
-- Found rmw_implementation_cmake: 6.1.2 (/opt/ros/humble/share/rmw_implementation_cmake/cmake)
-- Found rmw_fastrtps_cpp: 6.2.6 (/opt/ros/humble/share/rmw_fastrtps_cpp/cmake)
-- Found OpenSSL: /usr/lib/aarch64-linux-gnu/libcrypto.so (found version "3.0.2")  
-- Found FastRTPS: /opt/ros/humble/include  
-- Using RMW implementation 'rmw_fastrtps_cpp' as default
-- Looking for pthread.h
-- Looking for pthread.h - found
-- Performing Test CMAKE_HAVE_LIBC_PTHREAD
-- Performing Test CMAKE_HAVE_LIBC_PTHREAD - Success
-- Found Threads: TRUE  
-- Found ament_lint_auto: 0.12.11 (/opt/ros/humble/share/ament_lint_auto/cmake)
-- Added test 'cppcheck' to perform static code analysis on C / C++ code
-- Configured cppcheck include dirs: 
-- Configured cppcheck exclude dirs and/or files: 
-- Added test 'flake8' to check Python code syntax and style conventions
-- Added test 'lint_cmake' to check CMake code style
-- Added test 'pep257' to check Python code against some of the docstring style conventions in PEP 257
-- Added test 'uncrustify' to check C / C++ code style
-- Configured uncrustify additional arguments: 
-- Added test 'xmllint' to check XML markup files
-- Configuring done
-- Generating done
-- Build files have been written to: /home/ubuntu/microros_ws/build/robotsub
[ 50%] [32mBuilding CXX object CMakeFiles/encoder_subscriber.dir/src/encoder_subscriber.cpp.o[0m
[100%] [32m[1mLinking CXX executable encoder_subscriber[0m
[100%] Built target encoder_subscriber
-- Install configuration: ""
-- Installing: /home/ubuntu/microros_ws/install/robotsub/lib/robotsub/encoder_subscriber
-- Set runtime path of "/home/ubuntu/microros_ws/install/robotsub/lib/robotsub/encoder_subscriber" to ""
-- Installing: /home/ubuntu/microros_ws/install/robotsub/share/ament_index/resource_index/package_run_dependencies/robotsub
-- Installing: /home/ubuntu/microros_ws/install/robotsub/share/ament_index/resource_index/parent_prefix_path/robotsub
-- Installing: /home/ubuntu/microros_ws/install/robotsub/share/robotsub/environment/ament_prefix_path.sh
-- Installing: /home/ubuntu/microros_ws/install/robotsub/share/robotsub/environment/ament_prefix_path.dsv
-- Installing: /home/ubuntu/microros_ws/install/robotsub/share/robotsub/environment/path.sh
-- Installing: /home/ubuntu/microros_ws/install/robotsub/share/robotsub/environment/path.dsv
-- Installing: /home/ubuntu/microros_ws/install/robotsub/share/robotsub/local_setup.bash
-- Installing: /home/ubuntu/microros_ws/install/robotsub/share/robotsub/local_setup.sh
-- Installing: /home/ubuntu/microros_ws/install/robotsub/share/robotsub/local_setup.zsh
-- Installing: /home/ubuntu/microros_ws/install/robotsub/share/robotsub/local_setup.dsv
-- Installing: /home/ubuntu/microros_ws/install/robotsub/share/robotsub/package.dsv
-- Installing: /home/ubuntu/microros_ws/install/robotsub/share/ament_index/resource_index/packages/robotsub
-- Installing: /home/ubuntu/microros_ws/install/robotsub/share/robotsub/cmake/robotsubConfig.cmake
-- Installing: /home/ubuntu/microros_ws/install/robotsub/share/robotsub/cmake/robotsubConfig-version.cmake
-- Installing: /home/ubuntu/microros_ws/install/robotsub/share/robotsub/package.xml
