[0.107s] Invoking command in '/home/ubuntu/microros_ws/build/microxrcedds_client': CMAKE_PREFIX_PATH=/home/ubuntu/microros_ws/install/microcdr LD_LIBRARY_PATH=/home/ubuntu/microros_ws/install/microcdr/lib:${LD_LIBRARY_PATH} /usr/bin/cmake --build /home/ubuntu/microros_ws/build/microxrcedds_client -- -j4 -l4
[0.578s] [100%] Built target microxrcedds_client
[0.662s] Invoked command in '/home/ubuntu/microros_ws/build/microxrcedds_client' returned '0': CMAKE_PREFIX_PATH=/home/ubuntu/microros_ws/install/microcdr LD_LIBRARY_PATH=/home/ubuntu/microros_ws/install/microcdr/lib:${LD_LIBRARY_PATH} /usr/bin/cmake --build /home/ubuntu/microros_ws/build/microxrcedds_client -- -j4 -l4
[1.579s] Invoking command in '/home/ubuntu/microros_ws/build/microxrcedds_client': CMAKE_PREFIX_PATH=/home/ubuntu/microros_ws/install/microcdr LD_LIBRARY_PATH=/home/ubuntu/microros_ws/install/microcdr/lib:${LD_LIBRARY_PATH} /usr/bin/cmake --install /home/ubuntu/microros_ws/build/microxrcedds_client
[1.670s] -- Install configuration: "Release"
[1.681s] -- Up-to-date: /home/ubuntu/microros_ws/install/microxrcedds_client/lib/libmicroxrcedds_client.so.2.4.2
[1.682s] -- Up-to-date: /home/ubuntu/microros_ws/install/microxrcedds_client/lib/libmicroxrcedds_client.so.2.4
[1.684s] -- Up-to-date: /home/ubuntu/microros_ws/install/microxrcedds_client/lib/libmicroxrcedds_client.so
[1.687s] -- Up-to-date: /home/ubuntu/microros_ws/install/microxrcedds_client/include/uxr/client
[1.688s] -- Up-to-date: /home/ubuntu/microros_ws/install/microxrcedds_client/include/uxr/client/profile
[1.689s] -- Up-to-date: /home/ubuntu/microros_ws/install/microxrcedds_client/include/uxr/client/profile/multithread
[1.746s] -- Up-to-date: /home/ubuntu/microros_ws/install/microxrcedds_client/include/uxr/client/profile/multithread/multithread.h
[1.747s] -- Up-to-date: /home/ubuntu/microros_ws/install/microxrcedds_client/include/uxr/client/profile/discovery
[1.748s] -- Up-to-date: /home/ubuntu/microros_ws/install/microxrcedds_client/include/uxr/client/profile/discovery/discovery.h
[1.752s] -- Up-to-date: /home/ubuntu/microros_ws/install/microxrcedds_client/include/uxr/client/profile/transport
[1.753s] -- Up-to-date: /home/ubuntu/microros_ws/install/microxrcedds_client/include/uxr/client/profile/transport/custom
[1.760s] -- Up-to-date: /home/ubuntu/microros_ws/install/microxrcedds_client/include/uxr/client/profile/transport/custom/custom_transport.h
[1.778s] -- Up-to-date: /home/ubuntu/microros_ws/install/microxrcedds_client/include/uxr/client/profile/transport/ip
[1.780s] -- Up-to-date: /home/ubuntu/microros_ws/install/microxrcedds_client/include/uxr/client/profile/transport/ip/tcp
[1.782s] -- Up-to-date: /home/ubuntu/microros_ws/install/microxrcedds_client/include/uxr/client/profile/transport/ip/tcp/tcp_transport_windows.h
[1.785s] -- Up-to-date: /home/ubuntu/microros_ws/install/microxrcedds_client/include/uxr/client/profile/transport/ip/tcp/tcp_transport_freertos_plus_tcp.h
[1.786s] -- Up-to-date: /home/ubuntu/microros_ws/install/microxrcedds_client/include/uxr/client/profile/transport/ip/tcp/tcp_transport.h
[1.796s] -- Up-to-date: /home/ubuntu/microros_ws/install/microxrcedds_client/include/uxr/client/profile/transport/ip/tcp/tcp_transport_posix.h
[1.798s] -- Up-to-date: /home/ubuntu/microros_ws/install/microxrcedds_client/include/uxr/client/profile/transport/ip/tcp/tcp_transport_posix_nopoll.h
[1.799s] -- Up-to-date: /home/ubuntu/microros_ws/install/microxrcedds_client/include/uxr/client/profile/transport/ip/tcp/tcp_transport_rtems_bsd_net.h
[1.800s] -- Up-to-date: /home/ubuntu/microros_ws/install/microxrcedds_client/include/uxr/client/profile/transport/ip/udp
[1.801s] -- Up-to-date: /home/ubuntu/microros_ws/install/microxrcedds_client/include/uxr/client/profile/transport/ip/udp/udp_transport_posix_nopoll.h
[1.805s] -- Up-to-date: /home/ubuntu/microros_ws/install/microxrcedds_client/include/uxr/client/profile/transport/ip/udp/udp_transport_freertos_plus_tcp.h
[1.806s] -- Up-to-date: /home/ubuntu/microros_ws/install/microxrcedds_client/include/uxr/client/profile/transport/ip/udp/udp_transport_posix.h
[1.806s] -- Up-to-date: /home/ubuntu/microros_ws/install/microxrcedds_client/include/uxr/client/profile/transport/ip/udp/udp_transport_windows.h
[1.807s] -- Up-to-date: /home/ubuntu/microros_ws/install/microxrcedds_client/include/uxr/client/profile/transport/ip/udp/udp_transport.h
[1.808s] -- Up-to-date: /home/ubuntu/microros_ws/install/microxrcedds_client/include/uxr/client/profile/transport/ip/udp/udp_transport_rtems_bsd_net.h
[1.808s] -- Up-to-date: /home/ubuntu/microros_ws/install/microxrcedds_client/include/uxr/client/profile/transport/ip/ip.h
[1.810s] -- Up-to-date: /home/ubuntu/microros_ws/install/microxrcedds_client/include/uxr/client/profile/transport/serial
[1.811s] -- Up-to-date: /home/ubuntu/microros_ws/install/microxrcedds_client/include/uxr/client/profile/transport/serial/serial_transport_rtems_bsd_net.h
[1.812s] -- Up-to-date: /home/ubuntu/microros_ws/install/microxrcedds_client/include/uxr/client/profile/transport/serial/serial_transport_platform.h
[1.813s] -- Up-to-date: /home/ubuntu/microros_ws/install/microxrcedds_client/include/uxr/client/profile/transport/serial/serial_transport_posix.h
[1.815s] -- Up-to-date: /home/ubuntu/microros_ws/install/microxrcedds_client/include/uxr/client/profile/transport/serial/serial_transport.h
[1.829s] -- Up-to-date: /home/ubuntu/microros_ws/install/microxrcedds_client/include/uxr/client/profile/transport/can
[1.836s] -- Up-to-date: /home/ubuntu/microros_ws/install/microxrcedds_client/include/uxr/client/profile/transport/can/can_transport.h
[1.837s] -- Up-to-date: /home/ubuntu/microros_ws/install/microxrcedds_client/include/uxr/client/profile/transport/can/can_transport_posix.h
[1.838s] -- Up-to-date: /home/ubuntu/microros_ws/install/microxrcedds_client/include/uxr/client/profile/transport/stream_framing
[1.838s] -- Up-to-date: /home/ubuntu/microros_ws/install/microxrcedds_client/include/uxr/client/profile/transport/stream_framing/stream_framing_protocol.h
[1.852s] -- Up-to-date: /home/ubuntu/microros_ws/install/microxrcedds_client/include/uxr/client/util
[1.853s] -- Up-to-date: /home/ubuntu/microros_ws/install/microxrcedds_client/include/uxr/client/util/time.h
[1.854s] -- Up-to-date: /home/ubuntu/microros_ws/install/microxrcedds_client/include/uxr/client/util/ping.h
[1.855s] -- Up-to-date: /home/ubuntu/microros_ws/install/microxrcedds_client/include/uxr/client/core
[1.856s] -- Up-to-date: /home/ubuntu/microros_ws/install/microxrcedds_client/include/uxr/client/core/session
[1.857s] -- Up-to-date: /home/ubuntu/microros_ws/install/microxrcedds_client/include/uxr/client/core/session/create_entities_bin.h
[1.858s] -- Up-to-date: /home/ubuntu/microros_ws/install/microxrcedds_client/include/uxr/client/core/session/time_sync.h
[1.859s] -- Up-to-date: /home/ubuntu/microros_ws/install/microxrcedds_client/include/uxr/client/core/session/object_id.h
[1.866s] -- Up-to-date: /home/ubuntu/microros_ws/install/microxrcedds_client/include/uxr/client/core/session/session.h
[1.868s] -- Up-to-date: /home/ubuntu/microros_ws/install/microxrcedds_client/include/uxr/client/core/session/read_access.h
[1.871s] -- Up-to-date: /home/ubuntu/microros_ws/install/microxrcedds_client/include/uxr/client/core/session/stream
[1.885s] -- Up-to-date: /home/ubuntu/microros_ws/install/microxrcedds_client/include/uxr/client/core/session/stream/input_best_effort_stream.h
[1.888s] -- Up-to-date: /home/ubuntu/microros_ws/install/microxrcedds_client/include/uxr/client/core/session/stream/reliable_stream.h
[1.890s] -- Up-to-date: /home/ubuntu/microros_ws/install/microxrcedds_client/include/uxr/client/core/session/stream/input_reliable_stream.h
[1.891s] -- Up-to-date: /home/ubuntu/microros_ws/install/microxrcedds_client/include/uxr/client/core/session/stream/seq_num.h
[1.892s] -- Up-to-date: /home/ubuntu/microros_ws/install/microxrcedds_client/include/uxr/client/core/session/stream/output_best_effort_stream.h
[1.893s] -- Up-to-date: /home/ubuntu/microros_ws/install/microxrcedds_client/include/uxr/client/core/session/stream/stream_id.h
[1.894s] -- Up-to-date: /home/ubuntu/microros_ws/install/microxrcedds_client/include/uxr/client/core/session/stream/output_reliable_stream.h
[1.895s] -- Up-to-date: /home/ubuntu/microros_ws/install/microxrcedds_client/include/uxr/client/core/session/stream/stream_storage.h
[1.895s] -- Up-to-date: /home/ubuntu/microros_ws/install/microxrcedds_client/include/uxr/client/core/session/write_access.h
[1.896s] -- Up-to-date: /home/ubuntu/microros_ws/install/microxrcedds_client/include/uxr/client/core/session/common_create_entities.h
[1.896s] -- Up-to-date: /home/ubuntu/microros_ws/install/microxrcedds_client/include/uxr/client/core/session/create_entities_ref.h
[1.897s] -- Up-to-date: /home/ubuntu/microros_ws/install/microxrcedds_client/include/uxr/client/core/session/session_info.h
[1.897s] -- Up-to-date: /home/ubuntu/microros_ws/install/microxrcedds_client/include/uxr/client/core/session/create_entities_xml.h
[1.898s] -- Up-to-date: /home/ubuntu/microros_ws/install/microxrcedds_client/include/uxr/client/core/type
[1.899s] -- Up-to-date: /home/ubuntu/microros_ws/install/microxrcedds_client/include/uxr/client/core/type/xrce_types.h
[1.903s] -- Up-to-date: /home/ubuntu/microros_ws/install/microxrcedds_client/include/uxr/client/core/communication
[1.912s] -- Up-to-date: /home/ubuntu/microros_ws/install/microxrcedds_client/include/uxr/client/core/communication/communication.h
[1.913s] -- Up-to-date: /home/ubuntu/microros_ws/install/microxrcedds_client/include/uxr/client/visibility.h
[1.914s] -- Up-to-date: /home/ubuntu/microros_ws/install/microxrcedds_client/include/uxr/client/transport.h
[1.915s] -- Up-to-date: /home/ubuntu/microros_ws/install/microxrcedds_client/include/uxr/client/defines.h
[1.916s] -- Up-to-date: /home/ubuntu/microros_ws/install/microxrcedds_client/include/uxr/client/client.h
[1.916s] -- Up-to-date: /home/ubuntu/microros_ws/install/microxrcedds_client/include/uxr/client/config.h
[1.918s] -- Up-to-date: /home/ubuntu/microros_ws/install/microxrcedds_client/share/microxrcedds_client/cmake/microxrcedds_clientTargets.cmake
[1.919s] -- Up-to-date: /home/ubuntu/microros_ws/install/microxrcedds_client/share/microxrcedds_client/cmake/microxrcedds_clientTargets-release.cmake
[1.919s] -- Up-to-date: /home/ubuntu/microros_ws/install/microxrcedds_client/share/microxrcedds_client/cmake/microxrcedds_clientConfig.cmake
[1.920s] -- Up-to-date: /home/ubuntu/microros_ws/install/microxrcedds_client/share/microxrcedds_client/cmake/microxrcedds_clientConfigVersion.cmake
[1.922s] Invoked command in '/home/ubuntu/microros_ws/build/microxrcedds_client' returned '0': CMAKE_PREFIX_PATH=/home/ubuntu/microros_ws/install/microcdr LD_LIBRARY_PATH=/home/ubuntu/microros_ws/install/microcdr/lib:${LD_LIBRARY_PATH} /usr/bin/cmake --install /home/ubuntu/microros_ws/build/microxrcedds_client
