[0.162s] Invoking command in '/home/ubuntu/microros_ws/build/geometry_msgs': AMENT_PREFIX_PATH=/home/ubuntu/microros_ws/install/std_msgs:/home/ubuntu/microros_ws/install/builtin_interfaces:${AMENT_PREFIX_PATH} CMAKE_PREFIX_PATH=/home/ubuntu/microros_ws/install/std_msgs:/home/ubuntu/microros_ws/install/builtin_interfaces:/opt/ros/humble LD_LIBRARY_PATH=/home/ubuntu/microros_ws/install/std_msgs/lib:/home/ubuntu/microros_ws/install/builtin_interfaces/lib:${LD_LIBRARY_PATH} PYTHONPATH=/home/ubuntu/microros_ws/install/std_msgs/local/lib/python3.10/dist-packages:/home/ubuntu/microros_ws/install/builtin_interfaces/local/lib/python3.10/dist-packages:${PYTHONPATH} /usr/bin/cmake --build /home/ubuntu/microros_ws/build/geometry_msgs -- -j4 -l4
[0.629s] [  0%] Built target ament_cmake_python_symlink_geometry_msgs
[0.656s] [  0%] Built target geometry_msgs__cpp
[0.667s] [ 12%] Built target geometry_msgs__rosidl_generator_c
[0.823s] [35m[1mConsolidate compiler generated dependencies of target geometry_msgs__rosidl_typesupport_cpp[0m
[1.039s] [ 24%] Built target geometry_msgs__rosidl_typesupport_fastrtps_cpp
[1.097s] [ 37%] Built target geometry_msgs__rosidl_typesupport_introspection_cpp
[1.135s] [ 49%] Built target geometry_msgs__rosidl_typesupport_cpp
[1.293s] [35m[1mConsolidate compiler generated dependencies of target geometry_msgs__rosidl_typesupport_c[0m
[1.337s] [ 62%] Built target geometry_msgs__rosidl_typesupport_introspection_c
[1.388s] [ 74%] Built target geometry_msgs__rosidl_typesupport_fastrtps_c
[1.444s] [ 86%] Built target geometry_msgs__rosidl_typesupport_c
[1.588s] [ 86%] Built target geometry_msgs
[1.758s] [ 86%] Built target geometry_msgs__py
[1.958s] [ 98%] Built target geometry_msgs__rosidl_generator_py
[2.167s] [ 99%] Built target geometry_msgs__rosidl_typesupport_fastrtps_c__pyext
[2.195s] [ 99%] Built target geometry_msgs__rosidl_typesupport_introspection_c__pyext
[2.283s] [100%] Built target geometry_msgs__rosidl_typesupport_c__pyext
[2.896s] running egg_info
[2.900s] writing geometry_msgs.egg-info/PKG-INFO
[2.903s] writing dependency_links to geometry_msgs.egg-info/dependency_links.txt
[2.904s] writing top-level names to geometry_msgs.egg-info/top_level.txt
[2.921s] reading manifest file 'geometry_msgs.egg-info/SOURCES.txt'
[2.927s] writing manifest file 'geometry_msgs.egg-info/SOURCES.txt'
[3.150s] [100%] Built target ament_cmake_python_build_geometry_msgs_egg
[3.226s] Invoked command in '/home/ubuntu/microros_ws/build/geometry_msgs' returned '0': AMENT_PREFIX_PATH=/home/ubuntu/microros_ws/install/std_msgs:/home/ubuntu/microros_ws/install/builtin_interfaces:${AMENT_PREFIX_PATH} CMAKE_PREFIX_PATH=/home/ubuntu/microros_ws/install/std_msgs:/home/ubuntu/microros_ws/install/builtin_interfaces:/opt/ros/humble LD_LIBRARY_PATH=/home/ubuntu/microros_ws/install/std_msgs/lib:/home/ubuntu/microros_ws/install/builtin_interfaces/lib:${LD_LIBRARY_PATH} PYTHONPATH=/home/ubuntu/microros_ws/install/std_msgs/local/lib/python3.10/dist-packages:/home/ubuntu/microros_ws/install/builtin_interfaces/local/lib/python3.10/dist-packages:${PYTHONPATH} /usr/bin/cmake --build /home/ubuntu/microros_ws/build/geometry_msgs -- -j4 -l4
[9.008s] Invoking command in '/home/ubuntu/microros_ws/build/geometry_msgs': AMENT_PREFIX_PATH=/home/ubuntu/microros_ws/install/std_msgs:/home/ubuntu/microros_ws/install/builtin_interfaces:${AMENT_PREFIX_PATH} CMAKE_PREFIX_PATH=/home/ubuntu/microros_ws/install/std_msgs:/home/ubuntu/microros_ws/install/builtin_interfaces:/opt/ros/humble LD_LIBRARY_PATH=/home/ubuntu/microros_ws/install/std_msgs/lib:/home/ubuntu/microros_ws/install/builtin_interfaces/lib:${LD_LIBRARY_PATH} PYTHONPATH=/home/ubuntu/microros_ws/install/std_msgs/local/lib/python3.10/dist-packages:/home/ubuntu/microros_ws/install/builtin_interfaces/local/lib/python3.10/dist-packages:${PYTHONPATH} /usr/bin/cmake --install /home/ubuntu/microros_ws/build/geometry_msgs
[9.056s] -- Install configuration: ""
[9.063s] -- Execute custom install script
[9.066s] -- Symlinking: /home/ubuntu/microros_ws/install/geometry_msgs/share/ament_index/resource_index/rosidl_interfaces/geometry_msgs
[9.136s] -- Symlinking: /home/ubuntu/microros_ws/install/geometry_msgs/include/geometry_msgs/geometry_msgs/msg/accel.h
[9.176s] -- Symlinking: /home/ubuntu/microros_ws/install/geometry_msgs/include/geometry_msgs/geometry_msgs/msg/accel_stamped.h
[9.243s] -- Symlinking: /home/ubuntu/microros_ws/install/geometry_msgs/include/geometry_msgs/geometry_msgs/msg/accel_with_covariance.h
[9.293s] -- Symlinking: /home/ubuntu/microros_ws/install/geometry_msgs/include/geometry_msgs/geometry_msgs/msg/accel_with_covariance_stamped.h
[9.339s] -- Symlinking: /home/ubuntu/microros_ws/install/geometry_msgs/include/geometry_msgs/geometry_msgs/msg/detail/accel__functions.h
[9.382s] -- Symlinking: /home/ubuntu/microros_ws/install/geometry_msgs/include/geometry_msgs/geometry_msgs/msg/detail/accel__struct.h
[9.426s] -- Symlinking: /home/ubuntu/microros_ws/install/geometry_msgs/include/geometry_msgs/geometry_msgs/msg/detail/accel__type_support.h
[9.469s] -- Symlinking: /home/ubuntu/microros_ws/install/geometry_msgs/include/geometry_msgs/geometry_msgs/msg/detail/accel_stamped__functions.h
[9.537s] -- Symlinking: /home/ubuntu/microros_ws/install/geometry_msgs/include/geometry_msgs/geometry_msgs/msg/detail/accel_stamped__struct.h
[9.594s] -- Symlinking: /home/ubuntu/microros_ws/install/geometry_msgs/include/geometry_msgs/geometry_msgs/msg/detail/accel_stamped__type_support.h
[9.674s] -- Symlinking: /home/ubuntu/microros_ws/install/geometry_msgs/include/geometry_msgs/geometry_msgs/msg/detail/accel_with_covariance__functions.h
[9.750s] -- Symlinking: /home/ubuntu/microros_ws/install/geometry_msgs/include/geometry_msgs/geometry_msgs/msg/detail/accel_with_covariance__struct.h
[9.804s] -- Symlinking: /home/ubuntu/microros_ws/install/geometry_msgs/include/geometry_msgs/geometry_msgs/msg/detail/accel_with_covariance__type_support.h
[9.854s] -- Symlinking: /home/ubuntu/microros_ws/install/geometry_msgs/include/geometry_msgs/geometry_msgs/msg/detail/accel_with_covariance_stamped__functions.h
[9.905s] -- Symlinking: /home/ubuntu/microros_ws/install/geometry_msgs/include/geometry_msgs/geometry_msgs/msg/detail/accel_with_covariance_stamped__struct.h
[9.969s] -- Symlinking: /home/ubuntu/microros_ws/install/geometry_msgs/include/geometry_msgs/geometry_msgs/msg/detail/accel_with_covariance_stamped__type_support.h
[10.040s] -- Symlinking: /home/ubuntu/microros_ws/install/geometry_msgs/include/geometry_msgs/geometry_msgs/msg/detail/inertia__functions.h
[10.086s] -- Symlinking: /home/ubuntu/microros_ws/install/geometry_msgs/include/geometry_msgs/geometry_msgs/msg/detail/inertia__struct.h
[10.153s] -- Symlinking: /home/ubuntu/microros_ws/install/geometry_msgs/include/geometry_msgs/geometry_msgs/msg/detail/inertia__type_support.h
[10.206s] -- Symlinking: /home/ubuntu/microros_ws/install/geometry_msgs/include/geometry_msgs/geometry_msgs/msg/detail/inertia_stamped__functions.h
[10.252s] -- Symlinking: /home/ubuntu/microros_ws/install/geometry_msgs/include/geometry_msgs/geometry_msgs/msg/detail/inertia_stamped__struct.h
[10.311s] -- Symlinking: /home/ubuntu/microros_ws/install/geometry_msgs/include/geometry_msgs/geometry_msgs/msg/detail/inertia_stamped__type_support.h
[10.359s] -- Symlinking: /home/ubuntu/microros_ws/install/geometry_msgs/include/geometry_msgs/geometry_msgs/msg/detail/point32__functions.h
[10.407s] -- Symlinking: /home/ubuntu/microros_ws/install/geometry_msgs/include/geometry_msgs/geometry_msgs/msg/detail/point32__struct.h
[10.451s] -- Symlinking: /home/ubuntu/microros_ws/install/geometry_msgs/include/geometry_msgs/geometry_msgs/msg/detail/point32__type_support.h
[10.497s] -- Symlinking: /home/ubuntu/microros_ws/install/geometry_msgs/include/geometry_msgs/geometry_msgs/msg/detail/point__functions.h
[10.546s] -- Symlinking: /home/ubuntu/microros_ws/install/geometry_msgs/include/geometry_msgs/geometry_msgs/msg/detail/point__struct.h
[10.593s] -- Symlinking: /home/ubuntu/microros_ws/install/geometry_msgs/include/geometry_msgs/geometry_msgs/msg/detail/point__type_support.h
[10.653s] -- Symlinking: /home/ubuntu/microros_ws/install/geometry_msgs/include/geometry_msgs/geometry_msgs/msg/detail/point_stamped__functions.h
[10.706s] -- Symlinking: /home/ubuntu/microros_ws/install/geometry_msgs/include/geometry_msgs/geometry_msgs/msg/detail/point_stamped__struct.h
[10.753s] -- Symlinking: /home/ubuntu/microros_ws/install/geometry_msgs/include/geometry_msgs/geometry_msgs/msg/detail/point_stamped__type_support.h
[10.801s] -- Symlinking: /home/ubuntu/microros_ws/install/geometry_msgs/include/geometry_msgs/geometry_msgs/msg/detail/polygon__functions.h
[10.847s] -- Symlinking: /home/ubuntu/microros_ws/install/geometry_msgs/include/geometry_msgs/geometry_msgs/msg/detail/polygon__struct.h
[10.892s] -- Symlinking: /home/ubuntu/microros_ws/install/geometry_msgs/include/geometry_msgs/geometry_msgs/msg/detail/polygon__type_support.h
[10.941s] -- Symlinking: /home/ubuntu/microros_ws/install/geometry_msgs/include/geometry_msgs/geometry_msgs/msg/detail/polygon_stamped__functions.h
[10.987s] -- Symlinking: /home/ubuntu/microros_ws/install/geometry_msgs/include/geometry_msgs/geometry_msgs/msg/detail/polygon_stamped__struct.h
[11.039s] -- Symlinking: /home/ubuntu/microros_ws/install/geometry_msgs/include/geometry_msgs/geometry_msgs/msg/detail/polygon_stamped__type_support.h
[11.087s] -- Symlinking: /home/ubuntu/microros_ws/install/geometry_msgs/include/geometry_msgs/geometry_msgs/msg/detail/pose2_d__functions.h
[11.132s] -- Symlinking: /home/ubuntu/microros_ws/install/geometry_msgs/include/geometry_msgs/geometry_msgs/msg/detail/pose2_d__struct.h
[11.175s] -- Symlinking: /home/ubuntu/microros_ws/install/geometry_msgs/include/geometry_msgs/geometry_msgs/msg/detail/pose2_d__type_support.h
[11.221s] -- Symlinking: /home/ubuntu/microros_ws/install/geometry_msgs/include/geometry_msgs/geometry_msgs/msg/detail/pose__functions.h
[11.261s] -- Symlinking: /home/ubuntu/microros_ws/install/geometry_msgs/include/geometry_msgs/geometry_msgs/msg/detail/pose__struct.h
[11.308s] -- Symlinking: /home/ubuntu/microros_ws/install/geometry_msgs/include/geometry_msgs/geometry_msgs/msg/detail/pose__type_support.h
[11.350s] -- Symlinking: /home/ubuntu/microros_ws/install/geometry_msgs/include/geometry_msgs/geometry_msgs/msg/detail/pose_array__functions.h
[11.394s] -- Symlinking: /home/ubuntu/microros_ws/install/geometry_msgs/include/geometry_msgs/geometry_msgs/msg/detail/pose_array__struct.h
[11.437s] -- Symlinking: /home/ubuntu/microros_ws/install/geometry_msgs/include/geometry_msgs/geometry_msgs/msg/detail/pose_array__type_support.h
[11.479s] -- Symlinking: /home/ubuntu/microros_ws/install/geometry_msgs/include/geometry_msgs/geometry_msgs/msg/detail/pose_stamped__functions.h
[11.544s] -- Symlinking: /home/ubuntu/microros_ws/install/geometry_msgs/include/geometry_msgs/geometry_msgs/msg/detail/pose_stamped__struct.h
[11.587s] -- Symlinking: /home/ubuntu/microros_ws/install/geometry_msgs/include/geometry_msgs/geometry_msgs/msg/detail/pose_stamped__type_support.h
[11.636s] -- Symlinking: /home/ubuntu/microros_ws/install/geometry_msgs/include/geometry_msgs/geometry_msgs/msg/detail/pose_with_covariance__functions.h
[11.683s] -- Symlinking: /home/ubuntu/microros_ws/install/geometry_msgs/include/geometry_msgs/geometry_msgs/msg/detail/pose_with_covariance__struct.h
[11.737s] -- Symlinking: /home/ubuntu/microros_ws/install/geometry_msgs/include/geometry_msgs/geometry_msgs/msg/detail/pose_with_covariance__type_support.h
[11.785s] -- Symlinking: /home/ubuntu/microros_ws/install/geometry_msgs/include/geometry_msgs/geometry_msgs/msg/detail/pose_with_covariance_stamped__functions.h
[11.837s] -- Symlinking: /home/ubuntu/microros_ws/install/geometry_msgs/include/geometry_msgs/geometry_msgs/msg/detail/pose_with_covariance_stamped__struct.h
[11.884s] -- Symlinking: /home/ubuntu/microros_ws/install/geometry_msgs/include/geometry_msgs/geometry_msgs/msg/detail/pose_with_covariance_stamped__type_support.h
[11.943s] -- Symlinking: /home/ubuntu/microros_ws/install/geometry_msgs/include/geometry_msgs/geometry_msgs/msg/detail/quaternion__functions.h
[11.997s] -- Symlinking: /home/ubuntu/microros_ws/install/geometry_msgs/include/geometry_msgs/geometry_msgs/msg/detail/quaternion__struct.h
[12.065s] -- Symlinking: /home/ubuntu/microros_ws/install/geometry_msgs/include/geometry_msgs/geometry_msgs/msg/detail/quaternion__type_support.h
[12.123s] -- Symlinking: /home/ubuntu/microros_ws/install/geometry_msgs/include/geometry_msgs/geometry_msgs/msg/detail/quaternion_stamped__functions.h
[12.187s] -- Symlinking: /home/ubuntu/microros_ws/install/geometry_msgs/include/geometry_msgs/geometry_msgs/msg/detail/quaternion_stamped__struct.h
[12.242s] -- Symlinking: /home/ubuntu/microros_ws/install/geometry_msgs/include/geometry_msgs/geometry_msgs/msg/detail/quaternion_stamped__type_support.h
[12.295s] -- Symlinking: /home/ubuntu/microros_ws/install/geometry_msgs/include/geometry_msgs/geometry_msgs/msg/detail/transform__functions.h
[12.348s] -- Symlinking: /home/ubuntu/microros_ws/install/geometry_msgs/include/geometry_msgs/geometry_msgs/msg/detail/transform__struct.h
[12.404s] -- Symlinking: /home/ubuntu/microros_ws/install/geometry_msgs/include/geometry_msgs/geometry_msgs/msg/detail/transform__type_support.h
[12.463s] -- Symlinking: /home/ubuntu/microros_ws/install/geometry_msgs/include/geometry_msgs/geometry_msgs/msg/detail/transform_stamped__functions.h
[12.526s] -- Symlinking: /home/ubuntu/microros_ws/install/geometry_msgs/include/geometry_msgs/geometry_msgs/msg/detail/transform_stamped__struct.h
[12.574s] -- Symlinking: /home/ubuntu/microros_ws/install/geometry_msgs/include/geometry_msgs/geometry_msgs/msg/detail/transform_stamped__type_support.h
[12.621s] -- Symlinking: /home/ubuntu/microros_ws/install/geometry_msgs/include/geometry_msgs/geometry_msgs/msg/detail/twist__functions.h
[12.668s] -- Symlinking: /home/ubuntu/microros_ws/install/geometry_msgs/include/geometry_msgs/geometry_msgs/msg/detail/twist__struct.h
[12.721s] -- Symlinking: /home/ubuntu/microros_ws/install/geometry_msgs/include/geometry_msgs/geometry_msgs/msg/detail/twist__type_support.h
[12.787s] -- Symlinking: /home/ubuntu/microros_ws/install/geometry_msgs/include/geometry_msgs/geometry_msgs/msg/detail/twist_stamped__functions.h
[12.859s] -- Symlinking: /home/ubuntu/microros_ws/install/geometry_msgs/include/geometry_msgs/geometry_msgs/msg/detail/twist_stamped__struct.h
[12.906s] -- Symlinking: /home/ubuntu/microros_ws/install/geometry_msgs/include/geometry_msgs/geometry_msgs/msg/detail/twist_stamped__type_support.h
[12.984s] -- Symlinking: /home/ubuntu/microros_ws/install/geometry_msgs/include/geometry_msgs/geometry_msgs/msg/detail/twist_with_covariance__functions.h
[13.031s] -- Symlinking: /home/ubuntu/microros_ws/install/geometry_msgs/include/geometry_msgs/geometry_msgs/msg/detail/twist_with_covariance__struct.h
[13.079s] -- Symlinking: /home/ubuntu/microros_ws/install/geometry_msgs/include/geometry_msgs/geometry_msgs/msg/detail/twist_with_covariance__type_support.h
[13.131s] -- Symlinking: /home/ubuntu/microros_ws/install/geometry_msgs/include/geometry_msgs/geometry_msgs/msg/detail/twist_with_covariance_stamped__functions.h
[13.188s] -- Symlinking: /home/ubuntu/microros_ws/install/geometry_msgs/include/geometry_msgs/geometry_msgs/msg/detail/twist_with_covariance_stamped__struct.h
[13.264s] -- Symlinking: /home/ubuntu/microros_ws/install/geometry_msgs/include/geometry_msgs/geometry_msgs/msg/detail/twist_with_covariance_stamped__type_support.h
[13.313s] -- Symlinking: /home/ubuntu/microros_ws/install/geometry_msgs/include/geometry_msgs/geometry_msgs/msg/detail/vector3__functions.h
[13.362s] -- Symlinking: /home/ubuntu/microros_ws/install/geometry_msgs/include/geometry_msgs/geometry_msgs/msg/detail/vector3__struct.h
[13.406s] -- Symlinking: /home/ubuntu/microros_ws/install/geometry_msgs/include/geometry_msgs/geometry_msgs/msg/detail/vector3__type_support.h
[13.452s] -- Symlinking: /home/ubuntu/microros_ws/install/geometry_msgs/include/geometry_msgs/geometry_msgs/msg/detail/vector3_stamped__functions.h
[13.494s] -- Symlinking: /home/ubuntu/microros_ws/install/geometry_msgs/include/geometry_msgs/geometry_msgs/msg/detail/vector3_stamped__struct.h
[13.558s] -- Symlinking: /home/ubuntu/microros_ws/install/geometry_msgs/include/geometry_msgs/geometry_msgs/msg/detail/vector3_stamped__type_support.h
[13.607s] -- Symlinking: /home/ubuntu/microros_ws/install/geometry_msgs/include/geometry_msgs/geometry_msgs/msg/detail/velocity_stamped__functions.h
[13.669s] -- Symlinking: /home/ubuntu/microros_ws/install/geometry_msgs/include/geometry_msgs/geometry_msgs/msg/detail/velocity_stamped__struct.h
[13.755s] -- Symlinking: /home/ubuntu/microros_ws/install/geometry_msgs/include/geometry_msgs/geometry_msgs/msg/detail/velocity_stamped__type_support.h
[13.808s] -- Symlinking: /home/ubuntu/microros_ws/install/geometry_msgs/include/geometry_msgs/geometry_msgs/msg/detail/wrench__functions.h
[13.883s] -- Symlinking: /home/ubuntu/microros_ws/install/geometry_msgs/include/geometry_msgs/geometry_msgs/msg/detail/wrench__struct.h
[13.926s] -- Symlinking: /home/ubuntu/microros_ws/install/geometry_msgs/include/geometry_msgs/geometry_msgs/msg/detail/wrench__type_support.h
[13.983s] -- Symlinking: /home/ubuntu/microros_ws/install/geometry_msgs/include/geometry_msgs/geometry_msgs/msg/detail/wrench_stamped__functions.h
[14.036s] -- Symlinking: /home/ubuntu/microros_ws/install/geometry_msgs/include/geometry_msgs/geometry_msgs/msg/detail/wrench_stamped__struct.h
[14.086s] -- Symlinking: /home/ubuntu/microros_ws/install/geometry_msgs/include/geometry_msgs/geometry_msgs/msg/detail/wrench_stamped__type_support.h
[14.143s] -- Symlinking: /home/ubuntu/microros_ws/install/geometry_msgs/include/geometry_msgs/geometry_msgs/msg/inertia.h
[14.186s] -- Symlinking: /home/ubuntu/microros_ws/install/geometry_msgs/include/geometry_msgs/geometry_msgs/msg/inertia_stamped.h
[14.244s] -- Symlinking: /home/ubuntu/microros_ws/install/geometry_msgs/include/geometry_msgs/geometry_msgs/msg/point.h
[14.292s] -- Symlinking: /home/ubuntu/microros_ws/install/geometry_msgs/include/geometry_msgs/geometry_msgs/msg/point32.h
[14.350s] -- Symlinking: /home/ubuntu/microros_ws/install/geometry_msgs/include/geometry_msgs/geometry_msgs/msg/point_stamped.h
[14.398s] -- Symlinking: /home/ubuntu/microros_ws/install/geometry_msgs/include/geometry_msgs/geometry_msgs/msg/polygon.h
[14.460s] -- Symlinking: /home/ubuntu/microros_ws/install/geometry_msgs/include/geometry_msgs/geometry_msgs/msg/polygon_stamped.h
[14.507s] -- Symlinking: /home/ubuntu/microros_ws/install/geometry_msgs/include/geometry_msgs/geometry_msgs/msg/pose.h
[14.579s] -- Symlinking: /home/ubuntu/microros_ws/install/geometry_msgs/include/geometry_msgs/geometry_msgs/msg/pose2_d.h
[14.658s] -- Symlinking: /home/ubuntu/microros_ws/install/geometry_msgs/include/geometry_msgs/geometry_msgs/msg/pose_array.h
[14.700s] -- Symlinking: /home/ubuntu/microros_ws/install/geometry_msgs/include/geometry_msgs/geometry_msgs/msg/pose_stamped.h
[14.787s] -- Symlinking: /home/ubuntu/microros_ws/install/geometry_msgs/include/geometry_msgs/geometry_msgs/msg/pose_with_covariance.h
[14.866s] -- Symlinking: /home/ubuntu/microros_ws/install/geometry_msgs/include/geometry_msgs/geometry_msgs/msg/pose_with_covariance_stamped.h
[14.942s] -- Symlinking: /home/ubuntu/microros_ws/install/geometry_msgs/include/geometry_msgs/geometry_msgs/msg/quaternion.h
[14.989s] -- Symlinking: /home/ubuntu/microros_ws/install/geometry_msgs/include/geometry_msgs/geometry_msgs/msg/quaternion_stamped.h
[15.056s] -- Symlinking: /home/ubuntu/microros_ws/install/geometry_msgs/include/geometry_msgs/geometry_msgs/msg/rosidl_generator_c__visibility_control.h
[15.103s] -- Symlinking: /home/ubuntu/microros_ws/install/geometry_msgs/include/geometry_msgs/geometry_msgs/msg/transform.h
[15.183s] -- Symlinking: /home/ubuntu/microros_ws/install/geometry_msgs/include/geometry_msgs/geometry_msgs/msg/transform_stamped.h
[15.252s] -- Symlinking: /home/ubuntu/microros_ws/install/geometry_msgs/include/geometry_msgs/geometry_msgs/msg/twist.h
[15.302s] -- Symlinking: /home/ubuntu/microros_ws/install/geometry_msgs/include/geometry_msgs/geometry_msgs/msg/twist_stamped.h
[15.360s] -- Symlinking: /home/ubuntu/microros_ws/install/geometry_msgs/include/geometry_msgs/geometry_msgs/msg/twist_with_covariance.h
[15.413s] -- Symlinking: /home/ubuntu/microros_ws/install/geometry_msgs/include/geometry_msgs/geometry_msgs/msg/twist_with_covariance_stamped.h
[15.467s] -- Symlinking: /home/ubuntu/microros_ws/install/geometry_msgs/include/geometry_msgs/geometry_msgs/msg/vector3.h
[15.546s] -- Symlinking: /home/ubuntu/microros_ws/install/geometry_msgs/include/geometry_msgs/geometry_msgs/msg/vector3_stamped.h
[15.596s] -- Symlinking: /home/ubuntu/microros_ws/install/geometry_msgs/include/geometry_msgs/geometry_msgs/msg/velocity_stamped.h
[15.659s] -- Symlinking: /home/ubuntu/microros_ws/install/geometry_msgs/include/geometry_msgs/geometry_msgs/msg/wrench.h
[15.705s] -- Symlinking: /home/ubuntu/microros_ws/install/geometry_msgs/include/geometry_msgs/geometry_msgs/msg/wrench_stamped.h
[15.774s] -- Symlinking: /home/ubuntu/microros_ws/install/geometry_msgs/share/geometry_msgs/environment/library_path.sh
[15.850s] -- Symlinking: /home/ubuntu/microros_ws/install/geometry_msgs/share/geometry_msgs/environment/library_path.dsv
[15.905s] -- Symlinking: /home/ubuntu/microros_ws/install/geometry_msgs/include/geometry_msgs/geometry_msgs/msg/detail/accel__rosidl_typesupport_fastrtps_c.h
[15.964s] -- Symlinking: /home/ubuntu/microros_ws/install/geometry_msgs/include/geometry_msgs/geometry_msgs/msg/detail/accel_stamped__rosidl_typesupport_fastrtps_c.h
[16.008s] -- Symlinking: /home/ubuntu/microros_ws/install/geometry_msgs/include/geometry_msgs/geometry_msgs/msg/detail/accel_with_covariance__rosidl_typesupport_fastrtps_c.h
[16.068s] -- Symlinking: /home/ubuntu/microros_ws/install/geometry_msgs/include/geometry_msgs/geometry_msgs/msg/detail/accel_with_covariance_stamped__rosidl_typesupport_fastrtps_c.h
[16.120s] -- Symlinking: /home/ubuntu/microros_ws/install/geometry_msgs/include/geometry_msgs/geometry_msgs/msg/detail/inertia__rosidl_typesupport_fastrtps_c.h
[16.166s] -- Symlinking: /home/ubuntu/microros_ws/install/geometry_msgs/include/geometry_msgs/geometry_msgs/msg/detail/inertia_stamped__rosidl_typesupport_fastrtps_c.h
[16.215s] -- Symlinking: /home/ubuntu/microros_ws/install/geometry_msgs/include/geometry_msgs/geometry_msgs/msg/detail/point32__rosidl_typesupport_fastrtps_c.h
[16.271s] -- Symlinking: /home/ubuntu/microros_ws/install/geometry_msgs/include/geometry_msgs/geometry_msgs/msg/detail/point__rosidl_typesupport_fastrtps_c.h
[16.330s] -- Symlinking: /home/ubuntu/microros_ws/install/geometry_msgs/include/geometry_msgs/geometry_msgs/msg/detail/point_stamped__rosidl_typesupport_fastrtps_c.h
[16.393s] -- Symlinking: /home/ubuntu/microros_ws/install/geometry_msgs/include/geometry_msgs/geometry_msgs/msg/detail/polygon__rosidl_typesupport_fastrtps_c.h
[16.461s] -- Symlinking: /home/ubuntu/microros_ws/install/geometry_msgs/include/geometry_msgs/geometry_msgs/msg/detail/polygon_stamped__rosidl_typesupport_fastrtps_c.h
[16.537s] -- Symlinking: /home/ubuntu/microros_ws/install/geometry_msgs/include/geometry_msgs/geometry_msgs/msg/detail/pose2_d__rosidl_typesupport_fastrtps_c.h
[16.603s] -- Symlinking: /home/ubuntu/microros_ws/install/geometry_msgs/include/geometry_msgs/geometry_msgs/msg/detail/pose__rosidl_typesupport_fastrtps_c.h
[16.670s] -- Symlinking: /home/ubuntu/microros_ws/install/geometry_msgs/include/geometry_msgs/geometry_msgs/msg/detail/pose_array__rosidl_typesupport_fastrtps_c.h
[16.720s] -- Symlinking: /home/ubuntu/microros_ws/install/geometry_msgs/include/geometry_msgs/geometry_msgs/msg/detail/pose_stamped__rosidl_typesupport_fastrtps_c.h
[16.768s] -- Symlinking: /home/ubuntu/microros_ws/install/geometry_msgs/include/geometry_msgs/geometry_msgs/msg/detail/pose_with_covariance__rosidl_typesupport_fastrtps_c.h
[16.813s] -- Symlinking: /home/ubuntu/microros_ws/install/geometry_msgs/include/geometry_msgs/geometry_msgs/msg/detail/pose_with_covariance_stamped__rosidl_typesupport_fastrtps_c.h
[16.878s] -- Symlinking: /home/ubuntu/microros_ws/install/geometry_msgs/include/geometry_msgs/geometry_msgs/msg/detail/quaternion__rosidl_typesupport_fastrtps_c.h
[16.976s] -- Symlinking: /home/ubuntu/microros_ws/install/geometry_msgs/include/geometry_msgs/geometry_msgs/msg/detail/quaternion_stamped__rosidl_typesupport_fastrtps_c.h
[17.022s] -- Symlinking: /home/ubuntu/microros_ws/install/geometry_msgs/include/geometry_msgs/geometry_msgs/msg/detail/transform__rosidl_typesupport_fastrtps_c.h
[17.072s] -- Symlinking: /home/ubuntu/microros_ws/install/geometry_msgs/include/geometry_msgs/geometry_msgs/msg/detail/transform_stamped__rosidl_typesupport_fastrtps_c.h
[17.114s] -- Symlinking: /home/ubuntu/microros_ws/install/geometry_msgs/include/geometry_msgs/geometry_msgs/msg/detail/twist__rosidl_typesupport_fastrtps_c.h
[17.183s] -- Symlinking: /home/ubuntu/microros_ws/install/geometry_msgs/include/geometry_msgs/geometry_msgs/msg/detail/twist_stamped__rosidl_typesupport_fastrtps_c.h
[17.257s] -- Symlinking: /home/ubuntu/microros_ws/install/geometry_msgs/include/geometry_msgs/geometry_msgs/msg/detail/twist_with_covariance__rosidl_typesupport_fastrtps_c.h
[17.303s] -- Symlinking: /home/ubuntu/microros_ws/install/geometry_msgs/include/geometry_msgs/geometry_msgs/msg/detail/twist_with_covariance_stamped__rosidl_typesupport_fastrtps_c.h
[17.376s] -- Symlinking: /home/ubuntu/microros_ws/install/geometry_msgs/include/geometry_msgs/geometry_msgs/msg/detail/vector3__rosidl_typesupport_fastrtps_c.h
[17.451s] -- Symlinking: /home/ubuntu/microros_ws/install/geometry_msgs/include/geometry_msgs/geometry_msgs/msg/detail/vector3_stamped__rosidl_typesupport_fastrtps_c.h
[17.520s] -- Symlinking: /home/ubuntu/microros_ws/install/geometry_msgs/include/geometry_msgs/geometry_msgs/msg/detail/velocity_stamped__rosidl_typesupport_fastrtps_c.h
[17.548s] -- Symlinking: /home/ubuntu/microros_ws/install/geometry_msgs/include/geometry_msgs/geometry_msgs/msg/detail/wrench__rosidl_typesupport_fastrtps_c.h
[17.596s] -- Symlinking: /home/ubuntu/microros_ws/install/geometry_msgs/include/geometry_msgs/geometry_msgs/msg/detail/wrench_stamped__rosidl_typesupport_fastrtps_c.h
[17.663s] -- Symlinking: /home/ubuntu/microros_ws/install/geometry_msgs/include/geometry_msgs/geometry_msgs/msg/rosidl_typesupport_fastrtps_c__visibility_control.h
[17.712s] -- Symlinking: /home/ubuntu/microros_ws/install/geometry_msgs/include/geometry_msgs/geometry_msgs/msg/detail/accel__rosidl_typesupport_introspection_c.h
[17.762s] -- Symlinking: /home/ubuntu/microros_ws/install/geometry_msgs/include/geometry_msgs/geometry_msgs/msg/detail/accel_stamped__rosidl_typesupport_introspection_c.h
[17.806s] -- Symlinking: /home/ubuntu/microros_ws/install/geometry_msgs/include/geometry_msgs/geometry_msgs/msg/detail/accel_with_covariance__rosidl_typesupport_introspection_c.h
[17.850s] -- Symlinking: /home/ubuntu/microros_ws/install/geometry_msgs/include/geometry_msgs/geometry_msgs/msg/detail/accel_with_covariance_stamped__rosidl_typesupport_introspection_c.h
[17.898s] -- Symlinking: /home/ubuntu/microros_ws/install/geometry_msgs/include/geometry_msgs/geometry_msgs/msg/detail/inertia__rosidl_typesupport_introspection_c.h
[17.964s] -- Symlinking: /home/ubuntu/microros_ws/install/geometry_msgs/include/geometry_msgs/geometry_msgs/msg/detail/inertia_stamped__rosidl_typesupport_introspection_c.h
[18.016s] -- Symlinking: /home/ubuntu/microros_ws/install/geometry_msgs/include/geometry_msgs/geometry_msgs/msg/detail/point32__rosidl_typesupport_introspection_c.h
[18.062s] -- Symlinking: /home/ubuntu/microros_ws/install/geometry_msgs/include/geometry_msgs/geometry_msgs/msg/detail/point__rosidl_typesupport_introspection_c.h
[18.106s] -- Symlinking: /home/ubuntu/microros_ws/install/geometry_msgs/include/geometry_msgs/geometry_msgs/msg/detail/point_stamped__rosidl_typesupport_introspection_c.h
[18.154s] -- Symlinking: /home/ubuntu/microros_ws/install/geometry_msgs/include/geometry_msgs/geometry_msgs/msg/detail/polygon__rosidl_typesupport_introspection_c.h
[18.206s] -- Symlinking: /home/ubuntu/microros_ws/install/geometry_msgs/include/geometry_msgs/geometry_msgs/msg/detail/polygon_stamped__rosidl_typesupport_introspection_c.h
[18.268s] -- Symlinking: /home/ubuntu/microros_ws/install/geometry_msgs/include/geometry_msgs/geometry_msgs/msg/detail/pose2_d__rosidl_typesupport_introspection_c.h
[18.313s] -- Symlinking: /home/ubuntu/microros_ws/install/geometry_msgs/include/geometry_msgs/geometry_msgs/msg/detail/pose__rosidl_typesupport_introspection_c.h
[18.362s] -- Symlinking: /home/ubuntu/microros_ws/install/geometry_msgs/include/geometry_msgs/geometry_msgs/msg/detail/pose_array__rosidl_typesupport_introspection_c.h
[18.407s] -- Symlinking: /home/ubuntu/microros_ws/install/geometry_msgs/include/geometry_msgs/geometry_msgs/msg/detail/pose_stamped__rosidl_typesupport_introspection_c.h
[18.466s] -- Symlinking: /home/ubuntu/microros_ws/install/geometry_msgs/include/geometry_msgs/geometry_msgs/msg/detail/pose_with_covariance__rosidl_typesupport_introspection_c.h
[18.509s] -- Symlinking: /home/ubuntu/microros_ws/install/geometry_msgs/include/geometry_msgs/geometry_msgs/msg/detail/pose_with_covariance_stamped__rosidl_typesupport_introspection_c.h
[18.572s] -- Symlinking: /home/ubuntu/microros_ws/install/geometry_msgs/include/geometry_msgs/geometry_msgs/msg/detail/quaternion__rosidl_typesupport_introspection_c.h
[18.651s] -- Symlinking: /home/ubuntu/microros_ws/install/geometry_msgs/include/geometry_msgs/geometry_msgs/msg/detail/quaternion_stamped__rosidl_typesupport_introspection_c.h
[18.730s] -- Symlinking: /home/ubuntu/microros_ws/install/geometry_msgs/include/geometry_msgs/geometry_msgs/msg/detail/transform__rosidl_typesupport_introspection_c.h
[18.793s] -- Symlinking: /home/ubuntu/microros_ws/install/geometry_msgs/include/geometry_msgs/geometry_msgs/msg/detail/transform_stamped__rosidl_typesupport_introspection_c.h
[18.866s] -- Symlinking: /home/ubuntu/microros_ws/install/geometry_msgs/include/geometry_msgs/geometry_msgs/msg/detail/twist__rosidl_typesupport_introspection_c.h
[18.912s] -- Symlinking: /home/ubuntu/microros_ws/install/geometry_msgs/include/geometry_msgs/geometry_msgs/msg/detail/twist_stamped__rosidl_typesupport_introspection_c.h
[18.963s] -- Symlinking: /home/ubuntu/microros_ws/install/geometry_msgs/include/geometry_msgs/geometry_msgs/msg/detail/twist_with_covariance__rosidl_typesupport_introspection_c.h
[19.011s] -- Symlinking: /home/ubuntu/microros_ws/install/geometry_msgs/include/geometry_msgs/geometry_msgs/msg/detail/twist_with_covariance_stamped__rosidl_typesupport_introspection_c.h
[19.073s] -- Symlinking: /home/ubuntu/microros_ws/install/geometry_msgs/include/geometry_msgs/geometry_msgs/msg/detail/vector3__rosidl_typesupport_introspection_c.h
[19.116s] -- Symlinking: /home/ubuntu/microros_ws/install/geometry_msgs/include/geometry_msgs/geometry_msgs/msg/detail/vector3_stamped__rosidl_typesupport_introspection_c.h
[19.177s] -- Symlinking: /home/ubuntu/microros_ws/install/geometry_msgs/include/geometry_msgs/geometry_msgs/msg/detail/velocity_stamped__rosidl_typesupport_introspection_c.h
[19.230s] -- Symlinking: /home/ubuntu/microros_ws/install/geometry_msgs/include/geometry_msgs/geometry_msgs/msg/detail/wrench__rosidl_typesupport_introspection_c.h
[19.277s] -- Symlinking: /home/ubuntu/microros_ws/install/geometry_msgs/include/geometry_msgs/geometry_msgs/msg/detail/wrench_stamped__rosidl_typesupport_introspection_c.h
[19.331s] -- Symlinking: /home/ubuntu/microros_ws/install/geometry_msgs/include/geometry_msgs/geometry_msgs/msg/rosidl_typesupport_introspection_c__visibility_control.h
[19.395s] -- Symlinking: /home/ubuntu/microros_ws/install/geometry_msgs/include/geometry_msgs/geometry_msgs/msg/accel.hpp
[19.450s] -- Symlinking: /home/ubuntu/microros_ws/install/geometry_msgs/include/geometry_msgs/geometry_msgs/msg/accel_stamped.hpp
[19.505s] -- Symlinking: /home/ubuntu/microros_ws/install/geometry_msgs/include/geometry_msgs/geometry_msgs/msg/accel_with_covariance.hpp
[19.558s] -- Symlinking: /home/ubuntu/microros_ws/install/geometry_msgs/include/geometry_msgs/geometry_msgs/msg/accel_with_covariance_stamped.hpp
[19.610s] -- Symlinking: /home/ubuntu/microros_ws/install/geometry_msgs/include/geometry_msgs/geometry_msgs/msg/detail/accel__builder.hpp
[19.677s] -- Symlinking: /home/ubuntu/microros_ws/install/geometry_msgs/include/geometry_msgs/geometry_msgs/msg/detail/accel__struct.hpp
[19.726s] -- Symlinking: /home/ubuntu/microros_ws/install/geometry_msgs/include/geometry_msgs/geometry_msgs/msg/detail/accel__traits.hpp
[19.798s] -- Symlinking: /home/ubuntu/microros_ws/install/geometry_msgs/include/geometry_msgs/geometry_msgs/msg/detail/accel_stamped__builder.hpp
[19.861s] -- Symlinking: /home/ubuntu/microros_ws/install/geometry_msgs/include/geometry_msgs/geometry_msgs/msg/detail/accel_stamped__struct.hpp
[19.905s] -- Symlinking: /home/ubuntu/microros_ws/install/geometry_msgs/include/geometry_msgs/geometry_msgs/msg/detail/accel_stamped__traits.hpp
[19.987s] -- Symlinking: /home/ubuntu/microros_ws/install/geometry_msgs/include/geometry_msgs/geometry_msgs/msg/detail/accel_with_covariance__builder.hpp
[20.028s] -- Symlinking: /home/ubuntu/microros_ws/install/geometry_msgs/include/geometry_msgs/geometry_msgs/msg/detail/accel_with_covariance__struct.hpp
[20.084s] -- Symlinking: /home/ubuntu/microros_ws/install/geometry_msgs/include/geometry_msgs/geometry_msgs/msg/detail/accel_with_covariance__traits.hpp
[20.126s] -- Symlinking: /home/ubuntu/microros_ws/install/geometry_msgs/include/geometry_msgs/geometry_msgs/msg/detail/accel_with_covariance_stamped__builder.hpp
[20.172s] -- Symlinking: /home/ubuntu/microros_ws/install/geometry_msgs/include/geometry_msgs/geometry_msgs/msg/detail/accel_with_covariance_stamped__struct.hpp
[20.213s] -- Symlinking: /home/ubuntu/microros_ws/install/geometry_msgs/include/geometry_msgs/geometry_msgs/msg/detail/accel_with_covariance_stamped__traits.hpp
[20.258s] -- Symlinking: /home/ubuntu/microros_ws/install/geometry_msgs/include/geometry_msgs/geometry_msgs/msg/detail/inertia__builder.hpp
[20.299s] -- Symlinking: /home/ubuntu/microros_ws/install/geometry_msgs/include/geometry_msgs/geometry_msgs/msg/detail/inertia__struct.hpp
[20.354s] -- Symlinking: /home/ubuntu/microros_ws/install/geometry_msgs/include/geometry_msgs/geometry_msgs/msg/detail/inertia__traits.hpp
[20.398s] -- Symlinking: /home/ubuntu/microros_ws/install/geometry_msgs/include/geometry_msgs/geometry_msgs/msg/detail/inertia_stamped__builder.hpp
[20.438s] -- Symlinking: /home/ubuntu/microros_ws/install/geometry_msgs/include/geometry_msgs/geometry_msgs/msg/detail/inertia_stamped__struct.hpp
[20.481s] -- Symlinking: /home/ubuntu/microros_ws/install/geometry_msgs/include/geometry_msgs/geometry_msgs/msg/detail/inertia_stamped__traits.hpp
[20.521s] -- Symlinking: /home/ubuntu/microros_ws/install/geometry_msgs/include/geometry_msgs/geometry_msgs/msg/detail/point32__builder.hpp
[20.575s] -- Symlinking: /home/ubuntu/microros_ws/install/geometry_msgs/include/geometry_msgs/geometry_msgs/msg/detail/point32__struct.hpp
[20.673s] -- Symlinking: /home/ubuntu/microros_ws/install/geometry_msgs/include/geometry_msgs/geometry_msgs/msg/detail/point32__traits.hpp
[20.723s] -- Symlinking: /home/ubuntu/microros_ws/install/geometry_msgs/include/geometry_msgs/geometry_msgs/msg/detail/point__builder.hpp
[20.788s] -- Symlinking: /home/ubuntu/microros_ws/install/geometry_msgs/include/geometry_msgs/geometry_msgs/msg/detail/point__struct.hpp
[20.829s] -- Symlinking: /home/ubuntu/microros_ws/install/geometry_msgs/include/geometry_msgs/geometry_msgs/msg/detail/point__traits.hpp
[20.896s] -- Symlinking: /home/ubuntu/microros_ws/install/geometry_msgs/include/geometry_msgs/geometry_msgs/msg/detail/point_stamped__builder.hpp
[20.966s] -- Symlinking: /home/ubuntu/microros_ws/install/geometry_msgs/include/geometry_msgs/geometry_msgs/msg/detail/point_stamped__struct.hpp
[21.009s] -- Symlinking: /home/ubuntu/microros_ws/install/geometry_msgs/include/geometry_msgs/geometry_msgs/msg/detail/point_stamped__traits.hpp
[21.067s] -- Symlinking: /home/ubuntu/microros_ws/install/geometry_msgs/include/geometry_msgs/geometry_msgs/msg/detail/polygon__builder.hpp
[21.119s] -- Symlinking: /home/ubuntu/microros_ws/install/geometry_msgs/include/geometry_msgs/geometry_msgs/msg/detail/polygon__struct.hpp
[21.167s] -- Symlinking: /home/ubuntu/microros_ws/install/geometry_msgs/include/geometry_msgs/geometry_msgs/msg/detail/polygon__traits.hpp
[21.216s] -- Symlinking: /home/ubuntu/microros_ws/install/geometry_msgs/include/geometry_msgs/geometry_msgs/msg/detail/polygon_stamped__builder.hpp
[21.268s] -- Symlinking: /home/ubuntu/microros_ws/install/geometry_msgs/include/geometry_msgs/geometry_msgs/msg/detail/polygon_stamped__struct.hpp
[21.314s] -- Symlinking: /home/ubuntu/microros_ws/install/geometry_msgs/include/geometry_msgs/geometry_msgs/msg/detail/polygon_stamped__traits.hpp
[21.368s] -- Symlinking: /home/ubuntu/microros_ws/install/geometry_msgs/include/geometry_msgs/geometry_msgs/msg/detail/pose2_d__builder.hpp
[21.432s] -- Symlinking: /home/ubuntu/microros_ws/install/geometry_msgs/include/geometry_msgs/geometry_msgs/msg/detail/pose2_d__struct.hpp
[21.494s] -- Symlinking: /home/ubuntu/microros_ws/install/geometry_msgs/include/geometry_msgs/geometry_msgs/msg/detail/pose2_d__traits.hpp
[21.571s] -- Symlinking: /home/ubuntu/microros_ws/install/geometry_msgs/include/geometry_msgs/geometry_msgs/msg/detail/pose__builder.hpp
[21.626s] -- Symlinking: /home/ubuntu/microros_ws/install/geometry_msgs/include/geometry_msgs/geometry_msgs/msg/detail/pose__struct.hpp
[21.685s] -- Symlinking: /home/ubuntu/microros_ws/install/geometry_msgs/include/geometry_msgs/geometry_msgs/msg/detail/pose__traits.hpp
[21.744s] -- Symlinking: /home/ubuntu/microros_ws/install/geometry_msgs/include/geometry_msgs/geometry_msgs/msg/detail/pose_array__builder.hpp
[21.796s] -- Symlinking: /home/ubuntu/microros_ws/install/geometry_msgs/include/geometry_msgs/geometry_msgs/msg/detail/pose_array__struct.hpp
[21.847s] -- Symlinking: /home/ubuntu/microros_ws/install/geometry_msgs/include/geometry_msgs/geometry_msgs/msg/detail/pose_array__traits.hpp
[21.887s] -- Symlinking: /home/ubuntu/microros_ws/install/geometry_msgs/include/geometry_msgs/geometry_msgs/msg/detail/pose_stamped__builder.hpp
[21.938s] -- Symlinking: /home/ubuntu/microros_ws/install/geometry_msgs/include/geometry_msgs/geometry_msgs/msg/detail/pose_stamped__struct.hpp
[21.985s] -- Symlinking: /home/ubuntu/microros_ws/install/geometry_msgs/include/geometry_msgs/geometry_msgs/msg/detail/pose_stamped__traits.hpp
[22.026s] -- Symlinking: /home/ubuntu/microros_ws/install/geometry_msgs/include/geometry_msgs/geometry_msgs/msg/detail/pose_with_covariance__builder.hpp
[22.092s] -- Symlinking: /home/ubuntu/microros_ws/install/geometry_msgs/include/geometry_msgs/geometry_msgs/msg/detail/pose_with_covariance__struct.hpp
[22.169s] -- Symlinking: /home/ubuntu/microros_ws/install/geometry_msgs/include/geometry_msgs/geometry_msgs/msg/detail/pose_with_covariance__traits.hpp
[22.222s] -- Symlinking: /home/ubuntu/microros_ws/install/geometry_msgs/include/geometry_msgs/geometry_msgs/msg/detail/pose_with_covariance_stamped__builder.hpp
[22.276s] -- Symlinking: /home/ubuntu/microros_ws/install/geometry_msgs/include/geometry_msgs/geometry_msgs/msg/detail/pose_with_covariance_stamped__struct.hpp
[22.325s] -- Symlinking: /home/ubuntu/microros_ws/install/geometry_msgs/include/geometry_msgs/geometry_msgs/msg/detail/pose_with_covariance_stamped__traits.hpp
[22.376s] -- Symlinking: /home/ubuntu/microros_ws/install/geometry_msgs/include/geometry_msgs/geometry_msgs/msg/detail/quaternion__builder.hpp
[22.428s] -- Symlinking: /home/ubuntu/microros_ws/install/geometry_msgs/include/geometry_msgs/geometry_msgs/msg/detail/quaternion__struct.hpp
[22.495s] -- Symlinking: /home/ubuntu/microros_ws/install/geometry_msgs/include/geometry_msgs/geometry_msgs/msg/detail/quaternion__traits.hpp
[22.565s] -- Symlinking: /home/ubuntu/microros_ws/install/geometry_msgs/include/geometry_msgs/geometry_msgs/msg/detail/quaternion_stamped__builder.hpp
[22.607s] -- Symlinking: /home/ubuntu/microros_ws/install/geometry_msgs/include/geometry_msgs/geometry_msgs/msg/detail/quaternion_stamped__struct.hpp
[22.656s] -- Symlinking: /home/ubuntu/microros_ws/install/geometry_msgs/include/geometry_msgs/geometry_msgs/msg/detail/quaternion_stamped__traits.hpp
[22.701s] -- Symlinking: /home/ubuntu/microros_ws/install/geometry_msgs/include/geometry_msgs/geometry_msgs/msg/detail/transform__builder.hpp
[22.753s] -- Symlinking: /home/ubuntu/microros_ws/install/geometry_msgs/include/geometry_msgs/geometry_msgs/msg/detail/transform__struct.hpp
[22.816s] -- Symlinking: /home/ubuntu/microros_ws/install/geometry_msgs/include/geometry_msgs/geometry_msgs/msg/detail/transform__traits.hpp
[22.878s] -- Symlinking: /home/ubuntu/microros_ws/install/geometry_msgs/include/geometry_msgs/geometry_msgs/msg/detail/transform_stamped__builder.hpp
[22.918s] -- Symlinking: /home/ubuntu/microros_ws/install/geometry_msgs/include/geometry_msgs/geometry_msgs/msg/detail/transform_stamped__struct.hpp
[22.982s] -- Symlinking: /home/ubuntu/microros_ws/install/geometry_msgs/include/geometry_msgs/geometry_msgs/msg/detail/transform_stamped__traits.hpp
[23.026s] -- Symlinking: /home/ubuntu/microros_ws/install/geometry_msgs/include/geometry_msgs/geometry_msgs/msg/detail/twist__builder.hpp
[23.077s] -- Symlinking: /home/ubuntu/microros_ws/install/geometry_msgs/include/geometry_msgs/geometry_msgs/msg/detail/twist__struct.hpp
[23.121s] -- Symlinking: /home/ubuntu/microros_ws/install/geometry_msgs/include/geometry_msgs/geometry_msgs/msg/detail/twist__traits.hpp
[23.173s] -- Symlinking: /home/ubuntu/microros_ws/install/geometry_msgs/include/geometry_msgs/geometry_msgs/msg/detail/twist_stamped__builder.hpp
[23.211s] -- Symlinking: /home/ubuntu/microros_ws/install/geometry_msgs/include/geometry_msgs/geometry_msgs/msg/detail/twist_stamped__struct.hpp
[23.261s] -- Symlinking: /home/ubuntu/microros_ws/install/geometry_msgs/include/geometry_msgs/geometry_msgs/msg/detail/twist_stamped__traits.hpp
[23.307s] -- Symlinking: /home/ubuntu/microros_ws/install/geometry_msgs/include/geometry_msgs/geometry_msgs/msg/detail/twist_with_covariance__builder.hpp
[23.355s] -- Symlinking: /home/ubuntu/microros_ws/install/geometry_msgs/include/geometry_msgs/geometry_msgs/msg/detail/twist_with_covariance__struct.hpp
[23.401s] -- Symlinking: /home/ubuntu/microros_ws/install/geometry_msgs/include/geometry_msgs/geometry_msgs/msg/detail/twist_with_covariance__traits.hpp
[23.473s] -- Symlinking: /home/ubuntu/microros_ws/install/geometry_msgs/include/geometry_msgs/geometry_msgs/msg/detail/twist_with_covariance_stamped__builder.hpp
[23.525s] -- Symlinking: /home/ubuntu/microros_ws/install/geometry_msgs/include/geometry_msgs/geometry_msgs/msg/detail/twist_with_covariance_stamped__struct.hpp
[23.576s] -- Symlinking: /home/ubuntu/microros_ws/install/geometry_msgs/include/geometry_msgs/geometry_msgs/msg/detail/twist_with_covariance_stamped__traits.hpp
[23.628s] -- Symlinking: /home/ubuntu/microros_ws/install/geometry_msgs/include/geometry_msgs/geometry_msgs/msg/detail/vector3__builder.hpp
[23.679s] -- Symlinking: /home/ubuntu/microros_ws/install/geometry_msgs/include/geometry_msgs/geometry_msgs/msg/detail/vector3__struct.hpp
[23.719s] -- Symlinking: /home/ubuntu/microros_ws/install/geometry_msgs/include/geometry_msgs/geometry_msgs/msg/detail/vector3__traits.hpp
[23.779s] -- Symlinking: /home/ubuntu/microros_ws/install/geometry_msgs/include/geometry_msgs/geometry_msgs/msg/detail/vector3_stamped__builder.hpp
[23.833s] -- Symlinking: /home/ubuntu/microros_ws/install/geometry_msgs/include/geometry_msgs/geometry_msgs/msg/detail/vector3_stamped__struct.hpp
[23.898s] -- Symlinking: /home/ubuntu/microros_ws/install/geometry_msgs/include/geometry_msgs/geometry_msgs/msg/detail/vector3_stamped__traits.hpp
[23.947s] -- Symlinking: /home/ubuntu/microros_ws/install/geometry_msgs/include/geometry_msgs/geometry_msgs/msg/detail/velocity_stamped__builder.hpp
[24.000s] -- Symlinking: /home/ubuntu/microros_ws/install/geometry_msgs/include/geometry_msgs/geometry_msgs/msg/detail/velocity_stamped__struct.hpp
[24.047s] -- Symlinking: /home/ubuntu/microros_ws/install/geometry_msgs/include/geometry_msgs/geometry_msgs/msg/detail/velocity_stamped__traits.hpp
[24.093s] -- Symlinking: /home/ubuntu/microros_ws/install/geometry_msgs/include/geometry_msgs/geometry_msgs/msg/detail/wrench__builder.hpp
[24.139s] -- Symlinking: /home/ubuntu/microros_ws/install/geometry_msgs/include/geometry_msgs/geometry_msgs/msg/detail/wrench__struct.hpp
[24.195s] -- Symlinking: /home/ubuntu/microros_ws/install/geometry_msgs/include/geometry_msgs/geometry_msgs/msg/detail/wrench__traits.hpp
[24.260s] -- Symlinking: /home/ubuntu/microros_ws/install/geometry_msgs/include/geometry_msgs/geometry_msgs/msg/detail/wrench_stamped__builder.hpp
[24.322s] -- Symlinking: /home/ubuntu/microros_ws/install/geometry_msgs/include/geometry_msgs/geometry_msgs/msg/detail/wrench_stamped__struct.hpp
[24.370s] -- Symlinking: /home/ubuntu/microros_ws/install/geometry_msgs/include/geometry_msgs/geometry_msgs/msg/detail/wrench_stamped__traits.hpp
[24.421s] -- Symlinking: /home/ubuntu/microros_ws/install/geometry_msgs/include/geometry_msgs/geometry_msgs/msg/inertia.hpp
[24.483s] -- Symlinking: /home/ubuntu/microros_ws/install/geometry_msgs/include/geometry_msgs/geometry_msgs/msg/inertia_stamped.hpp
[24.537s] -- Symlinking: /home/ubuntu/microros_ws/install/geometry_msgs/include/geometry_msgs/geometry_msgs/msg/point.hpp
[24.588s] -- Symlinking: /home/ubuntu/microros_ws/install/geometry_msgs/include/geometry_msgs/geometry_msgs/msg/point32.hpp
[24.648s] -- Symlinking: /home/ubuntu/microros_ws/install/geometry_msgs/include/geometry_msgs/geometry_msgs/msg/point_stamped.hpp
[24.695s] -- Symlinking: /home/ubuntu/microros_ws/install/geometry_msgs/include/geometry_msgs/geometry_msgs/msg/polygon.hpp
[24.739s] -- Symlinking: /home/ubuntu/microros_ws/install/geometry_msgs/include/geometry_msgs/geometry_msgs/msg/polygon_stamped.hpp
[24.787s] -- Symlinking: /home/ubuntu/microros_ws/install/geometry_msgs/include/geometry_msgs/geometry_msgs/msg/pose.hpp
[24.836s] -- Symlinking: /home/ubuntu/microros_ws/install/geometry_msgs/include/geometry_msgs/geometry_msgs/msg/pose2_d.hpp
[24.907s] -- Symlinking: /home/ubuntu/microros_ws/install/geometry_msgs/include/geometry_msgs/geometry_msgs/msg/pose_array.hpp
[24.977s] -- Symlinking: /home/ubuntu/microros_ws/install/geometry_msgs/include/geometry_msgs/geometry_msgs/msg/pose_stamped.hpp
[25.028s] -- Symlinking: /home/ubuntu/microros_ws/install/geometry_msgs/include/geometry_msgs/geometry_msgs/msg/pose_with_covariance.hpp
[25.106s] -- Symlinking: /home/ubuntu/microros_ws/install/geometry_msgs/include/geometry_msgs/geometry_msgs/msg/pose_with_covariance_stamped.hpp
[25.164s] -- Symlinking: /home/ubuntu/microros_ws/install/geometry_msgs/include/geometry_msgs/geometry_msgs/msg/quaternion.hpp
[25.214s] -- Symlinking: /home/ubuntu/microros_ws/install/geometry_msgs/include/geometry_msgs/geometry_msgs/msg/quaternion_stamped.hpp
[25.261s] -- Symlinking: /home/ubuntu/microros_ws/install/geometry_msgs/include/geometry_msgs/geometry_msgs/msg/transform.hpp
[25.315s] -- Symlinking: /home/ubuntu/microros_ws/install/geometry_msgs/include/geometry_msgs/geometry_msgs/msg/transform_stamped.hpp
[25.360s] -- Symlinking: /home/ubuntu/microros_ws/install/geometry_msgs/include/geometry_msgs/geometry_msgs/msg/twist.hpp
[25.406s] -- Symlinking: /home/ubuntu/microros_ws/install/geometry_msgs/include/geometry_msgs/geometry_msgs/msg/twist_stamped.hpp
[25.453s] -- Symlinking: /home/ubuntu/microros_ws/install/geometry_msgs/include/geometry_msgs/geometry_msgs/msg/twist_with_covariance.hpp
[25.500s] -- Symlinking: /home/ubuntu/microros_ws/install/geometry_msgs/include/geometry_msgs/geometry_msgs/msg/twist_with_covariance_stamped.hpp
[25.541s] -- Symlinking: /home/ubuntu/microros_ws/install/geometry_msgs/include/geometry_msgs/geometry_msgs/msg/vector3.hpp
[25.588s] -- Symlinking: /home/ubuntu/microros_ws/install/geometry_msgs/include/geometry_msgs/geometry_msgs/msg/vector3_stamped.hpp
[25.645s] -- Symlinking: /home/ubuntu/microros_ws/install/geometry_msgs/include/geometry_msgs/geometry_msgs/msg/velocity_stamped.hpp
[25.705s] -- Symlinking: /home/ubuntu/microros_ws/install/geometry_msgs/include/geometry_msgs/geometry_msgs/msg/wrench.hpp
[25.775s] -- Symlinking: /home/ubuntu/microros_ws/install/geometry_msgs/include/geometry_msgs/geometry_msgs/msg/wrench_stamped.hpp
[25.852s] -- Symlinking: /home/ubuntu/microros_ws/install/geometry_msgs/include/geometry_msgs/geometry_msgs/msg/detail/accel__rosidl_typesupport_fastrtps_cpp.hpp
[25.911s] -- Symlinking: /home/ubuntu/microros_ws/install/geometry_msgs/include/geometry_msgs/geometry_msgs/msg/detail/accel_stamped__rosidl_typesupport_fastrtps_cpp.hpp
[25.959s] -- Symlinking: /home/ubuntu/microros_ws/install/geometry_msgs/include/geometry_msgs/geometry_msgs/msg/detail/accel_with_covariance__rosidl_typesupport_fastrtps_cpp.hpp
[25.999s] -- Symlinking: /home/ubuntu/microros_ws/install/geometry_msgs/include/geometry_msgs/geometry_msgs/msg/detail/accel_with_covariance_stamped__rosidl_typesupport_fastrtps_cpp.hpp
[26.054s] -- Symlinking: /home/ubuntu/microros_ws/install/geometry_msgs/include/geometry_msgs/geometry_msgs/msg/detail/inertia__rosidl_typesupport_fastrtps_cpp.hpp
[26.126s] -- Symlinking: /home/ubuntu/microros_ws/install/geometry_msgs/include/geometry_msgs/geometry_msgs/msg/detail/inertia_stamped__rosidl_typesupport_fastrtps_cpp.hpp
[26.204s] -- Symlinking: /home/ubuntu/microros_ws/install/geometry_msgs/include/geometry_msgs/geometry_msgs/msg/detail/point32__rosidl_typesupport_fastrtps_cpp.hpp
[26.268s] -- Symlinking: /home/ubuntu/microros_ws/install/geometry_msgs/include/geometry_msgs/geometry_msgs/msg/detail/point__rosidl_typesupport_fastrtps_cpp.hpp
[26.321s] -- Symlinking: /home/ubuntu/microros_ws/install/geometry_msgs/include/geometry_msgs/geometry_msgs/msg/detail/point_stamped__rosidl_typesupport_fastrtps_cpp.hpp
[26.401s] -- Symlinking: /home/ubuntu/microros_ws/install/geometry_msgs/include/geometry_msgs/geometry_msgs/msg/detail/polygon__rosidl_typesupport_fastrtps_cpp.hpp
[26.481s] -- Symlinking: /home/ubuntu/microros_ws/install/geometry_msgs/include/geometry_msgs/geometry_msgs/msg/detail/polygon_stamped__rosidl_typesupport_fastrtps_cpp.hpp
[26.552s] -- Symlinking: /home/ubuntu/microros_ws/install/geometry_msgs/include/geometry_msgs/geometry_msgs/msg/detail/pose2_d__rosidl_typesupport_fastrtps_cpp.hpp
[26.596s] -- Symlinking: /home/ubuntu/microros_ws/install/geometry_msgs/include/geometry_msgs/geometry_msgs/msg/detail/pose__rosidl_typesupport_fastrtps_cpp.hpp
[26.646s] -- Symlinking: /home/ubuntu/microros_ws/install/geometry_msgs/include/geometry_msgs/geometry_msgs/msg/detail/pose_array__rosidl_typesupport_fastrtps_cpp.hpp
[26.733s] -- Symlinking: /home/ubuntu/microros_ws/install/geometry_msgs/include/geometry_msgs/geometry_msgs/msg/detail/pose_stamped__rosidl_typesupport_fastrtps_cpp.hpp
[26.800s] -- Symlinking: /home/ubuntu/microros_ws/install/geometry_msgs/include/geometry_msgs/geometry_msgs/msg/detail/pose_with_covariance__rosidl_typesupport_fastrtps_cpp.hpp
[26.880s] -- Symlinking: /home/ubuntu/microros_ws/install/geometry_msgs/include/geometry_msgs/geometry_msgs/msg/detail/pose_with_covariance_stamped__rosidl_typesupport_fastrtps_cpp.hpp
[26.935s] -- Symlinking: /home/ubuntu/microros_ws/install/geometry_msgs/include/geometry_msgs/geometry_msgs/msg/detail/quaternion__rosidl_typesupport_fastrtps_cpp.hpp
[26.979s] -- Symlinking: /home/ubuntu/microros_ws/install/geometry_msgs/include/geometry_msgs/geometry_msgs/msg/detail/quaternion_stamped__rosidl_typesupport_fastrtps_cpp.hpp
[27.029s] -- Symlinking: /home/ubuntu/microros_ws/install/geometry_msgs/include/geometry_msgs/geometry_msgs/msg/detail/transform__rosidl_typesupport_fastrtps_cpp.hpp
[27.102s] -- Symlinking: /home/ubuntu/microros_ws/install/geometry_msgs/include/geometry_msgs/geometry_msgs/msg/detail/transform_stamped__rosidl_typesupport_fastrtps_cpp.hpp
[27.157s] -- Symlinking: /home/ubuntu/microros_ws/install/geometry_msgs/include/geometry_msgs/geometry_msgs/msg/detail/twist__rosidl_typesupport_fastrtps_cpp.hpp
[27.202s] -- Symlinking: /home/ubuntu/microros_ws/install/geometry_msgs/include/geometry_msgs/geometry_msgs/msg/detail/twist_stamped__rosidl_typesupport_fastrtps_cpp.hpp
[27.247s] -- Symlinking: /home/ubuntu/microros_ws/install/geometry_msgs/include/geometry_msgs/geometry_msgs/msg/detail/twist_with_covariance__rosidl_typesupport_fastrtps_cpp.hpp
[27.310s] -- Symlinking: /home/ubuntu/microros_ws/install/geometry_msgs/include/geometry_msgs/geometry_msgs/msg/detail/twist_with_covariance_stamped__rosidl_typesupport_fastrtps_cpp.hpp
[27.355s] -- Symlinking: /home/ubuntu/microros_ws/install/geometry_msgs/include/geometry_msgs/geometry_msgs/msg/detail/vector3__rosidl_typesupport_fastrtps_cpp.hpp
[27.403s] -- Symlinking: /home/ubuntu/microros_ws/install/geometry_msgs/include/geometry_msgs/geometry_msgs/msg/detail/vector3_stamped__rosidl_typesupport_fastrtps_cpp.hpp
[27.449s] -- Symlinking: /home/ubuntu/microros_ws/install/geometry_msgs/include/geometry_msgs/geometry_msgs/msg/detail/velocity_stamped__rosidl_typesupport_fastrtps_cpp.hpp
[27.498s] -- Symlinking: /home/ubuntu/microros_ws/install/geometry_msgs/include/geometry_msgs/geometry_msgs/msg/detail/wrench__rosidl_typesupport_fastrtps_cpp.hpp
[27.545s] -- Symlinking: /home/ubuntu/microros_ws/install/geometry_msgs/include/geometry_msgs/geometry_msgs/msg/detail/wrench_stamped__rosidl_typesupport_fastrtps_cpp.hpp
[27.596s] -- Symlinking: /home/ubuntu/microros_ws/install/geometry_msgs/include/geometry_msgs/geometry_msgs/msg/rosidl_typesupport_fastrtps_cpp__visibility_control.h
[27.650s] -- Symlinking: /home/ubuntu/microros_ws/install/geometry_msgs/include/geometry_msgs/geometry_msgs/msg/detail/accel__rosidl_typesupport_introspection_cpp.hpp
[27.698s] -- Symlinking: /home/ubuntu/microros_ws/install/geometry_msgs/include/geometry_msgs/geometry_msgs/msg/detail/accel_stamped__rosidl_typesupport_introspection_cpp.hpp
[27.743s] -- Symlinking: /home/ubuntu/microros_ws/install/geometry_msgs/include/geometry_msgs/geometry_msgs/msg/detail/accel_with_covariance__rosidl_typesupport_introspection_cpp.hpp
[27.801s] -- Symlinking: /home/ubuntu/microros_ws/install/geometry_msgs/include/geometry_msgs/geometry_msgs/msg/detail/accel_with_covariance_stamped__rosidl_typesupport_introspection_cpp.hpp
[27.853s] -- Symlinking: /home/ubuntu/microros_ws/install/geometry_msgs/include/geometry_msgs/geometry_msgs/msg/detail/inertia__rosidl_typesupport_introspection_cpp.hpp
[27.902s] -- Symlinking: /home/ubuntu/microros_ws/install/geometry_msgs/include/geometry_msgs/geometry_msgs/msg/detail/inertia_stamped__rosidl_typesupport_introspection_cpp.hpp
[27.945s] -- Symlinking: /home/ubuntu/microros_ws/install/geometry_msgs/include/geometry_msgs/geometry_msgs/msg/detail/point32__rosidl_typesupport_introspection_cpp.hpp
[28.003s] -- Symlinking: /home/ubuntu/microros_ws/install/geometry_msgs/include/geometry_msgs/geometry_msgs/msg/detail/point__rosidl_typesupport_introspection_cpp.hpp
[28.043s] -- Symlinking: /home/ubuntu/microros_ws/install/geometry_msgs/include/geometry_msgs/geometry_msgs/msg/detail/point_stamped__rosidl_typesupport_introspection_cpp.hpp
[28.109s] -- Symlinking: /home/ubuntu/microros_ws/install/geometry_msgs/include/geometry_msgs/geometry_msgs/msg/detail/polygon__rosidl_typesupport_introspection_cpp.hpp
[28.170s] -- Symlinking: /home/ubuntu/microros_ws/install/geometry_msgs/include/geometry_msgs/geometry_msgs/msg/detail/polygon_stamped__rosidl_typesupport_introspection_cpp.hpp
[28.236s] -- Symlinking: /home/ubuntu/microros_ws/install/geometry_msgs/include/geometry_msgs/geometry_msgs/msg/detail/pose2_d__rosidl_typesupport_introspection_cpp.hpp
[28.295s] -- Symlinking: /home/ubuntu/microros_ws/install/geometry_msgs/include/geometry_msgs/geometry_msgs/msg/detail/pose__rosidl_typesupport_introspection_cpp.hpp
[28.344s] -- Symlinking: /home/ubuntu/microros_ws/install/geometry_msgs/include/geometry_msgs/geometry_msgs/msg/detail/pose_array__rosidl_typesupport_introspection_cpp.hpp
[28.397s] -- Symlinking: /home/ubuntu/microros_ws/install/geometry_msgs/include/geometry_msgs/geometry_msgs/msg/detail/pose_stamped__rosidl_typesupport_introspection_cpp.hpp
[28.442s] -- Symlinking: /home/ubuntu/microros_ws/install/geometry_msgs/include/geometry_msgs/geometry_msgs/msg/detail/pose_with_covariance__rosidl_typesupport_introspection_cpp.hpp
[28.501s] -- Symlinking: /home/ubuntu/microros_ws/install/geometry_msgs/include/geometry_msgs/geometry_msgs/msg/detail/pose_with_covariance_stamped__rosidl_typesupport_introspection_cpp.hpp
[28.547s] -- Symlinking: /home/ubuntu/microros_ws/install/geometry_msgs/include/geometry_msgs/geometry_msgs/msg/detail/quaternion__rosidl_typesupport_introspection_cpp.hpp
[28.591s] -- Symlinking: /home/ubuntu/microros_ws/install/geometry_msgs/include/geometry_msgs/geometry_msgs/msg/detail/quaternion_stamped__rosidl_typesupport_introspection_cpp.hpp
[28.632s] -- Symlinking: /home/ubuntu/microros_ws/install/geometry_msgs/include/geometry_msgs/geometry_msgs/msg/detail/transform__rosidl_typesupport_introspection_cpp.hpp
[28.680s] -- Symlinking: /home/ubuntu/microros_ws/install/geometry_msgs/include/geometry_msgs/geometry_msgs/msg/detail/transform_stamped__rosidl_typesupport_introspection_cpp.hpp
[28.724s] -- Symlinking: /home/ubuntu/microros_ws/install/geometry_msgs/include/geometry_msgs/geometry_msgs/msg/detail/twist__rosidl_typesupport_introspection_cpp.hpp
[28.798s] -- Symlinking: /home/ubuntu/microros_ws/install/geometry_msgs/include/geometry_msgs/geometry_msgs/msg/detail/twist_stamped__rosidl_typesupport_introspection_cpp.hpp
[28.850s] -- Symlinking: /home/ubuntu/microros_ws/install/geometry_msgs/include/geometry_msgs/geometry_msgs/msg/detail/twist_with_covariance__rosidl_typesupport_introspection_cpp.hpp
[28.910s] -- Symlinking: /home/ubuntu/microros_ws/install/geometry_msgs/include/geometry_msgs/geometry_msgs/msg/detail/twist_with_covariance_stamped__rosidl_typesupport_introspection_cpp.hpp
[28.954s] -- Symlinking: /home/ubuntu/microros_ws/install/geometry_msgs/include/geometry_msgs/geometry_msgs/msg/detail/vector3__rosidl_typesupport_introspection_cpp.hpp
[29.036s] -- Symlinking: /home/ubuntu/microros_ws/install/geometry_msgs/include/geometry_msgs/geometry_msgs/msg/detail/vector3_stamped__rosidl_typesupport_introspection_cpp.hpp
[29.106s] -- Symlinking: /home/ubuntu/microros_ws/install/geometry_msgs/include/geometry_msgs/geometry_msgs/msg/detail/velocity_stamped__rosidl_typesupport_introspection_cpp.hpp
[29.177s] -- Symlinking: /home/ubuntu/microros_ws/install/geometry_msgs/include/geometry_msgs/geometry_msgs/msg/detail/wrench__rosidl_typesupport_introspection_cpp.hpp
[29.226s] -- Symlinking: /home/ubuntu/microros_ws/install/geometry_msgs/include/geometry_msgs/geometry_msgs/msg/detail/wrench_stamped__rosidl_typesupport_introspection_cpp.hpp
[29.297s] -- Symlinking: /home/ubuntu/microros_ws/install/geometry_msgs/share/geometry_msgs/environment/pythonpath.sh
[29.343s] -- Symlinking: /home/ubuntu/microros_ws/install/geometry_msgs/share/geometry_msgs/environment/pythonpath.dsv
[29.427s] -- Symlinking: /home/ubuntu/microros_ws/install/geometry_msgs/local/lib/python3.10/dist-packages/geometry_msgs-4.2.4-py3.10.egg-info/PKG-INFO
[29.491s] -- Symlinking: /home/ubuntu/microros_ws/install/geometry_msgs/local/lib/python3.10/dist-packages/geometry_msgs-4.2.4-py3.10.egg-info/SOURCES.txt
[29.535s] -- Symlinking: /home/ubuntu/microros_ws/install/geometry_msgs/local/lib/python3.10/dist-packages/geometry_msgs-4.2.4-py3.10.egg-info/dependency_links.txt
[29.597s] -- Symlinking: /home/ubuntu/microros_ws/install/geometry_msgs/local/lib/python3.10/dist-packages/geometry_msgs-4.2.4-py3.10.egg-info/top_level.txt
[29.659s] -- Symlinking: /home/ubuntu/microros_ws/install/geometry_msgs/local/lib/python3.10/dist-packages/geometry_msgs/__init__.py
[29.712s] -- Symlinking: /home/ubuntu/microros_ws/install/geometry_msgs/local/lib/python3.10/dist-packages/geometry_msgs/_geometry_msgs_s.ep.rosidl_typesupport_c.c
[29.758s] -- Symlinking: /home/ubuntu/microros_ws/install/geometry_msgs/local/lib/python3.10/dist-packages/geometry_msgs/_geometry_msgs_s.ep.rosidl_typesupport_fastrtps_c.c
[29.807s] -- Symlinking: /home/ubuntu/microros_ws/install/geometry_msgs/local/lib/python3.10/dist-packages/geometry_msgs/_geometry_msgs_s.ep.rosidl_typesupport_introspection_c.c
[29.850s] -- Symlinking: /home/ubuntu/microros_ws/install/geometry_msgs/local/lib/python3.10/dist-packages/geometry_msgs/_geometry_msgs_s.ep.rosidl_typesupport_microxrcedds_c.c
[29.899s] -- Symlinking: /home/ubuntu/microros_ws/install/geometry_msgs/local/lib/python3.10/dist-packages/geometry_msgs/geometry_msgs_s__rosidl_typesupport_c.cpython-310-aarch64-linux-gnu.so
[29.944s] -- Symlinking: /home/ubuntu/microros_ws/install/geometry_msgs/local/lib/python3.10/dist-packages/geometry_msgs/geometry_msgs_s__rosidl_typesupport_fastrtps_c.cpython-310-aarch64-linux-gnu.so
[29.990s] -- Symlinking: /home/ubuntu/microros_ws/install/geometry_msgs/local/lib/python3.10/dist-packages/geometry_msgs/geometry_msgs_s__rosidl_typesupport_introspection_c.cpython-310-aarch64-linux-gnu.so
[30.040s] -- Symlinking: /home/ubuntu/microros_ws/install/geometry_msgs/local/lib/python3.10/dist-packages/geometry_msgs/geometry_msgs_s__rosidl_typesupport_microxrcedds_c.cpython-310-aarch64-linux-gnu.so
[30.160s] -- Symlinking: /home/ubuntu/microros_ws/install/geometry_msgs/local/lib/python3.10/dist-packages/geometry_msgs/libgeometry_msgs__rosidl_generator_py.so
[30.259s] -- Symlinking: /home/ubuntu/microros_ws/install/geometry_msgs/local/lib/python3.10/dist-packages/geometry_msgs/msg/__init__.py
[30.328s] -- Symlinking: /home/ubuntu/microros_ws/install/geometry_msgs/local/lib/python3.10/dist-packages/geometry_msgs/msg/_accel.py
[30.415s] -- Symlinking: /home/ubuntu/microros_ws/install/geometry_msgs/local/lib/python3.10/dist-packages/geometry_msgs/msg/_accel_s.c
[30.419s] -- Symlinking: /home/ubuntu/microros_ws/install/geometry_msgs/local/lib/python3.10/dist-packages/geometry_msgs/msg/_accel_stamped.py
[30.425s] -- Symlinking: /home/ubuntu/microros_ws/install/geometry_msgs/local/lib/python3.10/dist-packages/geometry_msgs/msg/_accel_stamped_s.c
[30.426s] -- Symlinking: /home/ubuntu/microros_ws/install/geometry_msgs/local/lib/python3.10/dist-packages/geometry_msgs/msg/_accel_with_covariance.py
[30.470s] -- Symlinking: /home/ubuntu/microros_ws/install/geometry_msgs/local/lib/python3.10/dist-packages/geometry_msgs/msg/_accel_with_covariance_s.c
[30.525s] -- Symlinking: /home/ubuntu/microros_ws/install/geometry_msgs/local/lib/python3.10/dist-packages/geometry_msgs/msg/_accel_with_covariance_stamped.py
[30.575s] -- Symlinking: /home/ubuntu/microros_ws/install/geometry_msgs/local/lib/python3.10/dist-packages/geometry_msgs/msg/_accel_with_covariance_stamped_s.c
[30.642s] -- Symlinking: /home/ubuntu/microros_ws/install/geometry_msgs/local/lib/python3.10/dist-packages/geometry_msgs/msg/_inertia.py
[30.690s] -- Symlinking: /home/ubuntu/microros_ws/install/geometry_msgs/local/lib/python3.10/dist-packages/geometry_msgs/msg/_inertia_s.c
[30.762s] -- Symlinking: /home/ubuntu/microros_ws/install/geometry_msgs/local/lib/python3.10/dist-packages/geometry_msgs/msg/_inertia_stamped.py
[30.840s] -- Symlinking: /home/ubuntu/microros_ws/install/geometry_msgs/local/lib/python3.10/dist-packages/geometry_msgs/msg/_inertia_stamped_s.c
[30.892s] -- Symlinking: /home/ubuntu/microros_ws/install/geometry_msgs/local/lib/python3.10/dist-packages/geometry_msgs/msg/_point.py
[30.950s] -- Symlinking: /home/ubuntu/microros_ws/install/geometry_msgs/local/lib/python3.10/dist-packages/geometry_msgs/msg/_point32.py
[31.023s] -- Symlinking: /home/ubuntu/microros_ws/install/geometry_msgs/local/lib/python3.10/dist-packages/geometry_msgs/msg/_point32_s.c
[31.069s] -- Symlinking: /home/ubuntu/microros_ws/install/geometry_msgs/local/lib/python3.10/dist-packages/geometry_msgs/msg/_point_s.c
[31.123s] -- Symlinking: /home/ubuntu/microros_ws/install/geometry_msgs/local/lib/python3.10/dist-packages/geometry_msgs/msg/_point_stamped.py
[31.178s] -- Symlinking: /home/ubuntu/microros_ws/install/geometry_msgs/local/lib/python3.10/dist-packages/geometry_msgs/msg/_point_stamped_s.c
[31.242s] -- Symlinking: /home/ubuntu/microros_ws/install/geometry_msgs/local/lib/python3.10/dist-packages/geometry_msgs/msg/_polygon.py
[31.299s] -- Symlinking: /home/ubuntu/microros_ws/install/geometry_msgs/local/lib/python3.10/dist-packages/geometry_msgs/msg/_polygon_s.c
[31.351s] -- Symlinking: /home/ubuntu/microros_ws/install/geometry_msgs/local/lib/python3.10/dist-packages/geometry_msgs/msg/_polygon_stamped.py
[31.423s] -- Symlinking: /home/ubuntu/microros_ws/install/geometry_msgs/local/lib/python3.10/dist-packages/geometry_msgs/msg/_polygon_stamped_s.c
[31.467s] -- Symlinking: /home/ubuntu/microros_ws/install/geometry_msgs/local/lib/python3.10/dist-packages/geometry_msgs/msg/_pose.py
[31.533s] -- Symlinking: /home/ubuntu/microros_ws/install/geometry_msgs/local/lib/python3.10/dist-packages/geometry_msgs/msg/_pose2_d.py
[31.611s] -- Symlinking: /home/ubuntu/microros_ws/install/geometry_msgs/local/lib/python3.10/dist-packages/geometry_msgs/msg/_pose2_d_s.c
[31.661s] -- Symlinking: /home/ubuntu/microros_ws/install/geometry_msgs/local/lib/python3.10/dist-packages/geometry_msgs/msg/_pose_array.py
[31.710s] -- Symlinking: /home/ubuntu/microros_ws/install/geometry_msgs/local/lib/python3.10/dist-packages/geometry_msgs/msg/_pose_array_s.c
[31.762s] -- Symlinking: /home/ubuntu/microros_ws/install/geometry_msgs/local/lib/python3.10/dist-packages/geometry_msgs/msg/_pose_s.c
[31.820s] -- Symlinking: /home/ubuntu/microros_ws/install/geometry_msgs/local/lib/python3.10/dist-packages/geometry_msgs/msg/_pose_stamped.py
[31.898s] -- Symlinking: /home/ubuntu/microros_ws/install/geometry_msgs/local/lib/python3.10/dist-packages/geometry_msgs/msg/_pose_stamped_s.c
[31.975s] -- Symlinking: /home/ubuntu/microros_ws/install/geometry_msgs/local/lib/python3.10/dist-packages/geometry_msgs/msg/_pose_with_covariance.py
[32.040s] -- Symlinking: /home/ubuntu/microros_ws/install/geometry_msgs/local/lib/python3.10/dist-packages/geometry_msgs/msg/_pose_with_covariance_s.c
[32.086s] -- Symlinking: /home/ubuntu/microros_ws/install/geometry_msgs/local/lib/python3.10/dist-packages/geometry_msgs/msg/_pose_with_covariance_stamped.py
[32.144s] -- Symlinking: /home/ubuntu/microros_ws/install/geometry_msgs/local/lib/python3.10/dist-packages/geometry_msgs/msg/_pose_with_covariance_stamped_s.c
[32.184s] -- Symlinking: /home/ubuntu/microros_ws/install/geometry_msgs/local/lib/python3.10/dist-packages/geometry_msgs/msg/_quaternion.py
[32.255s] -- Symlinking: /home/ubuntu/microros_ws/install/geometry_msgs/local/lib/python3.10/dist-packages/geometry_msgs/msg/_quaternion_s.c
[32.325s] -- Symlinking: /home/ubuntu/microros_ws/install/geometry_msgs/local/lib/python3.10/dist-packages/geometry_msgs/msg/_quaternion_stamped.py
[32.375s] -- Symlinking: /home/ubuntu/microros_ws/install/geometry_msgs/local/lib/python3.10/dist-packages/geometry_msgs/msg/_quaternion_stamped_s.c
[32.436s] -- Symlinking: /home/ubuntu/microros_ws/install/geometry_msgs/local/lib/python3.10/dist-packages/geometry_msgs/msg/_transform.py
[32.478s] -- Symlinking: /home/ubuntu/microros_ws/install/geometry_msgs/local/lib/python3.10/dist-packages/geometry_msgs/msg/_transform_s.c
[32.541s] -- Symlinking: /home/ubuntu/microros_ws/install/geometry_msgs/local/lib/python3.10/dist-packages/geometry_msgs/msg/_transform_stamped.py
[32.584s] -- Symlinking: /home/ubuntu/microros_ws/install/geometry_msgs/local/lib/python3.10/dist-packages/geometry_msgs/msg/_transform_stamped_s.c
[32.644s] -- Symlinking: /home/ubuntu/microros_ws/install/geometry_msgs/local/lib/python3.10/dist-packages/geometry_msgs/msg/_twist.py
[32.695s] -- Symlinking: /home/ubuntu/microros_ws/install/geometry_msgs/local/lib/python3.10/dist-packages/geometry_msgs/msg/_twist_s.c
[32.748s] -- Symlinking: /home/ubuntu/microros_ws/install/geometry_msgs/local/lib/python3.10/dist-packages/geometry_msgs/msg/_twist_stamped.py
[32.823s] -- Symlinking: /home/ubuntu/microros_ws/install/geometry_msgs/local/lib/python3.10/dist-packages/geometry_msgs/msg/_twist_stamped_s.c
[32.866s] -- Symlinking: /home/ubuntu/microros_ws/install/geometry_msgs/local/lib/python3.10/dist-packages/geometry_msgs/msg/_twist_with_covariance.py
[32.917s] -- Symlinking: /home/ubuntu/microros_ws/install/geometry_msgs/local/lib/python3.10/dist-packages/geometry_msgs/msg/_twist_with_covariance_s.c
[32.971s] -- Symlinking: /home/ubuntu/microros_ws/install/geometry_msgs/local/lib/python3.10/dist-packages/geometry_msgs/msg/_twist_with_covariance_stamped.py
[33.031s] -- Symlinking: /home/ubuntu/microros_ws/install/geometry_msgs/local/lib/python3.10/dist-packages/geometry_msgs/msg/_twist_with_covariance_stamped_s.c
[33.072s] -- Symlinking: /home/ubuntu/microros_ws/install/geometry_msgs/local/lib/python3.10/dist-packages/geometry_msgs/msg/_vector3.py
[33.143s] -- Symlinking: /home/ubuntu/microros_ws/install/geometry_msgs/local/lib/python3.10/dist-packages/geometry_msgs/msg/_vector3_s.c
[33.188s] -- Symlinking: /home/ubuntu/microros_ws/install/geometry_msgs/local/lib/python3.10/dist-packages/geometry_msgs/msg/_vector3_stamped.py
[33.239s] -- Symlinking: /home/ubuntu/microros_ws/install/geometry_msgs/local/lib/python3.10/dist-packages/geometry_msgs/msg/_vector3_stamped_s.c
[33.283s] -- Symlinking: /home/ubuntu/microros_ws/install/geometry_msgs/local/lib/python3.10/dist-packages/geometry_msgs/msg/_velocity_stamped.py
[33.331s] -- Symlinking: /home/ubuntu/microros_ws/install/geometry_msgs/local/lib/python3.10/dist-packages/geometry_msgs/msg/_velocity_stamped_s.c
[33.377s] -- Symlinking: /home/ubuntu/microros_ws/install/geometry_msgs/local/lib/python3.10/dist-packages/geometry_msgs/msg/_wrench.py
[33.433s] -- Symlinking: /home/ubuntu/microros_ws/install/geometry_msgs/local/lib/python3.10/dist-packages/geometry_msgs/msg/_wrench_s.c
[33.479s] -- Symlinking: /home/ubuntu/microros_ws/install/geometry_msgs/local/lib/python3.10/dist-packages/geometry_msgs/msg/_wrench_stamped.py
[33.528s] -- Symlinking: /home/ubuntu/microros_ws/install/geometry_msgs/local/lib/python3.10/dist-packages/geometry_msgs/msg/_wrench_stamped_s.c
[33.595s] -- Up-to-date symlink: /home/ubuntu/microros_ws/install/geometry_msgs/local/lib/python3.10/dist-packages/geometry_msgs/geometry_msgs_s__rosidl_typesupport_fastrtps_c.cpython-310-aarch64-linux-gnu.so
[33.596s] -- Up-to-date symlink: /home/ubuntu/microros_ws/install/geometry_msgs/local/lib/python3.10/dist-packages/geometry_msgs/geometry_msgs_s__rosidl_typesupport_introspection_c.cpython-310-aarch64-linux-gnu.so
[33.598s] -- Up-to-date symlink: /home/ubuntu/microros_ws/install/geometry_msgs/local/lib/python3.10/dist-packages/geometry_msgs/geometry_msgs_s__rosidl_typesupport_c.cpython-310-aarch64-linux-gnu.so
[33.606s] -- Symlinking: /home/ubuntu/microros_ws/install/geometry_msgs/share/geometry_msgs/msg/Accel.idl
[33.658s] -- Symlinking: /home/ubuntu/microros_ws/install/geometry_msgs/share/geometry_msgs/msg/AccelStamped.idl
[33.749s] -- Symlinking: /home/ubuntu/microros_ws/install/geometry_msgs/share/geometry_msgs/msg/AccelWithCovariance.idl
[33.823s] -- Symlinking: /home/ubuntu/microros_ws/install/geometry_msgs/share/geometry_msgs/msg/AccelWithCovarianceStamped.idl
[33.879s] -- Symlinking: /home/ubuntu/microros_ws/install/geometry_msgs/share/geometry_msgs/msg/Inertia.idl
[33.948s] -- Symlinking: /home/ubuntu/microros_ws/install/geometry_msgs/share/geometry_msgs/msg/InertiaStamped.idl
[34.005s] -- Symlinking: /home/ubuntu/microros_ws/install/geometry_msgs/share/geometry_msgs/msg/Point.idl
[34.093s] -- Symlinking: /home/ubuntu/microros_ws/install/geometry_msgs/share/geometry_msgs/msg/Point32.idl
[34.153s] -- Symlinking: /home/ubuntu/microros_ws/install/geometry_msgs/share/geometry_msgs/msg/PointStamped.idl
[34.242s] -- Symlinking: /home/ubuntu/microros_ws/install/geometry_msgs/share/geometry_msgs/msg/Polygon.idl
[34.293s] -- Symlinking: /home/ubuntu/microros_ws/install/geometry_msgs/share/geometry_msgs/msg/PolygonStamped.idl
[34.342s] -- Symlinking: /home/ubuntu/microros_ws/install/geometry_msgs/share/geometry_msgs/msg/Pose.idl
[34.400s] -- Symlinking: /home/ubuntu/microros_ws/install/geometry_msgs/share/geometry_msgs/msg/Pose2D.idl
[34.460s] -- Symlinking: /home/ubuntu/microros_ws/install/geometry_msgs/share/geometry_msgs/msg/PoseArray.idl
[34.537s] -- Symlinking: /home/ubuntu/microros_ws/install/geometry_msgs/share/geometry_msgs/msg/PoseStamped.idl
[34.588s] -- Symlinking: /home/ubuntu/microros_ws/install/geometry_msgs/share/geometry_msgs/msg/PoseWithCovariance.idl
[34.647s] -- Symlinking: /home/ubuntu/microros_ws/install/geometry_msgs/share/geometry_msgs/msg/PoseWithCovarianceStamped.idl
[34.698s] -- Symlinking: /home/ubuntu/microros_ws/install/geometry_msgs/share/geometry_msgs/msg/Quaternion.idl
[34.755s] -- Symlinking: /home/ubuntu/microros_ws/install/geometry_msgs/share/geometry_msgs/msg/QuaternionStamped.idl
[34.812s] -- Symlinking: /home/ubuntu/microros_ws/install/geometry_msgs/share/geometry_msgs/msg/Transform.idl
[34.875s] -- Symlinking: /home/ubuntu/microros_ws/install/geometry_msgs/share/geometry_msgs/msg/TransformStamped.idl
[34.930s] -- Symlinking: /home/ubuntu/microros_ws/install/geometry_msgs/share/geometry_msgs/msg/Twist.idl
[35.007s] -- Symlinking: /home/ubuntu/microros_ws/install/geometry_msgs/share/geometry_msgs/msg/TwistStamped.idl
[35.060s] -- Symlinking: /home/ubuntu/microros_ws/install/geometry_msgs/share/geometry_msgs/msg/TwistWithCovariance.idl
[35.115s] -- Symlinking: /home/ubuntu/microros_ws/install/geometry_msgs/share/geometry_msgs/msg/TwistWithCovarianceStamped.idl
[35.173s] -- Symlinking: /home/ubuntu/microros_ws/install/geometry_msgs/share/geometry_msgs/msg/Vector3.idl
[35.246s] -- Symlinking: /home/ubuntu/microros_ws/install/geometry_msgs/share/geometry_msgs/msg/Vector3Stamped.idl
[35.302s] -- Symlinking: /home/ubuntu/microros_ws/install/geometry_msgs/share/geometry_msgs/msg/VelocityStamped.idl
[35.361s] -- Symlinking: /home/ubuntu/microros_ws/install/geometry_msgs/share/geometry_msgs/msg/Wrench.idl
[35.415s] -- Symlinking: /home/ubuntu/microros_ws/install/geometry_msgs/share/geometry_msgs/msg/WrenchStamped.idl
[35.487s] -- Symlinking: /home/ubuntu/microros_ws/install/geometry_msgs/share/geometry_msgs/msg/Accel.msg
[35.542s] -- Symlinking: /home/ubuntu/microros_ws/install/geometry_msgs/share/geometry_msgs/msg/AccelStamped.msg
[35.608s] -- Symlinking: /home/ubuntu/microros_ws/install/geometry_msgs/share/geometry_msgs/msg/AccelWithCovariance.msg
[35.656s] -- Symlinking: /home/ubuntu/microros_ws/install/geometry_msgs/share/geometry_msgs/msg/AccelWithCovarianceStamped.msg
[35.721s] -- Symlinking: /home/ubuntu/microros_ws/install/geometry_msgs/share/geometry_msgs/msg/Inertia.msg
[35.787s] -- Symlinking: /home/ubuntu/microros_ws/install/geometry_msgs/share/geometry_msgs/msg/InertiaStamped.msg
[35.854s] -- Symlinking: /home/ubuntu/microros_ws/install/geometry_msgs/share/geometry_msgs/msg/Point.msg
[35.934s] -- Symlinking: /home/ubuntu/microros_ws/install/geometry_msgs/share/geometry_msgs/msg/Point32.msg
[36.007s] -- Symlinking: /home/ubuntu/microros_ws/install/geometry_msgs/share/geometry_msgs/msg/PointStamped.msg
[36.081s] -- Symlinking: /home/ubuntu/microros_ws/install/geometry_msgs/share/geometry_msgs/msg/Polygon.msg
[36.198s] -- Symlinking: /home/ubuntu/microros_ws/install/geometry_msgs/share/geometry_msgs/msg/PolygonStamped.msg
[36.265s] -- Symlinking: /home/ubuntu/microros_ws/install/geometry_msgs/share/geometry_msgs/msg/Pose.msg
[36.335s] -- Symlinking: /home/ubuntu/microros_ws/install/geometry_msgs/share/geometry_msgs/msg/Pose2D.msg
[36.405s] -- Symlinking: /home/ubuntu/microros_ws/install/geometry_msgs/share/geometry_msgs/msg/PoseArray.msg
[36.482s] -- Symlinking: /home/ubuntu/microros_ws/install/geometry_msgs/share/geometry_msgs/msg/PoseStamped.msg
[36.556s] -- Symlinking: /home/ubuntu/microros_ws/install/geometry_msgs/share/geometry_msgs/msg/PoseWithCovariance.msg
[36.622s] -- Symlinking: /home/ubuntu/microros_ws/install/geometry_msgs/share/geometry_msgs/msg/PoseWithCovarianceStamped.msg
[36.705s] -- Symlinking: /home/ubuntu/microros_ws/install/geometry_msgs/share/geometry_msgs/msg/Quaternion.msg
[36.775s] -- Symlinking: /home/ubuntu/microros_ws/install/geometry_msgs/share/geometry_msgs/msg/QuaternionStamped.msg
[36.833s] -- Symlinking: /home/ubuntu/microros_ws/install/geometry_msgs/share/geometry_msgs/msg/Transform.msg
[36.892s] -- Symlinking: /home/ubuntu/microros_ws/install/geometry_msgs/share/geometry_msgs/msg/TransformStamped.msg
[36.952s] -- Symlinking: /home/ubuntu/microros_ws/install/geometry_msgs/share/geometry_msgs/msg/Twist.msg
[37.007s] -- Symlinking: /home/ubuntu/microros_ws/install/geometry_msgs/share/geometry_msgs/msg/TwistStamped.msg
[37.070s] -- Symlinking: /home/ubuntu/microros_ws/install/geometry_msgs/share/geometry_msgs/msg/TwistWithCovariance.msg
[37.128s] -- Symlinking: /home/ubuntu/microros_ws/install/geometry_msgs/share/geometry_msgs/msg/TwistWithCovarianceStamped.msg
[37.189s] -- Symlinking: /home/ubuntu/microros_ws/install/geometry_msgs/share/geometry_msgs/msg/Vector3.msg
[37.248s] -- Symlinking: /home/ubuntu/microros_ws/install/geometry_msgs/share/geometry_msgs/msg/Vector3Stamped.msg
[37.315s] -- Symlinking: /home/ubuntu/microros_ws/install/geometry_msgs/share/geometry_msgs/msg/VelocityStamped.msg
[37.371s] -- Symlinking: /home/ubuntu/microros_ws/install/geometry_msgs/share/geometry_msgs/msg/Wrench.msg
[37.425s] -- Symlinking: /home/ubuntu/microros_ws/install/geometry_msgs/share/geometry_msgs/msg/WrenchStamped.msg
[37.478s] -- Symlinking: /home/ubuntu/microros_ws/install/geometry_msgs/share/ament_index/resource_index/package_run_dependencies/geometry_msgs
[37.531s] -- Symlinking: /home/ubuntu/microros_ws/install/geometry_msgs/share/ament_index/resource_index/parent_prefix_path/geometry_msgs
[37.594s] -- Symlinking: /home/ubuntu/microros_ws/install/geometry_msgs/share/geometry_msgs/environment/ament_prefix_path.sh
[37.648s] -- Symlinking: /home/ubuntu/microros_ws/install/geometry_msgs/share/geometry_msgs/environment/ament_prefix_path.dsv
[37.720s] -- Symlinking: /home/ubuntu/microros_ws/install/geometry_msgs/share/geometry_msgs/environment/path.sh
[37.791s] -- Symlinking: /home/ubuntu/microros_ws/install/geometry_msgs/share/geometry_msgs/environment/path.dsv
[37.853s] -- Symlinking: /home/ubuntu/microros_ws/install/geometry_msgs/share/geometry_msgs/local_setup.bash
[37.917s] -- Symlinking: /home/ubuntu/microros_ws/install/geometry_msgs/share/geometry_msgs/local_setup.sh
[37.974s] -- Symlinking: /home/ubuntu/microros_ws/install/geometry_msgs/share/geometry_msgs/local_setup.zsh
[38.056s] -- Symlinking: /home/ubuntu/microros_ws/install/geometry_msgs/share/geometry_msgs/local_setup.dsv
[38.103s] -- Symlinking: /home/ubuntu/microros_ws/install/geometry_msgs/share/geometry_msgs/package.dsv
[38.192s] -- Symlinking: /home/ubuntu/microros_ws/install/geometry_msgs/share/ament_index/resource_index/packages/geometry_msgs
[38.241s] -- Symlinking: /home/ubuntu/microros_ws/install/geometry_msgs/share/geometry_msgs/cmake/rosidl_cmake-extras.cmake
[38.306s] -- Symlinking: /home/ubuntu/microros_ws/install/geometry_msgs/share/geometry_msgs/cmake/ament_cmake_export_dependencies-extras.cmake
[38.362s] -- Symlinking: /home/ubuntu/microros_ws/install/geometry_msgs/share/geometry_msgs/cmake/ament_cmake_export_include_directories-extras.cmake
[38.414s] -- Symlinking: /home/ubuntu/microros_ws/install/geometry_msgs/share/geometry_msgs/cmake/ament_cmake_export_libraries-extras.cmake
[38.469s] -- Symlinking: /home/ubuntu/microros_ws/install/geometry_msgs/share/geometry_msgs/cmake/ament_cmake_export_targets-extras.cmake
[38.516s] -- Symlinking: /home/ubuntu/microros_ws/install/geometry_msgs/share/geometry_msgs/cmake/rosidl_cmake_export_typesupport_targets-extras.cmake
[38.566s] -- Symlinking: /home/ubuntu/microros_ws/install/geometry_msgs/share/geometry_msgs/cmake/rosidl_cmake_export_typesupport_libraries-extras.cmake
[38.619s] -- Symlinking: /home/ubuntu/microros_ws/install/geometry_msgs/share/geometry_msgs/cmake/geometry_msgsConfig.cmake
[38.680s] -- Symlinking: /home/ubuntu/microros_ws/install/geometry_msgs/share/geometry_msgs/cmake/geometry_msgsConfig-version.cmake
[38.730s] -- Symlinking: /home/ubuntu/microros_ws/install/geometry_msgs/share/geometry_msgs/package.xml
[38.786s] -- Up-to-date: /home/ubuntu/microros_ws/install/geometry_msgs/lib/libgeometry_msgs__rosidl_generator_c.so
[38.797s] -- Up-to-date: /home/ubuntu/microros_ws/install/geometry_msgs/lib/libgeometry_msgs__rosidl_typesupport_fastrtps_c.so
[38.809s] -- Up-to-date: /home/ubuntu/microros_ws/install/geometry_msgs/lib/libgeometry_msgs__rosidl_typesupport_introspection_c.so
[38.818s] -- Installing: /home/ubuntu/microros_ws/install/geometry_msgs/lib/libgeometry_msgs__rosidl_typesupport_c.so
[38.824s] -- Set runtime path of "/home/ubuntu/microros_ws/install/geometry_msgs/lib/libgeometry_msgs__rosidl_typesupport_c.so" to ""
[38.831s] -- Up-to-date: /home/ubuntu/microros_ws/install/geometry_msgs/lib/libgeometry_msgs__rosidl_typesupport_fastrtps_cpp.so
[38.847s] -- Up-to-date: /home/ubuntu/microros_ws/install/geometry_msgs/lib/libgeometry_msgs__rosidl_typesupport_introspection_cpp.so
[38.847s] -- Installing: /home/ubuntu/microros_ws/install/geometry_msgs/lib/libgeometry_msgs__rosidl_typesupport_cpp.so
[38.852s] -- Set runtime path of "/home/ubuntu/microros_ws/install/geometry_msgs/lib/libgeometry_msgs__rosidl_typesupport_cpp.so" to ""
[39.208s] Listing '/home/ubuntu/microros_ws/install/geometry_msgs/local/lib/python3.10/dist-packages/geometry_msgs'...
[39.209s] Compiling '/home/ubuntu/microros_ws/install/geometry_msgs/local/lib/python3.10/dist-packages/geometry_msgs/__init__.py'...
[39.211s] Listing '/home/ubuntu/microros_ws/install/geometry_msgs/local/lib/python3.10/dist-packages/geometry_msgs/msg'...
[39.256s] -- Installing: /home/ubuntu/microros_ws/install/geometry_msgs/lib/libgeometry_msgs__rosidl_generator_py.so
[39.262s] -- Set runtime path of "/home/ubuntu/microros_ws/install/geometry_msgs/lib/libgeometry_msgs__rosidl_generator_py.so" to ""
[39.265s] -- Up-to-date: /home/ubuntu/microros_ws/install/geometry_msgs/share/geometry_msgs/cmake/export_geometry_msgs__rosidl_generator_cExport.cmake
[39.266s] -- Up-to-date: /home/ubuntu/microros_ws/install/geometry_msgs/share/geometry_msgs/cmake/export_geometry_msgs__rosidl_generator_cExport-noconfig.cmake
[39.268s] -- Up-to-date: /home/ubuntu/microros_ws/install/geometry_msgs/share/geometry_msgs/cmake/export_geometry_msgs__rosidl_typesupport_fastrtps_cExport.cmake
[39.270s] -- Up-to-date: /home/ubuntu/microros_ws/install/geometry_msgs/share/geometry_msgs/cmake/export_geometry_msgs__rosidl_typesupport_fastrtps_cExport-noconfig.cmake
[39.274s] -- Up-to-date: /home/ubuntu/microros_ws/install/geometry_msgs/share/geometry_msgs/cmake/geometry_msgs__rosidl_typesupport_introspection_cExport.cmake
[39.278s] -- Up-to-date: /home/ubuntu/microros_ws/install/geometry_msgs/share/geometry_msgs/cmake/geometry_msgs__rosidl_typesupport_introspection_cExport-noconfig.cmake
[39.279s] -- Up-to-date: /home/ubuntu/microros_ws/install/geometry_msgs/share/geometry_msgs/cmake/geometry_msgs__rosidl_typesupport_cExport.cmake
[39.280s] -- Up-to-date: /home/ubuntu/microros_ws/install/geometry_msgs/share/geometry_msgs/cmake/geometry_msgs__rosidl_typesupport_cExport-noconfig.cmake
[39.282s] -- Up-to-date: /home/ubuntu/microros_ws/install/geometry_msgs/share/geometry_msgs/cmake/export_geometry_msgs__rosidl_generator_cppExport.cmake
[39.285s] -- Up-to-date: /home/ubuntu/microros_ws/install/geometry_msgs/share/geometry_msgs/cmake/export_geometry_msgs__rosidl_typesupport_fastrtps_cppExport.cmake
[39.286s] -- Up-to-date: /home/ubuntu/microros_ws/install/geometry_msgs/share/geometry_msgs/cmake/export_geometry_msgs__rosidl_typesupport_fastrtps_cppExport-noconfig.cmake
[39.290s] -- Up-to-date: /home/ubuntu/microros_ws/install/geometry_msgs/share/geometry_msgs/cmake/geometry_msgs__rosidl_typesupport_introspection_cppExport.cmake
[39.291s] -- Up-to-date: /home/ubuntu/microros_ws/install/geometry_msgs/share/geometry_msgs/cmake/geometry_msgs__rosidl_typesupport_introspection_cppExport-noconfig.cmake
[39.294s] -- Up-to-date: /home/ubuntu/microros_ws/install/geometry_msgs/share/geometry_msgs/cmake/geometry_msgs__rosidl_typesupport_cppExport.cmake
[39.297s] -- Up-to-date: /home/ubuntu/microros_ws/install/geometry_msgs/share/geometry_msgs/cmake/geometry_msgs__rosidl_typesupport_cppExport-noconfig.cmake
[39.301s] -- Up-to-date: /home/ubuntu/microros_ws/install/geometry_msgs/share/geometry_msgs/cmake/export_geometry_msgs__rosidl_generator_pyExport.cmake
[39.302s] -- Up-to-date: /home/ubuntu/microros_ws/install/geometry_msgs/share/geometry_msgs/cmake/export_geometry_msgs__rosidl_generator_pyExport-noconfig.cmake
[39.335s] Invoked command in '/home/ubuntu/microros_ws/build/geometry_msgs' returned '0': AMENT_PREFIX_PATH=/home/ubuntu/microros_ws/install/std_msgs:/home/ubuntu/microros_ws/install/builtin_interfaces:${AMENT_PREFIX_PATH} CMAKE_PREFIX_PATH=/home/ubuntu/microros_ws/install/std_msgs:/home/ubuntu/microros_ws/install/builtin_interfaces:/opt/ros/humble LD_LIBRARY_PATH=/home/ubuntu/microros_ws/install/std_msgs/lib:/home/ubuntu/microros_ws/install/builtin_interfaces/lib:${LD_LIBRARY_PATH} PYTHONPATH=/home/ubuntu/microros_ws/install/std_msgs/local/lib/python3.10/dist-packages:/home/ubuntu/microros_ws/install/builtin_interfaces/local/lib/python3.10/dist-packages:${PYTHONPATH} /usr/bin/cmake --install /home/ubuntu/microros_ws/build/geometry_msgs
