[  2%] Built target builtin_interfaces__cpp
[  2%] Built target ament_cmake_python_symlink_builtin_interfaces
[ 10%] Built target builtin_interfaces__rosidl_generator_c
[ 18%] Built target builtin_interfaces__rosidl_typesupport_cpp
[ 26%] Built target builtin_interfaces__rosidl_typesupport_introspection_cpp
[ 34%] Built target builtin_interfaces__rosidl_typesupport_microxrcedds_cpp
[ 42%] Built target builtin_interfaces__rosidl_typesupport_fastrtps_cpp
[ 51%] Built target builtin_interfaces__rosidl_typesupport_microxrcedds_c
[ 59%] Built target builtin_interfaces__rosidl_typesupport_introspection_c
[ 67%] Built target builtin_interfaces__rosidl_typesupport_fastrtps_c
[ 75%] Built target builtin_interfaces__rosidl_typesupport_c
[ 75%] Built target builtin_interfaces
[ 77%] Built target builtin_interfaces__py
[ 83%] Built target builtin_interfaces__rosidl_generator_py
[ 87%] Built target builtin_interfaces__rosidl_typesupport_microxrcedds_c__pyext
[ 91%] Built target builtin_interfaces__rosidl_typesupport_introspection_c__pyext
[ 95%] Built target builtin_interfaces__rosidl_typesupport_fastrtps_c__pyext
[100%] Built target builtin_interfaces__rosidl_typesupport_c__pyext
running egg_info
writing builtin_interfaces.egg-info/PKG-INFO
writing dependency_links to builtin_interfaces.egg-info/dependency_links.txt
writing top-level names to builtin_interfaces.egg-info/top_level.txt
reading manifest file 'builtin_interfaces.egg-info/SOURCES.txt'
writing manifest file 'builtin_interfaces.egg-info/SOURCES.txt'
[100%] Built target ament_cmake_python_build_builtin_interfaces_egg
