[0.041s] Invoking command in '/home/ubuntu/microros_ws/build/rosidl_typesupport_microxrcedds_c': CMAKE_PREFIX_PATH=/home/ubuntu/microros_ws/install/microcdr:/home/ubuntu/microros_ws/install/micro_ros_setup:/opt/ros/humble LD_LIBRARY_PATH=/home/ubuntu/microros_ws/install/microcdr/lib:${LD_LIBRARY_PATH} /usr/bin/cmake --build /home/ubuntu/microros_ws/build/rosidl_typesupport_microxrcedds_c -- -j4 -l4
[0.197s] [35m[1mConsolidate compiler generated dependencies of target rosidl_typesupport_microxrcedds_c[0m
[0.242s] [100%] Built target rosidl_typesupport_microxrcedds_c
[0.268s] [100%] Built target ament_cmake_python_copy_rosidl_typesupport_microxrcedds_c
[1.353s] running egg_info
[1.357s] writing rosidl_typesupport_microxrcedds_c.egg-info/PKG-INFO
[1.358s] writing dependency_links to rosidl_typesupport_microxrcedds_c.egg-info/dependency_links.txt
[1.359s] writing top-level names to rosidl_typesupport_microxrcedds_c.egg-info/top_level.txt
[1.368s] reading manifest file 'rosidl_typesupport_microxrcedds_c.egg-info/SOURCES.txt'
[1.371s] writing manifest file 'rosidl_typesupport_microxrcedds_c.egg-info/SOURCES.txt'
[1.504s] [100%] Built target ament_cmake_python_build_rosidl_typesupport_microxrcedds_c_egg
[1.545s] Invoked command in '/home/ubuntu/microros_ws/build/rosidl_typesupport_microxrcedds_c' returned '0': CMAKE_PREFIX_PATH=/home/ubuntu/microros_ws/install/microcdr:/home/ubuntu/microros_ws/install/micro_ros_setup:/opt/ros/humble LD_LIBRARY_PATH=/home/ubuntu/microros_ws/install/microcdr/lib:${LD_LIBRARY_PATH} /usr/bin/cmake --build /home/ubuntu/microros_ws/build/rosidl_typesupport_microxrcedds_c -- -j4 -l4
[1.695s] Invoking command in '/home/ubuntu/microros_ws/build/rosidl_typesupport_microxrcedds_c': CMAKE_PREFIX_PATH=/home/ubuntu/microros_ws/install/microcdr:/home/ubuntu/microros_ws/install/micro_ros_setup:/opt/ros/humble LD_LIBRARY_PATH=/home/ubuntu/microros_ws/install/microcdr/lib:${LD_LIBRARY_PATH} /usr/bin/cmake --install /home/ubuntu/microros_ws/build/rosidl_typesupport_microxrcedds_c
[1.723s] -- Install configuration: ""
[1.723s] -- Up-to-date: /home/ubuntu/microros_ws/install/rosidl_typesupport_microxrcedds_c/share/rosidl_typesupport_microxrcedds_c/environment/pythonpath.sh
[1.724s] -- Up-to-date: /home/ubuntu/microros_ws/install/rosidl_typesupport_microxrcedds_c/share/rosidl_typesupport_microxrcedds_c/environment/pythonpath.dsv
[1.724s] -- Up-to-date: /home/ubuntu/microros_ws/install/rosidl_typesupport_microxrcedds_c/local/lib/python3.10/dist-packages/rosidl_typesupport_microxrcedds_c-3.0.1-py3.10.egg-info
[1.724s] -- Installing: /home/ubuntu/microros_ws/install/rosidl_typesupport_microxrcedds_c/local/lib/python3.10/dist-packages/rosidl_typesupport_microxrcedds_c-3.0.1-py3.10.egg-info/SOURCES.txt
[1.726s] -- Installing: /home/ubuntu/microros_ws/install/rosidl_typesupport_microxrcedds_c/local/lib/python3.10/dist-packages/rosidl_typesupport_microxrcedds_c-3.0.1-py3.10.egg-info/dependency_links.txt
[1.728s] -- Installing: /home/ubuntu/microros_ws/install/rosidl_typesupport_microxrcedds_c/local/lib/python3.10/dist-packages/rosidl_typesupport_microxrcedds_c-3.0.1-py3.10.egg-info/PKG-INFO
[1.729s] -- Installing: /home/ubuntu/microros_ws/install/rosidl_typesupport_microxrcedds_c/local/lib/python3.10/dist-packages/rosidl_typesupport_microxrcedds_c-3.0.1-py3.10.egg-info/top_level.txt
[1.731s] -- Up-to-date: /home/ubuntu/microros_ws/install/rosidl_typesupport_microxrcedds_c/local/lib/python3.10/dist-packages/rosidl_typesupport_microxrcedds_c
[1.731s] -- Up-to-date: /home/ubuntu/microros_ws/install/rosidl_typesupport_microxrcedds_c/local/lib/python3.10/dist-packages/rosidl_typesupport_microxrcedds_c/__init__.py
[1.864s] Listing '/home/ubuntu/microros_ws/install/rosidl_typesupport_microxrcedds_c/local/lib/python3.10/dist-packages/rosidl_typesupport_microxrcedds_c'...
[1.886s] -- Up-to-date: /home/ubuntu/microros_ws/install/rosidl_typesupport_microxrcedds_c/share/rosidl_typesupport_microxrcedds_c/environment/library_path.sh
[1.887s] -- Up-to-date: /home/ubuntu/microros_ws/install/rosidl_typesupport_microxrcedds_c/share/rosidl_typesupport_microxrcedds_c/environment/library_path.dsv
[1.888s] -- Up-to-date: /home/ubuntu/microros_ws/install/rosidl_typesupport_microxrcedds_c/share/ament_index/resource_index/rosidl_typesupport_c/rosidl_typesupport_microxrcedds_c
[1.888s] -- Up-to-date: /home/ubuntu/microros_ws/install/rosidl_typesupport_microxrcedds_c/share/ament_index/resource_index/package_run_dependencies/rosidl_typesupport_microxrcedds_c
[1.889s] -- Up-to-date: /home/ubuntu/microros_ws/install/rosidl_typesupport_microxrcedds_c/share/ament_index/resource_index/parent_prefix_path/rosidl_typesupport_microxrcedds_c
[1.889s] -- Up-to-date: /home/ubuntu/microros_ws/install/rosidl_typesupport_microxrcedds_c/share/rosidl_typesupport_microxrcedds_c/environment/ament_prefix_path.sh
[1.889s] -- Up-to-date: /home/ubuntu/microros_ws/install/rosidl_typesupport_microxrcedds_c/share/rosidl_typesupport_microxrcedds_c/environment/ament_prefix_path.dsv
[1.890s] -- Up-to-date: /home/ubuntu/microros_ws/install/rosidl_typesupport_microxrcedds_c/share/rosidl_typesupport_microxrcedds_c/environment/path.sh
[1.890s] -- Up-to-date: /home/ubuntu/microros_ws/install/rosidl_typesupport_microxrcedds_c/share/rosidl_typesupport_microxrcedds_c/environment/path.dsv
[1.891s] -- Up-to-date: /home/ubuntu/microros_ws/install/rosidl_typesupport_microxrcedds_c/share/rosidl_typesupport_microxrcedds_c/local_setup.bash
[1.891s] -- Up-to-date: /home/ubuntu/microros_ws/install/rosidl_typesupport_microxrcedds_c/share/rosidl_typesupport_microxrcedds_c/local_setup.sh
[1.892s] -- Up-to-date: /home/ubuntu/microros_ws/install/rosidl_typesupport_microxrcedds_c/share/rosidl_typesupport_microxrcedds_c/local_setup.zsh
[1.892s] -- Up-to-date: /home/ubuntu/microros_ws/install/rosidl_typesupport_microxrcedds_c/share/rosidl_typesupport_microxrcedds_c/local_setup.dsv
[1.892s] -- Installing: /home/ubuntu/microros_ws/install/rosidl_typesupport_microxrcedds_c/share/rosidl_typesupport_microxrcedds_c/package.dsv
[1.893s] -- Up-to-date: /home/ubuntu/microros_ws/install/rosidl_typesupport_microxrcedds_c/share/ament_index/resource_index/packages/rosidl_typesupport_microxrcedds_c
[1.894s] -- Up-to-date: /home/ubuntu/microros_ws/install/rosidl_typesupport_microxrcedds_c/share/rosidl_typesupport_microxrcedds_c/cmake/rosidl_typesupport_microxrcedds_cExport.cmake
[1.895s] -- Up-to-date: /home/ubuntu/microros_ws/install/rosidl_typesupport_microxrcedds_c/share/rosidl_typesupport_microxrcedds_c/cmake/rosidl_typesupport_microxrcedds_cExport-noconfig.cmake
[1.895s] -- Up-to-date: /home/ubuntu/microros_ws/install/rosidl_typesupport_microxrcedds_c/share/rosidl_typesupport_microxrcedds_c/cmake/rosidl_typesupport_microxrcedds_c-extras.cmake
[1.896s] -- Up-to-date: /home/ubuntu/microros_ws/install/rosidl_typesupport_microxrcedds_c/share/rosidl_typesupport_microxrcedds_c/cmake/ament_cmake_export_dependencies-extras.cmake
[1.896s] -- Up-to-date: /home/ubuntu/microros_ws/install/rosidl_typesupport_microxrcedds_c/share/rosidl_typesupport_microxrcedds_c/cmake/ament_cmake_export_include_directories-extras.cmake
[1.897s] -- Up-to-date: /home/ubuntu/microros_ws/install/rosidl_typesupport_microxrcedds_c/share/rosidl_typesupport_microxrcedds_c/cmake/ament_cmake_export_libraries-extras.cmake
[1.897s] -- Up-to-date: /home/ubuntu/microros_ws/install/rosidl_typesupport_microxrcedds_c/share/rosidl_typesupport_microxrcedds_c/cmake/ament_cmake_export_targets-extras.cmake
[1.898s] -- Up-to-date: /home/ubuntu/microros_ws/install/rosidl_typesupport_microxrcedds_c/share/rosidl_typesupport_microxrcedds_c/cmake/rosidl_typesupport_microxrcedds_cConfig.cmake
[1.898s] -- Up-to-date: /home/ubuntu/microros_ws/install/rosidl_typesupport_microxrcedds_c/share/rosidl_typesupport_microxrcedds_c/cmake/rosidl_typesupport_microxrcedds_cConfig-version.cmake
[1.899s] -- Up-to-date: /home/ubuntu/microros_ws/install/rosidl_typesupport_microxrcedds_c/share/rosidl_typesupport_microxrcedds_c/package.xml
[1.899s] -- Up-to-date: /home/ubuntu/microros_ws/install/rosidl_typesupport_microxrcedds_c/lib/rosidl_typesupport_microxrcedds_c/rosidl_typesupport_microxrcedds_c
[1.899s] -- Up-to-date: /home/ubuntu/microros_ws/install/rosidl_typesupport_microxrcedds_c/share/rosidl_typesupport_microxrcedds_c/cmake
[1.900s] -- Up-to-date: /home/ubuntu/microros_ws/install/rosidl_typesupport_microxrcedds_c/share/rosidl_typesupport_microxrcedds_c/cmake/rosidl_typesupport_microxrcedds_c_generate_interfaces.cmake
[1.900s] -- Up-to-date: /home/ubuntu/microros_ws/install/rosidl_typesupport_microxrcedds_c/share/rosidl_typesupport_microxrcedds_c/resource
[1.901s] -- Up-to-date: /home/ubuntu/microros_ws/install/rosidl_typesupport_microxrcedds_c/share/rosidl_typesupport_microxrcedds_c/resource/rosidl_typesupport_microxrcedds_c__visibility_control.h.in
[1.901s] -- Up-to-date: /home/ubuntu/microros_ws/install/rosidl_typesupport_microxrcedds_c/share/rosidl_typesupport_microxrcedds_c/resource/msg__type_support_c.c.em
[1.901s] -- Up-to-date: /home/ubuntu/microros_ws/install/rosidl_typesupport_microxrcedds_c/share/rosidl_typesupport_microxrcedds_c/resource/idl__rosidl_typesupport_microxrcedds_c.h.em
[1.902s] -- Up-to-date: /home/ubuntu/microros_ws/install/rosidl_typesupport_microxrcedds_c/share/rosidl_typesupport_microxrcedds_c/resource/msg__rosidl_typesupport_microxrcedds_c.h.em
[1.902s] -- Up-to-date: /home/ubuntu/microros_ws/install/rosidl_typesupport_microxrcedds_c/share/rosidl_typesupport_microxrcedds_c/resource/srv__rosidl_typesupport_microxrcedds_c.h.em
[1.903s] -- Up-to-date: /home/ubuntu/microros_ws/install/rosidl_typesupport_microxrcedds_c/share/rosidl_typesupport_microxrcedds_c/resource/idl__type_support_c.c.em
[1.903s] -- Up-to-date: /home/ubuntu/microros_ws/install/rosidl_typesupport_microxrcedds_c/share/rosidl_typesupport_microxrcedds_c/resource/srv__type_support_c.c.em
[1.904s] -- Up-to-date: /home/ubuntu/microros_ws/install/rosidl_typesupport_microxrcedds_c/include
[1.904s] -- Up-to-date: /home/ubuntu/microros_ws/install/rosidl_typesupport_microxrcedds_c/include/rosidl_typesupport_microxrcedds_c
[1.904s] -- Up-to-date: /home/ubuntu/microros_ws/install/rosidl_typesupport_microxrcedds_c/include/rosidl_typesupport_microxrcedds_c/visibility_control.h
[1.905s] -- Up-to-date: /home/ubuntu/microros_ws/install/rosidl_typesupport_microxrcedds_c/include/rosidl_typesupport_microxrcedds_c/identifier.h
[1.905s] -- Up-to-date: /home/ubuntu/microros_ws/install/rosidl_typesupport_microxrcedds_c/include/rosidl_typesupport_microxrcedds_c/message_type_support.h
[1.905s] -- Up-to-date: /home/ubuntu/microros_ws/install/rosidl_typesupport_microxrcedds_c/include/rosidl_typesupport_microxrcedds_c/service_type_support.h
[1.906s] -- Up-to-date: /home/ubuntu/microros_ws/install/rosidl_typesupport_microxrcedds_c/lib/librosidl_typesupport_microxrcedds_c.so
[1.914s] Invoked command in '/home/ubuntu/microros_ws/build/rosidl_typesupport_microxrcedds_c' returned '0': CMAKE_PREFIX_PATH=/home/ubuntu/microros_ws/install/microcdr:/home/ubuntu/microros_ws/install/micro_ros_setup:/opt/ros/humble LD_LIBRARY_PATH=/home/ubuntu/microros_ws/install/microcdr/lib:${LD_LIBRARY_PATH} /usr/bin/cmake --install /home/ubuntu/microros_ws/build/rosidl_typesupport_microxrcedds_c
