[0.075s] Invoking command in '/home/ubuntu/microros_ws/build/std_msgs': AMENT_PREFIX_PATH=/home/ubuntu/microros_ws/install/builtin_interfaces:${AMENT_PREFIX_PATH} CMAKE_PREFIX_PATH=/home/ubuntu/microros_ws/install/builtin_interfaces:/opt/ros/humble LD_LIBRARY_PATH=/home/ubuntu/microros_ws/install/builtin_interfaces/lib:${LD_LIBRARY_PATH} PYTHONPATH=/home/ubuntu/microros_ws/install/builtin_interfaces/local/lib/python3.10/dist-packages:${PYTHONPATH} /usr/bin/cmake --build /home/ubuntu/microros_ws/build/std_msgs -- -j4 -l4
[0.558s] [  0%] Built target ament_cmake_python_symlink_std_msgs
[0.563s] [  0%] Built target std_msgs__cpp
[0.563s] [ 12%] Built target std_msgs__rosidl_generator_c
[0.867s] [ 24%] Built target std_msgs__rosidl_typesupport_fastrtps_cpp
[0.903s] [ 36%] Built target std_msgs__rosidl_typesupport_cpp
[0.965s] [ 49%] Built target std_msgs__rosidl_typesupport_introspection_cpp
[1.262s] [ 62%] Built target std_msgs__rosidl_typesupport_introspection_c
[1.281s] [ 74%] Built target std_msgs__rosidl_typesupport_c
[1.310s] [ 86%] Built target std_msgs__rosidl_typesupport_fastrtps_c
[1.446s] [ 86%] Built target std_msgs
[1.569s] [ 86%] Built target std_msgs__py
[1.805s] [ 98%] Built target std_msgs__rosidl_generator_py
[2.039s] [ 98%] Built target std_msgs__rosidl_typesupport_introspection_c__pyext
[2.052s] [ 99%] Built target std_msgs__rosidl_typesupport_fastrtps_c__pyext
[2.075s] [100%] Built target std_msgs__rosidl_typesupport_c__pyext
[3.258s] running egg_info
[3.264s] writing std_msgs.egg-info/PKG-INFO
[3.276s] writing dependency_links to std_msgs.egg-info/dependency_links.txt
[3.284s] writing top-level names to std_msgs.egg-info/top_level.txt
[3.309s] reading manifest file 'std_msgs.egg-info/SOURCES.txt'
[3.354s] writing manifest file 'std_msgs.egg-info/SOURCES.txt'
[3.666s] [100%] Built target ament_cmake_python_build_std_msgs_egg
[3.806s] Invoked command in '/home/ubuntu/microros_ws/build/std_msgs' returned '0': AMENT_PREFIX_PATH=/home/ubuntu/microros_ws/install/builtin_interfaces:${AMENT_PREFIX_PATH} CMAKE_PREFIX_PATH=/home/ubuntu/microros_ws/install/builtin_interfaces:/opt/ros/humble LD_LIBRARY_PATH=/home/ubuntu/microros_ws/install/builtin_interfaces/lib:${LD_LIBRARY_PATH} PYTHONPATH=/home/ubuntu/microros_ws/install/builtin_interfaces/local/lib/python3.10/dist-packages:${PYTHONPATH} /usr/bin/cmake --build /home/ubuntu/microros_ws/build/std_msgs -- -j4 -l4
[10.494s] Invoking command in '/home/ubuntu/microros_ws/build/std_msgs': AMENT_PREFIX_PATH=/home/ubuntu/microros_ws/install/builtin_interfaces:${AMENT_PREFIX_PATH} CMAKE_PREFIX_PATH=/home/ubuntu/microros_ws/install/builtin_interfaces:/opt/ros/humble LD_LIBRARY_PATH=/home/ubuntu/microros_ws/install/builtin_interfaces/lib:${LD_LIBRARY_PATH} PYTHONPATH=/home/ubuntu/microros_ws/install/builtin_interfaces/local/lib/python3.10/dist-packages:${PYTHONPATH} /usr/bin/cmake --install /home/ubuntu/microros_ws/build/std_msgs
[10.544s] -- Install configuration: ""
[10.549s] -- Execute custom install script
[10.551s] -- Up-to-date symlink: /home/ubuntu/microros_ws/install/std_msgs/share/ament_index/resource_index/rosidl_interfaces/std_msgs
[10.564s] -- Up-to-date symlink: /home/ubuntu/microros_ws/install/std_msgs/include/std_msgs/std_msgs/msg/bool.h
[10.565s] -- Up-to-date symlink: /home/ubuntu/microros_ws/install/std_msgs/include/std_msgs/std_msgs/msg/byte.h
[10.566s] -- Up-to-date symlink: /home/ubuntu/microros_ws/install/std_msgs/include/std_msgs/std_msgs/msg/byte_multi_array.h
[10.567s] -- Up-to-date symlink: /home/ubuntu/microros_ws/install/std_msgs/include/std_msgs/std_msgs/msg/char.h
[10.568s] -- Up-to-date symlink: /home/ubuntu/microros_ws/install/std_msgs/include/std_msgs/std_msgs/msg/color_rgba.h
[10.570s] -- Up-to-date symlink: /home/ubuntu/microros_ws/install/std_msgs/include/std_msgs/std_msgs/msg/detail/bool__functions.h
[10.571s] -- Up-to-date symlink: /home/ubuntu/microros_ws/install/std_msgs/include/std_msgs/std_msgs/msg/detail/bool__struct.h
[10.572s] -- Up-to-date symlink: /home/ubuntu/microros_ws/install/std_msgs/include/std_msgs/std_msgs/msg/detail/bool__type_support.h
[10.573s] -- Up-to-date symlink: /home/ubuntu/microros_ws/install/std_msgs/include/std_msgs/std_msgs/msg/detail/byte__functions.h
[10.574s] -- Up-to-date symlink: /home/ubuntu/microros_ws/install/std_msgs/include/std_msgs/std_msgs/msg/detail/byte__struct.h
[10.576s] -- Up-to-date symlink: /home/ubuntu/microros_ws/install/std_msgs/include/std_msgs/std_msgs/msg/detail/byte__type_support.h
[10.577s] -- Up-to-date symlink: /home/ubuntu/microros_ws/install/std_msgs/include/std_msgs/std_msgs/msg/detail/byte_multi_array__functions.h
[10.578s] -- Up-to-date symlink: /home/ubuntu/microros_ws/install/std_msgs/include/std_msgs/std_msgs/msg/detail/byte_multi_array__struct.h
[10.580s] -- Up-to-date symlink: /home/ubuntu/microros_ws/install/std_msgs/include/std_msgs/std_msgs/msg/detail/byte_multi_array__type_support.h
[10.581s] -- Up-to-date symlink: /home/ubuntu/microros_ws/install/std_msgs/include/std_msgs/std_msgs/msg/detail/char__functions.h
[10.589s] -- Up-to-date symlink: /home/ubuntu/microros_ws/install/std_msgs/include/std_msgs/std_msgs/msg/detail/char__struct.h
[10.591s] -- Up-to-date symlink: /home/ubuntu/microros_ws/install/std_msgs/include/std_msgs/std_msgs/msg/detail/char__type_support.h
[10.591s] -- Up-to-date symlink: /home/ubuntu/microros_ws/install/std_msgs/include/std_msgs/std_msgs/msg/detail/color_rgba__functions.h
[10.592s] -- Up-to-date symlink: /home/ubuntu/microros_ws/install/std_msgs/include/std_msgs/std_msgs/msg/detail/color_rgba__struct.h
[10.593s] -- Up-to-date symlink: /home/ubuntu/microros_ws/install/std_msgs/include/std_msgs/std_msgs/msg/detail/color_rgba__type_support.h
[10.594s] -- Up-to-date symlink: /home/ubuntu/microros_ws/install/std_msgs/include/std_msgs/std_msgs/msg/detail/empty__functions.h
[10.621s] -- Up-to-date symlink: /home/ubuntu/microros_ws/install/std_msgs/include/std_msgs/std_msgs/msg/detail/empty__struct.h
[10.622s] -- Up-to-date symlink: /home/ubuntu/microros_ws/install/std_msgs/include/std_msgs/std_msgs/msg/detail/empty__type_support.h
[10.623s] -- Up-to-date symlink: /home/ubuntu/microros_ws/install/std_msgs/include/std_msgs/std_msgs/msg/detail/float32__functions.h
[10.623s] -- Up-to-date symlink: /home/ubuntu/microros_ws/install/std_msgs/include/std_msgs/std_msgs/msg/detail/float32__struct.h
[10.624s] -- Up-to-date symlink: /home/ubuntu/microros_ws/install/std_msgs/include/std_msgs/std_msgs/msg/detail/float32__type_support.h
[10.624s] -- Up-to-date symlink: /home/ubuntu/microros_ws/install/std_msgs/include/std_msgs/std_msgs/msg/detail/float32_multi_array__functions.h
[10.625s] -- Up-to-date symlink: /home/ubuntu/microros_ws/install/std_msgs/include/std_msgs/std_msgs/msg/detail/float32_multi_array__struct.h
[10.628s] -- Up-to-date symlink: /home/ubuntu/microros_ws/install/std_msgs/include/std_msgs/std_msgs/msg/detail/float32_multi_array__type_support.h
[10.629s] -- Up-to-date symlink: /home/ubuntu/microros_ws/install/std_msgs/include/std_msgs/std_msgs/msg/detail/float64__functions.h
[10.630s] -- Up-to-date symlink: /home/ubuntu/microros_ws/install/std_msgs/include/std_msgs/std_msgs/msg/detail/float64__struct.h
[10.644s] -- Up-to-date symlink: /home/ubuntu/microros_ws/install/std_msgs/include/std_msgs/std_msgs/msg/detail/float64__type_support.h
[10.645s] -- Up-to-date symlink: /home/ubuntu/microros_ws/install/std_msgs/include/std_msgs/std_msgs/msg/detail/float64_multi_array__functions.h
[10.648s] -- Up-to-date symlink: /home/ubuntu/microros_ws/install/std_msgs/include/std_msgs/std_msgs/msg/detail/float64_multi_array__struct.h
[10.650s] -- Up-to-date symlink: /home/ubuntu/microros_ws/install/std_msgs/include/std_msgs/std_msgs/msg/detail/float64_multi_array__type_support.h
[10.651s] -- Up-to-date symlink: /home/ubuntu/microros_ws/install/std_msgs/include/std_msgs/std_msgs/msg/detail/header__functions.h
[10.653s] -- Up-to-date symlink: /home/ubuntu/microros_ws/install/std_msgs/include/std_msgs/std_msgs/msg/detail/header__struct.h
[10.657s] -- Up-to-date symlink: /home/ubuntu/microros_ws/install/std_msgs/include/std_msgs/std_msgs/msg/detail/header__type_support.h
[10.662s] -- Up-to-date symlink: /home/ubuntu/microros_ws/install/std_msgs/include/std_msgs/std_msgs/msg/detail/int16__functions.h
[10.663s] -- Up-to-date symlink: /home/ubuntu/microros_ws/install/std_msgs/include/std_msgs/std_msgs/msg/detail/int16__struct.h
[10.667s] -- Up-to-date symlink: /home/ubuntu/microros_ws/install/std_msgs/include/std_msgs/std_msgs/msg/detail/int16__type_support.h
[10.669s] -- Up-to-date symlink: /home/ubuntu/microros_ws/install/std_msgs/include/std_msgs/std_msgs/msg/detail/int16_multi_array__functions.h
[10.674s] -- Up-to-date symlink: /home/ubuntu/microros_ws/install/std_msgs/include/std_msgs/std_msgs/msg/detail/int16_multi_array__struct.h
[10.676s] -- Up-to-date symlink: /home/ubuntu/microros_ws/install/std_msgs/include/std_msgs/std_msgs/msg/detail/int16_multi_array__type_support.h
[10.681s] -- Up-to-date symlink: /home/ubuntu/microros_ws/install/std_msgs/include/std_msgs/std_msgs/msg/detail/int32__functions.h
[10.684s] -- Up-to-date symlink: /home/ubuntu/microros_ws/install/std_msgs/include/std_msgs/std_msgs/msg/detail/int32__struct.h
[10.686s] -- Up-to-date symlink: /home/ubuntu/microros_ws/install/std_msgs/include/std_msgs/std_msgs/msg/detail/int32__type_support.h
[10.691s] -- Up-to-date symlink: /home/ubuntu/microros_ws/install/std_msgs/include/std_msgs/std_msgs/msg/detail/int32_multi_array__functions.h
[10.695s] -- Up-to-date symlink: /home/ubuntu/microros_ws/install/std_msgs/include/std_msgs/std_msgs/msg/detail/int32_multi_array__struct.h
[10.700s] -- Up-to-date symlink: /home/ubuntu/microros_ws/install/std_msgs/include/std_msgs/std_msgs/msg/detail/int32_multi_array__type_support.h
[10.702s] -- Up-to-date symlink: /home/ubuntu/microros_ws/install/std_msgs/include/std_msgs/std_msgs/msg/detail/int64__functions.h
[10.702s] -- Up-to-date symlink: /home/ubuntu/microros_ws/install/std_msgs/include/std_msgs/std_msgs/msg/detail/int64__struct.h
[10.705s] -- Up-to-date symlink: /home/ubuntu/microros_ws/install/std_msgs/include/std_msgs/std_msgs/msg/detail/int64__type_support.h
[10.712s] -- Up-to-date symlink: /home/ubuntu/microros_ws/install/std_msgs/include/std_msgs/std_msgs/msg/detail/int64_multi_array__functions.h
[10.716s] -- Up-to-date symlink: /home/ubuntu/microros_ws/install/std_msgs/include/std_msgs/std_msgs/msg/detail/int64_multi_array__struct.h
[10.719s] -- Up-to-date symlink: /home/ubuntu/microros_ws/install/std_msgs/include/std_msgs/std_msgs/msg/detail/int64_multi_array__type_support.h
[10.721s] -- Up-to-date symlink: /home/ubuntu/microros_ws/install/std_msgs/include/std_msgs/std_msgs/msg/detail/int8__functions.h
[10.724s] -- Up-to-date symlink: /home/ubuntu/microros_ws/install/std_msgs/include/std_msgs/std_msgs/msg/detail/int8__struct.h
[10.727s] -- Up-to-date symlink: /home/ubuntu/microros_ws/install/std_msgs/include/std_msgs/std_msgs/msg/detail/int8__type_support.h
[10.731s] -- Up-to-date symlink: /home/ubuntu/microros_ws/install/std_msgs/include/std_msgs/std_msgs/msg/detail/int8_multi_array__functions.h
[10.734s] -- Up-to-date symlink: /home/ubuntu/microros_ws/install/std_msgs/include/std_msgs/std_msgs/msg/detail/int8_multi_array__struct.h
[10.741s] -- Up-to-date symlink: /home/ubuntu/microros_ws/install/std_msgs/include/std_msgs/std_msgs/msg/detail/int8_multi_array__type_support.h
[10.742s] -- Up-to-date symlink: /home/ubuntu/microros_ws/install/std_msgs/include/std_msgs/std_msgs/msg/detail/multi_array_dimension__functions.h
[10.743s] -- Up-to-date symlink: /home/ubuntu/microros_ws/install/std_msgs/include/std_msgs/std_msgs/msg/detail/multi_array_dimension__struct.h
[10.745s] -- Up-to-date symlink: /home/ubuntu/microros_ws/install/std_msgs/include/std_msgs/std_msgs/msg/detail/multi_array_dimension__type_support.h
[10.747s] -- Up-to-date symlink: /home/ubuntu/microros_ws/install/std_msgs/include/std_msgs/std_msgs/msg/detail/multi_array_layout__functions.h
[10.749s] -- Up-to-date symlink: /home/ubuntu/microros_ws/install/std_msgs/include/std_msgs/std_msgs/msg/detail/multi_array_layout__struct.h
[10.750s] -- Up-to-date symlink: /home/ubuntu/microros_ws/install/std_msgs/include/std_msgs/std_msgs/msg/detail/multi_array_layout__type_support.h
[10.751s] -- Up-to-date symlink: /home/ubuntu/microros_ws/install/std_msgs/include/std_msgs/std_msgs/msg/detail/string__functions.h
[10.751s] -- Up-to-date symlink: /home/ubuntu/microros_ws/install/std_msgs/include/std_msgs/std_msgs/msg/detail/string__struct.h
[10.751s] -- Up-to-date symlink: /home/ubuntu/microros_ws/install/std_msgs/include/std_msgs/std_msgs/msg/detail/string__type_support.h
[10.752s] -- Up-to-date symlink: /home/ubuntu/microros_ws/install/std_msgs/include/std_msgs/std_msgs/msg/detail/u_int16__functions.h
[10.757s] -- Up-to-date symlink: /home/ubuntu/microros_ws/install/std_msgs/include/std_msgs/std_msgs/msg/detail/u_int16__struct.h
[10.758s] -- Up-to-date symlink: /home/ubuntu/microros_ws/install/std_msgs/include/std_msgs/std_msgs/msg/detail/u_int16__type_support.h
[10.759s] -- Up-to-date symlink: /home/ubuntu/microros_ws/install/std_msgs/include/std_msgs/std_msgs/msg/detail/u_int16_multi_array__functions.h
[10.759s] -- Up-to-date symlink: /home/ubuntu/microros_ws/install/std_msgs/include/std_msgs/std_msgs/msg/detail/u_int16_multi_array__struct.h
[10.760s] -- Up-to-date symlink: /home/ubuntu/microros_ws/install/std_msgs/include/std_msgs/std_msgs/msg/detail/u_int16_multi_array__type_support.h
[10.766s] -- Up-to-date symlink: /home/ubuntu/microros_ws/install/std_msgs/include/std_msgs/std_msgs/msg/detail/u_int32__functions.h
[10.768s] -- Up-to-date symlink: /home/ubuntu/microros_ws/install/std_msgs/include/std_msgs/std_msgs/msg/detail/u_int32__struct.h
[10.770s] -- Up-to-date symlink: /home/ubuntu/microros_ws/install/std_msgs/include/std_msgs/std_msgs/msg/detail/u_int32__type_support.h
[10.776s] -- Up-to-date symlink: /home/ubuntu/microros_ws/install/std_msgs/include/std_msgs/std_msgs/msg/detail/u_int32_multi_array__functions.h
[10.777s] -- Up-to-date symlink: /home/ubuntu/microros_ws/install/std_msgs/include/std_msgs/std_msgs/msg/detail/u_int32_multi_array__struct.h
[10.780s] -- Up-to-date symlink: /home/ubuntu/microros_ws/install/std_msgs/include/std_msgs/std_msgs/msg/detail/u_int32_multi_array__type_support.h
[10.783s] -- Up-to-date symlink: /home/ubuntu/microros_ws/install/std_msgs/include/std_msgs/std_msgs/msg/detail/u_int64__functions.h
[10.783s] -- Up-to-date symlink: /home/ubuntu/microros_ws/install/std_msgs/include/std_msgs/std_msgs/msg/detail/u_int64__struct.h
[10.788s] -- Up-to-date symlink: /home/ubuntu/microros_ws/install/std_msgs/include/std_msgs/std_msgs/msg/detail/u_int64__type_support.h
[10.793s] -- Up-to-date symlink: /home/ubuntu/microros_ws/install/std_msgs/include/std_msgs/std_msgs/msg/detail/u_int64_multi_array__functions.h
[10.796s] -- Up-to-date symlink: /home/ubuntu/microros_ws/install/std_msgs/include/std_msgs/std_msgs/msg/detail/u_int64_multi_array__struct.h
[10.801s] -- Up-to-date symlink: /home/ubuntu/microros_ws/install/std_msgs/include/std_msgs/std_msgs/msg/detail/u_int64_multi_array__type_support.h
[10.801s] -- Up-to-date symlink: /home/ubuntu/microros_ws/install/std_msgs/include/std_msgs/std_msgs/msg/detail/u_int8__functions.h
[10.803s] -- Up-to-date symlink: /home/ubuntu/microros_ws/install/std_msgs/include/std_msgs/std_msgs/msg/detail/u_int8__struct.h
[10.803s] -- Up-to-date symlink: /home/ubuntu/microros_ws/install/std_msgs/include/std_msgs/std_msgs/msg/detail/u_int8__type_support.h
[10.804s] -- Up-to-date symlink: /home/ubuntu/microros_ws/install/std_msgs/include/std_msgs/std_msgs/msg/detail/u_int8_multi_array__functions.h
[10.810s] -- Up-to-date symlink: /home/ubuntu/microros_ws/install/std_msgs/include/std_msgs/std_msgs/msg/detail/u_int8_multi_array__struct.h
[10.813s] -- Up-to-date symlink: /home/ubuntu/microros_ws/install/std_msgs/include/std_msgs/std_msgs/msg/detail/u_int8_multi_array__type_support.h
[10.815s] -- Up-to-date symlink: /home/ubuntu/microros_ws/install/std_msgs/include/std_msgs/std_msgs/msg/empty.h
[10.817s] -- Up-to-date symlink: /home/ubuntu/microros_ws/install/std_msgs/include/std_msgs/std_msgs/msg/float32.h
[10.820s] -- Up-to-date symlink: /home/ubuntu/microros_ws/install/std_msgs/include/std_msgs/std_msgs/msg/float32_multi_array.h
[10.823s] -- Up-to-date symlink: /home/ubuntu/microros_ws/install/std_msgs/include/std_msgs/std_msgs/msg/float64.h
[10.824s] -- Up-to-date symlink: /home/ubuntu/microros_ws/install/std_msgs/include/std_msgs/std_msgs/msg/float64_multi_array.h
[10.826s] -- Up-to-date symlink: /home/ubuntu/microros_ws/install/std_msgs/include/std_msgs/std_msgs/msg/header.h
[10.828s] -- Up-to-date symlink: /home/ubuntu/microros_ws/install/std_msgs/include/std_msgs/std_msgs/msg/int16.h
[10.831s] -- Up-to-date symlink: /home/ubuntu/microros_ws/install/std_msgs/include/std_msgs/std_msgs/msg/int16_multi_array.h
[10.834s] -- Up-to-date symlink: /home/ubuntu/microros_ws/install/std_msgs/include/std_msgs/std_msgs/msg/int32.h
[10.838s] -- Up-to-date symlink: /home/ubuntu/microros_ws/install/std_msgs/include/std_msgs/std_msgs/msg/int32_multi_array.h
[10.842s] -- Up-to-date symlink: /home/ubuntu/microros_ws/install/std_msgs/include/std_msgs/std_msgs/msg/int64.h
[10.842s] -- Up-to-date symlink: /home/ubuntu/microros_ws/install/std_msgs/include/std_msgs/std_msgs/msg/int64_multi_array.h
[10.846s] -- Up-to-date symlink: /home/ubuntu/microros_ws/install/std_msgs/include/std_msgs/std_msgs/msg/int8.h
[10.848s] -- Up-to-date symlink: /home/ubuntu/microros_ws/install/std_msgs/include/std_msgs/std_msgs/msg/int8_multi_array.h
[10.848s] -- Up-to-date symlink: /home/ubuntu/microros_ws/install/std_msgs/include/std_msgs/std_msgs/msg/multi_array_dimension.h
[10.850s] -- Up-to-date symlink: /home/ubuntu/microros_ws/install/std_msgs/include/std_msgs/std_msgs/msg/multi_array_layout.h
[10.855s] -- Up-to-date symlink: /home/ubuntu/microros_ws/install/std_msgs/include/std_msgs/std_msgs/msg/rosidl_generator_c__visibility_control.h
[10.856s] -- Up-to-date symlink: /home/ubuntu/microros_ws/install/std_msgs/include/std_msgs/std_msgs/msg/string.h
[10.857s] -- Up-to-date symlink: /home/ubuntu/microros_ws/install/std_msgs/include/std_msgs/std_msgs/msg/u_int16.h
[10.858s] -- Up-to-date symlink: /home/ubuntu/microros_ws/install/std_msgs/include/std_msgs/std_msgs/msg/u_int16_multi_array.h
[10.859s] -- Up-to-date symlink: /home/ubuntu/microros_ws/install/std_msgs/include/std_msgs/std_msgs/msg/u_int32.h
[10.860s] -- Up-to-date symlink: /home/ubuntu/microros_ws/install/std_msgs/include/std_msgs/std_msgs/msg/u_int32_multi_array.h
[10.863s] -- Up-to-date symlink: /home/ubuntu/microros_ws/install/std_msgs/include/std_msgs/std_msgs/msg/u_int64.h
[10.866s] -- Up-to-date symlink: /home/ubuntu/microros_ws/install/std_msgs/include/std_msgs/std_msgs/msg/u_int64_multi_array.h
[10.877s] -- Up-to-date symlink: /home/ubuntu/microros_ws/install/std_msgs/include/std_msgs/std_msgs/msg/u_int8.h
[10.878s] -- Up-to-date symlink: /home/ubuntu/microros_ws/install/std_msgs/include/std_msgs/std_msgs/msg/u_int8_multi_array.h
[10.879s] -- Up-to-date symlink: /home/ubuntu/microros_ws/install/std_msgs/share/std_msgs/environment/library_path.sh
[10.880s] -- Up-to-date symlink: /home/ubuntu/microros_ws/install/std_msgs/share/std_msgs/environment/library_path.dsv
[10.882s] -- Up-to-date symlink: /home/ubuntu/microros_ws/install/std_msgs/include/std_msgs/std_msgs/msg/detail/bool__rosidl_typesupport_fastrtps_c.h
[10.882s] -- Up-to-date symlink: /home/ubuntu/microros_ws/install/std_msgs/include/std_msgs/std_msgs/msg/detail/byte__rosidl_typesupport_fastrtps_c.h
[10.883s] -- Up-to-date symlink: /home/ubuntu/microros_ws/install/std_msgs/include/std_msgs/std_msgs/msg/detail/byte_multi_array__rosidl_typesupport_fastrtps_c.h
[10.884s] -- Up-to-date symlink: /home/ubuntu/microros_ws/install/std_msgs/include/std_msgs/std_msgs/msg/detail/char__rosidl_typesupport_fastrtps_c.h
[10.885s] -- Up-to-date symlink: /home/ubuntu/microros_ws/install/std_msgs/include/std_msgs/std_msgs/msg/detail/color_rgba__rosidl_typesupport_fastrtps_c.h
[10.886s] -- Up-to-date symlink: /home/ubuntu/microros_ws/install/std_msgs/include/std_msgs/std_msgs/msg/detail/empty__rosidl_typesupport_fastrtps_c.h
[10.894s] -- Up-to-date symlink: /home/ubuntu/microros_ws/install/std_msgs/include/std_msgs/std_msgs/msg/detail/float32__rosidl_typesupport_fastrtps_c.h
[10.894s] -- Up-to-date symlink: /home/ubuntu/microros_ws/install/std_msgs/include/std_msgs/std_msgs/msg/detail/float32_multi_array__rosidl_typesupport_fastrtps_c.h
[10.905s] -- Up-to-date symlink: /home/ubuntu/microros_ws/install/std_msgs/include/std_msgs/std_msgs/msg/detail/float64__rosidl_typesupport_fastrtps_c.h
[10.907s] -- Up-to-date symlink: /home/ubuntu/microros_ws/install/std_msgs/include/std_msgs/std_msgs/msg/detail/float64_multi_array__rosidl_typesupport_fastrtps_c.h
[10.908s] -- Up-to-date symlink: /home/ubuntu/microros_ws/install/std_msgs/include/std_msgs/std_msgs/msg/detail/header__rosidl_typesupport_fastrtps_c.h
[10.908s] -- Up-to-date symlink: /home/ubuntu/microros_ws/install/std_msgs/include/std_msgs/std_msgs/msg/detail/int16__rosidl_typesupport_fastrtps_c.h
[10.909s] -- Up-to-date symlink: /home/ubuntu/microros_ws/install/std_msgs/include/std_msgs/std_msgs/msg/detail/int16_multi_array__rosidl_typesupport_fastrtps_c.h
[10.910s] -- Up-to-date symlink: /home/ubuntu/microros_ws/install/std_msgs/include/std_msgs/std_msgs/msg/detail/int32__rosidl_typesupport_fastrtps_c.h
[10.911s] -- Up-to-date symlink: /home/ubuntu/microros_ws/install/std_msgs/include/std_msgs/std_msgs/msg/detail/int32_multi_array__rosidl_typesupport_fastrtps_c.h
[10.917s] -- Up-to-date symlink: /home/ubuntu/microros_ws/install/std_msgs/include/std_msgs/std_msgs/msg/detail/int64__rosidl_typesupport_fastrtps_c.h
[10.918s] -- Up-to-date symlink: /home/ubuntu/microros_ws/install/std_msgs/include/std_msgs/std_msgs/msg/detail/int64_multi_array__rosidl_typesupport_fastrtps_c.h
[10.919s] -- Up-to-date symlink: /home/ubuntu/microros_ws/install/std_msgs/include/std_msgs/std_msgs/msg/detail/int8__rosidl_typesupport_fastrtps_c.h
[10.919s] -- Up-to-date symlink: /home/ubuntu/microros_ws/install/std_msgs/include/std_msgs/std_msgs/msg/detail/int8_multi_array__rosidl_typesupport_fastrtps_c.h
[10.920s] -- Up-to-date symlink: /home/ubuntu/microros_ws/install/std_msgs/include/std_msgs/std_msgs/msg/detail/multi_array_dimension__rosidl_typesupport_fastrtps_c.h
[10.929s] -- Up-to-date symlink: /home/ubuntu/microros_ws/install/std_msgs/include/std_msgs/std_msgs/msg/detail/multi_array_layout__rosidl_typesupport_fastrtps_c.h
[10.929s] -- Up-to-date symlink: /home/ubuntu/microros_ws/install/std_msgs/include/std_msgs/std_msgs/msg/detail/string__rosidl_typesupport_fastrtps_c.h
[10.930s] -- Up-to-date symlink: /home/ubuntu/microros_ws/install/std_msgs/include/std_msgs/std_msgs/msg/detail/u_int16__rosidl_typesupport_fastrtps_c.h
[10.931s] -- Up-to-date symlink: /home/ubuntu/microros_ws/install/std_msgs/include/std_msgs/std_msgs/msg/detail/u_int16_multi_array__rosidl_typesupport_fastrtps_c.h
[10.931s] -- Up-to-date symlink: /home/ubuntu/microros_ws/install/std_msgs/include/std_msgs/std_msgs/msg/detail/u_int32__rosidl_typesupport_fastrtps_c.h
[10.932s] -- Up-to-date symlink: /home/ubuntu/microros_ws/install/std_msgs/include/std_msgs/std_msgs/msg/detail/u_int32_multi_array__rosidl_typesupport_fastrtps_c.h
[10.934s] -- Up-to-date symlink: /home/ubuntu/microros_ws/install/std_msgs/include/std_msgs/std_msgs/msg/detail/u_int64__rosidl_typesupport_fastrtps_c.h
[10.934s] -- Up-to-date symlink: /home/ubuntu/microros_ws/install/std_msgs/include/std_msgs/std_msgs/msg/detail/u_int64_multi_array__rosidl_typesupport_fastrtps_c.h
[10.935s] -- Up-to-date symlink: /home/ubuntu/microros_ws/install/std_msgs/include/std_msgs/std_msgs/msg/detail/u_int8__rosidl_typesupport_fastrtps_c.h
[10.936s] -- Up-to-date symlink: /home/ubuntu/microros_ws/install/std_msgs/include/std_msgs/std_msgs/msg/detail/u_int8_multi_array__rosidl_typesupport_fastrtps_c.h
[10.946s] -- Up-to-date symlink: /home/ubuntu/microros_ws/install/std_msgs/include/std_msgs/std_msgs/msg/rosidl_typesupport_fastrtps_c__visibility_control.h
[10.948s] -- Up-to-date symlink: /home/ubuntu/microros_ws/install/std_msgs/include/std_msgs/std_msgs/msg/bool.hpp
[10.949s] -- Up-to-date symlink: /home/ubuntu/microros_ws/install/std_msgs/include/std_msgs/std_msgs/msg/byte.hpp
[10.950s] -- Up-to-date symlink: /home/ubuntu/microros_ws/install/std_msgs/include/std_msgs/std_msgs/msg/byte_multi_array.hpp
[10.950s] -- Up-to-date symlink: /home/ubuntu/microros_ws/install/std_msgs/include/std_msgs/std_msgs/msg/char.hpp
[10.951s] -- Up-to-date symlink: /home/ubuntu/microros_ws/install/std_msgs/include/std_msgs/std_msgs/msg/color_rgba.hpp
[10.961s] -- Up-to-date symlink: /home/ubuntu/microros_ws/install/std_msgs/include/std_msgs/std_msgs/msg/detail/bool__builder.hpp
[10.961s] -- Up-to-date symlink: /home/ubuntu/microros_ws/install/std_msgs/include/std_msgs/std_msgs/msg/detail/bool__struct.hpp
[10.962s] -- Up-to-date symlink: /home/ubuntu/microros_ws/install/std_msgs/include/std_msgs/std_msgs/msg/detail/bool__traits.hpp
[10.963s] -- Up-to-date symlink: /home/ubuntu/microros_ws/install/std_msgs/include/std_msgs/std_msgs/msg/detail/byte__builder.hpp
[10.964s] -- Up-to-date symlink: /home/ubuntu/microros_ws/install/std_msgs/include/std_msgs/std_msgs/msg/detail/byte__struct.hpp
[10.965s] -- Up-to-date symlink: /home/ubuntu/microros_ws/install/std_msgs/include/std_msgs/std_msgs/msg/detail/byte__traits.hpp
[10.965s] -- Up-to-date symlink: /home/ubuntu/microros_ws/install/std_msgs/include/std_msgs/std_msgs/msg/detail/byte_multi_array__builder.hpp
[10.966s] -- Up-to-date symlink: /home/ubuntu/microros_ws/install/std_msgs/include/std_msgs/std_msgs/msg/detail/byte_multi_array__struct.hpp
[10.967s] -- Up-to-date symlink: /home/ubuntu/microros_ws/install/std_msgs/include/std_msgs/std_msgs/msg/detail/byte_multi_array__traits.hpp
[10.967s] -- Up-to-date symlink: /home/ubuntu/microros_ws/install/std_msgs/include/std_msgs/std_msgs/msg/detail/char__builder.hpp
[10.972s] -- Up-to-date symlink: /home/ubuntu/microros_ws/install/std_msgs/include/std_msgs/std_msgs/msg/detail/char__struct.hpp
[10.972s] -- Up-to-date symlink: /home/ubuntu/microros_ws/install/std_msgs/include/std_msgs/std_msgs/msg/detail/char__traits.hpp
[10.973s] -- Up-to-date symlink: /home/ubuntu/microros_ws/install/std_msgs/include/std_msgs/std_msgs/msg/detail/color_rgba__builder.hpp
[10.979s] -- Up-to-date symlink: /home/ubuntu/microros_ws/install/std_msgs/include/std_msgs/std_msgs/msg/detail/color_rgba__struct.hpp
[10.980s] -- Up-to-date symlink: /home/ubuntu/microros_ws/install/std_msgs/include/std_msgs/std_msgs/msg/detail/color_rgba__traits.hpp
[10.981s] -- Up-to-date symlink: /home/ubuntu/microros_ws/install/std_msgs/include/std_msgs/std_msgs/msg/detail/empty__builder.hpp
[10.981s] -- Up-to-date symlink: /home/ubuntu/microros_ws/install/std_msgs/include/std_msgs/std_msgs/msg/detail/empty__struct.hpp
[10.983s] -- Up-to-date symlink: /home/ubuntu/microros_ws/install/std_msgs/include/std_msgs/std_msgs/msg/detail/empty__traits.hpp
[10.991s] -- Up-to-date symlink: /home/ubuntu/microros_ws/install/std_msgs/include/std_msgs/std_msgs/msg/detail/float32__builder.hpp
[10.992s] -- Up-to-date symlink: /home/ubuntu/microros_ws/install/std_msgs/include/std_msgs/std_msgs/msg/detail/float32__struct.hpp
[10.993s] -- Up-to-date symlink: /home/ubuntu/microros_ws/install/std_msgs/include/std_msgs/std_msgs/msg/detail/float32__traits.hpp
[10.994s] -- Up-to-date symlink: /home/ubuntu/microros_ws/install/std_msgs/include/std_msgs/std_msgs/msg/detail/float32_multi_array__builder.hpp
[10.995s] -- Up-to-date symlink: /home/ubuntu/microros_ws/install/std_msgs/include/std_msgs/std_msgs/msg/detail/float32_multi_array__struct.hpp
[10.995s] -- Up-to-date symlink: /home/ubuntu/microros_ws/install/std_msgs/include/std_msgs/std_msgs/msg/detail/float32_multi_array__traits.hpp
[10.996s] -- Up-to-date symlink: /home/ubuntu/microros_ws/install/std_msgs/include/std_msgs/std_msgs/msg/detail/float64__builder.hpp
[10.996s] -- Up-to-date symlink: /home/ubuntu/microros_ws/install/std_msgs/include/std_msgs/std_msgs/msg/detail/float64__struct.hpp
[10.997s] -- Up-to-date symlink: /home/ubuntu/microros_ws/install/std_msgs/include/std_msgs/std_msgs/msg/detail/float64__traits.hpp
[10.998s] -- Up-to-date symlink: /home/ubuntu/microros_ws/install/std_msgs/include/std_msgs/std_msgs/msg/detail/float64_multi_array__builder.hpp
[10.999s] -- Up-to-date symlink: /home/ubuntu/microros_ws/install/std_msgs/include/std_msgs/std_msgs/msg/detail/float64_multi_array__struct.hpp
[11.000s] -- Up-to-date symlink: /home/ubuntu/microros_ws/install/std_msgs/include/std_msgs/std_msgs/msg/detail/float64_multi_array__traits.hpp
[11.000s] -- Up-to-date symlink: /home/ubuntu/microros_ws/install/std_msgs/include/std_msgs/std_msgs/msg/detail/header__builder.hpp
[11.013s] -- Up-to-date symlink: /home/ubuntu/microros_ws/install/std_msgs/include/std_msgs/std_msgs/msg/detail/header__struct.hpp
[11.014s] -- Up-to-date symlink: /home/ubuntu/microros_ws/install/std_msgs/include/std_msgs/std_msgs/msg/detail/header__traits.hpp
[11.015s] -- Up-to-date symlink: /home/ubuntu/microros_ws/install/std_msgs/include/std_msgs/std_msgs/msg/detail/int16__builder.hpp
[11.015s] -- Up-to-date symlink: /home/ubuntu/microros_ws/install/std_msgs/include/std_msgs/std_msgs/msg/detail/int16__struct.hpp
[11.016s] -- Up-to-date symlink: /home/ubuntu/microros_ws/install/std_msgs/include/std_msgs/std_msgs/msg/detail/int16__traits.hpp
[11.017s] -- Up-to-date symlink: /home/ubuntu/microros_ws/install/std_msgs/include/std_msgs/std_msgs/msg/detail/int16_multi_array__builder.hpp
[11.018s] -- Up-to-date symlink: /home/ubuntu/microros_ws/install/std_msgs/include/std_msgs/std_msgs/msg/detail/int16_multi_array__struct.hpp
[11.018s] -- Up-to-date symlink: /home/ubuntu/microros_ws/install/std_msgs/include/std_msgs/std_msgs/msg/detail/int16_multi_array__traits.hpp
[11.019s] -- Up-to-date symlink: /home/ubuntu/microros_ws/install/std_msgs/include/std_msgs/std_msgs/msg/detail/int32__builder.hpp
[11.020s] -- Up-to-date symlink: /home/ubuntu/microros_ws/install/std_msgs/include/std_msgs/std_msgs/msg/detail/int32__struct.hpp
[11.020s] -- Up-to-date symlink: /home/ubuntu/microros_ws/install/std_msgs/include/std_msgs/std_msgs/msg/detail/int32__traits.hpp
[11.021s] -- Up-to-date symlink: /home/ubuntu/microros_ws/install/std_msgs/include/std_msgs/std_msgs/msg/detail/int32_multi_array__builder.hpp
[11.021s] -- Up-to-date symlink: /home/ubuntu/microros_ws/install/std_msgs/include/std_msgs/std_msgs/msg/detail/int32_multi_array__struct.hpp
[11.032s] -- Up-to-date symlink: /home/ubuntu/microros_ws/install/std_msgs/include/std_msgs/std_msgs/msg/detail/int32_multi_array__traits.hpp
[11.037s] -- Up-to-date symlink: /home/ubuntu/microros_ws/install/std_msgs/include/std_msgs/std_msgs/msg/detail/int64__builder.hpp
[11.037s] -- Up-to-date symlink: /home/ubuntu/microros_ws/install/std_msgs/include/std_msgs/std_msgs/msg/detail/int64__struct.hpp
[11.038s] -- Up-to-date symlink: /home/ubuntu/microros_ws/install/std_msgs/include/std_msgs/std_msgs/msg/detail/int64__traits.hpp
[11.038s] -- Up-to-date symlink: /home/ubuntu/microros_ws/install/std_msgs/include/std_msgs/std_msgs/msg/detail/int64_multi_array__builder.hpp
[11.039s] -- Up-to-date symlink: /home/ubuntu/microros_ws/install/std_msgs/include/std_msgs/std_msgs/msg/detail/int64_multi_array__struct.hpp
[11.049s] -- Up-to-date symlink: /home/ubuntu/microros_ws/install/std_msgs/include/std_msgs/std_msgs/msg/detail/int64_multi_array__traits.hpp
[11.049s] -- Up-to-date symlink: /home/ubuntu/microros_ws/install/std_msgs/include/std_msgs/std_msgs/msg/detail/int8__builder.hpp
[11.050s] -- Up-to-date symlink: /home/ubuntu/microros_ws/install/std_msgs/include/std_msgs/std_msgs/msg/detail/int8__struct.hpp
[11.051s] -- Up-to-date symlink: /home/ubuntu/microros_ws/install/std_msgs/include/std_msgs/std_msgs/msg/detail/int8__traits.hpp
[11.053s] -- Up-to-date symlink: /home/ubuntu/microros_ws/install/std_msgs/include/std_msgs/std_msgs/msg/detail/int8_multi_array__builder.hpp
[11.055s] -- Up-to-date symlink: /home/ubuntu/microros_ws/install/std_msgs/include/std_msgs/std_msgs/msg/detail/int8_multi_array__struct.hpp
[11.055s] -- Up-to-date symlink: /home/ubuntu/microros_ws/install/std_msgs/include/std_msgs/std_msgs/msg/detail/int8_multi_array__traits.hpp
[11.056s] -- Up-to-date symlink: /home/ubuntu/microros_ws/install/std_msgs/include/std_msgs/std_msgs/msg/detail/multi_array_dimension__builder.hpp
[11.056s] -- Up-to-date symlink: /home/ubuntu/microros_ws/install/std_msgs/include/std_msgs/std_msgs/msg/detail/multi_array_dimension__struct.hpp
[11.057s] -- Up-to-date symlink: /home/ubuntu/microros_ws/install/std_msgs/include/std_msgs/std_msgs/msg/detail/multi_array_dimension__traits.hpp
[11.069s] -- Up-to-date symlink: /home/ubuntu/microros_ws/install/std_msgs/include/std_msgs/std_msgs/msg/detail/multi_array_layout__builder.hpp
[11.069s] -- Up-to-date symlink: /home/ubuntu/microros_ws/install/std_msgs/include/std_msgs/std_msgs/msg/detail/multi_array_layout__struct.hpp
[11.070s] -- Up-to-date symlink: /home/ubuntu/microros_ws/install/std_msgs/include/std_msgs/std_msgs/msg/detail/multi_array_layout__traits.hpp
[11.071s] -- Up-to-date symlink: /home/ubuntu/microros_ws/install/std_msgs/include/std_msgs/std_msgs/msg/detail/string__builder.hpp
[11.073s] -- Up-to-date symlink: /home/ubuntu/microros_ws/install/std_msgs/include/std_msgs/std_msgs/msg/detail/string__struct.hpp
[11.074s] -- Up-to-date symlink: /home/ubuntu/microros_ws/install/std_msgs/include/std_msgs/std_msgs/msg/detail/string__traits.hpp
[11.075s] -- Up-to-date symlink: /home/ubuntu/microros_ws/install/std_msgs/include/std_msgs/std_msgs/msg/detail/u_int16__builder.hpp
[11.076s] -- Up-to-date symlink: /home/ubuntu/microros_ws/install/std_msgs/include/std_msgs/std_msgs/msg/detail/u_int16__struct.hpp
[11.085s] -- Up-to-date symlink: /home/ubuntu/microros_ws/install/std_msgs/include/std_msgs/std_msgs/msg/detail/u_int16__traits.hpp
[11.086s] -- Up-to-date symlink: /home/ubuntu/microros_ws/install/std_msgs/include/std_msgs/std_msgs/msg/detail/u_int16_multi_array__builder.hpp
[11.089s] -- Up-to-date symlink: /home/ubuntu/microros_ws/install/std_msgs/include/std_msgs/std_msgs/msg/detail/u_int16_multi_array__struct.hpp
[11.090s] -- Up-to-date symlink: /home/ubuntu/microros_ws/install/std_msgs/include/std_msgs/std_msgs/msg/detail/u_int16_multi_array__traits.hpp
[11.092s] -- Up-to-date symlink: /home/ubuntu/microros_ws/install/std_msgs/include/std_msgs/std_msgs/msg/detail/u_int32__builder.hpp
[11.092s] -- Up-to-date symlink: /home/ubuntu/microros_ws/install/std_msgs/include/std_msgs/std_msgs/msg/detail/u_int32__struct.hpp
[11.095s] -- Up-to-date symlink: /home/ubuntu/microros_ws/install/std_msgs/include/std_msgs/std_msgs/msg/detail/u_int32__traits.hpp
[11.109s] -- Up-to-date symlink: /home/ubuntu/microros_ws/install/std_msgs/include/std_msgs/std_msgs/msg/detail/u_int32_multi_array__builder.hpp
[11.113s] -- Up-to-date symlink: /home/ubuntu/microros_ws/install/std_msgs/include/std_msgs/std_msgs/msg/detail/u_int32_multi_array__struct.hpp
[11.129s] -- Up-to-date symlink: /home/ubuntu/microros_ws/install/std_msgs/include/std_msgs/std_msgs/msg/detail/u_int32_multi_array__traits.hpp
[11.131s] -- Up-to-date symlink: /home/ubuntu/microros_ws/install/std_msgs/include/std_msgs/std_msgs/msg/detail/u_int64__builder.hpp
[11.133s] -- Up-to-date symlink: /home/ubuntu/microros_ws/install/std_msgs/include/std_msgs/std_msgs/msg/detail/u_int64__struct.hpp
[11.134s] -- Up-to-date symlink: /home/ubuntu/microros_ws/install/std_msgs/include/std_msgs/std_msgs/msg/detail/u_int64__traits.hpp
[11.135s] -- Up-to-date symlink: /home/ubuntu/microros_ws/install/std_msgs/include/std_msgs/std_msgs/msg/detail/u_int64_multi_array__builder.hpp
[11.152s] -- Up-to-date symlink: /home/ubuntu/microros_ws/install/std_msgs/include/std_msgs/std_msgs/msg/detail/u_int64_multi_array__struct.hpp
[11.156s] -- Up-to-date symlink: /home/ubuntu/microros_ws/install/std_msgs/include/std_msgs/std_msgs/msg/detail/u_int64_multi_array__traits.hpp
[11.159s] -- Up-to-date symlink: /home/ubuntu/microros_ws/install/std_msgs/include/std_msgs/std_msgs/msg/detail/u_int8__builder.hpp
[11.166s] -- Up-to-date symlink: /home/ubuntu/microros_ws/install/std_msgs/include/std_msgs/std_msgs/msg/detail/u_int8__struct.hpp
[11.177s] -- Up-to-date symlink: /home/ubuntu/microros_ws/install/std_msgs/include/std_msgs/std_msgs/msg/detail/u_int8__traits.hpp
[11.177s] -- Up-to-date symlink: /home/ubuntu/microros_ws/install/std_msgs/include/std_msgs/std_msgs/msg/detail/u_int8_multi_array__builder.hpp
[11.178s] -- Up-to-date symlink: /home/ubuntu/microros_ws/install/std_msgs/include/std_msgs/std_msgs/msg/detail/u_int8_multi_array__struct.hpp
[11.179s] -- Up-to-date symlink: /home/ubuntu/microros_ws/install/std_msgs/include/std_msgs/std_msgs/msg/detail/u_int8_multi_array__traits.hpp
[11.179s] -- Up-to-date symlink: /home/ubuntu/microros_ws/install/std_msgs/include/std_msgs/std_msgs/msg/empty.hpp
[11.181s] -- Up-to-date symlink: /home/ubuntu/microros_ws/install/std_msgs/include/std_msgs/std_msgs/msg/float32.hpp
[11.182s] -- Up-to-date symlink: /home/ubuntu/microros_ws/install/std_msgs/include/std_msgs/std_msgs/msg/float32_multi_array.hpp
[11.187s] -- Up-to-date symlink: /home/ubuntu/microros_ws/install/std_msgs/include/std_msgs/std_msgs/msg/float64.hpp
[11.201s] -- Up-to-date symlink: /home/ubuntu/microros_ws/install/std_msgs/include/std_msgs/std_msgs/msg/float64_multi_array.hpp
[11.204s] -- Up-to-date symlink: /home/ubuntu/microros_ws/install/std_msgs/include/std_msgs/std_msgs/msg/header.hpp
[11.207s] -- Up-to-date symlink: /home/ubuntu/microros_ws/install/std_msgs/include/std_msgs/std_msgs/msg/int16.hpp
[11.217s] -- Up-to-date symlink: /home/ubuntu/microros_ws/install/std_msgs/include/std_msgs/std_msgs/msg/int16_multi_array.hpp
[11.220s] -- Up-to-date symlink: /home/ubuntu/microros_ws/install/std_msgs/include/std_msgs/std_msgs/msg/int32.hpp
[11.221s] -- Up-to-date symlink: /home/ubuntu/microros_ws/install/std_msgs/include/std_msgs/std_msgs/msg/int32_multi_array.hpp
[11.223s] -- Up-to-date symlink: /home/ubuntu/microros_ws/install/std_msgs/include/std_msgs/std_msgs/msg/int64.hpp
[11.224s] -- Up-to-date symlink: /home/ubuntu/microros_ws/install/std_msgs/include/std_msgs/std_msgs/msg/int64_multi_array.hpp
[11.238s] -- Up-to-date symlink: /home/ubuntu/microros_ws/install/std_msgs/include/std_msgs/std_msgs/msg/int8.hpp
[11.240s] -- Up-to-date symlink: /home/ubuntu/microros_ws/install/std_msgs/include/std_msgs/std_msgs/msg/int8_multi_array.hpp
[11.245s] -- Up-to-date symlink: /home/ubuntu/microros_ws/install/std_msgs/include/std_msgs/std_msgs/msg/multi_array_dimension.hpp
[11.251s] -- Up-to-date symlink: /home/ubuntu/microros_ws/install/std_msgs/include/std_msgs/std_msgs/msg/multi_array_layout.hpp
[11.262s] -- Up-to-date symlink: /home/ubuntu/microros_ws/install/std_msgs/include/std_msgs/std_msgs/msg/string.hpp
[11.264s] -- Up-to-date symlink: /home/ubuntu/microros_ws/install/std_msgs/include/std_msgs/std_msgs/msg/u_int16.hpp
[11.265s] -- Up-to-date symlink: /home/ubuntu/microros_ws/install/std_msgs/include/std_msgs/std_msgs/msg/u_int16_multi_array.hpp
[11.266s] -- Up-to-date symlink: /home/ubuntu/microros_ws/install/std_msgs/include/std_msgs/std_msgs/msg/u_int32.hpp
[11.266s] -- Up-to-date symlink: /home/ubuntu/microros_ws/install/std_msgs/include/std_msgs/std_msgs/msg/u_int32_multi_array.hpp
[11.266s] -- Up-to-date symlink: /home/ubuntu/microros_ws/install/std_msgs/include/std_msgs/std_msgs/msg/u_int64.hpp
[11.268s] -- Up-to-date symlink: /home/ubuntu/microros_ws/install/std_msgs/include/std_msgs/std_msgs/msg/u_int64_multi_array.hpp
[11.269s] -- Up-to-date symlink: /home/ubuntu/microros_ws/install/std_msgs/include/std_msgs/std_msgs/msg/u_int8.hpp
[11.269s] -- Up-to-date symlink: /home/ubuntu/microros_ws/install/std_msgs/include/std_msgs/std_msgs/msg/u_int8_multi_array.hpp
[11.282s] -- Up-to-date symlink: /home/ubuntu/microros_ws/install/std_msgs/include/std_msgs/std_msgs/msg/detail/bool__rosidl_typesupport_fastrtps_cpp.hpp
[11.285s] -- Up-to-date symlink: /home/ubuntu/microros_ws/install/std_msgs/include/std_msgs/std_msgs/msg/detail/byte__rosidl_typesupport_fastrtps_cpp.hpp
[11.287s] -- Up-to-date symlink: /home/ubuntu/microros_ws/install/std_msgs/include/std_msgs/std_msgs/msg/detail/byte_multi_array__rosidl_typesupport_fastrtps_cpp.hpp
[11.288s] -- Up-to-date symlink: /home/ubuntu/microros_ws/install/std_msgs/include/std_msgs/std_msgs/msg/detail/char__rosidl_typesupport_fastrtps_cpp.hpp
[11.290s] -- Up-to-date symlink: /home/ubuntu/microros_ws/install/std_msgs/include/std_msgs/std_msgs/msg/detail/color_rgba__rosidl_typesupport_fastrtps_cpp.hpp
[11.291s] -- Up-to-date symlink: /home/ubuntu/microros_ws/install/std_msgs/include/std_msgs/std_msgs/msg/detail/empty__rosidl_typesupport_fastrtps_cpp.hpp
[11.292s] -- Up-to-date symlink: /home/ubuntu/microros_ws/install/std_msgs/include/std_msgs/std_msgs/msg/detail/float32__rosidl_typesupport_fastrtps_cpp.hpp
[11.293s] -- Up-to-date symlink: /home/ubuntu/microros_ws/install/std_msgs/include/std_msgs/std_msgs/msg/detail/float32_multi_array__rosidl_typesupport_fastrtps_cpp.hpp
[11.293s] -- Up-to-date symlink: /home/ubuntu/microros_ws/install/std_msgs/include/std_msgs/std_msgs/msg/detail/float64__rosidl_typesupport_fastrtps_cpp.hpp
[11.294s] -- Up-to-date symlink: /home/ubuntu/microros_ws/install/std_msgs/include/std_msgs/std_msgs/msg/detail/float64_multi_array__rosidl_typesupport_fastrtps_cpp.hpp
[11.294s] -- Up-to-date symlink: /home/ubuntu/microros_ws/install/std_msgs/include/std_msgs/std_msgs/msg/detail/header__rosidl_typesupport_fastrtps_cpp.hpp
[11.295s] -- Up-to-date symlink: /home/ubuntu/microros_ws/install/std_msgs/include/std_msgs/std_msgs/msg/detail/int16__rosidl_typesupport_fastrtps_cpp.hpp
[11.296s] -- Up-to-date symlink: /home/ubuntu/microros_ws/install/std_msgs/include/std_msgs/std_msgs/msg/detail/int16_multi_array__rosidl_typesupport_fastrtps_cpp.hpp
[11.298s] -- Up-to-date symlink: /home/ubuntu/microros_ws/install/std_msgs/include/std_msgs/std_msgs/msg/detail/int32__rosidl_typesupport_fastrtps_cpp.hpp
[11.299s] -- Up-to-date symlink: /home/ubuntu/microros_ws/install/std_msgs/include/std_msgs/std_msgs/msg/detail/int32_multi_array__rosidl_typesupport_fastrtps_cpp.hpp
[11.303s] -- Up-to-date symlink: /home/ubuntu/microros_ws/install/std_msgs/include/std_msgs/std_msgs/msg/detail/int64__rosidl_typesupport_fastrtps_cpp.hpp
[11.310s] -- Up-to-date symlink: /home/ubuntu/microros_ws/install/std_msgs/include/std_msgs/std_msgs/msg/detail/int64_multi_array__rosidl_typesupport_fastrtps_cpp.hpp
[11.312s] -- Up-to-date symlink: /home/ubuntu/microros_ws/install/std_msgs/include/std_msgs/std_msgs/msg/detail/int8__rosidl_typesupport_fastrtps_cpp.hpp
[11.312s] -- Up-to-date symlink: /home/ubuntu/microros_ws/install/std_msgs/include/std_msgs/std_msgs/msg/detail/int8_multi_array__rosidl_typesupport_fastrtps_cpp.hpp
[11.313s] -- Up-to-date symlink: /home/ubuntu/microros_ws/install/std_msgs/include/std_msgs/std_msgs/msg/detail/multi_array_dimension__rosidl_typesupport_fastrtps_cpp.hpp
[11.314s] -- Up-to-date symlink: /home/ubuntu/microros_ws/install/std_msgs/include/std_msgs/std_msgs/msg/detail/multi_array_layout__rosidl_typesupport_fastrtps_cpp.hpp
[11.315s] -- Up-to-date symlink: /home/ubuntu/microros_ws/install/std_msgs/include/std_msgs/std_msgs/msg/detail/string__rosidl_typesupport_fastrtps_cpp.hpp
[11.323s] -- Up-to-date symlink: /home/ubuntu/microros_ws/install/std_msgs/include/std_msgs/std_msgs/msg/detail/u_int16__rosidl_typesupport_fastrtps_cpp.hpp
[11.325s] -- Up-to-date symlink: /home/ubuntu/microros_ws/install/std_msgs/include/std_msgs/std_msgs/msg/detail/u_int16_multi_array__rosidl_typesupport_fastrtps_cpp.hpp
[11.326s] -- Up-to-date symlink: /home/ubuntu/microros_ws/install/std_msgs/include/std_msgs/std_msgs/msg/detail/u_int32__rosidl_typesupport_fastrtps_cpp.hpp
[11.334s] -- Up-to-date symlink: /home/ubuntu/microros_ws/install/std_msgs/include/std_msgs/std_msgs/msg/detail/u_int32_multi_array__rosidl_typesupport_fastrtps_cpp.hpp
[11.334s] -- Up-to-date symlink: /home/ubuntu/microros_ws/install/std_msgs/include/std_msgs/std_msgs/msg/detail/u_int64__rosidl_typesupport_fastrtps_cpp.hpp
[11.335s] -- Up-to-date symlink: /home/ubuntu/microros_ws/install/std_msgs/include/std_msgs/std_msgs/msg/detail/u_int64_multi_array__rosidl_typesupport_fastrtps_cpp.hpp
[11.336s] -- Up-to-date symlink: /home/ubuntu/microros_ws/install/std_msgs/include/std_msgs/std_msgs/msg/detail/u_int8__rosidl_typesupport_fastrtps_cpp.hpp
[11.337s] -- Up-to-date symlink: /home/ubuntu/microros_ws/install/std_msgs/include/std_msgs/std_msgs/msg/detail/u_int8_multi_array__rosidl_typesupport_fastrtps_cpp.hpp
[11.350s] -- Up-to-date symlink: /home/ubuntu/microros_ws/install/std_msgs/include/std_msgs/std_msgs/msg/rosidl_typesupport_fastrtps_cpp__visibility_control.h
[11.356s] -- Up-to-date symlink: /home/ubuntu/microros_ws/install/std_msgs/include/std_msgs/std_msgs/msg/detail/bool__rosidl_typesupport_introspection_c.h
[11.356s] -- Up-to-date symlink: /home/ubuntu/microros_ws/install/std_msgs/include/std_msgs/std_msgs/msg/detail/byte__rosidl_typesupport_introspection_c.h
[11.357s] -- Up-to-date symlink: /home/ubuntu/microros_ws/install/std_msgs/include/std_msgs/std_msgs/msg/detail/byte_multi_array__rosidl_typesupport_introspection_c.h
[11.357s] -- Up-to-date symlink: /home/ubuntu/microros_ws/install/std_msgs/include/std_msgs/std_msgs/msg/detail/char__rosidl_typesupport_introspection_c.h
[11.358s] -- Up-to-date symlink: /home/ubuntu/microros_ws/install/std_msgs/include/std_msgs/std_msgs/msg/detail/color_rgba__rosidl_typesupport_introspection_c.h
[11.359s] -- Up-to-date symlink: /home/ubuntu/microros_ws/install/std_msgs/include/std_msgs/std_msgs/msg/detail/empty__rosidl_typesupport_introspection_c.h
[11.366s] -- Up-to-date symlink: /home/ubuntu/microros_ws/install/std_msgs/include/std_msgs/std_msgs/msg/detail/float32__rosidl_typesupport_introspection_c.h
[11.368s] -- Up-to-date symlink: /home/ubuntu/microros_ws/install/std_msgs/include/std_msgs/std_msgs/msg/detail/float32_multi_array__rosidl_typesupport_introspection_c.h
[11.374s] -- Up-to-date symlink: /home/ubuntu/microros_ws/install/std_msgs/include/std_msgs/std_msgs/msg/detail/float64__rosidl_typesupport_introspection_c.h
[11.374s] -- Up-to-date symlink: /home/ubuntu/microros_ws/install/std_msgs/include/std_msgs/std_msgs/msg/detail/float64_multi_array__rosidl_typesupport_introspection_c.h
[11.385s] -- Up-to-date symlink: /home/ubuntu/microros_ws/install/std_msgs/include/std_msgs/std_msgs/msg/detail/header__rosidl_typesupport_introspection_c.h
[11.386s] -- Up-to-date symlink: /home/ubuntu/microros_ws/install/std_msgs/include/std_msgs/std_msgs/msg/detail/int16__rosidl_typesupport_introspection_c.h
[11.387s] -- Up-to-date symlink: /home/ubuntu/microros_ws/install/std_msgs/include/std_msgs/std_msgs/msg/detail/int16_multi_array__rosidl_typesupport_introspection_c.h
[11.388s] -- Up-to-date symlink: /home/ubuntu/microros_ws/install/std_msgs/include/std_msgs/std_msgs/msg/detail/int32__rosidl_typesupport_introspection_c.h
[11.389s] -- Up-to-date symlink: /home/ubuntu/microros_ws/install/std_msgs/include/std_msgs/std_msgs/msg/detail/int32_multi_array__rosidl_typesupport_introspection_c.h
[11.390s] -- Up-to-date symlink: /home/ubuntu/microros_ws/install/std_msgs/include/std_msgs/std_msgs/msg/detail/int64__rosidl_typesupport_introspection_c.h
[11.400s] -- Up-to-date symlink: /home/ubuntu/microros_ws/install/std_msgs/include/std_msgs/std_msgs/msg/detail/int64_multi_array__rosidl_typesupport_introspection_c.h
[11.401s] -- Up-to-date symlink: /home/ubuntu/microros_ws/install/std_msgs/include/std_msgs/std_msgs/msg/detail/int8__rosidl_typesupport_introspection_c.h
[11.403s] -- Up-to-date symlink: /home/ubuntu/microros_ws/install/std_msgs/include/std_msgs/std_msgs/msg/detail/int8_multi_array__rosidl_typesupport_introspection_c.h
[11.406s] -- Up-to-date symlink: /home/ubuntu/microros_ws/install/std_msgs/include/std_msgs/std_msgs/msg/detail/multi_array_dimension__rosidl_typesupport_introspection_c.h
[11.408s] -- Up-to-date symlink: /home/ubuntu/microros_ws/install/std_msgs/include/std_msgs/std_msgs/msg/detail/multi_array_layout__rosidl_typesupport_introspection_c.h
[11.410s] -- Up-to-date symlink: /home/ubuntu/microros_ws/install/std_msgs/include/std_msgs/std_msgs/msg/detail/string__rosidl_typesupport_introspection_c.h
[11.412s] -- Up-to-date symlink: /home/ubuntu/microros_ws/install/std_msgs/include/std_msgs/std_msgs/msg/detail/u_int16__rosidl_typesupport_introspection_c.h
[11.414s] -- Up-to-date symlink: /home/ubuntu/microros_ws/install/std_msgs/include/std_msgs/std_msgs/msg/detail/u_int16_multi_array__rosidl_typesupport_introspection_c.h
[11.415s] -- Up-to-date symlink: /home/ubuntu/microros_ws/install/std_msgs/include/std_msgs/std_msgs/msg/detail/u_int32__rosidl_typesupport_introspection_c.h
[11.421s] -- Up-to-date symlink: /home/ubuntu/microros_ws/install/std_msgs/include/std_msgs/std_msgs/msg/detail/u_int32_multi_array__rosidl_typesupport_introspection_c.h
[11.423s] -- Up-to-date symlink: /home/ubuntu/microros_ws/install/std_msgs/include/std_msgs/std_msgs/msg/detail/u_int64__rosidl_typesupport_introspection_c.h
[11.424s] -- Up-to-date symlink: /home/ubuntu/microros_ws/install/std_msgs/include/std_msgs/std_msgs/msg/detail/u_int64_multi_array__rosidl_typesupport_introspection_c.h
[11.425s] -- Up-to-date symlink: /home/ubuntu/microros_ws/install/std_msgs/include/std_msgs/std_msgs/msg/detail/u_int8__rosidl_typesupport_introspection_c.h
[11.426s] -- Up-to-date symlink: /home/ubuntu/microros_ws/install/std_msgs/include/std_msgs/std_msgs/msg/detail/u_int8_multi_array__rosidl_typesupport_introspection_c.h
[11.427s] -- Up-to-date symlink: /home/ubuntu/microros_ws/install/std_msgs/include/std_msgs/std_msgs/msg/rosidl_typesupport_introspection_c__visibility_control.h
[11.429s] -- Up-to-date symlink: /home/ubuntu/microros_ws/install/std_msgs/include/std_msgs/std_msgs/msg/detail/bool__rosidl_typesupport_introspection_cpp.hpp
[11.430s] -- Up-to-date symlink: /home/ubuntu/microros_ws/install/std_msgs/include/std_msgs/std_msgs/msg/detail/byte__rosidl_typesupport_introspection_cpp.hpp
[11.432s] -- Up-to-date symlink: /home/ubuntu/microros_ws/install/std_msgs/include/std_msgs/std_msgs/msg/detail/byte_multi_array__rosidl_typesupport_introspection_cpp.hpp
[11.441s] -- Up-to-date symlink: /home/ubuntu/microros_ws/install/std_msgs/include/std_msgs/std_msgs/msg/detail/char__rosidl_typesupport_introspection_cpp.hpp
[11.443s] -- Up-to-date symlink: /home/ubuntu/microros_ws/install/std_msgs/include/std_msgs/std_msgs/msg/detail/color_rgba__rosidl_typesupport_introspection_cpp.hpp
[11.443s] -- Up-to-date symlink: /home/ubuntu/microros_ws/install/std_msgs/include/std_msgs/std_msgs/msg/detail/empty__rosidl_typesupport_introspection_cpp.hpp
[11.444s] -- Up-to-date symlink: /home/ubuntu/microros_ws/install/std_msgs/include/std_msgs/std_msgs/msg/detail/float32__rosidl_typesupport_introspection_cpp.hpp
[11.445s] -- Up-to-date symlink: /home/ubuntu/microros_ws/install/std_msgs/include/std_msgs/std_msgs/msg/detail/float32_multi_array__rosidl_typesupport_introspection_cpp.hpp
[11.446s] -- Up-to-date symlink: /home/ubuntu/microros_ws/install/std_msgs/include/std_msgs/std_msgs/msg/detail/float64__rosidl_typesupport_introspection_cpp.hpp
[11.447s] -- Up-to-date symlink: /home/ubuntu/microros_ws/install/std_msgs/include/std_msgs/std_msgs/msg/detail/float64_multi_array__rosidl_typesupport_introspection_cpp.hpp
[11.447s] -- Up-to-date symlink: /home/ubuntu/microros_ws/install/std_msgs/include/std_msgs/std_msgs/msg/detail/header__rosidl_typesupport_introspection_cpp.hpp
[11.448s] -- Up-to-date symlink: /home/ubuntu/microros_ws/install/std_msgs/include/std_msgs/std_msgs/msg/detail/int16__rosidl_typesupport_introspection_cpp.hpp
[11.451s] -- Up-to-date symlink: /home/ubuntu/microros_ws/install/std_msgs/include/std_msgs/std_msgs/msg/detail/int16_multi_array__rosidl_typesupport_introspection_cpp.hpp
[11.452s] -- Up-to-date symlink: /home/ubuntu/microros_ws/install/std_msgs/include/std_msgs/std_msgs/msg/detail/int32__rosidl_typesupport_introspection_cpp.hpp
[11.453s] -- Up-to-date symlink: /home/ubuntu/microros_ws/install/std_msgs/include/std_msgs/std_msgs/msg/detail/int32_multi_array__rosidl_typesupport_introspection_cpp.hpp
[11.454s] -- Up-to-date symlink: /home/ubuntu/microros_ws/install/std_msgs/include/std_msgs/std_msgs/msg/detail/int64__rosidl_typesupport_introspection_cpp.hpp
[11.454s] -- Up-to-date symlink: /home/ubuntu/microros_ws/install/std_msgs/include/std_msgs/std_msgs/msg/detail/int64_multi_array__rosidl_typesupport_introspection_cpp.hpp
[11.455s] -- Up-to-date symlink: /home/ubuntu/microros_ws/install/std_msgs/include/std_msgs/std_msgs/msg/detail/int8__rosidl_typesupport_introspection_cpp.hpp
[11.455s] -- Up-to-date symlink: /home/ubuntu/microros_ws/install/std_msgs/include/std_msgs/std_msgs/msg/detail/int8_multi_array__rosidl_typesupport_introspection_cpp.hpp
[11.457s] -- Up-to-date symlink: /home/ubuntu/microros_ws/install/std_msgs/include/std_msgs/std_msgs/msg/detail/multi_array_dimension__rosidl_typesupport_introspection_cpp.hpp
[11.458s] -- Up-to-date symlink: /home/ubuntu/microros_ws/install/std_msgs/include/std_msgs/std_msgs/msg/detail/multi_array_layout__rosidl_typesupport_introspection_cpp.hpp
[11.458s] -- Up-to-date symlink: /home/ubuntu/microros_ws/install/std_msgs/include/std_msgs/std_msgs/msg/detail/string__rosidl_typesupport_introspection_cpp.hpp
[11.459s] -- Up-to-date symlink: /home/ubuntu/microros_ws/install/std_msgs/include/std_msgs/std_msgs/msg/detail/u_int16__rosidl_typesupport_introspection_cpp.hpp
[11.460s] -- Up-to-date symlink: /home/ubuntu/microros_ws/install/std_msgs/include/std_msgs/std_msgs/msg/detail/u_int16_multi_array__rosidl_typesupport_introspection_cpp.hpp
[11.461s] -- Up-to-date symlink: /home/ubuntu/microros_ws/install/std_msgs/include/std_msgs/std_msgs/msg/detail/u_int32__rosidl_typesupport_introspection_cpp.hpp
[11.462s] -- Up-to-date symlink: /home/ubuntu/microros_ws/install/std_msgs/include/std_msgs/std_msgs/msg/detail/u_int32_multi_array__rosidl_typesupport_introspection_cpp.hpp
[11.464s] -- Up-to-date symlink: /home/ubuntu/microros_ws/install/std_msgs/include/std_msgs/std_msgs/msg/detail/u_int64__rosidl_typesupport_introspection_cpp.hpp
[11.464s] -- Up-to-date symlink: /home/ubuntu/microros_ws/install/std_msgs/include/std_msgs/std_msgs/msg/detail/u_int64_multi_array__rosidl_typesupport_introspection_cpp.hpp
[11.465s] -- Up-to-date symlink: /home/ubuntu/microros_ws/install/std_msgs/include/std_msgs/std_msgs/msg/detail/u_int8__rosidl_typesupport_introspection_cpp.hpp
[11.465s] -- Up-to-date symlink: /home/ubuntu/microros_ws/install/std_msgs/include/std_msgs/std_msgs/msg/detail/u_int8_multi_array__rosidl_typesupport_introspection_cpp.hpp
[11.466s] -- Up-to-date symlink: /home/ubuntu/microros_ws/install/std_msgs/share/std_msgs/environment/pythonpath.sh
[11.466s] -- Up-to-date symlink: /home/ubuntu/microros_ws/install/std_msgs/share/std_msgs/environment/pythonpath.dsv
[11.466s] -- Up-to-date symlink: /home/ubuntu/microros_ws/install/std_msgs/local/lib/python3.10/dist-packages/std_msgs-4.2.4-py3.10.egg-info/PKG-INFO
[11.467s] -- Up-to-date symlink: /home/ubuntu/microros_ws/install/std_msgs/local/lib/python3.10/dist-packages/std_msgs-4.2.4-py3.10.egg-info/SOURCES.txt
[11.467s] -- Up-to-date symlink: /home/ubuntu/microros_ws/install/std_msgs/local/lib/python3.10/dist-packages/std_msgs-4.2.4-py3.10.egg-info/dependency_links.txt
[11.468s] -- Up-to-date symlink: /home/ubuntu/microros_ws/install/std_msgs/local/lib/python3.10/dist-packages/std_msgs-4.2.4-py3.10.egg-info/top_level.txt
[11.474s] -- Up-to-date symlink: /home/ubuntu/microros_ws/install/std_msgs/local/lib/python3.10/dist-packages/std_msgs/__init__.py
[11.474s] -- Up-to-date symlink: /home/ubuntu/microros_ws/install/std_msgs/local/lib/python3.10/dist-packages/std_msgs/_std_msgs_s.ep.rosidl_typesupport_c.c
[11.476s] -- Up-to-date symlink: /home/ubuntu/microros_ws/install/std_msgs/local/lib/python3.10/dist-packages/std_msgs/_std_msgs_s.ep.rosidl_typesupport_fastrtps_c.c
[11.477s] -- Up-to-date symlink: /home/ubuntu/microros_ws/install/std_msgs/local/lib/python3.10/dist-packages/std_msgs/_std_msgs_s.ep.rosidl_typesupport_introspection_c.c
[11.477s] -- Up-to-date symlink: /home/ubuntu/microros_ws/install/std_msgs/local/lib/python3.10/dist-packages/std_msgs/_std_msgs_s.ep.rosidl_typesupport_microxrcedds_c.c
[11.479s] -- Up-to-date symlink: /home/ubuntu/microros_ws/install/std_msgs/local/lib/python3.10/dist-packages/std_msgs/libstd_msgs__rosidl_generator_py.so
[11.480s] -- Up-to-date symlink: /home/ubuntu/microros_ws/install/std_msgs/local/lib/python3.10/dist-packages/std_msgs/msg/__init__.py
[11.482s] -- Up-to-date symlink: /home/ubuntu/microros_ws/install/std_msgs/local/lib/python3.10/dist-packages/std_msgs/msg/_bool.py
[11.484s] -- Up-to-date symlink: /home/ubuntu/microros_ws/install/std_msgs/local/lib/python3.10/dist-packages/std_msgs/msg/_bool_s.c
[11.485s] -- Up-to-date symlink: /home/ubuntu/microros_ws/install/std_msgs/local/lib/python3.10/dist-packages/std_msgs/msg/_byte.py
[11.486s] -- Up-to-date symlink: /home/ubuntu/microros_ws/install/std_msgs/local/lib/python3.10/dist-packages/std_msgs/msg/_byte_multi_array.py
[11.488s] -- Up-to-date symlink: /home/ubuntu/microros_ws/install/std_msgs/local/lib/python3.10/dist-packages/std_msgs/msg/_byte_multi_array_s.c
[11.488s] -- Up-to-date symlink: /home/ubuntu/microros_ws/install/std_msgs/local/lib/python3.10/dist-packages/std_msgs/msg/_byte_s.c
[11.489s] -- Up-to-date symlink: /home/ubuntu/microros_ws/install/std_msgs/local/lib/python3.10/dist-packages/std_msgs/msg/_char.py
[11.490s] -- Up-to-date symlink: /home/ubuntu/microros_ws/install/std_msgs/local/lib/python3.10/dist-packages/std_msgs/msg/_char_s.c
[11.491s] -- Up-to-date symlink: /home/ubuntu/microros_ws/install/std_msgs/local/lib/python3.10/dist-packages/std_msgs/msg/_color_rgba.py
[11.492s] -- Up-to-date symlink: /home/ubuntu/microros_ws/install/std_msgs/local/lib/python3.10/dist-packages/std_msgs/msg/_color_rgba_s.c
[11.492s] -- Up-to-date symlink: /home/ubuntu/microros_ws/install/std_msgs/local/lib/python3.10/dist-packages/std_msgs/msg/_empty.py
[11.493s] -- Up-to-date symlink: /home/ubuntu/microros_ws/install/std_msgs/local/lib/python3.10/dist-packages/std_msgs/msg/_empty_s.c
[11.494s] -- Up-to-date symlink: /home/ubuntu/microros_ws/install/std_msgs/local/lib/python3.10/dist-packages/std_msgs/msg/_float32.py
[11.495s] -- Up-to-date symlink: /home/ubuntu/microros_ws/install/std_msgs/local/lib/python3.10/dist-packages/std_msgs/msg/_float32_multi_array.py
[11.495s] -- Up-to-date symlink: /home/ubuntu/microros_ws/install/std_msgs/local/lib/python3.10/dist-packages/std_msgs/msg/_float32_multi_array_s.c
[11.496s] -- Up-to-date symlink: /home/ubuntu/microros_ws/install/std_msgs/local/lib/python3.10/dist-packages/std_msgs/msg/_float32_s.c
[11.498s] -- Up-to-date symlink: /home/ubuntu/microros_ws/install/std_msgs/local/lib/python3.10/dist-packages/std_msgs/msg/_float64.py
[11.507s] -- Up-to-date symlink: /home/ubuntu/microros_ws/install/std_msgs/local/lib/python3.10/dist-packages/std_msgs/msg/_float64_multi_array.py
[11.507s] -- Up-to-date symlink: /home/ubuntu/microros_ws/install/std_msgs/local/lib/python3.10/dist-packages/std_msgs/msg/_float64_multi_array_s.c
[11.508s] -- Up-to-date symlink: /home/ubuntu/microros_ws/install/std_msgs/local/lib/python3.10/dist-packages/std_msgs/msg/_float64_s.c
[11.509s] -- Up-to-date symlink: /home/ubuntu/microros_ws/install/std_msgs/local/lib/python3.10/dist-packages/std_msgs/msg/_header.py
[11.509s] -- Up-to-date symlink: /home/ubuntu/microros_ws/install/std_msgs/local/lib/python3.10/dist-packages/std_msgs/msg/_header_s.c
[11.510s] -- Up-to-date symlink: /home/ubuntu/microros_ws/install/std_msgs/local/lib/python3.10/dist-packages/std_msgs/msg/_int16.py
[11.511s] -- Up-to-date symlink: /home/ubuntu/microros_ws/install/std_msgs/local/lib/python3.10/dist-packages/std_msgs/msg/_int16_multi_array.py
[11.511s] -- Up-to-date symlink: /home/ubuntu/microros_ws/install/std_msgs/local/lib/python3.10/dist-packages/std_msgs/msg/_int16_multi_array_s.c
[11.513s] -- Up-to-date symlink: /home/ubuntu/microros_ws/install/std_msgs/local/lib/python3.10/dist-packages/std_msgs/msg/_int16_s.c
[11.517s] -- Up-to-date symlink: /home/ubuntu/microros_ws/install/std_msgs/local/lib/python3.10/dist-packages/std_msgs/msg/_int32.py
[11.517s] -- Up-to-date symlink: /home/ubuntu/microros_ws/install/std_msgs/local/lib/python3.10/dist-packages/std_msgs/msg/_int32_multi_array.py
[11.518s] -- Up-to-date symlink: /home/ubuntu/microros_ws/install/std_msgs/local/lib/python3.10/dist-packages/std_msgs/msg/_int32_multi_array_s.c
[11.519s] -- Up-to-date symlink: /home/ubuntu/microros_ws/install/std_msgs/local/lib/python3.10/dist-packages/std_msgs/msg/_int32_s.c
[11.519s] -- Up-to-date symlink: /home/ubuntu/microros_ws/install/std_msgs/local/lib/python3.10/dist-packages/std_msgs/msg/_int64.py
[11.533s] -- Up-to-date symlink: /home/ubuntu/microros_ws/install/std_msgs/local/lib/python3.10/dist-packages/std_msgs/msg/_int64_multi_array.py
[11.537s] -- Up-to-date symlink: /home/ubuntu/microros_ws/install/std_msgs/local/lib/python3.10/dist-packages/std_msgs/msg/_int64_multi_array_s.c
[11.538s] -- Up-to-date symlink: /home/ubuntu/microros_ws/install/std_msgs/local/lib/python3.10/dist-packages/std_msgs/msg/_int64_s.c
[11.538s] -- Up-to-date symlink: /home/ubuntu/microros_ws/install/std_msgs/local/lib/python3.10/dist-packages/std_msgs/msg/_int8.py
[11.538s] -- Up-to-date symlink: /home/ubuntu/microros_ws/install/std_msgs/local/lib/python3.10/dist-packages/std_msgs/msg/_int8_multi_array.py
[11.539s] -- Up-to-date symlink: /home/ubuntu/microros_ws/install/std_msgs/local/lib/python3.10/dist-packages/std_msgs/msg/_int8_multi_array_s.c
[11.540s] -- Up-to-date symlink: /home/ubuntu/microros_ws/install/std_msgs/local/lib/python3.10/dist-packages/std_msgs/msg/_int8_s.c
[11.540s] -- Up-to-date symlink: /home/ubuntu/microros_ws/install/std_msgs/local/lib/python3.10/dist-packages/std_msgs/msg/_multi_array_dimension.py
[11.541s] -- Up-to-date symlink: /home/ubuntu/microros_ws/install/std_msgs/local/lib/python3.10/dist-packages/std_msgs/msg/_multi_array_dimension_s.c
[11.542s] -- Up-to-date symlink: /home/ubuntu/microros_ws/install/std_msgs/local/lib/python3.10/dist-packages/std_msgs/msg/_multi_array_layout.py
[11.542s] -- Up-to-date symlink: /home/ubuntu/microros_ws/install/std_msgs/local/lib/python3.10/dist-packages/std_msgs/msg/_multi_array_layout_s.c
[11.543s] -- Up-to-date symlink: /home/ubuntu/microros_ws/install/std_msgs/local/lib/python3.10/dist-packages/std_msgs/msg/_string.py
[11.543s] -- Up-to-date symlink: /home/ubuntu/microros_ws/install/std_msgs/local/lib/python3.10/dist-packages/std_msgs/msg/_string_s.c
[11.546s] -- Up-to-date symlink: /home/ubuntu/microros_ws/install/std_msgs/local/lib/python3.10/dist-packages/std_msgs/msg/_u_int16.py
[11.553s] -- Up-to-date symlink: /home/ubuntu/microros_ws/install/std_msgs/local/lib/python3.10/dist-packages/std_msgs/msg/_u_int16_multi_array.py
[11.555s] -- Up-to-date symlink: /home/ubuntu/microros_ws/install/std_msgs/local/lib/python3.10/dist-packages/std_msgs/msg/_u_int16_multi_array_s.c
[11.556s] -- Up-to-date symlink: /home/ubuntu/microros_ws/install/std_msgs/local/lib/python3.10/dist-packages/std_msgs/msg/_u_int16_s.c
[11.557s] -- Up-to-date symlink: /home/ubuntu/microros_ws/install/std_msgs/local/lib/python3.10/dist-packages/std_msgs/msg/_u_int32.py
[11.559s] -- Up-to-date symlink: /home/ubuntu/microros_ws/install/std_msgs/local/lib/python3.10/dist-packages/std_msgs/msg/_u_int32_multi_array.py
[11.560s] -- Up-to-date symlink: /home/ubuntu/microros_ws/install/std_msgs/local/lib/python3.10/dist-packages/std_msgs/msg/_u_int32_multi_array_s.c
[11.586s] -- Up-to-date symlink: /home/ubuntu/microros_ws/install/std_msgs/local/lib/python3.10/dist-packages/std_msgs/msg/_u_int32_s.c
[11.587s] -- Up-to-date symlink: /home/ubuntu/microros_ws/install/std_msgs/local/lib/python3.10/dist-packages/std_msgs/msg/_u_int64.py
[11.588s] -- Up-to-date symlink: /home/ubuntu/microros_ws/install/std_msgs/local/lib/python3.10/dist-packages/std_msgs/msg/_u_int64_multi_array.py
[11.589s] -- Up-to-date symlink: /home/ubuntu/microros_ws/install/std_msgs/local/lib/python3.10/dist-packages/std_msgs/msg/_u_int64_multi_array_s.c
[11.589s] -- Up-to-date symlink: /home/ubuntu/microros_ws/install/std_msgs/local/lib/python3.10/dist-packages/std_msgs/msg/_u_int64_s.c
[11.590s] -- Up-to-date symlink: /home/ubuntu/microros_ws/install/std_msgs/local/lib/python3.10/dist-packages/std_msgs/msg/_u_int8.py
[11.591s] -- Up-to-date symlink: /home/ubuntu/microros_ws/install/std_msgs/local/lib/python3.10/dist-packages/std_msgs/msg/_u_int8_multi_array.py
[11.591s] -- Up-to-date symlink: /home/ubuntu/microros_ws/install/std_msgs/local/lib/python3.10/dist-packages/std_msgs/msg/_u_int8_multi_array_s.c
[11.592s] -- Up-to-date symlink: /home/ubuntu/microros_ws/install/std_msgs/local/lib/python3.10/dist-packages/std_msgs/msg/_u_int8_s.c
[11.592s] -- Up-to-date symlink: /home/ubuntu/microros_ws/install/std_msgs/local/lib/python3.10/dist-packages/std_msgs/std_msgs_s__rosidl_typesupport_c.cpython-310-aarch64-linux-gnu.so
[11.593s] -- Up-to-date symlink: /home/ubuntu/microros_ws/install/std_msgs/local/lib/python3.10/dist-packages/std_msgs/std_msgs_s__rosidl_typesupport_fastrtps_c.cpython-310-aarch64-linux-gnu.so
[11.594s] -- Up-to-date symlink: /home/ubuntu/microros_ws/install/std_msgs/local/lib/python3.10/dist-packages/std_msgs/std_msgs_s__rosidl_typesupport_introspection_c.cpython-310-aarch64-linux-gnu.so
[11.594s] -- Up-to-date symlink: /home/ubuntu/microros_ws/install/std_msgs/local/lib/python3.10/dist-packages/std_msgs/std_msgs_s__rosidl_typesupport_microxrcedds_c.cpython-310-aarch64-linux-gnu.so
[11.595s] -- Up-to-date symlink: /home/ubuntu/microros_ws/install/std_msgs/local/lib/python3.10/dist-packages/std_msgs/std_msgs_s__rosidl_typesupport_fastrtps_c.cpython-310-aarch64-linux-gnu.so
[11.595s] -- Up-to-date symlink: /home/ubuntu/microros_ws/install/std_msgs/local/lib/python3.10/dist-packages/std_msgs/std_msgs_s__rosidl_typesupport_introspection_c.cpython-310-aarch64-linux-gnu.so
[11.596s] -- Up-to-date symlink: /home/ubuntu/microros_ws/install/std_msgs/local/lib/python3.10/dist-packages/std_msgs/std_msgs_s__rosidl_typesupport_c.cpython-310-aarch64-linux-gnu.so
[11.601s] -- Up-to-date symlink: /home/ubuntu/microros_ws/install/std_msgs/share/std_msgs/msg/Bool.idl
[11.602s] -- Up-to-date symlink: /home/ubuntu/microros_ws/install/std_msgs/share/std_msgs/msg/Byte.idl
[11.602s] -- Up-to-date symlink: /home/ubuntu/microros_ws/install/std_msgs/share/std_msgs/msg/ByteMultiArray.idl
[11.603s] -- Up-to-date symlink: /home/ubuntu/microros_ws/install/std_msgs/share/std_msgs/msg/Char.idl
[11.603s] -- Up-to-date symlink: /home/ubuntu/microros_ws/install/std_msgs/share/std_msgs/msg/ColorRGBA.idl
[11.604s] -- Up-to-date symlink: /home/ubuntu/microros_ws/install/std_msgs/share/std_msgs/msg/Empty.idl
[11.605s] -- Up-to-date symlink: /home/ubuntu/microros_ws/install/std_msgs/share/std_msgs/msg/Float32.idl
[11.606s] -- Up-to-date symlink: /home/ubuntu/microros_ws/install/std_msgs/share/std_msgs/msg/Float32MultiArray.idl
[11.606s] -- Up-to-date symlink: /home/ubuntu/microros_ws/install/std_msgs/share/std_msgs/msg/Float64.idl
[11.607s] -- Up-to-date symlink: /home/ubuntu/microros_ws/install/std_msgs/share/std_msgs/msg/Float64MultiArray.idl
[11.607s] -- Up-to-date symlink: /home/ubuntu/microros_ws/install/std_msgs/share/std_msgs/msg/Header.idl
[11.608s] -- Up-to-date symlink: /home/ubuntu/microros_ws/install/std_msgs/share/std_msgs/msg/Int16.idl
[11.608s] -- Up-to-date symlink: /home/ubuntu/microros_ws/install/std_msgs/share/std_msgs/msg/Int16MultiArray.idl
[11.609s] -- Up-to-date symlink: /home/ubuntu/microros_ws/install/std_msgs/share/std_msgs/msg/Int32.idl
[11.610s] -- Up-to-date symlink: /home/ubuntu/microros_ws/install/std_msgs/share/std_msgs/msg/Int32MultiArray.idl
[11.611s] -- Up-to-date symlink: /home/ubuntu/microros_ws/install/std_msgs/share/std_msgs/msg/Int64.idl
[11.611s] -- Up-to-date symlink: /home/ubuntu/microros_ws/install/std_msgs/share/std_msgs/msg/Int64MultiArray.idl
[11.612s] -- Up-to-date symlink: /home/ubuntu/microros_ws/install/std_msgs/share/std_msgs/msg/Int8.idl
[11.613s] -- Up-to-date symlink: /home/ubuntu/microros_ws/install/std_msgs/share/std_msgs/msg/Int8MultiArray.idl
[11.614s] -- Up-to-date symlink: /home/ubuntu/microros_ws/install/std_msgs/share/std_msgs/msg/MultiArrayDimension.idl
[11.616s] -- Up-to-date symlink: /home/ubuntu/microros_ws/install/std_msgs/share/std_msgs/msg/MultiArrayLayout.idl
[11.617s] -- Up-to-date symlink: /home/ubuntu/microros_ws/install/std_msgs/share/std_msgs/msg/String.idl
[11.617s] -- Up-to-date symlink: /home/ubuntu/microros_ws/install/std_msgs/share/std_msgs/msg/UInt16.idl
[11.618s] -- Up-to-date symlink: /home/ubuntu/microros_ws/install/std_msgs/share/std_msgs/msg/UInt16MultiArray.idl
[11.619s] -- Up-to-date symlink: /home/ubuntu/microros_ws/install/std_msgs/share/std_msgs/msg/UInt32.idl
[11.619s] -- Up-to-date symlink: /home/ubuntu/microros_ws/install/std_msgs/share/std_msgs/msg/UInt32MultiArray.idl
[11.621s] -- Up-to-date symlink: /home/ubuntu/microros_ws/install/std_msgs/share/std_msgs/msg/UInt64.idl
[11.622s] -- Up-to-date symlink: /home/ubuntu/microros_ws/install/std_msgs/share/std_msgs/msg/UInt64MultiArray.idl
[11.622s] -- Up-to-date symlink: /home/ubuntu/microros_ws/install/std_msgs/share/std_msgs/msg/UInt8.idl
[11.623s] -- Up-to-date symlink: /home/ubuntu/microros_ws/install/std_msgs/share/std_msgs/msg/UInt8MultiArray.idl
[11.624s] -- Up-to-date symlink: /home/ubuntu/microros_ws/install/std_msgs/share/std_msgs/msg/Bool.msg
[11.624s] -- Up-to-date symlink: /home/ubuntu/microros_ws/install/std_msgs/share/std_msgs/msg/Byte.msg
[11.625s] -- Up-to-date symlink: /home/ubuntu/microros_ws/install/std_msgs/share/std_msgs/msg/ByteMultiArray.msg
[11.626s] -- Up-to-date symlink: /home/ubuntu/microros_ws/install/std_msgs/share/std_msgs/msg/Char.msg
[11.627s] -- Up-to-date symlink: /home/ubuntu/microros_ws/install/std_msgs/share/std_msgs/msg/ColorRGBA.msg
[11.627s] -- Up-to-date symlink: /home/ubuntu/microros_ws/install/std_msgs/share/std_msgs/msg/Empty.msg
[11.628s] -- Up-to-date symlink: /home/ubuntu/microros_ws/install/std_msgs/share/std_msgs/msg/Float32.msg
[11.629s] -- Up-to-date symlink: /home/ubuntu/microros_ws/install/std_msgs/share/std_msgs/msg/Float32MultiArray.msg
[11.629s] -- Up-to-date symlink: /home/ubuntu/microros_ws/install/std_msgs/share/std_msgs/msg/Float64.msg
[11.631s] -- Up-to-date symlink: /home/ubuntu/microros_ws/install/std_msgs/share/std_msgs/msg/Float64MultiArray.msg
[11.639s] -- Up-to-date symlink: /home/ubuntu/microros_ws/install/std_msgs/share/std_msgs/msg/Header.msg
[11.639s] -- Up-to-date symlink: /home/ubuntu/microros_ws/install/std_msgs/share/std_msgs/msg/Int16.msg
[11.640s] -- Up-to-date symlink: /home/ubuntu/microros_ws/install/std_msgs/share/std_msgs/msg/Int16MultiArray.msg
[11.650s] -- Up-to-date symlink: /home/ubuntu/microros_ws/install/std_msgs/share/std_msgs/msg/Int32.msg
[11.650s] -- Up-to-date symlink: /home/ubuntu/microros_ws/install/std_msgs/share/std_msgs/msg/Int32MultiArray.msg
[11.651s] -- Up-to-date symlink: /home/ubuntu/microros_ws/install/std_msgs/share/std_msgs/msg/Int64.msg
[11.652s] -- Up-to-date symlink: /home/ubuntu/microros_ws/install/std_msgs/share/std_msgs/msg/Int64MultiArray.msg
[11.653s] -- Up-to-date symlink: /home/ubuntu/microros_ws/install/std_msgs/share/std_msgs/msg/Int8.msg
[11.653s] -- Up-to-date symlink: /home/ubuntu/microros_ws/install/std_msgs/share/std_msgs/msg/Int8MultiArray.msg
[11.655s] -- Up-to-date symlink: /home/ubuntu/microros_ws/install/std_msgs/share/std_msgs/msg/MultiArrayDimension.msg
[11.656s] -- Up-to-date symlink: /home/ubuntu/microros_ws/install/std_msgs/share/std_msgs/msg/MultiArrayLayout.msg
[11.657s] -- Up-to-date symlink: /home/ubuntu/microros_ws/install/std_msgs/share/std_msgs/msg/String.msg
[11.657s] -- Up-to-date symlink: /home/ubuntu/microros_ws/install/std_msgs/share/std_msgs/msg/UInt16.msg
[11.658s] -- Up-to-date symlink: /home/ubuntu/microros_ws/install/std_msgs/share/std_msgs/msg/UInt16MultiArray.msg
[11.659s] -- Up-to-date symlink: /home/ubuntu/microros_ws/install/std_msgs/share/std_msgs/msg/UInt32.msg
[11.659s] -- Up-to-date symlink: /home/ubuntu/microros_ws/install/std_msgs/share/std_msgs/msg/UInt32MultiArray.msg
[11.660s] -- Up-to-date symlink: /home/ubuntu/microros_ws/install/std_msgs/share/std_msgs/msg/UInt64.msg
[11.661s] -- Up-to-date symlink: /home/ubuntu/microros_ws/install/std_msgs/share/std_msgs/msg/UInt64MultiArray.msg
[11.661s] -- Up-to-date symlink: /home/ubuntu/microros_ws/install/std_msgs/share/std_msgs/msg/UInt8.msg
[11.664s] -- Up-to-date symlink: /home/ubuntu/microros_ws/install/std_msgs/share/std_msgs/msg/UInt8MultiArray.msg
[11.664s] -- Up-to-date symlink: /home/ubuntu/microros_ws/install/std_msgs/share/ament_index/resource_index/package_run_dependencies/std_msgs
[11.665s] -- Up-to-date symlink: /home/ubuntu/microros_ws/install/std_msgs/share/ament_index/resource_index/parent_prefix_path/std_msgs
[11.665s] -- Up-to-date symlink: /home/ubuntu/microros_ws/install/std_msgs/share/std_msgs/environment/ament_prefix_path.sh
[11.666s] -- Up-to-date symlink: /home/ubuntu/microros_ws/install/std_msgs/share/std_msgs/environment/ament_prefix_path.dsv
[11.666s] -- Up-to-date symlink: /home/ubuntu/microros_ws/install/std_msgs/share/std_msgs/environment/path.sh
[11.667s] -- Up-to-date symlink: /home/ubuntu/microros_ws/install/std_msgs/share/std_msgs/environment/path.dsv
[11.667s] -- Up-to-date symlink: /home/ubuntu/microros_ws/install/std_msgs/share/std_msgs/local_setup.bash
[11.669s] -- Up-to-date symlink: /home/ubuntu/microros_ws/install/std_msgs/share/std_msgs/local_setup.sh
[11.675s] -- Up-to-date symlink: /home/ubuntu/microros_ws/install/std_msgs/share/std_msgs/local_setup.zsh
[11.680s] -- Up-to-date symlink: /home/ubuntu/microros_ws/install/std_msgs/share/std_msgs/local_setup.dsv
[11.680s] -- Symlinking: /home/ubuntu/microros_ws/install/std_msgs/share/std_msgs/package.dsv
[11.711s] -- Up-to-date symlink: /home/ubuntu/microros_ws/install/std_msgs/share/ament_index/resource_index/packages/std_msgs
[11.715s] -- Up-to-date symlink: /home/ubuntu/microros_ws/install/std_msgs/share/std_msgs/cmake/rosidl_cmake-extras.cmake
[11.718s] -- Up-to-date symlink: /home/ubuntu/microros_ws/install/std_msgs/share/std_msgs/cmake/ament_cmake_export_dependencies-extras.cmake
[11.720s] -- Up-to-date symlink: /home/ubuntu/microros_ws/install/std_msgs/share/std_msgs/cmake/ament_cmake_export_include_directories-extras.cmake
[11.721s] -- Up-to-date symlink: /home/ubuntu/microros_ws/install/std_msgs/share/std_msgs/cmake/ament_cmake_export_libraries-extras.cmake
[11.721s] -- Up-to-date symlink: /home/ubuntu/microros_ws/install/std_msgs/share/std_msgs/cmake/ament_cmake_export_targets-extras.cmake
[11.722s] -- Up-to-date symlink: /home/ubuntu/microros_ws/install/std_msgs/share/std_msgs/cmake/rosidl_cmake_export_typesupport_targets-extras.cmake
[11.723s] -- Up-to-date symlink: /home/ubuntu/microros_ws/install/std_msgs/share/std_msgs/cmake/rosidl_cmake_export_typesupport_libraries-extras.cmake
[11.724s] -- Up-to-date symlink: /home/ubuntu/microros_ws/install/std_msgs/share/std_msgs/cmake/std_msgsConfig.cmake
[11.725s] -- Up-to-date symlink: /home/ubuntu/microros_ws/install/std_msgs/share/std_msgs/cmake/std_msgsConfig-version.cmake
[11.727s] -- Up-to-date symlink: /home/ubuntu/microros_ws/install/std_msgs/share/std_msgs/package.xml
[11.727s] -- Up-to-date: /home/ubuntu/microros_ws/install/std_msgs/lib/libstd_msgs__rosidl_generator_c.so
[11.728s] -- Up-to-date: /home/ubuntu/microros_ws/install/std_msgs/lib/libstd_msgs__rosidl_typesupport_fastrtps_c.so
[11.729s] -- Up-to-date: /home/ubuntu/microros_ws/install/std_msgs/lib/libstd_msgs__rosidl_typesupport_fastrtps_cpp.so
[11.731s] -- Up-to-date: /home/ubuntu/microros_ws/install/std_msgs/lib/libstd_msgs__rosidl_typesupport_introspection_c.so
[11.732s] -- Up-to-date: /home/ubuntu/microros_ws/install/std_msgs/lib/libstd_msgs__rosidl_typesupport_c.so
[11.734s] -- Up-to-date: /home/ubuntu/microros_ws/install/std_msgs/lib/libstd_msgs__rosidl_typesupport_introspection_cpp.so
[11.737s] -- Up-to-date: /home/ubuntu/microros_ws/install/std_msgs/lib/libstd_msgs__rosidl_typesupport_cpp.so
[11.905s] Listing '/home/ubuntu/microros_ws/install/std_msgs/local/lib/python3.10/dist-packages/std_msgs'...
[11.907s] Listing '/home/ubuntu/microros_ws/install/std_msgs/local/lib/python3.10/dist-packages/std_msgs/msg'...
[11.957s] -- Up-to-date: /home/ubuntu/microros_ws/install/std_msgs/lib/libstd_msgs__rosidl_generator_py.so
[11.957s] -- Up-to-date: /home/ubuntu/microros_ws/install/std_msgs/share/std_msgs/cmake/export_std_msgs__rosidl_generator_cExport.cmake
[11.958s] -- Up-to-date: /home/ubuntu/microros_ws/install/std_msgs/share/std_msgs/cmake/export_std_msgs__rosidl_generator_cExport-noconfig.cmake
[11.958s] -- Up-to-date: /home/ubuntu/microros_ws/install/std_msgs/share/std_msgs/cmake/export_std_msgs__rosidl_typesupport_fastrtps_cExport.cmake
[11.959s] -- Up-to-date: /home/ubuntu/microros_ws/install/std_msgs/share/std_msgs/cmake/export_std_msgs__rosidl_typesupport_fastrtps_cExport-noconfig.cmake
[11.960s] -- Up-to-date: /home/ubuntu/microros_ws/install/std_msgs/share/std_msgs/cmake/export_std_msgs__rosidl_generator_cppExport.cmake
[11.960s] -- Up-to-date: /home/ubuntu/microros_ws/install/std_msgs/share/std_msgs/cmake/export_std_msgs__rosidl_typesupport_fastrtps_cppExport.cmake
[11.961s] -- Up-to-date: /home/ubuntu/microros_ws/install/std_msgs/share/std_msgs/cmake/export_std_msgs__rosidl_typesupport_fastrtps_cppExport-noconfig.cmake
[11.962s] -- Up-to-date: /home/ubuntu/microros_ws/install/std_msgs/share/std_msgs/cmake/std_msgs__rosidl_typesupport_introspection_cExport.cmake
[11.963s] -- Up-to-date: /home/ubuntu/microros_ws/install/std_msgs/share/std_msgs/cmake/std_msgs__rosidl_typesupport_introspection_cExport-noconfig.cmake
[11.964s] -- Up-to-date: /home/ubuntu/microros_ws/install/std_msgs/share/std_msgs/cmake/std_msgs__rosidl_typesupport_cExport.cmake
[11.965s] -- Up-to-date: /home/ubuntu/microros_ws/install/std_msgs/share/std_msgs/cmake/std_msgs__rosidl_typesupport_cExport-noconfig.cmake
[11.977s] -- Up-to-date: /home/ubuntu/microros_ws/install/std_msgs/share/std_msgs/cmake/std_msgs__rosidl_typesupport_introspection_cppExport.cmake
[11.982s] -- Up-to-date: /home/ubuntu/microros_ws/install/std_msgs/share/std_msgs/cmake/std_msgs__rosidl_typesupport_introspection_cppExport-noconfig.cmake
[11.983s] -- Up-to-date: /home/ubuntu/microros_ws/install/std_msgs/share/std_msgs/cmake/std_msgs__rosidl_typesupport_cppExport.cmake
[11.983s] -- Up-to-date: /home/ubuntu/microros_ws/install/std_msgs/share/std_msgs/cmake/std_msgs__rosidl_typesupport_cppExport-noconfig.cmake
[11.984s] -- Up-to-date: /home/ubuntu/microros_ws/install/std_msgs/share/std_msgs/cmake/export_std_msgs__rosidl_generator_pyExport.cmake
[11.985s] -- Up-to-date: /home/ubuntu/microros_ws/install/std_msgs/share/std_msgs/cmake/export_std_msgs__rosidl_generator_pyExport-noconfig.cmake
[11.987s] Invoked command in '/home/ubuntu/microros_ws/build/std_msgs' returned '0': AMENT_PREFIX_PATH=/home/ubuntu/microros_ws/install/builtin_interfaces:${AMENT_PREFIX_PATH} CMAKE_PREFIX_PATH=/home/ubuntu/microros_ws/install/builtin_interfaces:/opt/ros/humble LD_LIBRARY_PATH=/home/ubuntu/microros_ws/install/builtin_interfaces/lib:${LD_LIBRARY_PATH} PYTHONPATH=/home/ubuntu/microros_ws/install/builtin_interfaces/local/lib/python3.10/dist-packages:${PYTHONPATH} /usr/bin/cmake --install /home/ubuntu/microros_ws/build/std_msgs
