[0.249s] Invoking command in '/home/ubuntu/microros_ws/build/nav_msgs': CMAKE_PREFIX_PATH=/home/ubuntu/microros_ws/install/geometry_msgs:/home/ubuntu/microros_ws/install/std_msgs:/home/ubuntu/microros_ws/install/builtin_interfaces:/home/ubuntu/microros_ws/install/micro_ros_demos_rclc:/home/ubuntu/microros_ws/install/common_interfaces:/home/ubuntu/microros_ws/install/visualization_msgs:/home/ubuntu/microros_ws/install/test_msgs:/home/ubuntu/microros_ws/install/example_interfaces:/home/ubuntu/microros_ws/install/action_msgs:/home/ubuntu/microros_ws/install/unique_identifier_msgs:/home/ubuntu/microros_ws/install/trajectory_msgs:/home/ubuntu/microros_ws/install/stereo_msgs:/home/ubuntu/microros_ws/install/sensor_msgs_py:/opt/ros/humble:/home/ubuntu/microros_ws/install/rplidar_ros:/home/ubuntu/microros_ws/install/std_srvs:/home/ubuntu/microros_ws/install/shape_msgs:/home/ubuntu/microros_ws/install/astra_camera_msgs:/home/ubuntu/microros_ws/install/sensor_msgs:/home/ubuntu/microros_ws/install/nav_msgs:/home/ubuntu/microros_ws/install/diagnostic_msgs:/home/ubuntu/microros_ws/install/actionlib_msgs:/home/ubuntu/microros_ws/install/statistics_msgs:/home/ubuntu/microros_ws/install/rosidl_typesupport_microxrcedds_test_msg:/home/ubuntu/microros_ws/install/rosidl_typesupport_microxrcedds_cpp_tests:/home/ubuntu/microros_ws/install/rmw_microxrcedds:/home/ubuntu/microros_ws/install/rosidl_typesupport_microxrcedds_cpp:/home/ubuntu/microros_ws/install/rosidl_typesupport_microxrcedds_c_tests:/home/ubuntu/microros_ws/install/rosidl_typesupport_microxrcedds_c:/home/ubuntu/microros_ws/install/rosgraph_msgs:/home/ubuntu/microros_ws/install/rclc_parameter:/home/ubuntu/microros_ws/install/rclc:/home/ubuntu/microros_ws/install/composition_interfaces:/home/ubuntu/microros_ws/install/rcl_interfaces:/home/ubuntu/microros_ws/install/microxrcedds_client:/home/ubuntu/microros_ws/install/microcdr:/home/ubuntu/microros_ws/install/micro_ros_utilities:/home/ubuntu/microros_ws/install/micro_ros_setup:/home/ubuntu/microros_ws/install/micro_ros_agent:/home/ubuntu/microros_ws/install/micro_ros_msgs:/home/ubuntu/microros_ws/install/lifecycle_msgs:/home/ubuntu/microros_ws/install/complex_msgs LD_LIBRARY_PATH=/home/ubuntu/microros_ws/install/geometry_msgs/lib:/home/ubuntu/microros_ws/install/std_msgs/lib:/home/ubuntu/microros_ws/install/builtin_interfaces/lib:/home/ubuntu/microros_ws/install/visualization_msgs/lib:/home/ubuntu/microros_ws/install/test_msgs/lib:/home/ubuntu/microros_ws/install/example_interfaces/lib:/home/ubuntu/microros_ws/install/action_msgs/lib:/home/ubuntu/microros_ws/install/unique_identifier_msgs/lib:/home/ubuntu/microros_ws/install/trajectory_msgs/lib:/home/ubuntu/microros_ws/install/stereo_msgs/lib:/home/ubuntu/microros_ws/install/std_srvs/lib:/home/ubuntu/microros_ws/install/shape_msgs/lib:/home/ubuntu/microros_ws/install/astra_camera_msgs/lib:/home/ubuntu/microros_ws/install/sensor_msgs/lib:/home/ubuntu/microros_ws/install/nav_msgs/lib:/home/ubuntu/microros_ws/install/diagnostic_msgs/lib:/home/ubuntu/microros_ws/install/actionlib_msgs/lib:/home/ubuntu/microros_ws/install/statistics_msgs/lib:/home/ubuntu/microros_ws/install/rmw_microxrcedds/lib:/home/ubuntu/microros_ws/install/rosidl_typesupport_microxrcedds_cpp/lib:/home/ubuntu/microros_ws/install/rosidl_typesupport_microxrcedds_c/lib:/home/ubuntu/microros_ws/install/rosgraph_msgs/lib:/home/ubuntu/microros_ws/install/rclc_parameter/lib:/home/ubuntu/microros_ws/install/rclc/lib:/home/ubuntu/microros_ws/install/composition_interfaces/lib:/home/ubuntu/microros_ws/install/rcl_interfaces/lib:/home/ubuntu/microros_ws/install/microxrcedds_client/lib:/home/ubuntu/microros_ws/install/microcdr/lib:/home/ubuntu/microros_ws/install/micro_ros_utilities/lib:/home/ubuntu/microros_ws/install/micro_ros_agent/lib:/home/ubuntu/microros_ws/install/micro_ros_msgs/lib:/home/ubuntu/microros_ws/install/lifecycle_msgs/lib:/home/ubuntu/microros_ws/install/complex_msgs/lib:/opt/ros/humble/opt/rviz_ogre_vendor/lib:/opt/ros/humble/lib/aarch64-linux-gnu:/opt/ros/humble/lib /usr/bin/cmake --build /home/ubuntu/microros_ws/build/nav_msgs -- -j4 -l4
[0.373s] gmake: Warning: File 'Makefile' has modification time 18359404 s in the future
[0.724s] gmake[1]: Warning: File 'CMakeFiles/Makefile2' has modification time 18359404 s in the future
[0.744s] gmake[2]: Warning: File 'CMakeFiles/nav_msgs__cpp.dir/progress.make' has modification time 18359404 s in the future
[0.895s] gmake[2]: warning:  Clock skew detected.  Your build may be incomplete.
[0.925s] gmake[2]: Warning: File 'CMakeFiles/nav_msgs__cpp.dir/progress.make' has modification time 18359403 s in the future
[0.938s] gmake[2]: warning:  Clock skew detected.  Your build may be incomplete.
[1.076s] [  0%] Built target nav_msgs__cpp
[1.118s] gmake[2]: Warning: File 'CMakeFiles/ament_cmake_python_symlink_nav_msgs.dir/progress.make' has modification time 18359403 s in the future
[1.288s] gmake[2]: warning:  Clock skew detected.  Your build may be incomplete.
[1.307s] gmake[2]: Warning: File 'CMakeFiles/ament_cmake_python_symlink_nav_msgs.dir/progress.make' has modification time 18359403 s in the future
[1.471s] gmake[2]: warning:  Clock skew detected.  Your build may be incomplete.
[1.603s] [  0%] Built target ament_cmake_python_symlink_nav_msgs
[1.684s] gmake[2]: Warning: File 'CMakeFiles/nav_msgs__rosidl_typesupport_fastrtps_cpp.dir/flags.make' has modification time 18359402 s in the future
[1.863s] [35m[1mConsolidate compiler generated dependencies of target nav_msgs__rosidl_typesupport_fastrtps_cpp[0m
[1.924s] gmake[2]: warning:  Clock skew detected.  Your build may be incomplete.
[1.973s] gmake[2]: Warning: File 'CMakeFiles/nav_msgs__rosidl_typesupport_fastrtps_cpp.dir/flags.make' has modification time 18359402 s in the future
[1.989s] gmake[2]: warning:  Clock skew detected.  Your build may be incomplete.
[2.121s] [  9%] Built target nav_msgs__rosidl_typesupport_fastrtps_cpp
[2.170s] gmake[2]: Warning: File 'CMakeFiles/nav_msgs__rosidl_typesupport_microxrcedds_cpp.dir/flags.make' has modification time 18359402 s in the future
[2.349s] [35m[1mConsolidate compiler generated dependencies of target nav_msgs__rosidl_typesupport_microxrcedds_cpp[0m
[2.405s] gmake[2]: warning:  Clock skew detected.  Your build may be incomplete.
[2.485s] gmake[2]: Warning: File 'CMakeFiles/nav_msgs__rosidl_typesupport_microxrcedds_cpp.dir/flags.make' has modification time 18359402 s in the future
[2.495s] gmake[2]: warning:  Clock skew detected.  Your build may be incomplete.
[2.626s] [ 19%] Built target nav_msgs__rosidl_typesupport_microxrcedds_cpp
[2.764s] gmake[2]: Warning: File 'CMakeFiles/nav_msgs__rosidl_typesupport_introspection_cpp.dir/flags.make' has modification time 18359401 s in the future
[2.938s] [35m[1mConsolidate compiler generated dependencies of target nav_msgs__rosidl_typesupport_introspection_cpp[0m
[2.991s] gmake[2]: warning:  Clock skew detected.  Your build may be incomplete.
[3.025s] gmake[2]: Warning: File 'CMakeFiles/nav_msgs__rosidl_typesupport_introspection_cpp.dir/flags.make' has modification time 18359401 s in the future
[3.043s] gmake[2]: warning:  Clock skew detected.  Your build may be incomplete.
[3.235s] [ 28%] Built target nav_msgs__rosidl_typesupport_introspection_cpp
[3.285s] gmake[2]: Warning: File 'CMakeFiles/ament_cmake_python_build_nav_msgs_egg.dir/progress.make' has modification time 18359401 s in the future
[3.493s] gmake[2]: warning:  Clock skew detected.  Your build may be incomplete.
[3.536s] gmake[2]: Warning: File 'CMakeFiles/ament_cmake_python_build_nav_msgs_egg.dir/progress.make' has modification time 18359401 s in the future
[6.419s] running egg_info
[6.424s] writing nav_msgs.egg-info/PKG-INFO
[6.426s] writing dependency_links to nav_msgs.egg-info/dependency_links.txt
[6.427s] writing top-level names to nav_msgs.egg-info/top_level.txt
[6.445s] reading manifest file 'nav_msgs.egg-info/SOURCES.txt'
[6.454s] writing manifest file 'nav_msgs.egg-info/SOURCES.txt'
[6.639s] gmake[2]: warning:  Clock skew detected.  Your build may be incomplete.
[6.769s] [ 28%] Built target ament_cmake_python_build_nav_msgs_egg
[6.840s] gmake[2]: Warning: File 'CMakeFiles/nav_msgs__rosidl_typesupport_cpp.dir/flags.make' has modification time 18359397 s in the future
[7.017s] [35m[1mConsolidate compiler generated dependencies of target nav_msgs__rosidl_typesupport_cpp[0m
[7.080s] gmake[2]: warning:  Clock skew detected.  Your build may be incomplete.
[7.125s] gmake[2]: Warning: File 'CMakeFiles/nav_msgs__rosidl_typesupport_cpp.dir/flags.make' has modification time 18359397 s in the future
[7.138s] gmake[2]: warning:  Clock skew detected.  Your build may be incomplete.
[7.259s] [ 37%] Built target nav_msgs__rosidl_typesupport_cpp
[7.315s] gmake[2]: Warning: File 'CMakeFiles/nav_msgs__rosidl_generator_c.dir/flags.make' has modification time 18359396 s in the future
[7.562s] [35m[1mConsolidate compiler generated dependencies of target nav_msgs__rosidl_generator_c[0m
[7.601s] gmake[2]: warning:  Clock skew detected.  Your build may be incomplete.
[7.630s] gmake[2]: Warning: File 'CMakeFiles/nav_msgs__rosidl_generator_c.dir/flags.make' has modification time 18359396 s in the future
[7.636s] gmake[2]: warning:  Clock skew detected.  Your build may be incomplete.
[7.764s] [ 46%] Built target nav_msgs__rosidl_generator_c
[7.874s] gmake[2]: Warning: File 'CMakeFiles/nav_msgs__rosidl_typesupport_fastrtps_c.dir/flags.make' has modification time 18359396 s in the future
[8.050s] [35m[1mConsolidate compiler generated dependencies of target nav_msgs__rosidl_typesupport_fastrtps_c[0m
[8.101s] gmake[2]: warning:  Clock skew detected.  Your build may be incomplete.
[8.132s] gmake[2]: Warning: File 'CMakeFiles/nav_msgs__rosidl_typesupport_fastrtps_c.dir/flags.make' has modification time 18359396 s in the future
[8.149s] gmake[2]: warning:  Clock skew detected.  Your build may be incomplete.
[8.264s] [ 55%] Built target nav_msgs__rosidl_typesupport_fastrtps_c
[8.310s] gmake[2]: Warning: File 'CMakeFiles/nav_msgs__rosidl_typesupport_c.dir/flags.make' has modification time 18359396 s in the future
[8.456s] [35m[1mConsolidate compiler generated dependencies of target nav_msgs__rosidl_typesupport_c[0m
[8.484s] gmake[2]: warning:  Clock skew detected.  Your build may be incomplete.
[8.509s] gmake[2]: Warning: File 'CMakeFiles/nav_msgs__rosidl_typesupport_c.dir/flags.make' has modification time 18359395 s in the future
[8.515s] gmake[2]: warning:  Clock skew detected.  Your build may be incomplete.
[8.665s] [ 64%] Built target nav_msgs__rosidl_typesupport_c
[8.725s] gmake[2]: Warning: File 'CMakeFiles/nav_msgs__rosidl_typesupport_introspection_c.dir/flags.make' has modification time 18359395 s in the future
[8.931s] [35m[1mConsolidate compiler generated dependencies of target nav_msgs__rosidl_typesupport_introspection_c[0m
[8.980s] gmake[2]: warning:  Clock skew detected.  Your build may be incomplete.
[9.021s] gmake[2]: Warning: File 'CMakeFiles/nav_msgs__rosidl_typesupport_introspection_c.dir/flags.make' has modification time 18359395 s in the future
[9.029s] gmake[2]: warning:  Clock skew detected.  Your build may be incomplete.
[9.154s] [ 73%] Built target nav_msgs__rosidl_typesupport_introspection_c
[9.215s] gmake[2]: Warning: File 'CMakeFiles/nav_msgs__rosidl_typesupport_microxrcedds_c.dir/flags.make' has modification time 18359395 s in the future
[9.367s] [35m[1mConsolidate compiler generated dependencies of target nav_msgs__rosidl_typesupport_microxrcedds_c[0m
[9.406s] gmake[2]: warning:  Clock skew detected.  Your build may be incomplete.
[9.428s] gmake[2]: Warning: File 'CMakeFiles/nav_msgs__rosidl_typesupport_microxrcedds_c.dir/flags.make' has modification time 18359394 s in the future
[9.446s] gmake[2]: warning:  Clock skew detected.  Your build may be incomplete.
[9.590s] [ 83%] Built target nav_msgs__rosidl_typesupport_microxrcedds_c
[9.641s] gmake[2]: Warning: File 'CMakeFiles/nav_msgs.dir/progress.make' has modification time 18359395 s in the future
[9.796s] gmake[2]: warning:  Clock skew detected.  Your build may be incomplete.
[9.818s] gmake[2]: Warning: File 'CMakeFiles/nav_msgs.dir/progress.make' has modification time 18359394 s in the future
[9.821s] gmake[2]: warning:  Clock skew detected.  Your build may be incomplete.
[9.929s] [ 83%] Built target nav_msgs
[9.971s] gmake[2]: Warning: File 'nav_msgs__py/CMakeFiles/nav_msgs__py.dir/progress.make' has modification time 18359394 s in the future
[10.096s] gmake[2]: warning:  Clock skew detected.  Your build may be incomplete.
[10.133s] gmake[2]: Warning: File 'nav_msgs__py/CMakeFiles/nav_msgs__py.dir/progress.make' has modification time 18359394 s in the future
[10.137s] gmake[2]: warning:  Clock skew detected.  Your build may be incomplete.
[10.262s] [ 84%] Built target nav_msgs__py
[10.382s] gmake[2]: Warning: File 'CMakeFiles/nav_msgs__rosidl_generator_py.dir/flags.make' has modification time 18359394 s in the future
[10.664s] [35m[1mConsolidate compiler generated dependencies of target nav_msgs__rosidl_generator_py[0m
[10.720s] gmake[2]: warning:  Clock skew detected.  Your build may be incomplete.
[10.752s] gmake[2]: Warning: File 'CMakeFiles/nav_msgs__rosidl_generator_py.dir/flags.make' has modification time 18359393 s in the future
[10.760s] gmake[2]: warning:  Clock skew detected.  Your build may be incomplete.
[10.958s] [ 93%] Built target nav_msgs__rosidl_generator_py
[11.015s] gmake[2]: Warning: File 'CMakeFiles/nav_msgs__rosidl_typesupport_microxrcedds_c__pyext.dir/flags.make' has modification time 18359393 s in the future
[11.229s] [35m[1mConsolidate compiler generated dependencies of target nav_msgs__rosidl_typesupport_microxrcedds_c__pyext[0m
[11.282s] gmake[2]: warning:  Clock skew detected.  Your build may be incomplete.
[11.308s] gmake[2]: Warning: File 'CMakeFiles/nav_msgs__rosidl_typesupport_microxrcedds_c__pyext.dir/flags.make' has modification time 18359393 s in the future
[11.318s] gmake[2]: warning:  Clock skew detected.  Your build may be incomplete.
[11.419s] [ 94%] Built target nav_msgs__rosidl_typesupport_microxrcedds_c__pyext
[11.492s] gmake[2]: Warning: File 'CMakeFiles/nav_msgs__rosidl_typesupport_c__pyext.dir/flags.make' has modification time 18359393 s in the future
[11.639s] [35m[1mConsolidate compiler generated dependencies of target nav_msgs__rosidl_typesupport_c__pyext[0m
[11.661s] gmake[2]: warning:  Clock skew detected.  Your build may be incomplete.
[11.693s] gmake[2]: Warning: File 'CMakeFiles/nav_msgs__rosidl_typesupport_c__pyext.dir/flags.make' has modification time 18359393 s in the future
[11.701s] gmake[2]: warning:  Clock skew detected.  Your build may be incomplete.
[11.828s] [ 96%] Built target nav_msgs__rosidl_typesupport_c__pyext
[11.869s] gmake[2]: Warning: File 'CMakeFiles/nav_msgs__rosidl_typesupport_introspection_c__pyext.dir/flags.make' has modification time 18359392 s in the future
[11.983s] [35m[1mConsolidate compiler generated dependencies of target nav_msgs__rosidl_typesupport_introspection_c__pyext[0m
[12.001s] gmake[2]: warning:  Clock skew detected.  Your build may be incomplete.
[12.033s] gmake[2]: Warning: File 'CMakeFiles/nav_msgs__rosidl_typesupport_introspection_c__pyext.dir/flags.make' has modification time 18359392 s in the future
[12.042s] gmake[2]: warning:  Clock skew detected.  Your build may be incomplete.
[12.141s] [ 98%] Built target nav_msgs__rosidl_typesupport_introspection_c__pyext
[12.181s] gmake[2]: Warning: File 'CMakeFiles/nav_msgs__rosidl_typesupport_fastrtps_c__pyext.dir/flags.make' has modification time 18359392 s in the future
[12.315s] [35m[1mConsolidate compiler generated dependencies of target nav_msgs__rosidl_typesupport_fastrtps_c__pyext[0m
[12.340s] gmake[2]: warning:  Clock skew detected.  Your build may be incomplete.
[12.386s] gmake[2]: Warning: File 'CMakeFiles/nav_msgs__rosidl_typesupport_fastrtps_c__pyext.dir/flags.make' has modification time 18359392 s in the future
[12.392s] gmake[2]: warning:  Clock skew detected.  Your build may be incomplete.
[12.515s] [100%] Built target nav_msgs__rosidl_typesupport_fastrtps_c__pyext
[12.520s] gmake[1]: warning:  Clock skew detected.  Your build may be incomplete.
[12.642s] gmake: warning:  Clock skew detected.  Your build may be incomplete.
[12.656s] Invoked command in '/home/ubuntu/microros_ws/build/nav_msgs' returned '0': CMAKE_PREFIX_PATH=/home/ubuntu/microros_ws/install/geometry_msgs:/home/ubuntu/microros_ws/install/std_msgs:/home/ubuntu/microros_ws/install/builtin_interfaces:/home/ubuntu/microros_ws/install/micro_ros_demos_rclc:/home/ubuntu/microros_ws/install/common_interfaces:/home/ubuntu/microros_ws/install/visualization_msgs:/home/ubuntu/microros_ws/install/test_msgs:/home/ubuntu/microros_ws/install/example_interfaces:/home/ubuntu/microros_ws/install/action_msgs:/home/ubuntu/microros_ws/install/unique_identifier_msgs:/home/ubuntu/microros_ws/install/trajectory_msgs:/home/ubuntu/microros_ws/install/stereo_msgs:/home/ubuntu/microros_ws/install/sensor_msgs_py:/opt/ros/humble:/home/ubuntu/microros_ws/install/rplidar_ros:/home/ubuntu/microros_ws/install/std_srvs:/home/ubuntu/microros_ws/install/shape_msgs:/home/ubuntu/microros_ws/install/astra_camera_msgs:/home/ubuntu/microros_ws/install/sensor_msgs:/home/ubuntu/microros_ws/install/nav_msgs:/home/ubuntu/microros_ws/install/diagnostic_msgs:/home/ubuntu/microros_ws/install/actionlib_msgs:/home/ubuntu/microros_ws/install/statistics_msgs:/home/ubuntu/microros_ws/install/rosidl_typesupport_microxrcedds_test_msg:/home/ubuntu/microros_ws/install/rosidl_typesupport_microxrcedds_cpp_tests:/home/ubuntu/microros_ws/install/rmw_microxrcedds:/home/ubuntu/microros_ws/install/rosidl_typesupport_microxrcedds_cpp:/home/ubuntu/microros_ws/install/rosidl_typesupport_microxrcedds_c_tests:/home/ubuntu/microros_ws/install/rosidl_typesupport_microxrcedds_c:/home/ubuntu/microros_ws/install/rosgraph_msgs:/home/ubuntu/microros_ws/install/rclc_parameter:/home/ubuntu/microros_ws/install/rclc:/home/ubuntu/microros_ws/install/composition_interfaces:/home/ubuntu/microros_ws/install/rcl_interfaces:/home/ubuntu/microros_ws/install/microxrcedds_client:/home/ubuntu/microros_ws/install/microcdr:/home/ubuntu/microros_ws/install/micro_ros_utilities:/home/ubuntu/microros_ws/install/micro_ros_setup:/home/ubuntu/microros_ws/install/micro_ros_agent:/home/ubuntu/microros_ws/install/micro_ros_msgs:/home/ubuntu/microros_ws/install/lifecycle_msgs:/home/ubuntu/microros_ws/install/complex_msgs LD_LIBRARY_PATH=/home/ubuntu/microros_ws/install/geometry_msgs/lib:/home/ubuntu/microros_ws/install/std_msgs/lib:/home/ubuntu/microros_ws/install/builtin_interfaces/lib:/home/ubuntu/microros_ws/install/visualization_msgs/lib:/home/ubuntu/microros_ws/install/test_msgs/lib:/home/ubuntu/microros_ws/install/example_interfaces/lib:/home/ubuntu/microros_ws/install/action_msgs/lib:/home/ubuntu/microros_ws/install/unique_identifier_msgs/lib:/home/ubuntu/microros_ws/install/trajectory_msgs/lib:/home/ubuntu/microros_ws/install/stereo_msgs/lib:/home/ubuntu/microros_ws/install/std_srvs/lib:/home/ubuntu/microros_ws/install/shape_msgs/lib:/home/ubuntu/microros_ws/install/astra_camera_msgs/lib:/home/ubuntu/microros_ws/install/sensor_msgs/lib:/home/ubuntu/microros_ws/install/nav_msgs/lib:/home/ubuntu/microros_ws/install/diagnostic_msgs/lib:/home/ubuntu/microros_ws/install/actionlib_msgs/lib:/home/ubuntu/microros_ws/install/statistics_msgs/lib:/home/ubuntu/microros_ws/install/rmw_microxrcedds/lib:/home/ubuntu/microros_ws/install/rosidl_typesupport_microxrcedds_cpp/lib:/home/ubuntu/microros_ws/install/rosidl_typesupport_microxrcedds_c/lib:/home/ubuntu/microros_ws/install/rosgraph_msgs/lib:/home/ubuntu/microros_ws/install/rclc_parameter/lib:/home/ubuntu/microros_ws/install/rclc/lib:/home/ubuntu/microros_ws/install/composition_interfaces/lib:/home/ubuntu/microros_ws/install/rcl_interfaces/lib:/home/ubuntu/microros_ws/install/microxrcedds_client/lib:/home/ubuntu/microros_ws/install/microcdr/lib:/home/ubuntu/microros_ws/install/micro_ros_utilities/lib:/home/ubuntu/microros_ws/install/micro_ros_agent/lib:/home/ubuntu/microros_ws/install/micro_ros_msgs/lib:/home/ubuntu/microros_ws/install/lifecycle_msgs/lib:/home/ubuntu/microros_ws/install/complex_msgs/lib:/opt/ros/humble/opt/rviz_ogre_vendor/lib:/opt/ros/humble/lib/aarch64-linux-gnu:/opt/ros/humble/lib /usr/bin/cmake --build /home/ubuntu/microros_ws/build/nav_msgs -- -j4 -l4
[20.158s] Invoking command in '/home/ubuntu/microros_ws/build/nav_msgs': CMAKE_PREFIX_PATH=/home/ubuntu/microros_ws/install/geometry_msgs:/home/ubuntu/microros_ws/install/std_msgs:/home/ubuntu/microros_ws/install/builtin_interfaces:/home/ubuntu/microros_ws/install/micro_ros_demos_rclc:/home/ubuntu/microros_ws/install/common_interfaces:/home/ubuntu/microros_ws/install/visualization_msgs:/home/ubuntu/microros_ws/install/test_msgs:/home/ubuntu/microros_ws/install/example_interfaces:/home/ubuntu/microros_ws/install/action_msgs:/home/ubuntu/microros_ws/install/unique_identifier_msgs:/home/ubuntu/microros_ws/install/trajectory_msgs:/home/ubuntu/microros_ws/install/stereo_msgs:/home/ubuntu/microros_ws/install/sensor_msgs_py:/opt/ros/humble:/home/ubuntu/microros_ws/install/rplidar_ros:/home/ubuntu/microros_ws/install/std_srvs:/home/ubuntu/microros_ws/install/shape_msgs:/home/ubuntu/microros_ws/install/astra_camera_msgs:/home/ubuntu/microros_ws/install/sensor_msgs:/home/ubuntu/microros_ws/install/nav_msgs:/home/ubuntu/microros_ws/install/diagnostic_msgs:/home/ubuntu/microros_ws/install/actionlib_msgs:/home/ubuntu/microros_ws/install/statistics_msgs:/home/ubuntu/microros_ws/install/rosidl_typesupport_microxrcedds_test_msg:/home/ubuntu/microros_ws/install/rosidl_typesupport_microxrcedds_cpp_tests:/home/ubuntu/microros_ws/install/rmw_microxrcedds:/home/ubuntu/microros_ws/install/rosidl_typesupport_microxrcedds_cpp:/home/ubuntu/microros_ws/install/rosidl_typesupport_microxrcedds_c_tests:/home/ubuntu/microros_ws/install/rosidl_typesupport_microxrcedds_c:/home/ubuntu/microros_ws/install/rosgraph_msgs:/home/ubuntu/microros_ws/install/rclc_parameter:/home/ubuntu/microros_ws/install/rclc:/home/ubuntu/microros_ws/install/composition_interfaces:/home/ubuntu/microros_ws/install/rcl_interfaces:/home/ubuntu/microros_ws/install/microxrcedds_client:/home/ubuntu/microros_ws/install/microcdr:/home/ubuntu/microros_ws/install/micro_ros_utilities:/home/ubuntu/microros_ws/install/micro_ros_setup:/home/ubuntu/microros_ws/install/micro_ros_agent:/home/ubuntu/microros_ws/install/micro_ros_msgs:/home/ubuntu/microros_ws/install/lifecycle_msgs:/home/ubuntu/microros_ws/install/complex_msgs LD_LIBRARY_PATH=/home/ubuntu/microros_ws/install/geometry_msgs/lib:/home/ubuntu/microros_ws/install/std_msgs/lib:/home/ubuntu/microros_ws/install/builtin_interfaces/lib:/home/ubuntu/microros_ws/install/visualization_msgs/lib:/home/ubuntu/microros_ws/install/test_msgs/lib:/home/ubuntu/microros_ws/install/example_interfaces/lib:/home/ubuntu/microros_ws/install/action_msgs/lib:/home/ubuntu/microros_ws/install/unique_identifier_msgs/lib:/home/ubuntu/microros_ws/install/trajectory_msgs/lib:/home/ubuntu/microros_ws/install/stereo_msgs/lib:/home/ubuntu/microros_ws/install/std_srvs/lib:/home/ubuntu/microros_ws/install/shape_msgs/lib:/home/ubuntu/microros_ws/install/astra_camera_msgs/lib:/home/ubuntu/microros_ws/install/sensor_msgs/lib:/home/ubuntu/microros_ws/install/nav_msgs/lib:/home/ubuntu/microros_ws/install/diagnostic_msgs/lib:/home/ubuntu/microros_ws/install/actionlib_msgs/lib:/home/ubuntu/microros_ws/install/statistics_msgs/lib:/home/ubuntu/microros_ws/install/rmw_microxrcedds/lib:/home/ubuntu/microros_ws/install/rosidl_typesupport_microxrcedds_cpp/lib:/home/ubuntu/microros_ws/install/rosidl_typesupport_microxrcedds_c/lib:/home/ubuntu/microros_ws/install/rosgraph_msgs/lib:/home/ubuntu/microros_ws/install/rclc_parameter/lib:/home/ubuntu/microros_ws/install/rclc/lib:/home/ubuntu/microros_ws/install/composition_interfaces/lib:/home/ubuntu/microros_ws/install/rcl_interfaces/lib:/home/ubuntu/microros_ws/install/microxrcedds_client/lib:/home/ubuntu/microros_ws/install/microcdr/lib:/home/ubuntu/microros_ws/install/micro_ros_utilities/lib:/home/ubuntu/microros_ws/install/micro_ros_agent/lib:/home/ubuntu/microros_ws/install/micro_ros_msgs/lib:/home/ubuntu/microros_ws/install/lifecycle_msgs/lib:/home/ubuntu/microros_ws/install/complex_msgs/lib:/opt/ros/humble/opt/rviz_ogre_vendor/lib:/opt/ros/humble/lib/aarch64-linux-gnu:/opt/ros/humble/lib /usr/bin/cmake --install /home/ubuntu/microros_ws/build/nav_msgs
[20.253s] -- Install configuration: "Release"
[20.260s] -- Execute custom install script
[20.270s] -- Up-to-date symlink: /home/ubuntu/microros_ws/install/nav_msgs/share/ament_index/resource_index/rosidl_interfaces/nav_msgs
[20.291s] -- Up-to-date symlink: /home/ubuntu/microros_ws/install/nav_msgs/include/nav_msgs/nav_msgs/msg/detail/grid_cells__functions.h
[20.292s] -- Up-to-date symlink: /home/ubuntu/microros_ws/install/nav_msgs/include/nav_msgs/nav_msgs/msg/detail/grid_cells__struct.h
[20.292s] -- Up-to-date symlink: /home/ubuntu/microros_ws/install/nav_msgs/include/nav_msgs/nav_msgs/msg/detail/grid_cells__type_support.h
[20.293s] -- Up-to-date symlink: /home/ubuntu/microros_ws/install/nav_msgs/include/nav_msgs/nav_msgs/msg/detail/map_meta_data__functions.h
[20.296s] -- Up-to-date symlink: /home/ubuntu/microros_ws/install/nav_msgs/include/nav_msgs/nav_msgs/msg/detail/map_meta_data__struct.h
[20.299s] -- Up-to-date symlink: /home/ubuntu/microros_ws/install/nav_msgs/include/nav_msgs/nav_msgs/msg/detail/map_meta_data__type_support.h
[20.300s] -- Up-to-date symlink: /home/ubuntu/microros_ws/install/nav_msgs/include/nav_msgs/nav_msgs/msg/detail/occupancy_grid__functions.h
[20.301s] -- Up-to-date symlink: /home/ubuntu/microros_ws/install/nav_msgs/include/nav_msgs/nav_msgs/msg/detail/occupancy_grid__struct.h
[20.302s] -- Up-to-date symlink: /home/ubuntu/microros_ws/install/nav_msgs/include/nav_msgs/nav_msgs/msg/detail/occupancy_grid__type_support.h
[20.304s] -- Up-to-date symlink: /home/ubuntu/microros_ws/install/nav_msgs/include/nav_msgs/nav_msgs/msg/detail/odometry__functions.h
[20.305s] -- Up-to-date symlink: /home/ubuntu/microros_ws/install/nav_msgs/include/nav_msgs/nav_msgs/msg/detail/odometry__struct.h
[20.306s] -- Up-to-date symlink: /home/ubuntu/microros_ws/install/nav_msgs/include/nav_msgs/nav_msgs/msg/detail/odometry__type_support.h
[20.314s] -- Up-to-date symlink: /home/ubuntu/microros_ws/install/nav_msgs/include/nav_msgs/nav_msgs/msg/detail/path__functions.h
[20.314s] -- Up-to-date symlink: /home/ubuntu/microros_ws/install/nav_msgs/include/nav_msgs/nav_msgs/msg/detail/path__struct.h
[20.316s] -- Up-to-date symlink: /home/ubuntu/microros_ws/install/nav_msgs/include/nav_msgs/nav_msgs/msg/detail/path__type_support.h
[20.316s] -- Up-to-date symlink: /home/ubuntu/microros_ws/install/nav_msgs/include/nav_msgs/nav_msgs/msg/grid_cells.h
[20.317s] -- Up-to-date symlink: /home/ubuntu/microros_ws/install/nav_msgs/include/nav_msgs/nav_msgs/msg/map_meta_data.h
[20.318s] -- Up-to-date symlink: /home/ubuntu/microros_ws/install/nav_msgs/include/nav_msgs/nav_msgs/msg/occupancy_grid.h
[20.326s] -- Up-to-date symlink: /home/ubuntu/microros_ws/install/nav_msgs/include/nav_msgs/nav_msgs/msg/odometry.h
[20.328s] -- Up-to-date symlink: /home/ubuntu/microros_ws/install/nav_msgs/include/nav_msgs/nav_msgs/msg/path.h
[20.333s] -- Up-to-date symlink: /home/ubuntu/microros_ws/install/nav_msgs/include/nav_msgs/nav_msgs/msg/rosidl_generator_c__visibility_control.h
[20.335s] -- Up-to-date symlink: /home/ubuntu/microros_ws/install/nav_msgs/include/nav_msgs/nav_msgs/srv/detail/get_map__functions.h
[20.336s] -- Up-to-date symlink: /home/ubuntu/microros_ws/install/nav_msgs/include/nav_msgs/nav_msgs/srv/detail/get_map__struct.h
[20.336s] -- Up-to-date symlink: /home/ubuntu/microros_ws/install/nav_msgs/include/nav_msgs/nav_msgs/srv/detail/get_map__type_support.h
[20.353s] -- Up-to-date symlink: /home/ubuntu/microros_ws/install/nav_msgs/include/nav_msgs/nav_msgs/srv/detail/get_plan__functions.h
[20.362s] -- Up-to-date symlink: /home/ubuntu/microros_ws/install/nav_msgs/include/nav_msgs/nav_msgs/srv/detail/get_plan__struct.h
[20.364s] -- Up-to-date symlink: /home/ubuntu/microros_ws/install/nav_msgs/include/nav_msgs/nav_msgs/srv/detail/get_plan__type_support.h
[20.365s] -- Up-to-date symlink: /home/ubuntu/microros_ws/install/nav_msgs/include/nav_msgs/nav_msgs/srv/detail/load_map__functions.h
[20.366s] -- Up-to-date symlink: /home/ubuntu/microros_ws/install/nav_msgs/include/nav_msgs/nav_msgs/srv/detail/load_map__struct.h
[20.373s] -- Up-to-date symlink: /home/ubuntu/microros_ws/install/nav_msgs/include/nav_msgs/nav_msgs/srv/detail/load_map__type_support.h
[20.375s] -- Up-to-date symlink: /home/ubuntu/microros_ws/install/nav_msgs/include/nav_msgs/nav_msgs/srv/detail/set_map__functions.h
[20.377s] -- Up-to-date symlink: /home/ubuntu/microros_ws/install/nav_msgs/include/nav_msgs/nav_msgs/srv/detail/set_map__struct.h
[20.379s] -- Up-to-date symlink: /home/ubuntu/microros_ws/install/nav_msgs/include/nav_msgs/nav_msgs/srv/detail/set_map__type_support.h
[20.381s] -- Up-to-date symlink: /home/ubuntu/microros_ws/install/nav_msgs/include/nav_msgs/nav_msgs/srv/get_map.h
[20.384s] -- Up-to-date symlink: /home/ubuntu/microros_ws/install/nav_msgs/include/nav_msgs/nav_msgs/srv/get_plan.h
[20.385s] -- Up-to-date symlink: /home/ubuntu/microros_ws/install/nav_msgs/include/nav_msgs/nav_msgs/srv/load_map.h
[20.387s] -- Up-to-date symlink: /home/ubuntu/microros_ws/install/nav_msgs/include/nav_msgs/nav_msgs/srv/set_map.h
[20.391s] -- Up-to-date symlink: /home/ubuntu/microros_ws/install/nav_msgs/share/nav_msgs/environment/library_path.sh
[20.399s] -- Up-to-date symlink: /home/ubuntu/microros_ws/install/nav_msgs/share/nav_msgs/environment/library_path.dsv
[20.402s] -- Up-to-date symlink: /home/ubuntu/microros_ws/install/nav_msgs/include/nav_msgs/nav_msgs/msg/detail/grid_cells__rosidl_typesupport_fastrtps_c.h
[20.405s] -- Up-to-date symlink: /home/ubuntu/microros_ws/install/nav_msgs/include/nav_msgs/nav_msgs/msg/detail/map_meta_data__rosidl_typesupport_fastrtps_c.h
[20.408s] -- Up-to-date symlink: /home/ubuntu/microros_ws/install/nav_msgs/include/nav_msgs/nav_msgs/msg/detail/occupancy_grid__rosidl_typesupport_fastrtps_c.h
[20.412s] -- Up-to-date symlink: /home/ubuntu/microros_ws/install/nav_msgs/include/nav_msgs/nav_msgs/msg/detail/odometry__rosidl_typesupport_fastrtps_c.h
[20.418s] -- Up-to-date symlink: /home/ubuntu/microros_ws/install/nav_msgs/include/nav_msgs/nav_msgs/msg/detail/path__rosidl_typesupport_fastrtps_c.h
[20.424s] -- Up-to-date symlink: /home/ubuntu/microros_ws/install/nav_msgs/include/nav_msgs/nav_msgs/msg/rosidl_typesupport_fastrtps_c__visibility_control.h
[20.426s] -- Up-to-date symlink: /home/ubuntu/microros_ws/install/nav_msgs/include/nav_msgs/nav_msgs/srv/detail/get_map__rosidl_typesupport_fastrtps_c.h
[20.439s] -- Up-to-date symlink: /home/ubuntu/microros_ws/install/nav_msgs/include/nav_msgs/nav_msgs/srv/detail/get_plan__rosidl_typesupport_fastrtps_c.h
[20.446s] -- Up-to-date symlink: /home/ubuntu/microros_ws/install/nav_msgs/include/nav_msgs/nav_msgs/srv/detail/load_map__rosidl_typesupport_fastrtps_c.h
[20.452s] -- Up-to-date symlink: /home/ubuntu/microros_ws/install/nav_msgs/include/nav_msgs/nav_msgs/srv/detail/set_map__rosidl_typesupport_fastrtps_c.h
[20.466s] -- Up-to-date symlink: /home/ubuntu/microros_ws/install/nav_msgs/include/nav_msgs/nav_msgs/msg/detail/grid_cells__builder.hpp
[20.467s] -- Up-to-date symlink: /home/ubuntu/microros_ws/install/nav_msgs/include/nav_msgs/nav_msgs/msg/detail/grid_cells__struct.hpp
[20.469s] -- Up-to-date symlink: /home/ubuntu/microros_ws/install/nav_msgs/include/nav_msgs/nav_msgs/msg/detail/grid_cells__traits.hpp
[20.472s] -- Up-to-date symlink: /home/ubuntu/microros_ws/install/nav_msgs/include/nav_msgs/nav_msgs/msg/detail/map_meta_data__builder.hpp
[20.473s] -- Up-to-date symlink: /home/ubuntu/microros_ws/install/nav_msgs/include/nav_msgs/nav_msgs/msg/detail/map_meta_data__struct.hpp
[20.474s] -- Up-to-date symlink: /home/ubuntu/microros_ws/install/nav_msgs/include/nav_msgs/nav_msgs/msg/detail/map_meta_data__traits.hpp
[20.476s] -- Up-to-date symlink: /home/ubuntu/microros_ws/install/nav_msgs/include/nav_msgs/nav_msgs/msg/detail/occupancy_grid__builder.hpp
[20.476s] -- Up-to-date symlink: /home/ubuntu/microros_ws/install/nav_msgs/include/nav_msgs/nav_msgs/msg/detail/occupancy_grid__struct.hpp
[20.478s] -- Up-to-date symlink: /home/ubuntu/microros_ws/install/nav_msgs/include/nav_msgs/nav_msgs/msg/detail/occupancy_grid__traits.hpp
[20.482s] -- Up-to-date symlink: /home/ubuntu/microros_ws/install/nav_msgs/include/nav_msgs/nav_msgs/msg/detail/odometry__builder.hpp
[20.484s] -- Up-to-date symlink: /home/ubuntu/microros_ws/install/nav_msgs/include/nav_msgs/nav_msgs/msg/detail/odometry__struct.hpp
[20.488s] -- Up-to-date symlink: /home/ubuntu/microros_ws/install/nav_msgs/include/nav_msgs/nav_msgs/msg/detail/odometry__traits.hpp
[20.489s] -- Up-to-date symlink: /home/ubuntu/microros_ws/install/nav_msgs/include/nav_msgs/nav_msgs/msg/detail/path__builder.hpp
[20.491s] -- Up-to-date symlink: /home/ubuntu/microros_ws/install/nav_msgs/include/nav_msgs/nav_msgs/msg/detail/path__struct.hpp
[20.495s] -- Up-to-date symlink: /home/ubuntu/microros_ws/install/nav_msgs/include/nav_msgs/nav_msgs/msg/detail/path__traits.hpp
[20.497s] -- Up-to-date symlink: /home/ubuntu/microros_ws/install/nav_msgs/include/nav_msgs/nav_msgs/msg/grid_cells.hpp
[20.499s] -- Up-to-date symlink: /home/ubuntu/microros_ws/install/nav_msgs/include/nav_msgs/nav_msgs/msg/map_meta_data.hpp
[20.504s] -- Up-to-date symlink: /home/ubuntu/microros_ws/install/nav_msgs/include/nav_msgs/nav_msgs/msg/occupancy_grid.hpp
[20.508s] -- Up-to-date symlink: /home/ubuntu/microros_ws/install/nav_msgs/include/nav_msgs/nav_msgs/msg/odometry.hpp
[20.517s] -- Up-to-date symlink: /home/ubuntu/microros_ws/install/nav_msgs/include/nav_msgs/nav_msgs/msg/path.hpp
[20.525s] -- Up-to-date symlink: /home/ubuntu/microros_ws/install/nav_msgs/include/nav_msgs/nav_msgs/srv/detail/get_map__builder.hpp
[20.530s] -- Up-to-date symlink: /home/ubuntu/microros_ws/install/nav_msgs/include/nav_msgs/nav_msgs/srv/detail/get_map__struct.hpp
[20.542s] -- Up-to-date symlink: /home/ubuntu/microros_ws/install/nav_msgs/include/nav_msgs/nav_msgs/srv/detail/get_map__traits.hpp
[20.544s] -- Up-to-date symlink: /home/ubuntu/microros_ws/install/nav_msgs/include/nav_msgs/nav_msgs/srv/detail/get_plan__builder.hpp
[20.545s] -- Up-to-date symlink: /home/ubuntu/microros_ws/install/nav_msgs/include/nav_msgs/nav_msgs/srv/detail/get_plan__struct.hpp
[20.549s] -- Up-to-date symlink: /home/ubuntu/microros_ws/install/nav_msgs/include/nav_msgs/nav_msgs/srv/detail/get_plan__traits.hpp
[20.552s] -- Up-to-date symlink: /home/ubuntu/microros_ws/install/nav_msgs/include/nav_msgs/nav_msgs/srv/detail/load_map__builder.hpp
[20.561s] -- Up-to-date symlink: /home/ubuntu/microros_ws/install/nav_msgs/include/nav_msgs/nav_msgs/srv/detail/load_map__struct.hpp
[20.562s] -- Up-to-date symlink: /home/ubuntu/microros_ws/install/nav_msgs/include/nav_msgs/nav_msgs/srv/detail/load_map__traits.hpp
[20.562s] -- Up-to-date symlink: /home/ubuntu/microros_ws/install/nav_msgs/include/nav_msgs/nav_msgs/srv/detail/set_map__builder.hpp
[20.563s] -- Up-to-date symlink: /home/ubuntu/microros_ws/install/nav_msgs/include/nav_msgs/nav_msgs/srv/detail/set_map__struct.hpp
[20.565s] -- Up-to-date symlink: /home/ubuntu/microros_ws/install/nav_msgs/include/nav_msgs/nav_msgs/srv/detail/set_map__traits.hpp
[20.567s] -- Up-to-date symlink: /home/ubuntu/microros_ws/install/nav_msgs/include/nav_msgs/nav_msgs/srv/get_map.hpp
[20.568s] -- Up-to-date symlink: /home/ubuntu/microros_ws/install/nav_msgs/include/nav_msgs/nav_msgs/srv/get_plan.hpp
[20.571s] -- Up-to-date symlink: /home/ubuntu/microros_ws/install/nav_msgs/include/nav_msgs/nav_msgs/srv/load_map.hpp
[20.574s] -- Up-to-date symlink: /home/ubuntu/microros_ws/install/nav_msgs/include/nav_msgs/nav_msgs/srv/set_map.hpp
[20.586s] -- Up-to-date symlink: /home/ubuntu/microros_ws/install/nav_msgs/include/nav_msgs/nav_msgs/msg/detail/grid_cells__rosidl_typesupport_fastrtps_cpp.hpp
[20.593s] -- Up-to-date symlink: /home/ubuntu/microros_ws/install/nav_msgs/include/nav_msgs/nav_msgs/msg/detail/map_meta_data__rosidl_typesupport_fastrtps_cpp.hpp
[20.600s] -- Up-to-date symlink: /home/ubuntu/microros_ws/install/nav_msgs/include/nav_msgs/nav_msgs/msg/detail/occupancy_grid__rosidl_typesupport_fastrtps_cpp.hpp
[20.602s] -- Up-to-date symlink: /home/ubuntu/microros_ws/install/nav_msgs/include/nav_msgs/nav_msgs/msg/detail/odometry__rosidl_typesupport_fastrtps_cpp.hpp
[20.607s] -- Up-to-date symlink: /home/ubuntu/microros_ws/install/nav_msgs/include/nav_msgs/nav_msgs/msg/detail/path__rosidl_typesupport_fastrtps_cpp.hpp
[20.610s] -- Up-to-date symlink: /home/ubuntu/microros_ws/install/nav_msgs/include/nav_msgs/nav_msgs/msg/rosidl_typesupport_fastrtps_cpp__visibility_control.h
[20.617s] -- Up-to-date symlink: /home/ubuntu/microros_ws/install/nav_msgs/include/nav_msgs/nav_msgs/srv/detail/get_map__rosidl_typesupport_fastrtps_cpp.hpp
[20.618s] -- Up-to-date symlink: /home/ubuntu/microros_ws/install/nav_msgs/include/nav_msgs/nav_msgs/srv/detail/get_plan__rosidl_typesupport_fastrtps_cpp.hpp
[20.621s] -- Up-to-date symlink: /home/ubuntu/microros_ws/install/nav_msgs/include/nav_msgs/nav_msgs/srv/detail/load_map__rosidl_typesupport_fastrtps_cpp.hpp
[20.624s] -- Up-to-date symlink: /home/ubuntu/microros_ws/install/nav_msgs/include/nav_msgs/nav_msgs/srv/detail/set_map__rosidl_typesupport_fastrtps_cpp.hpp
[20.638s] -- Up-to-date symlink: /home/ubuntu/microros_ws/install/nav_msgs/include/nav_msgs/msg/detail/grid_cells__rosidl_typesupport_microxrcedds_c.h
[20.640s] -- Up-to-date symlink: /home/ubuntu/microros_ws/install/nav_msgs/include/nav_msgs/msg/detail/map_meta_data__rosidl_typesupport_microxrcedds_c.h
[20.640s] -- Up-to-date symlink: /home/ubuntu/microros_ws/install/nav_msgs/include/nav_msgs/msg/detail/occupancy_grid__rosidl_typesupport_microxrcedds_c.h
[20.648s] -- Up-to-date symlink: /home/ubuntu/microros_ws/install/nav_msgs/include/nav_msgs/msg/detail/odometry__rosidl_typesupport_microxrcedds_c.h
[20.649s] -- Up-to-date symlink: /home/ubuntu/microros_ws/install/nav_msgs/include/nav_msgs/msg/detail/path__rosidl_typesupport_microxrcedds_c.h
[20.653s] -- Up-to-date symlink: /home/ubuntu/microros_ws/install/nav_msgs/include/nav_msgs/msg/rosidl_typesupport_microxrcedds_c__visibility_control.h
[20.684s] -- Up-to-date symlink: /home/ubuntu/microros_ws/install/nav_msgs/include/nav_msgs/srv/detail/get_map__rosidl_typesupport_microxrcedds_c.h
[20.685s] -- Up-to-date symlink: /home/ubuntu/microros_ws/install/nav_msgs/include/nav_msgs/srv/detail/get_plan__rosidl_typesupport_microxrcedds_c.h
[20.686s] -- Up-to-date symlink: /home/ubuntu/microros_ws/install/nav_msgs/include/nav_msgs/srv/detail/load_map__rosidl_typesupport_microxrcedds_c.h
[20.687s] -- Up-to-date symlink: /home/ubuntu/microros_ws/install/nav_msgs/include/nav_msgs/srv/detail/set_map__rosidl_typesupport_microxrcedds_c.h
[20.689s] -- Up-to-date symlink: /home/ubuntu/microros_ws/install/nav_msgs/lib/libnav_msgs__rosidl_typesupport_microxrcedds_c.so
[20.698s] -- Up-to-date symlink: /home/ubuntu/microros_ws/install/nav_msgs/include/nav_msgs/nav_msgs/msg/detail/grid_cells__rosidl_typesupport_introspection_c.h
[20.705s] -- Up-to-date symlink: /home/ubuntu/microros_ws/install/nav_msgs/include/nav_msgs/nav_msgs/msg/detail/map_meta_data__rosidl_typesupport_introspection_c.h
[20.721s] -- Up-to-date symlink: /home/ubuntu/microros_ws/install/nav_msgs/include/nav_msgs/nav_msgs/msg/detail/occupancy_grid__rosidl_typesupport_introspection_c.h
[20.726s] -- Up-to-date symlink: /home/ubuntu/microros_ws/install/nav_msgs/include/nav_msgs/nav_msgs/msg/detail/odometry__rosidl_typesupport_introspection_c.h
[20.733s] -- Up-to-date symlink: /home/ubuntu/microros_ws/install/nav_msgs/include/nav_msgs/nav_msgs/msg/detail/path__rosidl_typesupport_introspection_c.h
[20.735s] -- Up-to-date symlink: /home/ubuntu/microros_ws/install/nav_msgs/include/nav_msgs/nav_msgs/msg/rosidl_typesupport_introspection_c__visibility_control.h
[20.761s] -- Up-to-date symlink: /home/ubuntu/microros_ws/install/nav_msgs/include/nav_msgs/nav_msgs/srv/detail/get_map__rosidl_typesupport_introspection_c.h
[20.761s] -- Up-to-date symlink: /home/ubuntu/microros_ws/install/nav_msgs/include/nav_msgs/nav_msgs/srv/detail/get_plan__rosidl_typesupport_introspection_c.h
[20.762s] -- Up-to-date symlink: /home/ubuntu/microros_ws/install/nav_msgs/include/nav_msgs/nav_msgs/srv/detail/load_map__rosidl_typesupport_introspection_c.h
[20.762s] -- Up-to-date symlink: /home/ubuntu/microros_ws/install/nav_msgs/include/nav_msgs/nav_msgs/srv/detail/set_map__rosidl_typesupport_introspection_c.h
[20.764s] -- Up-to-date symlink: /home/ubuntu/microros_ws/install/nav_msgs/include/nav_msgs/msg/detail/grid_cells__rosidl_typesupport_microxrcedds_cpp.hpp
[20.765s] -- Up-to-date symlink: /home/ubuntu/microros_ws/install/nav_msgs/include/nav_msgs/msg/detail/map_meta_data__rosidl_typesupport_microxrcedds_cpp.hpp
[20.769s] -- Up-to-date symlink: /home/ubuntu/microros_ws/install/nav_msgs/include/nav_msgs/msg/detail/microxrcedds/grid_cells__type_support_cpp.cpp
[20.774s] -- Up-to-date symlink: /home/ubuntu/microros_ws/install/nav_msgs/include/nav_msgs/msg/detail/microxrcedds/map_meta_data__type_support_cpp.cpp
[20.781s] -- Up-to-date symlink: /home/ubuntu/microros_ws/install/nav_msgs/include/nav_msgs/msg/detail/microxrcedds/occupancy_grid__type_support_cpp.cpp
[20.786s] -- Up-to-date symlink: /home/ubuntu/microros_ws/install/nav_msgs/include/nav_msgs/msg/detail/microxrcedds/odometry__type_support_cpp.cpp
[20.788s] -- Up-to-date symlink: /home/ubuntu/microros_ws/install/nav_msgs/include/nav_msgs/msg/detail/microxrcedds/path__type_support_cpp.cpp
[20.791s] -- Up-to-date symlink: /home/ubuntu/microros_ws/install/nav_msgs/include/nav_msgs/msg/detail/occupancy_grid__rosidl_typesupport_microxrcedds_cpp.hpp
[20.791s] -- Up-to-date symlink: /home/ubuntu/microros_ws/install/nav_msgs/include/nav_msgs/msg/detail/odometry__rosidl_typesupport_microxrcedds_cpp.hpp
[20.794s] -- Up-to-date symlink: /home/ubuntu/microros_ws/install/nav_msgs/include/nav_msgs/msg/detail/path__rosidl_typesupport_microxrcedds_cpp.hpp
[20.796s] -- Up-to-date symlink: /home/ubuntu/microros_ws/install/nav_msgs/include/nav_msgs/msg/rosidl_typesupport_microxrcedds_cpp__visibility_control.h
[20.800s] -- Up-to-date symlink: /home/ubuntu/microros_ws/install/nav_msgs/include/nav_msgs/srv/detail/get_map__rosidl_typesupport_microxrcedds_cpp.hpp
[20.805s] -- Up-to-date symlink: /home/ubuntu/microros_ws/install/nav_msgs/include/nav_msgs/srv/detail/get_plan__rosidl_typesupport_microxrcedds_cpp.hpp
[20.808s] -- Up-to-date symlink: /home/ubuntu/microros_ws/install/nav_msgs/include/nav_msgs/srv/detail/load_map__rosidl_typesupport_microxrcedds_cpp.hpp
[20.813s] -- Up-to-date symlink: /home/ubuntu/microros_ws/install/nav_msgs/include/nav_msgs/srv/detail/microxrcedds/get_map__type_support_cpp.cpp
[20.830s] -- Up-to-date symlink: /home/ubuntu/microros_ws/install/nav_msgs/include/nav_msgs/srv/detail/microxrcedds/get_plan__type_support_cpp.cpp
[20.834s] -- Up-to-date symlink: /home/ubuntu/microros_ws/install/nav_msgs/include/nav_msgs/srv/detail/microxrcedds/load_map__type_support_cpp.cpp
[20.837s] -- Up-to-date symlink: /home/ubuntu/microros_ws/install/nav_msgs/include/nav_msgs/srv/detail/microxrcedds/set_map__type_support_cpp.cpp
[20.838s] -- Up-to-date symlink: /home/ubuntu/microros_ws/install/nav_msgs/include/nav_msgs/srv/detail/set_map__rosidl_typesupport_microxrcedds_cpp.hpp
[20.839s] -- Up-to-date symlink: /home/ubuntu/microros_ws/install/nav_msgs/lib/libnav_msgs__rosidl_typesupport_microxrcedds_cpp.so
[20.847s] -- Up-to-date symlink: /home/ubuntu/microros_ws/install/nav_msgs/include/nav_msgs/nav_msgs/msg/detail/grid_cells__rosidl_typesupport_introspection_cpp.hpp
[20.848s] -- Up-to-date symlink: /home/ubuntu/microros_ws/install/nav_msgs/include/nav_msgs/nav_msgs/msg/detail/map_meta_data__rosidl_typesupport_introspection_cpp.hpp
[20.849s] -- Up-to-date symlink: /home/ubuntu/microros_ws/install/nav_msgs/include/nav_msgs/nav_msgs/msg/detail/occupancy_grid__rosidl_typesupport_introspection_cpp.hpp
[20.852s] -- Up-to-date symlink: /home/ubuntu/microros_ws/install/nav_msgs/include/nav_msgs/nav_msgs/msg/detail/odometry__rosidl_typesupport_introspection_cpp.hpp
[20.855s] -- Up-to-date symlink: /home/ubuntu/microros_ws/install/nav_msgs/include/nav_msgs/nav_msgs/msg/detail/path__rosidl_typesupport_introspection_cpp.hpp
[20.858s] -- Up-to-date symlink: /home/ubuntu/microros_ws/install/nav_msgs/include/nav_msgs/nav_msgs/srv/detail/get_map__rosidl_typesupport_introspection_cpp.hpp
[20.864s] -- Up-to-date symlink: /home/ubuntu/microros_ws/install/nav_msgs/include/nav_msgs/nav_msgs/srv/detail/get_plan__rosidl_typesupport_introspection_cpp.hpp
[20.865s] -- Up-to-date symlink: /home/ubuntu/microros_ws/install/nav_msgs/include/nav_msgs/nav_msgs/srv/detail/load_map__rosidl_typesupport_introspection_cpp.hpp
[20.869s] -- Up-to-date symlink: /home/ubuntu/microros_ws/install/nav_msgs/include/nav_msgs/nav_msgs/srv/detail/set_map__rosidl_typesupport_introspection_cpp.hpp
[20.874s] -- Up-to-date symlink: /home/ubuntu/microros_ws/install/nav_msgs/share/nav_msgs/environment/pythonpath.sh
[20.879s] -- Up-to-date symlink: /home/ubuntu/microros_ws/install/nav_msgs/share/nav_msgs/environment/pythonpath.dsv
[20.883s] -- Up-to-date symlink: /home/ubuntu/microros_ws/install/nav_msgs/local/lib/python3.10/dist-packages/nav_msgs-4.2.4-py3.10.egg-info/PKG-INFO
[20.885s] -- Up-to-date symlink: /home/ubuntu/microros_ws/install/nav_msgs/local/lib/python3.10/dist-packages/nav_msgs-4.2.4-py3.10.egg-info/SOURCES.txt
[20.885s] -- Up-to-date symlink: /home/ubuntu/microros_ws/install/nav_msgs/local/lib/python3.10/dist-packages/nav_msgs-4.2.4-py3.10.egg-info/dependency_links.txt
[20.889s] -- Up-to-date symlink: /home/ubuntu/microros_ws/install/nav_msgs/local/lib/python3.10/dist-packages/nav_msgs-4.2.4-py3.10.egg-info/top_level.txt
[20.919s] -- Up-to-date symlink: /home/ubuntu/microros_ws/install/nav_msgs/local/lib/python3.10/dist-packages/nav_msgs/__init__.py
[20.929s] -- Up-to-date symlink: /home/ubuntu/microros_ws/install/nav_msgs/local/lib/python3.10/dist-packages/nav_msgs/_nav_msgs_s.ep.rosidl_typesupport_c.c
[20.936s] -- Up-to-date symlink: /home/ubuntu/microros_ws/install/nav_msgs/local/lib/python3.10/dist-packages/nav_msgs/_nav_msgs_s.ep.rosidl_typesupport_fastrtps_c.c
[20.937s] -- Up-to-date symlink: /home/ubuntu/microros_ws/install/nav_msgs/local/lib/python3.10/dist-packages/nav_msgs/_nav_msgs_s.ep.rosidl_typesupport_introspection_c.c
[20.946s] -- Up-to-date symlink: /home/ubuntu/microros_ws/install/nav_msgs/local/lib/python3.10/dist-packages/nav_msgs/_nav_msgs_s.ep.rosidl_typesupport_microxrcedds_c.c
[20.950s] -- Up-to-date symlink: /home/ubuntu/microros_ws/install/nav_msgs/local/lib/python3.10/dist-packages/nav_msgs/libnav_msgs__rosidl_generator_py.so
[20.952s] -- Up-to-date symlink: /home/ubuntu/microros_ws/install/nav_msgs/local/lib/python3.10/dist-packages/nav_msgs/msg/__init__.py
[20.954s] -- Up-to-date symlink: /home/ubuntu/microros_ws/install/nav_msgs/local/lib/python3.10/dist-packages/nav_msgs/msg/_grid_cells.py
[20.956s] -- Up-to-date symlink: /home/ubuntu/microros_ws/install/nav_msgs/local/lib/python3.10/dist-packages/nav_msgs/msg/_grid_cells_s.c
[20.965s] -- Up-to-date symlink: /home/ubuntu/microros_ws/install/nav_msgs/local/lib/python3.10/dist-packages/nav_msgs/msg/_map_meta_data.py
[20.969s] -- Up-to-date symlink: /home/ubuntu/microros_ws/install/nav_msgs/local/lib/python3.10/dist-packages/nav_msgs/msg/_map_meta_data_s.c
[20.972s] -- Up-to-date symlink: /home/ubuntu/microros_ws/install/nav_msgs/local/lib/python3.10/dist-packages/nav_msgs/msg/_occupancy_grid.py
[20.975s] -- Up-to-date symlink: /home/ubuntu/microros_ws/install/nav_msgs/local/lib/python3.10/dist-packages/nav_msgs/msg/_occupancy_grid_s.c
[20.979s] -- Up-to-date symlink: /home/ubuntu/microros_ws/install/nav_msgs/local/lib/python3.10/dist-packages/nav_msgs/msg/_odometry.py
[20.983s] -- Up-to-date symlink: /home/ubuntu/microros_ws/install/nav_msgs/local/lib/python3.10/dist-packages/nav_msgs/msg/_odometry_s.c
[20.986s] -- Up-to-date symlink: /home/ubuntu/microros_ws/install/nav_msgs/local/lib/python3.10/dist-packages/nav_msgs/msg/_path.py
[20.991s] -- Up-to-date symlink: /home/ubuntu/microros_ws/install/nav_msgs/local/lib/python3.10/dist-packages/nav_msgs/msg/_path_s.c
[20.996s] -- Up-to-date symlink: /home/ubuntu/microros_ws/install/nav_msgs/local/lib/python3.10/dist-packages/nav_msgs/nav_msgs_s__rosidl_typesupport_c.cpython-310-aarch64-linux-gnu.so
[21.007s] -- Up-to-date symlink: /home/ubuntu/microros_ws/install/nav_msgs/local/lib/python3.10/dist-packages/nav_msgs/nav_msgs_s__rosidl_typesupport_fastrtps_c.cpython-310-aarch64-linux-gnu.so
[21.017s] -- Up-to-date symlink: /home/ubuntu/microros_ws/install/nav_msgs/local/lib/python3.10/dist-packages/nav_msgs/nav_msgs_s__rosidl_typesupport_introspection_c.cpython-310-aarch64-linux-gnu.so
[21.020s] -- Up-to-date symlink: /home/ubuntu/microros_ws/install/nav_msgs/local/lib/python3.10/dist-packages/nav_msgs/nav_msgs_s__rosidl_typesupport_microxrcedds_c.cpython-310-aarch64-linux-gnu.so
[21.022s] -- Up-to-date symlink: /home/ubuntu/microros_ws/install/nav_msgs/local/lib/python3.10/dist-packages/nav_msgs/srv/__init__.py
[21.037s] -- Up-to-date symlink: /home/ubuntu/microros_ws/install/nav_msgs/local/lib/python3.10/dist-packages/nav_msgs/srv/_get_map.py
[21.042s] -- Up-to-date symlink: /home/ubuntu/microros_ws/install/nav_msgs/local/lib/python3.10/dist-packages/nav_msgs/srv/_get_map_s.c
[21.044s] -- Up-to-date symlink: /home/ubuntu/microros_ws/install/nav_msgs/local/lib/python3.10/dist-packages/nav_msgs/srv/_get_plan.py
[21.049s] -- Up-to-date symlink: /home/ubuntu/microros_ws/install/nav_msgs/local/lib/python3.10/dist-packages/nav_msgs/srv/_get_plan_s.c
[21.054s] -- Up-to-date symlink: /home/ubuntu/microros_ws/install/nav_msgs/local/lib/python3.10/dist-packages/nav_msgs/srv/_load_map.py
[21.057s] -- Up-to-date symlink: /home/ubuntu/microros_ws/install/nav_msgs/local/lib/python3.10/dist-packages/nav_msgs/srv/_load_map_s.c
[21.064s] -- Up-to-date symlink: /home/ubuntu/microros_ws/install/nav_msgs/local/lib/python3.10/dist-packages/nav_msgs/srv/_set_map.py
[21.065s] -- Up-to-date symlink: /home/ubuntu/microros_ws/install/nav_msgs/local/lib/python3.10/dist-packages/nav_msgs/srv/_set_map_s.c
[21.066s] -- Up-to-date symlink: /home/ubuntu/microros_ws/install/nav_msgs/local/lib/python3.10/dist-packages/nav_msgs/nav_msgs_s__rosidl_typesupport_microxrcedds_c.cpython-310-aarch64-linux-gnu.so
[21.066s] -- Up-to-date symlink: /home/ubuntu/microros_ws/install/nav_msgs/local/lib/python3.10/dist-packages/nav_msgs/nav_msgs_s__rosidl_typesupport_fastrtps_c.cpython-310-aarch64-linux-gnu.so
[21.075s] -- Up-to-date symlink: /home/ubuntu/microros_ws/install/nav_msgs/local/lib/python3.10/dist-packages/nav_msgs/nav_msgs_s__rosidl_typesupport_introspection_c.cpython-310-aarch64-linux-gnu.so
[21.077s] -- Up-to-date symlink: /home/ubuntu/microros_ws/install/nav_msgs/local/lib/python3.10/dist-packages/nav_msgs/nav_msgs_s__rosidl_typesupport_c.cpython-310-aarch64-linux-gnu.so
[21.083s] -- Up-to-date symlink: /home/ubuntu/microros_ws/install/nav_msgs/share/nav_msgs/msg/GridCells.idl
[21.085s] -- Up-to-date symlink: /home/ubuntu/microros_ws/install/nav_msgs/share/nav_msgs/msg/MapMetaData.idl
[21.096s] -- Up-to-date symlink: /home/ubuntu/microros_ws/install/nav_msgs/share/nav_msgs/msg/OccupancyGrid.idl
[21.097s] -- Up-to-date symlink: /home/ubuntu/microros_ws/install/nav_msgs/share/nav_msgs/msg/Odometry.idl
[21.099s] -- Up-to-date symlink: /home/ubuntu/microros_ws/install/nav_msgs/share/nav_msgs/msg/Path.idl
[21.102s] -- Up-to-date symlink: /home/ubuntu/microros_ws/install/nav_msgs/share/nav_msgs/srv/GetMap.idl
[21.103s] -- Up-to-date symlink: /home/ubuntu/microros_ws/install/nav_msgs/share/nav_msgs/srv/GetPlan.idl
[21.105s] -- Up-to-date symlink: /home/ubuntu/microros_ws/install/nav_msgs/share/nav_msgs/srv/LoadMap.idl
[21.107s] -- Up-to-date symlink: /home/ubuntu/microros_ws/install/nav_msgs/share/nav_msgs/srv/SetMap.idl
[21.110s] -- Up-to-date symlink: /home/ubuntu/microros_ws/install/nav_msgs/share/nav_msgs/msg/GridCells.msg
[21.112s] -- Up-to-date symlink: /home/ubuntu/microros_ws/install/nav_msgs/share/nav_msgs/msg/MapMetaData.msg
[21.114s] -- Up-to-date symlink: /home/ubuntu/microros_ws/install/nav_msgs/share/nav_msgs/msg/OccupancyGrid.msg
[21.116s] -- Up-to-date symlink: /home/ubuntu/microros_ws/install/nav_msgs/share/nav_msgs/msg/Odometry.msg
[21.118s] -- Up-to-date symlink: /home/ubuntu/microros_ws/install/nav_msgs/share/nav_msgs/msg/Path.msg
[21.121s] -- Up-to-date symlink: /home/ubuntu/microros_ws/install/nav_msgs/share/nav_msgs/srv/GetMap.srv
[21.123s] -- Up-to-date symlink: /home/ubuntu/microros_ws/install/nav_msgs/share/nav_msgs/srv/GetMap_Request.msg
[21.126s] -- Up-to-date symlink: /home/ubuntu/microros_ws/install/nav_msgs/share/nav_msgs/srv/GetMap_Response.msg
[21.128s] -- Up-to-date symlink: /home/ubuntu/microros_ws/install/nav_msgs/share/nav_msgs/srv/GetPlan.srv
[21.130s] -- Up-to-date symlink: /home/ubuntu/microros_ws/install/nav_msgs/share/nav_msgs/srv/GetPlan_Request.msg
[21.132s] -- Up-to-date symlink: /home/ubuntu/microros_ws/install/nav_msgs/share/nav_msgs/srv/GetPlan_Response.msg
[21.134s] -- Up-to-date symlink: /home/ubuntu/microros_ws/install/nav_msgs/share/nav_msgs/srv/LoadMap.srv
[21.136s] -- Up-to-date symlink: /home/ubuntu/microros_ws/install/nav_msgs/share/nav_msgs/srv/LoadMap_Request.msg
[21.139s] -- Up-to-date symlink: /home/ubuntu/microros_ws/install/nav_msgs/share/nav_msgs/srv/LoadMap_Response.msg
[21.146s] -- Up-to-date symlink: /home/ubuntu/microros_ws/install/nav_msgs/share/nav_msgs/srv/SetMap.srv
[21.149s] -- Up-to-date symlink: /home/ubuntu/microros_ws/install/nav_msgs/share/nav_msgs/srv/SetMap_Request.msg
[21.151s] -- Up-to-date symlink: /home/ubuntu/microros_ws/install/nav_msgs/share/nav_msgs/srv/SetMap_Response.msg
[21.154s] -- Up-to-date symlink: /home/ubuntu/microros_ws/install/nav_msgs/share/ament_index/resource_index/package_run_dependencies/nav_msgs
[21.160s] -- Up-to-date symlink: /home/ubuntu/microros_ws/install/nav_msgs/share/ament_index/resource_index/parent_prefix_path/nav_msgs
[21.181s] -- Up-to-date symlink: /home/ubuntu/microros_ws/install/nav_msgs/share/nav_msgs/environment/ament_prefix_path.sh
[21.182s] -- Up-to-date symlink: /home/ubuntu/microros_ws/install/nav_msgs/share/nav_msgs/environment/ament_prefix_path.dsv
[21.189s] -- Up-to-date symlink: /home/ubuntu/microros_ws/install/nav_msgs/share/nav_msgs/environment/path.sh
[21.191s] -- Up-to-date symlink: /home/ubuntu/microros_ws/install/nav_msgs/share/nav_msgs/environment/path.dsv
[21.192s] -- Up-to-date symlink: /home/ubuntu/microros_ws/install/nav_msgs/share/nav_msgs/local_setup.bash
[21.206s] -- Up-to-date symlink: /home/ubuntu/microros_ws/install/nav_msgs/share/nav_msgs/local_setup.sh
[21.210s] -- Up-to-date symlink: /home/ubuntu/microros_ws/install/nav_msgs/share/nav_msgs/local_setup.zsh
[21.211s] -- Up-to-date symlink: /home/ubuntu/microros_ws/install/nav_msgs/share/nav_msgs/local_setup.dsv
[21.212s] -- Symlinking: /home/ubuntu/microros_ws/install/nav_msgs/share/nav_msgs/package.dsv
[21.339s] -- Up-to-date symlink: /home/ubuntu/microros_ws/install/nav_msgs/share/ament_index/resource_index/packages/nav_msgs
[21.342s] -- Up-to-date symlink: /home/ubuntu/microros_ws/install/nav_msgs/share/nav_msgs/cmake/rosidl_cmake-extras.cmake
[21.348s] -- Up-to-date symlink: /home/ubuntu/microros_ws/install/nav_msgs/share/nav_msgs/cmake/ament_cmake_export_dependencies-extras.cmake
[21.350s] -- Up-to-date symlink: /home/ubuntu/microros_ws/install/nav_msgs/share/nav_msgs/cmake/ament_cmake_export_include_directories-extras.cmake
[21.352s] -- Up-to-date symlink: /home/ubuntu/microros_ws/install/nav_msgs/share/nav_msgs/cmake/ament_cmake_export_libraries-extras.cmake
[21.354s] -- Up-to-date symlink: /home/ubuntu/microros_ws/install/nav_msgs/share/nav_msgs/cmake/ament_cmake_export_targets-extras.cmake
[21.356s] -- Up-to-date symlink: /home/ubuntu/microros_ws/install/nav_msgs/share/nav_msgs/cmake/rosidl_cmake_export_typesupport_targets-extras.cmake
[21.358s] -- Up-to-date symlink: /home/ubuntu/microros_ws/install/nav_msgs/share/nav_msgs/cmake/rosidl_cmake_export_typesupport_libraries-extras.cmake
[21.372s] -- Up-to-date symlink: /home/ubuntu/microros_ws/install/nav_msgs/share/nav_msgs/cmake/nav_msgsConfig.cmake
[21.384s] -- Up-to-date symlink: /home/ubuntu/microros_ws/install/nav_msgs/share/nav_msgs/cmake/nav_msgsConfig-version.cmake
[21.386s] -- Up-to-date symlink: /home/ubuntu/microros_ws/install/nav_msgs/share/nav_msgs/package.xml
[21.390s] -- Up-to-date: /home/ubuntu/microros_ws/install/nav_msgs/lib/libnav_msgs__rosidl_generator_c.so
[21.395s] -- Up-to-date: /home/ubuntu/microros_ws/install/nav_msgs/lib/libnav_msgs__rosidl_typesupport_fastrtps_c.so
[21.409s] -- Up-to-date: /home/ubuntu/microros_ws/install/nav_msgs/lib/libnav_msgs__rosidl_typesupport_fastrtps_cpp.so
[21.414s] -- Up-to-date: /home/ubuntu/microros_ws/install/nav_msgs/lib/libnav_msgs__rosidl_typesupport_introspection_c.so
[21.422s] -- Up-to-date: /home/ubuntu/microros_ws/install/nav_msgs/lib/libnav_msgs__rosidl_typesupport_c.so
[21.430s] -- Up-to-date: /home/ubuntu/microros_ws/install/nav_msgs/lib/libnav_msgs__rosidl_typesupport_introspection_cpp.so
[21.446s] -- Up-to-date: /home/ubuntu/microros_ws/install/nav_msgs/lib/libnav_msgs__rosidl_typesupport_cpp.so
[21.970s] Listing '/home/ubuntu/microros_ws/install/nav_msgs/local/lib/python3.10/dist-packages/nav_msgs'...
[21.972s] Listing '/home/ubuntu/microros_ws/install/nav_msgs/local/lib/python3.10/dist-packages/nav_msgs/msg'...
[21.974s] Listing '/home/ubuntu/microros_ws/install/nav_msgs/local/lib/python3.10/dist-packages/nav_msgs/srv'...
[22.014s] -- Up-to-date: /home/ubuntu/microros_ws/install/nav_msgs/lib/libnav_msgs__rosidl_generator_py.so
[22.031s] -- Up-to-date: /home/ubuntu/microros_ws/install/nav_msgs/share/nav_msgs/cmake/export_nav_msgs__rosidl_generator_cExport.cmake
[22.037s] -- Up-to-date: /home/ubuntu/microros_ws/install/nav_msgs/share/nav_msgs/cmake/export_nav_msgs__rosidl_generator_cExport-release.cmake
[22.040s] -- Up-to-date: /home/ubuntu/microros_ws/install/nav_msgs/share/nav_msgs/cmake/export_nav_msgs__rosidl_typesupport_fastrtps_cExport.cmake
[22.040s] -- Up-to-date: /home/ubuntu/microros_ws/install/nav_msgs/share/nav_msgs/cmake/export_nav_msgs__rosidl_typesupport_fastrtps_cExport-release.cmake
[22.051s] -- Up-to-date: /home/ubuntu/microros_ws/install/nav_msgs/share/nav_msgs/cmake/export_nav_msgs__rosidl_generator_cppExport.cmake
[22.052s] -- Up-to-date: /home/ubuntu/microros_ws/install/nav_msgs/share/nav_msgs/cmake/export_nav_msgs__rosidl_typesupport_fastrtps_cppExport.cmake
[22.053s] -- Up-to-date: /home/ubuntu/microros_ws/install/nav_msgs/share/nav_msgs/cmake/export_nav_msgs__rosidl_typesupport_fastrtps_cppExport-release.cmake
[22.056s] -- Up-to-date: /home/ubuntu/microros_ws/install/nav_msgs/share/nav_msgs/cmake/nav_msgs__rosidl_typesupport_introspection_cExport.cmake
[22.057s] -- Up-to-date: /home/ubuntu/microros_ws/install/nav_msgs/share/nav_msgs/cmake/nav_msgs__rosidl_typesupport_introspection_cExport-release.cmake
[22.064s] -- Up-to-date: /home/ubuntu/microros_ws/install/nav_msgs/share/nav_msgs/cmake/nav_msgs__rosidl_typesupport_cExport.cmake
[22.072s] -- Up-to-date: /home/ubuntu/microros_ws/install/nav_msgs/share/nav_msgs/cmake/nav_msgs__rosidl_typesupport_cExport-release.cmake
[22.073s] -- Up-to-date: /home/ubuntu/microros_ws/install/nav_msgs/share/nav_msgs/cmake/nav_msgs__rosidl_typesupport_introspection_cppExport.cmake
[22.074s] -- Up-to-date: /home/ubuntu/microros_ws/install/nav_msgs/share/nav_msgs/cmake/nav_msgs__rosidl_typesupport_introspection_cppExport-release.cmake
[22.079s] -- Up-to-date: /home/ubuntu/microros_ws/install/nav_msgs/share/nav_msgs/cmake/nav_msgs__rosidl_typesupport_cppExport.cmake
[22.086s] -- Up-to-date: /home/ubuntu/microros_ws/install/nav_msgs/share/nav_msgs/cmake/nav_msgs__rosidl_typesupport_cppExport-release.cmake
[22.096s] -- Up-to-date: /home/ubuntu/microros_ws/install/nav_msgs/share/nav_msgs/cmake/export_nav_msgs__rosidl_generator_pyExport.cmake
[22.097s] -- Up-to-date: /home/ubuntu/microros_ws/install/nav_msgs/share/nav_msgs/cmake/export_nav_msgs__rosidl_generator_pyExport-release.cmake
[22.100s] Invoked command in '/home/ubuntu/microros_ws/build/nav_msgs' returned '0': CMAKE_PREFIX_PATH=/home/ubuntu/microros_ws/install/geometry_msgs:/home/ubuntu/microros_ws/install/std_msgs:/home/ubuntu/microros_ws/install/builtin_interfaces:/home/ubuntu/microros_ws/install/micro_ros_demos_rclc:/home/ubuntu/microros_ws/install/common_interfaces:/home/ubuntu/microros_ws/install/visualization_msgs:/home/ubuntu/microros_ws/install/test_msgs:/home/ubuntu/microros_ws/install/example_interfaces:/home/ubuntu/microros_ws/install/action_msgs:/home/ubuntu/microros_ws/install/unique_identifier_msgs:/home/ubuntu/microros_ws/install/trajectory_msgs:/home/ubuntu/microros_ws/install/stereo_msgs:/home/ubuntu/microros_ws/install/sensor_msgs_py:/opt/ros/humble:/home/ubuntu/microros_ws/install/rplidar_ros:/home/ubuntu/microros_ws/install/std_srvs:/home/ubuntu/microros_ws/install/shape_msgs:/home/ubuntu/microros_ws/install/astra_camera_msgs:/home/ubuntu/microros_ws/install/sensor_msgs:/home/ubuntu/microros_ws/install/nav_msgs:/home/ubuntu/microros_ws/install/diagnostic_msgs:/home/ubuntu/microros_ws/install/actionlib_msgs:/home/ubuntu/microros_ws/install/statistics_msgs:/home/ubuntu/microros_ws/install/rosidl_typesupport_microxrcedds_test_msg:/home/ubuntu/microros_ws/install/rosidl_typesupport_microxrcedds_cpp_tests:/home/ubuntu/microros_ws/install/rmw_microxrcedds:/home/ubuntu/microros_ws/install/rosidl_typesupport_microxrcedds_cpp:/home/ubuntu/microros_ws/install/rosidl_typesupport_microxrcedds_c_tests:/home/ubuntu/microros_ws/install/rosidl_typesupport_microxrcedds_c:/home/ubuntu/microros_ws/install/rosgraph_msgs:/home/ubuntu/microros_ws/install/rclc_parameter:/home/ubuntu/microros_ws/install/rclc:/home/ubuntu/microros_ws/install/composition_interfaces:/home/ubuntu/microros_ws/install/rcl_interfaces:/home/ubuntu/microros_ws/install/microxrcedds_client:/home/ubuntu/microros_ws/install/microcdr:/home/ubuntu/microros_ws/install/micro_ros_utilities:/home/ubuntu/microros_ws/install/micro_ros_setup:/home/ubuntu/microros_ws/install/micro_ros_agent:/home/ubuntu/microros_ws/install/micro_ros_msgs:/home/ubuntu/microros_ws/install/lifecycle_msgs:/home/ubuntu/microros_ws/install/complex_msgs LD_LIBRARY_PATH=/home/ubuntu/microros_ws/install/geometry_msgs/lib:/home/ubuntu/microros_ws/install/std_msgs/lib:/home/ubuntu/microros_ws/install/builtin_interfaces/lib:/home/ubuntu/microros_ws/install/visualization_msgs/lib:/home/ubuntu/microros_ws/install/test_msgs/lib:/home/ubuntu/microros_ws/install/example_interfaces/lib:/home/ubuntu/microros_ws/install/action_msgs/lib:/home/ubuntu/microros_ws/install/unique_identifier_msgs/lib:/home/ubuntu/microros_ws/install/trajectory_msgs/lib:/home/ubuntu/microros_ws/install/stereo_msgs/lib:/home/ubuntu/microros_ws/install/std_srvs/lib:/home/ubuntu/microros_ws/install/shape_msgs/lib:/home/ubuntu/microros_ws/install/astra_camera_msgs/lib:/home/ubuntu/microros_ws/install/sensor_msgs/lib:/home/ubuntu/microros_ws/install/nav_msgs/lib:/home/ubuntu/microros_ws/install/diagnostic_msgs/lib:/home/ubuntu/microros_ws/install/actionlib_msgs/lib:/home/ubuntu/microros_ws/install/statistics_msgs/lib:/home/ubuntu/microros_ws/install/rmw_microxrcedds/lib:/home/ubuntu/microros_ws/install/rosidl_typesupport_microxrcedds_cpp/lib:/home/ubuntu/microros_ws/install/rosidl_typesupport_microxrcedds_c/lib:/home/ubuntu/microros_ws/install/rosgraph_msgs/lib:/home/ubuntu/microros_ws/install/rclc_parameter/lib:/home/ubuntu/microros_ws/install/rclc/lib:/home/ubuntu/microros_ws/install/composition_interfaces/lib:/home/ubuntu/microros_ws/install/rcl_interfaces/lib:/home/ubuntu/microros_ws/install/microxrcedds_client/lib:/home/ubuntu/microros_ws/install/microcdr/lib:/home/ubuntu/microros_ws/install/micro_ros_utilities/lib:/home/ubuntu/microros_ws/install/micro_ros_agent/lib:/home/ubuntu/microros_ws/install/micro_ros_msgs/lib:/home/ubuntu/microros_ws/install/lifecycle_msgs/lib:/home/ubuntu/microros_ws/install/complex_msgs/lib:/opt/ros/humble/opt/rviz_ogre_vendor/lib:/opt/ros/humble/lib/aarch64-linux-gnu:/opt/ros/humble/lib /usr/bin/cmake --install /home/ubuntu/microros_ws/build/nav_msgs
