[0.230s] Invoking command in '/home/ubuntu/microros_ws/build/rclc_parameter': AMENT_PREFIX_PATH=/home/ubuntu/microros_ws/install/rclc:/home/ubuntu/microros_ws/install/test_msgs:/home/ubuntu/microros_ws/install/example_interfaces:/home/ubuntu/microros_ws/install/std_msgs:/home/ubuntu/microros_ws/install/rcl_interfaces:/home/ubuntu/microros_ws/install/action_msgs:/home/ubuntu/microros_ws/install/unique_identifier_msgs:/home/ubuntu/microros_ws/install/builtin_interfaces:${AMENT_PREFIX_PATH} CMAKE_PREFIX_PATH=/home/ubuntu/microros_ws/install/rclc:/home/ubuntu/microros_ws/install/test_msgs:/home/ubuntu/microros_ws/install/example_interfaces:/home/ubuntu/microros_ws/install/std_msgs:/home/ubuntu/microros_ws/install/rcl_interfaces:/home/ubuntu/microros_ws/install/action_msgs:/home/ubuntu/microros_ws/install/unique_identifier_msgs:/home/ubuntu/microros_ws/install/builtin_interfaces:/opt/ros/humble LD_LIBRARY_PATH=/home/ubuntu/microros_ws/install/rclc/lib:/home/ubuntu/microros_ws/install/test_msgs/lib:/home/ubuntu/microros_ws/install/example_interfaces/lib:/home/ubuntu/microros_ws/install/std_msgs/lib:/home/ubuntu/microros_ws/install/rcl_interfaces/lib:/home/ubuntu/microros_ws/install/action_msgs/lib:/home/ubuntu/microros_ws/install/unique_identifier_msgs/lib:/home/ubuntu/microros_ws/install/builtin_interfaces/lib:${LD_LIBRARY_PATH} PYTHONPATH=/home/ubuntu/microros_ws/install/test_msgs/local/lib/python3.10/dist-packages:/home/ubuntu/microros_ws/install/example_interfaces/local/lib/python3.10/dist-packages:/home/ubuntu/microros_ws/install/std_msgs/local/lib/python3.10/dist-packages:/home/ubuntu/microros_ws/install/rcl_interfaces/local/lib/python3.10/dist-packages:/home/ubuntu/microros_ws/install/action_msgs/local/lib/python3.10/dist-packages:/home/ubuntu/microros_ws/install/unique_identifier_msgs/local/lib/python3.10/dist-packages:/home/ubuntu/microros_ws/install/builtin_interfaces/local/lib/python3.10/dist-packages:${PYTHONPATH} /usr/bin/cmake --build /home/ubuntu/microros_ws/build/rclc_parameter -- -j4 -l4
[0.314s] /usr/bin/cmake -S/home/ubuntu/microros_ws/src/uros/rclc/rclc_parameter -B/home/ubuntu/microros_ws/build/rclc_parameter --check-build-system CMakeFiles/Makefile.cmake 0
[0.454s] /usr/bin/cmake -E cmake_progress_start /home/ubuntu/microros_ws/build/rclc_parameter/CMakeFiles /home/ubuntu/microros_ws/build/rclc_parameter//CMakeFiles/progress.marks
[0.505s] /usr/bin/gmake  -f CMakeFiles/Makefile2 all
[0.531s] gmake[1]: Entering directory '/home/ubuntu/microros_ws/build/rclc_parameter'
[0.532s] /usr/bin/gmake  -f CMakeFiles/rclc_parameter.dir/build.make CMakeFiles/rclc_parameter.dir/depend
[0.561s] gmake[2]: Entering directory '/home/ubuntu/microros_ws/build/rclc_parameter'
[0.561s] cd /home/ubuntu/microros_ws/build/rclc_parameter && /usr/bin/cmake -E cmake_depends "Unix Makefiles" /home/ubuntu/microros_ws/src/uros/rclc/rclc_parameter /home/ubuntu/microros_ws/src/uros/rclc/rclc_parameter /home/ubuntu/microros_ws/build/rclc_parameter /home/ubuntu/microros_ws/build/rclc_parameter /home/ubuntu/microros_ws/build/rclc_parameter/CMakeFiles/rclc_parameter.dir/DependInfo.cmake --color=
[0.687s] gmake[2]: Leaving directory '/home/ubuntu/microros_ws/build/rclc_parameter'
[0.688s] /usr/bin/gmake  -f CMakeFiles/rclc_parameter.dir/build.make CMakeFiles/rclc_parameter.dir/build
[0.714s] gmake[2]: Entering directory '/home/ubuntu/microros_ws/build/rclc_parameter'
[0.714s] gmake[2]: Nothing to be done for 'CMakeFiles/rclc_parameter.dir/build'.
[0.715s] gmake[2]: Leaving directory '/home/ubuntu/microros_ws/build/rclc_parameter'
[0.729s] [100%] Built target rclc_parameter
[0.730s] gmake[1]: Leaving directory '/home/ubuntu/microros_ws/build/rclc_parameter'
[0.730s] /usr/bin/cmake -E cmake_progress_start /home/ubuntu/microros_ws/build/rclc_parameter/CMakeFiles 0
[0.808s] Invoked command in '/home/ubuntu/microros_ws/build/rclc_parameter' returned '0': AMENT_PREFIX_PATH=/home/ubuntu/microros_ws/install/rclc:/home/ubuntu/microros_ws/install/test_msgs:/home/ubuntu/microros_ws/install/example_interfaces:/home/ubuntu/microros_ws/install/std_msgs:/home/ubuntu/microros_ws/install/rcl_interfaces:/home/ubuntu/microros_ws/install/action_msgs:/home/ubuntu/microros_ws/install/unique_identifier_msgs:/home/ubuntu/microros_ws/install/builtin_interfaces:${AMENT_PREFIX_PATH} CMAKE_PREFIX_PATH=/home/ubuntu/microros_ws/install/rclc:/home/ubuntu/microros_ws/install/test_msgs:/home/ubuntu/microros_ws/install/example_interfaces:/home/ubuntu/microros_ws/install/std_msgs:/home/ubuntu/microros_ws/install/rcl_interfaces:/home/ubuntu/microros_ws/install/action_msgs:/home/ubuntu/microros_ws/install/unique_identifier_msgs:/home/ubuntu/microros_ws/install/builtin_interfaces:/opt/ros/humble LD_LIBRARY_PATH=/home/ubuntu/microros_ws/install/rclc/lib:/home/ubuntu/microros_ws/install/test_msgs/lib:/home/ubuntu/microros_ws/install/example_interfaces/lib:/home/ubuntu/microros_ws/install/std_msgs/lib:/home/ubuntu/microros_ws/install/rcl_interfaces/lib:/home/ubuntu/microros_ws/install/action_msgs/lib:/home/ubuntu/microros_ws/install/unique_identifier_msgs/lib:/home/ubuntu/microros_ws/install/builtin_interfaces/lib:${LD_LIBRARY_PATH} PYTHONPATH=/home/ubuntu/microros_ws/install/test_msgs/local/lib/python3.10/dist-packages:/home/ubuntu/microros_ws/install/example_interfaces/local/lib/python3.10/dist-packages:/home/ubuntu/microros_ws/install/std_msgs/local/lib/python3.10/dist-packages:/home/ubuntu/microros_ws/install/rcl_interfaces/local/lib/python3.10/dist-packages:/home/ubuntu/microros_ws/install/action_msgs/local/lib/python3.10/dist-packages:/home/ubuntu/microros_ws/install/unique_identifier_msgs/local/lib/python3.10/dist-packages:/home/ubuntu/microros_ws/install/builtin_interfaces/local/lib/python3.10/dist-packages:${PYTHONPATH} /usr/bin/cmake --build /home/ubuntu/microros_ws/build/rclc_parameter -- -j4 -l4
[1.006s] Invoking command in '/home/ubuntu/microros_ws/build/rclc_parameter': AMENT_PREFIX_PATH=/home/ubuntu/microros_ws/install/rclc:/home/ubuntu/microros_ws/install/test_msgs:/home/ubuntu/microros_ws/install/example_interfaces:/home/ubuntu/microros_ws/install/std_msgs:/home/ubuntu/microros_ws/install/rcl_interfaces:/home/ubuntu/microros_ws/install/action_msgs:/home/ubuntu/microros_ws/install/unique_identifier_msgs:/home/ubuntu/microros_ws/install/builtin_interfaces:${AMENT_PREFIX_PATH} CMAKE_PREFIX_PATH=/home/ubuntu/microros_ws/install/rclc:/home/ubuntu/microros_ws/install/test_msgs:/home/ubuntu/microros_ws/install/example_interfaces:/home/ubuntu/microros_ws/install/std_msgs:/home/ubuntu/microros_ws/install/rcl_interfaces:/home/ubuntu/microros_ws/install/action_msgs:/home/ubuntu/microros_ws/install/unique_identifier_msgs:/home/ubuntu/microros_ws/install/builtin_interfaces:/opt/ros/humble LD_LIBRARY_PATH=/home/ubuntu/microros_ws/install/rclc/lib:/home/ubuntu/microros_ws/install/test_msgs/lib:/home/ubuntu/microros_ws/install/example_interfaces/lib:/home/ubuntu/microros_ws/install/std_msgs/lib:/home/ubuntu/microros_ws/install/rcl_interfaces/lib:/home/ubuntu/microros_ws/install/action_msgs/lib:/home/ubuntu/microros_ws/install/unique_identifier_msgs/lib:/home/ubuntu/microros_ws/install/builtin_interfaces/lib:${LD_LIBRARY_PATH} PYTHONPATH=/home/ubuntu/microros_ws/install/test_msgs/local/lib/python3.10/dist-packages:/home/ubuntu/microros_ws/install/example_interfaces/local/lib/python3.10/dist-packages:/home/ubuntu/microros_ws/install/std_msgs/local/lib/python3.10/dist-packages:/home/ubuntu/microros_ws/install/rcl_interfaces/local/lib/python3.10/dist-packages:/home/ubuntu/microros_ws/install/action_msgs/local/lib/python3.10/dist-packages:/home/ubuntu/microros_ws/install/unique_identifier_msgs/local/lib/python3.10/dist-packages:/home/ubuntu/microros_ws/install/builtin_interfaces/local/lib/python3.10/dist-packages:${PYTHONPATH} /usr/bin/cmake --install /home/ubuntu/microros_ws/build/rclc_parameter
[1.110s] -- Install configuration: ""
[1.112s] -- Execute custom install script
[1.114s] -- Up-to-date symlink: /home/ubuntu/microros_ws/install/rclc_parameter/include/rclc_parameter/rclc_parameter.h
[1.115s] -- Up-to-date symlink: /home/ubuntu/microros_ws/install/rclc_parameter/include/rclc_parameter/visibility_control.h
[1.117s] -- Up-to-date symlink: /home/ubuntu/microros_ws/install/rclc_parameter/share/rclc_parameter/environment/library_path.sh
[1.118s] -- Up-to-date symlink: /home/ubuntu/microros_ws/install/rclc_parameter/share/rclc_parameter/environment/library_path.dsv
[1.120s] -- Up-to-date symlink: /home/ubuntu/microros_ws/install/rclc_parameter/share/ament_index/resource_index/package_run_dependencies/rclc_parameter
[1.121s] -- Up-to-date symlink: /home/ubuntu/microros_ws/install/rclc_parameter/share/ament_index/resource_index/parent_prefix_path/rclc_parameter
[1.123s] -- Up-to-date symlink: /home/ubuntu/microros_ws/install/rclc_parameter/share/rclc_parameter/environment/ament_prefix_path.sh
[1.124s] -- Up-to-date symlink: /home/ubuntu/microros_ws/install/rclc_parameter/share/rclc_parameter/environment/ament_prefix_path.dsv
[1.125s] -- Up-to-date symlink: /home/ubuntu/microros_ws/install/rclc_parameter/share/rclc_parameter/environment/path.sh
[1.127s] -- Up-to-date symlink: /home/ubuntu/microros_ws/install/rclc_parameter/share/rclc_parameter/environment/path.dsv
[1.129s] -- Up-to-date symlink: /home/ubuntu/microros_ws/install/rclc_parameter/share/rclc_parameter/local_setup.bash
[1.130s] -- Up-to-date symlink: /home/ubuntu/microros_ws/install/rclc_parameter/share/rclc_parameter/local_setup.sh
[1.131s] -- Up-to-date symlink: /home/ubuntu/microros_ws/install/rclc_parameter/share/rclc_parameter/local_setup.zsh
[1.133s] -- Up-to-date symlink: /home/ubuntu/microros_ws/install/rclc_parameter/share/rclc_parameter/local_setup.dsv
[1.134s] -- Symlinking: /home/ubuntu/microros_ws/install/rclc_parameter/share/rclc_parameter/package.dsv
[1.192s] -- Up-to-date symlink: /home/ubuntu/microros_ws/install/rclc_parameter/share/ament_index/resource_index/packages/rclc_parameter
[1.192s] -- Up-to-date symlink: /home/ubuntu/microros_ws/install/rclc_parameter/share/rclc_parameter/cmake/ament_cmake_export_include_directories-extras.cmake
[1.212s] -- Up-to-date symlink: /home/ubuntu/microros_ws/install/rclc_parameter/share/rclc_parameter/cmake/ament_cmake_export_libraries-extras.cmake
[1.215s] -- Up-to-date symlink: /home/ubuntu/microros_ws/install/rclc_parameter/share/rclc_parameter/cmake/ament_cmake_export_targets-extras.cmake
[1.216s] -- Up-to-date symlink: /home/ubuntu/microros_ws/install/rclc_parameter/share/rclc_parameter/cmake/ament_cmake_export_dependencies-extras.cmake
[1.216s] -- Up-to-date symlink: /home/ubuntu/microros_ws/install/rclc_parameter/share/rclc_parameter/cmake/rclc_parameterConfig.cmake
[1.217s] -- Up-to-date symlink: /home/ubuntu/microros_ws/install/rclc_parameter/share/rclc_parameter/cmake/rclc_parameterConfig-version.cmake
[1.218s] -- Up-to-date symlink: /home/ubuntu/microros_ws/install/rclc_parameter/share/rclc_parameter/package.xml
[1.219s] -- Up-to-date: /home/ubuntu/microros_ws/install/rclc_parameter/lib/librclc_parameter.so
[1.220s] -- Up-to-date: /home/ubuntu/microros_ws/install/rclc_parameter/share/rclc_parameter/cmake/rclc_parameterExport.cmake
[1.223s] -- Up-to-date: /home/ubuntu/microros_ws/install/rclc_parameter/share/rclc_parameter/cmake/rclc_parameterExport-noconfig.cmake
[1.306s] Invoked command in '/home/ubuntu/microros_ws/build/rclc_parameter' returned '0': AMENT_PREFIX_PATH=/home/ubuntu/microros_ws/install/rclc:/home/ubuntu/microros_ws/install/test_msgs:/home/ubuntu/microros_ws/install/example_interfaces:/home/ubuntu/microros_ws/install/std_msgs:/home/ubuntu/microros_ws/install/rcl_interfaces:/home/ubuntu/microros_ws/install/action_msgs:/home/ubuntu/microros_ws/install/unique_identifier_msgs:/home/ubuntu/microros_ws/install/builtin_interfaces:${AMENT_PREFIX_PATH} CMAKE_PREFIX_PATH=/home/ubuntu/microros_ws/install/rclc:/home/ubuntu/microros_ws/install/test_msgs:/home/ubuntu/microros_ws/install/example_interfaces:/home/ubuntu/microros_ws/install/std_msgs:/home/ubuntu/microros_ws/install/rcl_interfaces:/home/ubuntu/microros_ws/install/action_msgs:/home/ubuntu/microros_ws/install/unique_identifier_msgs:/home/ubuntu/microros_ws/install/builtin_interfaces:/opt/ros/humble LD_LIBRARY_PATH=/home/ubuntu/microros_ws/install/rclc/lib:/home/ubuntu/microros_ws/install/test_msgs/lib:/home/ubuntu/microros_ws/install/example_interfaces/lib:/home/ubuntu/microros_ws/install/std_msgs/lib:/home/ubuntu/microros_ws/install/rcl_interfaces/lib:/home/ubuntu/microros_ws/install/action_msgs/lib:/home/ubuntu/microros_ws/install/unique_identifier_msgs/lib:/home/ubuntu/microros_ws/install/builtin_interfaces/lib:${LD_LIBRARY_PATH} PYTHONPATH=/home/ubuntu/microros_ws/install/test_msgs/local/lib/python3.10/dist-packages:/home/ubuntu/microros_ws/install/example_interfaces/local/lib/python3.10/dist-packages:/home/ubuntu/microros_ws/install/std_msgs/local/lib/python3.10/dist-packages:/home/ubuntu/microros_ws/install/rcl_interfaces/local/lib/python3.10/dist-packages:/home/ubuntu/microros_ws/install/action_msgs/local/lib/python3.10/dist-packages:/home/ubuntu/microros_ws/install/unique_identifier_msgs/local/lib/python3.10/dist-packages:/home/ubuntu/microros_ws/install/builtin_interfaces/local/lib/python3.10/dist-packages:${PYTHONPATH} /usr/bin/cmake --install /home/ubuntu/microros_ws/build/rclc_parameter
