[0.141s] Invoking command in '/home/ubuntu/microros_ws/build/builtin_interfaces': CMAKE_PREFIX_PATH=/opt/ros/humble /usr/bin/cmake --build /home/ubuntu/microros_ws/build/builtin_interfaces -- -j4 -l4
[0.478s] [  2%] Built target builtin_interfaces__cpp
[0.540s] [ 10%] Built target builtin_interfaces__rosidl_generator_c
[0.769s] [ 10%] Built target ament_cmake_python_symlink_builtin_interfaces
[0.870s] [ 18%] Built target builtin_interfaces__rosidl_typesupport_cpp
[0.884s] [ 26%] Built target builtin_interfaces__rosidl_typesupport_microxrcedds_cpp
[0.932s] [ 34%] Built target builtin_interfaces__rosidl_typesupport_fastrtps_cpp
[1.203s] [ 42%] Built target builtin_interfaces__rosidl_typesupport_introspection_cpp
[1.308s] [ 51%] Built target builtin_interfaces__rosidl_typesupport_microxrcedds_c
[1.418s] [ 59%] Built target builtin_interfaces__rosidl_typesupport_fastrtps_c
[1.621s] [ 67%] Built target builtin_interfaces__rosidl_typesupport_c
[1.658s] [ 75%] Built target builtin_interfaces__rosidl_typesupport_introspection_c
[1.949s] [ 75%] Built target builtin_interfaces
[2.232s] [ 77%] Built target builtin_interfaces__py
[2.564s] [ 83%] Built target builtin_interfaces__rosidl_generator_py
[2.966s] [ 87%] Built target builtin_interfaces__rosidl_typesupport_fastrtps_c__pyext
[2.984s] [ 91%] Built target builtin_interfaces__rosidl_typesupport_microxrcedds_c__pyext
[3.038s] [ 95%] Built target builtin_interfaces__rosidl_typesupport_introspection_c__pyext
[3.268s] [100%] Built target builtin_interfaces__rosidl_typesupport_c__pyext
[4.182s] running egg_info
[4.187s] writing builtin_interfaces.egg-info/PKG-INFO
[4.189s] writing dependency_links to builtin_interfaces.egg-info/dependency_links.txt
[4.191s] writing top-level names to builtin_interfaces.egg-info/top_level.txt
[4.205s] reading manifest file 'builtin_interfaces.egg-info/SOURCES.txt'
[4.209s] writing manifest file 'builtin_interfaces.egg-info/SOURCES.txt'
[4.484s] [100%] Built target ament_cmake_python_build_builtin_interfaces_egg
[4.598s] Invoked command in '/home/ubuntu/microros_ws/build/builtin_interfaces' returned '0': CMAKE_PREFIX_PATH=/opt/ros/humble /usr/bin/cmake --build /home/ubuntu/microros_ws/build/builtin_interfaces -- -j4 -l4
[5.512s] Invoking command in '/home/ubuntu/microros_ws/build/builtin_interfaces': CMAKE_PREFIX_PATH=/opt/ros/humble /usr/bin/cmake --install /home/ubuntu/microros_ws/build/builtin_interfaces
[5.560s] -- Install configuration: ""
[5.562s] -- Execute custom install script
[5.564s] -- Up-to-date symlink: /home/ubuntu/microros_ws/install/builtin_interfaces/share/ament_index/resource_index/rosidl_interfaces/builtin_interfaces
[5.572s] -- Up-to-date symlink: /home/ubuntu/microros_ws/install/builtin_interfaces/include/builtin_interfaces/builtin_interfaces/msg/detail/duration__functions.h
[5.577s] -- Up-to-date symlink: /home/ubuntu/microros_ws/install/builtin_interfaces/include/builtin_interfaces/builtin_interfaces/msg/detail/duration__struct.h
[5.578s] -- Up-to-date symlink: /home/ubuntu/microros_ws/install/builtin_interfaces/include/builtin_interfaces/builtin_interfaces/msg/detail/duration__type_support.h
[5.580s] -- Up-to-date symlink: /home/ubuntu/microros_ws/install/builtin_interfaces/include/builtin_interfaces/builtin_interfaces/msg/detail/time__functions.h
[5.581s] -- Up-to-date symlink: /home/ubuntu/microros_ws/install/builtin_interfaces/include/builtin_interfaces/builtin_interfaces/msg/detail/time__struct.h
[5.599s] -- Up-to-date symlink: /home/ubuntu/microros_ws/install/builtin_interfaces/include/builtin_interfaces/builtin_interfaces/msg/detail/time__type_support.h
[5.600s] -- Up-to-date symlink: /home/ubuntu/microros_ws/install/builtin_interfaces/include/builtin_interfaces/builtin_interfaces/msg/duration.h
[5.601s] -- Up-to-date symlink: /home/ubuntu/microros_ws/install/builtin_interfaces/include/builtin_interfaces/builtin_interfaces/msg/rosidl_generator_c__visibility_control.h
[5.602s] -- Up-to-date symlink: /home/ubuntu/microros_ws/install/builtin_interfaces/include/builtin_interfaces/builtin_interfaces/msg/time.h
[5.602s] -- Up-to-date symlink: /home/ubuntu/microros_ws/install/builtin_interfaces/share/builtin_interfaces/environment/library_path.sh
[5.603s] -- Up-to-date symlink: /home/ubuntu/microros_ws/install/builtin_interfaces/share/builtin_interfaces/environment/library_path.dsv
[5.605s] -- Up-to-date symlink: /home/ubuntu/microros_ws/install/builtin_interfaces/include/builtin_interfaces/msg/detail/duration__rosidl_typesupport_microxrcedds_c.h
[5.606s] -- Up-to-date symlink: /home/ubuntu/microros_ws/install/builtin_interfaces/include/builtin_interfaces/msg/detail/time__rosidl_typesupport_microxrcedds_c.h
[5.607s] -- Up-to-date symlink: /home/ubuntu/microros_ws/install/builtin_interfaces/include/builtin_interfaces/msg/rosidl_typesupport_microxrcedds_c__visibility_control.h
[5.609s] -- Up-to-date symlink: /home/ubuntu/microros_ws/install/builtin_interfaces/lib/libbuiltin_interfaces__rosidl_typesupport_microxrcedds_c.so
[5.619s] -- Up-to-date symlink: /home/ubuntu/microros_ws/install/builtin_interfaces/include/builtin_interfaces/builtin_interfaces/msg/detail/duration__rosidl_typesupport_fastrtps_c.h
[5.627s] -- Up-to-date symlink: /home/ubuntu/microros_ws/install/builtin_interfaces/include/builtin_interfaces/builtin_interfaces/msg/detail/time__rosidl_typesupport_fastrtps_c.h
[5.632s] -- Up-to-date symlink: /home/ubuntu/microros_ws/install/builtin_interfaces/include/builtin_interfaces/builtin_interfaces/msg/rosidl_typesupport_fastrtps_c__visibility_control.h
[5.632s] -- Up-to-date symlink: /home/ubuntu/microros_ws/install/builtin_interfaces/include/builtin_interfaces/builtin_interfaces/msg/detail/duration__rosidl_typesupport_introspection_c.h
[5.633s] -- Up-to-date symlink: /home/ubuntu/microros_ws/install/builtin_interfaces/include/builtin_interfaces/builtin_interfaces/msg/detail/time__rosidl_typesupport_introspection_c.h
[5.634s] -- Up-to-date symlink: /home/ubuntu/microros_ws/install/builtin_interfaces/include/builtin_interfaces/builtin_interfaces/msg/rosidl_typesupport_introspection_c__visibility_control.h
[5.639s] -- Up-to-date symlink: /home/ubuntu/microros_ws/install/builtin_interfaces/include/builtin_interfaces/builtin_interfaces/msg/detail/duration__builder.hpp
[5.641s] -- Up-to-date symlink: /home/ubuntu/microros_ws/install/builtin_interfaces/include/builtin_interfaces/builtin_interfaces/msg/detail/duration__struct.hpp
[5.642s] -- Up-to-date symlink: /home/ubuntu/microros_ws/install/builtin_interfaces/include/builtin_interfaces/builtin_interfaces/msg/detail/duration__traits.hpp
[5.643s] -- Up-to-date symlink: /home/ubuntu/microros_ws/install/builtin_interfaces/include/builtin_interfaces/builtin_interfaces/msg/detail/time__builder.hpp
[5.644s] -- Up-to-date symlink: /home/ubuntu/microros_ws/install/builtin_interfaces/include/builtin_interfaces/builtin_interfaces/msg/detail/time__struct.hpp
[5.645s] -- Up-to-date symlink: /home/ubuntu/microros_ws/install/builtin_interfaces/include/builtin_interfaces/builtin_interfaces/msg/detail/time__traits.hpp
[5.646s] -- Up-to-date symlink: /home/ubuntu/microros_ws/install/builtin_interfaces/include/builtin_interfaces/builtin_interfaces/msg/duration.hpp
[5.646s] -- Up-to-date symlink: /home/ubuntu/microros_ws/install/builtin_interfaces/include/builtin_interfaces/builtin_interfaces/msg/time.hpp
[5.647s] -- Up-to-date symlink: /home/ubuntu/microros_ws/install/builtin_interfaces/include/builtin_interfaces/msg/detail/duration__rosidl_typesupport_microxrcedds_cpp.hpp
[5.648s] -- Up-to-date symlink: /home/ubuntu/microros_ws/install/builtin_interfaces/include/builtin_interfaces/msg/detail/microxrcedds/duration__type_support_cpp.cpp
[5.649s] -- Up-to-date symlink: /home/ubuntu/microros_ws/install/builtin_interfaces/include/builtin_interfaces/msg/detail/microxrcedds/time__type_support_cpp.cpp
[5.650s] -- Up-to-date symlink: /home/ubuntu/microros_ws/install/builtin_interfaces/include/builtin_interfaces/msg/detail/time__rosidl_typesupport_microxrcedds_cpp.hpp
[5.650s] -- Up-to-date symlink: /home/ubuntu/microros_ws/install/builtin_interfaces/include/builtin_interfaces/msg/rosidl_typesupport_microxrcedds_cpp__visibility_control.h
[5.651s] -- Up-to-date symlink: /home/ubuntu/microros_ws/install/builtin_interfaces/lib/libbuiltin_interfaces__rosidl_typesupport_microxrcedds_cpp.so
[5.652s] -- Up-to-date symlink: /home/ubuntu/microros_ws/install/builtin_interfaces/include/builtin_interfaces/builtin_interfaces/msg/detail/duration__rosidl_typesupport_fastrtps_cpp.hpp
[5.653s] -- Up-to-date symlink: /home/ubuntu/microros_ws/install/builtin_interfaces/include/builtin_interfaces/builtin_interfaces/msg/detail/time__rosidl_typesupport_fastrtps_cpp.hpp
[5.654s] -- Up-to-date symlink: /home/ubuntu/microros_ws/install/builtin_interfaces/include/builtin_interfaces/builtin_interfaces/msg/rosidl_typesupport_fastrtps_cpp__visibility_control.h
[5.656s] -- Up-to-date symlink: /home/ubuntu/microros_ws/install/builtin_interfaces/include/builtin_interfaces/builtin_interfaces/msg/detail/duration__rosidl_typesupport_introspection_cpp.hpp
[5.658s] -- Up-to-date symlink: /home/ubuntu/microros_ws/install/builtin_interfaces/include/builtin_interfaces/builtin_interfaces/msg/detail/time__rosidl_typesupport_introspection_cpp.hpp
[5.660s] -- Up-to-date symlink: /home/ubuntu/microros_ws/install/builtin_interfaces/share/builtin_interfaces/environment/pythonpath.sh
[5.660s] -- Up-to-date symlink: /home/ubuntu/microros_ws/install/builtin_interfaces/share/builtin_interfaces/environment/pythonpath.dsv
[5.662s] -- Up-to-date symlink: /home/ubuntu/microros_ws/install/builtin_interfaces/local/lib/python3.10/dist-packages/builtin_interfaces-1.2.1-py3.10.egg-info/PKG-INFO
[5.663s] -- Up-to-date symlink: /home/ubuntu/microros_ws/install/builtin_interfaces/local/lib/python3.10/dist-packages/builtin_interfaces-1.2.1-py3.10.egg-info/SOURCES.txt
[5.664s] -- Up-to-date symlink: /home/ubuntu/microros_ws/install/builtin_interfaces/local/lib/python3.10/dist-packages/builtin_interfaces-1.2.1-py3.10.egg-info/dependency_links.txt
[5.666s] -- Up-to-date symlink: /home/ubuntu/microros_ws/install/builtin_interfaces/local/lib/python3.10/dist-packages/builtin_interfaces-1.2.1-py3.10.egg-info/top_level.txt
[5.668s] -- Up-to-date symlink: /home/ubuntu/microros_ws/install/builtin_interfaces/local/lib/python3.10/dist-packages/builtin_interfaces/__init__.py
[5.668s] -- Up-to-date symlink: /home/ubuntu/microros_ws/install/builtin_interfaces/local/lib/python3.10/dist-packages/builtin_interfaces/_builtin_interfaces_s.ep.rosidl_typesupport_c.c
[5.669s] -- Up-to-date symlink: /home/ubuntu/microros_ws/install/builtin_interfaces/local/lib/python3.10/dist-packages/builtin_interfaces/_builtin_interfaces_s.ep.rosidl_typesupport_fastrtps_c.c
[5.670s] -- Up-to-date symlink: /home/ubuntu/microros_ws/install/builtin_interfaces/local/lib/python3.10/dist-packages/builtin_interfaces/_builtin_interfaces_s.ep.rosidl_typesupport_introspection_c.c
[5.671s] -- Up-to-date symlink: /home/ubuntu/microros_ws/install/builtin_interfaces/local/lib/python3.10/dist-packages/builtin_interfaces/_builtin_interfaces_s.ep.rosidl_typesupport_microxrcedds_c.c
[5.673s] -- Up-to-date symlink: /home/ubuntu/microros_ws/install/builtin_interfaces/local/lib/python3.10/dist-packages/builtin_interfaces/builtin_interfaces_s__rosidl_typesupport_c.cpython-310-aarch64-linux-gnu.so
[5.674s] -- Up-to-date symlink: /home/ubuntu/microros_ws/install/builtin_interfaces/local/lib/python3.10/dist-packages/builtin_interfaces/builtin_interfaces_s__rosidl_typesupport_fastrtps_c.cpython-310-aarch64-linux-gnu.so
[5.675s] -- Up-to-date symlink: /home/ubuntu/microros_ws/install/builtin_interfaces/local/lib/python3.10/dist-packages/builtin_interfaces/builtin_interfaces_s__rosidl_typesupport_introspection_c.cpython-310-aarch64-linux-gnu.so
[5.675s] -- Up-to-date symlink: /home/ubuntu/microros_ws/install/builtin_interfaces/local/lib/python3.10/dist-packages/builtin_interfaces/builtin_interfaces_s__rosidl_typesupport_microxrcedds_c.cpython-310-aarch64-linux-gnu.so
[5.676s] -- Up-to-date symlink: /home/ubuntu/microros_ws/install/builtin_interfaces/local/lib/python3.10/dist-packages/builtin_interfaces/libbuiltin_interfaces__rosidl_generator_py.so
[5.677s] -- Up-to-date symlink: /home/ubuntu/microros_ws/install/builtin_interfaces/local/lib/python3.10/dist-packages/builtin_interfaces/msg/__init__.py
[5.678s] -- Up-to-date symlink: /home/ubuntu/microros_ws/install/builtin_interfaces/local/lib/python3.10/dist-packages/builtin_interfaces/msg/_duration.py
[5.680s] -- Up-to-date symlink: /home/ubuntu/microros_ws/install/builtin_interfaces/local/lib/python3.10/dist-packages/builtin_interfaces/msg/_duration_s.c
[5.681s] -- Up-to-date symlink: /home/ubuntu/microros_ws/install/builtin_interfaces/local/lib/python3.10/dist-packages/builtin_interfaces/msg/_time.py
[5.682s] -- Up-to-date symlink: /home/ubuntu/microros_ws/install/builtin_interfaces/local/lib/python3.10/dist-packages/builtin_interfaces/msg/_time_s.c
[5.682s] -- Up-to-date symlink: /home/ubuntu/microros_ws/install/builtin_interfaces/local/lib/python3.10/dist-packages/builtin_interfaces/builtin_interfaces_s__rosidl_typesupport_microxrcedds_c.cpython-310-aarch64-linux-gnu.so
[5.683s] -- Up-to-date symlink: /home/ubuntu/microros_ws/install/builtin_interfaces/local/lib/python3.10/dist-packages/builtin_interfaces/builtin_interfaces_s__rosidl_typesupport_fastrtps_c.cpython-310-aarch64-linux-gnu.so
[5.684s] -- Up-to-date symlink: /home/ubuntu/microros_ws/install/builtin_interfaces/local/lib/python3.10/dist-packages/builtin_interfaces/builtin_interfaces_s__rosidl_typesupport_introspection_c.cpython-310-aarch64-linux-gnu.so
[5.685s] -- Up-to-date symlink: /home/ubuntu/microros_ws/install/builtin_interfaces/local/lib/python3.10/dist-packages/builtin_interfaces/builtin_interfaces_s__rosidl_typesupport_c.cpython-310-aarch64-linux-gnu.so
[5.686s] -- Up-to-date symlink: /home/ubuntu/microros_ws/install/builtin_interfaces/share/builtin_interfaces/msg/Duration.idl
[5.688s] -- Up-to-date symlink: /home/ubuntu/microros_ws/install/builtin_interfaces/share/builtin_interfaces/msg/Time.idl
[5.692s] -- Up-to-date symlink: /home/ubuntu/microros_ws/install/builtin_interfaces/share/builtin_interfaces/msg/Duration.msg
[5.694s] -- Up-to-date symlink: /home/ubuntu/microros_ws/install/builtin_interfaces/share/builtin_interfaces/msg/Time.msg
[5.696s] -- Up-to-date symlink: /home/ubuntu/microros_ws/install/builtin_interfaces/share/ament_index/resource_index/package_run_dependencies/builtin_interfaces
[5.698s] -- Up-to-date symlink: /home/ubuntu/microros_ws/install/builtin_interfaces/share/ament_index/resource_index/parent_prefix_path/builtin_interfaces
[5.700s] -- Up-to-date symlink: /home/ubuntu/microros_ws/install/builtin_interfaces/share/builtin_interfaces/environment/ament_prefix_path.sh
[5.703s] -- Up-to-date symlink: /home/ubuntu/microros_ws/install/builtin_interfaces/share/builtin_interfaces/environment/ament_prefix_path.dsv
[5.705s] -- Up-to-date symlink: /home/ubuntu/microros_ws/install/builtin_interfaces/share/builtin_interfaces/environment/path.sh
[5.707s] -- Up-to-date symlink: /home/ubuntu/microros_ws/install/builtin_interfaces/share/builtin_interfaces/environment/path.dsv
[5.710s] -- Up-to-date symlink: /home/ubuntu/microros_ws/install/builtin_interfaces/share/builtin_interfaces/local_setup.bash
[5.712s] -- Up-to-date symlink: /home/ubuntu/microros_ws/install/builtin_interfaces/share/builtin_interfaces/local_setup.sh
[5.716s] -- Up-to-date symlink: /home/ubuntu/microros_ws/install/builtin_interfaces/share/builtin_interfaces/local_setup.zsh
[5.719s] -- Up-to-date symlink: /home/ubuntu/microros_ws/install/builtin_interfaces/share/builtin_interfaces/local_setup.dsv
[5.720s] -- Symlinking: /home/ubuntu/microros_ws/install/builtin_interfaces/share/builtin_interfaces/package.dsv
[5.761s] -- Up-to-date symlink: /home/ubuntu/microros_ws/install/builtin_interfaces/share/ament_index/resource_index/packages/builtin_interfaces
[5.764s] -- Up-to-date symlink: /home/ubuntu/microros_ws/install/builtin_interfaces/share/builtin_interfaces/cmake/rosidl_cmake-extras.cmake
[5.765s] -- Up-to-date symlink: /home/ubuntu/microros_ws/install/builtin_interfaces/share/builtin_interfaces/cmake/ament_cmake_export_include_directories-extras.cmake
[5.767s] -- Up-to-date symlink: /home/ubuntu/microros_ws/install/builtin_interfaces/share/builtin_interfaces/cmake/ament_cmake_export_libraries-extras.cmake
[5.768s] -- Up-to-date symlink: /home/ubuntu/microros_ws/install/builtin_interfaces/share/builtin_interfaces/cmake/ament_cmake_export_targets-extras.cmake
[5.771s] -- Up-to-date symlink: /home/ubuntu/microros_ws/install/builtin_interfaces/share/builtin_interfaces/cmake/rosidl_cmake_export_typesupport_targets-extras.cmake
[5.775s] -- Up-to-date symlink: /home/ubuntu/microros_ws/install/builtin_interfaces/share/builtin_interfaces/cmake/ament_cmake_export_dependencies-extras.cmake
[5.778s] -- Up-to-date symlink: /home/ubuntu/microros_ws/install/builtin_interfaces/share/builtin_interfaces/cmake/rosidl_cmake_export_typesupport_libraries-extras.cmake
[5.781s] -- Up-to-date symlink: /home/ubuntu/microros_ws/install/builtin_interfaces/share/builtin_interfaces/cmake/builtin_interfacesConfig.cmake
[5.783s] -- Up-to-date symlink: /home/ubuntu/microros_ws/install/builtin_interfaces/share/builtin_interfaces/cmake/builtin_interfacesConfig-version.cmake
[5.787s] -- Up-to-date symlink: /home/ubuntu/microros_ws/install/builtin_interfaces/share/builtin_interfaces/package.xml
[5.789s] -- Up-to-date: /home/ubuntu/microros_ws/install/builtin_interfaces/lib/libbuiltin_interfaces__rosidl_generator_c.so
[5.796s] -- Up-to-date: /home/ubuntu/microros_ws/install/builtin_interfaces/lib/libbuiltin_interfaces__rosidl_typesupport_fastrtps_c.so
[5.800s] -- Up-to-date: /home/ubuntu/microros_ws/install/builtin_interfaces/lib/libbuiltin_interfaces__rosidl_typesupport_introspection_c.so
[5.804s] -- Up-to-date: /home/ubuntu/microros_ws/install/builtin_interfaces/lib/libbuiltin_interfaces__rosidl_typesupport_c.so
[5.808s] -- Up-to-date: /home/ubuntu/microros_ws/install/builtin_interfaces/lib/libbuiltin_interfaces__rosidl_typesupport_fastrtps_cpp.so
[5.812s] -- Up-to-date: /home/ubuntu/microros_ws/install/builtin_interfaces/lib/libbuiltin_interfaces__rosidl_typesupport_introspection_cpp.so
[5.817s] -- Up-to-date: /home/ubuntu/microros_ws/install/builtin_interfaces/lib/libbuiltin_interfaces__rosidl_typesupport_cpp.so
[6.155s] Listing '/home/ubuntu/microros_ws/install/builtin_interfaces/local/lib/python3.10/dist-packages/builtin_interfaces'...
[6.156s] Listing '/home/ubuntu/microros_ws/install/builtin_interfaces/local/lib/python3.10/dist-packages/builtin_interfaces/msg'...
[6.227s] -- Up-to-date: /home/ubuntu/microros_ws/install/builtin_interfaces/lib/libbuiltin_interfaces__rosidl_generator_py.so
[6.227s] -- Up-to-date: /home/ubuntu/microros_ws/install/builtin_interfaces/share/builtin_interfaces/cmake/export_builtin_interfaces__rosidl_generator_cExport.cmake
[6.228s] -- Up-to-date: /home/ubuntu/microros_ws/install/builtin_interfaces/share/builtin_interfaces/cmake/export_builtin_interfaces__rosidl_generator_cExport-noconfig.cmake
[6.228s] -- Up-to-date: /home/ubuntu/microros_ws/install/builtin_interfaces/share/builtin_interfaces/cmake/export_builtin_interfaces__rosidl_typesupport_fastrtps_cExport.cmake
[6.231s] -- Up-to-date: /home/ubuntu/microros_ws/install/builtin_interfaces/share/builtin_interfaces/cmake/export_builtin_interfaces__rosidl_typesupport_fastrtps_cExport-noconfig.cmake
[6.232s] -- Up-to-date: /home/ubuntu/microros_ws/install/builtin_interfaces/share/builtin_interfaces/cmake/builtin_interfaces__rosidl_typesupport_introspection_cExport.cmake
[6.233s] -- Up-to-date: /home/ubuntu/microros_ws/install/builtin_interfaces/share/builtin_interfaces/cmake/builtin_interfaces__rosidl_typesupport_introspection_cExport-noconfig.cmake
[6.235s] -- Up-to-date: /home/ubuntu/microros_ws/install/builtin_interfaces/share/builtin_interfaces/cmake/builtin_interfaces__rosidl_typesupport_cExport.cmake
[6.236s] -- Up-to-date: /home/ubuntu/microros_ws/install/builtin_interfaces/share/builtin_interfaces/cmake/builtin_interfaces__rosidl_typesupport_cExport-noconfig.cmake
[6.247s] -- Up-to-date: /home/ubuntu/microros_ws/install/builtin_interfaces/share/builtin_interfaces/cmake/export_builtin_interfaces__rosidl_generator_cppExport.cmake
[6.249s] -- Up-to-date: /home/ubuntu/microros_ws/install/builtin_interfaces/share/builtin_interfaces/cmake/export_builtin_interfaces__rosidl_typesupport_fastrtps_cppExport.cmake
[6.252s] -- Up-to-date: /home/ubuntu/microros_ws/install/builtin_interfaces/share/builtin_interfaces/cmake/export_builtin_interfaces__rosidl_typesupport_fastrtps_cppExport-noconfig.cmake
[6.254s] -- Up-to-date: /home/ubuntu/microros_ws/install/builtin_interfaces/share/builtin_interfaces/cmake/builtin_interfaces__rosidl_typesupport_introspection_cppExport.cmake
[6.256s] -- Up-to-date: /home/ubuntu/microros_ws/install/builtin_interfaces/share/builtin_interfaces/cmake/builtin_interfaces__rosidl_typesupport_introspection_cppExport-noconfig.cmake
[6.274s] -- Up-to-date: /home/ubuntu/microros_ws/install/builtin_interfaces/share/builtin_interfaces/cmake/builtin_interfaces__rosidl_typesupport_cppExport.cmake
[6.275s] -- Up-to-date: /home/ubuntu/microros_ws/install/builtin_interfaces/share/builtin_interfaces/cmake/builtin_interfaces__rosidl_typesupport_cppExport-noconfig.cmake
[6.276s] -- Up-to-date: /home/ubuntu/microros_ws/install/builtin_interfaces/share/builtin_interfaces/cmake/export_builtin_interfaces__rosidl_generator_pyExport.cmake
[6.277s] -- Up-to-date: /home/ubuntu/microros_ws/install/builtin_interfaces/share/builtin_interfaces/cmake/export_builtin_interfaces__rosidl_generator_pyExport-noconfig.cmake
[6.282s] Invoked command in '/home/ubuntu/microros_ws/build/builtin_interfaces' returned '0': CMAKE_PREFIX_PATH=/opt/ros/humble /usr/bin/cmake --install /home/ubuntu/microros_ws/build/builtin_interfaces
