[0.073s] Invoking command in '/home/ubuntu/microros_ws/build/statistics_msgs': AMENT_PREFIX_PATH=/home/ubuntu/microros_ws/install/builtin_interfaces:${AMENT_PREFIX_PATH} CMAKE_PREFIX_PATH=/home/ubuntu/microros_ws/install/builtin_interfaces:/opt/ros/humble LD_LIBRARY_PATH=/home/ubuntu/microros_ws/install/builtin_interfaces/lib:${LD_LIBRARY_PATH} PYTHONPATH=/home/ubuntu/microros_ws/install/builtin_interfaces/local/lib/python3.10/dist-packages:${PYTHONPATH} /usr/bin/cmake --build /home/ubuntu/microros_ws/build/statistics_msgs -- -j4 -l4
[0.366s] [  2%] Built target statistics_msgs__cpp
[0.540s] [  2%] Built target ament_cmake_python_symlink_statistics_msgs
[0.686s] [ 12%] Built target statistics_msgs__rosidl_typesupport_fastrtps_cpp
[0.802s] [ 23%] Built target statistics_msgs__rosidl_typesupport_introspection_cpp
[2.676s] running egg_info
[2.681s] writing statistics_msgs.egg-info/PKG-INFO
[2.684s] writing dependency_links to statistics_msgs.egg-info/dependency_links.txt
[2.689s] writing top-level names to statistics_msgs.egg-info/top_level.txt
[2.701s] reading manifest file 'statistics_msgs.egg-info/SOURCES.txt'
[2.704s] writing manifest file 'statistics_msgs.egg-info/SOURCES.txt'
[2.891s] [ 23%] Built target ament_cmake_python_build_statistics_msgs_egg
[3.019s] [ 34%] Built target statistics_msgs__rosidl_typesupport_cpp
[3.126s] [ 44%] Built target statistics_msgs__rosidl_generator_c
[3.250s] [ 55%] Built target statistics_msgs__rosidl_typesupport_fastrtps_c
[3.351s] [ 65%] Built target statistics_msgs__rosidl_typesupport_c
[3.459s] [ 76%] Built target statistics_msgs__rosidl_typesupport_introspection_c
[3.560s] [ 76%] Built target statistics_msgs
[3.668s] [ 78%] Built target statistics_msgs__py
[3.793s] [ 87%] Built target statistics_msgs__rosidl_generator_py
[3.906s] [ 91%] Built target statistics_msgs__rosidl_typesupport_fastrtps_c__pyext
[4.027s] [ 95%] Built target statistics_msgs__rosidl_typesupport_c__pyext
[4.149s] [100%] Built target statistics_msgs__rosidl_typesupport_introspection_c__pyext
[4.224s] Invoked command in '/home/ubuntu/microros_ws/build/statistics_msgs' returned '0': AMENT_PREFIX_PATH=/home/ubuntu/microros_ws/install/builtin_interfaces:${AMENT_PREFIX_PATH} CMAKE_PREFIX_PATH=/home/ubuntu/microros_ws/install/builtin_interfaces:/opt/ros/humble LD_LIBRARY_PATH=/home/ubuntu/microros_ws/install/builtin_interfaces/lib:${LD_LIBRARY_PATH} PYTHONPATH=/home/ubuntu/microros_ws/install/builtin_interfaces/local/lib/python3.10/dist-packages:${PYTHONPATH} /usr/bin/cmake --build /home/ubuntu/microros_ws/build/statistics_msgs -- -j4 -l4
[5.239s] Invoking command in '/home/ubuntu/microros_ws/build/statistics_msgs': AMENT_PREFIX_PATH=/home/ubuntu/microros_ws/install/builtin_interfaces:${AMENT_PREFIX_PATH} CMAKE_PREFIX_PATH=/home/ubuntu/microros_ws/install/builtin_interfaces:/opt/ros/humble LD_LIBRARY_PATH=/home/ubuntu/microros_ws/install/builtin_interfaces/lib:${LD_LIBRARY_PATH} PYTHONPATH=/home/ubuntu/microros_ws/install/builtin_interfaces/local/lib/python3.10/dist-packages:${PYTHONPATH} /usr/bin/cmake --install /home/ubuntu/microros_ws/build/statistics_msgs
[5.297s] -- Install configuration: ""
[5.306s] -- Execute custom install script
[5.308s] -- Up-to-date symlink: /home/ubuntu/microros_ws/install/statistics_msgs/share/ament_index/resource_index/rosidl_interfaces/statistics_msgs
[5.313s] -- Up-to-date symlink: /home/ubuntu/microros_ws/install/statistics_msgs/include/statistics_msgs/statistics_msgs/msg/detail/metrics_message__functions.h
[5.315s] -- Up-to-date symlink: /home/ubuntu/microros_ws/install/statistics_msgs/include/statistics_msgs/statistics_msgs/msg/detail/metrics_message__struct.h
[5.316s] -- Up-to-date symlink: /home/ubuntu/microros_ws/install/statistics_msgs/include/statistics_msgs/statistics_msgs/msg/detail/metrics_message__type_support.h
[5.318s] -- Up-to-date symlink: /home/ubuntu/microros_ws/install/statistics_msgs/include/statistics_msgs/statistics_msgs/msg/detail/statistic_data_point__functions.h
[5.319s] -- Up-to-date symlink: /home/ubuntu/microros_ws/install/statistics_msgs/include/statistics_msgs/statistics_msgs/msg/detail/statistic_data_point__struct.h
[5.320s] -- Up-to-date symlink: /home/ubuntu/microros_ws/install/statistics_msgs/include/statistics_msgs/statistics_msgs/msg/detail/statistic_data_point__type_support.h
[5.322s] -- Up-to-date symlink: /home/ubuntu/microros_ws/install/statistics_msgs/include/statistics_msgs/statistics_msgs/msg/detail/statistic_data_type__functions.h
[5.324s] -- Up-to-date symlink: /home/ubuntu/microros_ws/install/statistics_msgs/include/statistics_msgs/statistics_msgs/msg/detail/statistic_data_type__struct.h
[5.328s] -- Up-to-date symlink: /home/ubuntu/microros_ws/install/statistics_msgs/include/statistics_msgs/statistics_msgs/msg/detail/statistic_data_type__type_support.h
[5.330s] -- Up-to-date symlink: /home/ubuntu/microros_ws/install/statistics_msgs/include/statistics_msgs/statistics_msgs/msg/metrics_message.h
[5.332s] -- Up-to-date symlink: /home/ubuntu/microros_ws/install/statistics_msgs/include/statistics_msgs/statistics_msgs/msg/rosidl_generator_c__visibility_control.h
[5.334s] -- Up-to-date symlink: /home/ubuntu/microros_ws/install/statistics_msgs/include/statistics_msgs/statistics_msgs/msg/statistic_data_point.h
[5.336s] -- Up-to-date symlink: /home/ubuntu/microros_ws/install/statistics_msgs/include/statistics_msgs/statistics_msgs/msg/statistic_data_type.h
[5.340s] -- Up-to-date symlink: /home/ubuntu/microros_ws/install/statistics_msgs/share/statistics_msgs/environment/library_path.sh
[5.349s] -- Up-to-date symlink: /home/ubuntu/microros_ws/install/statistics_msgs/share/statistics_msgs/environment/library_path.dsv
[5.356s] -- Up-to-date symlink: /home/ubuntu/microros_ws/install/statistics_msgs/include/statistics_msgs/statistics_msgs/msg/detail/metrics_message__rosidl_typesupport_fastrtps_c.h
[5.358s] -- Up-to-date symlink: /home/ubuntu/microros_ws/install/statistics_msgs/include/statistics_msgs/statistics_msgs/msg/detail/statistic_data_point__rosidl_typesupport_fastrtps_c.h
[5.361s] -- Up-to-date symlink: /home/ubuntu/microros_ws/install/statistics_msgs/include/statistics_msgs/statistics_msgs/msg/detail/statistic_data_type__rosidl_typesupport_fastrtps_c.h
[5.363s] -- Up-to-date symlink: /home/ubuntu/microros_ws/install/statistics_msgs/include/statistics_msgs/statistics_msgs/msg/rosidl_typesupport_fastrtps_c__visibility_control.h
[5.367s] -- Up-to-date symlink: /home/ubuntu/microros_ws/install/statistics_msgs/include/statistics_msgs/statistics_msgs/msg/detail/metrics_message__builder.hpp
[5.369s] -- Up-to-date symlink: /home/ubuntu/microros_ws/install/statistics_msgs/include/statistics_msgs/statistics_msgs/msg/detail/metrics_message__struct.hpp
[5.371s] -- Up-to-date symlink: /home/ubuntu/microros_ws/install/statistics_msgs/include/statistics_msgs/statistics_msgs/msg/detail/metrics_message__traits.hpp
[5.372s] -- Up-to-date symlink: /home/ubuntu/microros_ws/install/statistics_msgs/include/statistics_msgs/statistics_msgs/msg/detail/statistic_data_point__builder.hpp
[5.374s] -- Up-to-date symlink: /home/ubuntu/microros_ws/install/statistics_msgs/include/statistics_msgs/statistics_msgs/msg/detail/statistic_data_point__struct.hpp
[5.376s] -- Up-to-date symlink: /home/ubuntu/microros_ws/install/statistics_msgs/include/statistics_msgs/statistics_msgs/msg/detail/statistic_data_point__traits.hpp
[5.378s] -- Up-to-date symlink: /home/ubuntu/microros_ws/install/statistics_msgs/include/statistics_msgs/statistics_msgs/msg/detail/statistic_data_type__builder.hpp
[5.381s] -- Up-to-date symlink: /home/ubuntu/microros_ws/install/statistics_msgs/include/statistics_msgs/statistics_msgs/msg/detail/statistic_data_type__struct.hpp
[5.382s] -- Up-to-date symlink: /home/ubuntu/microros_ws/install/statistics_msgs/include/statistics_msgs/statistics_msgs/msg/detail/statistic_data_type__traits.hpp
[5.384s] -- Up-to-date symlink: /home/ubuntu/microros_ws/install/statistics_msgs/include/statistics_msgs/statistics_msgs/msg/metrics_message.hpp
[5.386s] -- Up-to-date symlink: /home/ubuntu/microros_ws/install/statistics_msgs/include/statistics_msgs/statistics_msgs/msg/statistic_data_point.hpp
[5.389s] -- Up-to-date symlink: /home/ubuntu/microros_ws/install/statistics_msgs/include/statistics_msgs/statistics_msgs/msg/statistic_data_type.hpp
[5.395s] -- Up-to-date symlink: /home/ubuntu/microros_ws/install/statistics_msgs/include/statistics_msgs/statistics_msgs/msg/detail/metrics_message__rosidl_typesupport_fastrtps_cpp.hpp
[5.398s] -- Up-to-date symlink: /home/ubuntu/microros_ws/install/statistics_msgs/include/statistics_msgs/statistics_msgs/msg/detail/statistic_data_point__rosidl_typesupport_fastrtps_cpp.hpp
[5.401s] -- Up-to-date symlink: /home/ubuntu/microros_ws/install/statistics_msgs/include/statistics_msgs/statistics_msgs/msg/detail/statistic_data_type__rosidl_typesupport_fastrtps_cpp.hpp
[5.403s] -- Up-to-date symlink: /home/ubuntu/microros_ws/install/statistics_msgs/include/statistics_msgs/statistics_msgs/msg/rosidl_typesupport_fastrtps_cpp__visibility_control.h
[5.408s] -- Up-to-date symlink: /home/ubuntu/microros_ws/install/statistics_msgs/include/statistics_msgs/statistics_msgs/msg/detail/metrics_message__rosidl_typesupport_introspection_c.h
[5.411s] -- Up-to-date symlink: /home/ubuntu/microros_ws/install/statistics_msgs/include/statistics_msgs/statistics_msgs/msg/detail/statistic_data_point__rosidl_typesupport_introspection_c.h
[5.413s] -- Up-to-date symlink: /home/ubuntu/microros_ws/install/statistics_msgs/include/statistics_msgs/statistics_msgs/msg/detail/statistic_data_type__rosidl_typesupport_introspection_c.h
[5.416s] -- Up-to-date symlink: /home/ubuntu/microros_ws/install/statistics_msgs/include/statistics_msgs/statistics_msgs/msg/rosidl_typesupport_introspection_c__visibility_control.h
[5.420s] -- Up-to-date symlink: /home/ubuntu/microros_ws/install/statistics_msgs/include/statistics_msgs/statistics_msgs/msg/detail/metrics_message__rosidl_typesupport_introspection_cpp.hpp
[5.422s] -- Up-to-date symlink: /home/ubuntu/microros_ws/install/statistics_msgs/include/statistics_msgs/statistics_msgs/msg/detail/statistic_data_point__rosidl_typesupport_introspection_cpp.hpp
[5.425s] -- Up-to-date symlink: /home/ubuntu/microros_ws/install/statistics_msgs/include/statistics_msgs/statistics_msgs/msg/detail/statistic_data_type__rosidl_typesupport_introspection_cpp.hpp
[5.427s] -- Up-to-date symlink: /home/ubuntu/microros_ws/install/statistics_msgs/share/statistics_msgs/environment/pythonpath.sh
[5.430s] -- Up-to-date symlink: /home/ubuntu/microros_ws/install/statistics_msgs/share/statistics_msgs/environment/pythonpath.dsv
[5.434s] -- Up-to-date symlink: /home/ubuntu/microros_ws/install/statistics_msgs/local/lib/python3.10/dist-packages/statistics_msgs-1.2.1-py3.10.egg-info/PKG-INFO
[5.438s] -- Up-to-date symlink: /home/ubuntu/microros_ws/install/statistics_msgs/local/lib/python3.10/dist-packages/statistics_msgs-1.2.1-py3.10.egg-info/SOURCES.txt
[5.441s] -- Up-to-date symlink: /home/ubuntu/microros_ws/install/statistics_msgs/local/lib/python3.10/dist-packages/statistics_msgs-1.2.1-py3.10.egg-info/dependency_links.txt
[5.443s] -- Up-to-date symlink: /home/ubuntu/microros_ws/install/statistics_msgs/local/lib/python3.10/dist-packages/statistics_msgs-1.2.1-py3.10.egg-info/top_level.txt
[5.452s] -- Up-to-date symlink: /home/ubuntu/microros_ws/install/statistics_msgs/local/lib/python3.10/dist-packages/statistics_msgs/__init__.py
[5.455s] -- Up-to-date symlink: /home/ubuntu/microros_ws/install/statistics_msgs/local/lib/python3.10/dist-packages/statistics_msgs/_statistics_msgs_s.ep.rosidl_typesupport_c.c
[5.457s] -- Up-to-date symlink: /home/ubuntu/microros_ws/install/statistics_msgs/local/lib/python3.10/dist-packages/statistics_msgs/_statistics_msgs_s.ep.rosidl_typesupport_fastrtps_c.c
[5.460s] -- Up-to-date symlink: /home/ubuntu/microros_ws/install/statistics_msgs/local/lib/python3.10/dist-packages/statistics_msgs/_statistics_msgs_s.ep.rosidl_typesupport_introspection_c.c
[5.462s] -- Up-to-date symlink: /home/ubuntu/microros_ws/install/statistics_msgs/local/lib/python3.10/dist-packages/statistics_msgs/_statistics_msgs_s.ep.rosidl_typesupport_microxrcedds_c.c
[5.465s] -- Up-to-date symlink: /home/ubuntu/microros_ws/install/statistics_msgs/local/lib/python3.10/dist-packages/statistics_msgs/libstatistics_msgs__rosidl_generator_py.so
[5.468s] -- Up-to-date symlink: /home/ubuntu/microros_ws/install/statistics_msgs/local/lib/python3.10/dist-packages/statistics_msgs/msg/__init__.py
[5.473s] -- Up-to-date symlink: /home/ubuntu/microros_ws/install/statistics_msgs/local/lib/python3.10/dist-packages/statistics_msgs/msg/_metrics_message.py
[5.476s] -- Up-to-date symlink: /home/ubuntu/microros_ws/install/statistics_msgs/local/lib/python3.10/dist-packages/statistics_msgs/msg/_metrics_message_s.c
[5.478s] -- Up-to-date symlink: /home/ubuntu/microros_ws/install/statistics_msgs/local/lib/python3.10/dist-packages/statistics_msgs/msg/_statistic_data_point.py
[5.482s] -- Up-to-date symlink: /home/ubuntu/microros_ws/install/statistics_msgs/local/lib/python3.10/dist-packages/statistics_msgs/msg/_statistic_data_point_s.c
[5.485s] -- Up-to-date symlink: /home/ubuntu/microros_ws/install/statistics_msgs/local/lib/python3.10/dist-packages/statistics_msgs/msg/_statistic_data_type.py
[5.489s] -- Up-to-date symlink: /home/ubuntu/microros_ws/install/statistics_msgs/local/lib/python3.10/dist-packages/statistics_msgs/msg/_statistic_data_type_s.c
[5.490s] -- Up-to-date symlink: /home/ubuntu/microros_ws/install/statistics_msgs/local/lib/python3.10/dist-packages/statistics_msgs/statistics_msgs_s__rosidl_typesupport_c.cpython-310-aarch64-linux-gnu.so
[5.491s] -- Up-to-date symlink: /home/ubuntu/microros_ws/install/statistics_msgs/local/lib/python3.10/dist-packages/statistics_msgs/statistics_msgs_s__rosidl_typesupport_fastrtps_c.cpython-310-aarch64-linux-gnu.so
[5.493s] -- Up-to-date symlink: /home/ubuntu/microros_ws/install/statistics_msgs/local/lib/python3.10/dist-packages/statistics_msgs/statistics_msgs_s__rosidl_typesupport_introspection_c.cpython-310-aarch64-linux-gnu.so
[5.494s] -- Up-to-date symlink: /home/ubuntu/microros_ws/install/statistics_msgs/local/lib/python3.10/dist-packages/statistics_msgs/statistics_msgs_s__rosidl_typesupport_microxrcedds_c.cpython-310-aarch64-linux-gnu.so
[5.496s] -- Up-to-date symlink: /home/ubuntu/microros_ws/install/statistics_msgs/local/lib/python3.10/dist-packages/statistics_msgs/statistics_msgs_s__rosidl_typesupport_fastrtps_c.cpython-310-aarch64-linux-gnu.so
[5.498s] -- Up-to-date symlink: /home/ubuntu/microros_ws/install/statistics_msgs/local/lib/python3.10/dist-packages/statistics_msgs/statistics_msgs_s__rosidl_typesupport_introspection_c.cpython-310-aarch64-linux-gnu.so
[5.500s] -- Up-to-date symlink: /home/ubuntu/microros_ws/install/statistics_msgs/local/lib/python3.10/dist-packages/statistics_msgs/statistics_msgs_s__rosidl_typesupport_c.cpython-310-aarch64-linux-gnu.so
[5.501s] -- Up-to-date symlink: /home/ubuntu/microros_ws/install/statistics_msgs/share/statistics_msgs/msg/MetricsMessage.idl
[5.502s] -- Up-to-date symlink: /home/ubuntu/microros_ws/install/statistics_msgs/share/statistics_msgs/msg/StatisticDataPoint.idl
[5.504s] -- Up-to-date symlink: /home/ubuntu/microros_ws/install/statistics_msgs/share/statistics_msgs/msg/StatisticDataType.idl
[5.505s] -- Up-to-date symlink: /home/ubuntu/microros_ws/install/statistics_msgs/share/statistics_msgs/msg/MetricsMessage.msg
[5.506s] -- Up-to-date symlink: /home/ubuntu/microros_ws/install/statistics_msgs/share/statistics_msgs/msg/StatisticDataPoint.msg
[5.508s] -- Up-to-date symlink: /home/ubuntu/microros_ws/install/statistics_msgs/share/statistics_msgs/msg/StatisticDataType.msg
[5.510s] -- Up-to-date symlink: /home/ubuntu/microros_ws/install/statistics_msgs/share/ament_index/resource_index/package_run_dependencies/statistics_msgs
[5.511s] -- Up-to-date symlink: /home/ubuntu/microros_ws/install/statistics_msgs/share/ament_index/resource_index/parent_prefix_path/statistics_msgs
[5.512s] -- Up-to-date symlink: /home/ubuntu/microros_ws/install/statistics_msgs/share/statistics_msgs/environment/ament_prefix_path.sh
[5.513s] -- Up-to-date symlink: /home/ubuntu/microros_ws/install/statistics_msgs/share/statistics_msgs/environment/ament_prefix_path.dsv
[5.514s] -- Up-to-date symlink: /home/ubuntu/microros_ws/install/statistics_msgs/share/statistics_msgs/environment/path.sh
[5.516s] -- Up-to-date symlink: /home/ubuntu/microros_ws/install/statistics_msgs/share/statistics_msgs/environment/path.dsv
[5.517s] -- Up-to-date symlink: /home/ubuntu/microros_ws/install/statistics_msgs/share/statistics_msgs/local_setup.bash
[5.518s] -- Up-to-date symlink: /home/ubuntu/microros_ws/install/statistics_msgs/share/statistics_msgs/local_setup.sh
[5.519s] -- Up-to-date symlink: /home/ubuntu/microros_ws/install/statistics_msgs/share/statistics_msgs/local_setup.zsh
[5.521s] -- Up-to-date symlink: /home/ubuntu/microros_ws/install/statistics_msgs/share/statistics_msgs/local_setup.dsv
[5.523s] -- Symlinking: /home/ubuntu/microros_ws/install/statistics_msgs/share/statistics_msgs/package.dsv
[5.587s] -- Up-to-date symlink: /home/ubuntu/microros_ws/install/statistics_msgs/share/ament_index/resource_index/packages/statistics_msgs
[5.589s] -- Up-to-date symlink: /home/ubuntu/microros_ws/install/statistics_msgs/share/statistics_msgs/cmake/rosidl_cmake-extras.cmake
[5.590s] -- Up-to-date symlink: /home/ubuntu/microros_ws/install/statistics_msgs/share/statistics_msgs/cmake/ament_cmake_export_dependencies-extras.cmake
[5.591s] -- Up-to-date symlink: /home/ubuntu/microros_ws/install/statistics_msgs/share/statistics_msgs/cmake/ament_cmake_export_include_directories-extras.cmake
[5.593s] -- Up-to-date symlink: /home/ubuntu/microros_ws/install/statistics_msgs/share/statistics_msgs/cmake/ament_cmake_export_libraries-extras.cmake
[5.595s] -- Up-to-date symlink: /home/ubuntu/microros_ws/install/statistics_msgs/share/statistics_msgs/cmake/ament_cmake_export_targets-extras.cmake
[5.598s] -- Up-to-date symlink: /home/ubuntu/microros_ws/install/statistics_msgs/share/statistics_msgs/cmake/rosidl_cmake_export_typesupport_targets-extras.cmake
[5.600s] -- Up-to-date symlink: /home/ubuntu/microros_ws/install/statistics_msgs/share/statistics_msgs/cmake/rosidl_cmake_export_typesupport_libraries-extras.cmake
[5.602s] -- Up-to-date symlink: /home/ubuntu/microros_ws/install/statistics_msgs/share/statistics_msgs/cmake/statistics_msgsConfig.cmake
[5.605s] -- Up-to-date symlink: /home/ubuntu/microros_ws/install/statistics_msgs/share/statistics_msgs/cmake/statistics_msgsConfig-version.cmake
[5.605s] -- Up-to-date symlink: /home/ubuntu/microros_ws/install/statistics_msgs/share/statistics_msgs/package.xml
[5.607s] -- Up-to-date: /home/ubuntu/microros_ws/install/statistics_msgs/lib/libstatistics_msgs__rosidl_generator_c.so
[5.611s] -- Up-to-date: /home/ubuntu/microros_ws/install/statistics_msgs/lib/libstatistics_msgs__rosidl_typesupport_fastrtps_c.so
[5.615s] -- Up-to-date: /home/ubuntu/microros_ws/install/statistics_msgs/lib/libstatistics_msgs__rosidl_typesupport_fastrtps_cpp.so
[5.617s] -- Up-to-date: /home/ubuntu/microros_ws/install/statistics_msgs/lib/libstatistics_msgs__rosidl_typesupport_introspection_c.so
[5.619s] -- Up-to-date: /home/ubuntu/microros_ws/install/statistics_msgs/lib/libstatistics_msgs__rosidl_typesupport_c.so
[5.622s] -- Up-to-date: /home/ubuntu/microros_ws/install/statistics_msgs/lib/libstatistics_msgs__rosidl_typesupport_introspection_cpp.so
[5.625s] -- Up-to-date: /home/ubuntu/microros_ws/install/statistics_msgs/lib/libstatistics_msgs__rosidl_typesupport_cpp.so
[5.845s] Listing '/home/ubuntu/microros_ws/install/statistics_msgs/local/lib/python3.10/dist-packages/statistics_msgs'...
[5.845s] Listing '/home/ubuntu/microros_ws/install/statistics_msgs/local/lib/python3.10/dist-packages/statistics_msgs/msg'...
[5.888s] -- Up-to-date: /home/ubuntu/microros_ws/install/statistics_msgs/lib/libstatistics_msgs__rosidl_generator_py.so
[5.892s] -- Up-to-date: /home/ubuntu/microros_ws/install/statistics_msgs/share/statistics_msgs/cmake/export_statistics_msgs__rosidl_generator_cExport.cmake
[5.894s] -- Up-to-date: /home/ubuntu/microros_ws/install/statistics_msgs/share/statistics_msgs/cmake/export_statistics_msgs__rosidl_generator_cExport-noconfig.cmake
[5.898s] -- Up-to-date: /home/ubuntu/microros_ws/install/statistics_msgs/share/statistics_msgs/cmake/export_statistics_msgs__rosidl_typesupport_fastrtps_cExport.cmake
[5.900s] -- Up-to-date: /home/ubuntu/microros_ws/install/statistics_msgs/share/statistics_msgs/cmake/export_statistics_msgs__rosidl_typesupport_fastrtps_cExport-noconfig.cmake
[5.904s] -- Up-to-date: /home/ubuntu/microros_ws/install/statistics_msgs/share/statistics_msgs/cmake/export_statistics_msgs__rosidl_generator_cppExport.cmake
[5.906s] -- Up-to-date: /home/ubuntu/microros_ws/install/statistics_msgs/share/statistics_msgs/cmake/export_statistics_msgs__rosidl_typesupport_fastrtps_cppExport.cmake
[5.908s] -- Up-to-date: /home/ubuntu/microros_ws/install/statistics_msgs/share/statistics_msgs/cmake/export_statistics_msgs__rosidl_typesupport_fastrtps_cppExport-noconfig.cmake
[5.910s] -- Up-to-date: /home/ubuntu/microros_ws/install/statistics_msgs/share/statistics_msgs/cmake/statistics_msgs__rosidl_typesupport_introspection_cExport.cmake
[5.913s] -- Up-to-date: /home/ubuntu/microros_ws/install/statistics_msgs/share/statistics_msgs/cmake/statistics_msgs__rosidl_typesupport_introspection_cExport-noconfig.cmake
[5.915s] -- Up-to-date: /home/ubuntu/microros_ws/install/statistics_msgs/share/statistics_msgs/cmake/statistics_msgs__rosidl_typesupport_cExport.cmake
[5.917s] -- Up-to-date: /home/ubuntu/microros_ws/install/statistics_msgs/share/statistics_msgs/cmake/statistics_msgs__rosidl_typesupport_cExport-noconfig.cmake
[5.919s] -- Up-to-date: /home/ubuntu/microros_ws/install/statistics_msgs/share/statistics_msgs/cmake/statistics_msgs__rosidl_typesupport_introspection_cppExport.cmake
[5.921s] -- Up-to-date: /home/ubuntu/microros_ws/install/statistics_msgs/share/statistics_msgs/cmake/statistics_msgs__rosidl_typesupport_introspection_cppExport-noconfig.cmake
[5.923s] -- Up-to-date: /home/ubuntu/microros_ws/install/statistics_msgs/share/statistics_msgs/cmake/statistics_msgs__rosidl_typesupport_cppExport.cmake
[5.925s] -- Up-to-date: /home/ubuntu/microros_ws/install/statistics_msgs/share/statistics_msgs/cmake/statistics_msgs__rosidl_typesupport_cppExport-noconfig.cmake
[5.927s] -- Up-to-date: /home/ubuntu/microros_ws/install/statistics_msgs/share/statistics_msgs/cmake/export_statistics_msgs__rosidl_generator_pyExport.cmake
[5.944s] -- Up-to-date: /home/ubuntu/microros_ws/install/statistics_msgs/share/statistics_msgs/cmake/export_statistics_msgs__rosidl_generator_pyExport-noconfig.cmake
[5.960s] Invoked command in '/home/ubuntu/microros_ws/build/statistics_msgs' returned '0': AMENT_PREFIX_PATH=/home/ubuntu/microros_ws/install/builtin_interfaces:${AMENT_PREFIX_PATH} CMAKE_PREFIX_PATH=/home/ubuntu/microros_ws/install/builtin_interfaces:/opt/ros/humble LD_LIBRARY_PATH=/home/ubuntu/microros_ws/install/builtin_interfaces/lib:${LD_LIBRARY_PATH} PYTHONPATH=/home/ubuntu/microros_ws/install/builtin_interfaces/local/lib/python3.10/dist-packages:${PYTHONPATH} /usr/bin/cmake --install /home/ubuntu/microros_ws/build/statistics_msgs
