[0.156s] Invoking command in '/home/ubuntu/microros_ws/build/rcl_interfaces': AMENT_PREFIX_PATH=/home/ubuntu/microros_ws/install/builtin_interfaces:${AMENT_PREFIX_PATH} CMAKE_PREFIX_PATH=/home/ubuntu/microros_ws/install/builtin_interfaces:/opt/ros/humble LD_LIBRARY_PATH=/home/ubuntu/microros_ws/install/builtin_interfaces/lib:${LD_LIBRARY_PATH} PYTHONPATH=/home/ubuntu/microros_ws/install/builtin_interfaces/local/lib/python3.10/dist-packages:${PYTHONPATH} /usr/bin/cmake --build /home/ubuntu/microros_ws/build/rcl_interfaces -- -j4 -l4
[0.728s] [  0%] Built target rcl_interfaces__cpp
[0.880s] [ 12%] Built target rcl_interfaces__rosidl_generator_c
[0.973s] [ 12%] Built target ament_cmake_python_symlink_rcl_interfaces
[1.119s] [ 24%] Built target rcl_interfaces__rosidl_typesupport_cpp
[1.224s] [ 36%] Built target rcl_interfaces__rosidl_typesupport_fastrtps_cpp
[1.285s] [ 48%] Built target rcl_interfaces__rosidl_typesupport_introspection_cpp
[1.434s] [ 60%] Built target rcl_interfaces__rosidl_typesupport_fastrtps_c
[1.467s] [ 72%] Built target rcl_interfaces__rosidl_typesupport_introspection_c
[1.595s] [ 84%] Built target rcl_interfaces__rosidl_typesupport_c
[1.806s] [ 84%] Built target rcl_interfaces
[1.947s] [ 85%] Built target rcl_interfaces__py
[2.310s] [ 96%] Built target rcl_interfaces__rosidl_generator_py
[2.573s] [ 97%] Built target rcl_interfaces__rosidl_typesupport_fastrtps_c__pyext
[2.694s] [ 99%] Built target rcl_interfaces__rosidl_typesupport_introspection_c__pyext
[2.745s] [100%] Built target rcl_interfaces__rosidl_typesupport_c__pyext
[4.300s] running egg_info
[4.304s] writing rcl_interfaces.egg-info/PKG-INFO
[4.306s] writing dependency_links to rcl_interfaces.egg-info/dependency_links.txt
[4.307s] writing top-level names to rcl_interfaces.egg-info/top_level.txt
[4.321s] reading manifest file 'rcl_interfaces.egg-info/SOURCES.txt'
[4.326s] writing manifest file 'rcl_interfaces.egg-info/SOURCES.txt'
[4.523s] [100%] Built target ament_cmake_python_build_rcl_interfaces_egg
[4.595s] Invoked command in '/home/ubuntu/microros_ws/build/rcl_interfaces' returned '0': AMENT_PREFIX_PATH=/home/ubuntu/microros_ws/install/builtin_interfaces:${AMENT_PREFIX_PATH} CMAKE_PREFIX_PATH=/home/ubuntu/microros_ws/install/builtin_interfaces:/opt/ros/humble LD_LIBRARY_PATH=/home/ubuntu/microros_ws/install/builtin_interfaces/lib:${LD_LIBRARY_PATH} PYTHONPATH=/home/ubuntu/microros_ws/install/builtin_interfaces/local/lib/python3.10/dist-packages:${PYTHONPATH} /usr/bin/cmake --build /home/ubuntu/microros_ws/build/rcl_interfaces -- -j4 -l4
[8.295s] Invoking command in '/home/ubuntu/microros_ws/build/rcl_interfaces': AMENT_PREFIX_PATH=/home/ubuntu/microros_ws/install/builtin_interfaces:${AMENT_PREFIX_PATH} CMAKE_PREFIX_PATH=/home/ubuntu/microros_ws/install/builtin_interfaces:/opt/ros/humble LD_LIBRARY_PATH=/home/ubuntu/microros_ws/install/builtin_interfaces/lib:${LD_LIBRARY_PATH} PYTHONPATH=/home/ubuntu/microros_ws/install/builtin_interfaces/local/lib/python3.10/dist-packages:${PYTHONPATH} /usr/bin/cmake --install /home/ubuntu/microros_ws/build/rcl_interfaces
[8.394s] -- Install configuration: ""
[8.404s] -- Execute custom install script
[8.408s] -- Up-to-date symlink: /home/ubuntu/microros_ws/install/rcl_interfaces/share/ament_index/resource_index/rosidl_interfaces/rcl_interfaces
[8.425s] -- Up-to-date symlink: /home/ubuntu/microros_ws/install/rcl_interfaces/include/rcl_interfaces/rcl_interfaces/msg/detail/floating_point_range__functions.h
[8.430s] -- Up-to-date symlink: /home/ubuntu/microros_ws/install/rcl_interfaces/include/rcl_interfaces/rcl_interfaces/msg/detail/floating_point_range__struct.h
[8.432s] -- Up-to-date symlink: /home/ubuntu/microros_ws/install/rcl_interfaces/include/rcl_interfaces/rcl_interfaces/msg/detail/floating_point_range__type_support.h
[8.434s] -- Up-to-date symlink: /home/ubuntu/microros_ws/install/rcl_interfaces/include/rcl_interfaces/rcl_interfaces/msg/detail/integer_range__functions.h
[8.436s] -- Up-to-date symlink: /home/ubuntu/microros_ws/install/rcl_interfaces/include/rcl_interfaces/rcl_interfaces/msg/detail/integer_range__struct.h
[8.440s] -- Up-to-date symlink: /home/ubuntu/microros_ws/install/rcl_interfaces/include/rcl_interfaces/rcl_interfaces/msg/detail/integer_range__type_support.h
[8.443s] -- Up-to-date symlink: /home/ubuntu/microros_ws/install/rcl_interfaces/include/rcl_interfaces/rcl_interfaces/msg/detail/list_parameters_result__functions.h
[8.445s] -- Up-to-date symlink: /home/ubuntu/microros_ws/install/rcl_interfaces/include/rcl_interfaces/rcl_interfaces/msg/detail/list_parameters_result__struct.h
[8.448s] -- Up-to-date symlink: /home/ubuntu/microros_ws/install/rcl_interfaces/include/rcl_interfaces/rcl_interfaces/msg/detail/list_parameters_result__type_support.h
[8.451s] -- Up-to-date symlink: /home/ubuntu/microros_ws/install/rcl_interfaces/include/rcl_interfaces/rcl_interfaces/msg/detail/log__functions.h
[8.453s] -- Up-to-date symlink: /home/ubuntu/microros_ws/install/rcl_interfaces/include/rcl_interfaces/rcl_interfaces/msg/detail/log__struct.h
[8.460s] -- Up-to-date symlink: /home/ubuntu/microros_ws/install/rcl_interfaces/include/rcl_interfaces/rcl_interfaces/msg/detail/log__type_support.h
[8.464s] -- Up-to-date symlink: /home/ubuntu/microros_ws/install/rcl_interfaces/include/rcl_interfaces/rcl_interfaces/msg/detail/parameter__functions.h
[8.466s] -- Up-to-date symlink: /home/ubuntu/microros_ws/install/rcl_interfaces/include/rcl_interfaces/rcl_interfaces/msg/detail/parameter__struct.h
[8.469s] -- Up-to-date symlink: /home/ubuntu/microros_ws/install/rcl_interfaces/include/rcl_interfaces/rcl_interfaces/msg/detail/parameter__type_support.h
[8.472s] -- Up-to-date symlink: /home/ubuntu/microros_ws/install/rcl_interfaces/include/rcl_interfaces/rcl_interfaces/msg/detail/parameter_descriptor__functions.h
[8.475s] -- Up-to-date symlink: /home/ubuntu/microros_ws/install/rcl_interfaces/include/rcl_interfaces/rcl_interfaces/msg/detail/parameter_descriptor__struct.h
[8.478s] -- Up-to-date symlink: /home/ubuntu/microros_ws/install/rcl_interfaces/include/rcl_interfaces/rcl_interfaces/msg/detail/parameter_descriptor__type_support.h
[8.480s] -- Up-to-date symlink: /home/ubuntu/microros_ws/install/rcl_interfaces/include/rcl_interfaces/rcl_interfaces/msg/detail/parameter_event__functions.h
[8.484s] -- Up-to-date symlink: /home/ubuntu/microros_ws/install/rcl_interfaces/include/rcl_interfaces/rcl_interfaces/msg/detail/parameter_event__struct.h
[8.489s] -- Up-to-date symlink: /home/ubuntu/microros_ws/install/rcl_interfaces/include/rcl_interfaces/rcl_interfaces/msg/detail/parameter_event__type_support.h
[8.492s] -- Up-to-date symlink: /home/ubuntu/microros_ws/install/rcl_interfaces/include/rcl_interfaces/rcl_interfaces/msg/detail/parameter_event_descriptors__functions.h
[8.495s] -- Up-to-date symlink: /home/ubuntu/microros_ws/install/rcl_interfaces/include/rcl_interfaces/rcl_interfaces/msg/detail/parameter_event_descriptors__struct.h
[8.499s] -- Up-to-date symlink: /home/ubuntu/microros_ws/install/rcl_interfaces/include/rcl_interfaces/rcl_interfaces/msg/detail/parameter_event_descriptors__type_support.h
[8.501s] -- Up-to-date symlink: /home/ubuntu/microros_ws/install/rcl_interfaces/include/rcl_interfaces/rcl_interfaces/msg/detail/parameter_type__functions.h
[8.504s] -- Up-to-date symlink: /home/ubuntu/microros_ws/install/rcl_interfaces/include/rcl_interfaces/rcl_interfaces/msg/detail/parameter_type__struct.h
[8.507s] -- Up-to-date symlink: /home/ubuntu/microros_ws/install/rcl_interfaces/include/rcl_interfaces/rcl_interfaces/msg/detail/parameter_type__type_support.h
[8.510s] -- Up-to-date symlink: /home/ubuntu/microros_ws/install/rcl_interfaces/include/rcl_interfaces/rcl_interfaces/msg/detail/parameter_value__functions.h
[8.513s] -- Up-to-date symlink: /home/ubuntu/microros_ws/install/rcl_interfaces/include/rcl_interfaces/rcl_interfaces/msg/detail/parameter_value__struct.h
[8.519s] -- Up-to-date symlink: /home/ubuntu/microros_ws/install/rcl_interfaces/include/rcl_interfaces/rcl_interfaces/msg/detail/parameter_value__type_support.h
[8.522s] -- Up-to-date symlink: /home/ubuntu/microros_ws/install/rcl_interfaces/include/rcl_interfaces/rcl_interfaces/msg/detail/set_parameters_result__functions.h
[8.526s] -- Up-to-date symlink: /home/ubuntu/microros_ws/install/rcl_interfaces/include/rcl_interfaces/rcl_interfaces/msg/detail/set_parameters_result__struct.h
[8.530s] -- Up-to-date symlink: /home/ubuntu/microros_ws/install/rcl_interfaces/include/rcl_interfaces/rcl_interfaces/msg/detail/set_parameters_result__type_support.h
[8.532s] -- Up-to-date symlink: /home/ubuntu/microros_ws/install/rcl_interfaces/include/rcl_interfaces/rcl_interfaces/msg/floating_point_range.h
[8.534s] -- Up-to-date symlink: /home/ubuntu/microros_ws/install/rcl_interfaces/include/rcl_interfaces/rcl_interfaces/msg/integer_range.h
[8.537s] -- Up-to-date symlink: /home/ubuntu/microros_ws/install/rcl_interfaces/include/rcl_interfaces/rcl_interfaces/msg/list_parameters_result.h
[8.538s] -- Up-to-date symlink: /home/ubuntu/microros_ws/install/rcl_interfaces/include/rcl_interfaces/rcl_interfaces/msg/log.h
[8.543s] -- Up-to-date symlink: /home/ubuntu/microros_ws/install/rcl_interfaces/include/rcl_interfaces/rcl_interfaces/msg/parameter.h
[8.546s] -- Up-to-date symlink: /home/ubuntu/microros_ws/install/rcl_interfaces/include/rcl_interfaces/rcl_interfaces/msg/parameter_descriptor.h
[8.549s] -- Up-to-date symlink: /home/ubuntu/microros_ws/install/rcl_interfaces/include/rcl_interfaces/rcl_interfaces/msg/parameter_event.h
[8.552s] -- Up-to-date symlink: /home/ubuntu/microros_ws/install/rcl_interfaces/include/rcl_interfaces/rcl_interfaces/msg/parameter_event_descriptors.h
[8.554s] -- Up-to-date symlink: /home/ubuntu/microros_ws/install/rcl_interfaces/include/rcl_interfaces/rcl_interfaces/msg/parameter_type.h
[8.557s] -- Up-to-date symlink: /home/ubuntu/microros_ws/install/rcl_interfaces/include/rcl_interfaces/rcl_interfaces/msg/parameter_value.h
[8.560s] -- Up-to-date symlink: /home/ubuntu/microros_ws/install/rcl_interfaces/include/rcl_interfaces/rcl_interfaces/msg/rosidl_generator_c__visibility_control.h
[8.563s] -- Up-to-date symlink: /home/ubuntu/microros_ws/install/rcl_interfaces/include/rcl_interfaces/rcl_interfaces/msg/set_parameters_result.h
[8.565s] -- Up-to-date symlink: /home/ubuntu/microros_ws/install/rcl_interfaces/include/rcl_interfaces/rcl_interfaces/srv/describe_parameters.h
[8.568s] -- Up-to-date symlink: /home/ubuntu/microros_ws/install/rcl_interfaces/include/rcl_interfaces/rcl_interfaces/srv/detail/describe_parameters__functions.h
[8.571s] -- Up-to-date symlink: /home/ubuntu/microros_ws/install/rcl_interfaces/include/rcl_interfaces/rcl_interfaces/srv/detail/describe_parameters__struct.h
[8.574s] -- Up-to-date symlink: /home/ubuntu/microros_ws/install/rcl_interfaces/include/rcl_interfaces/rcl_interfaces/srv/detail/describe_parameters__type_support.h
[8.576s] -- Up-to-date symlink: /home/ubuntu/microros_ws/install/rcl_interfaces/include/rcl_interfaces/rcl_interfaces/srv/detail/get_parameter_types__functions.h
[8.579s] -- Up-to-date symlink: /home/ubuntu/microros_ws/install/rcl_interfaces/include/rcl_interfaces/rcl_interfaces/srv/detail/get_parameter_types__struct.h
[8.582s] -- Up-to-date symlink: /home/ubuntu/microros_ws/install/rcl_interfaces/include/rcl_interfaces/rcl_interfaces/srv/detail/get_parameter_types__type_support.h
[8.585s] -- Up-to-date symlink: /home/ubuntu/microros_ws/install/rcl_interfaces/include/rcl_interfaces/rcl_interfaces/srv/detail/get_parameters__functions.h
[8.589s] -- Up-to-date symlink: /home/ubuntu/microros_ws/install/rcl_interfaces/include/rcl_interfaces/rcl_interfaces/srv/detail/get_parameters__struct.h
[8.592s] -- Up-to-date symlink: /home/ubuntu/microros_ws/install/rcl_interfaces/include/rcl_interfaces/rcl_interfaces/srv/detail/get_parameters__type_support.h
[8.595s] -- Up-to-date symlink: /home/ubuntu/microros_ws/install/rcl_interfaces/include/rcl_interfaces/rcl_interfaces/srv/detail/list_parameters__functions.h
[8.600s] -- Up-to-date symlink: /home/ubuntu/microros_ws/install/rcl_interfaces/include/rcl_interfaces/rcl_interfaces/srv/detail/list_parameters__struct.h
[8.603s] -- Up-to-date symlink: /home/ubuntu/microros_ws/install/rcl_interfaces/include/rcl_interfaces/rcl_interfaces/srv/detail/list_parameters__type_support.h
[8.608s] -- Up-to-date symlink: /home/ubuntu/microros_ws/install/rcl_interfaces/include/rcl_interfaces/rcl_interfaces/srv/detail/set_parameters__functions.h
[8.611s] -- Up-to-date symlink: /home/ubuntu/microros_ws/install/rcl_interfaces/include/rcl_interfaces/rcl_interfaces/srv/detail/set_parameters__struct.h
[8.617s] -- Up-to-date symlink: /home/ubuntu/microros_ws/install/rcl_interfaces/include/rcl_interfaces/rcl_interfaces/srv/detail/set_parameters__type_support.h
[8.619s] -- Up-to-date symlink: /home/ubuntu/microros_ws/install/rcl_interfaces/include/rcl_interfaces/rcl_interfaces/srv/detail/set_parameters_atomically__functions.h
[8.622s] -- Up-to-date symlink: /home/ubuntu/microros_ws/install/rcl_interfaces/include/rcl_interfaces/rcl_interfaces/srv/detail/set_parameters_atomically__struct.h
[8.627s] -- Up-to-date symlink: /home/ubuntu/microros_ws/install/rcl_interfaces/include/rcl_interfaces/rcl_interfaces/srv/detail/set_parameters_atomically__type_support.h
[8.630s] -- Up-to-date symlink: /home/ubuntu/microros_ws/install/rcl_interfaces/include/rcl_interfaces/rcl_interfaces/srv/get_parameter_types.h
[8.633s] -- Up-to-date symlink: /home/ubuntu/microros_ws/install/rcl_interfaces/include/rcl_interfaces/rcl_interfaces/srv/get_parameters.h
[8.636s] -- Up-to-date symlink: /home/ubuntu/microros_ws/install/rcl_interfaces/include/rcl_interfaces/rcl_interfaces/srv/list_parameters.h
[8.640s] -- Up-to-date symlink: /home/ubuntu/microros_ws/install/rcl_interfaces/include/rcl_interfaces/rcl_interfaces/srv/set_parameters.h
[8.643s] -- Up-to-date symlink: /home/ubuntu/microros_ws/install/rcl_interfaces/include/rcl_interfaces/rcl_interfaces/srv/set_parameters_atomically.h
[8.646s] -- Up-to-date symlink: /home/ubuntu/microros_ws/install/rcl_interfaces/share/rcl_interfaces/environment/library_path.sh
[8.648s] -- Up-to-date symlink: /home/ubuntu/microros_ws/install/rcl_interfaces/share/rcl_interfaces/environment/library_path.dsv
[8.660s] -- Up-to-date symlink: /home/ubuntu/microros_ws/install/rcl_interfaces/include/rcl_interfaces/rcl_interfaces/msg/detail/floating_point_range__rosidl_typesupport_fastrtps_c.h
[8.663s] -- Up-to-date symlink: /home/ubuntu/microros_ws/install/rcl_interfaces/include/rcl_interfaces/rcl_interfaces/msg/detail/integer_range__rosidl_typesupport_fastrtps_c.h
[8.667s] -- Up-to-date symlink: /home/ubuntu/microros_ws/install/rcl_interfaces/include/rcl_interfaces/rcl_interfaces/msg/detail/list_parameters_result__rosidl_typesupport_fastrtps_c.h
[8.669s] -- Up-to-date symlink: /home/ubuntu/microros_ws/install/rcl_interfaces/include/rcl_interfaces/rcl_interfaces/msg/detail/log__rosidl_typesupport_fastrtps_c.h
[8.672s] -- Up-to-date symlink: /home/ubuntu/microros_ws/install/rcl_interfaces/include/rcl_interfaces/rcl_interfaces/msg/detail/parameter__rosidl_typesupport_fastrtps_c.h
[8.677s] -- Up-to-date symlink: /home/ubuntu/microros_ws/install/rcl_interfaces/include/rcl_interfaces/rcl_interfaces/msg/detail/parameter_descriptor__rosidl_typesupport_fastrtps_c.h
[8.679s] -- Up-to-date symlink: /home/ubuntu/microros_ws/install/rcl_interfaces/include/rcl_interfaces/rcl_interfaces/msg/detail/parameter_event__rosidl_typesupport_fastrtps_c.h
[8.683s] -- Up-to-date symlink: /home/ubuntu/microros_ws/install/rcl_interfaces/include/rcl_interfaces/rcl_interfaces/msg/detail/parameter_event_descriptors__rosidl_typesupport_fastrtps_c.h
[8.685s] -- Up-to-date symlink: /home/ubuntu/microros_ws/install/rcl_interfaces/include/rcl_interfaces/rcl_interfaces/msg/detail/parameter_type__rosidl_typesupport_fastrtps_c.h
[8.689s] -- Up-to-date symlink: /home/ubuntu/microros_ws/install/rcl_interfaces/include/rcl_interfaces/rcl_interfaces/msg/detail/parameter_value__rosidl_typesupport_fastrtps_c.h
[8.692s] -- Up-to-date symlink: /home/ubuntu/microros_ws/install/rcl_interfaces/include/rcl_interfaces/rcl_interfaces/msg/detail/set_parameters_result__rosidl_typesupport_fastrtps_c.h
[8.694s] -- Up-to-date symlink: /home/ubuntu/microros_ws/install/rcl_interfaces/include/rcl_interfaces/rcl_interfaces/msg/rosidl_typesupport_fastrtps_c__visibility_control.h
[8.696s] -- Up-to-date symlink: /home/ubuntu/microros_ws/install/rcl_interfaces/include/rcl_interfaces/rcl_interfaces/srv/detail/describe_parameters__rosidl_typesupport_fastrtps_c.h
[8.697s] -- Up-to-date symlink: /home/ubuntu/microros_ws/install/rcl_interfaces/include/rcl_interfaces/rcl_interfaces/srv/detail/get_parameter_types__rosidl_typesupport_fastrtps_c.h
[8.699s] -- Up-to-date symlink: /home/ubuntu/microros_ws/install/rcl_interfaces/include/rcl_interfaces/rcl_interfaces/srv/detail/get_parameters__rosidl_typesupport_fastrtps_c.h
[8.700s] -- Up-to-date symlink: /home/ubuntu/microros_ws/install/rcl_interfaces/include/rcl_interfaces/rcl_interfaces/srv/detail/list_parameters__rosidl_typesupport_fastrtps_c.h
[8.702s] -- Up-to-date symlink: /home/ubuntu/microros_ws/install/rcl_interfaces/include/rcl_interfaces/rcl_interfaces/srv/detail/set_parameters__rosidl_typesupport_fastrtps_c.h
[8.703s] -- Up-to-date symlink: /home/ubuntu/microros_ws/install/rcl_interfaces/include/rcl_interfaces/rcl_interfaces/srv/detail/set_parameters_atomically__rosidl_typesupport_fastrtps_c.h
[8.709s] -- Up-to-date symlink: /home/ubuntu/microros_ws/install/rcl_interfaces/include/rcl_interfaces/rcl_interfaces/msg/detail/floating_point_range__rosidl_typesupport_introspection_c.h
[8.710s] -- Up-to-date symlink: /home/ubuntu/microros_ws/install/rcl_interfaces/include/rcl_interfaces/rcl_interfaces/msg/detail/integer_range__rosidl_typesupport_introspection_c.h
[8.711s] -- Up-to-date symlink: /home/ubuntu/microros_ws/install/rcl_interfaces/include/rcl_interfaces/rcl_interfaces/msg/detail/list_parameters_result__rosidl_typesupport_introspection_c.h
[8.713s] -- Up-to-date symlink: /home/ubuntu/microros_ws/install/rcl_interfaces/include/rcl_interfaces/rcl_interfaces/msg/detail/log__rosidl_typesupport_introspection_c.h
[8.717s] -- Up-to-date symlink: /home/ubuntu/microros_ws/install/rcl_interfaces/include/rcl_interfaces/rcl_interfaces/msg/detail/parameter__rosidl_typesupport_introspection_c.h
[8.719s] -- Up-to-date symlink: /home/ubuntu/microros_ws/install/rcl_interfaces/include/rcl_interfaces/rcl_interfaces/msg/detail/parameter_descriptor__rosidl_typesupport_introspection_c.h
[8.723s] -- Up-to-date symlink: /home/ubuntu/microros_ws/install/rcl_interfaces/include/rcl_interfaces/rcl_interfaces/msg/detail/parameter_event__rosidl_typesupport_introspection_c.h
[8.727s] -- Up-to-date symlink: /home/ubuntu/microros_ws/install/rcl_interfaces/include/rcl_interfaces/rcl_interfaces/msg/detail/parameter_event_descriptors__rosidl_typesupport_introspection_c.h
[8.731s] -- Up-to-date symlink: /home/ubuntu/microros_ws/install/rcl_interfaces/include/rcl_interfaces/rcl_interfaces/msg/detail/parameter_type__rosidl_typesupport_introspection_c.h
[8.734s] -- Up-to-date symlink: /home/ubuntu/microros_ws/install/rcl_interfaces/include/rcl_interfaces/rcl_interfaces/msg/detail/parameter_value__rosidl_typesupport_introspection_c.h
[8.736s] -- Up-to-date symlink: /home/ubuntu/microros_ws/install/rcl_interfaces/include/rcl_interfaces/rcl_interfaces/msg/detail/set_parameters_result__rosidl_typesupport_introspection_c.h
[8.739s] -- Up-to-date symlink: /home/ubuntu/microros_ws/install/rcl_interfaces/include/rcl_interfaces/rcl_interfaces/msg/rosidl_typesupport_introspection_c__visibility_control.h
[8.741s] -- Up-to-date symlink: /home/ubuntu/microros_ws/install/rcl_interfaces/include/rcl_interfaces/rcl_interfaces/srv/detail/describe_parameters__rosidl_typesupport_introspection_c.h
[8.745s] -- Up-to-date symlink: /home/ubuntu/microros_ws/install/rcl_interfaces/include/rcl_interfaces/rcl_interfaces/srv/detail/get_parameter_types__rosidl_typesupport_introspection_c.h
[8.748s] -- Up-to-date symlink: /home/ubuntu/microros_ws/install/rcl_interfaces/include/rcl_interfaces/rcl_interfaces/srv/detail/get_parameters__rosidl_typesupport_introspection_c.h
[8.751s] -- Up-to-date symlink: /home/ubuntu/microros_ws/install/rcl_interfaces/include/rcl_interfaces/rcl_interfaces/srv/detail/list_parameters__rosidl_typesupport_introspection_c.h
[8.753s] -- Up-to-date symlink: /home/ubuntu/microros_ws/install/rcl_interfaces/include/rcl_interfaces/rcl_interfaces/srv/detail/set_parameters__rosidl_typesupport_introspection_c.h
[8.755s] -- Up-to-date symlink: /home/ubuntu/microros_ws/install/rcl_interfaces/include/rcl_interfaces/rcl_interfaces/srv/detail/set_parameters_atomically__rosidl_typesupport_introspection_c.h
[8.765s] -- Up-to-date symlink: /home/ubuntu/microros_ws/install/rcl_interfaces/include/rcl_interfaces/rcl_interfaces/msg/detail/floating_point_range__builder.hpp
[8.769s] -- Up-to-date symlink: /home/ubuntu/microros_ws/install/rcl_interfaces/include/rcl_interfaces/rcl_interfaces/msg/detail/floating_point_range__struct.hpp
[8.773s] -- Up-to-date symlink: /home/ubuntu/microros_ws/install/rcl_interfaces/include/rcl_interfaces/rcl_interfaces/msg/detail/floating_point_range__traits.hpp
[8.776s] -- Up-to-date symlink: /home/ubuntu/microros_ws/install/rcl_interfaces/include/rcl_interfaces/rcl_interfaces/msg/detail/integer_range__builder.hpp
[8.778s] -- Up-to-date symlink: /home/ubuntu/microros_ws/install/rcl_interfaces/include/rcl_interfaces/rcl_interfaces/msg/detail/integer_range__struct.hpp
[8.781s] -- Up-to-date symlink: /home/ubuntu/microros_ws/install/rcl_interfaces/include/rcl_interfaces/rcl_interfaces/msg/detail/integer_range__traits.hpp
[8.782s] -- Up-to-date symlink: /home/ubuntu/microros_ws/install/rcl_interfaces/include/rcl_interfaces/rcl_interfaces/msg/detail/list_parameters_result__builder.hpp
[8.783s] -- Up-to-date symlink: /home/ubuntu/microros_ws/install/rcl_interfaces/include/rcl_interfaces/rcl_interfaces/msg/detail/list_parameters_result__struct.hpp
[8.785s] -- Up-to-date symlink: /home/ubuntu/microros_ws/install/rcl_interfaces/include/rcl_interfaces/rcl_interfaces/msg/detail/list_parameters_result__traits.hpp
[8.786s] -- Up-to-date symlink: /home/ubuntu/microros_ws/install/rcl_interfaces/include/rcl_interfaces/rcl_interfaces/msg/detail/log__builder.hpp
[8.788s] -- Up-to-date symlink: /home/ubuntu/microros_ws/install/rcl_interfaces/include/rcl_interfaces/rcl_interfaces/msg/detail/log__struct.hpp
[8.789s] -- Up-to-date symlink: /home/ubuntu/microros_ws/install/rcl_interfaces/include/rcl_interfaces/rcl_interfaces/msg/detail/log__traits.hpp
[8.790s] -- Up-to-date symlink: /home/ubuntu/microros_ws/install/rcl_interfaces/include/rcl_interfaces/rcl_interfaces/msg/detail/parameter__builder.hpp
[8.792s] -- Up-to-date symlink: /home/ubuntu/microros_ws/install/rcl_interfaces/include/rcl_interfaces/rcl_interfaces/msg/detail/parameter__struct.hpp
[8.794s] -- Up-to-date symlink: /home/ubuntu/microros_ws/install/rcl_interfaces/include/rcl_interfaces/rcl_interfaces/msg/detail/parameter__traits.hpp
[8.795s] -- Up-to-date symlink: /home/ubuntu/microros_ws/install/rcl_interfaces/include/rcl_interfaces/rcl_interfaces/msg/detail/parameter_descriptor__builder.hpp
[8.797s] -- Up-to-date symlink: /home/ubuntu/microros_ws/install/rcl_interfaces/include/rcl_interfaces/rcl_interfaces/msg/detail/parameter_descriptor__struct.hpp
[8.801s] -- Up-to-date symlink: /home/ubuntu/microros_ws/install/rcl_interfaces/include/rcl_interfaces/rcl_interfaces/msg/detail/parameter_descriptor__traits.hpp
[8.802s] -- Up-to-date symlink: /home/ubuntu/microros_ws/install/rcl_interfaces/include/rcl_interfaces/rcl_interfaces/msg/detail/parameter_event__builder.hpp
[8.803s] -- Up-to-date symlink: /home/ubuntu/microros_ws/install/rcl_interfaces/include/rcl_interfaces/rcl_interfaces/msg/detail/parameter_event__struct.hpp
[8.804s] -- Up-to-date symlink: /home/ubuntu/microros_ws/install/rcl_interfaces/include/rcl_interfaces/rcl_interfaces/msg/detail/parameter_event__traits.hpp
[8.804s] -- Up-to-date symlink: /home/ubuntu/microros_ws/install/rcl_interfaces/include/rcl_interfaces/rcl_interfaces/msg/detail/parameter_event_descriptors__builder.hpp
[8.805s] -- Up-to-date symlink: /home/ubuntu/microros_ws/install/rcl_interfaces/include/rcl_interfaces/rcl_interfaces/msg/detail/parameter_event_descriptors__struct.hpp
[8.807s] -- Up-to-date symlink: /home/ubuntu/microros_ws/install/rcl_interfaces/include/rcl_interfaces/rcl_interfaces/msg/detail/parameter_event_descriptors__traits.hpp
[8.808s] -- Up-to-date symlink: /home/ubuntu/microros_ws/install/rcl_interfaces/include/rcl_interfaces/rcl_interfaces/msg/detail/parameter_type__builder.hpp
[8.810s] -- Up-to-date symlink: /home/ubuntu/microros_ws/install/rcl_interfaces/include/rcl_interfaces/rcl_interfaces/msg/detail/parameter_type__struct.hpp
[8.811s] -- Up-to-date symlink: /home/ubuntu/microros_ws/install/rcl_interfaces/include/rcl_interfaces/rcl_interfaces/msg/detail/parameter_type__traits.hpp
[8.813s] -- Up-to-date symlink: /home/ubuntu/microros_ws/install/rcl_interfaces/include/rcl_interfaces/rcl_interfaces/msg/detail/parameter_value__builder.hpp
[8.816s] -- Up-to-date symlink: /home/ubuntu/microros_ws/install/rcl_interfaces/include/rcl_interfaces/rcl_interfaces/msg/detail/parameter_value__struct.hpp
[8.827s] -- Up-to-date symlink: /home/ubuntu/microros_ws/install/rcl_interfaces/include/rcl_interfaces/rcl_interfaces/msg/detail/parameter_value__traits.hpp
[8.830s] -- Up-to-date symlink: /home/ubuntu/microros_ws/install/rcl_interfaces/include/rcl_interfaces/rcl_interfaces/msg/detail/set_parameters_result__builder.hpp
[8.832s] -- Up-to-date symlink: /home/ubuntu/microros_ws/install/rcl_interfaces/include/rcl_interfaces/rcl_interfaces/msg/detail/set_parameters_result__struct.hpp
[8.834s] -- Up-to-date symlink: /home/ubuntu/microros_ws/install/rcl_interfaces/include/rcl_interfaces/rcl_interfaces/msg/detail/set_parameters_result__traits.hpp
[8.837s] -- Up-to-date symlink: /home/ubuntu/microros_ws/install/rcl_interfaces/include/rcl_interfaces/rcl_interfaces/msg/floating_point_range.hpp
[8.841s] -- Up-to-date symlink: /home/ubuntu/microros_ws/install/rcl_interfaces/include/rcl_interfaces/rcl_interfaces/msg/integer_range.hpp
[8.843s] -- Up-to-date symlink: /home/ubuntu/microros_ws/install/rcl_interfaces/include/rcl_interfaces/rcl_interfaces/msg/list_parameters_result.hpp
[8.845s] -- Up-to-date symlink: /home/ubuntu/microros_ws/install/rcl_interfaces/include/rcl_interfaces/rcl_interfaces/msg/log.hpp
[8.848s] -- Up-to-date symlink: /home/ubuntu/microros_ws/install/rcl_interfaces/include/rcl_interfaces/rcl_interfaces/msg/parameter.hpp
[8.850s] -- Up-to-date symlink: /home/ubuntu/microros_ws/install/rcl_interfaces/include/rcl_interfaces/rcl_interfaces/msg/parameter_descriptor.hpp
[8.853s] -- Up-to-date symlink: /home/ubuntu/microros_ws/install/rcl_interfaces/include/rcl_interfaces/rcl_interfaces/msg/parameter_event.hpp
[8.855s] -- Up-to-date symlink: /home/ubuntu/microros_ws/install/rcl_interfaces/include/rcl_interfaces/rcl_interfaces/msg/parameter_event_descriptors.hpp
[8.858s] -- Up-to-date symlink: /home/ubuntu/microros_ws/install/rcl_interfaces/include/rcl_interfaces/rcl_interfaces/msg/parameter_type.hpp
[8.860s] -- Up-to-date symlink: /home/ubuntu/microros_ws/install/rcl_interfaces/include/rcl_interfaces/rcl_interfaces/msg/parameter_value.hpp
[8.863s] -- Up-to-date symlink: /home/ubuntu/microros_ws/install/rcl_interfaces/include/rcl_interfaces/rcl_interfaces/msg/set_parameters_result.hpp
[8.866s] -- Up-to-date symlink: /home/ubuntu/microros_ws/install/rcl_interfaces/include/rcl_interfaces/rcl_interfaces/srv/describe_parameters.hpp
[8.869s] -- Up-to-date symlink: /home/ubuntu/microros_ws/install/rcl_interfaces/include/rcl_interfaces/rcl_interfaces/srv/detail/describe_parameters__builder.hpp
[8.871s] -- Up-to-date symlink: /home/ubuntu/microros_ws/install/rcl_interfaces/include/rcl_interfaces/rcl_interfaces/srv/detail/describe_parameters__struct.hpp
[8.874s] -- Up-to-date symlink: /home/ubuntu/microros_ws/install/rcl_interfaces/include/rcl_interfaces/rcl_interfaces/srv/detail/describe_parameters__traits.hpp
[8.876s] -- Up-to-date symlink: /home/ubuntu/microros_ws/install/rcl_interfaces/include/rcl_interfaces/rcl_interfaces/srv/detail/get_parameter_types__builder.hpp
[8.879s] -- Up-to-date symlink: /home/ubuntu/microros_ws/install/rcl_interfaces/include/rcl_interfaces/rcl_interfaces/srv/detail/get_parameter_types__struct.hpp
[8.881s] -- Up-to-date symlink: /home/ubuntu/microros_ws/install/rcl_interfaces/include/rcl_interfaces/rcl_interfaces/srv/detail/get_parameter_types__traits.hpp
[8.884s] -- Up-to-date symlink: /home/ubuntu/microros_ws/install/rcl_interfaces/include/rcl_interfaces/rcl_interfaces/srv/detail/get_parameters__builder.hpp
[8.885s] -- Up-to-date symlink: /home/ubuntu/microros_ws/install/rcl_interfaces/include/rcl_interfaces/rcl_interfaces/srv/detail/get_parameters__struct.hpp
[8.886s] -- Up-to-date symlink: /home/ubuntu/microros_ws/install/rcl_interfaces/include/rcl_interfaces/rcl_interfaces/srv/detail/get_parameters__traits.hpp
[8.888s] -- Up-to-date symlink: /home/ubuntu/microros_ws/install/rcl_interfaces/include/rcl_interfaces/rcl_interfaces/srv/detail/list_parameters__builder.hpp
[8.889s] -- Up-to-date symlink: /home/ubuntu/microros_ws/install/rcl_interfaces/include/rcl_interfaces/rcl_interfaces/srv/detail/list_parameters__struct.hpp
[8.890s] -- Up-to-date symlink: /home/ubuntu/microros_ws/install/rcl_interfaces/include/rcl_interfaces/rcl_interfaces/srv/detail/list_parameters__traits.hpp
[8.892s] -- Up-to-date symlink: /home/ubuntu/microros_ws/install/rcl_interfaces/include/rcl_interfaces/rcl_interfaces/srv/detail/set_parameters__builder.hpp
[8.893s] -- Up-to-date symlink: /home/ubuntu/microros_ws/install/rcl_interfaces/include/rcl_interfaces/rcl_interfaces/srv/detail/set_parameters__struct.hpp
[8.894s] -- Up-to-date symlink: /home/ubuntu/microros_ws/install/rcl_interfaces/include/rcl_interfaces/rcl_interfaces/srv/detail/set_parameters__traits.hpp
[8.896s] -- Up-to-date symlink: /home/ubuntu/microros_ws/install/rcl_interfaces/include/rcl_interfaces/rcl_interfaces/srv/detail/set_parameters_atomically__builder.hpp
[8.897s] -- Up-to-date symlink: /home/ubuntu/microros_ws/install/rcl_interfaces/include/rcl_interfaces/rcl_interfaces/srv/detail/set_parameters_atomically__struct.hpp
[8.898s] -- Up-to-date symlink: /home/ubuntu/microros_ws/install/rcl_interfaces/include/rcl_interfaces/rcl_interfaces/srv/detail/set_parameters_atomically__traits.hpp
[8.900s] -- Up-to-date symlink: /home/ubuntu/microros_ws/install/rcl_interfaces/include/rcl_interfaces/rcl_interfaces/srv/get_parameter_types.hpp
[8.901s] -- Up-to-date symlink: /home/ubuntu/microros_ws/install/rcl_interfaces/include/rcl_interfaces/rcl_interfaces/srv/get_parameters.hpp
[8.902s] -- Up-to-date symlink: /home/ubuntu/microros_ws/install/rcl_interfaces/include/rcl_interfaces/rcl_interfaces/srv/list_parameters.hpp
[8.904s] -- Up-to-date symlink: /home/ubuntu/microros_ws/install/rcl_interfaces/include/rcl_interfaces/rcl_interfaces/srv/set_parameters.hpp
[8.905s] -- Up-to-date symlink: /home/ubuntu/microros_ws/install/rcl_interfaces/include/rcl_interfaces/rcl_interfaces/srv/set_parameters_atomically.hpp
[8.943s] -- Up-to-date symlink: /home/ubuntu/microros_ws/install/rcl_interfaces/include/rcl_interfaces/rcl_interfaces/msg/detail/floating_point_range__rosidl_typesupport_fastrtps_cpp.hpp
[8.944s] -- Up-to-date symlink: /home/ubuntu/microros_ws/install/rcl_interfaces/include/rcl_interfaces/rcl_interfaces/msg/detail/integer_range__rosidl_typesupport_fastrtps_cpp.hpp
[8.947s] -- Up-to-date symlink: /home/ubuntu/microros_ws/install/rcl_interfaces/include/rcl_interfaces/rcl_interfaces/msg/detail/list_parameters_result__rosidl_typesupport_fastrtps_cpp.hpp
[8.948s] -- Up-to-date symlink: /home/ubuntu/microros_ws/install/rcl_interfaces/include/rcl_interfaces/rcl_interfaces/msg/detail/log__rosidl_typesupport_fastrtps_cpp.hpp
[8.949s] -- Up-to-date symlink: /home/ubuntu/microros_ws/install/rcl_interfaces/include/rcl_interfaces/rcl_interfaces/msg/detail/parameter__rosidl_typesupport_fastrtps_cpp.hpp
[8.951s] -- Up-to-date symlink: /home/ubuntu/microros_ws/install/rcl_interfaces/include/rcl_interfaces/rcl_interfaces/msg/detail/parameter_descriptor__rosidl_typesupport_fastrtps_cpp.hpp
[8.952s] -- Up-to-date symlink: /home/ubuntu/microros_ws/install/rcl_interfaces/include/rcl_interfaces/rcl_interfaces/msg/detail/parameter_event__rosidl_typesupport_fastrtps_cpp.hpp
[8.953s] -- Up-to-date symlink: /home/ubuntu/microros_ws/install/rcl_interfaces/include/rcl_interfaces/rcl_interfaces/msg/detail/parameter_event_descriptors__rosidl_typesupport_fastrtps_cpp.hpp
[8.954s] -- Up-to-date symlink: /home/ubuntu/microros_ws/install/rcl_interfaces/include/rcl_interfaces/rcl_interfaces/msg/detail/parameter_type__rosidl_typesupport_fastrtps_cpp.hpp
[8.956s] -- Up-to-date symlink: /home/ubuntu/microros_ws/install/rcl_interfaces/include/rcl_interfaces/rcl_interfaces/msg/detail/parameter_value__rosidl_typesupport_fastrtps_cpp.hpp
[8.957s] -- Up-to-date symlink: /home/ubuntu/microros_ws/install/rcl_interfaces/include/rcl_interfaces/rcl_interfaces/msg/detail/set_parameters_result__rosidl_typesupport_fastrtps_cpp.hpp
[8.958s] -- Up-to-date symlink: /home/ubuntu/microros_ws/install/rcl_interfaces/include/rcl_interfaces/rcl_interfaces/msg/rosidl_typesupport_fastrtps_cpp__visibility_control.h
[8.959s] -- Up-to-date symlink: /home/ubuntu/microros_ws/install/rcl_interfaces/include/rcl_interfaces/rcl_interfaces/srv/detail/describe_parameters__rosidl_typesupport_fastrtps_cpp.hpp
[8.961s] -- Up-to-date symlink: /home/ubuntu/microros_ws/install/rcl_interfaces/include/rcl_interfaces/rcl_interfaces/srv/detail/get_parameter_types__rosidl_typesupport_fastrtps_cpp.hpp
[8.962s] -- Up-to-date symlink: /home/ubuntu/microros_ws/install/rcl_interfaces/include/rcl_interfaces/rcl_interfaces/srv/detail/get_parameters__rosidl_typesupport_fastrtps_cpp.hpp
[8.963s] -- Up-to-date symlink: /home/ubuntu/microros_ws/install/rcl_interfaces/include/rcl_interfaces/rcl_interfaces/srv/detail/list_parameters__rosidl_typesupport_fastrtps_cpp.hpp
[8.965s] -- Up-to-date symlink: /home/ubuntu/microros_ws/install/rcl_interfaces/include/rcl_interfaces/rcl_interfaces/srv/detail/set_parameters__rosidl_typesupport_fastrtps_cpp.hpp
[8.966s] -- Up-to-date symlink: /home/ubuntu/microros_ws/install/rcl_interfaces/include/rcl_interfaces/rcl_interfaces/srv/detail/set_parameters_atomically__rosidl_typesupport_fastrtps_cpp.hpp
[8.971s] -- Up-to-date symlink: /home/ubuntu/microros_ws/install/rcl_interfaces/include/rcl_interfaces/rcl_interfaces/msg/detail/floating_point_range__rosidl_typesupport_introspection_cpp.hpp
[8.973s] -- Up-to-date symlink: /home/ubuntu/microros_ws/install/rcl_interfaces/include/rcl_interfaces/rcl_interfaces/msg/detail/integer_range__rosidl_typesupport_introspection_cpp.hpp
[8.974s] -- Up-to-date symlink: /home/ubuntu/microros_ws/install/rcl_interfaces/include/rcl_interfaces/rcl_interfaces/msg/detail/list_parameters_result__rosidl_typesupport_introspection_cpp.hpp
[8.975s] -- Up-to-date symlink: /home/ubuntu/microros_ws/install/rcl_interfaces/include/rcl_interfaces/rcl_interfaces/msg/detail/log__rosidl_typesupport_introspection_cpp.hpp
[8.976s] -- Up-to-date symlink: /home/ubuntu/microros_ws/install/rcl_interfaces/include/rcl_interfaces/rcl_interfaces/msg/detail/parameter__rosidl_typesupport_introspection_cpp.hpp
[8.977s] -- Up-to-date symlink: /home/ubuntu/microros_ws/install/rcl_interfaces/include/rcl_interfaces/rcl_interfaces/msg/detail/parameter_descriptor__rosidl_typesupport_introspection_cpp.hpp
[8.979s] -- Up-to-date symlink: /home/ubuntu/microros_ws/install/rcl_interfaces/include/rcl_interfaces/rcl_interfaces/msg/detail/parameter_event__rosidl_typesupport_introspection_cpp.hpp
[8.980s] -- Up-to-date symlink: /home/ubuntu/microros_ws/install/rcl_interfaces/include/rcl_interfaces/rcl_interfaces/msg/detail/parameter_event_descriptors__rosidl_typesupport_introspection_cpp.hpp
[8.982s] -- Up-to-date symlink: /home/ubuntu/microros_ws/install/rcl_interfaces/include/rcl_interfaces/rcl_interfaces/msg/detail/parameter_type__rosidl_typesupport_introspection_cpp.hpp
[8.982s] -- Up-to-date symlink: /home/ubuntu/microros_ws/install/rcl_interfaces/include/rcl_interfaces/rcl_interfaces/msg/detail/parameter_value__rosidl_typesupport_introspection_cpp.hpp
[8.984s] -- Up-to-date symlink: /home/ubuntu/microros_ws/install/rcl_interfaces/include/rcl_interfaces/rcl_interfaces/msg/detail/set_parameters_result__rosidl_typesupport_introspection_cpp.hpp
[8.985s] -- Up-to-date symlink: /home/ubuntu/microros_ws/install/rcl_interfaces/include/rcl_interfaces/rcl_interfaces/srv/detail/describe_parameters__rosidl_typesupport_introspection_cpp.hpp
[8.986s] -- Up-to-date symlink: /home/ubuntu/microros_ws/install/rcl_interfaces/include/rcl_interfaces/rcl_interfaces/srv/detail/get_parameter_types__rosidl_typesupport_introspection_cpp.hpp
[8.988s] -- Up-to-date symlink: /home/ubuntu/microros_ws/install/rcl_interfaces/include/rcl_interfaces/rcl_interfaces/srv/detail/get_parameters__rosidl_typesupport_introspection_cpp.hpp
[8.989s] -- Up-to-date symlink: /home/ubuntu/microros_ws/install/rcl_interfaces/include/rcl_interfaces/rcl_interfaces/srv/detail/list_parameters__rosidl_typesupport_introspection_cpp.hpp
[8.990s] -- Up-to-date symlink: /home/ubuntu/microros_ws/install/rcl_interfaces/include/rcl_interfaces/rcl_interfaces/srv/detail/set_parameters__rosidl_typesupport_introspection_cpp.hpp
[8.991s] -- Up-to-date symlink: /home/ubuntu/microros_ws/install/rcl_interfaces/include/rcl_interfaces/rcl_interfaces/srv/detail/set_parameters_atomically__rosidl_typesupport_introspection_cpp.hpp
[8.993s] -- Up-to-date symlink: /home/ubuntu/microros_ws/install/rcl_interfaces/share/rcl_interfaces/environment/pythonpath.sh
[8.994s] -- Up-to-date symlink: /home/ubuntu/microros_ws/install/rcl_interfaces/share/rcl_interfaces/environment/pythonpath.dsv
[8.996s] -- Up-to-date symlink: /home/ubuntu/microros_ws/install/rcl_interfaces/local/lib/python3.10/dist-packages/rcl_interfaces-1.2.1-py3.10.egg-info/PKG-INFO
[9.000s] -- Up-to-date symlink: /home/ubuntu/microros_ws/install/rcl_interfaces/local/lib/python3.10/dist-packages/rcl_interfaces-1.2.1-py3.10.egg-info/SOURCES.txt
[9.000s] -- Up-to-date symlink: /home/ubuntu/microros_ws/install/rcl_interfaces/local/lib/python3.10/dist-packages/rcl_interfaces-1.2.1-py3.10.egg-info/dependency_links.txt
[9.001s] -- Up-to-date symlink: /home/ubuntu/microros_ws/install/rcl_interfaces/local/lib/python3.10/dist-packages/rcl_interfaces-1.2.1-py3.10.egg-info/top_level.txt
[9.014s] -- Up-to-date symlink: /home/ubuntu/microros_ws/install/rcl_interfaces/local/lib/python3.10/dist-packages/rcl_interfaces/__init__.py
[9.043s] -- Up-to-date symlink: /home/ubuntu/microros_ws/install/rcl_interfaces/local/lib/python3.10/dist-packages/rcl_interfaces/_rcl_interfaces_s.ep.rosidl_typesupport_c.c
[9.044s] -- Up-to-date symlink: /home/ubuntu/microros_ws/install/rcl_interfaces/local/lib/python3.10/dist-packages/rcl_interfaces/_rcl_interfaces_s.ep.rosidl_typesupport_fastrtps_c.c
[9.051s] -- Up-to-date symlink: /home/ubuntu/microros_ws/install/rcl_interfaces/local/lib/python3.10/dist-packages/rcl_interfaces/_rcl_interfaces_s.ep.rosidl_typesupport_introspection_c.c
[9.052s] -- Up-to-date symlink: /home/ubuntu/microros_ws/install/rcl_interfaces/local/lib/python3.10/dist-packages/rcl_interfaces/_rcl_interfaces_s.ep.rosidl_typesupport_microxrcedds_c.c
[9.053s] -- Up-to-date symlink: /home/ubuntu/microros_ws/install/rcl_interfaces/local/lib/python3.10/dist-packages/rcl_interfaces/librcl_interfaces__rosidl_generator_py.so
[9.054s] -- Up-to-date symlink: /home/ubuntu/microros_ws/install/rcl_interfaces/local/lib/python3.10/dist-packages/rcl_interfaces/msg/__init__.py
[9.055s] -- Up-to-date symlink: /home/ubuntu/microros_ws/install/rcl_interfaces/local/lib/python3.10/dist-packages/rcl_interfaces/msg/_floating_point_range.py
[9.057s] -- Up-to-date symlink: /home/ubuntu/microros_ws/install/rcl_interfaces/local/lib/python3.10/dist-packages/rcl_interfaces/msg/_floating_point_range_s.c
[9.058s] -- Up-to-date symlink: /home/ubuntu/microros_ws/install/rcl_interfaces/local/lib/python3.10/dist-packages/rcl_interfaces/msg/_integer_range.py
[9.059s] -- Up-to-date symlink: /home/ubuntu/microros_ws/install/rcl_interfaces/local/lib/python3.10/dist-packages/rcl_interfaces/msg/_integer_range_s.c
[9.060s] -- Up-to-date symlink: /home/ubuntu/microros_ws/install/rcl_interfaces/local/lib/python3.10/dist-packages/rcl_interfaces/msg/_list_parameters_result.py
[9.069s] -- Up-to-date symlink: /home/ubuntu/microros_ws/install/rcl_interfaces/local/lib/python3.10/dist-packages/rcl_interfaces/msg/_list_parameters_result_s.c
[9.070s] -- Up-to-date symlink: /home/ubuntu/microros_ws/install/rcl_interfaces/local/lib/python3.10/dist-packages/rcl_interfaces/msg/_log.py
[9.071s] -- Up-to-date symlink: /home/ubuntu/microros_ws/install/rcl_interfaces/local/lib/python3.10/dist-packages/rcl_interfaces/msg/_log_s.c
[9.072s] -- Up-to-date symlink: /home/ubuntu/microros_ws/install/rcl_interfaces/local/lib/python3.10/dist-packages/rcl_interfaces/msg/_parameter.py
[9.073s] -- Up-to-date symlink: /home/ubuntu/microros_ws/install/rcl_interfaces/local/lib/python3.10/dist-packages/rcl_interfaces/msg/_parameter_descriptor.py
[9.074s] -- Up-to-date symlink: /home/ubuntu/microros_ws/install/rcl_interfaces/local/lib/python3.10/dist-packages/rcl_interfaces/msg/_parameter_descriptor_s.c
[9.075s] -- Up-to-date symlink: /home/ubuntu/microros_ws/install/rcl_interfaces/local/lib/python3.10/dist-packages/rcl_interfaces/msg/_parameter_event.py
[9.076s] -- Up-to-date symlink: /home/ubuntu/microros_ws/install/rcl_interfaces/local/lib/python3.10/dist-packages/rcl_interfaces/msg/_parameter_event_descriptors.py
[9.077s] -- Up-to-date symlink: /home/ubuntu/microros_ws/install/rcl_interfaces/local/lib/python3.10/dist-packages/rcl_interfaces/msg/_parameter_event_descriptors_s.c
[9.078s] -- Up-to-date symlink: /home/ubuntu/microros_ws/install/rcl_interfaces/local/lib/python3.10/dist-packages/rcl_interfaces/msg/_parameter_event_s.c
[9.079s] -- Up-to-date symlink: /home/ubuntu/microros_ws/install/rcl_interfaces/local/lib/python3.10/dist-packages/rcl_interfaces/msg/_parameter_s.c
[9.081s] -- Up-to-date symlink: /home/ubuntu/microros_ws/install/rcl_interfaces/local/lib/python3.10/dist-packages/rcl_interfaces/msg/_parameter_type.py
[9.082s] -- Up-to-date symlink: /home/ubuntu/microros_ws/install/rcl_interfaces/local/lib/python3.10/dist-packages/rcl_interfaces/msg/_parameter_type_s.c
[9.082s] -- Up-to-date symlink: /home/ubuntu/microros_ws/install/rcl_interfaces/local/lib/python3.10/dist-packages/rcl_interfaces/msg/_parameter_value.py
[9.084s] -- Up-to-date symlink: /home/ubuntu/microros_ws/install/rcl_interfaces/local/lib/python3.10/dist-packages/rcl_interfaces/msg/_parameter_value_s.c
[9.085s] -- Up-to-date symlink: /home/ubuntu/microros_ws/install/rcl_interfaces/local/lib/python3.10/dist-packages/rcl_interfaces/msg/_set_parameters_result.py
[9.087s] -- Up-to-date symlink: /home/ubuntu/microros_ws/install/rcl_interfaces/local/lib/python3.10/dist-packages/rcl_interfaces/msg/_set_parameters_result_s.c
[9.088s] -- Up-to-date symlink: /home/ubuntu/microros_ws/install/rcl_interfaces/local/lib/python3.10/dist-packages/rcl_interfaces/rcl_interfaces_s__rosidl_typesupport_c.cpython-310-aarch64-linux-gnu.so
[9.089s] -- Up-to-date symlink: /home/ubuntu/microros_ws/install/rcl_interfaces/local/lib/python3.10/dist-packages/rcl_interfaces/rcl_interfaces_s__rosidl_typesupport_fastrtps_c.cpython-310-aarch64-linux-gnu.so
[9.091s] -- Up-to-date symlink: /home/ubuntu/microros_ws/install/rcl_interfaces/local/lib/python3.10/dist-packages/rcl_interfaces/rcl_interfaces_s__rosidl_typesupport_introspection_c.cpython-310-aarch64-linux-gnu.so
[9.096s] -- Up-to-date symlink: /home/ubuntu/microros_ws/install/rcl_interfaces/local/lib/python3.10/dist-packages/rcl_interfaces/rcl_interfaces_s__rosidl_typesupport_microxrcedds_c.cpython-310-aarch64-linux-gnu.so
[9.099s] -- Up-to-date symlink: /home/ubuntu/microros_ws/install/rcl_interfaces/local/lib/python3.10/dist-packages/rcl_interfaces/srv/__init__.py
[9.100s] -- Up-to-date symlink: /home/ubuntu/microros_ws/install/rcl_interfaces/local/lib/python3.10/dist-packages/rcl_interfaces/srv/_describe_parameters.py
[9.101s] -- Up-to-date symlink: /home/ubuntu/microros_ws/install/rcl_interfaces/local/lib/python3.10/dist-packages/rcl_interfaces/srv/_describe_parameters_s.c
[9.102s] -- Up-to-date symlink: /home/ubuntu/microros_ws/install/rcl_interfaces/local/lib/python3.10/dist-packages/rcl_interfaces/srv/_get_parameter_types.py
[9.102s] -- Up-to-date symlink: /home/ubuntu/microros_ws/install/rcl_interfaces/local/lib/python3.10/dist-packages/rcl_interfaces/srv/_get_parameter_types_s.c
[9.107s] -- Up-to-date symlink: /home/ubuntu/microros_ws/install/rcl_interfaces/local/lib/python3.10/dist-packages/rcl_interfaces/srv/_get_parameters.py
[9.108s] -- Up-to-date symlink: /home/ubuntu/microros_ws/install/rcl_interfaces/local/lib/python3.10/dist-packages/rcl_interfaces/srv/_get_parameters_s.c
[9.108s] -- Up-to-date symlink: /home/ubuntu/microros_ws/install/rcl_interfaces/local/lib/python3.10/dist-packages/rcl_interfaces/srv/_list_parameters.py
[9.109s] -- Up-to-date symlink: /home/ubuntu/microros_ws/install/rcl_interfaces/local/lib/python3.10/dist-packages/rcl_interfaces/srv/_list_parameters_s.c
[9.112s] -- Up-to-date symlink: /home/ubuntu/microros_ws/install/rcl_interfaces/local/lib/python3.10/dist-packages/rcl_interfaces/srv/_set_parameters.py
[9.112s] -- Up-to-date symlink: /home/ubuntu/microros_ws/install/rcl_interfaces/local/lib/python3.10/dist-packages/rcl_interfaces/srv/_set_parameters_atomically.py
[9.124s] -- Up-to-date symlink: /home/ubuntu/microros_ws/install/rcl_interfaces/local/lib/python3.10/dist-packages/rcl_interfaces/srv/_set_parameters_atomically_s.c
[9.126s] -- Up-to-date symlink: /home/ubuntu/microros_ws/install/rcl_interfaces/local/lib/python3.10/dist-packages/rcl_interfaces/srv/_set_parameters_s.c
[9.128s] -- Up-to-date symlink: /home/ubuntu/microros_ws/install/rcl_interfaces/local/lib/python3.10/dist-packages/rcl_interfaces/rcl_interfaces_s__rosidl_typesupport_fastrtps_c.cpython-310-aarch64-linux-gnu.so
[9.129s] -- Up-to-date symlink: /home/ubuntu/microros_ws/install/rcl_interfaces/local/lib/python3.10/dist-packages/rcl_interfaces/rcl_interfaces_s__rosidl_typesupport_introspection_c.cpython-310-aarch64-linux-gnu.so
[9.129s] -- Up-to-date symlink: /home/ubuntu/microros_ws/install/rcl_interfaces/local/lib/python3.10/dist-packages/rcl_interfaces/rcl_interfaces_s__rosidl_typesupport_c.cpython-310-aarch64-linux-gnu.so
[9.141s] -- Up-to-date symlink: /home/ubuntu/microros_ws/install/rcl_interfaces/share/rcl_interfaces/msg/FloatingPointRange.idl
[9.142s] -- Up-to-date symlink: /home/ubuntu/microros_ws/install/rcl_interfaces/share/rcl_interfaces/msg/IntegerRange.idl
[9.143s] -- Up-to-date symlink: /home/ubuntu/microros_ws/install/rcl_interfaces/share/rcl_interfaces/msg/ListParametersResult.idl
[9.145s] -- Up-to-date symlink: /home/ubuntu/microros_ws/install/rcl_interfaces/share/rcl_interfaces/msg/Log.idl
[9.147s] -- Up-to-date symlink: /home/ubuntu/microros_ws/install/rcl_interfaces/share/rcl_interfaces/msg/ParameterDescriptor.idl
[9.148s] -- Up-to-date symlink: /home/ubuntu/microros_ws/install/rcl_interfaces/share/rcl_interfaces/msg/ParameterEventDescriptors.idl
[9.149s] -- Up-to-date symlink: /home/ubuntu/microros_ws/install/rcl_interfaces/share/rcl_interfaces/msg/ParameterEvent.idl
[9.151s] -- Up-to-date symlink: /home/ubuntu/microros_ws/install/rcl_interfaces/share/rcl_interfaces/msg/Parameter.idl
[9.152s] -- Up-to-date symlink: /home/ubuntu/microros_ws/install/rcl_interfaces/share/rcl_interfaces/msg/ParameterType.idl
[9.153s] -- Up-to-date symlink: /home/ubuntu/microros_ws/install/rcl_interfaces/share/rcl_interfaces/msg/ParameterValue.idl
[9.154s] -- Up-to-date symlink: /home/ubuntu/microros_ws/install/rcl_interfaces/share/rcl_interfaces/msg/SetParametersResult.idl
[9.156s] -- Up-to-date symlink: /home/ubuntu/microros_ws/install/rcl_interfaces/share/rcl_interfaces/srv/DescribeParameters.idl
[9.157s] -- Up-to-date symlink: /home/ubuntu/microros_ws/install/rcl_interfaces/share/rcl_interfaces/srv/GetParameters.idl
[9.159s] -- Up-to-date symlink: /home/ubuntu/microros_ws/install/rcl_interfaces/share/rcl_interfaces/srv/GetParameterTypes.idl
[9.159s] -- Up-to-date symlink: /home/ubuntu/microros_ws/install/rcl_interfaces/share/rcl_interfaces/srv/ListParameters.idl
[9.161s] -- Up-to-date symlink: /home/ubuntu/microros_ws/install/rcl_interfaces/share/rcl_interfaces/srv/SetParametersAtomically.idl
[9.162s] -- Up-to-date symlink: /home/ubuntu/microros_ws/install/rcl_interfaces/share/rcl_interfaces/srv/SetParameters.idl
[9.164s] -- Up-to-date symlink: /home/ubuntu/microros_ws/install/rcl_interfaces/share/rcl_interfaces/msg/FloatingPointRange.msg
[9.165s] -- Up-to-date symlink: /home/ubuntu/microros_ws/install/rcl_interfaces/share/rcl_interfaces/msg/IntegerRange.msg
[9.166s] -- Up-to-date symlink: /home/ubuntu/microros_ws/install/rcl_interfaces/share/rcl_interfaces/msg/ListParametersResult.msg
[9.168s] -- Up-to-date symlink: /home/ubuntu/microros_ws/install/rcl_interfaces/share/rcl_interfaces/msg/Log.msg
[9.170s] -- Up-to-date symlink: /home/ubuntu/microros_ws/install/rcl_interfaces/share/rcl_interfaces/msg/ParameterDescriptor.msg
[9.171s] -- Up-to-date symlink: /home/ubuntu/microros_ws/install/rcl_interfaces/share/rcl_interfaces/msg/ParameterEventDescriptors.msg
[9.173s] -- Up-to-date symlink: /home/ubuntu/microros_ws/install/rcl_interfaces/share/rcl_interfaces/msg/ParameterEvent.msg
[9.174s] -- Up-to-date symlink: /home/ubuntu/microros_ws/install/rcl_interfaces/share/rcl_interfaces/msg/Parameter.msg
[9.175s] -- Up-to-date symlink: /home/ubuntu/microros_ws/install/rcl_interfaces/share/rcl_interfaces/msg/ParameterType.msg
[9.176s] -- Up-to-date symlink: /home/ubuntu/microros_ws/install/rcl_interfaces/share/rcl_interfaces/msg/ParameterValue.msg
[9.178s] -- Up-to-date symlink: /home/ubuntu/microros_ws/install/rcl_interfaces/share/rcl_interfaces/msg/SetParametersResult.msg
[9.179s] -- Up-to-date symlink: /home/ubuntu/microros_ws/install/rcl_interfaces/share/rcl_interfaces/srv/DescribeParameters.srv
[9.181s] -- Up-to-date symlink: /home/ubuntu/microros_ws/install/rcl_interfaces/share/rcl_interfaces/srv/DescribeParameters_Request.msg
[9.182s] -- Up-to-date symlink: /home/ubuntu/microros_ws/install/rcl_interfaces/share/rcl_interfaces/srv/DescribeParameters_Response.msg
[9.183s] -- Up-to-date symlink: /home/ubuntu/microros_ws/install/rcl_interfaces/share/rcl_interfaces/srv/GetParameters.srv
[9.185s] -- Up-to-date symlink: /home/ubuntu/microros_ws/install/rcl_interfaces/share/rcl_interfaces/srv/GetParameters_Request.msg
[9.186s] -- Up-to-date symlink: /home/ubuntu/microros_ws/install/rcl_interfaces/share/rcl_interfaces/srv/GetParameters_Response.msg
[9.187s] -- Up-to-date symlink: /home/ubuntu/microros_ws/install/rcl_interfaces/share/rcl_interfaces/srv/GetParameterTypes.srv
[9.189s] -- Up-to-date symlink: /home/ubuntu/microros_ws/install/rcl_interfaces/share/rcl_interfaces/srv/GetParameterTypes_Request.msg
[9.190s] -- Up-to-date symlink: /home/ubuntu/microros_ws/install/rcl_interfaces/share/rcl_interfaces/srv/GetParameterTypes_Response.msg
[9.192s] -- Up-to-date symlink: /home/ubuntu/microros_ws/install/rcl_interfaces/share/rcl_interfaces/srv/ListParameters.srv
[9.193s] -- Up-to-date symlink: /home/ubuntu/microros_ws/install/rcl_interfaces/share/rcl_interfaces/srv/ListParameters_Request.msg
[9.194s] -- Up-to-date symlink: /home/ubuntu/microros_ws/install/rcl_interfaces/share/rcl_interfaces/srv/ListParameters_Response.msg
[9.196s] -- Up-to-date symlink: /home/ubuntu/microros_ws/install/rcl_interfaces/share/rcl_interfaces/srv/SetParametersAtomically.srv
[9.198s] -- Up-to-date symlink: /home/ubuntu/microros_ws/install/rcl_interfaces/share/rcl_interfaces/srv/SetParametersAtomically_Request.msg
[9.199s] -- Up-to-date symlink: /home/ubuntu/microros_ws/install/rcl_interfaces/share/rcl_interfaces/srv/SetParametersAtomically_Response.msg
[9.202s] -- Up-to-date symlink: /home/ubuntu/microros_ws/install/rcl_interfaces/share/rcl_interfaces/srv/SetParameters.srv
[9.203s] -- Up-to-date symlink: /home/ubuntu/microros_ws/install/rcl_interfaces/share/rcl_interfaces/srv/SetParameters_Request.msg
[9.204s] -- Up-to-date symlink: /home/ubuntu/microros_ws/install/rcl_interfaces/share/rcl_interfaces/srv/SetParameters_Response.msg
[9.206s] -- Up-to-date symlink: /home/ubuntu/microros_ws/install/rcl_interfaces/share/rcl_interfaces/mapping_rules.yaml
[9.207s] -- Up-to-date symlink: /home/ubuntu/microros_ws/install/rcl_interfaces/share/ament_index/resource_index/package_run_dependencies/rcl_interfaces
[9.209s] -- Up-to-date symlink: /home/ubuntu/microros_ws/install/rcl_interfaces/share/ament_index/resource_index/parent_prefix_path/rcl_interfaces
[9.211s] -- Up-to-date symlink: /home/ubuntu/microros_ws/install/rcl_interfaces/share/rcl_interfaces/environment/ament_prefix_path.sh
[9.212s] -- Up-to-date symlink: /home/ubuntu/microros_ws/install/rcl_interfaces/share/rcl_interfaces/environment/ament_prefix_path.dsv
[9.214s] -- Up-to-date symlink: /home/ubuntu/microros_ws/install/rcl_interfaces/share/rcl_interfaces/environment/path.sh
[9.215s] -- Up-to-date symlink: /home/ubuntu/microros_ws/install/rcl_interfaces/share/rcl_interfaces/environment/path.dsv
[9.242s] -- Up-to-date symlink: /home/ubuntu/microros_ws/install/rcl_interfaces/share/rcl_interfaces/local_setup.bash
[9.244s] -- Up-to-date symlink: /home/ubuntu/microros_ws/install/rcl_interfaces/share/rcl_interfaces/local_setup.sh
[9.246s] -- Up-to-date symlink: /home/ubuntu/microros_ws/install/rcl_interfaces/share/rcl_interfaces/local_setup.zsh
[9.247s] -- Up-to-date symlink: /home/ubuntu/microros_ws/install/rcl_interfaces/share/rcl_interfaces/local_setup.dsv
[9.249s] -- Symlinking: /home/ubuntu/microros_ws/install/rcl_interfaces/share/rcl_interfaces/package.dsv
[9.293s] -- Up-to-date symlink: /home/ubuntu/microros_ws/install/rcl_interfaces/share/ament_index/resource_index/packages/rcl_interfaces
[9.295s] -- Up-to-date symlink: /home/ubuntu/microros_ws/install/rcl_interfaces/share/rcl_interfaces/cmake/rosidl_cmake-extras.cmake
[9.296s] -- Up-to-date symlink: /home/ubuntu/microros_ws/install/rcl_interfaces/share/rcl_interfaces/cmake/ament_cmake_export_dependencies-extras.cmake
[9.298s] -- Up-to-date symlink: /home/ubuntu/microros_ws/install/rcl_interfaces/share/rcl_interfaces/cmake/ament_cmake_export_include_directories-extras.cmake
[9.298s] -- Up-to-date symlink: /home/ubuntu/microros_ws/install/rcl_interfaces/share/rcl_interfaces/cmake/ament_cmake_export_libraries-extras.cmake
[9.301s] -- Up-to-date symlink: /home/ubuntu/microros_ws/install/rcl_interfaces/share/rcl_interfaces/cmake/ament_cmake_export_targets-extras.cmake
[9.302s] -- Up-to-date symlink: /home/ubuntu/microros_ws/install/rcl_interfaces/share/rcl_interfaces/cmake/rosidl_cmake_export_typesupport_targets-extras.cmake
[9.305s] -- Up-to-date symlink: /home/ubuntu/microros_ws/install/rcl_interfaces/share/rcl_interfaces/cmake/rosidl_cmake_export_typesupport_libraries-extras.cmake
[9.306s] -- Up-to-date symlink: /home/ubuntu/microros_ws/install/rcl_interfaces/share/rcl_interfaces/cmake/rcl_interfacesConfig.cmake
[9.307s] -- Up-to-date symlink: /home/ubuntu/microros_ws/install/rcl_interfaces/share/rcl_interfaces/cmake/rcl_interfacesConfig-version.cmake
[9.310s] -- Up-to-date symlink: /home/ubuntu/microros_ws/install/rcl_interfaces/share/rcl_interfaces/package.xml
[9.313s] -- Up-to-date: /home/ubuntu/microros_ws/install/rcl_interfaces/lib/librcl_interfaces__rosidl_generator_c.so
[9.317s] -- Up-to-date: /home/ubuntu/microros_ws/install/rcl_interfaces/lib/librcl_interfaces__rosidl_typesupport_fastrtps_c.so
[9.321s] -- Up-to-date: /home/ubuntu/microros_ws/install/rcl_interfaces/lib/librcl_interfaces__rosidl_typesupport_introspection_c.so
[9.325s] -- Up-to-date: /home/ubuntu/microros_ws/install/rcl_interfaces/lib/librcl_interfaces__rosidl_typesupport_c.so
[9.339s] -- Up-to-date: /home/ubuntu/microros_ws/install/rcl_interfaces/lib/librcl_interfaces__rosidl_typesupport_fastrtps_cpp.so
[9.343s] -- Up-to-date: /home/ubuntu/microros_ws/install/rcl_interfaces/lib/librcl_interfaces__rosidl_typesupport_introspection_cpp.so
[9.346s] -- Up-to-date: /home/ubuntu/microros_ws/install/rcl_interfaces/lib/librcl_interfaces__rosidl_typesupport_cpp.so
[9.588s] Listing '/home/ubuntu/microros_ws/install/rcl_interfaces/local/lib/python3.10/dist-packages/rcl_interfaces'...
[9.590s] Listing '/home/ubuntu/microros_ws/install/rcl_interfaces/local/lib/python3.10/dist-packages/rcl_interfaces/msg'...
[9.592s] Listing '/home/ubuntu/microros_ws/install/rcl_interfaces/local/lib/python3.10/dist-packages/rcl_interfaces/srv'...
[9.624s] -- Up-to-date: /home/ubuntu/microros_ws/install/rcl_interfaces/lib/librcl_interfaces__rosidl_generator_py.so
[9.627s] -- Up-to-date: /home/ubuntu/microros_ws/install/rcl_interfaces/share/rcl_interfaces/cmake/export_rcl_interfaces__rosidl_generator_cExport.cmake
[9.628s] -- Up-to-date: /home/ubuntu/microros_ws/install/rcl_interfaces/share/rcl_interfaces/cmake/export_rcl_interfaces__rosidl_generator_cExport-noconfig.cmake
[9.630s] -- Up-to-date: /home/ubuntu/microros_ws/install/rcl_interfaces/share/rcl_interfaces/cmake/export_rcl_interfaces__rosidl_typesupport_fastrtps_cExport.cmake
[9.633s] -- Up-to-date: /home/ubuntu/microros_ws/install/rcl_interfaces/share/rcl_interfaces/cmake/export_rcl_interfaces__rosidl_typesupport_fastrtps_cExport-noconfig.cmake
[9.635s] -- Up-to-date: /home/ubuntu/microros_ws/install/rcl_interfaces/share/rcl_interfaces/cmake/rcl_interfaces__rosidl_typesupport_introspection_cExport.cmake
[9.643s] -- Up-to-date: /home/ubuntu/microros_ws/install/rcl_interfaces/share/rcl_interfaces/cmake/rcl_interfaces__rosidl_typesupport_introspection_cExport-noconfig.cmake
[9.644s] -- Up-to-date: /home/ubuntu/microros_ws/install/rcl_interfaces/share/rcl_interfaces/cmake/rcl_interfaces__rosidl_typesupport_cExport.cmake
[9.645s] -- Up-to-date: /home/ubuntu/microros_ws/install/rcl_interfaces/share/rcl_interfaces/cmake/rcl_interfaces__rosidl_typesupport_cExport-noconfig.cmake
[9.647s] -- Up-to-date: /home/ubuntu/microros_ws/install/rcl_interfaces/share/rcl_interfaces/cmake/export_rcl_interfaces__rosidl_generator_cppExport.cmake
[9.650s] -- Up-to-date: /home/ubuntu/microros_ws/install/rcl_interfaces/share/rcl_interfaces/cmake/export_rcl_interfaces__rosidl_typesupport_fastrtps_cppExport.cmake
[9.658s] -- Up-to-date: /home/ubuntu/microros_ws/install/rcl_interfaces/share/rcl_interfaces/cmake/export_rcl_interfaces__rosidl_typesupport_fastrtps_cppExport-noconfig.cmake
[9.660s] -- Up-to-date: /home/ubuntu/microros_ws/install/rcl_interfaces/share/rcl_interfaces/cmake/rcl_interfaces__rosidl_typesupport_introspection_cppExport.cmake
[9.661s] -- Up-to-date: /home/ubuntu/microros_ws/install/rcl_interfaces/share/rcl_interfaces/cmake/rcl_interfaces__rosidl_typesupport_introspection_cppExport-noconfig.cmake
[9.662s] -- Up-to-date: /home/ubuntu/microros_ws/install/rcl_interfaces/share/rcl_interfaces/cmake/rcl_interfaces__rosidl_typesupport_cppExport.cmake
[9.663s] -- Up-to-date: /home/ubuntu/microros_ws/install/rcl_interfaces/share/rcl_interfaces/cmake/rcl_interfaces__rosidl_typesupport_cppExport-noconfig.cmake
[9.663s] -- Up-to-date: /home/ubuntu/microros_ws/install/rcl_interfaces/share/rcl_interfaces/cmake/export_rcl_interfaces__rosidl_generator_pyExport.cmake
[9.664s] -- Up-to-date: /home/ubuntu/microros_ws/install/rcl_interfaces/share/rcl_interfaces/cmake/export_rcl_interfaces__rosidl_generator_pyExport-noconfig.cmake
[9.680s] Invoked command in '/home/ubuntu/microros_ws/build/rcl_interfaces' returned '0': AMENT_PREFIX_PATH=/home/ubuntu/microros_ws/install/builtin_interfaces:${AMENT_PREFIX_PATH} CMAKE_PREFIX_PATH=/home/ubuntu/microros_ws/install/builtin_interfaces:/opt/ros/humble LD_LIBRARY_PATH=/home/ubuntu/microros_ws/install/builtin_interfaces/lib:${LD_LIBRARY_PATH} PYTHONPATH=/home/ubuntu/microros_ws/install/builtin_interfaces/local/lib/python3.10/dist-packages:${PYTHONPATH} /usr/bin/cmake --install /home/ubuntu/microros_ws/build/rcl_interfaces
