[0.172s] Invoking command in '/home/ubuntu/microros_ws/build/rosidl_typesupport_microxrcedds_c': CMAKE_PREFIX_PATH=/home/ubuntu/microros_ws/install/microcdr:/opt/ros/humble LD_LIBRARY_PATH=/home/ubuntu/microros_ws/install/microcdr/lib:${LD_LIBRARY_PATH} /usr/bin/cmake --build /home/ubuntu/microros_ws/build/rosidl_typesupport_microxrcedds_c -- -j4 -l4
[0.793s] [  0%] Built target ament_cmake_python_symlink_rosidl_typesupport_microxrcedds_c
[0.813s] [100%] Built target rosidl_typesupport_microxrcedds_c
[3.235s] running egg_info
[3.240s] writing rosidl_typesupport_microxrcedds_c.egg-info/PKG-INFO
[3.241s] writing dependency_links to rosidl_typesupport_microxrcedds_c.egg-info/dependency_links.txt
[3.244s] writing top-level names to rosidl_typesupport_microxrcedds_c.egg-info/top_level.txt
[3.269s] reading manifest file 'rosidl_typesupport_microxrcedds_c.egg-info/SOURCES.txt'
[3.270s] writing manifest file 'rosidl_typesupport_microxrcedds_c.egg-info/SOURCES.txt'
[3.434s] [100%] Built target ament_cmake_python_build_rosidl_typesupport_microxrcedds_c_egg
[3.492s] Invoked command in '/home/ubuntu/microros_ws/build/rosidl_typesupport_microxrcedds_c' returned '0': CMAKE_PREFIX_PATH=/home/ubuntu/microros_ws/install/microcdr:/opt/ros/humble LD_LIBRARY_PATH=/home/ubuntu/microros_ws/install/microcdr/lib:${LD_LIBRARY_PATH} /usr/bin/cmake --build /home/ubuntu/microros_ws/build/rosidl_typesupport_microxrcedds_c -- -j4 -l4
[3.782s] Invoking command in '/home/ubuntu/microros_ws/build/rosidl_typesupport_microxrcedds_c': CMAKE_PREFIX_PATH=/home/ubuntu/microros_ws/install/microcdr:/opt/ros/humble LD_LIBRARY_PATH=/home/ubuntu/microros_ws/install/microcdr/lib:${LD_LIBRARY_PATH} /usr/bin/cmake --install /home/ubuntu/microros_ws/build/rosidl_typesupport_microxrcedds_c
[3.816s] -- Install configuration: ""
[3.818s] -- Execute custom install script
[3.820s] -- Up-to-date symlink: /home/ubuntu/microros_ws/install/rosidl_typesupport_microxrcedds_c/share/rosidl_typesupport_microxrcedds_c/environment/pythonpath.sh
[3.824s] -- Up-to-date symlink: /home/ubuntu/microros_ws/install/rosidl_typesupport_microxrcedds_c/share/rosidl_typesupport_microxrcedds_c/environment/pythonpath.dsv
[3.826s] -- Up-to-date symlink: /home/ubuntu/microros_ws/install/rosidl_typesupport_microxrcedds_c/local/lib/python3.10/dist-packages/rosidl_typesupport_microxrcedds_c-3.0.1-py3.10.egg-info/PKG-INFO
[3.828s] -- Up-to-date symlink: /home/ubuntu/microros_ws/install/rosidl_typesupport_microxrcedds_c/local/lib/python3.10/dist-packages/rosidl_typesupport_microxrcedds_c-3.0.1-py3.10.egg-info/SOURCES.txt
[3.830s] -- Up-to-date symlink: /home/ubuntu/microros_ws/install/rosidl_typesupport_microxrcedds_c/local/lib/python3.10/dist-packages/rosidl_typesupport_microxrcedds_c-3.0.1-py3.10.egg-info/dependency_links.txt
[3.834s] -- Up-to-date symlink: /home/ubuntu/microros_ws/install/rosidl_typesupport_microxrcedds_c/local/lib/python3.10/dist-packages/rosidl_typesupport_microxrcedds_c-3.0.1-py3.10.egg-info/top_level.txt
[3.836s] -- Up-to-date symlink: /home/ubuntu/microros_ws/install/rosidl_typesupport_microxrcedds_c/local/lib/python3.10/dist-packages/rosidl_typesupport_microxrcedds_c/__init__.py
[3.837s] -- Up-to-date symlink: /home/ubuntu/microros_ws/install/rosidl_typesupport_microxrcedds_c/share/rosidl_typesupport_microxrcedds_c/environment/library_path.sh
[3.839s] -- Up-to-date symlink: /home/ubuntu/microros_ws/install/rosidl_typesupport_microxrcedds_c/share/rosidl_typesupport_microxrcedds_c/environment/library_path.dsv
[3.841s] -- Up-to-date symlink: /home/ubuntu/microros_ws/install/rosidl_typesupport_microxrcedds_c/share/ament_index/resource_index/rosidl_typesupport_c/rosidl_typesupport_microxrcedds_c
[3.843s] -- Up-to-date symlink: /home/ubuntu/microros_ws/install/rosidl_typesupport_microxrcedds_c/share/ament_index/resource_index/package_run_dependencies/rosidl_typesupport_microxrcedds_c
[3.844s] -- Up-to-date symlink: /home/ubuntu/microros_ws/install/rosidl_typesupport_microxrcedds_c/share/ament_index/resource_index/parent_prefix_path/rosidl_typesupport_microxrcedds_c
[3.846s] -- Up-to-date symlink: /home/ubuntu/microros_ws/install/rosidl_typesupport_microxrcedds_c/share/rosidl_typesupport_microxrcedds_c/environment/ament_prefix_path.sh
[3.848s] -- Up-to-date symlink: /home/ubuntu/microros_ws/install/rosidl_typesupport_microxrcedds_c/share/rosidl_typesupport_microxrcedds_c/environment/ament_prefix_path.dsv
[3.851s] -- Up-to-date symlink: /home/ubuntu/microros_ws/install/rosidl_typesupport_microxrcedds_c/share/rosidl_typesupport_microxrcedds_c/environment/path.sh
[3.853s] -- Up-to-date symlink: /home/ubuntu/microros_ws/install/rosidl_typesupport_microxrcedds_c/share/rosidl_typesupport_microxrcedds_c/environment/path.dsv
[3.854s] -- Up-to-date symlink: /home/ubuntu/microros_ws/install/rosidl_typesupport_microxrcedds_c/share/rosidl_typesupport_microxrcedds_c/local_setup.bash
[3.855s] -- Up-to-date symlink: /home/ubuntu/microros_ws/install/rosidl_typesupport_microxrcedds_c/share/rosidl_typesupport_microxrcedds_c/local_setup.sh
[3.857s] -- Up-to-date symlink: /home/ubuntu/microros_ws/install/rosidl_typesupport_microxrcedds_c/share/rosidl_typesupport_microxrcedds_c/local_setup.zsh
[3.859s] -- Up-to-date symlink: /home/ubuntu/microros_ws/install/rosidl_typesupport_microxrcedds_c/share/rosidl_typesupport_microxrcedds_c/local_setup.dsv
[3.870s] -- Symlinking: /home/ubuntu/microros_ws/install/rosidl_typesupport_microxrcedds_c/share/rosidl_typesupport_microxrcedds_c/package.dsv
[3.916s] -- Up-to-date symlink: /home/ubuntu/microros_ws/install/rosidl_typesupport_microxrcedds_c/share/ament_index/resource_index/packages/rosidl_typesupport_microxrcedds_c
[3.919s] -- Up-to-date symlink: /home/ubuntu/microros_ws/install/rosidl_typesupport_microxrcedds_c/share/rosidl_typesupport_microxrcedds_c/cmake/rosidl_typesupport_microxrcedds_c-extras.cmake
[3.922s] -- Up-to-date symlink: /home/ubuntu/microros_ws/install/rosidl_typesupport_microxrcedds_c/share/rosidl_typesupport_microxrcedds_c/cmake/ament_cmake_export_dependencies-extras.cmake
[3.925s] -- Up-to-date symlink: /home/ubuntu/microros_ws/install/rosidl_typesupport_microxrcedds_c/share/rosidl_typesupport_microxrcedds_c/cmake/ament_cmake_export_include_directories-extras.cmake
[3.928s] -- Up-to-date symlink: /home/ubuntu/microros_ws/install/rosidl_typesupport_microxrcedds_c/share/rosidl_typesupport_microxrcedds_c/cmake/ament_cmake_export_libraries-extras.cmake
[3.930s] -- Up-to-date symlink: /home/ubuntu/microros_ws/install/rosidl_typesupport_microxrcedds_c/share/rosidl_typesupport_microxrcedds_c/cmake/ament_cmake_export_targets-extras.cmake
[3.933s] -- Up-to-date symlink: /home/ubuntu/microros_ws/install/rosidl_typesupport_microxrcedds_c/share/rosidl_typesupport_microxrcedds_c/cmake/rosidl_typesupport_microxrcedds_cConfig.cmake
[3.936s] -- Up-to-date symlink: /home/ubuntu/microros_ws/install/rosidl_typesupport_microxrcedds_c/share/rosidl_typesupport_microxrcedds_c/cmake/rosidl_typesupport_microxrcedds_cConfig-version.cmake
[3.938s] -- Up-to-date symlink: /home/ubuntu/microros_ws/install/rosidl_typesupport_microxrcedds_c/share/rosidl_typesupport_microxrcedds_c/package.xml
[3.941s] -- Up-to-date symlink: /home/ubuntu/microros_ws/install/rosidl_typesupport_microxrcedds_c/lib/rosidl_typesupport_microxrcedds_c/rosidl_typesupport_microxrcedds_c
[3.945s] -- Up-to-date symlink: /home/ubuntu/microros_ws/install/rosidl_typesupport_microxrcedds_c/share/rosidl_typesupport_microxrcedds_c/cmake/rosidl_typesupport_microxrcedds_c_generate_interfaces.cmake
[3.949s] -- Up-to-date symlink: /home/ubuntu/microros_ws/install/rosidl_typesupport_microxrcedds_c/share/rosidl_typesupport_microxrcedds_c/resource/idl__rosidl_typesupport_microxrcedds_c.h.em
[3.954s] -- Up-to-date symlink: /home/ubuntu/microros_ws/install/rosidl_typesupport_microxrcedds_c/share/rosidl_typesupport_microxrcedds_c/resource/idl__type_support_c.c.em
[3.957s] -- Up-to-date symlink: /home/ubuntu/microros_ws/install/rosidl_typesupport_microxrcedds_c/share/rosidl_typesupport_microxrcedds_c/resource/msg__rosidl_typesupport_microxrcedds_c.h.em
[3.961s] -- Up-to-date symlink: /home/ubuntu/microros_ws/install/rosidl_typesupport_microxrcedds_c/share/rosidl_typesupport_microxrcedds_c/resource/msg__type_support_c.c.em
[3.966s] -- Up-to-date symlink: /home/ubuntu/microros_ws/install/rosidl_typesupport_microxrcedds_c/share/rosidl_typesupport_microxrcedds_c/resource/rosidl_typesupport_microxrcedds_c__visibility_control.h.in
[3.975s] -- Up-to-date symlink: /home/ubuntu/microros_ws/install/rosidl_typesupport_microxrcedds_c/share/rosidl_typesupport_microxrcedds_c/resource/srv__rosidl_typesupport_microxrcedds_c.h.em
[3.978s] -- Up-to-date symlink: /home/ubuntu/microros_ws/install/rosidl_typesupport_microxrcedds_c/share/rosidl_typesupport_microxrcedds_c/resource/srv__type_support_c.c.em
[3.984s] -- Up-to-date symlink: /home/ubuntu/microros_ws/install/rosidl_typesupport_microxrcedds_c/include/rosidl_typesupport_microxrcedds_c/identifier.h
[3.986s] -- Up-to-date symlink: /home/ubuntu/microros_ws/install/rosidl_typesupport_microxrcedds_c/include/rosidl_typesupport_microxrcedds_c/message_type_support.h
[3.989s] -- Up-to-date symlink: /home/ubuntu/microros_ws/install/rosidl_typesupport_microxrcedds_c/include/rosidl_typesupport_microxrcedds_c/service_type_support.h
[3.992s] -- Up-to-date symlink: /home/ubuntu/microros_ws/install/rosidl_typesupport_microxrcedds_c/include/rosidl_typesupport_microxrcedds_c/visibility_control.h
[4.322s] Listing '/home/ubuntu/microros_ws/install/rosidl_typesupport_microxrcedds_c/local/lib/python3.10/dist-packages/rosidl_typesupport_microxrcedds_c'...
[4.433s] -- Up-to-date: /home/ubuntu/microros_ws/install/rosidl_typesupport_microxrcedds_c/share/rosidl_typesupport_microxrcedds_c/cmake/rosidl_typesupport_microxrcedds_cExport.cmake
[4.433s] -- Up-to-date: /home/ubuntu/microros_ws/install/rosidl_typesupport_microxrcedds_c/share/rosidl_typesupport_microxrcedds_c/cmake/rosidl_typesupport_microxrcedds_cExport-noconfig.cmake
[4.434s] -- Up-to-date: /home/ubuntu/microros_ws/install/rosidl_typesupport_microxrcedds_c/lib/librosidl_typesupport_microxrcedds_c.so
[4.557s] Invoked command in '/home/ubuntu/microros_ws/build/rosidl_typesupport_microxrcedds_c' returned '0': CMAKE_PREFIX_PATH=/home/ubuntu/microros_ws/install/microcdr:/opt/ros/humble LD_LIBRARY_PATH=/home/ubuntu/microros_ws/install/microcdr/lib:${LD_LIBRARY_PATH} /usr/bin/cmake --install /home/ubuntu/microros_ws/build/rosidl_typesupport_microxrcedds_c
