[0.142s] Invoking command in '/home/ubuntu/microros_ws/build/actionlib_msgs': AMENT_PREFIX_PATH=/home/ubuntu/microros_ws/install/std_msgs:/home/ubuntu/microros_ws/install/builtin_interfaces:${AMENT_PREFIX_PATH} CMAKE_PREFIX_PATH=/home/ubuntu/microros_ws/install/std_msgs:/home/ubuntu/microros_ws/install/builtin_interfaces:/opt/ros/humble LD_LIBRARY_PATH=/home/ubuntu/microros_ws/install/std_msgs/lib:/home/ubuntu/microros_ws/install/builtin_interfaces/lib:${LD_LIBRARY_PATH} PYTHONPATH=/home/ubuntu/microros_ws/install/std_msgs/local/lib/python3.10/dist-packages:/home/ubuntu/microros_ws/install/builtin_interfaces/local/lib/python3.10/dist-packages:${PYTHONPATH} /usr/bin/cmake --build /home/ubuntu/microros_ws/build/actionlib_msgs -- -j4 -l4
[0.440s] [  2%] Built target actionlib_msgs__cpp
[0.614s] [  2%] Built target ament_cmake_python_symlink_actionlib_msgs
[0.779s] [ 12%] Built target actionlib_msgs__rosidl_typesupport_fastrtps_cpp
[0.896s] [ 23%] Built target actionlib_msgs__rosidl_typesupport_introspection_cpp
[2.620s] running egg_info
[2.624s] writing actionlib_msgs.egg-info/PKG-INFO
[2.626s] writing dependency_links to actionlib_msgs.egg-info/dependency_links.txt
[2.627s] writing top-level names to actionlib_msgs.egg-info/top_level.txt
[2.643s] reading manifest file 'actionlib_msgs.egg-info/SOURCES.txt'
[2.647s] writing manifest file 'actionlib_msgs.egg-info/SOURCES.txt'
[2.822s] [ 23%] Built target ament_cmake_python_build_actionlib_msgs_egg
[2.959s] [ 34%] Built target actionlib_msgs__rosidl_typesupport_cpp
[3.084s] [ 44%] Built target actionlib_msgs__rosidl_generator_c
[3.198s] [ 55%] Built target actionlib_msgs__rosidl_typesupport_fastrtps_c
[3.303s] [ 65%] Built target actionlib_msgs__rosidl_typesupport_c
[3.411s] [ 76%] Built target actionlib_msgs__rosidl_typesupport_introspection_c
[3.509s] [ 76%] Built target actionlib_msgs
[3.609s] [ 78%] Built target actionlib_msgs__py
[3.719s] [ 87%] Built target actionlib_msgs__rosidl_generator_py
[3.830s] [ 91%] Built target actionlib_msgs__rosidl_typesupport_fastrtps_c__pyext
[3.958s] [ 95%] Built target actionlib_msgs__rosidl_typesupport_c__pyext
[4.086s] [100%] Built target actionlib_msgs__rosidl_typesupport_introspection_c__pyext
[4.168s] Invoked command in '/home/ubuntu/microros_ws/build/actionlib_msgs' returned '0': AMENT_PREFIX_PATH=/home/ubuntu/microros_ws/install/std_msgs:/home/ubuntu/microros_ws/install/builtin_interfaces:${AMENT_PREFIX_PATH} CMAKE_PREFIX_PATH=/home/ubuntu/microros_ws/install/std_msgs:/home/ubuntu/microros_ws/install/builtin_interfaces:/opt/ros/humble LD_LIBRARY_PATH=/home/ubuntu/microros_ws/install/std_msgs/lib:/home/ubuntu/microros_ws/install/builtin_interfaces/lib:${LD_LIBRARY_PATH} PYTHONPATH=/home/ubuntu/microros_ws/install/std_msgs/local/lib/python3.10/dist-packages:/home/ubuntu/microros_ws/install/builtin_interfaces/local/lib/python3.10/dist-packages:${PYTHONPATH} /usr/bin/cmake --build /home/ubuntu/microros_ws/build/actionlib_msgs -- -j4 -l4
[5.418s] Invoking command in '/home/ubuntu/microros_ws/build/actionlib_msgs': AMENT_PREFIX_PATH=/home/ubuntu/microros_ws/install/std_msgs:/home/ubuntu/microros_ws/install/builtin_interfaces:${AMENT_PREFIX_PATH} CMAKE_PREFIX_PATH=/home/ubuntu/microros_ws/install/std_msgs:/home/ubuntu/microros_ws/install/builtin_interfaces:/opt/ros/humble LD_LIBRARY_PATH=/home/ubuntu/microros_ws/install/std_msgs/lib:/home/ubuntu/microros_ws/install/builtin_interfaces/lib:${LD_LIBRARY_PATH} PYTHONPATH=/home/ubuntu/microros_ws/install/std_msgs/local/lib/python3.10/dist-packages:/home/ubuntu/microros_ws/install/builtin_interfaces/local/lib/python3.10/dist-packages:${PYTHONPATH} /usr/bin/cmake --install /home/ubuntu/microros_ws/build/actionlib_msgs
[5.457s] -- Install configuration: ""
[5.461s] -- Execute custom install script
[5.463s] -- Up-to-date symlink: /home/ubuntu/microros_ws/install/actionlib_msgs/share/ament_index/resource_index/rosidl_interfaces/actionlib_msgs
[5.467s] -- Up-to-date symlink: /home/ubuntu/microros_ws/install/actionlib_msgs/include/actionlib_msgs/actionlib_msgs/msg/detail/goal_id__functions.h
[5.468s] -- Up-to-date symlink: /home/ubuntu/microros_ws/install/actionlib_msgs/include/actionlib_msgs/actionlib_msgs/msg/detail/goal_id__struct.h
[5.469s] -- Up-to-date symlink: /home/ubuntu/microros_ws/install/actionlib_msgs/include/actionlib_msgs/actionlib_msgs/msg/detail/goal_id__type_support.h
[5.470s] -- Up-to-date symlink: /home/ubuntu/microros_ws/install/actionlib_msgs/include/actionlib_msgs/actionlib_msgs/msg/detail/goal_status__functions.h
[5.473s] -- Up-to-date symlink: /home/ubuntu/microros_ws/install/actionlib_msgs/include/actionlib_msgs/actionlib_msgs/msg/detail/goal_status__struct.h
[5.474s] -- Up-to-date symlink: /home/ubuntu/microros_ws/install/actionlib_msgs/include/actionlib_msgs/actionlib_msgs/msg/detail/goal_status__type_support.h
[5.475s] -- Up-to-date symlink: /home/ubuntu/microros_ws/install/actionlib_msgs/include/actionlib_msgs/actionlib_msgs/msg/detail/goal_status_array__functions.h
[5.477s] -- Up-to-date symlink: /home/ubuntu/microros_ws/install/actionlib_msgs/include/actionlib_msgs/actionlib_msgs/msg/detail/goal_status_array__struct.h
[5.479s] -- Up-to-date symlink: /home/ubuntu/microros_ws/install/actionlib_msgs/include/actionlib_msgs/actionlib_msgs/msg/detail/goal_status_array__type_support.h
[5.480s] -- Up-to-date symlink: /home/ubuntu/microros_ws/install/actionlib_msgs/include/actionlib_msgs/actionlib_msgs/msg/goal_id.h
[5.483s] -- Up-to-date symlink: /home/ubuntu/microros_ws/install/actionlib_msgs/include/actionlib_msgs/actionlib_msgs/msg/goal_status.h
[5.485s] -- Up-to-date symlink: /home/ubuntu/microros_ws/install/actionlib_msgs/include/actionlib_msgs/actionlib_msgs/msg/goal_status_array.h
[5.486s] -- Up-to-date symlink: /home/ubuntu/microros_ws/install/actionlib_msgs/include/actionlib_msgs/actionlib_msgs/msg/rosidl_generator_c__visibility_control.h
[5.488s] -- Up-to-date symlink: /home/ubuntu/microros_ws/install/actionlib_msgs/share/actionlib_msgs/environment/library_path.sh
[5.489s] -- Up-to-date symlink: /home/ubuntu/microros_ws/install/actionlib_msgs/share/actionlib_msgs/environment/library_path.dsv
[5.494s] -- Up-to-date symlink: /home/ubuntu/microros_ws/install/actionlib_msgs/include/actionlib_msgs/actionlib_msgs/msg/detail/goal_id__rosidl_typesupport_fastrtps_c.h
[5.496s] -- Up-to-date symlink: /home/ubuntu/microros_ws/install/actionlib_msgs/include/actionlib_msgs/actionlib_msgs/msg/detail/goal_status__rosidl_typesupport_fastrtps_c.h
[5.497s] -- Up-to-date symlink: /home/ubuntu/microros_ws/install/actionlib_msgs/include/actionlib_msgs/actionlib_msgs/msg/detail/goal_status_array__rosidl_typesupport_fastrtps_c.h
[5.499s] -- Up-to-date symlink: /home/ubuntu/microros_ws/install/actionlib_msgs/include/actionlib_msgs/actionlib_msgs/msg/rosidl_typesupport_fastrtps_c__visibility_control.h
[5.502s] -- Up-to-date symlink: /home/ubuntu/microros_ws/install/actionlib_msgs/include/actionlib_msgs/actionlib_msgs/msg/detail/goal_id__builder.hpp
[5.503s] -- Up-to-date symlink: /home/ubuntu/microros_ws/install/actionlib_msgs/include/actionlib_msgs/actionlib_msgs/msg/detail/goal_id__struct.hpp
[5.505s] -- Up-to-date symlink: /home/ubuntu/microros_ws/install/actionlib_msgs/include/actionlib_msgs/actionlib_msgs/msg/detail/goal_id__traits.hpp
[5.507s] -- Up-to-date symlink: /home/ubuntu/microros_ws/install/actionlib_msgs/include/actionlib_msgs/actionlib_msgs/msg/detail/goal_status__builder.hpp
[5.508s] -- Up-to-date symlink: /home/ubuntu/microros_ws/install/actionlib_msgs/include/actionlib_msgs/actionlib_msgs/msg/detail/goal_status__struct.hpp
[5.510s] -- Up-to-date symlink: /home/ubuntu/microros_ws/install/actionlib_msgs/include/actionlib_msgs/actionlib_msgs/msg/detail/goal_status__traits.hpp
[5.511s] -- Up-to-date symlink: /home/ubuntu/microros_ws/install/actionlib_msgs/include/actionlib_msgs/actionlib_msgs/msg/detail/goal_status_array__builder.hpp
[5.513s] -- Up-to-date symlink: /home/ubuntu/microros_ws/install/actionlib_msgs/include/actionlib_msgs/actionlib_msgs/msg/detail/goal_status_array__struct.hpp
[5.514s] -- Up-to-date symlink: /home/ubuntu/microros_ws/install/actionlib_msgs/include/actionlib_msgs/actionlib_msgs/msg/detail/goal_status_array__traits.hpp
[5.516s] -- Up-to-date symlink: /home/ubuntu/microros_ws/install/actionlib_msgs/include/actionlib_msgs/actionlib_msgs/msg/goal_id.hpp
[5.517s] -- Up-to-date symlink: /home/ubuntu/microros_ws/install/actionlib_msgs/include/actionlib_msgs/actionlib_msgs/msg/goal_status.hpp
[5.519s] -- Up-to-date symlink: /home/ubuntu/microros_ws/install/actionlib_msgs/include/actionlib_msgs/actionlib_msgs/msg/goal_status_array.hpp
[5.524s] -- Up-to-date symlink: /home/ubuntu/microros_ws/install/actionlib_msgs/include/actionlib_msgs/actionlib_msgs/msg/detail/goal_id__rosidl_typesupport_fastrtps_cpp.hpp
[5.526s] -- Up-to-date symlink: /home/ubuntu/microros_ws/install/actionlib_msgs/include/actionlib_msgs/actionlib_msgs/msg/detail/goal_status__rosidl_typesupport_fastrtps_cpp.hpp
[5.528s] -- Up-to-date symlink: /home/ubuntu/microros_ws/install/actionlib_msgs/include/actionlib_msgs/actionlib_msgs/msg/detail/goal_status_array__rosidl_typesupport_fastrtps_cpp.hpp
[5.529s] -- Up-to-date symlink: /home/ubuntu/microros_ws/install/actionlib_msgs/include/actionlib_msgs/actionlib_msgs/msg/rosidl_typesupport_fastrtps_cpp__visibility_control.h
[5.533s] -- Up-to-date symlink: /home/ubuntu/microros_ws/install/actionlib_msgs/include/actionlib_msgs/actionlib_msgs/msg/detail/goal_id__rosidl_typesupport_introspection_c.h
[5.535s] -- Up-to-date symlink: /home/ubuntu/microros_ws/install/actionlib_msgs/include/actionlib_msgs/actionlib_msgs/msg/detail/goal_status__rosidl_typesupport_introspection_c.h
[5.536s] -- Up-to-date symlink: /home/ubuntu/microros_ws/install/actionlib_msgs/include/actionlib_msgs/actionlib_msgs/msg/detail/goal_status_array__rosidl_typesupport_introspection_c.h
[5.538s] -- Up-to-date symlink: /home/ubuntu/microros_ws/install/actionlib_msgs/include/actionlib_msgs/actionlib_msgs/msg/rosidl_typesupport_introspection_c__visibility_control.h
[5.541s] -- Up-to-date symlink: /home/ubuntu/microros_ws/install/actionlib_msgs/include/actionlib_msgs/actionlib_msgs/msg/detail/goal_id__rosidl_typesupport_introspection_cpp.hpp
[5.557s] -- Up-to-date symlink: /home/ubuntu/microros_ws/install/actionlib_msgs/include/actionlib_msgs/actionlib_msgs/msg/detail/goal_status__rosidl_typesupport_introspection_cpp.hpp
[5.560s] -- Up-to-date symlink: /home/ubuntu/microros_ws/install/actionlib_msgs/include/actionlib_msgs/actionlib_msgs/msg/detail/goal_status_array__rosidl_typesupport_introspection_cpp.hpp
[5.561s] -- Up-to-date symlink: /home/ubuntu/microros_ws/install/actionlib_msgs/share/actionlib_msgs/environment/pythonpath.sh
[5.561s] -- Up-to-date symlink: /home/ubuntu/microros_ws/install/actionlib_msgs/share/actionlib_msgs/environment/pythonpath.dsv
[5.562s] -- Up-to-date symlink: /home/ubuntu/microros_ws/install/actionlib_msgs/local/lib/python3.10/dist-packages/actionlib_msgs-4.2.4-py3.10.egg-info/PKG-INFO
[5.562s] -- Up-to-date symlink: /home/ubuntu/microros_ws/install/actionlib_msgs/local/lib/python3.10/dist-packages/actionlib_msgs-4.2.4-py3.10.egg-info/SOURCES.txt
[5.563s] -- Up-to-date symlink: /home/ubuntu/microros_ws/install/actionlib_msgs/local/lib/python3.10/dist-packages/actionlib_msgs-4.2.4-py3.10.egg-info/dependency_links.txt
[5.563s] -- Up-to-date symlink: /home/ubuntu/microros_ws/install/actionlib_msgs/local/lib/python3.10/dist-packages/actionlib_msgs-4.2.4-py3.10.egg-info/top_level.txt
[5.569s] -- Up-to-date symlink: /home/ubuntu/microros_ws/install/actionlib_msgs/local/lib/python3.10/dist-packages/actionlib_msgs/__init__.py
[5.570s] -- Up-to-date symlink: /home/ubuntu/microros_ws/install/actionlib_msgs/local/lib/python3.10/dist-packages/actionlib_msgs/_actionlib_msgs_s.ep.rosidl_typesupport_c.c
[5.572s] -- Up-to-date symlink: /home/ubuntu/microros_ws/install/actionlib_msgs/local/lib/python3.10/dist-packages/actionlib_msgs/_actionlib_msgs_s.ep.rosidl_typesupport_fastrtps_c.c
[5.574s] -- Up-to-date symlink: /home/ubuntu/microros_ws/install/actionlib_msgs/local/lib/python3.10/dist-packages/actionlib_msgs/_actionlib_msgs_s.ep.rosidl_typesupport_introspection_c.c
[5.575s] -- Up-to-date symlink: /home/ubuntu/microros_ws/install/actionlib_msgs/local/lib/python3.10/dist-packages/actionlib_msgs/_actionlib_msgs_s.ep.rosidl_typesupport_microxrcedds_c.c
[5.576s] -- Up-to-date symlink: /home/ubuntu/microros_ws/install/actionlib_msgs/local/lib/python3.10/dist-packages/actionlib_msgs/actionlib_msgs_s__rosidl_typesupport_c.cpython-310-aarch64-linux-gnu.so
[5.578s] -- Up-to-date symlink: /home/ubuntu/microros_ws/install/actionlib_msgs/local/lib/python3.10/dist-packages/actionlib_msgs/actionlib_msgs_s__rosidl_typesupport_fastrtps_c.cpython-310-aarch64-linux-gnu.so
[5.583s] -- Up-to-date symlink: /home/ubuntu/microros_ws/install/actionlib_msgs/local/lib/python3.10/dist-packages/actionlib_msgs/actionlib_msgs_s__rosidl_typesupport_introspection_c.cpython-310-aarch64-linux-gnu.so
[5.584s] -- Up-to-date symlink: /home/ubuntu/microros_ws/install/actionlib_msgs/local/lib/python3.10/dist-packages/actionlib_msgs/actionlib_msgs_s__rosidl_typesupport_microxrcedds_c.cpython-310-aarch64-linux-gnu.so
[5.586s] -- Up-to-date symlink: /home/ubuntu/microros_ws/install/actionlib_msgs/local/lib/python3.10/dist-packages/actionlib_msgs/libactionlib_msgs__rosidl_generator_py.so
[5.587s] -- Up-to-date symlink: /home/ubuntu/microros_ws/install/actionlib_msgs/local/lib/python3.10/dist-packages/actionlib_msgs/msg/__init__.py
[5.589s] -- Up-to-date symlink: /home/ubuntu/microros_ws/install/actionlib_msgs/local/lib/python3.10/dist-packages/actionlib_msgs/msg/_goal_id.py
[5.590s] -- Up-to-date symlink: /home/ubuntu/microros_ws/install/actionlib_msgs/local/lib/python3.10/dist-packages/actionlib_msgs/msg/_goal_id_s.c
[5.593s] -- Up-to-date symlink: /home/ubuntu/microros_ws/install/actionlib_msgs/local/lib/python3.10/dist-packages/actionlib_msgs/msg/_goal_status.py
[5.595s] -- Up-to-date symlink: /home/ubuntu/microros_ws/install/actionlib_msgs/local/lib/python3.10/dist-packages/actionlib_msgs/msg/_goal_status_array.py
[5.597s] -- Up-to-date symlink: /home/ubuntu/microros_ws/install/actionlib_msgs/local/lib/python3.10/dist-packages/actionlib_msgs/msg/_goal_status_array_s.c
[5.598s] -- Up-to-date symlink: /home/ubuntu/microros_ws/install/actionlib_msgs/local/lib/python3.10/dist-packages/actionlib_msgs/msg/_goal_status_s.c
[5.601s] -- Up-to-date symlink: /home/ubuntu/microros_ws/install/actionlib_msgs/local/lib/python3.10/dist-packages/actionlib_msgs/actionlib_msgs_s__rosidl_typesupport_fastrtps_c.cpython-310-aarch64-linux-gnu.so
[5.603s] -- Up-to-date symlink: /home/ubuntu/microros_ws/install/actionlib_msgs/local/lib/python3.10/dist-packages/actionlib_msgs/actionlib_msgs_s__rosidl_typesupport_introspection_c.cpython-310-aarch64-linux-gnu.so
[5.606s] -- Up-to-date symlink: /home/ubuntu/microros_ws/install/actionlib_msgs/local/lib/python3.10/dist-packages/actionlib_msgs/actionlib_msgs_s__rosidl_typesupport_c.cpython-310-aarch64-linux-gnu.so
[5.607s] -- Up-to-date symlink: /home/ubuntu/microros_ws/install/actionlib_msgs/share/actionlib_msgs/msg/GoalID.idl
[5.609s] -- Up-to-date symlink: /home/ubuntu/microros_ws/install/actionlib_msgs/share/actionlib_msgs/msg/GoalStatus.idl
[5.611s] -- Up-to-date symlink: /home/ubuntu/microros_ws/install/actionlib_msgs/share/actionlib_msgs/msg/GoalStatusArray.idl
[5.612s] -- Up-to-date symlink: /home/ubuntu/microros_ws/install/actionlib_msgs/share/actionlib_msgs/msg/GoalID.msg
[5.614s] -- Up-to-date symlink: /home/ubuntu/microros_ws/install/actionlib_msgs/share/actionlib_msgs/msg/GoalStatus.msg
[5.615s] -- Up-to-date symlink: /home/ubuntu/microros_ws/install/actionlib_msgs/share/actionlib_msgs/msg/GoalStatusArray.msg
[5.617s] -- Up-to-date symlink: /home/ubuntu/microros_ws/install/actionlib_msgs/share/ament_index/resource_index/package_run_dependencies/actionlib_msgs
[5.619s] -- Up-to-date symlink: /home/ubuntu/microros_ws/install/actionlib_msgs/share/ament_index/resource_index/parent_prefix_path/actionlib_msgs
[5.621s] -- Up-to-date symlink: /home/ubuntu/microros_ws/install/actionlib_msgs/share/actionlib_msgs/environment/ament_prefix_path.sh
[5.622s] -- Up-to-date symlink: /home/ubuntu/microros_ws/install/actionlib_msgs/share/actionlib_msgs/environment/ament_prefix_path.dsv
[5.624s] -- Up-to-date symlink: /home/ubuntu/microros_ws/install/actionlib_msgs/share/actionlib_msgs/environment/path.sh
[5.625s] -- Up-to-date symlink: /home/ubuntu/microros_ws/install/actionlib_msgs/share/actionlib_msgs/environment/path.dsv
[5.627s] -- Up-to-date symlink: /home/ubuntu/microros_ws/install/actionlib_msgs/share/actionlib_msgs/local_setup.bash
[5.628s] -- Up-to-date symlink: /home/ubuntu/microros_ws/install/actionlib_msgs/share/actionlib_msgs/local_setup.sh
[5.630s] -- Up-to-date symlink: /home/ubuntu/microros_ws/install/actionlib_msgs/share/actionlib_msgs/local_setup.zsh
[5.631s] -- Up-to-date symlink: /home/ubuntu/microros_ws/install/actionlib_msgs/share/actionlib_msgs/local_setup.dsv
[5.633s] -- Symlinking: /home/ubuntu/microros_ws/install/actionlib_msgs/share/actionlib_msgs/package.dsv
[5.679s] -- Up-to-date symlink: /home/ubuntu/microros_ws/install/actionlib_msgs/share/ament_index/resource_index/packages/actionlib_msgs
[5.680s] -- Up-to-date symlink: /home/ubuntu/microros_ws/install/actionlib_msgs/share/actionlib_msgs/cmake/rosidl_cmake-extras.cmake
[5.681s] -- Up-to-date symlink: /home/ubuntu/microros_ws/install/actionlib_msgs/share/actionlib_msgs/cmake/ament_cmake_export_dependencies-extras.cmake
[5.684s] -- Up-to-date symlink: /home/ubuntu/microros_ws/install/actionlib_msgs/share/actionlib_msgs/cmake/ament_cmake_export_include_directories-extras.cmake
[5.685s] -- Up-to-date symlink: /home/ubuntu/microros_ws/install/actionlib_msgs/share/actionlib_msgs/cmake/ament_cmake_export_libraries-extras.cmake
[5.687s] -- Up-to-date symlink: /home/ubuntu/microros_ws/install/actionlib_msgs/share/actionlib_msgs/cmake/ament_cmake_export_targets-extras.cmake
[5.688s] -- Up-to-date symlink: /home/ubuntu/microros_ws/install/actionlib_msgs/share/actionlib_msgs/cmake/rosidl_cmake_export_typesupport_targets-extras.cmake
[5.689s] -- Up-to-date symlink: /home/ubuntu/microros_ws/install/actionlib_msgs/share/actionlib_msgs/cmake/rosidl_cmake_export_typesupport_libraries-extras.cmake
[5.691s] -- Up-to-date symlink: /home/ubuntu/microros_ws/install/actionlib_msgs/share/actionlib_msgs/cmake/actionlib_msgsConfig.cmake
[5.692s] -- Up-to-date symlink: /home/ubuntu/microros_ws/install/actionlib_msgs/share/actionlib_msgs/cmake/actionlib_msgsConfig-version.cmake
[5.693s] -- Up-to-date symlink: /home/ubuntu/microros_ws/install/actionlib_msgs/share/actionlib_msgs/package.xml
[5.695s] -- Up-to-date: /home/ubuntu/microros_ws/install/actionlib_msgs/lib/libactionlib_msgs__rosidl_generator_c.so
[5.698s] -- Up-to-date: /home/ubuntu/microros_ws/install/actionlib_msgs/lib/libactionlib_msgs__rosidl_typesupport_fastrtps_c.so
[5.700s] -- Up-to-date: /home/ubuntu/microros_ws/install/actionlib_msgs/lib/libactionlib_msgs__rosidl_typesupport_fastrtps_cpp.so
[5.703s] -- Up-to-date: /home/ubuntu/microros_ws/install/actionlib_msgs/lib/libactionlib_msgs__rosidl_typesupport_introspection_c.so
[5.705s] -- Up-to-date: /home/ubuntu/microros_ws/install/actionlib_msgs/lib/libactionlib_msgs__rosidl_typesupport_c.so
[5.708s] -- Up-to-date: /home/ubuntu/microros_ws/install/actionlib_msgs/lib/libactionlib_msgs__rosidl_typesupport_introspection_cpp.so
[5.710s] -- Up-to-date: /home/ubuntu/microros_ws/install/actionlib_msgs/lib/libactionlib_msgs__rosidl_typesupport_cpp.so
[5.927s] Listing '/home/ubuntu/microros_ws/install/actionlib_msgs/local/lib/python3.10/dist-packages/actionlib_msgs'...
[5.930s] Listing '/home/ubuntu/microros_ws/install/actionlib_msgs/local/lib/python3.10/dist-packages/actionlib_msgs/msg'...
[5.973s] -- Up-to-date: /home/ubuntu/microros_ws/install/actionlib_msgs/lib/libactionlib_msgs__rosidl_generator_py.so
[5.975s] -- Up-to-date: /home/ubuntu/microros_ws/install/actionlib_msgs/share/actionlib_msgs/cmake/export_actionlib_msgs__rosidl_generator_cExport.cmake
[5.976s] -- Up-to-date: /home/ubuntu/microros_ws/install/actionlib_msgs/share/actionlib_msgs/cmake/export_actionlib_msgs__rosidl_generator_cExport-noconfig.cmake
[5.977s] -- Up-to-date: /home/ubuntu/microros_ws/install/actionlib_msgs/share/actionlib_msgs/cmake/export_actionlib_msgs__rosidl_typesupport_fastrtps_cExport.cmake
[5.978s] -- Up-to-date: /home/ubuntu/microros_ws/install/actionlib_msgs/share/actionlib_msgs/cmake/export_actionlib_msgs__rosidl_typesupport_fastrtps_cExport-noconfig.cmake
[5.979s] -- Up-to-date: /home/ubuntu/microros_ws/install/actionlib_msgs/share/actionlib_msgs/cmake/export_actionlib_msgs__rosidl_generator_cppExport.cmake
[5.981s] -- Up-to-date: /home/ubuntu/microros_ws/install/actionlib_msgs/share/actionlib_msgs/cmake/export_actionlib_msgs__rosidl_typesupport_fastrtps_cppExport.cmake
[5.981s] -- Up-to-date: /home/ubuntu/microros_ws/install/actionlib_msgs/share/actionlib_msgs/cmake/export_actionlib_msgs__rosidl_typesupport_fastrtps_cppExport-noconfig.cmake
[5.983s] -- Up-to-date: /home/ubuntu/microros_ws/install/actionlib_msgs/share/actionlib_msgs/cmake/actionlib_msgs__rosidl_typesupport_introspection_cExport.cmake
[5.994s] -- Up-to-date: /home/ubuntu/microros_ws/install/actionlib_msgs/share/actionlib_msgs/cmake/actionlib_msgs__rosidl_typesupport_introspection_cExport-noconfig.cmake
[5.995s] -- Up-to-date: /home/ubuntu/microros_ws/install/actionlib_msgs/share/actionlib_msgs/cmake/actionlib_msgs__rosidl_typesupport_cExport.cmake
[5.996s] -- Up-to-date: /home/ubuntu/microros_ws/install/actionlib_msgs/share/actionlib_msgs/cmake/actionlib_msgs__rosidl_typesupport_cExport-noconfig.cmake
[5.996s] -- Up-to-date: /home/ubuntu/microros_ws/install/actionlib_msgs/share/actionlib_msgs/cmake/actionlib_msgs__rosidl_typesupport_introspection_cppExport.cmake
[5.997s] -- Up-to-date: /home/ubuntu/microros_ws/install/actionlib_msgs/share/actionlib_msgs/cmake/actionlib_msgs__rosidl_typesupport_introspection_cppExport-noconfig.cmake
[6.002s] -- Up-to-date: /home/ubuntu/microros_ws/install/actionlib_msgs/share/actionlib_msgs/cmake/actionlib_msgs__rosidl_typesupport_cppExport.cmake
[6.003s] -- Up-to-date: /home/ubuntu/microros_ws/install/actionlib_msgs/share/actionlib_msgs/cmake/actionlib_msgs__rosidl_typesupport_cppExport-noconfig.cmake
[6.003s] -- Up-to-date: /home/ubuntu/microros_ws/install/actionlib_msgs/share/actionlib_msgs/cmake/export_actionlib_msgs__rosidl_generator_pyExport.cmake
[6.005s] -- Up-to-date: /home/ubuntu/microros_ws/install/actionlib_msgs/share/actionlib_msgs/cmake/export_actionlib_msgs__rosidl_generator_pyExport-noconfig.cmake
[6.064s] Invoked command in '/home/ubuntu/microros_ws/build/actionlib_msgs' returned '0': AMENT_PREFIX_PATH=/home/ubuntu/microros_ws/install/std_msgs:/home/ubuntu/microros_ws/install/builtin_interfaces:${AMENT_PREFIX_PATH} CMAKE_PREFIX_PATH=/home/ubuntu/microros_ws/install/std_msgs:/home/ubuntu/microros_ws/install/builtin_interfaces:/opt/ros/humble LD_LIBRARY_PATH=/home/ubuntu/microros_ws/install/std_msgs/lib:/home/ubuntu/microros_ws/install/builtin_interfaces/lib:${LD_LIBRARY_PATH} PYTHONPATH=/home/ubuntu/microros_ws/install/std_msgs/local/lib/python3.10/dist-packages:/home/ubuntu/microros_ws/install/builtin_interfaces/local/lib/python3.10/dist-packages:${PYTHONPATH} /usr/bin/cmake --install /home/ubuntu/microros_ws/build/actionlib_msgs
