[  1%] Built target nav_msgs__cpp
[  1%] Built target ament_cmake_python_symlink_nav_msgs
[ 12%] Built target nav_msgs__rosidl_typesupport_fastrtps_cpp
[ 24%] Built target nav_msgs__rosidl_typesupport_introspection_cpp
running egg_info
writing nav_msgs.egg-info/PKG-INFO
writing dependency_links to nav_msgs.egg-info/dependency_links.txt
writing top-level names to nav_msgs.egg-info/top_level.txt
reading manifest file 'nav_msgs.egg-info/SOURCES.txt'
writing manifest file 'nav_msgs.egg-info/SOURCES.txt'
[ 24%] Built target ament_cmake_python_build_nav_msgs_egg
[35m[1mConsolidate compiler generated dependencies of target nav_msgs__rosidl_typesupport_cpp[0m
[ 35%] Built target nav_msgs__rosidl_typesupport_cpp
[ 47%] Built target nav_msgs__rosidl_generator_c
[ 58%] Built target nav_msgs__rosidl_typesupport_fastrtps_c
[35m[1mConsolidate compiler generated dependencies of target nav_msgs__rosidl_typesupport_c[0m
[ 70%] Built target nav_msgs__rosidl_typesupport_c
[ 82%] Built target nav_msgs__rosidl_typesupport_introspection_c
[ 82%] Built target nav_msgs
[ 83%] Built target nav_msgs__py
[ 93%] Built target nav_msgs__rosidl_generator_py
[ 95%] Built target nav_msgs__rosidl_typesupport_fastrtps_c__pyext
[ 97%] Built target nav_msgs__rosidl_typesupport_c__pyext
[100%] Built target nav_msgs__rosidl_typesupport_introspection_c__pyext
-- Install configuration: ""
-- Execute custom install script
-- Symlinking: /home/ubuntu/microros_ws/install/nav_msgs/share/ament_index/resource_index/rosidl_interfaces/nav_msgs
-- Symlinking: /home/ubuntu/microros_ws/install/nav_msgs/include/nav_msgs/nav_msgs/msg/detail/grid_cells__functions.h
-- Symlinking: /home/ubuntu/microros_ws/install/nav_msgs/include/nav_msgs/nav_msgs/msg/detail/grid_cells__struct.h
-- Symlinking: /home/ubuntu/microros_ws/install/nav_msgs/include/nav_msgs/nav_msgs/msg/detail/grid_cells__type_support.h
-- Symlinking: /home/ubuntu/microros_ws/install/nav_msgs/include/nav_msgs/nav_msgs/msg/detail/map_meta_data__functions.h
-- Symlinking: /home/ubuntu/microros_ws/install/nav_msgs/include/nav_msgs/nav_msgs/msg/detail/map_meta_data__struct.h
-- Symlinking: /home/ubuntu/microros_ws/install/nav_msgs/include/nav_msgs/nav_msgs/msg/detail/map_meta_data__type_support.h
-- Symlinking: /home/ubuntu/microros_ws/install/nav_msgs/include/nav_msgs/nav_msgs/msg/detail/occupancy_grid__functions.h
-- Symlinking: /home/ubuntu/microros_ws/install/nav_msgs/include/nav_msgs/nav_msgs/msg/detail/occupancy_grid__struct.h
-- Symlinking: /home/ubuntu/microros_ws/install/nav_msgs/include/nav_msgs/nav_msgs/msg/detail/occupancy_grid__type_support.h
-- Symlinking: /home/ubuntu/microros_ws/install/nav_msgs/include/nav_msgs/nav_msgs/msg/detail/odometry__functions.h
-- Symlinking: /home/ubuntu/microros_ws/install/nav_msgs/include/nav_msgs/nav_msgs/msg/detail/odometry__struct.h
-- Symlinking: /home/ubuntu/microros_ws/install/nav_msgs/include/nav_msgs/nav_msgs/msg/detail/odometry__type_support.h
-- Symlinking: /home/ubuntu/microros_ws/install/nav_msgs/include/nav_msgs/nav_msgs/msg/detail/path__functions.h
-- Symlinking: /home/ubuntu/microros_ws/install/nav_msgs/include/nav_msgs/nav_msgs/msg/detail/path__struct.h
-- Symlinking: /home/ubuntu/microros_ws/install/nav_msgs/include/nav_msgs/nav_msgs/msg/detail/path__type_support.h
-- Symlinking: /home/ubuntu/microros_ws/install/nav_msgs/include/nav_msgs/nav_msgs/msg/grid_cells.h
-- Symlinking: /home/ubuntu/microros_ws/install/nav_msgs/include/nav_msgs/nav_msgs/msg/map_meta_data.h
-- Symlinking: /home/ubuntu/microros_ws/install/nav_msgs/include/nav_msgs/nav_msgs/msg/occupancy_grid.h
-- Symlinking: /home/ubuntu/microros_ws/install/nav_msgs/include/nav_msgs/nav_msgs/msg/odometry.h
-- Symlinking: /home/ubuntu/microros_ws/install/nav_msgs/include/nav_msgs/nav_msgs/msg/path.h
-- Symlinking: /home/ubuntu/microros_ws/install/nav_msgs/include/nav_msgs/nav_msgs/msg/rosidl_generator_c__visibility_control.h
-- Symlinking: /home/ubuntu/microros_ws/install/nav_msgs/include/nav_msgs/nav_msgs/srv/detail/get_map__functions.h
-- Symlinking: /home/ubuntu/microros_ws/install/nav_msgs/include/nav_msgs/nav_msgs/srv/detail/get_map__struct.h
-- Symlinking: /home/ubuntu/microros_ws/install/nav_msgs/include/nav_msgs/nav_msgs/srv/detail/get_map__type_support.h
-- Symlinking: /home/ubuntu/microros_ws/install/nav_msgs/include/nav_msgs/nav_msgs/srv/detail/get_plan__functions.h
-- Symlinking: /home/ubuntu/microros_ws/install/nav_msgs/include/nav_msgs/nav_msgs/srv/detail/get_plan__struct.h
-- Symlinking: /home/ubuntu/microros_ws/install/nav_msgs/include/nav_msgs/nav_msgs/srv/detail/get_plan__type_support.h
-- Symlinking: /home/ubuntu/microros_ws/install/nav_msgs/include/nav_msgs/nav_msgs/srv/detail/load_map__functions.h
-- Symlinking: /home/ubuntu/microros_ws/install/nav_msgs/include/nav_msgs/nav_msgs/srv/detail/load_map__struct.h
-- Symlinking: /home/ubuntu/microros_ws/install/nav_msgs/include/nav_msgs/nav_msgs/srv/detail/load_map__type_support.h
-- Symlinking: /home/ubuntu/microros_ws/install/nav_msgs/include/nav_msgs/nav_msgs/srv/detail/set_map__functions.h
-- Symlinking: /home/ubuntu/microros_ws/install/nav_msgs/include/nav_msgs/nav_msgs/srv/detail/set_map__struct.h
-- Symlinking: /home/ubuntu/microros_ws/install/nav_msgs/include/nav_msgs/nav_msgs/srv/detail/set_map__type_support.h
-- Symlinking: /home/ubuntu/microros_ws/install/nav_msgs/include/nav_msgs/nav_msgs/srv/get_map.h
-- Symlinking: /home/ubuntu/microros_ws/install/nav_msgs/include/nav_msgs/nav_msgs/srv/get_plan.h
-- Symlinking: /home/ubuntu/microros_ws/install/nav_msgs/include/nav_msgs/nav_msgs/srv/load_map.h
-- Symlinking: /home/ubuntu/microros_ws/install/nav_msgs/include/nav_msgs/nav_msgs/srv/set_map.h
-- Symlinking: /home/ubuntu/microros_ws/install/nav_msgs/share/nav_msgs/environment/library_path.sh
-- Symlinking: /home/ubuntu/microros_ws/install/nav_msgs/share/nav_msgs/environment/library_path.dsv
-- Symlinking: /home/ubuntu/microros_ws/install/nav_msgs/include/nav_msgs/nav_msgs/msg/detail/grid_cells__rosidl_typesupport_fastrtps_c.h
-- Symlinking: /home/ubuntu/microros_ws/install/nav_msgs/include/nav_msgs/nav_msgs/msg/detail/map_meta_data__rosidl_typesupport_fastrtps_c.h
-- Symlinking: /home/ubuntu/microros_ws/install/nav_msgs/include/nav_msgs/nav_msgs/msg/detail/occupancy_grid__rosidl_typesupport_fastrtps_c.h
-- Symlinking: /home/ubuntu/microros_ws/install/nav_msgs/include/nav_msgs/nav_msgs/msg/detail/odometry__rosidl_typesupport_fastrtps_c.h
-- Symlinking: /home/ubuntu/microros_ws/install/nav_msgs/include/nav_msgs/nav_msgs/msg/detail/path__rosidl_typesupport_fastrtps_c.h
-- Symlinking: /home/ubuntu/microros_ws/install/nav_msgs/include/nav_msgs/nav_msgs/msg/rosidl_typesupport_fastrtps_c__visibility_control.h
-- Symlinking: /home/ubuntu/microros_ws/install/nav_msgs/include/nav_msgs/nav_msgs/srv/detail/get_map__rosidl_typesupport_fastrtps_c.h
-- Symlinking: /home/ubuntu/microros_ws/install/nav_msgs/include/nav_msgs/nav_msgs/srv/detail/get_plan__rosidl_typesupport_fastrtps_c.h
-- Symlinking: /home/ubuntu/microros_ws/install/nav_msgs/include/nav_msgs/nav_msgs/srv/detail/load_map__rosidl_typesupport_fastrtps_c.h
-- Symlinking: /home/ubuntu/microros_ws/install/nav_msgs/include/nav_msgs/nav_msgs/srv/detail/set_map__rosidl_typesupport_fastrtps_c.h
-- Symlinking: /home/ubuntu/microros_ws/install/nav_msgs/include/nav_msgs/nav_msgs/msg/detail/grid_cells__builder.hpp
-- Symlinking: /home/ubuntu/microros_ws/install/nav_msgs/include/nav_msgs/nav_msgs/msg/detail/grid_cells__struct.hpp
-- Symlinking: /home/ubuntu/microros_ws/install/nav_msgs/include/nav_msgs/nav_msgs/msg/detail/grid_cells__traits.hpp
-- Symlinking: /home/ubuntu/microros_ws/install/nav_msgs/include/nav_msgs/nav_msgs/msg/detail/map_meta_data__builder.hpp
-- Symlinking: /home/ubuntu/microros_ws/install/nav_msgs/include/nav_msgs/nav_msgs/msg/detail/map_meta_data__struct.hpp
-- Symlinking: /home/ubuntu/microros_ws/install/nav_msgs/include/nav_msgs/nav_msgs/msg/detail/map_meta_data__traits.hpp
-- Symlinking: /home/ubuntu/microros_ws/install/nav_msgs/include/nav_msgs/nav_msgs/msg/detail/occupancy_grid__builder.hpp
-- Symlinking: /home/ubuntu/microros_ws/install/nav_msgs/include/nav_msgs/nav_msgs/msg/detail/occupancy_grid__struct.hpp
-- Symlinking: /home/ubuntu/microros_ws/install/nav_msgs/include/nav_msgs/nav_msgs/msg/detail/occupancy_grid__traits.hpp
-- Symlinking: /home/ubuntu/microros_ws/install/nav_msgs/include/nav_msgs/nav_msgs/msg/detail/odometry__builder.hpp
-- Symlinking: /home/ubuntu/microros_ws/install/nav_msgs/include/nav_msgs/nav_msgs/msg/detail/odometry__struct.hpp
-- Symlinking: /home/ubuntu/microros_ws/install/nav_msgs/include/nav_msgs/nav_msgs/msg/detail/odometry__traits.hpp
-- Symlinking: /home/ubuntu/microros_ws/install/nav_msgs/include/nav_msgs/nav_msgs/msg/detail/path__builder.hpp
-- Symlinking: /home/ubuntu/microros_ws/install/nav_msgs/include/nav_msgs/nav_msgs/msg/detail/path__struct.hpp
-- Symlinking: /home/ubuntu/microros_ws/install/nav_msgs/include/nav_msgs/nav_msgs/msg/detail/path__traits.hpp
-- Symlinking: /home/ubuntu/microros_ws/install/nav_msgs/include/nav_msgs/nav_msgs/msg/grid_cells.hpp
-- Symlinking: /home/ubuntu/microros_ws/install/nav_msgs/include/nav_msgs/nav_msgs/msg/map_meta_data.hpp
-- Symlinking: /home/ubuntu/microros_ws/install/nav_msgs/include/nav_msgs/nav_msgs/msg/occupancy_grid.hpp
-- Symlinking: /home/ubuntu/microros_ws/install/nav_msgs/include/nav_msgs/nav_msgs/msg/odometry.hpp
-- Symlinking: /home/ubuntu/microros_ws/install/nav_msgs/include/nav_msgs/nav_msgs/msg/path.hpp
-- Symlinking: /home/ubuntu/microros_ws/install/nav_msgs/include/nav_msgs/nav_msgs/srv/detail/get_map__builder.hpp
-- Symlinking: /home/ubuntu/microros_ws/install/nav_msgs/include/nav_msgs/nav_msgs/srv/detail/get_map__struct.hpp
-- Symlinking: /home/ubuntu/microros_ws/install/nav_msgs/include/nav_msgs/nav_msgs/srv/detail/get_map__traits.hpp
-- Symlinking: /home/ubuntu/microros_ws/install/nav_msgs/include/nav_msgs/nav_msgs/srv/detail/get_plan__builder.hpp
-- Symlinking: /home/ubuntu/microros_ws/install/nav_msgs/include/nav_msgs/nav_msgs/srv/detail/get_plan__struct.hpp
-- Symlinking: /home/ubuntu/microros_ws/install/nav_msgs/include/nav_msgs/nav_msgs/srv/detail/get_plan__traits.hpp
-- Symlinking: /home/ubuntu/microros_ws/install/nav_msgs/include/nav_msgs/nav_msgs/srv/detail/load_map__builder.hpp
-- Symlinking: /home/ubuntu/microros_ws/install/nav_msgs/include/nav_msgs/nav_msgs/srv/detail/load_map__struct.hpp
-- Symlinking: /home/ubuntu/microros_ws/install/nav_msgs/include/nav_msgs/nav_msgs/srv/detail/load_map__traits.hpp
-- Symlinking: /home/ubuntu/microros_ws/install/nav_msgs/include/nav_msgs/nav_msgs/srv/detail/set_map__builder.hpp
-- Symlinking: /home/ubuntu/microros_ws/install/nav_msgs/include/nav_msgs/nav_msgs/srv/detail/set_map__struct.hpp
-- Symlinking: /home/ubuntu/microros_ws/install/nav_msgs/include/nav_msgs/nav_msgs/srv/detail/set_map__traits.hpp
-- Symlinking: /home/ubuntu/microros_ws/install/nav_msgs/include/nav_msgs/nav_msgs/srv/get_map.hpp
-- Symlinking: /home/ubuntu/microros_ws/install/nav_msgs/include/nav_msgs/nav_msgs/srv/get_plan.hpp
-- Symlinking: /home/ubuntu/microros_ws/install/nav_msgs/include/nav_msgs/nav_msgs/srv/load_map.hpp
-- Symlinking: /home/ubuntu/microros_ws/install/nav_msgs/include/nav_msgs/nav_msgs/srv/set_map.hpp
-- Symlinking: /home/ubuntu/microros_ws/install/nav_msgs/include/nav_msgs/nav_msgs/msg/detail/grid_cells__rosidl_typesupport_fastrtps_cpp.hpp
-- Symlinking: /home/ubuntu/microros_ws/install/nav_msgs/include/nav_msgs/nav_msgs/msg/detail/map_meta_data__rosidl_typesupport_fastrtps_cpp.hpp
-- Symlinking: /home/ubuntu/microros_ws/install/nav_msgs/include/nav_msgs/nav_msgs/msg/detail/occupancy_grid__rosidl_typesupport_fastrtps_cpp.hpp
-- Symlinking: /home/ubuntu/microros_ws/install/nav_msgs/include/nav_msgs/nav_msgs/msg/detail/odometry__rosidl_typesupport_fastrtps_cpp.hpp
-- Symlinking: /home/ubuntu/microros_ws/install/nav_msgs/include/nav_msgs/nav_msgs/msg/detail/path__rosidl_typesupport_fastrtps_cpp.hpp
-- Symlinking: /home/ubuntu/microros_ws/install/nav_msgs/include/nav_msgs/nav_msgs/msg/rosidl_typesupport_fastrtps_cpp__visibility_control.h
-- Symlinking: /home/ubuntu/microros_ws/install/nav_msgs/include/nav_msgs/nav_msgs/srv/detail/get_map__rosidl_typesupport_fastrtps_cpp.hpp
-- Symlinking: /home/ubuntu/microros_ws/install/nav_msgs/include/nav_msgs/nav_msgs/srv/detail/get_plan__rosidl_typesupport_fastrtps_cpp.hpp
-- Symlinking: /home/ubuntu/microros_ws/install/nav_msgs/include/nav_msgs/nav_msgs/srv/detail/load_map__rosidl_typesupport_fastrtps_cpp.hpp
-- Symlinking: /home/ubuntu/microros_ws/install/nav_msgs/include/nav_msgs/nav_msgs/srv/detail/set_map__rosidl_typesupport_fastrtps_cpp.hpp
-- Symlinking: /home/ubuntu/microros_ws/install/nav_msgs/include/nav_msgs/nav_msgs/msg/detail/grid_cells__rosidl_typesupport_introspection_c.h
-- Symlinking: /home/ubuntu/microros_ws/install/nav_msgs/include/nav_msgs/nav_msgs/msg/detail/map_meta_data__rosidl_typesupport_introspection_c.h
-- Symlinking: /home/ubuntu/microros_ws/install/nav_msgs/include/nav_msgs/nav_msgs/msg/detail/occupancy_grid__rosidl_typesupport_introspection_c.h
-- Symlinking: /home/ubuntu/microros_ws/install/nav_msgs/include/nav_msgs/nav_msgs/msg/detail/odometry__rosidl_typesupport_introspection_c.h
-- Symlinking: /home/ubuntu/microros_ws/install/nav_msgs/include/nav_msgs/nav_msgs/msg/detail/path__rosidl_typesupport_introspection_c.h
-- Symlinking: /home/ubuntu/microros_ws/install/nav_msgs/include/nav_msgs/nav_msgs/msg/rosidl_typesupport_introspection_c__visibility_control.h
-- Symlinking: /home/ubuntu/microros_ws/install/nav_msgs/include/nav_msgs/nav_msgs/srv/detail/get_map__rosidl_typesupport_introspection_c.h
-- Symlinking: /home/ubuntu/microros_ws/install/nav_msgs/include/nav_msgs/nav_msgs/srv/detail/get_plan__rosidl_typesupport_introspection_c.h
-- Symlinking: /home/ubuntu/microros_ws/install/nav_msgs/include/nav_msgs/nav_msgs/srv/detail/load_map__rosidl_typesupport_introspection_c.h
-- Symlinking: /home/ubuntu/microros_ws/install/nav_msgs/include/nav_msgs/nav_msgs/srv/detail/set_map__rosidl_typesupport_introspection_c.h
-- Symlinking: /home/ubuntu/microros_ws/install/nav_msgs/include/nav_msgs/nav_msgs/msg/detail/grid_cells__rosidl_typesupport_introspection_cpp.hpp
-- Symlinking: /home/ubuntu/microros_ws/install/nav_msgs/include/nav_msgs/nav_msgs/msg/detail/map_meta_data__rosidl_typesupport_introspection_cpp.hpp
-- Symlinking: /home/ubuntu/microros_ws/install/nav_msgs/include/nav_msgs/nav_msgs/msg/detail/occupancy_grid__rosidl_typesupport_introspection_cpp.hpp
-- Symlinking: /home/ubuntu/microros_ws/install/nav_msgs/include/nav_msgs/nav_msgs/msg/detail/odometry__rosidl_typesupport_introspection_cpp.hpp
-- Symlinking: /home/ubuntu/microros_ws/install/nav_msgs/include/nav_msgs/nav_msgs/msg/detail/path__rosidl_typesupport_introspection_cpp.hpp
-- Symlinking: /home/ubuntu/microros_ws/install/nav_msgs/include/nav_msgs/nav_msgs/srv/detail/get_map__rosidl_typesupport_introspection_cpp.hpp
-- Symlinking: /home/ubuntu/microros_ws/install/nav_msgs/include/nav_msgs/nav_msgs/srv/detail/get_plan__rosidl_typesupport_introspection_cpp.hpp
-- Symlinking: /home/ubuntu/microros_ws/install/nav_msgs/include/nav_msgs/nav_msgs/srv/detail/load_map__rosidl_typesupport_introspection_cpp.hpp
-- Symlinking: /home/ubuntu/microros_ws/install/nav_msgs/include/nav_msgs/nav_msgs/srv/detail/set_map__rosidl_typesupport_introspection_cpp.hpp
-- Symlinking: /home/ubuntu/microros_ws/install/nav_msgs/share/nav_msgs/environment/pythonpath.sh
-- Symlinking: /home/ubuntu/microros_ws/install/nav_msgs/share/nav_msgs/environment/pythonpath.dsv
-- Symlinking: /home/ubuntu/microros_ws/install/nav_msgs/local/lib/python3.10/dist-packages/nav_msgs-4.2.4-py3.10.egg-info/PKG-INFO
-- Symlinking: /home/ubuntu/microros_ws/install/nav_msgs/local/lib/python3.10/dist-packages/nav_msgs-4.2.4-py3.10.egg-info/SOURCES.txt
-- Symlinking: /home/ubuntu/microros_ws/install/nav_msgs/local/lib/python3.10/dist-packages/nav_msgs-4.2.4-py3.10.egg-info/dependency_links.txt
-- Symlinking: /home/ubuntu/microros_ws/install/nav_msgs/local/lib/python3.10/dist-packages/nav_msgs-4.2.4-py3.10.egg-info/top_level.txt
-- Symlinking: /home/ubuntu/microros_ws/install/nav_msgs/local/lib/python3.10/dist-packages/nav_msgs/__init__.py
-- Symlinking: /home/ubuntu/microros_ws/install/nav_msgs/local/lib/python3.10/dist-packages/nav_msgs/_nav_msgs_s.ep.rosidl_typesupport_c.c
-- Symlinking: /home/ubuntu/microros_ws/install/nav_msgs/local/lib/python3.10/dist-packages/nav_msgs/_nav_msgs_s.ep.rosidl_typesupport_fastrtps_c.c
-- Symlinking: /home/ubuntu/microros_ws/install/nav_msgs/local/lib/python3.10/dist-packages/nav_msgs/_nav_msgs_s.ep.rosidl_typesupport_introspection_c.c
-- Symlinking: /home/ubuntu/microros_ws/install/nav_msgs/local/lib/python3.10/dist-packages/nav_msgs/_nav_msgs_s.ep.rosidl_typesupport_microxrcedds_c.c
-- Symlinking: /home/ubuntu/microros_ws/install/nav_msgs/local/lib/python3.10/dist-packages/nav_msgs/libnav_msgs__rosidl_generator_py.so
-- Symlinking: /home/ubuntu/microros_ws/install/nav_msgs/local/lib/python3.10/dist-packages/nav_msgs/msg/__init__.py
-- Symlinking: /home/ubuntu/microros_ws/install/nav_msgs/local/lib/python3.10/dist-packages/nav_msgs/msg/_grid_cells.py
-- Symlinking: /home/ubuntu/microros_ws/install/nav_msgs/local/lib/python3.10/dist-packages/nav_msgs/msg/_grid_cells_s.c
-- Symlinking: /home/ubuntu/microros_ws/install/nav_msgs/local/lib/python3.10/dist-packages/nav_msgs/msg/_map_meta_data.py
-- Symlinking: /home/ubuntu/microros_ws/install/nav_msgs/local/lib/python3.10/dist-packages/nav_msgs/msg/_map_meta_data_s.c
-- Symlinking: /home/ubuntu/microros_ws/install/nav_msgs/local/lib/python3.10/dist-packages/nav_msgs/msg/_occupancy_grid.py
-- Symlinking: /home/ubuntu/microros_ws/install/nav_msgs/local/lib/python3.10/dist-packages/nav_msgs/msg/_occupancy_grid_s.c
-- Symlinking: /home/ubuntu/microros_ws/install/nav_msgs/local/lib/python3.10/dist-packages/nav_msgs/msg/_odometry.py
-- Symlinking: /home/ubuntu/microros_ws/install/nav_msgs/local/lib/python3.10/dist-packages/nav_msgs/msg/_odometry_s.c
-- Symlinking: /home/ubuntu/microros_ws/install/nav_msgs/local/lib/python3.10/dist-packages/nav_msgs/msg/_path.py
-- Symlinking: /home/ubuntu/microros_ws/install/nav_msgs/local/lib/python3.10/dist-packages/nav_msgs/msg/_path_s.c
-- Symlinking: /home/ubuntu/microros_ws/install/nav_msgs/local/lib/python3.10/dist-packages/nav_msgs/nav_msgs_s__rosidl_typesupport_c.cpython-310-aarch64-linux-gnu.so
-- Symlinking: /home/ubuntu/microros_ws/install/nav_msgs/local/lib/python3.10/dist-packages/nav_msgs/nav_msgs_s__rosidl_typesupport_fastrtps_c.cpython-310-aarch64-linux-gnu.so
-- Symlinking: /home/ubuntu/microros_ws/install/nav_msgs/local/lib/python3.10/dist-packages/nav_msgs/nav_msgs_s__rosidl_typesupport_introspection_c.cpython-310-aarch64-linux-gnu.so
-- Symlinking: /home/ubuntu/microros_ws/install/nav_msgs/local/lib/python3.10/dist-packages/nav_msgs/nav_msgs_s__rosidl_typesupport_microxrcedds_c.cpython-310-aarch64-linux-gnu.so
-- Symlinking: /home/ubuntu/microros_ws/install/nav_msgs/local/lib/python3.10/dist-packages/nav_msgs/srv/__init__.py
-- Symlinking: /home/ubuntu/microros_ws/install/nav_msgs/local/lib/python3.10/dist-packages/nav_msgs/srv/_get_map.py
-- Symlinking: /home/ubuntu/microros_ws/install/nav_msgs/local/lib/python3.10/dist-packages/nav_msgs/srv/_get_map_s.c
-- Symlinking: /home/ubuntu/microros_ws/install/nav_msgs/local/lib/python3.10/dist-packages/nav_msgs/srv/_get_plan.py
-- Symlinking: /home/ubuntu/microros_ws/install/nav_msgs/local/lib/python3.10/dist-packages/nav_msgs/srv/_get_plan_s.c
-- Symlinking: /home/ubuntu/microros_ws/install/nav_msgs/local/lib/python3.10/dist-packages/nav_msgs/srv/_load_map.py
-- Symlinking: /home/ubuntu/microros_ws/install/nav_msgs/local/lib/python3.10/dist-packages/nav_msgs/srv/_load_map_s.c
-- Symlinking: /home/ubuntu/microros_ws/install/nav_msgs/local/lib/python3.10/dist-packages/nav_msgs/srv/_set_map.py
-- Symlinking: /home/ubuntu/microros_ws/install/nav_msgs/local/lib/python3.10/dist-packages/nav_msgs/srv/_set_map_s.c
-- Up-to-date symlink: /home/ubuntu/microros_ws/install/nav_msgs/local/lib/python3.10/dist-packages/nav_msgs/nav_msgs_s__rosidl_typesupport_fastrtps_c.cpython-310-aarch64-linux-gnu.so
-- Up-to-date symlink: /home/ubuntu/microros_ws/install/nav_msgs/local/lib/python3.10/dist-packages/nav_msgs/nav_msgs_s__rosidl_typesupport_introspection_c.cpython-310-aarch64-linux-gnu.so
-- Up-to-date symlink: /home/ubuntu/microros_ws/install/nav_msgs/local/lib/python3.10/dist-packages/nav_msgs/nav_msgs_s__rosidl_typesupport_c.cpython-310-aarch64-linux-gnu.so
-- Symlinking: /home/ubuntu/microros_ws/install/nav_msgs/share/nav_msgs/msg/GridCells.idl
-- Symlinking: /home/ubuntu/microros_ws/install/nav_msgs/share/nav_msgs/msg/MapMetaData.idl
-- Symlinking: /home/ubuntu/microros_ws/install/nav_msgs/share/nav_msgs/msg/OccupancyGrid.idl
-- Symlinking: /home/ubuntu/microros_ws/install/nav_msgs/share/nav_msgs/msg/Odometry.idl
-- Symlinking: /home/ubuntu/microros_ws/install/nav_msgs/share/nav_msgs/msg/Path.idl
-- Symlinking: /home/ubuntu/microros_ws/install/nav_msgs/share/nav_msgs/srv/GetMap.idl
-- Symlinking: /home/ubuntu/microros_ws/install/nav_msgs/share/nav_msgs/srv/GetPlan.idl
-- Symlinking: /home/ubuntu/microros_ws/install/nav_msgs/share/nav_msgs/srv/LoadMap.idl
-- Symlinking: /home/ubuntu/microros_ws/install/nav_msgs/share/nav_msgs/srv/SetMap.idl
-- Symlinking: /home/ubuntu/microros_ws/install/nav_msgs/share/nav_msgs/msg/GridCells.msg
-- Symlinking: /home/ubuntu/microros_ws/install/nav_msgs/share/nav_msgs/msg/MapMetaData.msg
-- Symlinking: /home/ubuntu/microros_ws/install/nav_msgs/share/nav_msgs/msg/OccupancyGrid.msg
-- Symlinking: /home/ubuntu/microros_ws/install/nav_msgs/share/nav_msgs/msg/Odometry.msg
-- Symlinking: /home/ubuntu/microros_ws/install/nav_msgs/share/nav_msgs/msg/Path.msg
-- Symlinking: /home/ubuntu/microros_ws/install/nav_msgs/share/nav_msgs/srv/GetMap.srv
-- Symlinking: /home/ubuntu/microros_ws/install/nav_msgs/share/nav_msgs/srv/GetMap_Request.msg
-- Symlinking: /home/ubuntu/microros_ws/install/nav_msgs/share/nav_msgs/srv/GetMap_Response.msg
-- Symlinking: /home/ubuntu/microros_ws/install/nav_msgs/share/nav_msgs/srv/GetPlan.srv
-- Symlinking: /home/ubuntu/microros_ws/install/nav_msgs/share/nav_msgs/srv/GetPlan_Request.msg
-- Symlinking: /home/ubuntu/microros_ws/install/nav_msgs/share/nav_msgs/srv/GetPlan_Response.msg
-- Symlinking: /home/ubuntu/microros_ws/install/nav_msgs/share/nav_msgs/srv/LoadMap.srv
-- Symlinking: /home/ubuntu/microros_ws/install/nav_msgs/share/nav_msgs/srv/LoadMap_Request.msg
-- Symlinking: /home/ubuntu/microros_ws/install/nav_msgs/share/nav_msgs/srv/LoadMap_Response.msg
-- Symlinking: /home/ubuntu/microros_ws/install/nav_msgs/share/nav_msgs/srv/SetMap.srv
-- Symlinking: /home/ubuntu/microros_ws/install/nav_msgs/share/nav_msgs/srv/SetMap_Request.msg
-- Symlinking: /home/ubuntu/microros_ws/install/nav_msgs/share/nav_msgs/srv/SetMap_Response.msg
-- Symlinking: /home/ubuntu/microros_ws/install/nav_msgs/share/ament_index/resource_index/package_run_dependencies/nav_msgs
-- Symlinking: /home/ubuntu/microros_ws/install/nav_msgs/share/ament_index/resource_index/parent_prefix_path/nav_msgs
-- Symlinking: /home/ubuntu/microros_ws/install/nav_msgs/share/nav_msgs/environment/ament_prefix_path.sh
-- Symlinking: /home/ubuntu/microros_ws/install/nav_msgs/share/nav_msgs/environment/ament_prefix_path.dsv
-- Symlinking: /home/ubuntu/microros_ws/install/nav_msgs/share/nav_msgs/environment/path.sh
-- Symlinking: /home/ubuntu/microros_ws/install/nav_msgs/share/nav_msgs/environment/path.dsv
-- Symlinking: /home/ubuntu/microros_ws/install/nav_msgs/share/nav_msgs/local_setup.bash
-- Symlinking: /home/ubuntu/microros_ws/install/nav_msgs/share/nav_msgs/local_setup.sh
-- Symlinking: /home/ubuntu/microros_ws/install/nav_msgs/share/nav_msgs/local_setup.zsh
-- Symlinking: /home/ubuntu/microros_ws/install/nav_msgs/share/nav_msgs/local_setup.dsv
-- Symlinking: /home/ubuntu/microros_ws/install/nav_msgs/share/nav_msgs/package.dsv
-- Symlinking: /home/ubuntu/microros_ws/install/nav_msgs/share/ament_index/resource_index/packages/nav_msgs
-- Symlinking: /home/ubuntu/microros_ws/install/nav_msgs/share/nav_msgs/cmake/rosidl_cmake-extras.cmake
-- Symlinking: /home/ubuntu/microros_ws/install/nav_msgs/share/nav_msgs/cmake/ament_cmake_export_dependencies-extras.cmake
-- Symlinking: /home/ubuntu/microros_ws/install/nav_msgs/share/nav_msgs/cmake/ament_cmake_export_include_directories-extras.cmake
-- Symlinking: /home/ubuntu/microros_ws/install/nav_msgs/share/nav_msgs/cmake/ament_cmake_export_libraries-extras.cmake
-- Symlinking: /home/ubuntu/microros_ws/install/nav_msgs/share/nav_msgs/cmake/ament_cmake_export_targets-extras.cmake
-- Symlinking: /home/ubuntu/microros_ws/install/nav_msgs/share/nav_msgs/cmake/rosidl_cmake_export_typesupport_targets-extras.cmake
-- Symlinking: /home/ubuntu/microros_ws/install/nav_msgs/share/nav_msgs/cmake/rosidl_cmake_export_typesupport_libraries-extras.cmake
-- Symlinking: /home/ubuntu/microros_ws/install/nav_msgs/share/nav_msgs/cmake/nav_msgsConfig.cmake
-- Symlinking: /home/ubuntu/microros_ws/install/nav_msgs/share/nav_msgs/cmake/nav_msgsConfig-version.cmake
-- Symlinking: /home/ubuntu/microros_ws/install/nav_msgs/share/nav_msgs/package.xml
-- Up-to-date: /home/ubuntu/microros_ws/install/nav_msgs/lib/libnav_msgs__rosidl_generator_c.so
-- Up-to-date: /home/ubuntu/microros_ws/install/nav_msgs/lib/libnav_msgs__rosidl_typesupport_fastrtps_c.so
-- Up-to-date: /home/ubuntu/microros_ws/install/nav_msgs/lib/libnav_msgs__rosidl_typesupport_fastrtps_cpp.so
-- Up-to-date: /home/ubuntu/microros_ws/install/nav_msgs/lib/libnav_msgs__rosidl_typesupport_introspection_c.so
-- Installing: /home/ubuntu/microros_ws/install/nav_msgs/lib/libnav_msgs__rosidl_typesupport_c.so
-- Set runtime path of "/home/ubuntu/microros_ws/install/nav_msgs/lib/libnav_msgs__rosidl_typesupport_c.so" to ""
-- Up-to-date: /home/ubuntu/microros_ws/install/nav_msgs/lib/libnav_msgs__rosidl_typesupport_introspection_cpp.so
-- Installing: /home/ubuntu/microros_ws/install/nav_msgs/lib/libnav_msgs__rosidl_typesupport_cpp.so
-- Set runtime path of "/home/ubuntu/microros_ws/install/nav_msgs/lib/libnav_msgs__rosidl_typesupport_cpp.so" to ""
Listing '/home/ubuntu/microros_ws/install/nav_msgs/local/lib/python3.10/dist-packages/nav_msgs'...
Compiling '/home/ubuntu/microros_ws/install/nav_msgs/local/lib/python3.10/dist-packages/nav_msgs/__init__.py'...
Listing '/home/ubuntu/microros_ws/install/nav_msgs/local/lib/python3.10/dist-packages/nav_msgs/msg'...
Listing '/home/ubuntu/microros_ws/install/nav_msgs/local/lib/python3.10/dist-packages/nav_msgs/srv'...
-- Installing: /home/ubuntu/microros_ws/install/nav_msgs/lib/libnav_msgs__rosidl_generator_py.so
-- Set runtime path of "/home/ubuntu/microros_ws/install/nav_msgs/lib/libnav_msgs__rosidl_generator_py.so" to ""
-- Up-to-date: /home/ubuntu/microros_ws/install/nav_msgs/share/nav_msgs/cmake/export_nav_msgs__rosidl_generator_cExport.cmake
-- Up-to-date: /home/ubuntu/microros_ws/install/nav_msgs/share/nav_msgs/cmake/export_nav_msgs__rosidl_generator_cExport-noconfig.cmake
-- Up-to-date: /home/ubuntu/microros_ws/install/nav_msgs/share/nav_msgs/cmake/export_nav_msgs__rosidl_typesupport_fastrtps_cExport.cmake
-- Up-to-date: /home/ubuntu/microros_ws/install/nav_msgs/share/nav_msgs/cmake/export_nav_msgs__rosidl_typesupport_fastrtps_cExport-noconfig.cmake
-- Up-to-date: /home/ubuntu/microros_ws/install/nav_msgs/share/nav_msgs/cmake/export_nav_msgs__rosidl_generator_cppExport.cmake
-- Up-to-date: /home/ubuntu/microros_ws/install/nav_msgs/share/nav_msgs/cmake/export_nav_msgs__rosidl_typesupport_fastrtps_cppExport.cmake
-- Up-to-date: /home/ubuntu/microros_ws/install/nav_msgs/share/nav_msgs/cmake/export_nav_msgs__rosidl_typesupport_fastrtps_cppExport-noconfig.cmake
-- Up-to-date: /home/ubuntu/microros_ws/install/nav_msgs/share/nav_msgs/cmake/nav_msgs__rosidl_typesupport_introspection_cExport.cmake
-- Up-to-date: /home/ubuntu/microros_ws/install/nav_msgs/share/nav_msgs/cmake/nav_msgs__rosidl_typesupport_introspection_cExport-noconfig.cmake
-- Up-to-date: /home/ubuntu/microros_ws/install/nav_msgs/share/nav_msgs/cmake/nav_msgs__rosidl_typesupport_cExport.cmake
-- Up-to-date: /home/ubuntu/microros_ws/install/nav_msgs/share/nav_msgs/cmake/nav_msgs__rosidl_typesupport_cExport-noconfig.cmake
-- Up-to-date: /home/ubuntu/microros_ws/install/nav_msgs/share/nav_msgs/cmake/nav_msgs__rosidl_typesupport_introspection_cppExport.cmake
-- Up-to-date: /home/ubuntu/microros_ws/install/nav_msgs/share/nav_msgs/cmake/nav_msgs__rosidl_typesupport_introspection_cppExport-noconfig.cmake
-- Up-to-date: /home/ubuntu/microros_ws/install/nav_msgs/share/nav_msgs/cmake/nav_msgs__rosidl_typesupport_cppExport.cmake
-- Up-to-date: /home/ubuntu/microros_ws/install/nav_msgs/share/nav_msgs/cmake/nav_msgs__rosidl_typesupport_cppExport-noconfig.cmake
-- Up-to-date: /home/ubuntu/microros_ws/install/nav_msgs/share/nav_msgs/cmake/export_nav_msgs__rosidl_generator_pyExport.cmake
-- Up-to-date: /home/ubuntu/microros_ws/install/nav_msgs/share/nav_msgs/cmake/export_nav_msgs__rosidl_generator_pyExport-noconfig.cmake
