[0.119s] Invoking command in '/home/ubuntu/microros_ws/build/actionlib_msgs': AMENT_PREFIX_PATH=/home/ubuntu/microros_ws/install/std_msgs:/home/ubuntu/microros_ws/install/builtin_interfaces:${AMENT_PREFIX_PATH} CMAKE_PREFIX_PATH=/home/ubuntu/microros_ws/install/std_msgs:/home/ubuntu/microros_ws/install/builtin_interfaces:/opt/ros/humble LD_LIBRARY_PATH=/home/ubuntu/microros_ws/install/std_msgs/lib:/home/ubuntu/microros_ws/install/builtin_interfaces/lib:${LD_LIBRARY_PATH} PYTHONPATH=/home/ubuntu/microros_ws/install/std_msgs/local/lib/python3.10/dist-packages:/home/ubuntu/microros_ws/install/builtin_interfaces/local/lib/python3.10/dist-packages:${PYTHONPATH} /usr/bin/cmake --build /home/ubuntu/microros_ws/build/actionlib_msgs -- -j4 -l4
[0.398s] [  2%] Built target actionlib_msgs__cpp
[0.533s] [  2%] Built target ament_cmake_python_symlink_actionlib_msgs
[0.646s] [ 12%] Built target actionlib_msgs__rosidl_typesupport_fastrtps_cpp
[0.761s] [ 23%] Built target actionlib_msgs__rosidl_typesupport_introspection_cpp
[2.565s] running egg_info
[2.570s] writing actionlib_msgs.egg-info/PKG-INFO
[2.573s] writing dependency_links to actionlib_msgs.egg-info/dependency_links.txt
[2.575s] writing top-level names to actionlib_msgs.egg-info/top_level.txt
[2.589s] reading manifest file 'actionlib_msgs.egg-info/SOURCES.txt'
[2.594s] writing manifest file 'actionlib_msgs.egg-info/SOURCES.txt'
[2.780s] [ 23%] Built target ament_cmake_python_build_actionlib_msgs_egg
[2.895s] [ 34%] Built target actionlib_msgs__rosidl_typesupport_cpp
[3.009s] [ 44%] Built target actionlib_msgs__rosidl_generator_c
[3.146s] [ 55%] Built target actionlib_msgs__rosidl_typesupport_fastrtps_c
[3.265s] [ 65%] Built target actionlib_msgs__rosidl_typesupport_c
[3.411s] [ 76%] Built target actionlib_msgs__rosidl_typesupport_introspection_c
[3.537s] [ 76%] Built target actionlib_msgs
[3.646s] [ 78%] Built target actionlib_msgs__py
[3.776s] [ 87%] Built target actionlib_msgs__rosidl_generator_py
[3.906s] [ 91%] Built target actionlib_msgs__rosidl_typesupport_fastrtps_c__pyext
[4.033s] [ 95%] Built target actionlib_msgs__rosidl_typesupport_c__pyext
[4.194s] [100%] Built target actionlib_msgs__rosidl_typesupport_introspection_c__pyext
[4.258s] Invoked command in '/home/ubuntu/microros_ws/build/actionlib_msgs' returned '0': AMENT_PREFIX_PATH=/home/ubuntu/microros_ws/install/std_msgs:/home/ubuntu/microros_ws/install/builtin_interfaces:${AMENT_PREFIX_PATH} CMAKE_PREFIX_PATH=/home/ubuntu/microros_ws/install/std_msgs:/home/ubuntu/microros_ws/install/builtin_interfaces:/opt/ros/humble LD_LIBRARY_PATH=/home/ubuntu/microros_ws/install/std_msgs/lib:/home/ubuntu/microros_ws/install/builtin_interfaces/lib:${LD_LIBRARY_PATH} PYTHONPATH=/home/ubuntu/microros_ws/install/std_msgs/local/lib/python3.10/dist-packages:/home/ubuntu/microros_ws/install/builtin_interfaces/local/lib/python3.10/dist-packages:${PYTHONPATH} /usr/bin/cmake --build /home/ubuntu/microros_ws/build/actionlib_msgs -- -j4 -l4
[5.085s] Invoking command in '/home/ubuntu/microros_ws/build/actionlib_msgs': AMENT_PREFIX_PATH=/home/ubuntu/microros_ws/install/std_msgs:/home/ubuntu/microros_ws/install/builtin_interfaces:${AMENT_PREFIX_PATH} CMAKE_PREFIX_PATH=/home/ubuntu/microros_ws/install/std_msgs:/home/ubuntu/microros_ws/install/builtin_interfaces:/opt/ros/humble LD_LIBRARY_PATH=/home/ubuntu/microros_ws/install/std_msgs/lib:/home/ubuntu/microros_ws/install/builtin_interfaces/lib:${LD_LIBRARY_PATH} PYTHONPATH=/home/ubuntu/microros_ws/install/std_msgs/local/lib/python3.10/dist-packages:/home/ubuntu/microros_ws/install/builtin_interfaces/local/lib/python3.10/dist-packages:${PYTHONPATH} /usr/bin/cmake --install /home/ubuntu/microros_ws/build/actionlib_msgs
[5.132s] -- Install configuration: ""
[5.135s] -- Execute custom install script
[5.139s] -- Up-to-date symlink: /home/ubuntu/microros_ws/install/actionlib_msgs/share/ament_index/resource_index/rosidl_interfaces/actionlib_msgs
[5.145s] -- Up-to-date symlink: /home/ubuntu/microros_ws/install/actionlib_msgs/include/actionlib_msgs/actionlib_msgs/msg/detail/goal_id__functions.h
[5.148s] -- Up-to-date symlink: /home/ubuntu/microros_ws/install/actionlib_msgs/include/actionlib_msgs/actionlib_msgs/msg/detail/goal_id__struct.h
[5.152s] -- Up-to-date symlink: /home/ubuntu/microros_ws/install/actionlib_msgs/include/actionlib_msgs/actionlib_msgs/msg/detail/goal_id__type_support.h
[5.159s] -- Up-to-date symlink: /home/ubuntu/microros_ws/install/actionlib_msgs/include/actionlib_msgs/actionlib_msgs/msg/detail/goal_status__functions.h
[5.160s] -- Up-to-date symlink: /home/ubuntu/microros_ws/install/actionlib_msgs/include/actionlib_msgs/actionlib_msgs/msg/detail/goal_status__struct.h
[5.161s] -- Up-to-date symlink: /home/ubuntu/microros_ws/install/actionlib_msgs/include/actionlib_msgs/actionlib_msgs/msg/detail/goal_status__type_support.h
[5.161s] -- Up-to-date symlink: /home/ubuntu/microros_ws/install/actionlib_msgs/include/actionlib_msgs/actionlib_msgs/msg/detail/goal_status_array__functions.h
[5.162s] -- Up-to-date symlink: /home/ubuntu/microros_ws/install/actionlib_msgs/include/actionlib_msgs/actionlib_msgs/msg/detail/goal_status_array__struct.h
[5.166s] -- Up-to-date symlink: /home/ubuntu/microros_ws/install/actionlib_msgs/include/actionlib_msgs/actionlib_msgs/msg/detail/goal_status_array__type_support.h
[5.167s] -- Up-to-date symlink: /home/ubuntu/microros_ws/install/actionlib_msgs/include/actionlib_msgs/actionlib_msgs/msg/goal_id.h
[5.167s] -- Up-to-date symlink: /home/ubuntu/microros_ws/install/actionlib_msgs/include/actionlib_msgs/actionlib_msgs/msg/goal_status.h
[5.168s] -- Up-to-date symlink: /home/ubuntu/microros_ws/install/actionlib_msgs/include/actionlib_msgs/actionlib_msgs/msg/goal_status_array.h
[5.172s] -- Up-to-date symlink: /home/ubuntu/microros_ws/install/actionlib_msgs/include/actionlib_msgs/actionlib_msgs/msg/rosidl_generator_c__visibility_control.h
[5.173s] -- Up-to-date symlink: /home/ubuntu/microros_ws/install/actionlib_msgs/share/actionlib_msgs/environment/library_path.sh
[5.173s] -- Up-to-date symlink: /home/ubuntu/microros_ws/install/actionlib_msgs/share/actionlib_msgs/environment/library_path.dsv
[5.174s] -- Up-to-date symlink: /home/ubuntu/microros_ws/install/actionlib_msgs/include/actionlib_msgs/actionlib_msgs/msg/detail/goal_id__rosidl_typesupport_fastrtps_c.h
[5.175s] -- Up-to-date symlink: /home/ubuntu/microros_ws/install/actionlib_msgs/include/actionlib_msgs/actionlib_msgs/msg/detail/goal_status__rosidl_typesupport_fastrtps_c.h
[5.176s] -- Up-to-date symlink: /home/ubuntu/microros_ws/install/actionlib_msgs/include/actionlib_msgs/actionlib_msgs/msg/detail/goal_status_array__rosidl_typesupport_fastrtps_c.h
[5.177s] -- Up-to-date symlink: /home/ubuntu/microros_ws/install/actionlib_msgs/include/actionlib_msgs/actionlib_msgs/msg/rosidl_typesupport_fastrtps_c__visibility_control.h
[5.181s] -- Up-to-date symlink: /home/ubuntu/microros_ws/install/actionlib_msgs/include/actionlib_msgs/actionlib_msgs/msg/detail/goal_id__builder.hpp
[5.182s] -- Up-to-date symlink: /home/ubuntu/microros_ws/install/actionlib_msgs/include/actionlib_msgs/actionlib_msgs/msg/detail/goal_id__struct.hpp
[5.183s] -- Up-to-date symlink: /home/ubuntu/microros_ws/install/actionlib_msgs/include/actionlib_msgs/actionlib_msgs/msg/detail/goal_id__traits.hpp
[5.184s] -- Up-to-date symlink: /home/ubuntu/microros_ws/install/actionlib_msgs/include/actionlib_msgs/actionlib_msgs/msg/detail/goal_status__builder.hpp
[5.185s] -- Up-to-date symlink: /home/ubuntu/microros_ws/install/actionlib_msgs/include/actionlib_msgs/actionlib_msgs/msg/detail/goal_status__struct.hpp
[5.186s] -- Up-to-date symlink: /home/ubuntu/microros_ws/install/actionlib_msgs/include/actionlib_msgs/actionlib_msgs/msg/detail/goal_status__traits.hpp
[5.188s] -- Up-to-date symlink: /home/ubuntu/microros_ws/install/actionlib_msgs/include/actionlib_msgs/actionlib_msgs/msg/detail/goal_status_array__builder.hpp
[5.189s] -- Up-to-date symlink: /home/ubuntu/microros_ws/install/actionlib_msgs/include/actionlib_msgs/actionlib_msgs/msg/detail/goal_status_array__struct.hpp
[5.191s] -- Up-to-date symlink: /home/ubuntu/microros_ws/install/actionlib_msgs/include/actionlib_msgs/actionlib_msgs/msg/detail/goal_status_array__traits.hpp
[5.192s] -- Up-to-date symlink: /home/ubuntu/microros_ws/install/actionlib_msgs/include/actionlib_msgs/actionlib_msgs/msg/goal_id.hpp
[5.193s] -- Up-to-date symlink: /home/ubuntu/microros_ws/install/actionlib_msgs/include/actionlib_msgs/actionlib_msgs/msg/goal_status.hpp
[5.194s] -- Up-to-date symlink: /home/ubuntu/microros_ws/install/actionlib_msgs/include/actionlib_msgs/actionlib_msgs/msg/goal_status_array.hpp
[5.198s] -- Up-to-date symlink: /home/ubuntu/microros_ws/install/actionlib_msgs/include/actionlib_msgs/actionlib_msgs/msg/detail/goal_id__rosidl_typesupport_fastrtps_cpp.hpp
[5.199s] -- Up-to-date symlink: /home/ubuntu/microros_ws/install/actionlib_msgs/include/actionlib_msgs/actionlib_msgs/msg/detail/goal_status__rosidl_typesupport_fastrtps_cpp.hpp
[5.202s] -- Up-to-date symlink: /home/ubuntu/microros_ws/install/actionlib_msgs/include/actionlib_msgs/actionlib_msgs/msg/detail/goal_status_array__rosidl_typesupport_fastrtps_cpp.hpp
[5.202s] -- Up-to-date symlink: /home/ubuntu/microros_ws/install/actionlib_msgs/include/actionlib_msgs/actionlib_msgs/msg/rosidl_typesupport_fastrtps_cpp__visibility_control.h
[5.205s] -- Up-to-date symlink: /home/ubuntu/microros_ws/install/actionlib_msgs/include/actionlib_msgs/actionlib_msgs/msg/detail/goal_id__rosidl_typesupport_introspection_c.h
[5.206s] -- Up-to-date symlink: /home/ubuntu/microros_ws/install/actionlib_msgs/include/actionlib_msgs/actionlib_msgs/msg/detail/goal_status__rosidl_typesupport_introspection_c.h
[5.207s] -- Up-to-date symlink: /home/ubuntu/microros_ws/install/actionlib_msgs/include/actionlib_msgs/actionlib_msgs/msg/detail/goal_status_array__rosidl_typesupport_introspection_c.h
[5.209s] -- Up-to-date symlink: /home/ubuntu/microros_ws/install/actionlib_msgs/include/actionlib_msgs/actionlib_msgs/msg/rosidl_typesupport_introspection_c__visibility_control.h
[5.212s] -- Up-to-date symlink: /home/ubuntu/microros_ws/install/actionlib_msgs/include/actionlib_msgs/actionlib_msgs/msg/detail/goal_id__rosidl_typesupport_introspection_cpp.hpp
[5.214s] -- Up-to-date symlink: /home/ubuntu/microros_ws/install/actionlib_msgs/include/actionlib_msgs/actionlib_msgs/msg/detail/goal_status__rosidl_typesupport_introspection_cpp.hpp
[5.215s] -- Up-to-date symlink: /home/ubuntu/microros_ws/install/actionlib_msgs/include/actionlib_msgs/actionlib_msgs/msg/detail/goal_status_array__rosidl_typesupport_introspection_cpp.hpp
[5.244s] -- Up-to-date symlink: /home/ubuntu/microros_ws/install/actionlib_msgs/share/actionlib_msgs/environment/pythonpath.sh
[5.259s] -- Up-to-date symlink: /home/ubuntu/microros_ws/install/actionlib_msgs/share/actionlib_msgs/environment/pythonpath.dsv
[5.261s] -- Up-to-date symlink: /home/ubuntu/microros_ws/install/actionlib_msgs/local/lib/python3.10/dist-packages/actionlib_msgs-4.2.4-py3.10.egg-info/PKG-INFO
[5.262s] -- Up-to-date symlink: /home/ubuntu/microros_ws/install/actionlib_msgs/local/lib/python3.10/dist-packages/actionlib_msgs-4.2.4-py3.10.egg-info/SOURCES.txt
[5.262s] -- Up-to-date symlink: /home/ubuntu/microros_ws/install/actionlib_msgs/local/lib/python3.10/dist-packages/actionlib_msgs-4.2.4-py3.10.egg-info/dependency_links.txt
[5.263s] -- Up-to-date symlink: /home/ubuntu/microros_ws/install/actionlib_msgs/local/lib/python3.10/dist-packages/actionlib_msgs-4.2.4-py3.10.egg-info/top_level.txt
[5.263s] -- Up-to-date symlink: /home/ubuntu/microros_ws/install/actionlib_msgs/local/lib/python3.10/dist-packages/actionlib_msgs/__init__.py
[5.264s] -- Up-to-date symlink: /home/ubuntu/microros_ws/install/actionlib_msgs/local/lib/python3.10/dist-packages/actionlib_msgs/_actionlib_msgs_s.ep.rosidl_typesupport_c.c
[5.264s] -- Up-to-date symlink: /home/ubuntu/microros_ws/install/actionlib_msgs/local/lib/python3.10/dist-packages/actionlib_msgs/_actionlib_msgs_s.ep.rosidl_typesupport_fastrtps_c.c
[5.265s] -- Up-to-date symlink: /home/ubuntu/microros_ws/install/actionlib_msgs/local/lib/python3.10/dist-packages/actionlib_msgs/_actionlib_msgs_s.ep.rosidl_typesupport_introspection_c.c
[5.265s] -- Up-to-date symlink: /home/ubuntu/microros_ws/install/actionlib_msgs/local/lib/python3.10/dist-packages/actionlib_msgs/_actionlib_msgs_s.ep.rosidl_typesupport_microxrcedds_c.c
[5.266s] -- Up-to-date symlink: /home/ubuntu/microros_ws/install/actionlib_msgs/local/lib/python3.10/dist-packages/actionlib_msgs/actionlib_msgs_s__rosidl_typesupport_c.cpython-310-aarch64-linux-gnu.so
[5.266s] -- Up-to-date symlink: /home/ubuntu/microros_ws/install/actionlib_msgs/local/lib/python3.10/dist-packages/actionlib_msgs/actionlib_msgs_s__rosidl_typesupport_fastrtps_c.cpython-310-aarch64-linux-gnu.so
[5.268s] -- Up-to-date symlink: /home/ubuntu/microros_ws/install/actionlib_msgs/local/lib/python3.10/dist-packages/actionlib_msgs/actionlib_msgs_s__rosidl_typesupport_introspection_c.cpython-310-aarch64-linux-gnu.so
[5.271s] -- Up-to-date symlink: /home/ubuntu/microros_ws/install/actionlib_msgs/local/lib/python3.10/dist-packages/actionlib_msgs/actionlib_msgs_s__rosidl_typesupport_microxrcedds_c.cpython-310-aarch64-linux-gnu.so
[5.274s] -- Up-to-date symlink: /home/ubuntu/microros_ws/install/actionlib_msgs/local/lib/python3.10/dist-packages/actionlib_msgs/libactionlib_msgs__rosidl_generator_py.so
[5.279s] -- Up-to-date symlink: /home/ubuntu/microros_ws/install/actionlib_msgs/local/lib/python3.10/dist-packages/actionlib_msgs/msg/__init__.py
[5.281s] -- Up-to-date symlink: /home/ubuntu/microros_ws/install/actionlib_msgs/local/lib/python3.10/dist-packages/actionlib_msgs/msg/_goal_id.py
[5.284s] -- Up-to-date symlink: /home/ubuntu/microros_ws/install/actionlib_msgs/local/lib/python3.10/dist-packages/actionlib_msgs/msg/_goal_id_s.c
[5.287s] -- Up-to-date symlink: /home/ubuntu/microros_ws/install/actionlib_msgs/local/lib/python3.10/dist-packages/actionlib_msgs/msg/_goal_status.py
[5.289s] -- Up-to-date symlink: /home/ubuntu/microros_ws/install/actionlib_msgs/local/lib/python3.10/dist-packages/actionlib_msgs/msg/_goal_status_array.py
[5.293s] -- Up-to-date symlink: /home/ubuntu/microros_ws/install/actionlib_msgs/local/lib/python3.10/dist-packages/actionlib_msgs/msg/_goal_status_array_s.c
[5.295s] -- Up-to-date symlink: /home/ubuntu/microros_ws/install/actionlib_msgs/local/lib/python3.10/dist-packages/actionlib_msgs/msg/_goal_status_s.c
[5.299s] -- Up-to-date symlink: /home/ubuntu/microros_ws/install/actionlib_msgs/local/lib/python3.10/dist-packages/actionlib_msgs/actionlib_msgs_s__rosidl_typesupport_fastrtps_c.cpython-310-aarch64-linux-gnu.so
[5.304s] -- Up-to-date symlink: /home/ubuntu/microros_ws/install/actionlib_msgs/local/lib/python3.10/dist-packages/actionlib_msgs/actionlib_msgs_s__rosidl_typesupport_introspection_c.cpython-310-aarch64-linux-gnu.so
[5.306s] -- Up-to-date symlink: /home/ubuntu/microros_ws/install/actionlib_msgs/local/lib/python3.10/dist-packages/actionlib_msgs/actionlib_msgs_s__rosidl_typesupport_c.cpython-310-aarch64-linux-gnu.so
[5.309s] -- Up-to-date symlink: /home/ubuntu/microros_ws/install/actionlib_msgs/share/actionlib_msgs/msg/GoalID.idl
[5.311s] -- Up-to-date symlink: /home/ubuntu/microros_ws/install/actionlib_msgs/share/actionlib_msgs/msg/GoalStatus.idl
[5.314s] -- Up-to-date symlink: /home/ubuntu/microros_ws/install/actionlib_msgs/share/actionlib_msgs/msg/GoalStatusArray.idl
[5.322s] -- Up-to-date symlink: /home/ubuntu/microros_ws/install/actionlib_msgs/share/actionlib_msgs/msg/GoalID.msg
[5.325s] -- Up-to-date symlink: /home/ubuntu/microros_ws/install/actionlib_msgs/share/actionlib_msgs/msg/GoalStatus.msg
[5.329s] -- Up-to-date symlink: /home/ubuntu/microros_ws/install/actionlib_msgs/share/actionlib_msgs/msg/GoalStatusArray.msg
[5.332s] -- Up-to-date symlink: /home/ubuntu/microros_ws/install/actionlib_msgs/share/ament_index/resource_index/package_run_dependencies/actionlib_msgs
[5.335s] -- Up-to-date symlink: /home/ubuntu/microros_ws/install/actionlib_msgs/share/ament_index/resource_index/parent_prefix_path/actionlib_msgs
[5.337s] -- Up-to-date symlink: /home/ubuntu/microros_ws/install/actionlib_msgs/share/actionlib_msgs/environment/ament_prefix_path.sh
[5.339s] -- Up-to-date symlink: /home/ubuntu/microros_ws/install/actionlib_msgs/share/actionlib_msgs/environment/ament_prefix_path.dsv
[5.342s] -- Up-to-date symlink: /home/ubuntu/microros_ws/install/actionlib_msgs/share/actionlib_msgs/environment/path.sh
[5.345s] -- Up-to-date symlink: /home/ubuntu/microros_ws/install/actionlib_msgs/share/actionlib_msgs/environment/path.dsv
[5.348s] -- Up-to-date symlink: /home/ubuntu/microros_ws/install/actionlib_msgs/share/actionlib_msgs/local_setup.bash
[5.353s] -- Up-to-date symlink: /home/ubuntu/microros_ws/install/actionlib_msgs/share/actionlib_msgs/local_setup.sh
[5.355s] -- Up-to-date symlink: /home/ubuntu/microros_ws/install/actionlib_msgs/share/actionlib_msgs/local_setup.zsh
[5.375s] -- Up-to-date symlink: /home/ubuntu/microros_ws/install/actionlib_msgs/share/actionlib_msgs/local_setup.dsv
[5.379s] -- Symlinking: /home/ubuntu/microros_ws/install/actionlib_msgs/share/actionlib_msgs/package.dsv
[5.445s] -- Up-to-date symlink: /home/ubuntu/microros_ws/install/actionlib_msgs/share/ament_index/resource_index/packages/actionlib_msgs
[5.448s] -- Up-to-date symlink: /home/ubuntu/microros_ws/install/actionlib_msgs/share/actionlib_msgs/cmake/rosidl_cmake-extras.cmake
[5.450s] -- Up-to-date symlink: /home/ubuntu/microros_ws/install/actionlib_msgs/share/actionlib_msgs/cmake/ament_cmake_export_dependencies-extras.cmake
[5.453s] -- Up-to-date symlink: /home/ubuntu/microros_ws/install/actionlib_msgs/share/actionlib_msgs/cmake/ament_cmake_export_include_directories-extras.cmake
[5.456s] -- Up-to-date symlink: /home/ubuntu/microros_ws/install/actionlib_msgs/share/actionlib_msgs/cmake/ament_cmake_export_libraries-extras.cmake
[5.459s] -- Up-to-date symlink: /home/ubuntu/microros_ws/install/actionlib_msgs/share/actionlib_msgs/cmake/ament_cmake_export_targets-extras.cmake
[5.462s] -- Up-to-date symlink: /home/ubuntu/microros_ws/install/actionlib_msgs/share/actionlib_msgs/cmake/rosidl_cmake_export_typesupport_targets-extras.cmake
[5.465s] -- Up-to-date symlink: /home/ubuntu/microros_ws/install/actionlib_msgs/share/actionlib_msgs/cmake/rosidl_cmake_export_typesupport_libraries-extras.cmake
[5.469s] -- Up-to-date symlink: /home/ubuntu/microros_ws/install/actionlib_msgs/share/actionlib_msgs/cmake/actionlib_msgsConfig.cmake
[5.473s] -- Up-to-date symlink: /home/ubuntu/microros_ws/install/actionlib_msgs/share/actionlib_msgs/cmake/actionlib_msgsConfig-version.cmake
[5.479s] -- Up-to-date symlink: /home/ubuntu/microros_ws/install/actionlib_msgs/share/actionlib_msgs/package.xml
[5.495s] -- Up-to-date: /home/ubuntu/microros_ws/install/actionlib_msgs/lib/libactionlib_msgs__rosidl_generator_c.so
[5.497s] -- Up-to-date: /home/ubuntu/microros_ws/install/actionlib_msgs/lib/libactionlib_msgs__rosidl_typesupport_fastrtps_c.so
[5.498s] -- Up-to-date: /home/ubuntu/microros_ws/install/actionlib_msgs/lib/libactionlib_msgs__rosidl_typesupport_fastrtps_cpp.so
[5.505s] -- Up-to-date: /home/ubuntu/microros_ws/install/actionlib_msgs/lib/libactionlib_msgs__rosidl_typesupport_introspection_c.so
[5.513s] -- Up-to-date: /home/ubuntu/microros_ws/install/actionlib_msgs/lib/libactionlib_msgs__rosidl_typesupport_c.so
[5.516s] -- Up-to-date: /home/ubuntu/microros_ws/install/actionlib_msgs/lib/libactionlib_msgs__rosidl_typesupport_introspection_cpp.so
[5.529s] -- Up-to-date: /home/ubuntu/microros_ws/install/actionlib_msgs/lib/libactionlib_msgs__rosidl_typesupport_cpp.so
[5.761s] Listing '/home/ubuntu/microros_ws/install/actionlib_msgs/local/lib/python3.10/dist-packages/actionlib_msgs'...
[5.762s] Listing '/home/ubuntu/microros_ws/install/actionlib_msgs/local/lib/python3.10/dist-packages/actionlib_msgs/msg'...
[5.799s] -- Up-to-date: /home/ubuntu/microros_ws/install/actionlib_msgs/lib/libactionlib_msgs__rosidl_generator_py.so
[5.802s] -- Up-to-date: /home/ubuntu/microros_ws/install/actionlib_msgs/share/actionlib_msgs/cmake/export_actionlib_msgs__rosidl_generator_cExport.cmake
[5.804s] -- Up-to-date: /home/ubuntu/microros_ws/install/actionlib_msgs/share/actionlib_msgs/cmake/export_actionlib_msgs__rosidl_generator_cExport-noconfig.cmake
[5.805s] -- Up-to-date: /home/ubuntu/microros_ws/install/actionlib_msgs/share/actionlib_msgs/cmake/export_actionlib_msgs__rosidl_typesupport_fastrtps_cExport.cmake
[5.807s] -- Up-to-date: /home/ubuntu/microros_ws/install/actionlib_msgs/share/actionlib_msgs/cmake/export_actionlib_msgs__rosidl_typesupport_fastrtps_cExport-noconfig.cmake
[5.818s] -- Up-to-date: /home/ubuntu/microros_ws/install/actionlib_msgs/share/actionlib_msgs/cmake/export_actionlib_msgs__rosidl_generator_cppExport.cmake
[5.822s] -- Up-to-date: /home/ubuntu/microros_ws/install/actionlib_msgs/share/actionlib_msgs/cmake/export_actionlib_msgs__rosidl_typesupport_fastrtps_cppExport.cmake
[5.824s] -- Up-to-date: /home/ubuntu/microros_ws/install/actionlib_msgs/share/actionlib_msgs/cmake/export_actionlib_msgs__rosidl_typesupport_fastrtps_cppExport-noconfig.cmake
[5.824s] -- Up-to-date: /home/ubuntu/microros_ws/install/actionlib_msgs/share/actionlib_msgs/cmake/actionlib_msgs__rosidl_typesupport_introspection_cExport.cmake
[5.825s] -- Up-to-date: /home/ubuntu/microros_ws/install/actionlib_msgs/share/actionlib_msgs/cmake/actionlib_msgs__rosidl_typesupport_introspection_cExport-noconfig.cmake
[5.826s] -- Up-to-date: /home/ubuntu/microros_ws/install/actionlib_msgs/share/actionlib_msgs/cmake/actionlib_msgs__rosidl_typesupport_cExport.cmake
[5.826s] -- Up-to-date: /home/ubuntu/microros_ws/install/actionlib_msgs/share/actionlib_msgs/cmake/actionlib_msgs__rosidl_typesupport_cExport-noconfig.cmake
[5.827s] -- Up-to-date: /home/ubuntu/microros_ws/install/actionlib_msgs/share/actionlib_msgs/cmake/actionlib_msgs__rosidl_typesupport_introspection_cppExport.cmake
[5.827s] -- Up-to-date: /home/ubuntu/microros_ws/install/actionlib_msgs/share/actionlib_msgs/cmake/actionlib_msgs__rosidl_typesupport_introspection_cppExport-noconfig.cmake
[5.828s] -- Up-to-date: /home/ubuntu/microros_ws/install/actionlib_msgs/share/actionlib_msgs/cmake/actionlib_msgs__rosidl_typesupport_cppExport.cmake
[5.829s] -- Up-to-date: /home/ubuntu/microros_ws/install/actionlib_msgs/share/actionlib_msgs/cmake/actionlib_msgs__rosidl_typesupport_cppExport-noconfig.cmake
[5.829s] -- Up-to-date: /home/ubuntu/microros_ws/install/actionlib_msgs/share/actionlib_msgs/cmake/export_actionlib_msgs__rosidl_generator_pyExport.cmake
[5.830s] -- Up-to-date: /home/ubuntu/microros_ws/install/actionlib_msgs/share/actionlib_msgs/cmake/export_actionlib_msgs__rosidl_generator_pyExport-noconfig.cmake
[5.868s] Invoked command in '/home/ubuntu/microros_ws/build/actionlib_msgs' returned '0': AMENT_PREFIX_PATH=/home/ubuntu/microros_ws/install/std_msgs:/home/ubuntu/microros_ws/install/builtin_interfaces:${AMENT_PREFIX_PATH} CMAKE_PREFIX_PATH=/home/ubuntu/microros_ws/install/std_msgs:/home/ubuntu/microros_ws/install/builtin_interfaces:/opt/ros/humble LD_LIBRARY_PATH=/home/ubuntu/microros_ws/install/std_msgs/lib:/home/ubuntu/microros_ws/install/builtin_interfaces/lib:${LD_LIBRARY_PATH} PYTHONPATH=/home/ubuntu/microros_ws/install/std_msgs/local/lib/python3.10/dist-packages:/home/ubuntu/microros_ws/install/builtin_interfaces/local/lib/python3.10/dist-packages:${PYTHONPATH} /usr/bin/cmake --install /home/ubuntu/microros_ws/build/actionlib_msgs
