[0.238s] Invoking command in '/home/ubuntu/microros_ws/build/visualization_msgs': CMAKE_PREFIX_PATH=/home/ubuntu/microros_ws/install/sensor_msgs:/home/ubuntu/microros_ws/install/geometry_msgs:/home/ubuntu/microros_ws/install/std_msgs:/home/ubuntu/microros_ws/install/builtin_interfaces:/home/ubuntu/microros_ws/install/micro_ros_demos_rclc:/home/ubuntu/microros_ws/install/common_interfaces:/home/ubuntu/microros_ws/install/visualization_msgs:/home/ubuntu/microros_ws/install/test_msgs:/home/ubuntu/microros_ws/install/example_interfaces:/home/ubuntu/microros_ws/install/action_msgs:/home/ubuntu/microros_ws/install/unique_identifier_msgs:/home/ubuntu/microros_ws/install/trajectory_msgs:/home/ubuntu/microros_ws/install/stereo_msgs:/home/ubuntu/microros_ws/install/sensor_msgs_py:/opt/ros/humble:/home/ubuntu/microros_ws/install/rplidar_ros:/home/ubuntu/microros_ws/install/astra_camera:/home/ubuntu/microros_ws/install/std_srvs:/home/ubuntu/microros_ws/install/shape_msgs:/home/ubuntu/microros_ws/install/astra_camera_msgs:/home/ubuntu/microros_ws/install/nav_msgs:/home/ubuntu/microros_ws/install/diagnostic_msgs:/home/ubuntu/microros_ws/install/actionlib_msgs:/home/ubuntu/microros_ws/install/statistics_msgs:/home/ubuntu/microros_ws/install/rosidl_typesupport_microxrcedds_test_msg:/home/ubuntu/microros_ws/install/rosidl_typesupport_microxrcedds_cpp_tests:/home/ubuntu/microros_ws/install/rmw_microxrcedds:/home/ubuntu/microros_ws/install/rosidl_typesupport_microxrcedds_cpp:/home/ubuntu/microros_ws/install/rosidl_typesupport_microxrcedds_c_tests:/home/ubuntu/microros_ws/install/rosidl_typesupport_microxrcedds_c:/home/ubuntu/microros_ws/install/rosgraph_msgs:/home/ubuntu/microros_ws/install/rclc_parameter:/home/ubuntu/microros_ws/install/rclc:/home/ubuntu/microros_ws/install/composition_interfaces:/home/ubuntu/microros_ws/install/rcl_interfaces:/home/ubuntu/microros_ws/install/microxrcedds_client:/home/ubuntu/microros_ws/install/microcdr:/home/ubuntu/microros_ws/install/micro_ros_utilities:/home/ubuntu/microros_ws/install/micro_ros_setup:/home/ubuntu/microros_ws/install/micro_ros_agent:/home/ubuntu/microros_ws/install/micro_ros_msgs:/home/ubuntu/microros_ws/install/lifecycle_msgs:/home/ubuntu/microros_ws/install/complex_msgs LD_LIBRARY_PATH=/home/ubuntu/microros_ws/install/sensor_msgs/lib:/home/ubuntu/microros_ws/install/geometry_msgs/lib:/home/ubuntu/microros_ws/install/std_msgs/lib:/home/ubuntu/microros_ws/install/builtin_interfaces/lib:/home/ubuntu/microros_ws/install/visualization_msgs/lib:/home/ubuntu/microros_ws/install/test_msgs/lib:/home/ubuntu/microros_ws/install/example_interfaces/lib:/home/ubuntu/microros_ws/install/action_msgs/lib:/home/ubuntu/microros_ws/install/unique_identifier_msgs/lib:/home/ubuntu/microros_ws/install/trajectory_msgs/lib:/home/ubuntu/microros_ws/install/stereo_msgs/lib:/home/ubuntu/microros_ws/install/astra_camera/lib:/home/ubuntu/microros_ws/install/std_srvs/lib:/home/ubuntu/microros_ws/install/shape_msgs/lib:/home/ubuntu/microros_ws/install/astra_camera_msgs/lib:/home/ubuntu/microros_ws/install/nav_msgs/lib:/home/ubuntu/microros_ws/install/diagnostic_msgs/lib:/home/ubuntu/microros_ws/install/actionlib_msgs/lib:/home/ubuntu/microros_ws/install/statistics_msgs/lib:/home/ubuntu/microros_ws/install/rmw_microxrcedds/lib:/home/ubuntu/microros_ws/install/rosidl_typesupport_microxrcedds_cpp/lib:/home/ubuntu/microros_ws/install/rosidl_typesupport_microxrcedds_c/lib:/home/ubuntu/microros_ws/install/rosgraph_msgs/lib:/home/ubuntu/microros_ws/install/rclc_parameter/lib:/home/ubuntu/microros_ws/install/rclc/lib:/home/ubuntu/microros_ws/install/composition_interfaces/lib:/home/ubuntu/microros_ws/install/rcl_interfaces/lib:/home/ubuntu/microros_ws/install/microxrcedds_client/lib:/home/ubuntu/microros_ws/install/microcdr/lib:/home/ubuntu/microros_ws/install/micro_ros_utilities/lib:/home/ubuntu/microros_ws/install/micro_ros_agent/lib:/home/ubuntu/microros_ws/install/micro_ros_msgs/lib:/home/ubuntu/microros_ws/install/lifecycle_msgs/lib:/home/ubuntu/microros_ws/install/complex_msgs/lib:/opt/ros/humble/opt/rviz_ogre_vendor/lib:/opt/ros/humble/lib/aarch64-linux-gnu:/opt/ros/humble/lib /usr/bin/cmake --build /home/ubuntu/microros_ws/build/visualization_msgs -- -j4 -l4
[0.805s] [  0%] Built target visualization_msgs__cpp
[1.131s] [  0%] Built target ament_cmake_python_symlink_visualization_msgs
[1.331s] [35m[1mConsolidate compiler generated dependencies of target visualization_msgs__rosidl_typesupport_fastrtps_cpp[0m
[1.637s] [  9%] Built target visualization_msgs__rosidl_typesupport_fastrtps_cpp
[1.804s] [35m[1mConsolidate compiler generated dependencies of target visualization_msgs__rosidl_typesupport_microxrcedds_cpp[0m
[2.025s] [ 10%] [32m[1mLinking CXX shared library libvisualization_msgs__rosidl_typesupport_microxrcedds_cpp.so[0m
[2.769s] [ 19%] Built target visualization_msgs__rosidl_typesupport_microxrcedds_cpp
[2.974s] [35m[1mConsolidate compiler generated dependencies of target visualization_msgs__rosidl_typesupport_introspection_cpp[0m
[3.191s] [ 28%] Built target visualization_msgs__rosidl_typesupport_introspection_cpp
[5.552s] running egg_info
[5.558s] writing visualization_msgs.egg-info/PKG-INFO
[5.561s] writing dependency_links to visualization_msgs.egg-info/dependency_links.txt
[5.564s] writing top-level names to visualization_msgs.egg-info/top_level.txt
[5.591s] reading manifest file 'visualization_msgs.egg-info/SOURCES.txt'
[5.627s] writing manifest file 'visualization_msgs.egg-info/SOURCES.txt'
[5.919s] [ 28%] Built target ament_cmake_python_build_visualization_msgs_egg
[6.090s] [35m[1mConsolidate compiler generated dependencies of target visualization_msgs__rosidl_typesupport_cpp[0m
[6.277s] [ 37%] Built target visualization_msgs__rosidl_typesupport_cpp
[6.459s] [35m[1mConsolidate compiler generated dependencies of target visualization_msgs__rosidl_generator_c[0m
[6.699s] [ 46%] Built target visualization_msgs__rosidl_generator_c
[6.910s] [35m[1mConsolidate compiler generated dependencies of target visualization_msgs__rosidl_typesupport_fastrtps_c[0m
[7.166s] [ 56%] Built target visualization_msgs__rosidl_typesupport_fastrtps_c
[7.362s] [35m[1mConsolidate compiler generated dependencies of target visualization_msgs__rosidl_typesupport_c[0m
[7.506s] [ 65%] Built target visualization_msgs__rosidl_typesupport_c
[7.675s] [35m[1mConsolidate compiler generated dependencies of target visualization_msgs__rosidl_typesupport_introspection_c[0m
[7.865s] [ 75%] Built target visualization_msgs__rosidl_typesupport_introspection_c
[8.064s] [35m[1mConsolidate compiler generated dependencies of target visualization_msgs__rosidl_typesupport_microxrcedds_c[0m
[8.316s] [ 85%] Built target visualization_msgs__rosidl_typesupport_microxrcedds_c
[8.623s] [ 85%] Built target visualization_msgs
[8.960s] [ 86%] Built target visualization_msgs__py
[9.164s] [35m[1mConsolidate compiler generated dependencies of target visualization_msgs__rosidl_generator_py[0m
[9.406s] [ 95%] Built target visualization_msgs__rosidl_generator_py
[9.569s] [35m[1mConsolidate compiler generated dependencies of target visualization_msgs__rosidl_typesupport_microxrcedds_c__pyext[0m
[9.711s] [ 96%] Built target visualization_msgs__rosidl_typesupport_microxrcedds_c__pyext
[9.918s] [35m[1mConsolidate compiler generated dependencies of target visualization_msgs__rosidl_typesupport_c__pyext[0m
[10.079s] [ 98%] Built target visualization_msgs__rosidl_typesupport_c__pyext
[10.243s] [35m[1mConsolidate compiler generated dependencies of target visualization_msgs__rosidl_typesupport_introspection_c__pyext[0m
[10.425s] [ 99%] Built target visualization_msgs__rosidl_typesupport_introspection_c__pyext
[10.583s] [35m[1mConsolidate compiler generated dependencies of target visualization_msgs__rosidl_typesupport_fastrtps_c__pyext[0m
[10.734s] [100%] Built target visualization_msgs__rosidl_typesupport_fastrtps_c__pyext
[10.849s] Invoked command in '/home/ubuntu/microros_ws/build/visualization_msgs' returned '0': CMAKE_PREFIX_PATH=/home/ubuntu/microros_ws/install/sensor_msgs:/home/ubuntu/microros_ws/install/geometry_msgs:/home/ubuntu/microros_ws/install/std_msgs:/home/ubuntu/microros_ws/install/builtin_interfaces:/home/ubuntu/microros_ws/install/micro_ros_demos_rclc:/home/ubuntu/microros_ws/install/common_interfaces:/home/ubuntu/microros_ws/install/visualization_msgs:/home/ubuntu/microros_ws/install/test_msgs:/home/ubuntu/microros_ws/install/example_interfaces:/home/ubuntu/microros_ws/install/action_msgs:/home/ubuntu/microros_ws/install/unique_identifier_msgs:/home/ubuntu/microros_ws/install/trajectory_msgs:/home/ubuntu/microros_ws/install/stereo_msgs:/home/ubuntu/microros_ws/install/sensor_msgs_py:/opt/ros/humble:/home/ubuntu/microros_ws/install/rplidar_ros:/home/ubuntu/microros_ws/install/astra_camera:/home/ubuntu/microros_ws/install/std_srvs:/home/ubuntu/microros_ws/install/shape_msgs:/home/ubuntu/microros_ws/install/astra_camera_msgs:/home/ubuntu/microros_ws/install/nav_msgs:/home/ubuntu/microros_ws/install/diagnostic_msgs:/home/ubuntu/microros_ws/install/actionlib_msgs:/home/ubuntu/microros_ws/install/statistics_msgs:/home/ubuntu/microros_ws/install/rosidl_typesupport_microxrcedds_test_msg:/home/ubuntu/microros_ws/install/rosidl_typesupport_microxrcedds_cpp_tests:/home/ubuntu/microros_ws/install/rmw_microxrcedds:/home/ubuntu/microros_ws/install/rosidl_typesupport_microxrcedds_cpp:/home/ubuntu/microros_ws/install/rosidl_typesupport_microxrcedds_c_tests:/home/ubuntu/microros_ws/install/rosidl_typesupport_microxrcedds_c:/home/ubuntu/microros_ws/install/rosgraph_msgs:/home/ubuntu/microros_ws/install/rclc_parameter:/home/ubuntu/microros_ws/install/rclc:/home/ubuntu/microros_ws/install/composition_interfaces:/home/ubuntu/microros_ws/install/rcl_interfaces:/home/ubuntu/microros_ws/install/microxrcedds_client:/home/ubuntu/microros_ws/install/microcdr:/home/ubuntu/microros_ws/install/micro_ros_utilities:/home/ubuntu/microros_ws/install/micro_ros_setup:/home/ubuntu/microros_ws/install/micro_ros_agent:/home/ubuntu/microros_ws/install/micro_ros_msgs:/home/ubuntu/microros_ws/install/lifecycle_msgs:/home/ubuntu/microros_ws/install/complex_msgs LD_LIBRARY_PATH=/home/ubuntu/microros_ws/install/sensor_msgs/lib:/home/ubuntu/microros_ws/install/geometry_msgs/lib:/home/ubuntu/microros_ws/install/std_msgs/lib:/home/ubuntu/microros_ws/install/builtin_interfaces/lib:/home/ubuntu/microros_ws/install/visualization_msgs/lib:/home/ubuntu/microros_ws/install/test_msgs/lib:/home/ubuntu/microros_ws/install/example_interfaces/lib:/home/ubuntu/microros_ws/install/action_msgs/lib:/home/ubuntu/microros_ws/install/unique_identifier_msgs/lib:/home/ubuntu/microros_ws/install/trajectory_msgs/lib:/home/ubuntu/microros_ws/install/stereo_msgs/lib:/home/ubuntu/microros_ws/install/astra_camera/lib:/home/ubuntu/microros_ws/install/std_srvs/lib:/home/ubuntu/microros_ws/install/shape_msgs/lib:/home/ubuntu/microros_ws/install/astra_camera_msgs/lib:/home/ubuntu/microros_ws/install/nav_msgs/lib:/home/ubuntu/microros_ws/install/diagnostic_msgs/lib:/home/ubuntu/microros_ws/install/actionlib_msgs/lib:/home/ubuntu/microros_ws/install/statistics_msgs/lib:/home/ubuntu/microros_ws/install/rmw_microxrcedds/lib:/home/ubuntu/microros_ws/install/rosidl_typesupport_microxrcedds_cpp/lib:/home/ubuntu/microros_ws/install/rosidl_typesupport_microxrcedds_c/lib:/home/ubuntu/microros_ws/install/rosgraph_msgs/lib:/home/ubuntu/microros_ws/install/rclc_parameter/lib:/home/ubuntu/microros_ws/install/rclc/lib:/home/ubuntu/microros_ws/install/composition_interfaces/lib:/home/ubuntu/microros_ws/install/rcl_interfaces/lib:/home/ubuntu/microros_ws/install/microxrcedds_client/lib:/home/ubuntu/microros_ws/install/microcdr/lib:/home/ubuntu/microros_ws/install/micro_ros_utilities/lib:/home/ubuntu/microros_ws/install/micro_ros_agent/lib:/home/ubuntu/microros_ws/install/micro_ros_msgs/lib:/home/ubuntu/microros_ws/install/lifecycle_msgs/lib:/home/ubuntu/microros_ws/install/complex_msgs/lib:/opt/ros/humble/opt/rviz_ogre_vendor/lib:/opt/ros/humble/lib/aarch64-linux-gnu:/opt/ros/humble/lib /usr/bin/cmake --build /home/ubuntu/microros_ws/build/visualization_msgs -- -j4 -l4
[17.243s] Invoking command in '/home/ubuntu/microros_ws/build/visualization_msgs': CMAKE_PREFIX_PATH=/home/ubuntu/microros_ws/install/sensor_msgs:/home/ubuntu/microros_ws/install/geometry_msgs:/home/ubuntu/microros_ws/install/std_msgs:/home/ubuntu/microros_ws/install/builtin_interfaces:/home/ubuntu/microros_ws/install/micro_ros_demos_rclc:/home/ubuntu/microros_ws/install/common_interfaces:/home/ubuntu/microros_ws/install/visualization_msgs:/home/ubuntu/microros_ws/install/test_msgs:/home/ubuntu/microros_ws/install/example_interfaces:/home/ubuntu/microros_ws/install/action_msgs:/home/ubuntu/microros_ws/install/unique_identifier_msgs:/home/ubuntu/microros_ws/install/trajectory_msgs:/home/ubuntu/microros_ws/install/stereo_msgs:/home/ubuntu/microros_ws/install/sensor_msgs_py:/opt/ros/humble:/home/ubuntu/microros_ws/install/rplidar_ros:/home/ubuntu/microros_ws/install/astra_camera:/home/ubuntu/microros_ws/install/std_srvs:/home/ubuntu/microros_ws/install/shape_msgs:/home/ubuntu/microros_ws/install/astra_camera_msgs:/home/ubuntu/microros_ws/install/nav_msgs:/home/ubuntu/microros_ws/install/diagnostic_msgs:/home/ubuntu/microros_ws/install/actionlib_msgs:/home/ubuntu/microros_ws/install/statistics_msgs:/home/ubuntu/microros_ws/install/rosidl_typesupport_microxrcedds_test_msg:/home/ubuntu/microros_ws/install/rosidl_typesupport_microxrcedds_cpp_tests:/home/ubuntu/microros_ws/install/rmw_microxrcedds:/home/ubuntu/microros_ws/install/rosidl_typesupport_microxrcedds_cpp:/home/ubuntu/microros_ws/install/rosidl_typesupport_microxrcedds_c_tests:/home/ubuntu/microros_ws/install/rosidl_typesupport_microxrcedds_c:/home/ubuntu/microros_ws/install/rosgraph_msgs:/home/ubuntu/microros_ws/install/rclc_parameter:/home/ubuntu/microros_ws/install/rclc:/home/ubuntu/microros_ws/install/composition_interfaces:/home/ubuntu/microros_ws/install/rcl_interfaces:/home/ubuntu/microros_ws/install/microxrcedds_client:/home/ubuntu/microros_ws/install/microcdr:/home/ubuntu/microros_ws/install/micro_ros_utilities:/home/ubuntu/microros_ws/install/micro_ros_setup:/home/ubuntu/microros_ws/install/micro_ros_agent:/home/ubuntu/microros_ws/install/micro_ros_msgs:/home/ubuntu/microros_ws/install/lifecycle_msgs:/home/ubuntu/microros_ws/install/complex_msgs LD_LIBRARY_PATH=/home/ubuntu/microros_ws/install/sensor_msgs/lib:/home/ubuntu/microros_ws/install/geometry_msgs/lib:/home/ubuntu/microros_ws/install/std_msgs/lib:/home/ubuntu/microros_ws/install/builtin_interfaces/lib:/home/ubuntu/microros_ws/install/visualization_msgs/lib:/home/ubuntu/microros_ws/install/test_msgs/lib:/home/ubuntu/microros_ws/install/example_interfaces/lib:/home/ubuntu/microros_ws/install/action_msgs/lib:/home/ubuntu/microros_ws/install/unique_identifier_msgs/lib:/home/ubuntu/microros_ws/install/trajectory_msgs/lib:/home/ubuntu/microros_ws/install/stereo_msgs/lib:/home/ubuntu/microros_ws/install/astra_camera/lib:/home/ubuntu/microros_ws/install/std_srvs/lib:/home/ubuntu/microros_ws/install/shape_msgs/lib:/home/ubuntu/microros_ws/install/astra_camera_msgs/lib:/home/ubuntu/microros_ws/install/nav_msgs/lib:/home/ubuntu/microros_ws/install/diagnostic_msgs/lib:/home/ubuntu/microros_ws/install/actionlib_msgs/lib:/home/ubuntu/microros_ws/install/statistics_msgs/lib:/home/ubuntu/microros_ws/install/rmw_microxrcedds/lib:/home/ubuntu/microros_ws/install/rosidl_typesupport_microxrcedds_cpp/lib:/home/ubuntu/microros_ws/install/rosidl_typesupport_microxrcedds_c/lib:/home/ubuntu/microros_ws/install/rosgraph_msgs/lib:/home/ubuntu/microros_ws/install/rclc_parameter/lib:/home/ubuntu/microros_ws/install/rclc/lib:/home/ubuntu/microros_ws/install/composition_interfaces/lib:/home/ubuntu/microros_ws/install/rcl_interfaces/lib:/home/ubuntu/microros_ws/install/microxrcedds_client/lib:/home/ubuntu/microros_ws/install/microcdr/lib:/home/ubuntu/microros_ws/install/micro_ros_utilities/lib:/home/ubuntu/microros_ws/install/micro_ros_agent/lib:/home/ubuntu/microros_ws/install/micro_ros_msgs/lib:/home/ubuntu/microros_ws/install/lifecycle_msgs/lib:/home/ubuntu/microros_ws/install/complex_msgs/lib:/opt/ros/humble/opt/rviz_ogre_vendor/lib:/opt/ros/humble/lib/aarch64-linux-gnu:/opt/ros/humble/lib /usr/bin/cmake --install /home/ubuntu/microros_ws/build/visualization_msgs
[17.308s] -- Install configuration: "Release"
[17.314s] -- Execute custom install script
[17.317s] -- Up-to-date symlink: /home/ubuntu/microros_ws/install/visualization_msgs/share/ament_index/resource_index/rosidl_interfaces/visualization_msgs
[17.330s] -- Up-to-date symlink: /home/ubuntu/microros_ws/install/visualization_msgs/include/visualization_msgs/visualization_msgs/msg/detail/image_marker__functions.h
[17.331s] -- Up-to-date symlink: /home/ubuntu/microros_ws/install/visualization_msgs/include/visualization_msgs/visualization_msgs/msg/detail/image_marker__struct.h
[17.331s] -- Up-to-date symlink: /home/ubuntu/microros_ws/install/visualization_msgs/include/visualization_msgs/visualization_msgs/msg/detail/image_marker__type_support.h
[17.332s] -- Up-to-date symlink: /home/ubuntu/microros_ws/install/visualization_msgs/include/visualization_msgs/visualization_msgs/msg/detail/interactive_marker__functions.h
[17.332s] -- Up-to-date symlink: /home/ubuntu/microros_ws/install/visualization_msgs/include/visualization_msgs/visualization_msgs/msg/detail/interactive_marker__struct.h
[17.333s] -- Up-to-date symlink: /home/ubuntu/microros_ws/install/visualization_msgs/include/visualization_msgs/visualization_msgs/msg/detail/interactive_marker__type_support.h
[17.334s] -- Up-to-date symlink: /home/ubuntu/microros_ws/install/visualization_msgs/include/visualization_msgs/visualization_msgs/msg/detail/interactive_marker_control__functions.h
[17.338s] -- Up-to-date symlink: /home/ubuntu/microros_ws/install/visualization_msgs/include/visualization_msgs/visualization_msgs/msg/detail/interactive_marker_control__struct.h
[17.338s] -- Up-to-date symlink: /home/ubuntu/microros_ws/install/visualization_msgs/include/visualization_msgs/visualization_msgs/msg/detail/interactive_marker_control__type_support.h
[17.339s] -- Up-to-date symlink: /home/ubuntu/microros_ws/install/visualization_msgs/include/visualization_msgs/visualization_msgs/msg/detail/interactive_marker_feedback__functions.h
[17.345s] -- Up-to-date symlink: /home/ubuntu/microros_ws/install/visualization_msgs/include/visualization_msgs/visualization_msgs/msg/detail/interactive_marker_feedback__struct.h
[17.346s] -- Up-to-date symlink: /home/ubuntu/microros_ws/install/visualization_msgs/include/visualization_msgs/visualization_msgs/msg/detail/interactive_marker_feedback__type_support.h
[17.347s] -- Up-to-date symlink: /home/ubuntu/microros_ws/install/visualization_msgs/include/visualization_msgs/visualization_msgs/msg/detail/interactive_marker_init__functions.h
[17.350s] -- Up-to-date symlink: /home/ubuntu/microros_ws/install/visualization_msgs/include/visualization_msgs/visualization_msgs/msg/detail/interactive_marker_init__struct.h
[17.363s] -- Up-to-date symlink: /home/ubuntu/microros_ws/install/visualization_msgs/include/visualization_msgs/visualization_msgs/msg/detail/interactive_marker_init__type_support.h
[17.365s] -- Up-to-date symlink: /home/ubuntu/microros_ws/install/visualization_msgs/include/visualization_msgs/visualization_msgs/msg/detail/interactive_marker_pose__functions.h
[17.366s] -- Up-to-date symlink: /home/ubuntu/microros_ws/install/visualization_msgs/include/visualization_msgs/visualization_msgs/msg/detail/interactive_marker_pose__struct.h
[17.367s] -- Up-to-date symlink: /home/ubuntu/microros_ws/install/visualization_msgs/include/visualization_msgs/visualization_msgs/msg/detail/interactive_marker_pose__type_support.h
[17.368s] -- Up-to-date symlink: /home/ubuntu/microros_ws/install/visualization_msgs/include/visualization_msgs/visualization_msgs/msg/detail/interactive_marker_update__functions.h
[17.369s] -- Up-to-date symlink: /home/ubuntu/microros_ws/install/visualization_msgs/include/visualization_msgs/visualization_msgs/msg/detail/interactive_marker_update__struct.h
[17.370s] -- Up-to-date symlink: /home/ubuntu/microros_ws/install/visualization_msgs/include/visualization_msgs/visualization_msgs/msg/detail/interactive_marker_update__type_support.h
[17.370s] -- Up-to-date symlink: /home/ubuntu/microros_ws/install/visualization_msgs/include/visualization_msgs/visualization_msgs/msg/detail/marker__functions.h
[17.371s] -- Up-to-date symlink: /home/ubuntu/microros_ws/install/visualization_msgs/include/visualization_msgs/visualization_msgs/msg/detail/marker__struct.h
[17.372s] -- Up-to-date symlink: /home/ubuntu/microros_ws/install/visualization_msgs/include/visualization_msgs/visualization_msgs/msg/detail/marker__type_support.h
[17.373s] -- Up-to-date symlink: /home/ubuntu/microros_ws/install/visualization_msgs/include/visualization_msgs/visualization_msgs/msg/detail/marker_array__functions.h
[17.375s] -- Up-to-date symlink: /home/ubuntu/microros_ws/install/visualization_msgs/include/visualization_msgs/visualization_msgs/msg/detail/marker_array__struct.h
[17.376s] -- Up-to-date symlink: /home/ubuntu/microros_ws/install/visualization_msgs/include/visualization_msgs/visualization_msgs/msg/detail/marker_array__type_support.h
[17.381s] -- Up-to-date symlink: /home/ubuntu/microros_ws/install/visualization_msgs/include/visualization_msgs/visualization_msgs/msg/detail/menu_entry__functions.h
[17.388s] -- Up-to-date symlink: /home/ubuntu/microros_ws/install/visualization_msgs/include/visualization_msgs/visualization_msgs/msg/detail/menu_entry__struct.h
[17.389s] -- Up-to-date symlink: /home/ubuntu/microros_ws/install/visualization_msgs/include/visualization_msgs/visualization_msgs/msg/detail/menu_entry__type_support.h
[17.389s] -- Up-to-date symlink: /home/ubuntu/microros_ws/install/visualization_msgs/include/visualization_msgs/visualization_msgs/msg/detail/mesh_file__functions.h
[17.390s] -- Up-to-date symlink: /home/ubuntu/microros_ws/install/visualization_msgs/include/visualization_msgs/visualization_msgs/msg/detail/mesh_file__struct.h
[17.391s] -- Up-to-date symlink: /home/ubuntu/microros_ws/install/visualization_msgs/include/visualization_msgs/visualization_msgs/msg/detail/mesh_file__type_support.h
[17.391s] -- Up-to-date symlink: /home/ubuntu/microros_ws/install/visualization_msgs/include/visualization_msgs/visualization_msgs/msg/detail/uv_coordinate__functions.h
[17.392s] -- Up-to-date symlink: /home/ubuntu/microros_ws/install/visualization_msgs/include/visualization_msgs/visualization_msgs/msg/detail/uv_coordinate__struct.h
[17.393s] -- Up-to-date symlink: /home/ubuntu/microros_ws/install/visualization_msgs/include/visualization_msgs/visualization_msgs/msg/detail/uv_coordinate__type_support.h
[17.393s] -- Up-to-date symlink: /home/ubuntu/microros_ws/install/visualization_msgs/include/visualization_msgs/visualization_msgs/msg/image_marker.h
[17.395s] -- Up-to-date symlink: /home/ubuntu/microros_ws/install/visualization_msgs/include/visualization_msgs/visualization_msgs/msg/interactive_marker.h
[17.395s] -- Up-to-date symlink: /home/ubuntu/microros_ws/install/visualization_msgs/include/visualization_msgs/visualization_msgs/msg/interactive_marker_control.h
[17.397s] -- Up-to-date symlink: /home/ubuntu/microros_ws/install/visualization_msgs/include/visualization_msgs/visualization_msgs/msg/interactive_marker_feedback.h
[17.398s] -- Up-to-date symlink: /home/ubuntu/microros_ws/install/visualization_msgs/include/visualization_msgs/visualization_msgs/msg/interactive_marker_init.h
[17.399s] -- Up-to-date symlink: /home/ubuntu/microros_ws/install/visualization_msgs/include/visualization_msgs/visualization_msgs/msg/interactive_marker_pose.h
[17.400s] -- Up-to-date symlink: /home/ubuntu/microros_ws/install/visualization_msgs/include/visualization_msgs/visualization_msgs/msg/interactive_marker_update.h
[17.401s] -- Up-to-date symlink: /home/ubuntu/microros_ws/install/visualization_msgs/include/visualization_msgs/visualization_msgs/msg/marker.h
[17.401s] -- Up-to-date symlink: /home/ubuntu/microros_ws/install/visualization_msgs/include/visualization_msgs/visualization_msgs/msg/marker_array.h
[17.402s] -- Up-to-date symlink: /home/ubuntu/microros_ws/install/visualization_msgs/include/visualization_msgs/visualization_msgs/msg/menu_entry.h
[17.403s] -- Up-to-date symlink: /home/ubuntu/microros_ws/install/visualization_msgs/include/visualization_msgs/visualization_msgs/msg/mesh_file.h
[17.404s] -- Up-to-date symlink: /home/ubuntu/microros_ws/install/visualization_msgs/include/visualization_msgs/visualization_msgs/msg/rosidl_generator_c__visibility_control.h
[17.404s] -- Up-to-date symlink: /home/ubuntu/microros_ws/install/visualization_msgs/include/visualization_msgs/visualization_msgs/msg/uv_coordinate.h
[17.405s] -- Up-to-date symlink: /home/ubuntu/microros_ws/install/visualization_msgs/include/visualization_msgs/visualization_msgs/srv/detail/get_interactive_markers__functions.h
[17.405s] -- Up-to-date symlink: /home/ubuntu/microros_ws/install/visualization_msgs/include/visualization_msgs/visualization_msgs/srv/detail/get_interactive_markers__struct.h
[17.406s] -- Up-to-date symlink: /home/ubuntu/microros_ws/install/visualization_msgs/include/visualization_msgs/visualization_msgs/srv/detail/get_interactive_markers__type_support.h
[17.407s] -- Up-to-date symlink: /home/ubuntu/microros_ws/install/visualization_msgs/include/visualization_msgs/visualization_msgs/srv/get_interactive_markers.h
[17.407s] -- Up-to-date symlink: /home/ubuntu/microros_ws/install/visualization_msgs/share/visualization_msgs/environment/library_path.sh
[17.408s] -- Up-to-date symlink: /home/ubuntu/microros_ws/install/visualization_msgs/share/visualization_msgs/environment/library_path.dsv
[17.416s] -- Up-to-date symlink: /home/ubuntu/microros_ws/install/visualization_msgs/include/visualization_msgs/visualization_msgs/msg/detail/image_marker__rosidl_typesupport_fastrtps_c.h
[17.417s] -- Up-to-date symlink: /home/ubuntu/microros_ws/install/visualization_msgs/include/visualization_msgs/visualization_msgs/msg/detail/interactive_marker__rosidl_typesupport_fastrtps_c.h
[17.427s] -- Up-to-date symlink: /home/ubuntu/microros_ws/install/visualization_msgs/include/visualization_msgs/visualization_msgs/msg/detail/interactive_marker_control__rosidl_typesupport_fastrtps_c.h
[17.427s] -- Up-to-date symlink: /home/ubuntu/microros_ws/install/visualization_msgs/include/visualization_msgs/visualization_msgs/msg/detail/interactive_marker_feedback__rosidl_typesupport_fastrtps_c.h
[17.428s] -- Up-to-date symlink: /home/ubuntu/microros_ws/install/visualization_msgs/include/visualization_msgs/visualization_msgs/msg/detail/interactive_marker_init__rosidl_typesupport_fastrtps_c.h
[17.428s] -- Up-to-date symlink: /home/ubuntu/microros_ws/install/visualization_msgs/include/visualization_msgs/visualization_msgs/msg/detail/interactive_marker_pose__rosidl_typesupport_fastrtps_c.h
[17.430s] -- Up-to-date symlink: /home/ubuntu/microros_ws/install/visualization_msgs/include/visualization_msgs/visualization_msgs/msg/detail/interactive_marker_update__rosidl_typesupport_fastrtps_c.h
[17.435s] -- Up-to-date symlink: /home/ubuntu/microros_ws/install/visualization_msgs/include/visualization_msgs/visualization_msgs/msg/detail/marker__rosidl_typesupport_fastrtps_c.h
[17.436s] -- Up-to-date symlink: /home/ubuntu/microros_ws/install/visualization_msgs/include/visualization_msgs/visualization_msgs/msg/detail/marker_array__rosidl_typesupport_fastrtps_c.h
[17.437s] -- Up-to-date symlink: /home/ubuntu/microros_ws/install/visualization_msgs/include/visualization_msgs/visualization_msgs/msg/detail/menu_entry__rosidl_typesupport_fastrtps_c.h
[17.438s] -- Up-to-date symlink: /home/ubuntu/microros_ws/install/visualization_msgs/include/visualization_msgs/visualization_msgs/msg/detail/mesh_file__rosidl_typesupport_fastrtps_c.h
[17.439s] -- Up-to-date symlink: /home/ubuntu/microros_ws/install/visualization_msgs/include/visualization_msgs/visualization_msgs/msg/detail/uv_coordinate__rosidl_typesupport_fastrtps_c.h
[17.440s] -- Up-to-date symlink: /home/ubuntu/microros_ws/install/visualization_msgs/include/visualization_msgs/visualization_msgs/msg/rosidl_typesupport_fastrtps_c__visibility_control.h
[17.441s] -- Up-to-date symlink: /home/ubuntu/microros_ws/install/visualization_msgs/include/visualization_msgs/visualization_msgs/srv/detail/get_interactive_markers__rosidl_typesupport_fastrtps_c.h
[17.445s] -- Up-to-date symlink: /home/ubuntu/microros_ws/install/visualization_msgs/include/visualization_msgs/visualization_msgs/msg/detail/image_marker__builder.hpp
[17.457s] -- Up-to-date symlink: /home/ubuntu/microros_ws/install/visualization_msgs/include/visualization_msgs/visualization_msgs/msg/detail/image_marker__struct.hpp
[17.460s] -- Up-to-date symlink: /home/ubuntu/microros_ws/install/visualization_msgs/include/visualization_msgs/visualization_msgs/msg/detail/image_marker__traits.hpp
[17.461s] -- Up-to-date symlink: /home/ubuntu/microros_ws/install/visualization_msgs/include/visualization_msgs/visualization_msgs/msg/detail/interactive_marker__builder.hpp
[17.462s] -- Up-to-date symlink: /home/ubuntu/microros_ws/install/visualization_msgs/include/visualization_msgs/visualization_msgs/msg/detail/interactive_marker__struct.hpp
[17.466s] -- Up-to-date symlink: /home/ubuntu/microros_ws/install/visualization_msgs/include/visualization_msgs/visualization_msgs/msg/detail/interactive_marker__traits.hpp
[17.467s] -- Up-to-date symlink: /home/ubuntu/microros_ws/install/visualization_msgs/include/visualization_msgs/visualization_msgs/msg/detail/interactive_marker_control__builder.hpp
[17.469s] -- Up-to-date symlink: /home/ubuntu/microros_ws/install/visualization_msgs/include/visualization_msgs/visualization_msgs/msg/detail/interactive_marker_control__struct.hpp
[17.470s] -- Up-to-date symlink: /home/ubuntu/microros_ws/install/visualization_msgs/include/visualization_msgs/visualization_msgs/msg/detail/interactive_marker_control__traits.hpp
[17.472s] -- Up-to-date symlink: /home/ubuntu/microros_ws/install/visualization_msgs/include/visualization_msgs/visualization_msgs/msg/detail/interactive_marker_feedback__builder.hpp
[17.474s] -- Up-to-date symlink: /home/ubuntu/microros_ws/install/visualization_msgs/include/visualization_msgs/visualization_msgs/msg/detail/interactive_marker_feedback__struct.hpp
[17.488s] -- Up-to-date symlink: /home/ubuntu/microros_ws/install/visualization_msgs/include/visualization_msgs/visualization_msgs/msg/detail/interactive_marker_feedback__traits.hpp
[17.490s] -- Up-to-date symlink: /home/ubuntu/microros_ws/install/visualization_msgs/include/visualization_msgs/visualization_msgs/msg/detail/interactive_marker_init__builder.hpp
[17.494s] -- Up-to-date symlink: /home/ubuntu/microros_ws/install/visualization_msgs/include/visualization_msgs/visualization_msgs/msg/detail/interactive_marker_init__struct.hpp
[17.495s] -- Up-to-date symlink: /home/ubuntu/microros_ws/install/visualization_msgs/include/visualization_msgs/visualization_msgs/msg/detail/interactive_marker_init__traits.hpp
[17.496s] -- Up-to-date symlink: /home/ubuntu/microros_ws/install/visualization_msgs/include/visualization_msgs/visualization_msgs/msg/detail/interactive_marker_pose__builder.hpp
[17.497s] -- Up-to-date symlink: /home/ubuntu/microros_ws/install/visualization_msgs/include/visualization_msgs/visualization_msgs/msg/detail/interactive_marker_pose__struct.hpp
[17.499s] -- Up-to-date symlink: /home/ubuntu/microros_ws/install/visualization_msgs/include/visualization_msgs/visualization_msgs/msg/detail/interactive_marker_pose__traits.hpp
[17.500s] -- Up-to-date symlink: /home/ubuntu/microros_ws/install/visualization_msgs/include/visualization_msgs/visualization_msgs/msg/detail/interactive_marker_update__builder.hpp
[17.502s] -- Up-to-date symlink: /home/ubuntu/microros_ws/install/visualization_msgs/include/visualization_msgs/visualization_msgs/msg/detail/interactive_marker_update__struct.hpp
[17.514s] -- Up-to-date symlink: /home/ubuntu/microros_ws/install/visualization_msgs/include/visualization_msgs/visualization_msgs/msg/detail/interactive_marker_update__traits.hpp
[17.517s] -- Up-to-date symlink: /home/ubuntu/microros_ws/install/visualization_msgs/include/visualization_msgs/visualization_msgs/msg/detail/marker__builder.hpp
[17.519s] -- Up-to-date symlink: /home/ubuntu/microros_ws/install/visualization_msgs/include/visualization_msgs/visualization_msgs/msg/detail/marker__struct.hpp
[17.520s] -- Up-to-date symlink: /home/ubuntu/microros_ws/install/visualization_msgs/include/visualization_msgs/visualization_msgs/msg/detail/marker__traits.hpp
[17.521s] -- Up-to-date symlink: /home/ubuntu/microros_ws/install/visualization_msgs/include/visualization_msgs/visualization_msgs/msg/detail/marker_array__builder.hpp
[17.522s] -- Up-to-date symlink: /home/ubuntu/microros_ws/install/visualization_msgs/include/visualization_msgs/visualization_msgs/msg/detail/marker_array__struct.hpp
[17.523s] -- Up-to-date symlink: /home/ubuntu/microros_ws/install/visualization_msgs/include/visualization_msgs/visualization_msgs/msg/detail/marker_array__traits.hpp
[17.523s] -- Up-to-date symlink: /home/ubuntu/microros_ws/install/visualization_msgs/include/visualization_msgs/visualization_msgs/msg/detail/menu_entry__builder.hpp
[17.524s] -- Up-to-date symlink: /home/ubuntu/microros_ws/install/visualization_msgs/include/visualization_msgs/visualization_msgs/msg/detail/menu_entry__struct.hpp
[17.524s] -- Up-to-date symlink: /home/ubuntu/microros_ws/install/visualization_msgs/include/visualization_msgs/visualization_msgs/msg/detail/menu_entry__traits.hpp
[17.525s] -- Up-to-date symlink: /home/ubuntu/microros_ws/install/visualization_msgs/include/visualization_msgs/visualization_msgs/msg/detail/mesh_file__builder.hpp
[17.525s] -- Up-to-date symlink: /home/ubuntu/microros_ws/install/visualization_msgs/include/visualization_msgs/visualization_msgs/msg/detail/mesh_file__struct.hpp
[17.525s] -- Up-to-date symlink: /home/ubuntu/microros_ws/install/visualization_msgs/include/visualization_msgs/visualization_msgs/msg/detail/mesh_file__traits.hpp
[17.526s] -- Up-to-date symlink: /home/ubuntu/microros_ws/install/visualization_msgs/include/visualization_msgs/visualization_msgs/msg/detail/uv_coordinate__builder.hpp
[17.526s] -- Up-to-date symlink: /home/ubuntu/microros_ws/install/visualization_msgs/include/visualization_msgs/visualization_msgs/msg/detail/uv_coordinate__struct.hpp
[17.527s] -- Up-to-date symlink: /home/ubuntu/microros_ws/install/visualization_msgs/include/visualization_msgs/visualization_msgs/msg/detail/uv_coordinate__traits.hpp
[17.527s] -- Up-to-date symlink: /home/ubuntu/microros_ws/install/visualization_msgs/include/visualization_msgs/visualization_msgs/msg/image_marker.hpp
[17.527s] -- Up-to-date symlink: /home/ubuntu/microros_ws/install/visualization_msgs/include/visualization_msgs/visualization_msgs/msg/interactive_marker.hpp
[17.528s] -- Up-to-date symlink: /home/ubuntu/microros_ws/install/visualization_msgs/include/visualization_msgs/visualization_msgs/msg/interactive_marker_control.hpp
[17.528s] -- Up-to-date symlink: /home/ubuntu/microros_ws/install/visualization_msgs/include/visualization_msgs/visualization_msgs/msg/interactive_marker_feedback.hpp
[17.528s] -- Up-to-date symlink: /home/ubuntu/microros_ws/install/visualization_msgs/include/visualization_msgs/visualization_msgs/msg/interactive_marker_init.hpp
[17.529s] -- Up-to-date symlink: /home/ubuntu/microros_ws/install/visualization_msgs/include/visualization_msgs/visualization_msgs/msg/interactive_marker_pose.hpp
[17.529s] -- Up-to-date symlink: /home/ubuntu/microros_ws/install/visualization_msgs/include/visualization_msgs/visualization_msgs/msg/interactive_marker_update.hpp
[17.530s] -- Up-to-date symlink: /home/ubuntu/microros_ws/install/visualization_msgs/include/visualization_msgs/visualization_msgs/msg/marker.hpp
[17.531s] -- Up-to-date symlink: /home/ubuntu/microros_ws/install/visualization_msgs/include/visualization_msgs/visualization_msgs/msg/marker_array.hpp
[17.532s] -- Up-to-date symlink: /home/ubuntu/microros_ws/install/visualization_msgs/include/visualization_msgs/visualization_msgs/msg/menu_entry.hpp
[17.533s] -- Up-to-date symlink: /home/ubuntu/microros_ws/install/visualization_msgs/include/visualization_msgs/visualization_msgs/msg/mesh_file.hpp
[17.534s] -- Up-to-date symlink: /home/ubuntu/microros_ws/install/visualization_msgs/include/visualization_msgs/visualization_msgs/msg/uv_coordinate.hpp
[17.535s] -- Up-to-date symlink: /home/ubuntu/microros_ws/install/visualization_msgs/include/visualization_msgs/visualization_msgs/srv/detail/get_interactive_markers__builder.hpp
[17.538s] -- Up-to-date symlink: /home/ubuntu/microros_ws/install/visualization_msgs/include/visualization_msgs/visualization_msgs/srv/detail/get_interactive_markers__struct.hpp
[17.539s] -- Up-to-date symlink: /home/ubuntu/microros_ws/install/visualization_msgs/include/visualization_msgs/visualization_msgs/srv/detail/get_interactive_markers__traits.hpp
[17.542s] -- Up-to-date symlink: /home/ubuntu/microros_ws/install/visualization_msgs/include/visualization_msgs/visualization_msgs/srv/get_interactive_markers.hpp
[17.558s] -- Up-to-date symlink: /home/ubuntu/microros_ws/install/visualization_msgs/include/visualization_msgs/visualization_msgs/msg/detail/image_marker__rosidl_typesupport_fastrtps_cpp.hpp
[17.559s] -- Up-to-date symlink: /home/ubuntu/microros_ws/install/visualization_msgs/include/visualization_msgs/visualization_msgs/msg/detail/interactive_marker__rosidl_typesupport_fastrtps_cpp.hpp
[17.560s] -- Up-to-date symlink: /home/ubuntu/microros_ws/install/visualization_msgs/include/visualization_msgs/visualization_msgs/msg/detail/interactive_marker_control__rosidl_typesupport_fastrtps_cpp.hpp
[17.561s] -- Up-to-date symlink: /home/ubuntu/microros_ws/install/visualization_msgs/include/visualization_msgs/visualization_msgs/msg/detail/interactive_marker_feedback__rosidl_typesupport_fastrtps_cpp.hpp
[17.562s] -- Up-to-date symlink: /home/ubuntu/microros_ws/install/visualization_msgs/include/visualization_msgs/visualization_msgs/msg/detail/interactive_marker_init__rosidl_typesupport_fastrtps_cpp.hpp
[17.564s] -- Up-to-date symlink: /home/ubuntu/microros_ws/install/visualization_msgs/include/visualization_msgs/visualization_msgs/msg/detail/interactive_marker_pose__rosidl_typesupport_fastrtps_cpp.hpp
[17.565s] -- Up-to-date symlink: /home/ubuntu/microros_ws/install/visualization_msgs/include/visualization_msgs/visualization_msgs/msg/detail/interactive_marker_update__rosidl_typesupport_fastrtps_cpp.hpp
[17.566s] -- Up-to-date symlink: /home/ubuntu/microros_ws/install/visualization_msgs/include/visualization_msgs/visualization_msgs/msg/detail/marker__rosidl_typesupport_fastrtps_cpp.hpp
[17.568s] -- Up-to-date symlink: /home/ubuntu/microros_ws/install/visualization_msgs/include/visualization_msgs/visualization_msgs/msg/detail/marker_array__rosidl_typesupport_fastrtps_cpp.hpp
[17.581s] -- Up-to-date symlink: /home/ubuntu/microros_ws/install/visualization_msgs/include/visualization_msgs/visualization_msgs/msg/detail/menu_entry__rosidl_typesupport_fastrtps_cpp.hpp
[17.583s] -- Up-to-date symlink: /home/ubuntu/microros_ws/install/visualization_msgs/include/visualization_msgs/visualization_msgs/msg/detail/mesh_file__rosidl_typesupport_fastrtps_cpp.hpp
[17.584s] -- Up-to-date symlink: /home/ubuntu/microros_ws/install/visualization_msgs/include/visualization_msgs/visualization_msgs/msg/detail/uv_coordinate__rosidl_typesupport_fastrtps_cpp.hpp
[17.589s] -- Up-to-date symlink: /home/ubuntu/microros_ws/install/visualization_msgs/include/visualization_msgs/visualization_msgs/msg/rosidl_typesupport_fastrtps_cpp__visibility_control.h
[17.590s] -- Up-to-date symlink: /home/ubuntu/microros_ws/install/visualization_msgs/include/visualization_msgs/visualization_msgs/srv/detail/get_interactive_markers__rosidl_typesupport_fastrtps_cpp.hpp
[17.591s] -- Up-to-date symlink: /home/ubuntu/microros_ws/install/visualization_msgs/include/visualization_msgs/msg/detail/image_marker__rosidl_typesupport_microxrcedds_c.h
[17.592s] -- Up-to-date symlink: /home/ubuntu/microros_ws/install/visualization_msgs/include/visualization_msgs/msg/detail/interactive_marker__rosidl_typesupport_microxrcedds_c.h
[17.594s] -- Up-to-date symlink: /home/ubuntu/microros_ws/install/visualization_msgs/include/visualization_msgs/msg/detail/interactive_marker_control__rosidl_typesupport_microxrcedds_c.h
[17.595s] -- Up-to-date symlink: /home/ubuntu/microros_ws/install/visualization_msgs/include/visualization_msgs/msg/detail/interactive_marker_feedback__rosidl_typesupport_microxrcedds_c.h
[17.599s] -- Up-to-date symlink: /home/ubuntu/microros_ws/install/visualization_msgs/include/visualization_msgs/msg/detail/interactive_marker_init__rosidl_typesupport_microxrcedds_c.h
[17.612s] -- Up-to-date symlink: /home/ubuntu/microros_ws/install/visualization_msgs/include/visualization_msgs/msg/detail/interactive_marker_pose__rosidl_typesupport_microxrcedds_c.h
[17.613s] -- Up-to-date symlink: /home/ubuntu/microros_ws/install/visualization_msgs/include/visualization_msgs/msg/detail/interactive_marker_update__rosidl_typesupport_microxrcedds_c.h
[17.613s] -- Up-to-date symlink: /home/ubuntu/microros_ws/install/visualization_msgs/include/visualization_msgs/msg/detail/marker__rosidl_typesupport_microxrcedds_c.h
[17.614s] -- Up-to-date symlink: /home/ubuntu/microros_ws/install/visualization_msgs/include/visualization_msgs/msg/detail/marker_array__rosidl_typesupport_microxrcedds_c.h
[17.615s] -- Up-to-date symlink: /home/ubuntu/microros_ws/install/visualization_msgs/include/visualization_msgs/msg/detail/menu_entry__rosidl_typesupport_microxrcedds_c.h
[17.615s] -- Up-to-date symlink: /home/ubuntu/microros_ws/install/visualization_msgs/include/visualization_msgs/msg/detail/mesh_file__rosidl_typesupport_microxrcedds_c.h
[17.616s] -- Up-to-date symlink: /home/ubuntu/microros_ws/install/visualization_msgs/include/visualization_msgs/msg/detail/uv_coordinate__rosidl_typesupport_microxrcedds_c.h
[17.616s] -- Up-to-date symlink: /home/ubuntu/microros_ws/install/visualization_msgs/include/visualization_msgs/msg/rosidl_typesupport_microxrcedds_c__visibility_control.h
[17.617s] -- Up-to-date symlink: /home/ubuntu/microros_ws/install/visualization_msgs/include/visualization_msgs/srv/detail/get_interactive_markers__rosidl_typesupport_microxrcedds_c.h
[17.617s] -- Up-to-date symlink: /home/ubuntu/microros_ws/install/visualization_msgs/lib/libvisualization_msgs__rosidl_typesupport_microxrcedds_c.so
[17.617s] -- Up-to-date symlink: /home/ubuntu/microros_ws/install/visualization_msgs/include/visualization_msgs/visualization_msgs/msg/detail/image_marker__rosidl_typesupport_introspection_c.h
[17.618s] -- Up-to-date symlink: /home/ubuntu/microros_ws/install/visualization_msgs/include/visualization_msgs/visualization_msgs/msg/detail/interactive_marker__rosidl_typesupport_introspection_c.h
[17.623s] -- Up-to-date symlink: /home/ubuntu/microros_ws/install/visualization_msgs/include/visualization_msgs/visualization_msgs/msg/detail/interactive_marker_control__rosidl_typesupport_introspection_c.h
[17.624s] -- Up-to-date symlink: /home/ubuntu/microros_ws/install/visualization_msgs/include/visualization_msgs/visualization_msgs/msg/detail/interactive_marker_feedback__rosidl_typesupport_introspection_c.h
[17.625s] -- Up-to-date symlink: /home/ubuntu/microros_ws/install/visualization_msgs/include/visualization_msgs/visualization_msgs/msg/detail/interactive_marker_init__rosidl_typesupport_introspection_c.h
[17.627s] -- Up-to-date symlink: /home/ubuntu/microros_ws/install/visualization_msgs/include/visualization_msgs/visualization_msgs/msg/detail/interactive_marker_pose__rosidl_typesupport_introspection_c.h
[17.630s] -- Up-to-date symlink: /home/ubuntu/microros_ws/install/visualization_msgs/include/visualization_msgs/visualization_msgs/msg/detail/interactive_marker_update__rosidl_typesupport_introspection_c.h
[17.643s] -- Up-to-date symlink: /home/ubuntu/microros_ws/install/visualization_msgs/include/visualization_msgs/visualization_msgs/msg/detail/marker__rosidl_typesupport_introspection_c.h
[17.645s] -- Up-to-date symlink: /home/ubuntu/microros_ws/install/visualization_msgs/include/visualization_msgs/visualization_msgs/msg/detail/marker_array__rosidl_typesupport_introspection_c.h
[17.645s] -- Up-to-date symlink: /home/ubuntu/microros_ws/install/visualization_msgs/include/visualization_msgs/visualization_msgs/msg/detail/menu_entry__rosidl_typesupport_introspection_c.h
[17.646s] -- Up-to-date symlink: /home/ubuntu/microros_ws/install/visualization_msgs/include/visualization_msgs/visualization_msgs/msg/detail/mesh_file__rosidl_typesupport_introspection_c.h
[17.650s] -- Up-to-date symlink: /home/ubuntu/microros_ws/install/visualization_msgs/include/visualization_msgs/visualization_msgs/msg/detail/uv_coordinate__rosidl_typesupport_introspection_c.h
[17.651s] -- Up-to-date symlink: /home/ubuntu/microros_ws/install/visualization_msgs/include/visualization_msgs/visualization_msgs/msg/rosidl_typesupport_introspection_c__visibility_control.h
[17.652s] -- Up-to-date symlink: /home/ubuntu/microros_ws/install/visualization_msgs/include/visualization_msgs/visualization_msgs/srv/detail/get_interactive_markers__rosidl_typesupport_introspection_c.h
[17.653s] -- Up-to-date symlink: /home/ubuntu/microros_ws/install/visualization_msgs/include/visualization_msgs/msg/detail/image_marker__rosidl_typesupport_microxrcedds_cpp.hpp
[17.654s] -- Up-to-date symlink: /home/ubuntu/microros_ws/install/visualization_msgs/include/visualization_msgs/msg/detail/interactive_marker__rosidl_typesupport_microxrcedds_cpp.hpp
[17.656s] -- Up-to-date symlink: /home/ubuntu/microros_ws/install/visualization_msgs/include/visualization_msgs/msg/detail/interactive_marker_control__rosidl_typesupport_microxrcedds_cpp.hpp
[17.657s] -- Up-to-date symlink: /home/ubuntu/microros_ws/install/visualization_msgs/include/visualization_msgs/msg/detail/interactive_marker_feedback__rosidl_typesupport_microxrcedds_cpp.hpp
[17.670s] -- Up-to-date symlink: /home/ubuntu/microros_ws/install/visualization_msgs/include/visualization_msgs/msg/detail/interactive_marker_init__rosidl_typesupport_microxrcedds_cpp.hpp
[17.673s] -- Up-to-date symlink: /home/ubuntu/microros_ws/install/visualization_msgs/include/visualization_msgs/msg/detail/interactive_marker_pose__rosidl_typesupport_microxrcedds_cpp.hpp
[17.675s] -- Up-to-date symlink: /home/ubuntu/microros_ws/install/visualization_msgs/include/visualization_msgs/msg/detail/interactive_marker_update__rosidl_typesupport_microxrcedds_cpp.hpp
[17.676s] -- Up-to-date symlink: /home/ubuntu/microros_ws/install/visualization_msgs/include/visualization_msgs/msg/detail/marker__rosidl_typesupport_microxrcedds_cpp.hpp
[17.677s] -- Up-to-date symlink: /home/ubuntu/microros_ws/install/visualization_msgs/include/visualization_msgs/msg/detail/marker_array__rosidl_typesupport_microxrcedds_cpp.hpp
[17.678s] -- Up-to-date symlink: /home/ubuntu/microros_ws/install/visualization_msgs/include/visualization_msgs/msg/detail/menu_entry__rosidl_typesupport_microxrcedds_cpp.hpp
[17.681s] -- Up-to-date symlink: /home/ubuntu/microros_ws/install/visualization_msgs/include/visualization_msgs/msg/detail/mesh_file__rosidl_typesupport_microxrcedds_cpp.hpp
[17.683s] -- Up-to-date symlink: /home/ubuntu/microros_ws/install/visualization_msgs/include/visualization_msgs/msg/detail/microxrcedds/image_marker__type_support_cpp.cpp
[17.684s] -- Up-to-date symlink: /home/ubuntu/microros_ws/install/visualization_msgs/include/visualization_msgs/msg/detail/microxrcedds/interactive_marker__type_support_cpp.cpp
[17.686s] -- Up-to-date symlink: /home/ubuntu/microros_ws/install/visualization_msgs/include/visualization_msgs/msg/detail/microxrcedds/interactive_marker_control__type_support_cpp.cpp
[17.687s] -- Up-to-date symlink: /home/ubuntu/microros_ws/install/visualization_msgs/include/visualization_msgs/msg/detail/microxrcedds/interactive_marker_feedback__type_support_cpp.cpp
[17.689s] -- Up-to-date symlink: /home/ubuntu/microros_ws/install/visualization_msgs/include/visualization_msgs/msg/detail/microxrcedds/interactive_marker_init__type_support_cpp.cpp
[17.702s] -- Up-to-date symlink: /home/ubuntu/microros_ws/install/visualization_msgs/include/visualization_msgs/msg/detail/microxrcedds/interactive_marker_pose__type_support_cpp.cpp
[17.703s] -- Up-to-date symlink: /home/ubuntu/microros_ws/install/visualization_msgs/include/visualization_msgs/msg/detail/microxrcedds/interactive_marker_update__type_support_cpp.cpp
[17.704s] -- Up-to-date symlink: /home/ubuntu/microros_ws/install/visualization_msgs/include/visualization_msgs/msg/detail/microxrcedds/marker__type_support_cpp.cpp
[17.705s] -- Up-to-date symlink: /home/ubuntu/microros_ws/install/visualization_msgs/include/visualization_msgs/msg/detail/microxrcedds/marker_array__type_support_cpp.cpp
[17.705s] -- Up-to-date symlink: /home/ubuntu/microros_ws/install/visualization_msgs/include/visualization_msgs/msg/detail/microxrcedds/menu_entry__type_support_cpp.cpp
[17.706s] -- Up-to-date symlink: /home/ubuntu/microros_ws/install/visualization_msgs/include/visualization_msgs/msg/detail/microxrcedds/mesh_file__type_support_cpp.cpp
[17.706s] -- Up-to-date symlink: /home/ubuntu/microros_ws/install/visualization_msgs/include/visualization_msgs/msg/detail/microxrcedds/uv_coordinate__type_support_cpp.cpp
[17.707s] -- Up-to-date symlink: /home/ubuntu/microros_ws/install/visualization_msgs/include/visualization_msgs/msg/detail/uv_coordinate__rosidl_typesupport_microxrcedds_cpp.hpp
[17.707s] -- Up-to-date symlink: /home/ubuntu/microros_ws/install/visualization_msgs/include/visualization_msgs/msg/rosidl_typesupport_microxrcedds_cpp__visibility_control.h
[17.708s] -- Up-to-date symlink: /home/ubuntu/microros_ws/install/visualization_msgs/include/visualization_msgs/srv/detail/get_interactive_markers__rosidl_typesupport_microxrcedds_cpp.hpp
[17.708s] -- Up-to-date symlink: /home/ubuntu/microros_ws/install/visualization_msgs/include/visualization_msgs/srv/detail/microxrcedds/get_interactive_markers__type_support_cpp.cpp
[17.709s] -- Up-to-date symlink: /home/ubuntu/microros_ws/install/visualization_msgs/lib/libvisualization_msgs__rosidl_typesupport_microxrcedds_cpp.so
[17.709s] -- Up-to-date symlink: /home/ubuntu/microros_ws/install/visualization_msgs/include/visualization_msgs/visualization_msgs/msg/detail/image_marker__rosidl_typesupport_introspection_cpp.hpp
[17.710s] -- Up-to-date symlink: /home/ubuntu/microros_ws/install/visualization_msgs/include/visualization_msgs/visualization_msgs/msg/detail/interactive_marker__rosidl_typesupport_introspection_cpp.hpp
[17.710s] -- Up-to-date symlink: /home/ubuntu/microros_ws/install/visualization_msgs/include/visualization_msgs/visualization_msgs/msg/detail/interactive_marker_control__rosidl_typesupport_introspection_cpp.hpp
[17.711s] -- Up-to-date symlink: /home/ubuntu/microros_ws/install/visualization_msgs/include/visualization_msgs/visualization_msgs/msg/detail/interactive_marker_feedback__rosidl_typesupport_introspection_cpp.hpp
[17.713s] -- Up-to-date symlink: /home/ubuntu/microros_ws/install/visualization_msgs/include/visualization_msgs/visualization_msgs/msg/detail/interactive_marker_init__rosidl_typesupport_introspection_cpp.hpp
[17.714s] -- Up-to-date symlink: /home/ubuntu/microros_ws/install/visualization_msgs/include/visualization_msgs/visualization_msgs/msg/detail/interactive_marker_pose__rosidl_typesupport_introspection_cpp.hpp
[17.715s] -- Up-to-date symlink: /home/ubuntu/microros_ws/install/visualization_msgs/include/visualization_msgs/visualization_msgs/msg/detail/interactive_marker_update__rosidl_typesupport_introspection_cpp.hpp
[17.715s] -- Up-to-date symlink: /home/ubuntu/microros_ws/install/visualization_msgs/include/visualization_msgs/visualization_msgs/msg/detail/marker__rosidl_typesupport_introspection_cpp.hpp
[17.716s] -- Up-to-date symlink: /home/ubuntu/microros_ws/install/visualization_msgs/include/visualization_msgs/visualization_msgs/msg/detail/marker_array__rosidl_typesupport_introspection_cpp.hpp
[17.716s] -- Up-to-date symlink: /home/ubuntu/microros_ws/install/visualization_msgs/include/visualization_msgs/visualization_msgs/msg/detail/menu_entry__rosidl_typesupport_introspection_cpp.hpp
[17.717s] -- Up-to-date symlink: /home/ubuntu/microros_ws/install/visualization_msgs/include/visualization_msgs/visualization_msgs/msg/detail/mesh_file__rosidl_typesupport_introspection_cpp.hpp
[17.718s] -- Up-to-date symlink: /home/ubuntu/microros_ws/install/visualization_msgs/include/visualization_msgs/visualization_msgs/msg/detail/uv_coordinate__rosidl_typesupport_introspection_cpp.hpp
[17.719s] -- Up-to-date symlink: /home/ubuntu/microros_ws/install/visualization_msgs/include/visualization_msgs/visualization_msgs/srv/detail/get_interactive_markers__rosidl_typesupport_introspection_cpp.hpp
[17.720s] -- Up-to-date symlink: /home/ubuntu/microros_ws/install/visualization_msgs/share/visualization_msgs/environment/pythonpath.sh
[17.720s] -- Up-to-date symlink: /home/ubuntu/microros_ws/install/visualization_msgs/share/visualization_msgs/environment/pythonpath.dsv
[17.722s] -- Up-to-date symlink: /home/ubuntu/microros_ws/install/visualization_msgs/local/lib/python3.10/dist-packages/visualization_msgs-4.2.4-py3.10.egg-info/PKG-INFO
[17.724s] -- Up-to-date symlink: /home/ubuntu/microros_ws/install/visualization_msgs/local/lib/python3.10/dist-packages/visualization_msgs-4.2.4-py3.10.egg-info/SOURCES.txt
[17.725s] -- Up-to-date symlink: /home/ubuntu/microros_ws/install/visualization_msgs/local/lib/python3.10/dist-packages/visualization_msgs-4.2.4-py3.10.egg-info/dependency_links.txt
[17.725s] -- Up-to-date symlink: /home/ubuntu/microros_ws/install/visualization_msgs/local/lib/python3.10/dist-packages/visualization_msgs-4.2.4-py3.10.egg-info/top_level.txt
[17.726s] -- Up-to-date symlink: /home/ubuntu/microros_ws/install/visualization_msgs/local/lib/python3.10/dist-packages/visualization_msgs/__init__.py
[17.731s] -- Up-to-date symlink: /home/ubuntu/microros_ws/install/visualization_msgs/local/lib/python3.10/dist-packages/visualization_msgs/_visualization_msgs_s.ep.rosidl_typesupport_c.c
[17.732s] -- Up-to-date symlink: /home/ubuntu/microros_ws/install/visualization_msgs/local/lib/python3.10/dist-packages/visualization_msgs/_visualization_msgs_s.ep.rosidl_typesupport_fastrtps_c.c
[17.733s] -- Up-to-date symlink: /home/ubuntu/microros_ws/install/visualization_msgs/local/lib/python3.10/dist-packages/visualization_msgs/_visualization_msgs_s.ep.rosidl_typesupport_introspection_c.c
[17.735s] -- Up-to-date symlink: /home/ubuntu/microros_ws/install/visualization_msgs/local/lib/python3.10/dist-packages/visualization_msgs/_visualization_msgs_s.ep.rosidl_typesupport_microxrcedds_c.c
[17.737s] -- Up-to-date symlink: /home/ubuntu/microros_ws/install/visualization_msgs/local/lib/python3.10/dist-packages/visualization_msgs/libvisualization_msgs__rosidl_generator_py.so
[17.738s] -- Up-to-date symlink: /home/ubuntu/microros_ws/install/visualization_msgs/local/lib/python3.10/dist-packages/visualization_msgs/msg/__init__.py
[17.738s] -- Up-to-date symlink: /home/ubuntu/microros_ws/install/visualization_msgs/local/lib/python3.10/dist-packages/visualization_msgs/msg/_image_marker.py
[17.739s] -- Up-to-date symlink: /home/ubuntu/microros_ws/install/visualization_msgs/local/lib/python3.10/dist-packages/visualization_msgs/msg/_image_marker_s.c
[17.741s] -- Up-to-date symlink: /home/ubuntu/microros_ws/install/visualization_msgs/local/lib/python3.10/dist-packages/visualization_msgs/msg/_interactive_marker.py
[17.742s] -- Up-to-date symlink: /home/ubuntu/microros_ws/install/visualization_msgs/local/lib/python3.10/dist-packages/visualization_msgs/msg/_interactive_marker_control.py
[17.743s] -- Up-to-date symlink: /home/ubuntu/microros_ws/install/visualization_msgs/local/lib/python3.10/dist-packages/visualization_msgs/msg/_interactive_marker_control_s.c
[17.745s] -- Up-to-date symlink: /home/ubuntu/microros_ws/install/visualization_msgs/local/lib/python3.10/dist-packages/visualization_msgs/msg/_interactive_marker_feedback.py
[17.746s] -- Up-to-date symlink: /home/ubuntu/microros_ws/install/visualization_msgs/local/lib/python3.10/dist-packages/visualization_msgs/msg/_interactive_marker_feedback_s.c
[17.747s] -- Up-to-date symlink: /home/ubuntu/microros_ws/install/visualization_msgs/local/lib/python3.10/dist-packages/visualization_msgs/msg/_interactive_marker_init.py
[17.749s] -- Up-to-date symlink: /home/ubuntu/microros_ws/install/visualization_msgs/local/lib/python3.10/dist-packages/visualization_msgs/msg/_interactive_marker_init_s.c
[17.750s] -- Up-to-date symlink: /home/ubuntu/microros_ws/install/visualization_msgs/local/lib/python3.10/dist-packages/visualization_msgs/msg/_interactive_marker_pose.py
[17.753s] -- Up-to-date symlink: /home/ubuntu/microros_ws/install/visualization_msgs/local/lib/python3.10/dist-packages/visualization_msgs/msg/_interactive_marker_pose_s.c
[17.754s] -- Up-to-date symlink: /home/ubuntu/microros_ws/install/visualization_msgs/local/lib/python3.10/dist-packages/visualization_msgs/msg/_interactive_marker_s.c
[17.757s] -- Up-to-date symlink: /home/ubuntu/microros_ws/install/visualization_msgs/local/lib/python3.10/dist-packages/visualization_msgs/msg/_interactive_marker_update.py
[17.758s] -- Up-to-date symlink: /home/ubuntu/microros_ws/install/visualization_msgs/local/lib/python3.10/dist-packages/visualization_msgs/msg/_interactive_marker_update_s.c
[17.766s] -- Up-to-date symlink: /home/ubuntu/microros_ws/install/visualization_msgs/local/lib/python3.10/dist-packages/visualization_msgs/msg/_marker.py
[17.768s] -- Up-to-date symlink: /home/ubuntu/microros_ws/install/visualization_msgs/local/lib/python3.10/dist-packages/visualization_msgs/msg/_marker_array.py
[17.769s] -- Up-to-date symlink: /home/ubuntu/microros_ws/install/visualization_msgs/local/lib/python3.10/dist-packages/visualization_msgs/msg/_marker_array_s.c
[17.769s] -- Up-to-date symlink: /home/ubuntu/microros_ws/install/visualization_msgs/local/lib/python3.10/dist-packages/visualization_msgs/msg/_marker_s.c
[17.770s] -- Up-to-date symlink: /home/ubuntu/microros_ws/install/visualization_msgs/local/lib/python3.10/dist-packages/visualization_msgs/msg/_menu_entry.py
[17.771s] -- Up-to-date symlink: /home/ubuntu/microros_ws/install/visualization_msgs/local/lib/python3.10/dist-packages/visualization_msgs/msg/_menu_entry_s.c
[17.771s] -- Up-to-date symlink: /home/ubuntu/microros_ws/install/visualization_msgs/local/lib/python3.10/dist-packages/visualization_msgs/msg/_mesh_file.py
[17.772s] -- Up-to-date symlink: /home/ubuntu/microros_ws/install/visualization_msgs/local/lib/python3.10/dist-packages/visualization_msgs/msg/_mesh_file_s.c
[17.773s] -- Up-to-date symlink: /home/ubuntu/microros_ws/install/visualization_msgs/local/lib/python3.10/dist-packages/visualization_msgs/msg/_uv_coordinate.py
[17.775s] -- Up-to-date symlink: /home/ubuntu/microros_ws/install/visualization_msgs/local/lib/python3.10/dist-packages/visualization_msgs/msg/_uv_coordinate_s.c
[17.776s] -- Up-to-date symlink: /home/ubuntu/microros_ws/install/visualization_msgs/local/lib/python3.10/dist-packages/visualization_msgs/srv/__init__.py
[17.777s] -- Up-to-date symlink: /home/ubuntu/microros_ws/install/visualization_msgs/local/lib/python3.10/dist-packages/visualization_msgs/srv/_get_interactive_markers.py
[17.778s] -- Up-to-date symlink: /home/ubuntu/microros_ws/install/visualization_msgs/local/lib/python3.10/dist-packages/visualization_msgs/srv/_get_interactive_markers_s.c
[17.779s] -- Up-to-date symlink: /home/ubuntu/microros_ws/install/visualization_msgs/local/lib/python3.10/dist-packages/visualization_msgs/visualization_msgs_s__rosidl_typesupport_c.cpython-310-aarch64-linux-gnu.so
[17.780s] -- Up-to-date symlink: /home/ubuntu/microros_ws/install/visualization_msgs/local/lib/python3.10/dist-packages/visualization_msgs/visualization_msgs_s__rosidl_typesupport_fastrtps_c.cpython-310-aarch64-linux-gnu.so
[17.782s] -- Up-to-date symlink: /home/ubuntu/microros_ws/install/visualization_msgs/local/lib/python3.10/dist-packages/visualization_msgs/visualization_msgs_s__rosidl_typesupport_introspection_c.cpython-310-aarch64-linux-gnu.so
[17.783s] -- Up-to-date symlink: /home/ubuntu/microros_ws/install/visualization_msgs/local/lib/python3.10/dist-packages/visualization_msgs/visualization_msgs_s__rosidl_typesupport_microxrcedds_c.cpython-310-aarch64-linux-gnu.so
[17.786s] -- Up-to-date symlink: /home/ubuntu/microros_ws/install/visualization_msgs/local/lib/python3.10/dist-packages/visualization_msgs/visualization_msgs_s__rosidl_typesupport_microxrcedds_c.cpython-310-aarch64-linux-gnu.so
[17.788s] -- Up-to-date symlink: /home/ubuntu/microros_ws/install/visualization_msgs/local/lib/python3.10/dist-packages/visualization_msgs/visualization_msgs_s__rosidl_typesupport_fastrtps_c.cpython-310-aarch64-linux-gnu.so
[17.802s] -- Up-to-date symlink: /home/ubuntu/microros_ws/install/visualization_msgs/local/lib/python3.10/dist-packages/visualization_msgs/visualization_msgs_s__rosidl_typesupport_introspection_c.cpython-310-aarch64-linux-gnu.so
[17.805s] -- Up-to-date symlink: /home/ubuntu/microros_ws/install/visualization_msgs/local/lib/python3.10/dist-packages/visualization_msgs/visualization_msgs_s__rosidl_typesupport_c.cpython-310-aarch64-linux-gnu.so
[17.805s] -- Up-to-date symlink: /home/ubuntu/microros_ws/install/visualization_msgs/share/visualization_msgs/msg/ImageMarker.idl
[17.806s] -- Up-to-date symlink: /home/ubuntu/microros_ws/install/visualization_msgs/share/visualization_msgs/msg/InteractiveMarker.idl
[17.807s] -- Up-to-date symlink: /home/ubuntu/microros_ws/install/visualization_msgs/share/visualization_msgs/msg/InteractiveMarkerControl.idl
[17.807s] -- Up-to-date symlink: /home/ubuntu/microros_ws/install/visualization_msgs/share/visualization_msgs/msg/InteractiveMarkerFeedback.idl
[17.808s] -- Up-to-date symlink: /home/ubuntu/microros_ws/install/visualization_msgs/share/visualization_msgs/msg/InteractiveMarkerInit.idl
[17.809s] -- Up-to-date symlink: /home/ubuntu/microros_ws/install/visualization_msgs/share/visualization_msgs/msg/InteractiveMarkerPose.idl
[17.810s] -- Up-to-date symlink: /home/ubuntu/microros_ws/install/visualization_msgs/share/visualization_msgs/msg/InteractiveMarkerUpdate.idl
[17.811s] -- Up-to-date symlink: /home/ubuntu/microros_ws/install/visualization_msgs/share/visualization_msgs/msg/Marker.idl
[17.812s] -- Up-to-date symlink: /home/ubuntu/microros_ws/install/visualization_msgs/share/visualization_msgs/msg/MarkerArray.idl
[17.813s] -- Up-to-date symlink: /home/ubuntu/microros_ws/install/visualization_msgs/share/visualization_msgs/msg/MenuEntry.idl
[17.814s] -- Up-to-date symlink: /home/ubuntu/microros_ws/install/visualization_msgs/share/visualization_msgs/msg/MeshFile.idl
[17.815s] -- Up-to-date symlink: /home/ubuntu/microros_ws/install/visualization_msgs/share/visualization_msgs/msg/UVCoordinate.idl
[17.816s] -- Up-to-date symlink: /home/ubuntu/microros_ws/install/visualization_msgs/share/visualization_msgs/srv/GetInteractiveMarkers.idl
[17.817s] -- Up-to-date symlink: /home/ubuntu/microros_ws/install/visualization_msgs/share/visualization_msgs/msg/ImageMarker.msg
[17.818s] -- Up-to-date symlink: /home/ubuntu/microros_ws/install/visualization_msgs/share/visualization_msgs/msg/InteractiveMarker.msg
[17.819s] -- Up-to-date symlink: /home/ubuntu/microros_ws/install/visualization_msgs/share/visualization_msgs/msg/InteractiveMarkerControl.msg
[17.821s] -- Up-to-date symlink: /home/ubuntu/microros_ws/install/visualization_msgs/share/visualization_msgs/msg/InteractiveMarkerFeedback.msg
[17.823s] -- Up-to-date symlink: /home/ubuntu/microros_ws/install/visualization_msgs/share/visualization_msgs/msg/InteractiveMarkerInit.msg
[17.835s] -- Up-to-date symlink: /home/ubuntu/microros_ws/install/visualization_msgs/share/visualization_msgs/msg/InteractiveMarkerPose.msg
[17.837s] -- Up-to-date symlink: /home/ubuntu/microros_ws/install/visualization_msgs/share/visualization_msgs/msg/InteractiveMarkerUpdate.msg
[17.837s] -- Up-to-date symlink: /home/ubuntu/microros_ws/install/visualization_msgs/share/visualization_msgs/msg/Marker.msg
[17.838s] -- Up-to-date symlink: /home/ubuntu/microros_ws/install/visualization_msgs/share/visualization_msgs/msg/MarkerArray.msg
[17.839s] -- Up-to-date symlink: /home/ubuntu/microros_ws/install/visualization_msgs/share/visualization_msgs/msg/MenuEntry.msg
[17.839s] -- Up-to-date symlink: /home/ubuntu/microros_ws/install/visualization_msgs/share/visualization_msgs/msg/MeshFile.msg
[17.840s] -- Up-to-date symlink: /home/ubuntu/microros_ws/install/visualization_msgs/share/visualization_msgs/msg/UVCoordinate.msg
[17.841s] -- Up-to-date symlink: /home/ubuntu/microros_ws/install/visualization_msgs/share/visualization_msgs/srv/GetInteractiveMarkers.srv
[17.842s] -- Up-to-date symlink: /home/ubuntu/microros_ws/install/visualization_msgs/share/visualization_msgs/srv/GetInteractiveMarkers_Request.msg
[17.843s] -- Up-to-date symlink: /home/ubuntu/microros_ws/install/visualization_msgs/share/visualization_msgs/srv/GetInteractiveMarkers_Response.msg
[17.844s] -- Up-to-date symlink: /home/ubuntu/microros_ws/install/visualization_msgs/share/ament_index/resource_index/package_run_dependencies/visualization_msgs
[17.845s] -- Up-to-date symlink: /home/ubuntu/microros_ws/install/visualization_msgs/share/ament_index/resource_index/parent_prefix_path/visualization_msgs
[17.846s] -- Up-to-date symlink: /home/ubuntu/microros_ws/install/visualization_msgs/share/visualization_msgs/environment/ament_prefix_path.sh
[17.847s] -- Up-to-date symlink: /home/ubuntu/microros_ws/install/visualization_msgs/share/visualization_msgs/environment/ament_prefix_path.dsv
[17.847s] -- Up-to-date symlink: /home/ubuntu/microros_ws/install/visualization_msgs/share/visualization_msgs/environment/path.sh
[17.848s] -- Up-to-date symlink: /home/ubuntu/microros_ws/install/visualization_msgs/share/visualization_msgs/environment/path.dsv
[17.850s] -- Up-to-date symlink: /home/ubuntu/microros_ws/install/visualization_msgs/share/visualization_msgs/local_setup.bash
[17.862s] -- Up-to-date symlink: /home/ubuntu/microros_ws/install/visualization_msgs/share/visualization_msgs/local_setup.sh
[17.863s] -- Up-to-date symlink: /home/ubuntu/microros_ws/install/visualization_msgs/share/visualization_msgs/local_setup.zsh
[17.865s] -- Up-to-date symlink: /home/ubuntu/microros_ws/install/visualization_msgs/share/visualization_msgs/local_setup.dsv
[17.866s] -- Symlinking: /home/ubuntu/microros_ws/install/visualization_msgs/share/visualization_msgs/package.dsv
[17.930s] -- Up-to-date symlink: /home/ubuntu/microros_ws/install/visualization_msgs/share/ament_index/resource_index/packages/visualization_msgs
[17.931s] -- Up-to-date symlink: /home/ubuntu/microros_ws/install/visualization_msgs/share/visualization_msgs/cmake/rosidl_cmake-extras.cmake
[17.932s] -- Up-to-date symlink: /home/ubuntu/microros_ws/install/visualization_msgs/share/visualization_msgs/cmake/ament_cmake_export_dependencies-extras.cmake
[17.933s] -- Up-to-date symlink: /home/ubuntu/microros_ws/install/visualization_msgs/share/visualization_msgs/cmake/ament_cmake_export_include_directories-extras.cmake
[17.935s] -- Up-to-date symlink: /home/ubuntu/microros_ws/install/visualization_msgs/share/visualization_msgs/cmake/ament_cmake_export_libraries-extras.cmake
[17.936s] -- Up-to-date symlink: /home/ubuntu/microros_ws/install/visualization_msgs/share/visualization_msgs/cmake/ament_cmake_export_targets-extras.cmake
[17.937s] -- Up-to-date symlink: /home/ubuntu/microros_ws/install/visualization_msgs/share/visualization_msgs/cmake/rosidl_cmake_export_typesupport_targets-extras.cmake
[17.938s] -- Up-to-date symlink: /home/ubuntu/microros_ws/install/visualization_msgs/share/visualization_msgs/cmake/rosidl_cmake_export_typesupport_libraries-extras.cmake
[17.939s] -- Up-to-date symlink: /home/ubuntu/microros_ws/install/visualization_msgs/share/visualization_msgs/cmake/visualization_msgsConfig.cmake
[17.940s] -- Up-to-date symlink: /home/ubuntu/microros_ws/install/visualization_msgs/share/visualization_msgs/cmake/visualization_msgsConfig-version.cmake
[17.941s] -- Up-to-date symlink: /home/ubuntu/microros_ws/install/visualization_msgs/share/visualization_msgs/package.xml
[17.943s] -- Up-to-date: /home/ubuntu/microros_ws/install/visualization_msgs/lib/libvisualization_msgs__rosidl_generator_c.so
[17.945s] -- Up-to-date: /home/ubuntu/microros_ws/install/visualization_msgs/lib/libvisualization_msgs__rosidl_typesupport_fastrtps_c.so
[17.947s] -- Up-to-date: /home/ubuntu/microros_ws/install/visualization_msgs/lib/libvisualization_msgs__rosidl_typesupport_fastrtps_cpp.so
[17.950s] -- Up-to-date: /home/ubuntu/microros_ws/install/visualization_msgs/lib/libvisualization_msgs__rosidl_typesupport_introspection_c.so
[17.952s] -- Up-to-date: /home/ubuntu/microros_ws/install/visualization_msgs/lib/libvisualization_msgs__rosidl_typesupport_c.so
[17.954s] -- Up-to-date: /home/ubuntu/microros_ws/install/visualization_msgs/lib/libvisualization_msgs__rosidl_typesupport_introspection_cpp.so
[17.956s] -- Up-to-date: /home/ubuntu/microros_ws/install/visualization_msgs/lib/libvisualization_msgs__rosidl_typesupport_cpp.so
[18.232s] Listing '/home/ubuntu/microros_ws/install/visualization_msgs/local/lib/python3.10/dist-packages/visualization_msgs'...
[18.236s] Listing '/home/ubuntu/microros_ws/install/visualization_msgs/local/lib/python3.10/dist-packages/visualization_msgs/msg'...
[18.237s] Listing '/home/ubuntu/microros_ws/install/visualization_msgs/local/lib/python3.10/dist-packages/visualization_msgs/srv'...
[18.263s] -- Up-to-date: /home/ubuntu/microros_ws/install/visualization_msgs/lib/libvisualization_msgs__rosidl_generator_py.so
[18.267s] -- Up-to-date: /home/ubuntu/microros_ws/install/visualization_msgs/share/visualization_msgs/cmake/export_visualization_msgs__rosidl_generator_cExport.cmake
[18.268s] -- Up-to-date: /home/ubuntu/microros_ws/install/visualization_msgs/share/visualization_msgs/cmake/export_visualization_msgs__rosidl_generator_cExport-release.cmake
[18.269s] -- Up-to-date: /home/ubuntu/microros_ws/install/visualization_msgs/share/visualization_msgs/cmake/export_visualization_msgs__rosidl_typesupport_fastrtps_cExport.cmake
[18.271s] -- Up-to-date: /home/ubuntu/microros_ws/install/visualization_msgs/share/visualization_msgs/cmake/export_visualization_msgs__rosidl_typesupport_fastrtps_cExport-release.cmake
[18.272s] -- Up-to-date: /home/ubuntu/microros_ws/install/visualization_msgs/share/visualization_msgs/cmake/export_visualization_msgs__rosidl_generator_cppExport.cmake
[18.273s] -- Up-to-date: /home/ubuntu/microros_ws/install/visualization_msgs/share/visualization_msgs/cmake/export_visualization_msgs__rosidl_typesupport_fastrtps_cppExport.cmake
[18.276s] -- Up-to-date: /home/ubuntu/microros_ws/install/visualization_msgs/share/visualization_msgs/cmake/export_visualization_msgs__rosidl_typesupport_fastrtps_cppExport-release.cmake
[18.288s] -- Up-to-date: /home/ubuntu/microros_ws/install/visualization_msgs/share/visualization_msgs/cmake/visualization_msgs__rosidl_typesupport_introspection_cExport.cmake
[18.291s] -- Up-to-date: /home/ubuntu/microros_ws/install/visualization_msgs/share/visualization_msgs/cmake/visualization_msgs__rosidl_typesupport_introspection_cExport-release.cmake
[18.295s] -- Up-to-date: /home/ubuntu/microros_ws/install/visualization_msgs/share/visualization_msgs/cmake/visualization_msgs__rosidl_typesupport_cExport.cmake
[18.297s] -- Up-to-date: /home/ubuntu/microros_ws/install/visualization_msgs/share/visualization_msgs/cmake/visualization_msgs__rosidl_typesupport_cExport-release.cmake
[18.297s] -- Up-to-date: /home/ubuntu/microros_ws/install/visualization_msgs/share/visualization_msgs/cmake/visualization_msgs__rosidl_typesupport_introspection_cppExport.cmake
[18.298s] -- Up-to-date: /home/ubuntu/microros_ws/install/visualization_msgs/share/visualization_msgs/cmake/visualization_msgs__rosidl_typesupport_introspection_cppExport-release.cmake
[18.300s] -- Up-to-date: /home/ubuntu/microros_ws/install/visualization_msgs/share/visualization_msgs/cmake/visualization_msgs__rosidl_typesupport_cppExport.cmake
[18.301s] -- Up-to-date: /home/ubuntu/microros_ws/install/visualization_msgs/share/visualization_msgs/cmake/visualization_msgs__rosidl_typesupport_cppExport-release.cmake
[18.305s] -- Up-to-date: /home/ubuntu/microros_ws/install/visualization_msgs/share/visualization_msgs/cmake/export_visualization_msgs__rosidl_generator_pyExport.cmake
[18.305s] -- Up-to-date: /home/ubuntu/microros_ws/install/visualization_msgs/share/visualization_msgs/cmake/export_visualization_msgs__rosidl_generator_pyExport-release.cmake
[18.306s] Invoked command in '/home/ubuntu/microros_ws/build/visualization_msgs' returned '0': CMAKE_PREFIX_PATH=/home/ubuntu/microros_ws/install/sensor_msgs:/home/ubuntu/microros_ws/install/geometry_msgs:/home/ubuntu/microros_ws/install/std_msgs:/home/ubuntu/microros_ws/install/builtin_interfaces:/home/ubuntu/microros_ws/install/micro_ros_demos_rclc:/home/ubuntu/microros_ws/install/common_interfaces:/home/ubuntu/microros_ws/install/visualization_msgs:/home/ubuntu/microros_ws/install/test_msgs:/home/ubuntu/microros_ws/install/example_interfaces:/home/ubuntu/microros_ws/install/action_msgs:/home/ubuntu/microros_ws/install/unique_identifier_msgs:/home/ubuntu/microros_ws/install/trajectory_msgs:/home/ubuntu/microros_ws/install/stereo_msgs:/home/ubuntu/microros_ws/install/sensor_msgs_py:/opt/ros/humble:/home/ubuntu/microros_ws/install/rplidar_ros:/home/ubuntu/microros_ws/install/astra_camera:/home/ubuntu/microros_ws/install/std_srvs:/home/ubuntu/microros_ws/install/shape_msgs:/home/ubuntu/microros_ws/install/astra_camera_msgs:/home/ubuntu/microros_ws/install/nav_msgs:/home/ubuntu/microros_ws/install/diagnostic_msgs:/home/ubuntu/microros_ws/install/actionlib_msgs:/home/ubuntu/microros_ws/install/statistics_msgs:/home/ubuntu/microros_ws/install/rosidl_typesupport_microxrcedds_test_msg:/home/ubuntu/microros_ws/install/rosidl_typesupport_microxrcedds_cpp_tests:/home/ubuntu/microros_ws/install/rmw_microxrcedds:/home/ubuntu/microros_ws/install/rosidl_typesupport_microxrcedds_cpp:/home/ubuntu/microros_ws/install/rosidl_typesupport_microxrcedds_c_tests:/home/ubuntu/microros_ws/install/rosidl_typesupport_microxrcedds_c:/home/ubuntu/microros_ws/install/rosgraph_msgs:/home/ubuntu/microros_ws/install/rclc_parameter:/home/ubuntu/microros_ws/install/rclc:/home/ubuntu/microros_ws/install/composition_interfaces:/home/ubuntu/microros_ws/install/rcl_interfaces:/home/ubuntu/microros_ws/install/microxrcedds_client:/home/ubuntu/microros_ws/install/microcdr:/home/ubuntu/microros_ws/install/micro_ros_utilities:/home/ubuntu/microros_ws/install/micro_ros_setup:/home/ubuntu/microros_ws/install/micro_ros_agent:/home/ubuntu/microros_ws/install/micro_ros_msgs:/home/ubuntu/microros_ws/install/lifecycle_msgs:/home/ubuntu/microros_ws/install/complex_msgs LD_LIBRARY_PATH=/home/ubuntu/microros_ws/install/sensor_msgs/lib:/home/ubuntu/microros_ws/install/geometry_msgs/lib:/home/ubuntu/microros_ws/install/std_msgs/lib:/home/ubuntu/microros_ws/install/builtin_interfaces/lib:/home/ubuntu/microros_ws/install/visualization_msgs/lib:/home/ubuntu/microros_ws/install/test_msgs/lib:/home/ubuntu/microros_ws/install/example_interfaces/lib:/home/ubuntu/microros_ws/install/action_msgs/lib:/home/ubuntu/microros_ws/install/unique_identifier_msgs/lib:/home/ubuntu/microros_ws/install/trajectory_msgs/lib:/home/ubuntu/microros_ws/install/stereo_msgs/lib:/home/ubuntu/microros_ws/install/astra_camera/lib:/home/ubuntu/microros_ws/install/std_srvs/lib:/home/ubuntu/microros_ws/install/shape_msgs/lib:/home/ubuntu/microros_ws/install/astra_camera_msgs/lib:/home/ubuntu/microros_ws/install/nav_msgs/lib:/home/ubuntu/microros_ws/install/diagnostic_msgs/lib:/home/ubuntu/microros_ws/install/actionlib_msgs/lib:/home/ubuntu/microros_ws/install/statistics_msgs/lib:/home/ubuntu/microros_ws/install/rmw_microxrcedds/lib:/home/ubuntu/microros_ws/install/rosidl_typesupport_microxrcedds_cpp/lib:/home/ubuntu/microros_ws/install/rosidl_typesupport_microxrcedds_c/lib:/home/ubuntu/microros_ws/install/rosgraph_msgs/lib:/home/ubuntu/microros_ws/install/rclc_parameter/lib:/home/ubuntu/microros_ws/install/rclc/lib:/home/ubuntu/microros_ws/install/composition_interfaces/lib:/home/ubuntu/microros_ws/install/rcl_interfaces/lib:/home/ubuntu/microros_ws/install/microxrcedds_client/lib:/home/ubuntu/microros_ws/install/microcdr/lib:/home/ubuntu/microros_ws/install/micro_ros_utilities/lib:/home/ubuntu/microros_ws/install/micro_ros_agent/lib:/home/ubuntu/microros_ws/install/micro_ros_msgs/lib:/home/ubuntu/microros_ws/install/lifecycle_msgs/lib:/home/ubuntu/microros_ws/install/complex_msgs/lib:/opt/ros/humble/opt/rviz_ogre_vendor/lib:/opt/ros/humble/lib/aarch64-linux-gnu:/opt/ros/humble/lib /usr/bin/cmake --install /home/ubuntu/microros_ws/build/visualization_msgs
