[0.154s] Invoking command in '/home/ubuntu/microros_ws/build/unique_identifier_msgs': CMAKE_PREFIX_PATH=/opt/ros/humble /usr/bin/cmake --build /home/ubuntu/microros_ws/build/unique_identifier_msgs -- -j4 -l4
[0.633s] [  7%] Built target unique_identifier_msgs__rosidl_generator_c
[0.756s] [ 10%] Built target unique_identifier_msgs__cpp
[0.838s] [ 10%] Built target ament_cmake_python_symlink_unique_identifier_msgs
[0.965s] [ 17%] Built target unique_identifier_msgs__rosidl_typesupport_microxrcedds_c
[1.171s] [ 25%] Built target unique_identifier_msgs__rosidl_typesupport_c
[1.195s] [ 33%] Built target unique_identifier_msgs__rosidl_typesupport_fastrtps_c
[1.277s] [ 41%] Built target unique_identifier_msgs__rosidl_typesupport_introspection_c
[1.415s] [ 48%] Built target unique_identifier_msgs__rosidl_typesupport_microxrcedds_cpp
[1.471s] [ 56%] Built target unique_identifier_msgs__rosidl_typesupport_fastrtps_cpp
[1.547s] [ 64%] Built target unique_identifier_msgs__rosidl_typesupport_introspection_cpp
[1.799s] [ 71%] Built target unique_identifier_msgs__rosidl_typesupport_cpp
[2.016s] [ 71%] Built target unique_identifier_msgs
[2.161s] [ 74%] Built target unique_identifier_msgs__py
[2.383s] [ 79%] Built target unique_identifier_msgs__rosidl_generator_py
[2.646s] [ 84%] Built target unique_identifier_msgs__rosidl_typesupport_microxrcedds_c__pyext
[2.686s] [ 89%] Built target unique_identifier_msgs__rosidl_typesupport_introspection_c__pyext
[2.726s] [ 94%] Built target unique_identifier_msgs__rosidl_typesupport_fastrtps_c__pyext
[2.892s] [100%] Built target unique_identifier_msgs__rosidl_typesupport_c__pyext
[4.144s] running egg_info
[4.152s] writing unique_identifier_msgs.egg-info/PKG-INFO
[4.154s] writing dependency_links to unique_identifier_msgs.egg-info/dependency_links.txt
[4.155s] writing top-level names to unique_identifier_msgs.egg-info/top_level.txt
[4.175s] reading manifest file 'unique_identifier_msgs.egg-info/SOURCES.txt'
[4.180s] writing manifest file 'unique_identifier_msgs.egg-info/SOURCES.txt'
[4.360s] [100%] Built target ament_cmake_python_build_unique_identifier_msgs_egg
