[0.111s] Invoking command in '/home/ubuntu/microros_ws/build/micro_ros_utilities': CMAKE_PREFIX_PATH=${CMAKE_PREFIX_PATH}:/home/ubuntu/microros_ws/install/sensor_msgs_py:/opt/ros/humble /usr/bin/cmake /home/ubuntu/microros_ws/src/uros/micro_ros_utilities -DCMAKE_INSTALL_PREFIX=/home/ubuntu/microros_ws/install/micro_ros_utilities
[0.429s] -- Found ament_cmake: 1.3.9 (/opt/ros/humble/share/ament_cmake/cmake)
[2.196s] -- Found rosidl_typesupport_introspection_c: 3.1.5 (/opt/ros/humble/share/rosidl_typesupport_introspection_c/cmake)
[2.250s] -- Found rosidl_adapter: 3.1.5 (/opt/ros/humble/share/rosidl_adapter/cmake)
[3.649s] -- Configuring done
[3.759s] -- Generating done
[3.789s] -- Build files have been written to: /home/ubuntu/microros_ws/build/micro_ros_utilities
[3.866s] Invoked command in '/home/ubuntu/microros_ws/build/micro_ros_utilities' returned '0': CMAKE_PREFIX_PATH=${CMAKE_PREFIX_PATH}:/home/ubuntu/microros_ws/install/sensor_msgs_py:/opt/ros/humble /usr/bin/cmake /home/ubuntu/microros_ws/src/uros/micro_ros_utilities -DCMAKE_INSTALL_PREFIX=/home/ubuntu/microros_ws/install/micro_ros_utilities
[3.869s] Invoking command in '/home/ubuntu/microros_ws/build/micro_ros_utilities': CMAKE_PREFIX_PATH=${CMAKE_PREFIX_PATH}:/home/ubuntu/microros_ws/install/sensor_msgs_py:/opt/ros/humble /usr/bin/cmake --build /home/ubuntu/microros_ws/build/micro_ros_utilities -- -j4 -l4
[4.572s] [35m[1mConsolidate compiler generated dependencies of target micro_ros_utilities[0m
[4.731s] [100%] Built target micro_ros_utilities
[4.927s] Invoked command in '/home/ubuntu/microros_ws/build/micro_ros_utilities' returned '0': CMAKE_PREFIX_PATH=${CMAKE_PREFIX_PATH}:/home/ubuntu/microros_ws/install/sensor_msgs_py:/opt/ros/humble /usr/bin/cmake --build /home/ubuntu/microros_ws/build/micro_ros_utilities -- -j4 -l4
[5.606s] Invoking command in '/home/ubuntu/microros_ws/build/micro_ros_utilities': CMAKE_PREFIX_PATH=${CMAKE_PREFIX_PATH}:/home/ubuntu/microros_ws/install/sensor_msgs_py:/opt/ros/humble /usr/bin/cmake --install /home/ubuntu/microros_ws/build/micro_ros_utilities
[5.714s] -- Install configuration: ""
[5.716s] -- Up-to-date: /home/ubuntu/microros_ws/install/micro_ros_utilities/include
[5.720s] -- Up-to-date: /home/ubuntu/microros_ws/install/micro_ros_utilities/include/micro_ros_utilities
[5.723s] -- Up-to-date: /home/ubuntu/microros_ws/install/micro_ros_utilities/include/micro_ros_utilities/string_utilities.h
[5.725s] -- Up-to-date: /home/ubuntu/microros_ws/install/micro_ros_utilities/include/micro_ros_utilities/type_utilities.h
[5.727s] -- Up-to-date: /home/ubuntu/microros_ws/install/micro_ros_utilities/include/micro_ros_utilities/visibility_control.h
[5.730s] -- Up-to-date: /home/ubuntu/microros_ws/install/micro_ros_utilities/lib/libmicro_ros_utilities.so
[5.734s] -- Up-to-date: /home/ubuntu/microros_ws/install/micro_ros_utilities/share/micro_ros_utilities/environment/library_path.sh
[5.736s] -- Installing: /home/ubuntu/microros_ws/install/micro_ros_utilities/share/micro_ros_utilities/environment/library_path.dsv
[5.739s] -- Up-to-date: /home/ubuntu/microros_ws/install/micro_ros_utilities/share/ament_index/resource_index/package_run_dependencies/micro_ros_utilities
[5.754s] -- Installing: /home/ubuntu/microros_ws/install/micro_ros_utilities/share/ament_index/resource_index/parent_prefix_path/micro_ros_utilities
[5.757s] -- Up-to-date: /home/ubuntu/microros_ws/install/micro_ros_utilities/share/micro_ros_utilities/environment/ament_prefix_path.sh
[5.759s] -- Installing: /home/ubuntu/microros_ws/install/micro_ros_utilities/share/micro_ros_utilities/environment/ament_prefix_path.dsv
[5.762s] -- Up-to-date: /home/ubuntu/microros_ws/install/micro_ros_utilities/share/micro_ros_utilities/environment/path.sh
[5.764s] -- Installing: /home/ubuntu/microros_ws/install/micro_ros_utilities/share/micro_ros_utilities/environment/path.dsv
[5.769s] -- Up-to-date: /home/ubuntu/microros_ws/install/micro_ros_utilities/share/micro_ros_utilities/local_setup.bash
[5.771s] -- Up-to-date: /home/ubuntu/microros_ws/install/micro_ros_utilities/share/micro_ros_utilities/local_setup.sh
[5.773s] -- Up-to-date: /home/ubuntu/microros_ws/install/micro_ros_utilities/share/micro_ros_utilities/local_setup.zsh
[5.774s] -- Installing: /home/ubuntu/microros_ws/install/micro_ros_utilities/share/micro_ros_utilities/local_setup.dsv
[5.778s] -- Installing: /home/ubuntu/microros_ws/install/micro_ros_utilities/share/micro_ros_utilities/package.dsv
[5.782s] -- Up-to-date: /home/ubuntu/microros_ws/install/micro_ros_utilities/share/ament_index/resource_index/packages/micro_ros_utilities
[5.784s] -- Up-to-date: /home/ubuntu/microros_ws/install/micro_ros_utilities/share/micro_ros_utilities/cmake/ament_cmake_export_include_directories-extras.cmake
[5.797s] -- Up-to-date: /home/ubuntu/microros_ws/install/micro_ros_utilities/share/micro_ros_utilities/cmake/ament_cmake_export_libraries-extras.cmake
[5.799s] -- Up-to-date: /home/ubuntu/microros_ws/install/micro_ros_utilities/share/micro_ros_utilities/cmake/ament_cmake_export_dependencies-extras.cmake
[5.800s] -- Up-to-date: /home/ubuntu/microros_ws/install/micro_ros_utilities/share/micro_ros_utilities/cmake/micro_ros_utilitiesConfig.cmake
[5.802s] -- Up-to-date: /home/ubuntu/microros_ws/install/micro_ros_utilities/share/micro_ros_utilities/cmake/micro_ros_utilitiesConfig-version.cmake
[5.806s] -- Up-to-date: /home/ubuntu/microros_ws/install/micro_ros_utilities/share/micro_ros_utilities/package.xml
[5.831s] Invoked command in '/home/ubuntu/microros_ws/build/micro_ros_utilities' returned '0': CMAKE_PREFIX_PATH=${CMAKE_PREFIX_PATH}:/home/ubuntu/microros_ws/install/sensor_msgs_py:/opt/ros/humble /usr/bin/cmake --install /home/ubuntu/microros_ws/build/micro_ros_utilities
