[0.078s] Invoking command in '/home/ubuntu/microros_ws/build/micro_ros_setup': CMAKE_PREFIX_PATH=/opt/ros/humble /usr/bin/cmake --build /home/ubuntu/microros_ws/build/micro_ros_setup -- -j4 -l4
[0.342s] Invoked command in '/home/ubuntu/microros_ws/build/micro_ros_setup' returned '0': CMAKE_PREFIX_PATH=/opt/ros/humble /usr/bin/cmake --build /home/ubuntu/microros_ws/build/micro_ros_setup -- -j4 -l4
[0.535s] Invoking command in '/home/ubuntu/microros_ws/build/micro_ros_setup': CMAKE_PREFIX_PATH=/opt/ros/humble /usr/bin/cmake --install /home/ubuntu/microros_ws/build/micro_ros_setup
[0.662s] -- Install configuration: ""
[0.669s] -- Execute custom install script
[0.670s] -- Up-to-date symlink: /home/ubuntu/microros_ws/install/micro_ros_setup/share/ament_index/resource_index/package_run_dependencies/micro_ros_setup
[0.671s] -- Up-to-date symlink: /home/ubuntu/microros_ws/install/micro_ros_setup/share/ament_index/resource_index/parent_prefix_path/micro_ros_setup
[0.673s] -- Up-to-date symlink: /home/ubuntu/microros_ws/install/micro_ros_setup/share/micro_ros_setup/environment/ament_prefix_path.sh
[0.679s] -- Up-to-date symlink: /home/ubuntu/microros_ws/install/micro_ros_setup/share/micro_ros_setup/environment/ament_prefix_path.dsv
[0.681s] -- Up-to-date symlink: /home/ubuntu/microros_ws/install/micro_ros_setup/share/micro_ros_setup/environment/path.sh
[0.682s] -- Up-to-date symlink: /home/ubuntu/microros_ws/install/micro_ros_setup/share/micro_ros_setup/environment/path.dsv
[0.685s] -- Up-to-date symlink: /home/ubuntu/microros_ws/install/micro_ros_setup/share/micro_ros_setup/local_setup.bash
[0.722s] -- Up-to-date symlink: /home/ubuntu/microros_ws/install/micro_ros_setup/share/micro_ros_setup/local_setup.sh
[0.723s] -- Up-to-date symlink: /home/ubuntu/microros_ws/install/micro_ros_setup/share/micro_ros_setup/local_setup.zsh
[0.724s] -- Up-to-date symlink: /home/ubuntu/microros_ws/install/micro_ros_setup/share/micro_ros_setup/local_setup.dsv
[0.737s] -- Symlinking: /home/ubuntu/microros_ws/install/micro_ros_setup/share/micro_ros_setup/package.dsv
[0.788s] -- Up-to-date symlink: /home/ubuntu/microros_ws/install/micro_ros_setup/share/ament_index/resource_index/packages/micro_ros_setup
[0.789s] -- Up-to-date symlink: /home/ubuntu/microros_ws/install/micro_ros_setup/share/micro_ros_setup/cmake/micro_ros_setupConfig.cmake
[0.789s] -- Up-to-date symlink: /home/ubuntu/microros_ws/install/micro_ros_setup/share/micro_ros_setup/cmake/micro_ros_setupConfig-version.cmake
[0.790s] -- Up-to-date symlink: /home/ubuntu/microros_ws/install/micro_ros_setup/share/micro_ros_setup/package.xml
[0.791s] -- Up-to-date symlink: /home/ubuntu/microros_ws/install/micro_ros_setup/lib/micro_ros_setup/create_ws.sh
[0.791s] -- Up-to-date symlink: /home/ubuntu/microros_ws/install/micro_ros_setup/lib/micro_ros_setup/create_agent_ws.sh
[0.792s] -- Up-to-date symlink: /home/ubuntu/microros_ws/install/micro_ros_setup/lib/micro_ros_setup/create_firmware_ws.sh
[0.792s] -- Up-to-date symlink: /home/ubuntu/microros_ws/install/micro_ros_setup/lib/micro_ros_setup/configure_firmware.sh
[0.793s] -- Up-to-date symlink: /home/ubuntu/microros_ws/install/micro_ros_setup/lib/micro_ros_setup/flash_firmware.sh
[0.794s] -- Up-to-date symlink: /home/ubuntu/microros_ws/install/micro_ros_setup/lib/micro_ros_setup/build_firmware.sh
[0.795s] -- Up-to-date symlink: /home/ubuntu/microros_ws/install/micro_ros_setup/lib/micro_ros_setup/build_agent.sh
[0.800s] -- Up-to-date symlink: /home/ubuntu/microros_ws/install/micro_ros_setup/lib/micro_ros_setup/yaml_filter.py
[0.800s] -- Up-to-date symlink: /home/ubuntu/microros_ws/install/micro_ros_setup/lib/micro_ros_setup/clean_env.sh
[0.801s] -- Up-to-date symlink: /home/ubuntu/microros_ws/install/micro_ros_setup/lib/micro_ros_setup/component
[0.802s] -- Up-to-date: /home/ubuntu/microros_ws/install/micro_ros_setup/./config
[0.803s] -- Up-to-date: /home/ubuntu/microros_ws/install/micro_ros_setup/./config/generate_lib
[0.804s] -- Up-to-date: /home/ubuntu/microros_ws/install/micro_ros_setup/./config/generate_lib/generic
[0.828s] -- Up-to-date: /home/ubuntu/microros_ws/install/micro_ros_setup/./config/generate_lib/generic/create.sh
[0.829s] -- Up-to-date: /home/ubuntu/microros_ws/install/micro_ros_setup/./config/generate_lib/generic/package.xml
[0.829s] -- Up-to-date: /home/ubuntu/microros_ws/install/micro_ros_setup/./config/generate_lib/generic/demo_toolchain.cmake
[0.830s] -- Up-to-date: /home/ubuntu/microros_ws/install/micro_ros_setup/./config/generate_lib/generic/flash.sh
[0.830s] -- Up-to-date: /home/ubuntu/microros_ws/install/micro_ros_setup/./config/generate_lib/generic/client_uros_packages.repos
[0.831s] -- Up-to-date: /home/ubuntu/microros_ws/install/micro_ros_setup/./config/generate_lib/generic/build.sh
[0.831s] -- Up-to-date: /home/ubuntu/microros_ws/install/micro_ros_setup/./config/generate_lib/generic/client-colcon.meta
[0.833s] -- Up-to-date: /home/ubuntu/microros_ws/install/micro_ros_setup/./config/generate_lib/dev_uros_packages.repos
[0.835s] -- Up-to-date: /home/ubuntu/microros_ws/install/micro_ros_setup/./config/generate_lib/dev_ros2_packages.txt
[0.840s] -- Up-to-date: /home/ubuntu/microros_ws/install/micro_ros_setup/./config/raspbian
[0.842s] -- Up-to-date: /home/ubuntu/microros_ws/install/micro_ros_setup/./config/raspbian/generic
[0.845s] -- Up-to-date: /home/ubuntu/microros_ws/install/micro_ros_setup/./config/raspbian/generic/create.sh
[0.847s] -- Up-to-date: /home/ubuntu/microros_ws/install/micro_ros_setup/./config/raspbian/generic/flash.sh
[0.850s] -- Up-to-date: /home/ubuntu/microros_ws/install/micro_ros_setup/./config/raspbian/generic/client_uros_packages.repos
[0.851s] -- Up-to-date: /home/ubuntu/microros_ws/install/micro_ros_setup/./config/raspbian/generic/build.sh
[0.853s] -- Up-to-date: /home/ubuntu/microros_ws/install/micro_ros_setup/./config/raspbian/generic/client-colcon.meta
[0.854s] -- Up-to-date: /home/ubuntu/microros_ws/install/micro_ros_setup/./config/raspbian/generic/configure.sh
[0.857s] -- Up-to-date: /home/ubuntu/microros_ws/install/micro_ros_setup/./config/raspbian/generic/supported_platforms
[0.859s] -- Up-to-date: /home/ubuntu/microros_ws/install/micro_ros_setup/./config/raspbian/dev_uros_packages.repos
[0.861s] -- Up-to-date: /home/ubuntu/microros_ws/install/micro_ros_setup/./config/raspbian/dev_ros2_packages.txt
[0.863s] -- Up-to-date: /home/ubuntu/microros_ws/install/micro_ros_setup/./config/renesas_ra
[0.864s] -- Up-to-date: /home/ubuntu/microros_ws/install/micro_ros_setup/./config/renesas_ra/ra6m5
[0.868s] -- Up-to-date: /home/ubuntu/microros_ws/install/micro_ros_setup/./config/renesas_ra/ra6m5/create.sh
[0.868s] -- Up-to-date: /home/ubuntu/microros_ws/install/micro_ros_setup/./config/renesas_ra/ra6m5/board.repos
[0.869s] -- Up-to-date: /home/ubuntu/microros_ws/install/micro_ros_setup/./config/renesas_ra/ra6m5/flash.sh
[0.875s] -- Up-to-date: /home/ubuntu/microros_ws/install/micro_ros_setup/./config/renesas_ra/ra6m5/client_uros_packages.repos
[0.890s] -- Up-to-date: /home/ubuntu/microros_ws/install/micro_ros_setup/./config/renesas_ra/ra6m5/build.sh
[0.890s] -- Up-to-date: /home/ubuntu/microros_ws/install/micro_ros_setup/./config/renesas_ra/ra6m5/client-colcon.meta
[0.891s] -- Up-to-date: /home/ubuntu/microros_ws/install/micro_ros_setup/./config/renesas_ra/ra6m5/configure.sh
[0.892s] -- Up-to-date: /home/ubuntu/microros_ws/install/micro_ros_setup/./config/renesas_ra/dev_uros_packages.repos
[0.893s] -- Up-to-date: /home/ubuntu/microros_ws/install/micro_ros_setup/./config/renesas_ra/dev_ros2_packages.txt
[0.894s] -- Up-to-date: /home/ubuntu/microros_ws/install/micro_ros_setup/./config/renesas_ra/list_apps.sh
[0.894s] -- Up-to-date: /home/ubuntu/microros_ws/install/micro_ros_setup/./config/freertos
[0.896s] -- Up-to-date: /home/ubuntu/microros_ws/install/micro_ros_setup/./config/freertos/nucleo_f767zi
[0.896s] -- Up-to-date: /home/ubuntu/microros_ws/install/micro_ros_setup/./config/freertos/nucleo_f767zi/create.sh
[0.898s] -- Up-to-date: /home/ubuntu/microros_ws/install/micro_ros_setup/./config/freertos/nucleo_f767zi/package.xml
[0.905s] -- Up-to-date: /home/ubuntu/microros_ws/install/micro_ros_setup/./config/freertos/nucleo_f767zi/board.repos
[0.905s] -- Up-to-date: /home/ubuntu/microros_ws/install/micro_ros_setup/./config/freertos/nucleo_f767zi/flash.sh
[0.906s] -- Up-to-date: /home/ubuntu/microros_ws/install/micro_ros_setup/./config/freertos/nucleo_f767zi/client_uros_packages.repos
[0.906s] -- Up-to-date: /home/ubuntu/microros_ws/install/micro_ros_setup/./config/freertos/nucleo_f767zi/build.sh
[0.906s] -- Up-to-date: /home/ubuntu/microros_ws/install/micro_ros_setup/./config/freertos/nucleo_f767zi/client-colcon.meta
[0.907s] -- Up-to-date: /home/ubuntu/microros_ws/install/micro_ros_setup/./config/freertos/nucleo_f767zi/configure.sh
[0.921s] -- Up-to-date: /home/ubuntu/microros_ws/install/micro_ros_setup/./config/freertos/nucleo_f746zg
[0.935s] -- Up-to-date: /home/ubuntu/microros_ws/install/micro_ros_setup/./config/freertos/nucleo_f746zg/create.sh
[0.936s] -- Up-to-date: /home/ubuntu/microros_ws/install/micro_ros_setup/./config/freertos/nucleo_f746zg/package.xml
[0.937s] -- Up-to-date: /home/ubuntu/microros_ws/install/micro_ros_setup/./config/freertos/nucleo_f746zg/board.repos
[0.937s] -- Up-to-date: /home/ubuntu/microros_ws/install/micro_ros_setup/./config/freertos/nucleo_f746zg/flash.sh
[0.938s] -- Up-to-date: /home/ubuntu/microros_ws/install/micro_ros_setup/./config/freertos/nucleo_f746zg/client_uros_packages.repos
[0.939s] -- Up-to-date: /home/ubuntu/microros_ws/install/micro_ros_setup/./config/freertos/nucleo_f746zg/build.sh
[0.940s] -- Up-to-date: /home/ubuntu/microros_ws/install/micro_ros_setup/./config/freertos/nucleo_f746zg/client-colcon.meta
[0.940s] -- Up-to-date: /home/ubuntu/microros_ws/install/micro_ros_setup/./config/freertos/nucleo_f746zg/configure.sh
[0.941s] -- Up-to-date: /home/ubuntu/microros_ws/install/micro_ros_setup/./config/freertos/olimex-stm32-e407
[0.942s] -- Up-to-date: /home/ubuntu/microros_ws/install/micro_ros_setup/./config/freertos/olimex-stm32-e407/create.sh
[0.942s] -- Up-to-date: /home/ubuntu/microros_ws/install/micro_ros_setup/./config/freertos/olimex-stm32-e407/package.xml
[0.943s] -- Up-to-date: /home/ubuntu/microros_ws/install/micro_ros_setup/./config/freertos/olimex-stm32-e407/board.repos
[0.944s] -- Up-to-date: /home/ubuntu/microros_ws/install/micro_ros_setup/./config/freertos/olimex-stm32-e407/flash.sh
[0.945s] -- Up-to-date: /home/ubuntu/microros_ws/install/micro_ros_setup/./config/freertos/olimex-stm32-e407/client_uros_packages.repos
[0.946s] -- Up-to-date: /home/ubuntu/microros_ws/install/micro_ros_setup/./config/freertos/olimex-stm32-e407/build.sh
[0.948s] -- Up-to-date: /home/ubuntu/microros_ws/install/micro_ros_setup/./config/freertos/olimex-stm32-e407/client-colcon.meta
[0.949s] -- Up-to-date: /home/ubuntu/microros_ws/install/micro_ros_setup/./config/freertos/olimex-stm32-e407/configure.sh
[0.950s] -- Up-to-date: /home/ubuntu/microros_ws/install/micro_ros_setup/./config/freertos/esp32
[0.950s] -- Up-to-date: /home/ubuntu/microros_ws/install/micro_ros_setup/./config/freertos/esp32/README.md
[0.952s] -- Up-to-date: /home/ubuntu/microros_ws/install/micro_ros_setup/./config/freertos/esp32/create.sh
[0.952s] -- Up-to-date: /home/ubuntu/microros_ws/install/micro_ros_setup/./config/freertos/esp32/package.xml
[0.958s] -- Up-to-date: /home/ubuntu/microros_ws/install/micro_ros_setup/./config/freertos/esp32/board.repos
[0.959s] -- Up-to-date: /home/ubuntu/microros_ws/install/micro_ros_setup/./config/freertos/esp32/flash.sh
[0.963s] -- Up-to-date: /home/ubuntu/microros_ws/install/micro_ros_setup/./config/freertos/esp32/client_uros_packages.repos
[0.964s] -- Up-to-date: /home/ubuntu/microros_ws/install/micro_ros_setup/./config/freertos/esp32/build.sh
[0.965s] -- Up-to-date: /home/ubuntu/microros_ws/install/micro_ros_setup/./config/freertos/esp32/client-colcon.meta
[0.965s] -- Up-to-date: /home/ubuntu/microros_ws/install/micro_ros_setup/./config/freertos/esp32/configure.sh
[0.966s] -- Up-to-date: /home/ubuntu/microros_ws/install/micro_ros_setup/./config/freertos/nucleo_f446ze
[0.967s] -- Up-to-date: /home/ubuntu/microros_ws/install/micro_ros_setup/./config/freertos/nucleo_f446ze/create.sh
[0.967s] -- Up-to-date: /home/ubuntu/microros_ws/install/micro_ros_setup/./config/freertos/nucleo_f446ze/package.xml
[0.968s] -- Up-to-date: /home/ubuntu/microros_ws/install/micro_ros_setup/./config/freertos/nucleo_f446ze/board.repos
[0.969s] -- Up-to-date: /home/ubuntu/microros_ws/install/micro_ros_setup/./config/freertos/nucleo_f446ze/flash.sh
[0.970s] -- Up-to-date: /home/ubuntu/microros_ws/install/micro_ros_setup/./config/freertos/nucleo_f446ze/client_uros_packages.repos
[0.970s] -- Up-to-date: /home/ubuntu/microros_ws/install/micro_ros_setup/./config/freertos/nucleo_f446ze/build.sh
[0.971s] -- Up-to-date: /home/ubuntu/microros_ws/install/micro_ros_setup/./config/freertos/nucleo_f446ze/client-colcon.meta
[0.972s] -- Up-to-date: /home/ubuntu/microros_ws/install/micro_ros_setup/./config/freertos/nucleo_f446ze/configure.sh
[0.972s] -- Up-to-date: /home/ubuntu/microros_ws/install/micro_ros_setup/./config/freertos/dev_uros_packages.repos
[0.973s] -- Up-to-date: /home/ubuntu/microros_ws/install/micro_ros_setup/./config/freertos/dev_ros2_packages.txt
[0.973s] -- Up-to-date: /home/ubuntu/microros_ws/install/micro_ros_setup/./config/freertos/list_apps.sh
[0.974s] -- Up-to-date: /home/ubuntu/microros_ws/install/micro_ros_setup/./config/freertos/crazyflie21
[0.974s] -- Up-to-date: /home/ubuntu/microros_ws/install/micro_ros_setup/./config/freertos/crazyflie21/create.sh
[0.975s] -- Up-to-date: /home/ubuntu/microros_ws/install/micro_ros_setup/./config/freertos/crazyflie21/package.xml
[0.975s] -- Up-to-date: /home/ubuntu/microros_ws/install/micro_ros_setup/./config/freertos/crazyflie21/board.repos
[0.977s] -- Up-to-date: /home/ubuntu/microros_ws/install/micro_ros_setup/./config/freertos/crazyflie21/flash.sh
[0.978s] -- Up-to-date: /home/ubuntu/microros_ws/install/micro_ros_setup/./config/freertos/crazyflie21/client_uros_packages.repos
[0.978s] -- Up-to-date: /home/ubuntu/microros_ws/install/micro_ros_setup/./config/freertos/crazyflie21/build.sh
[0.979s] -- Up-to-date: /home/ubuntu/microros_ws/install/micro_ros_setup/./config/freertos/crazyflie21/client-colcon.meta
[0.980s] -- Up-to-date: /home/ubuntu/microros_ws/install/micro_ros_setup/./config/freertos/crazyflie21/configure.sh
[0.981s] -- Up-to-date: /home/ubuntu/microros_ws/install/micro_ros_setup/./config/freertos/nucleo_f446re
[0.981s] -- Up-to-date: /home/ubuntu/microros_ws/install/micro_ros_setup/./config/freertos/nucleo_f446re/create.sh
[0.982s] -- Up-to-date: /home/ubuntu/microros_ws/install/micro_ros_setup/./config/freertos/nucleo_f446re/package.xml
[0.983s] -- Up-to-date: /home/ubuntu/microros_ws/install/micro_ros_setup/./config/freertos/nucleo_f446re/board.repos
[0.984s] -- Up-to-date: /home/ubuntu/microros_ws/install/micro_ros_setup/./config/freertos/nucleo_f446re/flash.sh
[0.985s] -- Up-to-date: /home/ubuntu/microros_ws/install/micro_ros_setup/./config/freertos/nucleo_f446re/client_uros_packages.repos
[0.985s] -- Up-to-date: /home/ubuntu/microros_ws/install/micro_ros_setup/./config/freertos/nucleo_f446re/build.sh
[0.985s] -- Up-to-date: /home/ubuntu/microros_ws/install/micro_ros_setup/./config/freertos/nucleo_f446re/client-colcon.meta
[0.986s] -- Up-to-date: /home/ubuntu/microros_ws/install/micro_ros_setup/./config/freertos/nucleo_f446re/configure.sh
[0.986s] -- Up-to-date: /home/ubuntu/microros_ws/install/micro_ros_setup/./config/mbed
[0.987s] -- Up-to-date: /home/ubuntu/microros_ws/install/micro_ros_setup/./config/mbed/generic
[0.988s] -- Up-to-date: /home/ubuntu/microros_ws/install/micro_ros_setup/./config/mbed/generic/create.sh
[0.988s] -- Up-to-date: /home/ubuntu/microros_ws/install/micro_ros_setup/./config/mbed/generic/package.xml
[0.989s] -- Up-to-date: /home/ubuntu/microros_ws/install/micro_ros_setup/./config/mbed/generic/board.repos
[0.989s] -- Up-to-date: /home/ubuntu/microros_ws/install/micro_ros_setup/./config/mbed/generic/flash.sh
[0.989s] -- Up-to-date: /home/ubuntu/microros_ws/install/micro_ros_setup/./config/mbed/generic/client_uros_packages.repos
[0.990s] -- Up-to-date: /home/ubuntu/microros_ws/install/micro_ros_setup/./config/mbed/generic/build.sh
[0.992s] -- Up-to-date: /home/ubuntu/microros_ws/install/micro_ros_setup/./config/mbed/generic/supported_platforms
[0.994s] -- Up-to-date: /home/ubuntu/microros_ws/install/micro_ros_setup/./config/mbed/dev_uros_packages.repos
[0.994s] -- Up-to-date: /home/ubuntu/microros_ws/install/micro_ros_setup/./config/mbed/dev_ros2_packages.txt
[1.011s] -- Up-to-date: /home/ubuntu/microros_ws/install/micro_ros_setup/./config/mbed/list_apps.sh
[1.011s] -- Up-to-date: /home/ubuntu/microros_ws/install/micro_ros_setup/./config/host
[1.012s] -- Up-to-date: /home/ubuntu/microros_ws/install/micro_ros_setup/./config/host/generic
[1.013s] -- Up-to-date: /home/ubuntu/microros_ws/install/micro_ros_setup/./config/host/generic/client_host_packages.repos
[1.013s] -- Up-to-date: /home/ubuntu/microros_ws/install/micro_ros_setup/./config/host/generic/create.sh
[1.014s] -- Up-to-date: /home/ubuntu/microros_ws/install/micro_ros_setup/./config/host/generic/client-host-colcon.meta
[1.014s] -- Up-to-date: /home/ubuntu/microros_ws/install/micro_ros_setup/./config/host/generic/package.xml
[1.019s] -- Up-to-date: /home/ubuntu/microros_ws/install/micro_ros_setup/./config/host/generic/flash.sh
[1.020s] -- Up-to-date: /home/ubuntu/microros_ws/install/micro_ros_setup/./config/host/generic/build.sh
[1.022s] -- Up-to-date: /home/ubuntu/microros_ws/install/micro_ros_setup/./config/host/client_ros2_packages.txt
[1.022s] -- Up-to-date: /home/ubuntu/microros_ws/install/micro_ros_setup/./config/host/dev_uros_packages.repos
[1.023s] -- Up-to-date: /home/ubuntu/microros_ws/install/micro_ros_setup/./config/host/dev_ros2_packages.txt
[1.024s] -- Up-to-date: /home/ubuntu/microros_ws/install/micro_ros_setup/./config/client_uros_packages.repos
[1.024s] -- Up-to-date: /home/ubuntu/microros_ws/install/micro_ros_setup/./config/client_ros2_packages.txt
[1.025s] -- Up-to-date: /home/ubuntu/microros_ws/install/micro_ros_setup/./config/agent_ros2_packages.txt
[1.027s] -- Up-to-date: /home/ubuntu/microros_ws/install/micro_ros_setup/./config/utils.sh
[1.029s] -- Up-to-date: /home/ubuntu/microros_ws/install/micro_ros_setup/./config/agent_uros_packages.repos
[1.031s] -- Up-to-date: /home/ubuntu/microros_ws/install/micro_ros_setup/./config/android
[1.032s] -- Up-to-date: /home/ubuntu/microros_ws/install/micro_ros_setup/./config/android/generic
[1.033s] -- Up-to-date: /home/ubuntu/microros_ws/install/micro_ros_setup/./config/android/generic/create.sh
[1.033s] -- Up-to-date: /home/ubuntu/microros_ws/install/micro_ros_setup/./config/android/generic/package.xml
[1.035s] -- Up-to-date: /home/ubuntu/microros_ws/install/micro_ros_setup/./config/android/generic/flash.sh
[1.036s] -- Up-to-date: /home/ubuntu/microros_ws/install/micro_ros_setup/./config/android/generic/client_uros_packages.repos
[1.037s] -- Up-to-date: /home/ubuntu/microros_ws/install/micro_ros_setup/./config/android/generic/build.sh
[1.038s] -- Up-to-date: /home/ubuntu/microros_ws/install/micro_ros_setup/./config/android/generic/client-colcon.meta
[1.038s] -- Up-to-date: /home/ubuntu/microros_ws/install/micro_ros_setup/./config/android/dev_uros_packages.repos
[1.039s] -- Up-to-date: /home/ubuntu/microros_ws/install/micro_ros_setup/./config/android/dev_ros2_packages.txt
[1.040s] -- Up-to-date: /home/ubuntu/microros_ws/install/micro_ros_setup/./config/zephyr
[1.040s] -- Up-to-date: /home/ubuntu/microros_ws/install/micro_ros_setup/./config/zephyr/generic
[1.040s] -- Up-to-date: /home/ubuntu/microros_ws/install/micro_ros_setup/./config/zephyr/generic/create.sh
[1.041s] -- Up-to-date: /home/ubuntu/microros_ws/install/micro_ros_setup/./config/zephyr/generic/package.xml
[1.041s] -- Up-to-date: /home/ubuntu/microros_ws/install/micro_ros_setup/./config/zephyr/generic/board.repos
[1.042s] -- Up-to-date: /home/ubuntu/microros_ws/install/micro_ros_setup/./config/zephyr/generic/flash.sh
[1.042s] -- Up-to-date: /home/ubuntu/microros_ws/install/micro_ros_setup/./config/zephyr/generic/client_uros_packages.repos
[1.043s] -- Up-to-date: /home/ubuntu/microros_ws/install/micro_ros_setup/./config/zephyr/generic/build.sh
[1.043s] -- Up-to-date: /home/ubuntu/microros_ws/install/micro_ros_setup/./config/zephyr/generic/client-colcon.meta
[1.044s] -- Up-to-date: /home/ubuntu/microros_ws/install/micro_ros_setup/./config/zephyr/generic/configure.sh
[1.044s] -- Up-to-date: /home/ubuntu/microros_ws/install/micro_ros_setup/./config/zephyr/generic/supported_platforms
[1.045s] -- Up-to-date: /home/ubuntu/microros_ws/install/micro_ros_setup/./config/zephyr/dev_uros_packages.repos
[1.046s] -- Up-to-date: /home/ubuntu/microros_ws/install/micro_ros_setup/./config/zephyr/dev_ros2_packages.txt
[1.046s] -- Up-to-date: /home/ubuntu/microros_ws/install/micro_ros_setup/./config/zephyr/list_apps.sh
[1.047s] Invoked command in '/home/ubuntu/microros_ws/build/micro_ros_setup' returned '0': CMAKE_PREFIX_PATH=/opt/ros/humble /usr/bin/cmake --install /home/ubuntu/microros_ws/build/micro_ros_setup
