gmake: Warning: File 'Makefile' has modification time 18360249 s in the future
gmake[1]: Warning: File 'CMakeFiles/Makefile2' has modification time 18360249 s in the future
gmake[2]: Warning: File 'CMakeFiles/graph_visualizer.dir/progress.make' has modification time 18360249 s in the future
gmake[2]: warning:  Clock skew detected.  Your build may be incomplete.
gmake[2]: Warning: File 'CMakeFiles/graph_visualizer.dir/progress.make' has modification time 18360249 s in the future
[  1%] [34m[1mPerforming build step for 'graph_visualizer'[0m
gmake[3]: Warning: File 'Makefile' has modification time 18360254 s in the future
gmake[4]: Warning: File 'CMakeFiles/Makefile2' has modification time 18360253 s in the future
gmake[5]: Warning: File 'CMakeFiles/graph_visualizer.dir/flags.make' has modification time 18360253 s in the future
gmake[5]: warning:  Clock skew detected.  Your build may be incomplete.
gmake[5]: Warning: File 'CMakeFiles/graph_visualizer.dir/flags.make' has modification time 18360253 s in the future
gmake[5]: warning:  Clock skew detected.  Your build may be incomplete.
[100%] Built target graph_visualizer
gmake[4]: warning:  Clock skew detected.  Your build may be incomplete.
gmake[3]: warning:  Clock skew detected.  Your build may be incomplete.
[  1%] [34m[1mPerforming install step for 'graph_visualizer'[0m
gmake[3]: Warning: File 'Makefile' has modification time 18360252 s in the future
gmake[4]: Warning: File 'CMakeFiles/Makefile2' has modification time 18360252 s in the future
gmake[5]: Warning: File 'CMakeFiles/graph_visualizer.dir/flags.make' has modification time 18360252 s in the future
gmake[5]: warning:  Clock skew detected.  Your build may be incomplete.
gmake[5]: Warning: File 'CMakeFiles/graph_visualizer.dir/flags.make' has modification time 18360252 s in the future
gmake[5]: warning:  Clock skew detected.  Your build may be incomplete.
[100%] Built target graph_visualizer
gmake[4]: warning:  Clock skew detected.  Your build may be incomplete.
gmake[4]: Warning: File 'CMakeFiles/Makefile2' has modification time 18360252 s in the future
gmake[4]: warning:  Clock skew detected.  Your build may be incomplete.
[36mInstall the project...[0m
-- Install configuration: "Release"
-- Up-to-date: /home/ubuntu/microros_ws/build/micro_ros_demos_rclc/temp_install/graph_visualizer/graph_visualizer
gmake[3]: warning:  Clock skew detected.  Your build may be incomplete.
[  1%] [34m[1mCompleted 'graph_visualizer'[0m
gmake[2]: warning:  Clock skew detected.  Your build may be incomplete.
[  4%] Built target graph_visualizer
gmake[2]: Warning: File 'CMakeFiles/int32_publisher.dir/progress.make' has modification time 18360245 s in the future
gmake[2]: warning:  Clock skew detected.  Your build may be incomplete.
gmake[2]: Warning: File 'CMakeFiles/int32_publisher.dir/progress.make' has modification time 18360245 s in the future
[  4%] [34m[1mPerforming build step for 'int32_publisher'[0m
gmake[3]: Warning: File 'Makefile' has modification time 18360260 s in the future
gmake[4]: Warning: File 'CMakeFiles/Makefile2' has modification time 18360259 s in the future
gmake[5]: Warning: File 'CMakeFiles/int32_publisher.dir/flags.make' has modification time 18360259 s in the future
gmake[5]: warning:  Clock skew detected.  Your build may be incomplete.
gmake[5]: Warning: File 'CMakeFiles/int32_publisher.dir/flags.make' has modification time 18360259 s in the future
gmake[5]: warning:  Clock skew detected.  Your build may be incomplete.
[100%] Built target int32_publisher
gmake[4]: warning:  Clock skew detected.  Your build may be incomplete.
gmake[3]: warning:  Clock skew detected.  Your build may be incomplete.
[  5%] [34m[1mPerforming install step for 'int32_publisher'[0m
gmake[3]: Warning: File 'Makefile' has modification time 18360259 s in the future
gmake[4]: Warning: File 'CMakeFiles/Makefile2' has modification time 18360259 s in the future
gmake[5]: Warning: File 'CMakeFiles/int32_publisher.dir/flags.make' has modification time 18360258 s in the future
gmake[5]: warning:  Clock skew detected.  Your build may be incomplete.
gmake[5]: Warning: File 'CMakeFiles/int32_publisher.dir/flags.make' has modification time 18360258 s in the future
gmake[5]: warning:  Clock skew detected.  Your build may be incomplete.
[100%] Built target int32_publisher
gmake[4]: warning:  Clock skew detected.  Your build may be incomplete.
gmake[4]: Warning: File 'CMakeFiles/Makefile2' has modification time 18360258 s in the future
gmake[4]: warning:  Clock skew detected.  Your build may be incomplete.
[36mInstall the project...[0m
-- Install configuration: "Release"
-- Up-to-date: /home/ubuntu/microros_ws/build/micro_ros_demos_rclc/temp_install/int32_publisher/int32_publisher
gmake[3]: warning:  Clock skew detected.  Your build may be incomplete.
[  6%] [34m[1mCompleted 'int32_publisher'[0m
gmake[2]: warning:  Clock skew detected.  Your build may be incomplete.
[  8%] Built target int32_publisher
gmake[2]: Warning: File 'CMakeFiles/int32_subscriber.dir/progress.make' has modification time 18360240 s in the future
gmake[2]: warning:  Clock skew detected.  Your build may be incomplete.
gmake[2]: Warning: File 'CMakeFiles/int32_subscriber.dir/progress.make' has modification time 18360240 s in the future
[  9%] [34m[1mPerforming build step for 'int32_subscriber'[0m
gmake[3]: Warning: File 'Makefile' has modification time 18360263 s in the future
gmake[4]: Warning: File 'CMakeFiles/Makefile2' has modification time 18360263 s in the future
gmake[5]: Warning: File 'CMakeFiles/int32_subscriber.dir/flags.make' has modification time 18360263 s in the future
gmake[5]: warning:  Clock skew detected.  Your build may be incomplete.
gmake[5]: Warning: File 'CMakeFiles/int32_subscriber.dir/flags.make' has modification time 18360263 s in the future
gmake[5]: warning:  Clock skew detected.  Your build may be incomplete.
[100%] Built target int32_subscriber
gmake[4]: warning:  Clock skew detected.  Your build may be incomplete.
gmake[3]: warning:  Clock skew detected.  Your build may be incomplete.
[  9%] [34m[1mPerforming install step for 'int32_subscriber'[0m
gmake[3]: Warning: File 'Makefile' has modification time 18360262 s in the future
gmake[4]: Warning: File 'CMakeFiles/Makefile2' has modification time 18360262 s in the future
gmake[5]: Warning: File 'CMakeFiles/int32_subscriber.dir/flags.make' has modification time 18360262 s in the future
gmake[5]: warning:  Clock skew detected.  Your build may be incomplete.
gmake[5]: Warning: File 'CMakeFiles/int32_subscriber.dir/flags.make' has modification time 18360262 s in the future
gmake[5]: warning:  Clock skew detected.  Your build may be incomplete.
[100%] Built target int32_subscriber
gmake[4]: warning:  Clock skew detected.  Your build may be incomplete.
gmake[4]: Warning: File 'CMakeFiles/Makefile2' has modification time 18360262 s in the future
gmake[4]: warning:  Clock skew detected.  Your build may be incomplete.
[36mInstall the project...[0m
-- Install configuration: "Release"
-- Up-to-date: /home/ubuntu/microros_ws/build/micro_ros_demos_rclc/temp_install/int32_subscriber/int32_subscriber
gmake[3]: warning:  Clock skew detected.  Your build may be incomplete.
[  9%] [34m[1mCompleted 'int32_subscriber'[0m
gmake[2]: warning:  Clock skew detected.  Your build may be incomplete.
[ 11%] Built target int32_subscriber
gmake[2]: Warning: File 'CMakeFiles/configured_publisher.dir/progress.make' has modification time 18360237 s in the future
gmake[2]: warning:  Clock skew detected.  Your build may be incomplete.
gmake[2]: Warning: File 'CMakeFiles/configured_publisher.dir/progress.make' has modification time 18360237 s in the future
[ 12%] [34m[1mPerforming build step for 'configured_publisher'[0m
gmake[3]: Warning: File 'Makefile' has modification time 18360269 s in the future
gmake[4]: Warning: File 'CMakeFiles/Makefile2' has modification time 18360269 s in the future
gmake[5]: Warning: File 'CMakeFiles/configured_publisher.dir/flags.make' has modification time 18360269 s in the future
gmake[5]: warning:  Clock skew detected.  Your build may be incomplete.
gmake[5]: Warning: File 'CMakeFiles/configured_publisher.dir/flags.make' has modification time 18360269 s in the future
gmake[5]: warning:  Clock skew detected.  Your build may be incomplete.
[100%] Built target configured_publisher
gmake[4]: warning:  Clock skew detected.  Your build may be incomplete.
gmake[3]: warning:  Clock skew detected.  Your build may be incomplete.
[ 12%] [34m[1mPerforming install step for 'configured_publisher'[0m
gmake[3]: Warning: File 'Makefile' has modification time 18360268 s in the future
gmake[4]: Warning: File 'CMakeFiles/Makefile2' has modification time 18360268 s in the future
gmake[5]: Warning: File 'CMakeFiles/configured_publisher.dir/flags.make' has modification time 18360268 s in the future
gmake[5]: warning:  Clock skew detected.  Your build may be incomplete.
gmake[5]: Warning: File 'CMakeFiles/configured_publisher.dir/flags.make' has modification time 18360268 s in the future
gmake[5]: warning:  Clock skew detected.  Your build may be incomplete.
[100%] Built target configured_publisher
gmake[4]: warning:  Clock skew detected.  Your build may be incomplete.
gmake[4]: Warning: File 'CMakeFiles/Makefile2' has modification time 18360268 s in the future
gmake[4]: warning:  Clock skew detected.  Your build may be incomplete.
[36mInstall the project...[0m
-- Install configuration: "Release"
-- Up-to-date: /home/ubuntu/microros_ws/build/micro_ros_demos_rclc/temp_install/configured_publisher/configured_publisher
gmake[3]: warning:  Clock skew detected.  Your build may be incomplete.
[ 12%] [34m[1mCompleted 'configured_publisher'[0m
gmake[2]: warning:  Clock skew detected.  Your build may be incomplete.
[ 15%] Built target configured_publisher
gmake[2]: Warning: File 'CMakeFiles/configured_subscriber.dir/progress.make' has modification time 18360234 s in the future
gmake[2]: warning:  Clock skew detected.  Your build may be incomplete.
gmake[2]: Warning: File 'CMakeFiles/configured_subscriber.dir/progress.make' has modification time 18360234 s in the future
[ 16%] [34m[1mPerforming build step for 'configured_subscriber'[0m
gmake[3]: Warning: File 'Makefile' has modification time 18360277 s in the future
gmake[4]: Warning: File 'CMakeFiles/Makefile2' has modification time 18360277 s in the future
gmake[5]: Warning: File 'CMakeFiles/configured_subscriber.dir/flags.make' has modification time 18360277 s in the future
gmake[5]: warning:  Clock skew detected.  Your build may be incomplete.
gmake[5]: Warning: File 'CMakeFiles/configured_subscriber.dir/flags.make' has modification time 18360277 s in the future
gmake[5]: warning:  Clock skew detected.  Your build may be incomplete.
[100%] Built target configured_subscriber
gmake[4]: warning:  Clock skew detected.  Your build may be incomplete.
gmake[3]: warning:  Clock skew detected.  Your build may be incomplete.
[ 16%] [34m[1mPerforming install step for 'configured_subscriber'[0m
gmake[3]: Warning: File 'Makefile' has modification time 18360276 s in the future
gmake[4]: Warning: File 'CMakeFiles/Makefile2' has modification time 18360276 s in the future
gmake[5]: Warning: File 'CMakeFiles/configured_subscriber.dir/flags.make' has modification time 18360276 s in the future
gmake[5]: warning:  Clock skew detected.  Your build may be incomplete.
gmake[5]: Warning: File 'CMakeFiles/configured_subscriber.dir/flags.make' has modification time 18360276 s in the future
gmake[5]: warning:  Clock skew detected.  Your build may be incomplete.
[100%] Built target configured_subscriber
gmake[4]: warning:  Clock skew detected.  Your build may be incomplete.
gmake[4]: Warning: File 'CMakeFiles/Makefile2' has modification time 18360275 s in the future
gmake[4]: warning:  Clock skew detected.  Your build may be incomplete.
[36mInstall the project...[0m
-- Install configuration: "Release"
-- Up-to-date: /home/ubuntu/microros_ws/build/micro_ros_demos_rclc/temp_install/configured_subscriber/configured_subscriber
gmake[3]: warning:  Clock skew detected.  Your build may be incomplete.
[ 16%] [34m[1mCompleted 'configured_subscriber'[0m
gmake[2]: warning:  Clock skew detected.  Your build may be incomplete.
[ 18%] Built target configured_subscriber
gmake[2]: Warning: File 'CMakeFiles/addtwoints_server.dir/progress.make' has modification time 18360231 s in the future
gmake[2]: warning:  Clock skew detected.  Your build may be incomplete.
gmake[2]: Warning: File 'CMakeFiles/addtwoints_server.dir/progress.make' has modification time 18360231 s in the future
[ 18%] [34m[1mPerforming build step for 'addtwoints_server'[0m
gmake[3]: Warning: File 'Makefile' has modification time 18360277 s in the future
gmake[4]: Warning: File 'CMakeFiles/Makefile2' has modification time 18360276 s in the future
gmake[5]: Warning: File 'CMakeFiles/addtwoints_server.dir/flags.make' has modification time 18360276 s in the future
gmake[5]: warning:  Clock skew detected.  Your build may be incomplete.
gmake[5]: Warning: File 'CMakeFiles/addtwoints_server.dir/flags.make' has modification time 18360276 s in the future
gmake[5]: warning:  Clock skew detected.  Your build may be incomplete.
[100%] Built target addtwoints_server
gmake[4]: warning:  Clock skew detected.  Your build may be incomplete.
gmake[3]: warning:  Clock skew detected.  Your build may be incomplete.
[ 19%] [34m[1mPerforming install step for 'addtwoints_server'[0m
gmake[3]: Warning: File 'Makefile' has modification time 18360276 s in the future
gmake[4]: Warning: File 'CMakeFiles/Makefile2' has modification time 18360276 s in the future
gmake[5]: Warning: File 'CMakeFiles/addtwoints_server.dir/flags.make' has modification time 18360276 s in the future
gmake[5]: warning:  Clock skew detected.  Your build may be incomplete.
gmake[5]: Warning: File 'CMakeFiles/addtwoints_server.dir/flags.make' has modification time 18360275 s in the future
gmake[5]: warning:  Clock skew detected.  Your build may be incomplete.
[100%] Built target addtwoints_server
gmake[4]: warning:  Clock skew detected.  Your build may be incomplete.
gmake[4]: Warning: File 'CMakeFiles/Makefile2' has modification time 18360275 s in the future
gmake[4]: warning:  Clock skew detected.  Your build may be incomplete.
[36mInstall the project...[0m
-- Install configuration: "Release"
-- Up-to-date: /home/ubuntu/microros_ws/build/micro_ros_demos_rclc/temp_install/addtwoints_server/addtwoints_server
gmake[3]: warning:  Clock skew detected.  Your build may be incomplete.
[ 20%] [34m[1mCompleted 'addtwoints_server'[0m
gmake[2]: warning:  Clock skew detected.  Your build may be incomplete.
[ 22%] Built target addtwoints_server
gmake[2]: Warning: File 'CMakeFiles/addtwoints_client.dir/progress.make' has modification time 18360228 s in the future
gmake[2]: warning:  Clock skew detected.  Your build may be incomplete.
gmake[2]: Warning: File 'CMakeFiles/addtwoints_client.dir/progress.make' has modification time 18360228 s in the future
[ 22%] [34m[1mPerforming build step for 'addtwoints_client'[0m
gmake[3]: Warning: File 'Makefile' has modification time 18360327 s in the future
gmake[4]: Warning: File 'CMakeFiles/Makefile2' has modification time 18360326 s in the future
gmake[5]: Warning: File 'CMakeFiles/addtwoints_client.dir/flags.make' has modification time 18360326 s in the future
gmake[5]: warning:  Clock skew detected.  Your build may be incomplete.
gmake[5]: Warning: File 'CMakeFiles/addtwoints_client.dir/flags.make' has modification time 18360326 s in the future
gmake[5]: warning:  Clock skew detected.  Your build may be incomplete.
[100%] Built target addtwoints_client
gmake[4]: warning:  Clock skew detected.  Your build may be incomplete.
gmake[3]: warning:  Clock skew detected.  Your build may be incomplete.
[ 23%] [34m[1mPerforming install step for 'addtwoints_client'[0m
gmake[3]: Warning: File 'Makefile' has modification time 18360325 s in the future
gmake[4]: Warning: File 'CMakeFiles/Makefile2' has modification time 18360325 s in the future
gmake[5]: Warning: File 'CMakeFiles/addtwoints_client.dir/flags.make' has modification time 18360325 s in the future
gmake[5]: warning:  Clock skew detected.  Your build may be incomplete.
gmake[5]: Warning: File 'CMakeFiles/addtwoints_client.dir/flags.make' has modification time 18360325 s in the future
gmake[5]: warning:  Clock skew detected.  Your build may be incomplete.
[100%] Built target addtwoints_client
gmake[4]: warning:  Clock skew detected.  Your build may be incomplete.
gmake[4]: Warning: File 'CMakeFiles/Makefile2' has modification time 18360325 s in the future
gmake[4]: warning:  Clock skew detected.  Your build may be incomplete.
[36mInstall the project...[0m
-- Install configuration: "Release"
-- Up-to-date: /home/ubuntu/microros_ws/build/micro_ros_demos_rclc/temp_install/addtwoints_client/addtwoints_client
gmake[3]: warning:  Clock skew detected.  Your build may be incomplete.
[ 23%] [34m[1mCompleted 'addtwoints_client'[0m
gmake[2]: warning:  Clock skew detected.  Your build may be incomplete.
[ 25%] Built target addtwoints_client
gmake[2]: Warning: File 'CMakeFiles/fibonacci_action_server.dir/progress.make' has modification time 18360225 s in the future
gmake[2]: warning:  Clock skew detected.  Your build may be incomplete.
gmake[2]: Warning: File 'CMakeFiles/fibonacci_action_server.dir/progress.make' has modification time 18360225 s in the future
[ 26%] [34m[1mPerforming build step for 'fibonacci_action_server'[0m
gmake[3]: Warning: File 'Makefile' has modification time 18360284 s in the future
gmake[4]: Warning: File 'CMakeFiles/Makefile2' has modification time 18360283 s in the future
gmake[5]: Warning: File 'CMakeFiles/fibonacci_action_server.dir/flags.make' has modification time 18360283 s in the future
gmake[5]: warning:  Clock skew detected.  Your build may be incomplete.
gmake[5]: Warning: File 'CMakeFiles/fibonacci_action_server.dir/flags.make' has modification time 18360283 s in the future
gmake[5]: warning:  Clock skew detected.  Your build may be incomplete.
[100%] Built target fibonacci_action_server
gmake[4]: warning:  Clock skew detected.  Your build may be incomplete.
gmake[3]: warning:  Clock skew detected.  Your build may be incomplete.
[ 26%] [34m[1mPerforming install step for 'fibonacci_action_server'[0m
gmake[3]: Warning: File 'Makefile' has modification time 18360283 s in the future
gmake[4]: Warning: File 'CMakeFiles/Makefile2' has modification time 18360283 s in the future
gmake[5]: Warning: File 'CMakeFiles/fibonacci_action_server.dir/flags.make' has modification time 18360282 s in the future
gmake[5]: warning:  Clock skew detected.  Your build may be incomplete.
gmake[5]: Warning: File 'CMakeFiles/fibonacci_action_server.dir/flags.make' has modification time 18360282 s in the future
gmake[5]: warning:  Clock skew detected.  Your build may be incomplete.
[100%] Built target fibonacci_action_server
gmake[4]: warning:  Clock skew detected.  Your build may be incomplete.
gmake[4]: Warning: File 'CMakeFiles/Makefile2' has modification time 18360282 s in the future
gmake[4]: warning:  Clock skew detected.  Your build may be incomplete.
[36mInstall the project...[0m
-- Install configuration: "Release"
-- Up-to-date: /home/ubuntu/microros_ws/build/micro_ros_demos_rclc/temp_install/fibonacci_action_server/fibonacci_action_server
gmake[3]: warning:  Clock skew detected.  Your build may be incomplete.
[ 26%] [34m[1mCompleted 'fibonacci_action_server'[0m
gmake[2]: warning:  Clock skew detected.  Your build may be incomplete.
[ 29%] Built target fibonacci_action_server
gmake[2]: Warning: File 'CMakeFiles/fibonacci_action_client.dir/progress.make' has modification time 18360222 s in the future
gmake[2]: warning:  Clock skew detected.  Your build may be incomplete.
gmake[2]: Warning: File 'CMakeFiles/fibonacci_action_client.dir/progress.make' has modification time 18360222 s in the future
[ 29%] [34m[1mPerforming build step for 'fibonacci_action_client'[0m
gmake[3]: Warning: File 'Makefile' has modification time 18360290 s in the future
gmake[4]: Warning: File 'CMakeFiles/Makefile2' has modification time 18360289 s in the future
gmake[5]: Warning: File 'CMakeFiles/fibonacci_action_client.dir/flags.make' has modification time 18360289 s in the future
gmake[5]: warning:  Clock skew detected.  Your build may be incomplete.
gmake[5]: Warning: File 'CMakeFiles/fibonacci_action_client.dir/flags.make' has modification time 18360289 s in the future
gmake[5]: warning:  Clock skew detected.  Your build may be incomplete.
[100%] Built target fibonacci_action_client
gmake[4]: warning:  Clock skew detected.  Your build may be incomplete.
gmake[3]: warning:  Clock skew detected.  Your build may be incomplete.
[ 29%] [34m[1mPerforming install step for 'fibonacci_action_client'[0m
gmake[3]: Warning: File 'Makefile' has modification time 18360289 s in the future
gmake[4]: Warning: File 'CMakeFiles/Makefile2' has modification time 18360288 s in the future
gmake[5]: Warning: File 'CMakeFiles/fibonacci_action_client.dir/flags.make' has modification time 18360288 s in the future
gmake[5]: warning:  Clock skew detected.  Your build may be incomplete.
gmake[5]: Warning: File 'CMakeFiles/fibonacci_action_client.dir/flags.make' has modification time 18360288 s in the future
gmake[5]: warning:  Clock skew detected.  Your build may be incomplete.
[100%] Built target fibonacci_action_client
gmake[4]: warning:  Clock skew detected.  Your build may be incomplete.
gmake[4]: Warning: File 'CMakeFiles/Makefile2' has modification time 18360288 s in the future
gmake[4]: warning:  Clock skew detected.  Your build may be incomplete.
[36mInstall the project...[0m
-- Install configuration: "Release"
-- Up-to-date: /home/ubuntu/microros_ws/build/micro_ros_demos_rclc/temp_install/fibonacci_action_client/fibonacci_action_client
gmake[3]: warning:  Clock skew detected.  Your build may be incomplete.
[ 30%] [34m[1mCompleted 'fibonacci_action_client'[0m
gmake[2]: warning:  Clock skew detected.  Your build may be incomplete.
[ 33%] Built target fibonacci_action_client
gmake[2]: Warning: File 'CMakeFiles/int32_multinode.dir/progress.make' has modification time 18360219 s in the future
gmake[2]: warning:  Clock skew detected.  Your build may be incomplete.
gmake[2]: Warning: File 'CMakeFiles/int32_multinode.dir/progress.make' has modification time 18360219 s in the future
[ 34%] [34m[1mPerforming build step for 'int32_multinode'[0m
gmake[3]: Warning: File 'Makefile' has modification time 18360295 s in the future
gmake[4]: Warning: File 'CMakeFiles/Makefile2' has modification time 18360295 s in the future
gmake[5]: Warning: File 'CMakeFiles/int32_multinode.dir/flags.make' has modification time 18360295 s in the future
gmake[5]: warning:  Clock skew detected.  Your build may be incomplete.
gmake[5]: Warning: File 'CMakeFiles/int32_multinode.dir/flags.make' has modification time 18360295 s in the future
gmake[5]: warning:  Clock skew detected.  Your build may be incomplete.
[100%] Built target int32_multinode
gmake[4]: warning:  Clock skew detected.  Your build may be incomplete.
gmake[3]: warning:  Clock skew detected.  Your build may be incomplete.
[ 34%] [34m[1mPerforming install step for 'int32_multinode'[0m
gmake[3]: Warning: File 'Makefile' has modification time 18360294 s in the future
gmake[4]: Warning: File 'CMakeFiles/Makefile2' has modification time 18360294 s in the future
gmake[5]: Warning: File 'CMakeFiles/int32_multinode.dir/flags.make' has modification time 18360294 s in the future
gmake[5]: warning:  Clock skew detected.  Your build may be incomplete.
gmake[5]: Warning: File 'CMakeFiles/int32_multinode.dir/flags.make' has modification time 18360294 s in the future
gmake[5]: warning:  Clock skew detected.  Your build may be incomplete.
[100%] Built target int32_multinode
gmake[4]: warning:  Clock skew detected.  Your build may be incomplete.
gmake[4]: Warning: File 'CMakeFiles/Makefile2' has modification time 18360293 s in the future
gmake[4]: warning:  Clock skew detected.  Your build may be incomplete.
[36mInstall the project...[0m
-- Install configuration: "Release"
-- Up-to-date: /home/ubuntu/microros_ws/build/micro_ros_demos_rclc/temp_install/int32_multinode/int32_multinode
gmake[3]: warning:  Clock skew detected.  Your build may be incomplete.
[ 34%] [34m[1mCompleted 'int32_multinode'[0m
gmake[2]: warning:  Clock skew detected.  Your build may be incomplete.
[ 36%] Built target int32_multinode
gmake[2]: Warning: File 'CMakeFiles/int32_publisher_subscriber.dir/progress.make' has modification time 18360216 s in the future
gmake[2]: warning:  Clock skew detected.  Your build may be incomplete.
gmake[2]: Warning: File 'CMakeFiles/int32_publisher_subscriber.dir/progress.make' has modification time 18360216 s in the future
[ 36%] [34m[1mPerforming build step for 'int32_publisher_subscriber'[0m
gmake[3]: Warning: File 'Makefile' has modification time 18360300 s in the future
gmake[4]: Warning: File 'CMakeFiles/Makefile2' has modification time 18360299 s in the future
gmake[5]: Warning: File 'CMakeFiles/int32_publisher_subscriber.dir/flags.make' has modification time 18360299 s in the future
gmake[5]: warning:  Clock skew detected.  Your build may be incomplete.
gmake[5]: Warning: File 'CMakeFiles/int32_publisher_subscriber.dir/flags.make' has modification time 18360299 s in the future
gmake[5]: warning:  Clock skew detected.  Your build may be incomplete.
[100%] Built target int32_publisher_subscriber
gmake[4]: warning:  Clock skew detected.  Your build may be incomplete.
gmake[3]: warning:  Clock skew detected.  Your build may be incomplete.
[ 36%] [34m[1mPerforming install step for 'int32_publisher_subscriber'[0m
gmake[3]: Warning: File 'Makefile' has modification time 18360299 s in the future
gmake[4]: Warning: File 'CMakeFiles/Makefile2' has modification time 18360299 s in the future
gmake[5]: Warning: File 'CMakeFiles/int32_publisher_subscriber.dir/flags.make' has modification time 18360299 s in the future
gmake[5]: warning:  Clock skew detected.  Your build may be incomplete.
gmake[5]: Warning: File 'CMakeFiles/int32_publisher_subscriber.dir/flags.make' has modification time 18360298 s in the future
gmake[5]: warning:  Clock skew detected.  Your build may be incomplete.
[100%] Built target int32_publisher_subscriber
gmake[4]: warning:  Clock skew detected.  Your build may be incomplete.
gmake[4]: Warning: File 'CMakeFiles/Makefile2' has modification time 18360298 s in the future
gmake[4]: warning:  Clock skew detected.  Your build may be incomplete.
[36mInstall the project...[0m
-- Install configuration: "Release"
-- Up-to-date: /home/ubuntu/microros_ws/build/micro_ros_demos_rclc/temp_install/int32_publisher_subscriber/int32_publisher_subscriber
gmake[3]: warning:  Clock skew detected.  Your build may be incomplete.
[ 37%] [34m[1mCompleted 'int32_publisher_subscriber'[0m
gmake[2]: warning:  Clock skew detected.  Your build may be incomplete.
[ 40%] Built target int32_publisher_subscriber
gmake[2]: Warning: File 'CMakeFiles/ping_pong.dir/progress.make' has modification time 18360213 s in the future
gmake[2]: warning:  Clock skew detected.  Your build may be incomplete.
gmake[2]: Warning: File 'CMakeFiles/ping_pong.dir/progress.make' has modification time 18360213 s in the future
[ 41%] [34m[1mPerforming build step for 'ping_pong'[0m
gmake[3]: Warning: File 'Makefile' has modification time 18360305 s in the future
gmake[4]: Warning: File 'CMakeFiles/Makefile2' has modification time 18360304 s in the future
gmake[5]: Warning: File 'CMakeFiles/ping_pong.dir/flags.make' has modification time 18360304 s in the future
gmake[5]: warning:  Clock skew detected.  Your build may be incomplete.
gmake[5]: Warning: File 'CMakeFiles/ping_pong.dir/flags.make' has modification time 18360304 s in the future
gmake[5]: warning:  Clock skew detected.  Your build may be incomplete.
[100%] Built target ping_pong
gmake[4]: warning:  Clock skew detected.  Your build may be incomplete.
gmake[3]: warning:  Clock skew detected.  Your build may be incomplete.
[ 41%] [34m[1mPerforming install step for 'ping_pong'[0m
gmake[3]: Warning: File 'Makefile' has modification time 18360304 s in the future
gmake[4]: Warning: File 'CMakeFiles/Makefile2' has modification time 18360304 s in the future
gmake[5]: Warning: File 'CMakeFiles/ping_pong.dir/flags.make' has modification time 18360304 s in the future
gmake[5]: warning:  Clock skew detected.  Your build may be incomplete.
gmake[5]: Warning: File 'CMakeFiles/ping_pong.dir/flags.make' has modification time 18360303 s in the future
gmake[5]: warning:  Clock skew detected.  Your build may be incomplete.
[100%] Built target ping_pong
gmake[4]: warning:  Clock skew detected.  Your build may be incomplete.
gmake[4]: Warning: File 'CMakeFiles/Makefile2' has modification time 18360303 s in the future
gmake[4]: warning:  Clock skew detected.  Your build may be incomplete.
[36mInstall the project...[0m
-- Install configuration: "Release"
-- Up-to-date: /home/ubuntu/microros_ws/build/micro_ros_demos_rclc/temp_install/ping_pong/ping_pong
gmake[3]: warning:  Clock skew detected.  Your build may be incomplete.
[ 41%] [34m[1mCompleted 'ping_pong'[0m
gmake[2]: warning:  Clock skew detected.  Your build may be incomplete.
[ 44%] Built target ping_pong
gmake[2]: Warning: File 'CMakeFiles/ping_uros_agent.dir/progress.make' has modification time 18360211 s in the future
gmake[2]: warning:  Clock skew detected.  Your build may be incomplete.
gmake[2]: Warning: File 'CMakeFiles/ping_uros_agent.dir/progress.make' has modification time 18360210 s in the future
[ 45%] [34m[1mPerforming build step for 'ping_uros_agent'[0m
gmake[3]: Warning: File 'Makefile' has modification time 18360306 s in the future
gmake[4]: Warning: File 'CMakeFiles/Makefile2' has modification time 18360305 s in the future
gmake[5]: Warning: File 'CMakeFiles/ping_uros_agent.dir/flags.make' has modification time 18360305 s in the future
gmake[5]: warning:  Clock skew detected.  Your build may be incomplete.
gmake[5]: Warning: File 'CMakeFiles/ping_uros_agent.dir/flags.make' has modification time 18360305 s in the future
gmake[5]: warning:  Clock skew detected.  Your build may be incomplete.
[100%] Built target ping_uros_agent
gmake[4]: warning:  Clock skew detected.  Your build may be incomplete.
gmake[3]: warning:  Clock skew detected.  Your build may be incomplete.
[ 46%] [34m[1mPerforming install step for 'ping_uros_agent'[0m
gmake[3]: Warning: File 'Makefile' has modification time 18360305 s in the future
gmake[4]: Warning: File 'CMakeFiles/Makefile2' has modification time 18360304 s in the future
gmake[5]: Warning: File 'CMakeFiles/ping_uros_agent.dir/flags.make' has modification time 18360304 s in the future
gmake[5]: warning:  Clock skew detected.  Your build may be incomplete.
gmake[5]: Warning: File 'CMakeFiles/ping_uros_agent.dir/flags.make' has modification time 18360304 s in the future
gmake[5]: warning:  Clock skew detected.  Your build may be incomplete.
[100%] Built target ping_uros_agent
gmake[4]: warning:  Clock skew detected.  Your build may be incomplete.
gmake[4]: Warning: File 'CMakeFiles/Makefile2' has modification time 18360304 s in the future
gmake[4]: warning:  Clock skew detected.  Your build may be incomplete.
[36mInstall the project...[0m
-- Install configuration: "Release"
-- Up-to-date: /home/ubuntu/microros_ws/build/micro_ros_demos_rclc/temp_install/ping_uros_agent/ping_uros_agent
gmake[3]: warning:  Clock skew detected.  Your build may be incomplete.
[ 46%] [34m[1mCompleted 'ping_uros_agent'[0m
gmake[2]: warning:  Clock skew detected.  Your build may be incomplete.
[ 47%] Built target ping_uros_agent
gmake[2]: Warning: File 'CMakeFiles/fragmented_publication.dir/progress.make' has modification time 18360207 s in the future
gmake[2]: warning:  Clock skew detected.  Your build may be incomplete.
gmake[2]: Warning: File 'CMakeFiles/fragmented_publication.dir/progress.make' has modification time 18360207 s in the future
[ 47%] [34m[1mPerforming build step for 'fragmented_publication'[0m
gmake[3]: Warning: File 'Makefile' has modification time 18360340 s in the future
gmake[4]: Warning: File 'CMakeFiles/Makefile2' has modification time 18360340 s in the future
gmake[5]: Warning: File 'CMakeFiles/fragmented_publication.dir/flags.make' has modification time 18360340 s in the future
gmake[5]: warning:  Clock skew detected.  Your build may be incomplete.
gmake[5]: Warning: File 'CMakeFiles/fragmented_publication.dir/flags.make' has modification time 18360340 s in the future
gmake[5]: warning:  Clock skew detected.  Your build may be incomplete.
[100%] Built target fragmented_publication
gmake[4]: warning:  Clock skew detected.  Your build may be incomplete.
gmake[3]: warning:  Clock skew detected.  Your build may be incomplete.
[ 48%] [34m[1mPerforming install step for 'fragmented_publication'[0m
gmake[3]: Warning: File 'Makefile' has modification time 18360339 s in the future
gmake[4]: Warning: File 'CMakeFiles/Makefile2' has modification time 18360339 s in the future
gmake[5]: Warning: File 'CMakeFiles/fragmented_publication.dir/flags.make' has modification time 18360339 s in the future
gmake[5]: warning:  Clock skew detected.  Your build may be incomplete.
gmake[5]: Warning: File 'CMakeFiles/fragmented_publication.dir/flags.make' has modification time 18360339 s in the future
gmake[5]: warning:  Clock skew detected.  Your build may be incomplete.
[100%] Built target fragmented_publication
gmake[4]: warning:  Clock skew detected.  Your build may be incomplete.
gmake[4]: Warning: File 'CMakeFiles/Makefile2' has modification time 18360339 s in the future
gmake[4]: warning:  Clock skew detected.  Your build may be incomplete.
[36mInstall the project...[0m
-- Install configuration: "Release"
-- Up-to-date: /home/ubuntu/microros_ws/build/micro_ros_demos_rclc/temp_install/fragmented_publication/fragmented_publication
gmake[3]: warning:  Clock skew detected.  Your build may be incomplete.
[ 48%] [34m[1mCompleted 'fragmented_publication'[0m
gmake[2]: warning:  Clock skew detected.  Your build may be incomplete.
[ 50%] Built target fragmented_publication
gmake[2]: Warning: File 'CMakeFiles/fragmented_subscription.dir/progress.make' has modification time 18360205 s in the future
gmake[2]: warning:  Clock skew detected.  Your build may be incomplete.
gmake[2]: Warning: File 'CMakeFiles/fragmented_subscription.dir/progress.make' has modification time 18360204 s in the future
[ 50%] [34m[1mPerforming build step for 'fragmented_subscription'[0m
gmake[3]: Warning: File 'Makefile' has modification time 18360318 s in the future
gmake[4]: Warning: File 'CMakeFiles/Makefile2' has modification time 18360317 s in the future
gmake[5]: Warning: File 'CMakeFiles/fragmented_subscription.dir/flags.make' has modification time 18360317 s in the future
gmake[5]: warning:  Clock skew detected.  Your build may be incomplete.
gmake[5]: Warning: File 'CMakeFiles/fragmented_subscription.dir/flags.make' has modification time 18360317 s in the future
gmake[5]: warning:  Clock skew detected.  Your build may be incomplete.
[100%] Built target fragmented_subscription
gmake[4]: warning:  Clock skew detected.  Your build may be incomplete.
gmake[3]: warning:  Clock skew detected.  Your build may be incomplete.
[ 51%] [34m[1mPerforming install step for 'fragmented_subscription'[0m
gmake[3]: Warning: File 'Makefile' has modification time 18360317 s in the future
gmake[4]: Warning: File 'CMakeFiles/Makefile2' has modification time 18360317 s in the future
gmake[5]: Warning: File 'CMakeFiles/fragmented_subscription.dir/flags.make' has modification time 18360316 s in the future
gmake[5]: warning:  Clock skew detected.  Your build may be incomplete.
gmake[5]: Warning: File 'CMakeFiles/fragmented_subscription.dir/flags.make' has modification time 18360316 s in the future
gmake[5]: warning:  Clock skew detected.  Your build may be incomplete.
[100%] Built target fragmented_subscription
gmake[4]: warning:  Clock skew detected.  Your build may be incomplete.
gmake[4]: Warning: File 'CMakeFiles/Makefile2' has modification time 18360316 s in the future
gmake[4]: warning:  Clock skew detected.  Your build may be incomplete.
[36mInstall the project...[0m
-- Install configuration: "Release"
-- Up-to-date: /home/ubuntu/microros_ws/build/micro_ros_demos_rclc/temp_install/fragmented_subscription/fragmented_subscription
gmake[3]: warning:  Clock skew detected.  Your build may be incomplete.
[ 52%] [34m[1mCompleted 'fragmented_subscription'[0m
gmake[2]: warning:  Clock skew detected.  Your build may be incomplete.
[ 54%] Built target fragmented_subscription
gmake[2]: Warning: File 'CMakeFiles/complex_msg_publisher.dir/progress.make' has modification time 18360202 s in the future
gmake[2]: warning:  Clock skew detected.  Your build may be incomplete.
gmake[2]: Warning: File 'CMakeFiles/complex_msg_publisher.dir/progress.make' has modification time 18360202 s in the future
[ 55%] [34m[1mPerforming build step for 'complex_msg_publisher'[0m
gmake[3]: Warning: File 'Makefile' has modification time 18360310 s in the future
gmake[4]: Warning: File 'CMakeFiles/Makefile2' has modification time 18360309 s in the future
gmake[5]: Warning: File 'CMakeFiles/complex_msg_publisher.dir/flags.make' has modification time 18360309 s in the future
gmake[5]: warning:  Clock skew detected.  Your build may be incomplete.
gmake[5]: Warning: File 'CMakeFiles/complex_msg_publisher.dir/flags.make' has modification time 18360309 s in the future
gmake[5]: warning:  Clock skew detected.  Your build may be incomplete.
[100%] Built target complex_msg_publisher
gmake[4]: warning:  Clock skew detected.  Your build may be incomplete.
gmake[3]: warning:  Clock skew detected.  Your build may be incomplete.
[ 56%] [34m[1mPerforming install step for 'complex_msg_publisher'[0m
gmake[3]: Warning: File 'Makefile' has modification time 18360309 s in the future
gmake[4]: Warning: File 'CMakeFiles/Makefile2' has modification time 18360308 s in the future
gmake[5]: Warning: File 'CMakeFiles/complex_msg_publisher.dir/flags.make' has modification time 18360308 s in the future
gmake[5]: warning:  Clock skew detected.  Your build may be incomplete.
gmake[5]: Warning: File 'CMakeFiles/complex_msg_publisher.dir/flags.make' has modification time 18360308 s in the future
gmake[5]: warning:  Clock skew detected.  Your build may be incomplete.
[100%] Built target complex_msg_publisher
gmake[4]: warning:  Clock skew detected.  Your build may be incomplete.
gmake[4]: Warning: File 'CMakeFiles/Makefile2' has modification time 18360308 s in the future
gmake[4]: warning:  Clock skew detected.  Your build may be incomplete.
[36mInstall the project...[0m
-- Install configuration: "Release"
-- Up-to-date: /home/ubuntu/microros_ws/build/micro_ros_demos_rclc/temp_install/complex_msg_publisher/complex_msg_publisher
gmake[3]: warning:  Clock skew detected.  Your build may be incomplete.
[ 56%] [34m[1mCompleted 'complex_msg_publisher'[0m
gmake[2]: warning:  Clock skew detected.  Your build may be incomplete.
[ 57%] Built target complex_msg_publisher
gmake[2]: Warning: File 'CMakeFiles/complex_msg_subscriber.dir/progress.make' has modification time 18360199 s in the future
gmake[2]: warning:  Clock skew detected.  Your build may be incomplete.
gmake[2]: Warning: File 'CMakeFiles/complex_msg_subscriber.dir/progress.make' has modification time 18360198 s in the future
[ 57%] [34m[1mPerforming build step for 'complex_msg_subscriber'[0m
gmake[3]: Warning: File 'Makefile' has modification time 18360309 s in the future
gmake[4]: Warning: File 'CMakeFiles/Makefile2' has modification time 18360309 s in the future
gmake[5]: Warning: File 'CMakeFiles/complex_msg_subscriber.dir/flags.make' has modification time 18360309 s in the future
gmake[5]: warning:  Clock skew detected.  Your build may be incomplete.
gmake[5]: Warning: File 'CMakeFiles/complex_msg_subscriber.dir/flags.make' has modification time 18360309 s in the future
gmake[5]: warning:  Clock skew detected.  Your build may be incomplete.
[100%] Built target complex_msg_subscriber
gmake[4]: warning:  Clock skew detected.  Your build may be incomplete.
gmake[3]: warning:  Clock skew detected.  Your build may be incomplete.
[ 58%] [34m[1mPerforming install step for 'complex_msg_subscriber'[0m
gmake[3]: Warning: File 'Makefile' has modification time 18360308 s in the future
gmake[4]: Warning: File 'CMakeFiles/Makefile2' has modification time 18360308 s in the future
gmake[5]: Warning: File 'CMakeFiles/complex_msg_subscriber.dir/flags.make' has modification time 18360308 s in the future
gmake[5]: warning:  Clock skew detected.  Your build may be incomplete.
gmake[5]: Warning: File 'CMakeFiles/complex_msg_subscriber.dir/flags.make' has modification time 18360308 s in the future
gmake[5]: warning:  Clock skew detected.  Your build may be incomplete.
[100%] Built target complex_msg_subscriber
gmake[4]: warning:  Clock skew detected.  Your build may be incomplete.
gmake[4]: Warning: File 'CMakeFiles/Makefile2' has modification time 18360307 s in the future
gmake[4]: warning:  Clock skew detected.  Your build may be incomplete.
[36mInstall the project...[0m
-- Install configuration: "Release"
-- Up-to-date: /home/ubuntu/microros_ws/build/micro_ros_demos_rclc/temp_install/complex_msg_subscriber/complex_msg_subscriber
gmake[3]: warning:  Clock skew detected.  Your build may be incomplete.
[ 59%] [34m[1mCompleted 'complex_msg_subscriber'[0m
gmake[2]: warning:  Clock skew detected.  Your build may be incomplete.
[ 61%] Built target complex_msg_subscriber
gmake[2]: Warning: File 'CMakeFiles/timer.dir/progress.make' has modification time 18360196 s in the future
gmake[2]: warning:  Clock skew detected.  Your build may be incomplete.
gmake[2]: Warning: File 'CMakeFiles/timer.dir/progress.make' has modification time 18360196 s in the future
[ 62%] [34m[1mPerforming build step for 'timer'[0m
gmake[3]: Warning: File 'Makefile' has modification time 18360327 s in the future
gmake[4]: Warning: File 'CMakeFiles/Makefile2' has modification time 18360327 s in the future
gmake[5]: Warning: File 'CMakeFiles/timer.dir/flags.make' has modification time 18360327 s in the future
gmake[5]: warning:  Clock skew detected.  Your build may be incomplete.
gmake[5]: Warning: File 'CMakeFiles/timer.dir/flags.make' has modification time 18360327 s in the future
gmake[5]: warning:  Clock skew detected.  Your build may be incomplete.
[100%] Built target timer
gmake[4]: warning:  Clock skew detected.  Your build may be incomplete.
gmake[3]: warning:  Clock skew detected.  Your build may be incomplete.
[ 62%] [34m[1mPerforming install step for 'timer'[0m
gmake[3]: Warning: File 'Makefile' has modification time 18360326 s in the future
gmake[4]: Warning: File 'CMakeFiles/Makefile2' has modification time 18360326 s in the future
gmake[5]: Warning: File 'CMakeFiles/timer.dir/flags.make' has modification time 18360326 s in the future
gmake[5]: warning:  Clock skew detected.  Your build may be incomplete.
gmake[5]: Warning: File 'CMakeFiles/timer.dir/flags.make' has modification time 18360326 s in the future
gmake[5]: warning:  Clock skew detected.  Your build may be incomplete.
[100%] Built target timer
gmake[4]: warning:  Clock skew detected.  Your build may be incomplete.
gmake[4]: Warning: File 'CMakeFiles/Makefile2' has modification time 18360326 s in the future
gmake[4]: warning:  Clock skew detected.  Your build may be incomplete.
[36mInstall the project...[0m
-- Install configuration: "Release"
-- Up-to-date: /home/ubuntu/microros_ws/build/micro_ros_demos_rclc/temp_install/timer/timer
gmake[3]: warning:  Clock skew detected.  Your build may be incomplete.
[ 62%] [34m[1mCompleted 'timer'[0m
gmake[2]: warning:  Clock skew detected.  Your build may be incomplete.
[ 65%] Built target timer
gmake[2]: Warning: File 'CMakeFiles/string_publisher.dir/progress.make' has modification time 18360193 s in the future
gmake[2]: warning:  Clock skew detected.  Your build may be incomplete.
gmake[2]: Warning: File 'CMakeFiles/string_publisher.dir/progress.make' has modification time 18360193 s in the future
[ 66%] [34m[1mPerforming build step for 'string_publisher'[0m
gmake[3]: Warning: File 'Makefile' has modification time 18360314 s in the future
gmake[4]: Warning: File 'CMakeFiles/Makefile2' has modification time 18360313 s in the future
gmake[5]: Warning: File 'CMakeFiles/string_publisher.dir/flags.make' has modification time 18360313 s in the future
gmake[5]: warning:  Clock skew detected.  Your build may be incomplete.
gmake[5]: Warning: File 'CMakeFiles/string_publisher.dir/flags.make' has modification time 18360313 s in the future
gmake[5]: warning:  Clock skew detected.  Your build may be incomplete.
[100%] Built target string_publisher
gmake[4]: warning:  Clock skew detected.  Your build may be incomplete.
gmake[3]: warning:  Clock skew detected.  Your build may be incomplete.
[ 66%] [34m[1mPerforming install step for 'string_publisher'[0m
gmake[3]: Warning: File 'Makefile' has modification time 18360313 s in the future
gmake[4]: Warning: File 'CMakeFiles/Makefile2' has modification time 18360312 s in the future
gmake[5]: Warning: File 'CMakeFiles/string_publisher.dir/flags.make' has modification time 18360312 s in the future
gmake[5]: warning:  Clock skew detected.  Your build may be incomplete.
gmake[5]: Warning: File 'CMakeFiles/string_publisher.dir/flags.make' has modification time 18360312 s in the future
gmake[5]: warning:  Clock skew detected.  Your build may be incomplete.
[100%] Built target string_publisher
gmake[4]: warning:  Clock skew detected.  Your build may be incomplete.
gmake[4]: Warning: File 'CMakeFiles/Makefile2' has modification time 18360312 s in the future
gmake[4]: warning:  Clock skew detected.  Your build may be incomplete.
[36mInstall the project...[0m
-- Install configuration: "Release"
-- Up-to-date: /home/ubuntu/microros_ws/build/micro_ros_demos_rclc/temp_install/string_publisher/string_publisher
gmake[3]: warning:  Clock skew detected.  Your build may be incomplete.
[ 66%] [34m[1mCompleted 'string_publisher'[0m
gmake[2]: warning:  Clock skew detected.  Your build may be incomplete.
[ 68%] Built target string_publisher
gmake[2]: Warning: File 'CMakeFiles/string_subscriber.dir/progress.make' has modification time 18360190 s in the future
gmake[2]: warning:  Clock skew detected.  Your build may be incomplete.
gmake[2]: Warning: File 'CMakeFiles/string_subscriber.dir/progress.make' has modification time 18360190 s in the future
[ 68%] [34m[1mPerforming build step for 'string_subscriber'[0m
gmake[3]: Warning: File 'Makefile' has modification time 18360320 s in the future
gmake[4]: Warning: File 'CMakeFiles/Makefile2' has modification time 18360319 s in the future
gmake[5]: Warning: File 'CMakeFiles/string_subscriber.dir/flags.make' has modification time 18360319 s in the future
gmake[5]: warning:  Clock skew detected.  Your build may be incomplete.
gmake[5]: Warning: File 'CMakeFiles/string_subscriber.dir/flags.make' has modification time 18360319 s in the future
gmake[5]: warning:  Clock skew detected.  Your build may be incomplete.
[100%] Built target string_subscriber
gmake[4]: warning:  Clock skew detected.  Your build may be incomplete.
gmake[3]: warning:  Clock skew detected.  Your build may be incomplete.
[ 69%] [34m[1mPerforming install step for 'string_subscriber'[0m
gmake[3]: Warning: File 'Makefile' has modification time 18360319 s in the future
gmake[4]: Warning: File 'CMakeFiles/Makefile2' has modification time 18360319 s in the future
gmake[5]: Warning: File 'CMakeFiles/string_subscriber.dir/flags.make' has modification time 18360318 s in the future
gmake[5]: warning:  Clock skew detected.  Your build may be incomplete.
gmake[5]: Warning: File 'CMakeFiles/string_subscriber.dir/flags.make' has modification time 18360318 s in the future
gmake[5]: warning:  Clock skew detected.  Your build may be incomplete.
[100%] Built target string_subscriber
gmake[4]: warning:  Clock skew detected.  Your build may be incomplete.
gmake[4]: Warning: File 'CMakeFiles/Makefile2' has modification time 18360318 s in the future
gmake[4]: warning:  Clock skew detected.  Your build may be incomplete.
[36mInstall the project...[0m
-- Install configuration: "Release"
-- Up-to-date: /home/ubuntu/microros_ws/build/micro_ros_demos_rclc/temp_install/string_subscriber/string_subscriber
gmake[3]: warning:  Clock skew detected.  Your build may be incomplete.
[ 70%] [34m[1mCompleted 'string_subscriber'[0m
gmake[2]: warning:  Clock skew detected.  Your build may be incomplete.
[ 72%] Built target string_subscriber
gmake[2]: Warning: File 'CMakeFiles/autodiscover_agent.dir/progress.make' has modification time 18360187 s in the future
gmake[2]: warning:  Clock skew detected.  Your build may be incomplete.
gmake[2]: Warning: File 'CMakeFiles/autodiscover_agent.dir/progress.make' has modification time 18360187 s in the future
[ 73%] [34m[1mPerforming build step for 'autodiscover_agent'[0m
gmake[3]: Warning: File 'Makefile' has modification time 18360318 s in the future
gmake[4]: Warning: File 'CMakeFiles/Makefile2' has modification time 18360317 s in the future
gmake[5]: Warning: File 'CMakeFiles/autodiscover_agent.dir/flags.make' has modification time 18360317 s in the future
gmake[5]: warning:  Clock skew detected.  Your build may be incomplete.
gmake[5]: Warning: File 'CMakeFiles/autodiscover_agent.dir/flags.make' has modification time 18360317 s in the future
gmake[5]: warning:  Clock skew detected.  Your build may be incomplete.
[100%] Built target autodiscover_agent
gmake[4]: warning:  Clock skew detected.  Your build may be incomplete.
gmake[3]: warning:  Clock skew detected.  Your build may be incomplete.
[ 73%] [34m[1mPerforming install step for 'autodiscover_agent'[0m
gmake[3]: Warning: File 'Makefile' has modification time 18360315 s in the future
gmake[4]: Warning: File 'CMakeFiles/Makefile2' has modification time 18360315 s in the future
gmake[5]: Warning: File 'CMakeFiles/autodiscover_agent.dir/flags.make' has modification time 18360315 s in the future
gmake[5]: warning:  Clock skew detected.  Your build may be incomplete.
gmake[5]: Warning: File 'CMakeFiles/autodiscover_agent.dir/flags.make' has modification time 18360315 s in the future
gmake[5]: warning:  Clock skew detected.  Your build may be incomplete.
[100%] Built target autodiscover_agent
gmake[4]: warning:  Clock skew detected.  Your build may be incomplete.
gmake[4]: Warning: File 'CMakeFiles/Makefile2' has modification time 18360314 s in the future
gmake[4]: warning:  Clock skew detected.  Your build may be incomplete.
[36mInstall the project...[0m
-- Install configuration: "Release"
-- Up-to-date: /home/ubuntu/microros_ws/build/micro_ros_demos_rclc/temp_install/autodiscover_agent/autodiscover_agent
gmake[3]: warning:  Clock skew detected.  Your build may be incomplete.
[ 73%] [34m[1mCompleted 'autodiscover_agent'[0m
gmake[2]: warning:  Clock skew detected.  Your build may be incomplete.
[ 76%] Built target autodiscover_agent
gmake[2]: Warning: File 'CMakeFiles/static_type_handling.dir/progress.make' has modification time 18360182 s in the future
gmake[2]: warning:  Clock skew detected.  Your build may be incomplete.
gmake[2]: Warning: File 'CMakeFiles/static_type_handling.dir/progress.make' has modification time 18360182 s in the future
[ 77%] [34m[1mPerforming build step for 'static_type_handling'[0m
gmake[3]: Warning: File 'Makefile' has modification time 18360323 s in the future
gmake[4]: Warning: File 'CMakeFiles/Makefile2' has modification time 18360323 s in the future
gmake[5]: Warning: File 'CMakeFiles/static_type_handling.dir/flags.make' has modification time 18360323 s in the future
gmake[5]: warning:  Clock skew detected.  Your build may be incomplete.
gmake[5]: Warning: File 'CMakeFiles/static_type_handling.dir/flags.make' has modification time 18360322 s in the future
gmake[5]: warning:  Clock skew detected.  Your build may be incomplete.
[100%] Built target static_type_handling
gmake[4]: warning:  Clock skew detected.  Your build may be incomplete.
gmake[3]: warning:  Clock skew detected.  Your build may be incomplete.
[ 77%] [34m[1mPerforming install step for 'static_type_handling'[0m
gmake[3]: Warning: File 'Makefile' has modification time 18360322 s in the future
gmake[4]: Warning: File 'CMakeFiles/Makefile2' has modification time 18360322 s in the future
gmake[5]: Warning: File 'CMakeFiles/static_type_handling.dir/flags.make' has modification time 18360322 s in the future
gmake[5]: warning:  Clock skew detected.  Your build may be incomplete.
gmake[5]: Warning: File 'CMakeFiles/static_type_handling.dir/flags.make' has modification time 18360322 s in the future
gmake[5]: warning:  Clock skew detected.  Your build may be incomplete.
[100%] Built target static_type_handling
gmake[4]: warning:  Clock skew detected.  Your build may be incomplete.
gmake[4]: Warning: File 'CMakeFiles/Makefile2' has modification time 18360321 s in the future
gmake[4]: warning:  Clock skew detected.  Your build may be incomplete.
[36mInstall the project...[0m
-- Install configuration: "Release"
-- Up-to-date: /home/ubuntu/microros_ws/build/micro_ros_demos_rclc/temp_install/static_type_handling/static_type_handling
gmake[3]: warning:  Clock skew detected.  Your build may be incomplete.
[ 77%] [34m[1mCompleted 'static_type_handling'[0m
gmake[2]: warning:  Clock skew detected.  Your build may be incomplete.
[ 80%] Built target static_type_handling
gmake[2]: Warning: File 'CMakeFiles/epoch_synchronization.dir/progress.make' has modification time 18360179 s in the future
gmake[2]: warning:  Clock skew detected.  Your build may be incomplete.
gmake[2]: Warning: File 'CMakeFiles/epoch_synchronization.dir/progress.make' has modification time 18360178 s in the future
[ 80%] [34m[1mPerforming build step for 'epoch_synchronization'[0m
gmake[3]: Warning: File 'Makefile' has modification time 18360336 s in the future
gmake[4]: Warning: File 'CMakeFiles/Makefile2' has modification time 18360336 s in the future
gmake[5]: Warning: File 'CMakeFiles/epoch_synchronization.dir/flags.make' has modification time 18360336 s in the future
gmake[5]: warning:  Clock skew detected.  Your build may be incomplete.
gmake[5]: Warning: File 'CMakeFiles/epoch_synchronization.dir/flags.make' has modification time 18360336 s in the future
gmake[5]: warning:  Clock skew detected.  Your build may be incomplete.
[100%] Built target epoch_synchronization
gmake[4]: warning:  Clock skew detected.  Your build may be incomplete.
gmake[3]: warning:  Clock skew detected.  Your build may be incomplete.
[ 81%] [34m[1mPerforming install step for 'epoch_synchronization'[0m
gmake[3]: Warning: File 'Makefile' has modification time 18360335 s in the future
gmake[4]: Warning: File 'CMakeFiles/Makefile2' has modification time 18360335 s in the future
gmake[5]: Warning: File 'CMakeFiles/epoch_synchronization.dir/flags.make' has modification time 18360335 s in the future
gmake[5]: warning:  Clock skew detected.  Your build may be incomplete.
gmake[5]: Warning: File 'CMakeFiles/epoch_synchronization.dir/flags.make' has modification time 18360335 s in the future
gmake[5]: warning:  Clock skew detected.  Your build may be incomplete.
[100%] Built target epoch_synchronization
gmake[4]: warning:  Clock skew detected.  Your build may be incomplete.
gmake[4]: Warning: File 'CMakeFiles/Makefile2' has modification time 18360335 s in the future
gmake[4]: warning:  Clock skew detected.  Your build may be incomplete.
[36mInstall the project...[0m
-- Install configuration: "Release"
-- Up-to-date: /home/ubuntu/microros_ws/build/micro_ros_demos_rclc/temp_install/epoch_synchronization/epoch_synchronization
gmake[3]: warning:  Clock skew detected.  Your build may be incomplete.
[ 82%] [34m[1mCompleted 'epoch_synchronization'[0m
gmake[2]: warning:  Clock skew detected.  Your build may be incomplete.
[ 84%] Built target epoch_synchronization
gmake[2]: Warning: File 'CMakeFiles/parameter_server.dir/progress.make' has modification time 18360176 s in the future
gmake[2]: warning:  Clock skew detected.  Your build may be incomplete.
gmake[2]: Warning: File 'CMakeFiles/parameter_server.dir/progress.make' has modification time 18360175 s in the future
[ 84%] [34m[1mPerforming build step for 'parameter_server'[0m
gmake[3]: Warning: File 'Makefile' has modification time 18360325 s in the future
gmake[4]: Warning: File 'CMakeFiles/Makefile2' has modification time 18360325 s in the future
gmake[5]: Warning: File 'CMakeFiles/parameter_server.dir/flags.make' has modification time 18360325 s in the future
gmake[5]: warning:  Clock skew detected.  Your build may be incomplete.
gmake[5]: Warning: File 'CMakeFiles/parameter_server.dir/flags.make' has modification time 18360324 s in the future
gmake[5]: warning:  Clock skew detected.  Your build may be incomplete.
[100%] Built target parameter_server
gmake[4]: warning:  Clock skew detected.  Your build may be incomplete.
gmake[3]: warning:  Clock skew detected.  Your build may be incomplete.
[ 84%] [34m[1mPerforming install step for 'parameter_server'[0m
gmake[3]: Warning: File 'Makefile' has modification time 18360324 s in the future
gmake[4]: Warning: File 'CMakeFiles/Makefile2' has modification time 18360324 s in the future
gmake[5]: Warning: File 'CMakeFiles/parameter_server.dir/flags.make' has modification time 18360324 s in the future
gmake[5]: warning:  Clock skew detected.  Your build may be incomplete.
gmake[5]: Warning: File 'CMakeFiles/parameter_server.dir/flags.make' has modification time 18360324 s in the future
gmake[5]: warning:  Clock skew detected.  Your build may be incomplete.
[100%] Built target parameter_server
gmake[4]: warning:  Clock skew detected.  Your build may be incomplete.
gmake[4]: Warning: File 'CMakeFiles/Makefile2' has modification time 18360323 s in the future
gmake[4]: warning:  Clock skew detected.  Your build may be incomplete.
[36mInstall the project...[0m
-- Install configuration: "Release"
-- Up-to-date: /home/ubuntu/microros_ws/build/micro_ros_demos_rclc/temp_install/parameter_server/parameter_server
gmake[3]: warning:  Clock skew detected.  Your build may be incomplete.
[ 85%] [34m[1mCompleted 'parameter_server'[0m
gmake[2]: warning:  Clock skew detected.  Your build may be incomplete.
[ 88%] Built target parameter_server
gmake[2]: Warning: File 'CMakeFiles/multithread_publisher_subscriber.dir/progress.make' has modification time 18360173 s in the future
gmake[2]: warning:  Clock skew detected.  Your build may be incomplete.
gmake[2]: Warning: File 'CMakeFiles/multithread_publisher_subscriber.dir/progress.make' has modification time 18360172 s in the future
[ 88%] [34m[1mPerforming build step for 'multithread_publisher_subscriber'[0m
gmake[3]: Warning: File 'Makefile' has modification time 18360322 s in the future
gmake[4]: Warning: File 'CMakeFiles/Makefile2' has modification time 18360322 s in the future
gmake[5]: Warning: File 'CMakeFiles/multithread_publisher_subscriber.dir/flags.make' has modification time 18360322 s in the future
gmake[5]: warning:  Clock skew detected.  Your build may be incomplete.
gmake[5]: Warning: File 'CMakeFiles/multithread_publisher_subscriber.dir/flags.make' has modification time 18360321 s in the future
gmake[5]: warning:  Clock skew detected.  Your build may be incomplete.
[100%] Built target multithread_publisher_subscriber
gmake[4]: warning:  Clock skew detected.  Your build may be incomplete.
gmake[3]: warning:  Clock skew detected.  Your build may be incomplete.
[ 89%] [34m[1mPerforming install step for 'multithread_publisher_subscriber'[0m
gmake[3]: Warning: File 'Makefile' has modification time 18360321 s in the future
gmake[4]: Warning: File 'CMakeFiles/Makefile2' has modification time 18360321 s in the future
gmake[5]: Warning: File 'CMakeFiles/multithread_publisher_subscriber.dir/flags.make' has modification time 18360321 s in the future
gmake[5]: warning:  Clock skew detected.  Your build may be incomplete.
gmake[5]: Warning: File 'CMakeFiles/multithread_publisher_subscriber.dir/flags.make' has modification time 18360321 s in the future
gmake[5]: warning:  Clock skew detected.  Your build may be incomplete.
[100%] Built target multithread_publisher_subscriber
gmake[4]: warning:  Clock skew detected.  Your build may be incomplete.
gmake[4]: Warning: File 'CMakeFiles/Makefile2' has modification time 18360320 s in the future
gmake[4]: warning:  Clock skew detected.  Your build may be incomplete.
[36mInstall the project...[0m
-- Install configuration: "Release"
-- Up-to-date: /home/ubuntu/microros_ws/build/micro_ros_demos_rclc/temp_install/multithread_publisher_subscriber/multithread_publisher_subscriber
gmake[3]: warning:  Clock skew detected.  Your build may be incomplete.
[ 90%] [34m[1mCompleted 'multithread_publisher_subscriber'[0m
gmake[2]: warning:  Clock skew detected.  Your build may be incomplete.
[ 92%] Built target multithread_publisher_subscriber
gmake[2]: Warning: File 'CMakeFiles/publisher_count.dir/progress.make' has modification time 18360169 s in the future
gmake[2]: warning:  Clock skew detected.  Your build may be incomplete.
gmake[2]: Warning: File 'CMakeFiles/publisher_count.dir/progress.make' has modification time 18360169 s in the future
[ 92%] [34m[1mPerforming build step for 'publisher_count'[0m
gmake[3]: Warning: File 'Makefile' has modification time 18360216 s in the future
gmake[4]: Warning: File 'CMakeFiles/Makefile2' has modification time 18360215 s in the future
gmake[5]: Warning: File 'CMakeFiles/publisher_count.dir/flags.make' has modification time 18360215 s in the future
gmake[5]: warning:  Clock skew detected.  Your build may be incomplete.
gmake[5]: Warning: File 'CMakeFiles/publisher_count.dir/flags.make' has modification time 18360215 s in the future
gmake[5]: warning:  Clock skew detected.  Your build may be incomplete.
[100%] Built target publisher_count
gmake[4]: warning:  Clock skew detected.  Your build may be incomplete.
gmake[3]: warning:  Clock skew detected.  Your build may be incomplete.
[ 93%] [34m[1mPerforming install step for 'publisher_count'[0m
gmake[3]: Warning: File 'Makefile' has modification time 18360215 s in the future
gmake[4]: Warning: File 'CMakeFiles/Makefile2' has modification time 18360214 s in the future
gmake[5]: Warning: File 'CMakeFiles/publisher_count.dir/flags.make' has modification time 18360214 s in the future
gmake[5]: warning:  Clock skew detected.  Your build may be incomplete.
gmake[5]: Warning: File 'CMakeFiles/publisher_count.dir/flags.make' has modification time 18360214 s in the future
gmake[5]: warning:  Clock skew detected.  Your build may be incomplete.
[100%] Built target publisher_count
gmake[4]: warning:  Clock skew detected.  Your build may be incomplete.
gmake[4]: Warning: File 'CMakeFiles/Makefile2' has modification time 18360214 s in the future
gmake[4]: warning:  Clock skew detected.  Your build may be incomplete.
[36mInstall the project...[0m
-- Install configuration: "Release"
-- Up-to-date: /home/ubuntu/microros_ws/build/micro_ros_demos_rclc/temp_install/publisher_count/publisher_count
gmake[3]: warning:  Clock skew detected.  Your build may be incomplete.
[ 94%] [34m[1mCompleted 'publisher_count'[0m
gmake[2]: warning:  Clock skew detected.  Your build may be incomplete.
[ 96%] Built target publisher_count
gmake[2]: Warning: File 'CMakeFiles/subscription_count.dir/progress.make' has modification time 18360166 s in the future
gmake[2]: warning:  Clock skew detected.  Your build may be incomplete.
gmake[2]: Warning: File 'CMakeFiles/subscription_count.dir/progress.make' has modification time 18360166 s in the future
[ 96%] [34m[1mPerforming build step for 'subscription_count'[0m
gmake[3]: Warning: File 'Makefile' has modification time 18360266 s in the future
gmake[4]: Warning: File 'CMakeFiles/Makefile2' has modification time 18360265 s in the future
gmake[5]: Warning: File 'CMakeFiles/subscription_count.dir/flags.make' has modification time 18360265 s in the future
gmake[5]: warning:  Clock skew detected.  Your build may be incomplete.
gmake[5]: Warning: File 'CMakeFiles/subscription_count.dir/flags.make' has modification time 18360265 s in the future
gmake[5]: warning:  Clock skew detected.  Your build may be incomplete.
[100%] Built target subscription_count
gmake[4]: warning:  Clock skew detected.  Your build may be incomplete.
gmake[3]: warning:  Clock skew detected.  Your build may be incomplete.
[ 96%] [34m[1mPerforming install step for 'subscription_count'[0m
gmake[3]: Warning: File 'Makefile' has modification time 18360264 s in the future
gmake[4]: Warning: File 'CMakeFiles/Makefile2' has modification time 18360264 s in the future
gmake[5]: Warning: File 'CMakeFiles/subscription_count.dir/flags.make' has modification time 18360264 s in the future
gmake[5]: warning:  Clock skew detected.  Your build may be incomplete.
gmake[5]: Warning: File 'CMakeFiles/subscription_count.dir/flags.make' has modification time 18360264 s in the future
gmake[5]: warning:  Clock skew detected.  Your build may be incomplete.
[100%] Built target subscription_count
gmake[4]: warning:  Clock skew detected.  Your build may be incomplete.
gmake[4]: Warning: File 'CMakeFiles/Makefile2' has modification time 18360263 s in the future
gmake[4]: warning:  Clock skew detected.  Your build may be incomplete.
[36mInstall the project...[0m
-- Install configuration: "Release"
-- Up-to-date: /home/ubuntu/microros_ws/build/micro_ros_demos_rclc/temp_install/subscription_count/subscription_count
gmake[3]: warning:  Clock skew detected.  Your build may be incomplete.
[ 97%] [34m[1mCompleted 'subscription_count'[0m
gmake[2]: warning:  Clock skew detected.  Your build may be incomplete.
[100%] Built target subscription_count
gmake[1]: warning:  Clock skew detected.  Your build may be incomplete.
gmake: warning:  Clock skew detected.  Your build may be incomplete.
-- Install configuration: "Release"
-- Execute custom install script
-- Up-to-date symlink: /home/ubuntu/microros_ws/install/micro_ros_demos_rclc/share/ament_index/resource_index/package_run_dependencies/micro_ros_demos_rclc
-- Up-to-date symlink: /home/ubuntu/microros_ws/install/micro_ros_demos_rclc/share/ament_index/resource_index/parent_prefix_path/micro_ros_demos_rclc
-- Up-to-date symlink: /home/ubuntu/microros_ws/install/micro_ros_demos_rclc/share/micro_ros_demos_rclc/environment/ament_prefix_path.sh
-- Up-to-date symlink: /home/ubuntu/microros_ws/install/micro_ros_demos_rclc/share/micro_ros_demos_rclc/environment/ament_prefix_path.dsv
-- Up-to-date symlink: /home/ubuntu/microros_ws/install/micro_ros_demos_rclc/share/micro_ros_demos_rclc/environment/path.sh
-- Up-to-date symlink: /home/ubuntu/microros_ws/install/micro_ros_demos_rclc/share/micro_ros_demos_rclc/environment/path.dsv
-- Up-to-date symlink: /home/ubuntu/microros_ws/install/micro_ros_demos_rclc/share/micro_ros_demos_rclc/local_setup.bash
-- Up-to-date symlink: /home/ubuntu/microros_ws/install/micro_ros_demos_rclc/share/micro_ros_demos_rclc/local_setup.sh
-- Up-to-date symlink: /home/ubuntu/microros_ws/install/micro_ros_demos_rclc/share/micro_ros_demos_rclc/local_setup.zsh
-- Up-to-date symlink: /home/ubuntu/microros_ws/install/micro_ros_demos_rclc/share/micro_ros_demos_rclc/local_setup.dsv
-- Symlinking: /home/ubuntu/microros_ws/install/micro_ros_demos_rclc/share/micro_ros_demos_rclc/package.dsv
-- Up-to-date symlink: /home/ubuntu/microros_ws/install/micro_ros_demos_rclc/share/ament_index/resource_index/packages/micro_ros_demos_rclc
-- Up-to-date symlink: /home/ubuntu/microros_ws/install/micro_ros_demos_rclc/share/micro_ros_demos_rclc/cmake/micro_ros_demos_rclcConfig.cmake
-- Up-to-date symlink: /home/ubuntu/microros_ws/install/micro_ros_demos_rclc/share/micro_ros_demos_rclc/cmake/micro_ros_demos_rclcConfig-version.cmake
-- Up-to-date symlink: /home/ubuntu/microros_ws/install/micro_ros_demos_rclc/share/micro_ros_demos_rclc/package.xml
-- Up-to-date: /home/ubuntu/microros_ws/install/micro_ros_demos_rclc/lib/micro_ros_demos_rclc
-- Up-to-date: /home/ubuntu/microros_ws/install/micro_ros_demos_rclc/lib/micro_ros_demos_rclc/fragmented_subscription
-- Installing: /home/ubuntu/microros_ws/install/micro_ros_demos_rclc/lib/micro_ros_demos_rclc/fragmented_subscription/fragmented_subscription
-- Up-to-date: /home/ubuntu/microros_ws/install/micro_ros_demos_rclc/lib/micro_ros_demos_rclc/addtwoints_server
-- Installing: /home/ubuntu/microros_ws/install/micro_ros_demos_rclc/lib/micro_ros_demos_rclc/addtwoints_server/addtwoints_server
-- Up-to-date: /home/ubuntu/microros_ws/install/micro_ros_demos_rclc/lib/micro_ros_demos_rclc/parameter_server
-- Installing: /home/ubuntu/microros_ws/install/micro_ros_demos_rclc/lib/micro_ros_demos_rclc/parameter_server/parameter_server
-- Up-to-date: /home/ubuntu/microros_ws/install/micro_ros_demos_rclc/lib/micro_ros_demos_rclc/autodiscover_agent
-- Installing: /home/ubuntu/microros_ws/install/micro_ros_demos_rclc/lib/micro_ros_demos_rclc/autodiscover_agent/autodiscover_agent
-- Up-to-date: /home/ubuntu/microros_ws/install/micro_ros_demos_rclc/lib/micro_ros_demos_rclc/string_subscriber
-- Installing: /home/ubuntu/microros_ws/install/micro_ros_demos_rclc/lib/micro_ros_demos_rclc/string_subscriber/string_subscriber
-- Up-to-date: /home/ubuntu/microros_ws/install/micro_ros_demos_rclc/lib/micro_ros_demos_rclc/static_type_handling
-- Installing: /home/ubuntu/microros_ws/install/micro_ros_demos_rclc/lib/micro_ros_demos_rclc/static_type_handling/static_type_handling
-- Up-to-date: /home/ubuntu/microros_ws/install/micro_ros_demos_rclc/lib/micro_ros_demos_rclc/multithread_publisher_subscriber
-- Installing: /home/ubuntu/microros_ws/install/micro_ros_demos_rclc/lib/micro_ros_demos_rclc/multithread_publisher_subscriber/multithread_publisher_subscriber
-- Up-to-date: /home/ubuntu/microros_ws/install/micro_ros_demos_rclc/lib/micro_ros_demos_rclc/fibonacci_action_client
-- Installing: /home/ubuntu/microros_ws/install/micro_ros_demos_rclc/lib/micro_ros_demos_rclc/fibonacci_action_client/fibonacci_action_client
-- Up-to-date: /home/ubuntu/microros_ws/install/micro_ros_demos_rclc/lib/micro_ros_demos_rclc/int32_multinode
-- Installing: /home/ubuntu/microros_ws/install/micro_ros_demos_rclc/lib/micro_ros_demos_rclc/int32_multinode/int32_multinode
-- Up-to-date: /home/ubuntu/microros_ws/install/micro_ros_demos_rclc/lib/micro_ros_demos_rclc/complex_msg_publisher
-- Installing: /home/ubuntu/microros_ws/install/micro_ros_demos_rclc/lib/micro_ros_demos_rclc/complex_msg_publisher/complex_msg_publisher
-- Up-to-date: /home/ubuntu/microros_ws/install/micro_ros_demos_rclc/lib/micro_ros_demos_rclc/string_publisher
-- Installing: /home/ubuntu/microros_ws/install/micro_ros_demos_rclc/lib/micro_ros_demos_rclc/string_publisher/string_publisher
-- Up-to-date: /home/ubuntu/microros_ws/install/micro_ros_demos_rclc/lib/micro_ros_demos_rclc/subscription_count
-- Installing: /home/ubuntu/microros_ws/install/micro_ros_demos_rclc/lib/micro_ros_demos_rclc/subscription_count/subscription_count
-- Up-to-date: /home/ubuntu/microros_ws/install/micro_ros_demos_rclc/lib/micro_ros_demos_rclc/complex_msg_subscriber
-- Installing: /home/ubuntu/microros_ws/install/micro_ros_demos_rclc/lib/micro_ros_demos_rclc/complex_msg_subscriber/complex_msg_subscriber
-- Up-to-date: /home/ubuntu/microros_ws/install/micro_ros_demos_rclc/lib/micro_ros_demos_rclc/configured_publisher
-- Installing: /home/ubuntu/microros_ws/install/micro_ros_demos_rclc/lib/micro_ros_demos_rclc/configured_publisher/configured_publisher
-- Up-to-date: /home/ubuntu/microros_ws/install/micro_ros_demos_rclc/lib/micro_ros_demos_rclc/fibonacci_action_server
-- Installing: /home/ubuntu/microros_ws/install/micro_ros_demos_rclc/lib/micro_ros_demos_rclc/fibonacci_action_server/fibonacci_action_server
-- Up-to-date: /home/ubuntu/microros_ws/install/micro_ros_demos_rclc/lib/micro_ros_demos_rclc/int32_publisher_subscriber
-- Installing: /home/ubuntu/microros_ws/install/micro_ros_demos_rclc/lib/micro_ros_demos_rclc/int32_publisher_subscriber/int32_publisher_subscriber
-- Up-to-date: /home/ubuntu/microros_ws/install/micro_ros_demos_rclc/lib/micro_ros_demos_rclc/int32_subscriber
-- Installing: /home/ubuntu/microros_ws/install/micro_ros_demos_rclc/lib/micro_ros_demos_rclc/int32_subscriber/int32_subscriber
-- Up-to-date: /home/ubuntu/microros_ws/install/micro_ros_demos_rclc/lib/micro_ros_demos_rclc/timer
-- Installing: /home/ubuntu/microros_ws/install/micro_ros_demos_rclc/lib/micro_ros_demos_rclc/timer/timer
-- Up-to-date: /home/ubuntu/microros_ws/install/micro_ros_demos_rclc/lib/micro_ros_demos_rclc/configured_subscriber
-- Installing: /home/ubuntu/microros_ws/install/micro_ros_demos_rclc/lib/micro_ros_demos_rclc/configured_subscriber/configured_subscriber
-- Up-to-date: /home/ubuntu/microros_ws/install/micro_ros_demos_rclc/lib/micro_ros_demos_rclc/int32_publisher
-- Installing: /home/ubuntu/microros_ws/install/micro_ros_demos_rclc/lib/micro_ros_demos_rclc/int32_publisher/int32_publisher
-- Up-to-date: /home/ubuntu/microros_ws/install/micro_ros_demos_rclc/lib/micro_ros_demos_rclc/addtwoints_client
-- Installing: /home/ubuntu/microros_ws/install/micro_ros_demos_rclc/lib/micro_ros_demos_rclc/addtwoints_client/addtwoints_client
-- Up-to-date: /home/ubuntu/microros_ws/install/micro_ros_demos_rclc/lib/micro_ros_demos_rclc/epoch_synchronization
-- Installing: /home/ubuntu/microros_ws/install/micro_ros_demos_rclc/lib/micro_ros_demos_rclc/epoch_synchronization/epoch_synchronization
-- Up-to-date: /home/ubuntu/microros_ws/install/micro_ros_demos_rclc/lib/micro_ros_demos_rclc/ping_uros_agent
-- Installing: /home/ubuntu/microros_ws/install/micro_ros_demos_rclc/lib/micro_ros_demos_rclc/ping_uros_agent/ping_uros_agent
-- Up-to-date: /home/ubuntu/microros_ws/install/micro_ros_demos_rclc/lib/micro_ros_demos_rclc/publisher_count
-- Installing: /home/ubuntu/microros_ws/install/micro_ros_demos_rclc/lib/micro_ros_demos_rclc/publisher_count/publisher_count
-- Up-to-date: /home/ubuntu/microros_ws/install/micro_ros_demos_rclc/lib/micro_ros_demos_rclc/fragmented_publication
-- Installing: /home/ubuntu/microros_ws/install/micro_ros_demos_rclc/lib/micro_ros_demos_rclc/fragmented_publication/fragmented_publication
-- Up-to-date: /home/ubuntu/microros_ws/install/micro_ros_demos_rclc/lib/micro_ros_demos_rclc/graph_visualizer
-- Installing: /home/ubuntu/microros_ws/install/micro_ros_demos_rclc/lib/micro_ros_demos_rclc/graph_visualizer/graph_visualizer
-- Up-to-date: /home/ubuntu/microros_ws/install/micro_ros_demos_rclc/lib/micro_ros_demos_rclc/ping_pong
-- Installing: /home/ubuntu/microros_ws/install/micro_ros_demos_rclc/lib/micro_ros_demos_rclc/ping_pong/ping_pong
