[0.079s] Invoking command in '/home/ubuntu/microros_ws/build/geometry_msgs': AMENT_PREFIX_PATH=/home/ubuntu/microros_ws/install/std_msgs:/home/ubuntu/microros_ws/install/builtin_interfaces:${AMENT_PREFIX_PATH} CMAKE_PREFIX_PATH=/home/ubuntu/microros_ws/install/std_msgs:/home/ubuntu/microros_ws/install/builtin_interfaces:/opt/ros/humble LD_LIBRARY_PATH=/home/ubuntu/microros_ws/install/std_msgs/lib:/home/ubuntu/microros_ws/install/builtin_interfaces/lib:${LD_LIBRARY_PATH} PYTHONPATH=/home/ubuntu/microros_ws/install/std_msgs/local/lib/python3.10/dist-packages:/home/ubuntu/microros_ws/install/builtin_interfaces/local/lib/python3.10/dist-packages:${PYTHONPATH} /usr/bin/cmake --build /home/ubuntu/microros_ws/build/geometry_msgs -- -j4 -l4
[0.591s] [  0%] Built target geometry_msgs__cpp
[0.594s] [  0%] Built target ament_cmake_python_symlink_geometry_msgs
[0.624s] [ 12%] Built target geometry_msgs__rosidl_generator_c
[0.886s] [ 24%] Built target geometry_msgs__rosidl_typesupport_cpp
[0.949s] [ 36%] Built target geometry_msgs__rosidl_typesupport_fastrtps_cpp
[1.056s] [ 49%] Built target geometry_msgs__rosidl_typesupport_introspection_cpp
[1.203s] [ 61%] Built target geometry_msgs__rosidl_typesupport_fastrtps_c
[1.275s] [ 74%] Built target geometry_msgs__rosidl_typesupport_introspection_c
[1.308s] [ 86%] Built target geometry_msgs__rosidl_typesupport_c
[1.449s] [ 86%] Built target geometry_msgs
[1.604s] [ 86%] Built target geometry_msgs__py
[1.808s] [ 98%] Built target geometry_msgs__rosidl_generator_py
[1.996s] [ 98%] Built target geometry_msgs__rosidl_typesupport_introspection_c__pyext
[2.002s] [ 99%] Built target geometry_msgs__rosidl_typesupport_fastrtps_c__pyext
[2.162s] [100%] Built target geometry_msgs__rosidl_typesupport_c__pyext
[3.050s] running egg_info
[3.069s] writing geometry_msgs.egg-info/PKG-INFO
[3.087s] writing dependency_links to geometry_msgs.egg-info/dependency_links.txt
[3.092s] writing top-level names to geometry_msgs.egg-info/top_level.txt
[3.118s] reading manifest file 'geometry_msgs.egg-info/SOURCES.txt'
[3.123s] writing manifest file 'geometry_msgs.egg-info/SOURCES.txt'
[3.325s] [100%] Built target ament_cmake_python_build_geometry_msgs_egg
[3.431s] Invoked command in '/home/ubuntu/microros_ws/build/geometry_msgs' returned '0': AMENT_PREFIX_PATH=/home/ubuntu/microros_ws/install/std_msgs:/home/ubuntu/microros_ws/install/builtin_interfaces:${AMENT_PREFIX_PATH} CMAKE_PREFIX_PATH=/home/ubuntu/microros_ws/install/std_msgs:/home/ubuntu/microros_ws/install/builtin_interfaces:/opt/ros/humble LD_LIBRARY_PATH=/home/ubuntu/microros_ws/install/std_msgs/lib:/home/ubuntu/microros_ws/install/builtin_interfaces/lib:${LD_LIBRARY_PATH} PYTHONPATH=/home/ubuntu/microros_ws/install/std_msgs/local/lib/python3.10/dist-packages:/home/ubuntu/microros_ws/install/builtin_interfaces/local/lib/python3.10/dist-packages:${PYTHONPATH} /usr/bin/cmake --build /home/ubuntu/microros_ws/build/geometry_msgs -- -j4 -l4
[11.527s] Invoking command in '/home/ubuntu/microros_ws/build/geometry_msgs': AMENT_PREFIX_PATH=/home/ubuntu/microros_ws/install/std_msgs:/home/ubuntu/microros_ws/install/builtin_interfaces:${AMENT_PREFIX_PATH} CMAKE_PREFIX_PATH=/home/ubuntu/microros_ws/install/std_msgs:/home/ubuntu/microros_ws/install/builtin_interfaces:/opt/ros/humble LD_LIBRARY_PATH=/home/ubuntu/microros_ws/install/std_msgs/lib:/home/ubuntu/microros_ws/install/builtin_interfaces/lib:${LD_LIBRARY_PATH} PYTHONPATH=/home/ubuntu/microros_ws/install/std_msgs/local/lib/python3.10/dist-packages:/home/ubuntu/microros_ws/install/builtin_interfaces/local/lib/python3.10/dist-packages:${PYTHONPATH} /usr/bin/cmake --install /home/ubuntu/microros_ws/build/geometry_msgs
[11.596s] -- Install configuration: ""
[11.599s] -- Execute custom install script
[11.603s] -- Up-to-date symlink: /home/ubuntu/microros_ws/install/geometry_msgs/share/ament_index/resource_index/rosidl_interfaces/geometry_msgs
[11.625s] -- Up-to-date symlink: /home/ubuntu/microros_ws/install/geometry_msgs/include/geometry_msgs/geometry_msgs/msg/accel.h
[11.626s] -- Up-to-date symlink: /home/ubuntu/microros_ws/install/geometry_msgs/include/geometry_msgs/geometry_msgs/msg/accel_stamped.h
[11.628s] -- Up-to-date symlink: /home/ubuntu/microros_ws/install/geometry_msgs/include/geometry_msgs/geometry_msgs/msg/accel_with_covariance.h
[11.630s] -- Up-to-date symlink: /home/ubuntu/microros_ws/install/geometry_msgs/include/geometry_msgs/geometry_msgs/msg/accel_with_covariance_stamped.h
[11.631s] -- Up-to-date symlink: /home/ubuntu/microros_ws/install/geometry_msgs/include/geometry_msgs/geometry_msgs/msg/detail/accel__functions.h
[11.643s] -- Up-to-date symlink: /home/ubuntu/microros_ws/install/geometry_msgs/include/geometry_msgs/geometry_msgs/msg/detail/accel__struct.h
[11.646s] -- Up-to-date symlink: /home/ubuntu/microros_ws/install/geometry_msgs/include/geometry_msgs/geometry_msgs/msg/detail/accel__type_support.h
[11.647s] -- Up-to-date symlink: /home/ubuntu/microros_ws/install/geometry_msgs/include/geometry_msgs/geometry_msgs/msg/detail/accel_stamped__functions.h
[11.648s] -- Up-to-date symlink: /home/ubuntu/microros_ws/install/geometry_msgs/include/geometry_msgs/geometry_msgs/msg/detail/accel_stamped__struct.h
[11.649s] -- Up-to-date symlink: /home/ubuntu/microros_ws/install/geometry_msgs/include/geometry_msgs/geometry_msgs/msg/detail/accel_stamped__type_support.h
[11.682s] -- Up-to-date symlink: /home/ubuntu/microros_ws/install/geometry_msgs/include/geometry_msgs/geometry_msgs/msg/detail/accel_with_covariance__functions.h
[11.683s] -- Up-to-date symlink: /home/ubuntu/microros_ws/install/geometry_msgs/include/geometry_msgs/geometry_msgs/msg/detail/accel_with_covariance__struct.h
[11.684s] -- Up-to-date symlink: /home/ubuntu/microros_ws/install/geometry_msgs/include/geometry_msgs/geometry_msgs/msg/detail/accel_with_covariance__type_support.h
[11.685s] -- Up-to-date symlink: /home/ubuntu/microros_ws/install/geometry_msgs/include/geometry_msgs/geometry_msgs/msg/detail/accel_with_covariance_stamped__functions.h
[11.685s] -- Up-to-date symlink: /home/ubuntu/microros_ws/install/geometry_msgs/include/geometry_msgs/geometry_msgs/msg/detail/accel_with_covariance_stamped__struct.h
[11.685s] -- Up-to-date symlink: /home/ubuntu/microros_ws/install/geometry_msgs/include/geometry_msgs/geometry_msgs/msg/detail/accel_with_covariance_stamped__type_support.h
[11.686s] -- Up-to-date symlink: /home/ubuntu/microros_ws/install/geometry_msgs/include/geometry_msgs/geometry_msgs/msg/detail/inertia__functions.h
[11.686s] -- Up-to-date symlink: /home/ubuntu/microros_ws/install/geometry_msgs/include/geometry_msgs/geometry_msgs/msg/detail/inertia__struct.h
[11.687s] -- Up-to-date symlink: /home/ubuntu/microros_ws/install/geometry_msgs/include/geometry_msgs/geometry_msgs/msg/detail/inertia__type_support.h
[11.689s] -- Up-to-date symlink: /home/ubuntu/microros_ws/install/geometry_msgs/include/geometry_msgs/geometry_msgs/msg/detail/inertia_stamped__functions.h
[11.703s] -- Up-to-date symlink: /home/ubuntu/microros_ws/install/geometry_msgs/include/geometry_msgs/geometry_msgs/msg/detail/inertia_stamped__struct.h
[11.705s] -- Up-to-date symlink: /home/ubuntu/microros_ws/install/geometry_msgs/include/geometry_msgs/geometry_msgs/msg/detail/inertia_stamped__type_support.h
[11.708s] -- Up-to-date symlink: /home/ubuntu/microros_ws/install/geometry_msgs/include/geometry_msgs/geometry_msgs/msg/detail/point32__functions.h
[11.711s] -- Up-to-date symlink: /home/ubuntu/microros_ws/install/geometry_msgs/include/geometry_msgs/geometry_msgs/msg/detail/point32__struct.h
[11.715s] -- Up-to-date symlink: /home/ubuntu/microros_ws/install/geometry_msgs/include/geometry_msgs/geometry_msgs/msg/detail/point32__type_support.h
[11.735s] -- Up-to-date symlink: /home/ubuntu/microros_ws/install/geometry_msgs/include/geometry_msgs/geometry_msgs/msg/detail/point__functions.h
[11.741s] -- Up-to-date symlink: /home/ubuntu/microros_ws/install/geometry_msgs/include/geometry_msgs/geometry_msgs/msg/detail/point__struct.h
[11.746s] -- Up-to-date symlink: /home/ubuntu/microros_ws/install/geometry_msgs/include/geometry_msgs/geometry_msgs/msg/detail/point__type_support.h
[11.750s] -- Up-to-date symlink: /home/ubuntu/microros_ws/install/geometry_msgs/include/geometry_msgs/geometry_msgs/msg/detail/point_stamped__functions.h
[11.773s] -- Up-to-date symlink: /home/ubuntu/microros_ws/install/geometry_msgs/include/geometry_msgs/geometry_msgs/msg/detail/point_stamped__struct.h
[11.774s] -- Up-to-date symlink: /home/ubuntu/microros_ws/install/geometry_msgs/include/geometry_msgs/geometry_msgs/msg/detail/point_stamped__type_support.h
[11.787s] -- Up-to-date symlink: /home/ubuntu/microros_ws/install/geometry_msgs/include/geometry_msgs/geometry_msgs/msg/detail/polygon__functions.h
[11.787s] -- Up-to-date symlink: /home/ubuntu/microros_ws/install/geometry_msgs/include/geometry_msgs/geometry_msgs/msg/detail/polygon__struct.h
[11.789s] -- Up-to-date symlink: /home/ubuntu/microros_ws/install/geometry_msgs/include/geometry_msgs/geometry_msgs/msg/detail/polygon__type_support.h
[11.790s] -- Up-to-date symlink: /home/ubuntu/microros_ws/install/geometry_msgs/include/geometry_msgs/geometry_msgs/msg/detail/polygon_stamped__functions.h
[11.793s] -- Up-to-date symlink: /home/ubuntu/microros_ws/install/geometry_msgs/include/geometry_msgs/geometry_msgs/msg/detail/polygon_stamped__struct.h
[11.795s] -- Up-to-date symlink: /home/ubuntu/microros_ws/install/geometry_msgs/include/geometry_msgs/geometry_msgs/msg/detail/polygon_stamped__type_support.h
[11.803s] -- Up-to-date symlink: /home/ubuntu/microros_ws/install/geometry_msgs/include/geometry_msgs/geometry_msgs/msg/detail/pose2_d__functions.h
[11.804s] -- Up-to-date symlink: /home/ubuntu/microros_ws/install/geometry_msgs/include/geometry_msgs/geometry_msgs/msg/detail/pose2_d__struct.h
[11.805s] -- Up-to-date symlink: /home/ubuntu/microros_ws/install/geometry_msgs/include/geometry_msgs/geometry_msgs/msg/detail/pose2_d__type_support.h
[11.807s] -- Up-to-date symlink: /home/ubuntu/microros_ws/install/geometry_msgs/include/geometry_msgs/geometry_msgs/msg/detail/pose__functions.h
[11.808s] -- Up-to-date symlink: /home/ubuntu/microros_ws/install/geometry_msgs/include/geometry_msgs/geometry_msgs/msg/detail/pose__struct.h
[11.809s] -- Up-to-date symlink: /home/ubuntu/microros_ws/install/geometry_msgs/include/geometry_msgs/geometry_msgs/msg/detail/pose__type_support.h
[11.809s] -- Up-to-date symlink: /home/ubuntu/microros_ws/install/geometry_msgs/include/geometry_msgs/geometry_msgs/msg/detail/pose_array__functions.h
[11.843s] -- Up-to-date symlink: /home/ubuntu/microros_ws/install/geometry_msgs/include/geometry_msgs/geometry_msgs/msg/detail/pose_array__struct.h
[11.845s] -- Up-to-date symlink: /home/ubuntu/microros_ws/install/geometry_msgs/include/geometry_msgs/geometry_msgs/msg/detail/pose_array__type_support.h
[11.846s] -- Up-to-date symlink: /home/ubuntu/microros_ws/install/geometry_msgs/include/geometry_msgs/geometry_msgs/msg/detail/pose_stamped__functions.h
[11.847s] -- Up-to-date symlink: /home/ubuntu/microros_ws/install/geometry_msgs/include/geometry_msgs/geometry_msgs/msg/detail/pose_stamped__struct.h
[11.849s] -- Up-to-date symlink: /home/ubuntu/microros_ws/install/geometry_msgs/include/geometry_msgs/geometry_msgs/msg/detail/pose_stamped__type_support.h
[11.849s] -- Up-to-date symlink: /home/ubuntu/microros_ws/install/geometry_msgs/include/geometry_msgs/geometry_msgs/msg/detail/pose_with_covariance__functions.h
[11.850s] -- Up-to-date symlink: /home/ubuntu/microros_ws/install/geometry_msgs/include/geometry_msgs/geometry_msgs/msg/detail/pose_with_covariance__struct.h
[11.851s] -- Up-to-date symlink: /home/ubuntu/microros_ws/install/geometry_msgs/include/geometry_msgs/geometry_msgs/msg/detail/pose_with_covariance__type_support.h
[11.852s] -- Up-to-date symlink: /home/ubuntu/microros_ws/install/geometry_msgs/include/geometry_msgs/geometry_msgs/msg/detail/pose_with_covariance_stamped__functions.h
[11.853s] -- Up-to-date symlink: /home/ubuntu/microros_ws/install/geometry_msgs/include/geometry_msgs/geometry_msgs/msg/detail/pose_with_covariance_stamped__struct.h
[11.853s] -- Up-to-date symlink: /home/ubuntu/microros_ws/install/geometry_msgs/include/geometry_msgs/geometry_msgs/msg/detail/pose_with_covariance_stamped__type_support.h
[11.855s] -- Up-to-date symlink: /home/ubuntu/microros_ws/install/geometry_msgs/include/geometry_msgs/geometry_msgs/msg/detail/quaternion__functions.h
[11.856s] -- Up-to-date symlink: /home/ubuntu/microros_ws/install/geometry_msgs/include/geometry_msgs/geometry_msgs/msg/detail/quaternion__struct.h
[11.856s] -- Up-to-date symlink: /home/ubuntu/microros_ws/install/geometry_msgs/include/geometry_msgs/geometry_msgs/msg/detail/quaternion__type_support.h
[11.861s] -- Up-to-date symlink: /home/ubuntu/microros_ws/install/geometry_msgs/include/geometry_msgs/geometry_msgs/msg/detail/quaternion_stamped__functions.h
[11.861s] -- Up-to-date symlink: /home/ubuntu/microros_ws/install/geometry_msgs/include/geometry_msgs/geometry_msgs/msg/detail/quaternion_stamped__struct.h
[11.872s] -- Up-to-date symlink: /home/ubuntu/microros_ws/install/geometry_msgs/include/geometry_msgs/geometry_msgs/msg/detail/quaternion_stamped__type_support.h
[11.880s] -- Up-to-date symlink: /home/ubuntu/microros_ws/install/geometry_msgs/include/geometry_msgs/geometry_msgs/msg/detail/transform__functions.h
[11.882s] -- Up-to-date symlink: /home/ubuntu/microros_ws/install/geometry_msgs/include/geometry_msgs/geometry_msgs/msg/detail/transform__struct.h
[11.894s] -- Up-to-date symlink: /home/ubuntu/microros_ws/install/geometry_msgs/include/geometry_msgs/geometry_msgs/msg/detail/transform__type_support.h
[11.897s] -- Up-to-date symlink: /home/ubuntu/microros_ws/install/geometry_msgs/include/geometry_msgs/geometry_msgs/msg/detail/transform_stamped__functions.h
[11.909s] -- Up-to-date symlink: /home/ubuntu/microros_ws/install/geometry_msgs/include/geometry_msgs/geometry_msgs/msg/detail/transform_stamped__struct.h
[11.913s] -- Up-to-date symlink: /home/ubuntu/microros_ws/install/geometry_msgs/include/geometry_msgs/geometry_msgs/msg/detail/transform_stamped__type_support.h
[11.917s] -- Up-to-date symlink: /home/ubuntu/microros_ws/install/geometry_msgs/include/geometry_msgs/geometry_msgs/msg/detail/twist__functions.h
[11.919s] -- Up-to-date symlink: /home/ubuntu/microros_ws/install/geometry_msgs/include/geometry_msgs/geometry_msgs/msg/detail/twist__struct.h
[11.920s] -- Up-to-date symlink: /home/ubuntu/microros_ws/install/geometry_msgs/include/geometry_msgs/geometry_msgs/msg/detail/twist__type_support.h
[11.926s] -- Up-to-date symlink: /home/ubuntu/microros_ws/install/geometry_msgs/include/geometry_msgs/geometry_msgs/msg/detail/twist_stamped__functions.h
[11.927s] -- Up-to-date symlink: /home/ubuntu/microros_ws/install/geometry_msgs/include/geometry_msgs/geometry_msgs/msg/detail/twist_stamped__struct.h
[11.927s] -- Up-to-date symlink: /home/ubuntu/microros_ws/install/geometry_msgs/include/geometry_msgs/geometry_msgs/msg/detail/twist_stamped__type_support.h
[11.930s] -- Up-to-date symlink: /home/ubuntu/microros_ws/install/geometry_msgs/include/geometry_msgs/geometry_msgs/msg/detail/twist_with_covariance__functions.h
[11.938s] -- Up-to-date symlink: /home/ubuntu/microros_ws/install/geometry_msgs/include/geometry_msgs/geometry_msgs/msg/detail/twist_with_covariance__struct.h
[11.944s] -- Up-to-date symlink: /home/ubuntu/microros_ws/install/geometry_msgs/include/geometry_msgs/geometry_msgs/msg/detail/twist_with_covariance__type_support.h
[11.945s] -- Up-to-date symlink: /home/ubuntu/microros_ws/install/geometry_msgs/include/geometry_msgs/geometry_msgs/msg/detail/twist_with_covariance_stamped__functions.h
[11.947s] -- Up-to-date symlink: /home/ubuntu/microros_ws/install/geometry_msgs/include/geometry_msgs/geometry_msgs/msg/detail/twist_with_covariance_stamped__struct.h
[11.948s] -- Up-to-date symlink: /home/ubuntu/microros_ws/install/geometry_msgs/include/geometry_msgs/geometry_msgs/msg/detail/twist_with_covariance_stamped__type_support.h
[11.949s] -- Up-to-date symlink: /home/ubuntu/microros_ws/install/geometry_msgs/include/geometry_msgs/geometry_msgs/msg/detail/vector3__functions.h
[11.950s] -- Up-to-date symlink: /home/ubuntu/microros_ws/install/geometry_msgs/include/geometry_msgs/geometry_msgs/msg/detail/vector3__struct.h
[11.951s] -- Up-to-date symlink: /home/ubuntu/microros_ws/install/geometry_msgs/include/geometry_msgs/geometry_msgs/msg/detail/vector3__type_support.h
[11.953s] -- Up-to-date symlink: /home/ubuntu/microros_ws/install/geometry_msgs/include/geometry_msgs/geometry_msgs/msg/detail/vector3_stamped__functions.h
[11.954s] -- Up-to-date symlink: /home/ubuntu/microros_ws/install/geometry_msgs/include/geometry_msgs/geometry_msgs/msg/detail/vector3_stamped__struct.h
[11.955s] -- Up-to-date symlink: /home/ubuntu/microros_ws/install/geometry_msgs/include/geometry_msgs/geometry_msgs/msg/detail/vector3_stamped__type_support.h
[11.956s] -- Up-to-date symlink: /home/ubuntu/microros_ws/install/geometry_msgs/include/geometry_msgs/geometry_msgs/msg/detail/velocity_stamped__functions.h
[11.957s] -- Up-to-date symlink: /home/ubuntu/microros_ws/install/geometry_msgs/include/geometry_msgs/geometry_msgs/msg/detail/velocity_stamped__struct.h
[11.957s] -- Up-to-date symlink: /home/ubuntu/microros_ws/install/geometry_msgs/include/geometry_msgs/geometry_msgs/msg/detail/velocity_stamped__type_support.h
[11.958s] -- Up-to-date symlink: /home/ubuntu/microros_ws/install/geometry_msgs/include/geometry_msgs/geometry_msgs/msg/detail/wrench__functions.h
[11.959s] -- Up-to-date symlink: /home/ubuntu/microros_ws/install/geometry_msgs/include/geometry_msgs/geometry_msgs/msg/detail/wrench__struct.h
[11.960s] -- Up-to-date symlink: /home/ubuntu/microros_ws/install/geometry_msgs/include/geometry_msgs/geometry_msgs/msg/detail/wrench__type_support.h
[11.960s] -- Up-to-date symlink: /home/ubuntu/microros_ws/install/geometry_msgs/include/geometry_msgs/geometry_msgs/msg/detail/wrench_stamped__functions.h
[11.962s] -- Up-to-date symlink: /home/ubuntu/microros_ws/install/geometry_msgs/include/geometry_msgs/geometry_msgs/msg/detail/wrench_stamped__struct.h
[11.962s] -- Up-to-date symlink: /home/ubuntu/microros_ws/install/geometry_msgs/include/geometry_msgs/geometry_msgs/msg/detail/wrench_stamped__type_support.h
[11.963s] -- Up-to-date symlink: /home/ubuntu/microros_ws/install/geometry_msgs/include/geometry_msgs/geometry_msgs/msg/inertia.h
[11.976s] -- Up-to-date symlink: /home/ubuntu/microros_ws/install/geometry_msgs/include/geometry_msgs/geometry_msgs/msg/inertia_stamped.h
[11.976s] -- Up-to-date symlink: /home/ubuntu/microros_ws/install/geometry_msgs/include/geometry_msgs/geometry_msgs/msg/point.h
[11.977s] -- Up-to-date symlink: /home/ubuntu/microros_ws/install/geometry_msgs/include/geometry_msgs/geometry_msgs/msg/point32.h
[11.978s] -- Up-to-date symlink: /home/ubuntu/microros_ws/install/geometry_msgs/include/geometry_msgs/geometry_msgs/msg/point_stamped.h
[11.978s] -- Up-to-date symlink: /home/ubuntu/microros_ws/install/geometry_msgs/include/geometry_msgs/geometry_msgs/msg/polygon.h
[11.981s] -- Up-to-date symlink: /home/ubuntu/microros_ws/install/geometry_msgs/include/geometry_msgs/geometry_msgs/msg/polygon_stamped.h
[11.984s] -- Up-to-date symlink: /home/ubuntu/microros_ws/install/geometry_msgs/include/geometry_msgs/geometry_msgs/msg/pose.h
[11.985s] -- Up-to-date symlink: /home/ubuntu/microros_ws/install/geometry_msgs/include/geometry_msgs/geometry_msgs/msg/pose2_d.h
[11.985s] -- Up-to-date symlink: /home/ubuntu/microros_ws/install/geometry_msgs/include/geometry_msgs/geometry_msgs/msg/pose_array.h
[11.987s] -- Up-to-date symlink: /home/ubuntu/microros_ws/install/geometry_msgs/include/geometry_msgs/geometry_msgs/msg/pose_stamped.h
[11.988s] -- Up-to-date symlink: /home/ubuntu/microros_ws/install/geometry_msgs/include/geometry_msgs/geometry_msgs/msg/pose_with_covariance.h
[11.989s] -- Up-to-date symlink: /home/ubuntu/microros_ws/install/geometry_msgs/include/geometry_msgs/geometry_msgs/msg/pose_with_covariance_stamped.h
[11.989s] -- Up-to-date symlink: /home/ubuntu/microros_ws/install/geometry_msgs/include/geometry_msgs/geometry_msgs/msg/quaternion.h
[11.990s] -- Up-to-date symlink: /home/ubuntu/microros_ws/install/geometry_msgs/include/geometry_msgs/geometry_msgs/msg/quaternion_stamped.h
[11.990s] -- Up-to-date symlink: /home/ubuntu/microros_ws/install/geometry_msgs/include/geometry_msgs/geometry_msgs/msg/rosidl_generator_c__visibility_control.h
[11.992s] -- Up-to-date symlink: /home/ubuntu/microros_ws/install/geometry_msgs/include/geometry_msgs/geometry_msgs/msg/transform.h
[11.992s] -- Up-to-date symlink: /home/ubuntu/microros_ws/install/geometry_msgs/include/geometry_msgs/geometry_msgs/msg/transform_stamped.h
[11.993s] -- Up-to-date symlink: /home/ubuntu/microros_ws/install/geometry_msgs/include/geometry_msgs/geometry_msgs/msg/twist.h
[11.993s] -- Up-to-date symlink: /home/ubuntu/microros_ws/install/geometry_msgs/include/geometry_msgs/geometry_msgs/msg/twist_stamped.h
[11.994s] -- Up-to-date symlink: /home/ubuntu/microros_ws/install/geometry_msgs/include/geometry_msgs/geometry_msgs/msg/twist_with_covariance.h
[11.995s] -- Up-to-date symlink: /home/ubuntu/microros_ws/install/geometry_msgs/include/geometry_msgs/geometry_msgs/msg/twist_with_covariance_stamped.h
[11.996s] -- Up-to-date symlink: /home/ubuntu/microros_ws/install/geometry_msgs/include/geometry_msgs/geometry_msgs/msg/vector3.h
[11.996s] -- Up-to-date symlink: /home/ubuntu/microros_ws/install/geometry_msgs/include/geometry_msgs/geometry_msgs/msg/vector3_stamped.h
[11.997s] -- Up-to-date symlink: /home/ubuntu/microros_ws/install/geometry_msgs/include/geometry_msgs/geometry_msgs/msg/velocity_stamped.h
[11.998s] -- Up-to-date symlink: /home/ubuntu/microros_ws/install/geometry_msgs/include/geometry_msgs/geometry_msgs/msg/wrench.h
[11.999s] -- Up-to-date symlink: /home/ubuntu/microros_ws/install/geometry_msgs/include/geometry_msgs/geometry_msgs/msg/wrench_stamped.h
[12.005s] -- Up-to-date symlink: /home/ubuntu/microros_ws/install/geometry_msgs/share/geometry_msgs/environment/library_path.sh
[12.005s] -- Up-to-date symlink: /home/ubuntu/microros_ws/install/geometry_msgs/share/geometry_msgs/environment/library_path.dsv
[12.006s] -- Up-to-date symlink: /home/ubuntu/microros_ws/install/geometry_msgs/include/geometry_msgs/geometry_msgs/msg/detail/accel__rosidl_typesupport_fastrtps_c.h
[12.007s] -- Up-to-date symlink: /home/ubuntu/microros_ws/install/geometry_msgs/include/geometry_msgs/geometry_msgs/msg/detail/accel_stamped__rosidl_typesupport_fastrtps_c.h
[12.007s] -- Up-to-date symlink: /home/ubuntu/microros_ws/install/geometry_msgs/include/geometry_msgs/geometry_msgs/msg/detail/accel_with_covariance__rosidl_typesupport_fastrtps_c.h
[12.008s] -- Up-to-date symlink: /home/ubuntu/microros_ws/install/geometry_msgs/include/geometry_msgs/geometry_msgs/msg/detail/accel_with_covariance_stamped__rosidl_typesupport_fastrtps_c.h
[12.008s] -- Up-to-date symlink: /home/ubuntu/microros_ws/install/geometry_msgs/include/geometry_msgs/geometry_msgs/msg/detail/inertia__rosidl_typesupport_fastrtps_c.h
[12.016s] -- Up-to-date symlink: /home/ubuntu/microros_ws/install/geometry_msgs/include/geometry_msgs/geometry_msgs/msg/detail/inertia_stamped__rosidl_typesupport_fastrtps_c.h
[12.016s] -- Up-to-date symlink: /home/ubuntu/microros_ws/install/geometry_msgs/include/geometry_msgs/geometry_msgs/msg/detail/point32__rosidl_typesupport_fastrtps_c.h
[12.019s] -- Up-to-date symlink: /home/ubuntu/microros_ws/install/geometry_msgs/include/geometry_msgs/geometry_msgs/msg/detail/point__rosidl_typesupport_fastrtps_c.h
[12.021s] -- Up-to-date symlink: /home/ubuntu/microros_ws/install/geometry_msgs/include/geometry_msgs/geometry_msgs/msg/detail/point_stamped__rosidl_typesupport_fastrtps_c.h
[12.021s] -- Up-to-date symlink: /home/ubuntu/microros_ws/install/geometry_msgs/include/geometry_msgs/geometry_msgs/msg/detail/polygon__rosidl_typesupport_fastrtps_c.h
[12.022s] -- Up-to-date symlink: /home/ubuntu/microros_ws/install/geometry_msgs/include/geometry_msgs/geometry_msgs/msg/detail/polygon_stamped__rosidl_typesupport_fastrtps_c.h
[12.022s] -- Up-to-date symlink: /home/ubuntu/microros_ws/install/geometry_msgs/include/geometry_msgs/geometry_msgs/msg/detail/pose2_d__rosidl_typesupport_fastrtps_c.h
[12.026s] -- Up-to-date symlink: /home/ubuntu/microros_ws/install/geometry_msgs/include/geometry_msgs/geometry_msgs/msg/detail/pose__rosidl_typesupport_fastrtps_c.h
[12.026s] -- Up-to-date symlink: /home/ubuntu/microros_ws/install/geometry_msgs/include/geometry_msgs/geometry_msgs/msg/detail/pose_array__rosidl_typesupport_fastrtps_c.h
[12.027s] -- Up-to-date symlink: /home/ubuntu/microros_ws/install/geometry_msgs/include/geometry_msgs/geometry_msgs/msg/detail/pose_stamped__rosidl_typesupport_fastrtps_c.h
[12.028s] -- Up-to-date symlink: /home/ubuntu/microros_ws/install/geometry_msgs/include/geometry_msgs/geometry_msgs/msg/detail/pose_with_covariance__rosidl_typesupport_fastrtps_c.h
[12.030s] -- Up-to-date symlink: /home/ubuntu/microros_ws/install/geometry_msgs/include/geometry_msgs/geometry_msgs/msg/detail/pose_with_covariance_stamped__rosidl_typesupport_fastrtps_c.h
[12.031s] -- Up-to-date symlink: /home/ubuntu/microros_ws/install/geometry_msgs/include/geometry_msgs/geometry_msgs/msg/detail/quaternion__rosidl_typesupport_fastrtps_c.h
[12.034s] -- Up-to-date symlink: /home/ubuntu/microros_ws/install/geometry_msgs/include/geometry_msgs/geometry_msgs/msg/detail/quaternion_stamped__rosidl_typesupport_fastrtps_c.h
[12.034s] -- Up-to-date symlink: /home/ubuntu/microros_ws/install/geometry_msgs/include/geometry_msgs/geometry_msgs/msg/detail/transform__rosidl_typesupport_fastrtps_c.h
[12.036s] -- Up-to-date symlink: /home/ubuntu/microros_ws/install/geometry_msgs/include/geometry_msgs/geometry_msgs/msg/detail/transform_stamped__rosidl_typesupport_fastrtps_c.h
[12.041s] -- Up-to-date symlink: /home/ubuntu/microros_ws/install/geometry_msgs/include/geometry_msgs/geometry_msgs/msg/detail/twist__rosidl_typesupport_fastrtps_c.h
[12.043s] -- Up-to-date symlink: /home/ubuntu/microros_ws/install/geometry_msgs/include/geometry_msgs/geometry_msgs/msg/detail/twist_stamped__rosidl_typesupport_fastrtps_c.h
[12.045s] -- Up-to-date symlink: /home/ubuntu/microros_ws/install/geometry_msgs/include/geometry_msgs/geometry_msgs/msg/detail/twist_with_covariance__rosidl_typesupport_fastrtps_c.h
[12.046s] -- Up-to-date symlink: /home/ubuntu/microros_ws/install/geometry_msgs/include/geometry_msgs/geometry_msgs/msg/detail/twist_with_covariance_stamped__rosidl_typesupport_fastrtps_c.h
[12.047s] -- Up-to-date symlink: /home/ubuntu/microros_ws/install/geometry_msgs/include/geometry_msgs/geometry_msgs/msg/detail/vector3__rosidl_typesupport_fastrtps_c.h
[12.048s] -- Up-to-date symlink: /home/ubuntu/microros_ws/install/geometry_msgs/include/geometry_msgs/geometry_msgs/msg/detail/vector3_stamped__rosidl_typesupport_fastrtps_c.h
[12.049s] -- Up-to-date symlink: /home/ubuntu/microros_ws/install/geometry_msgs/include/geometry_msgs/geometry_msgs/msg/detail/velocity_stamped__rosidl_typesupport_fastrtps_c.h
[12.050s] -- Up-to-date symlink: /home/ubuntu/microros_ws/install/geometry_msgs/include/geometry_msgs/geometry_msgs/msg/detail/wrench__rosidl_typesupport_fastrtps_c.h
[12.051s] -- Up-to-date symlink: /home/ubuntu/microros_ws/install/geometry_msgs/include/geometry_msgs/geometry_msgs/msg/detail/wrench_stamped__rosidl_typesupport_fastrtps_c.h
[12.054s] -- Up-to-date symlink: /home/ubuntu/microros_ws/install/geometry_msgs/include/geometry_msgs/geometry_msgs/msg/rosidl_typesupport_fastrtps_c__visibility_control.h
[12.057s] -- Up-to-date symlink: /home/ubuntu/microros_ws/install/geometry_msgs/include/geometry_msgs/geometry_msgs/msg/detail/accel__rosidl_typesupport_introspection_c.h
[12.058s] -- Up-to-date symlink: /home/ubuntu/microros_ws/install/geometry_msgs/include/geometry_msgs/geometry_msgs/msg/detail/accel_stamped__rosidl_typesupport_introspection_c.h
[12.060s] -- Up-to-date symlink: /home/ubuntu/microros_ws/install/geometry_msgs/include/geometry_msgs/geometry_msgs/msg/detail/accel_with_covariance__rosidl_typesupport_introspection_c.h
[12.062s] -- Up-to-date symlink: /home/ubuntu/microros_ws/install/geometry_msgs/include/geometry_msgs/geometry_msgs/msg/detail/accel_with_covariance_stamped__rosidl_typesupport_introspection_c.h
[12.063s] -- Up-to-date symlink: /home/ubuntu/microros_ws/install/geometry_msgs/include/geometry_msgs/geometry_msgs/msg/detail/inertia__rosidl_typesupport_introspection_c.h
[12.063s] -- Up-to-date symlink: /home/ubuntu/microros_ws/install/geometry_msgs/include/geometry_msgs/geometry_msgs/msg/detail/inertia_stamped__rosidl_typesupport_introspection_c.h
[12.064s] -- Up-to-date symlink: /home/ubuntu/microros_ws/install/geometry_msgs/include/geometry_msgs/geometry_msgs/msg/detail/point32__rosidl_typesupport_introspection_c.h
[12.065s] -- Up-to-date symlink: /home/ubuntu/microros_ws/install/geometry_msgs/include/geometry_msgs/geometry_msgs/msg/detail/point__rosidl_typesupport_introspection_c.h
[12.065s] -- Up-to-date symlink: /home/ubuntu/microros_ws/install/geometry_msgs/include/geometry_msgs/geometry_msgs/msg/detail/point_stamped__rosidl_typesupport_introspection_c.h
[12.074s] -- Up-to-date symlink: /home/ubuntu/microros_ws/install/geometry_msgs/include/geometry_msgs/geometry_msgs/msg/detail/polygon__rosidl_typesupport_introspection_c.h
[12.095s] -- Up-to-date symlink: /home/ubuntu/microros_ws/install/geometry_msgs/include/geometry_msgs/geometry_msgs/msg/detail/polygon_stamped__rosidl_typesupport_introspection_c.h
[12.096s] -- Up-to-date symlink: /home/ubuntu/microros_ws/install/geometry_msgs/include/geometry_msgs/geometry_msgs/msg/detail/pose2_d__rosidl_typesupport_introspection_c.h
[12.097s] -- Up-to-date symlink: /home/ubuntu/microros_ws/install/geometry_msgs/include/geometry_msgs/geometry_msgs/msg/detail/pose__rosidl_typesupport_introspection_c.h
[12.098s] -- Up-to-date symlink: /home/ubuntu/microros_ws/install/geometry_msgs/include/geometry_msgs/geometry_msgs/msg/detail/pose_array__rosidl_typesupport_introspection_c.h
[12.099s] -- Up-to-date symlink: /home/ubuntu/microros_ws/install/geometry_msgs/include/geometry_msgs/geometry_msgs/msg/detail/pose_stamped__rosidl_typesupport_introspection_c.h
[12.102s] -- Up-to-date symlink: /home/ubuntu/microros_ws/install/geometry_msgs/include/geometry_msgs/geometry_msgs/msg/detail/pose_with_covariance__rosidl_typesupport_introspection_c.h
[12.103s] -- Up-to-date symlink: /home/ubuntu/microros_ws/install/geometry_msgs/include/geometry_msgs/geometry_msgs/msg/detail/pose_with_covariance_stamped__rosidl_typesupport_introspection_c.h
[12.103s] -- Up-to-date symlink: /home/ubuntu/microros_ws/install/geometry_msgs/include/geometry_msgs/geometry_msgs/msg/detail/quaternion__rosidl_typesupport_introspection_c.h
[12.103s] -- Up-to-date symlink: /home/ubuntu/microros_ws/install/geometry_msgs/include/geometry_msgs/geometry_msgs/msg/detail/quaternion_stamped__rosidl_typesupport_introspection_c.h
[12.104s] -- Up-to-date symlink: /home/ubuntu/microros_ws/install/geometry_msgs/include/geometry_msgs/geometry_msgs/msg/detail/transform__rosidl_typesupport_introspection_c.h
[12.104s] -- Up-to-date symlink: /home/ubuntu/microros_ws/install/geometry_msgs/include/geometry_msgs/geometry_msgs/msg/detail/transform_stamped__rosidl_typesupport_introspection_c.h
[12.104s] -- Up-to-date symlink: /home/ubuntu/microros_ws/install/geometry_msgs/include/geometry_msgs/geometry_msgs/msg/detail/twist__rosidl_typesupport_introspection_c.h
[12.105s] -- Up-to-date symlink: /home/ubuntu/microros_ws/install/geometry_msgs/include/geometry_msgs/geometry_msgs/msg/detail/twist_stamped__rosidl_typesupport_introspection_c.h
[12.105s] -- Up-to-date symlink: /home/ubuntu/microros_ws/install/geometry_msgs/include/geometry_msgs/geometry_msgs/msg/detail/twist_with_covariance__rosidl_typesupport_introspection_c.h
[12.105s] -- Up-to-date symlink: /home/ubuntu/microros_ws/install/geometry_msgs/include/geometry_msgs/geometry_msgs/msg/detail/twist_with_covariance_stamped__rosidl_typesupport_introspection_c.h
[12.106s] -- Up-to-date symlink: /home/ubuntu/microros_ws/install/geometry_msgs/include/geometry_msgs/geometry_msgs/msg/detail/vector3__rosidl_typesupport_introspection_c.h
[12.106s] -- Up-to-date symlink: /home/ubuntu/microros_ws/install/geometry_msgs/include/geometry_msgs/geometry_msgs/msg/detail/vector3_stamped__rosidl_typesupport_introspection_c.h
[12.106s] -- Up-to-date symlink: /home/ubuntu/microros_ws/install/geometry_msgs/include/geometry_msgs/geometry_msgs/msg/detail/velocity_stamped__rosidl_typesupport_introspection_c.h
[12.106s] -- Up-to-date symlink: /home/ubuntu/microros_ws/install/geometry_msgs/include/geometry_msgs/geometry_msgs/msg/detail/wrench__rosidl_typesupport_introspection_c.h
[12.107s] -- Up-to-date symlink: /home/ubuntu/microros_ws/install/geometry_msgs/include/geometry_msgs/geometry_msgs/msg/detail/wrench_stamped__rosidl_typesupport_introspection_c.h
[12.107s] -- Up-to-date symlink: /home/ubuntu/microros_ws/install/geometry_msgs/include/geometry_msgs/geometry_msgs/msg/rosidl_typesupport_introspection_c__visibility_control.h
[12.107s] -- Up-to-date symlink: /home/ubuntu/microros_ws/install/geometry_msgs/include/geometry_msgs/geometry_msgs/msg/accel.hpp
[12.108s] -- Up-to-date symlink: /home/ubuntu/microros_ws/install/geometry_msgs/include/geometry_msgs/geometry_msgs/msg/accel_stamped.hpp
[12.108s] -- Up-to-date symlink: /home/ubuntu/microros_ws/install/geometry_msgs/include/geometry_msgs/geometry_msgs/msg/accel_with_covariance.hpp
[12.109s] -- Up-to-date symlink: /home/ubuntu/microros_ws/install/geometry_msgs/include/geometry_msgs/geometry_msgs/msg/accel_with_covariance_stamped.hpp
[12.109s] -- Up-to-date symlink: /home/ubuntu/microros_ws/install/geometry_msgs/include/geometry_msgs/geometry_msgs/msg/detail/accel__builder.hpp
[12.110s] -- Up-to-date symlink: /home/ubuntu/microros_ws/install/geometry_msgs/include/geometry_msgs/geometry_msgs/msg/detail/accel__struct.hpp
[12.110s] -- Up-to-date symlink: /home/ubuntu/microros_ws/install/geometry_msgs/include/geometry_msgs/geometry_msgs/msg/detail/accel__traits.hpp
[12.111s] -- Up-to-date symlink: /home/ubuntu/microros_ws/install/geometry_msgs/include/geometry_msgs/geometry_msgs/msg/detail/accel_stamped__builder.hpp
[12.112s] -- Up-to-date symlink: /home/ubuntu/microros_ws/install/geometry_msgs/include/geometry_msgs/geometry_msgs/msg/detail/accel_stamped__struct.hpp
[12.112s] -- Up-to-date symlink: /home/ubuntu/microros_ws/install/geometry_msgs/include/geometry_msgs/geometry_msgs/msg/detail/accel_stamped__traits.hpp
[12.113s] -- Up-to-date symlink: /home/ubuntu/microros_ws/install/geometry_msgs/include/geometry_msgs/geometry_msgs/msg/detail/accel_with_covariance__builder.hpp
[12.114s] -- Up-to-date symlink: /home/ubuntu/microros_ws/install/geometry_msgs/include/geometry_msgs/geometry_msgs/msg/detail/accel_with_covariance__struct.hpp
[12.114s] -- Up-to-date symlink: /home/ubuntu/microros_ws/install/geometry_msgs/include/geometry_msgs/geometry_msgs/msg/detail/accel_with_covariance__traits.hpp
[12.115s] -- Up-to-date symlink: /home/ubuntu/microros_ws/install/geometry_msgs/include/geometry_msgs/geometry_msgs/msg/detail/accel_with_covariance_stamped__builder.hpp
[12.115s] -- Up-to-date symlink: /home/ubuntu/microros_ws/install/geometry_msgs/include/geometry_msgs/geometry_msgs/msg/detail/accel_with_covariance_stamped__struct.hpp
[12.116s] -- Up-to-date symlink: /home/ubuntu/microros_ws/install/geometry_msgs/include/geometry_msgs/geometry_msgs/msg/detail/accel_with_covariance_stamped__traits.hpp
[12.127s] -- Up-to-date symlink: /home/ubuntu/microros_ws/install/geometry_msgs/include/geometry_msgs/geometry_msgs/msg/detail/inertia__builder.hpp
[12.128s] -- Up-to-date symlink: /home/ubuntu/microros_ws/install/geometry_msgs/include/geometry_msgs/geometry_msgs/msg/detail/inertia__struct.hpp
[12.130s] -- Up-to-date symlink: /home/ubuntu/microros_ws/install/geometry_msgs/include/geometry_msgs/geometry_msgs/msg/detail/inertia__traits.hpp
[12.131s] -- Up-to-date symlink: /home/ubuntu/microros_ws/install/geometry_msgs/include/geometry_msgs/geometry_msgs/msg/detail/inertia_stamped__builder.hpp
[12.134s] -- Up-to-date symlink: /home/ubuntu/microros_ws/install/geometry_msgs/include/geometry_msgs/geometry_msgs/msg/detail/inertia_stamped__struct.hpp
[12.135s] -- Up-to-date symlink: /home/ubuntu/microros_ws/install/geometry_msgs/include/geometry_msgs/geometry_msgs/msg/detail/inertia_stamped__traits.hpp
[12.136s] -- Up-to-date symlink: /home/ubuntu/microros_ws/install/geometry_msgs/include/geometry_msgs/geometry_msgs/msg/detail/point32__builder.hpp
[12.138s] -- Up-to-date symlink: /home/ubuntu/microros_ws/install/geometry_msgs/include/geometry_msgs/geometry_msgs/msg/detail/point32__struct.hpp
[12.141s] -- Up-to-date symlink: /home/ubuntu/microros_ws/install/geometry_msgs/include/geometry_msgs/geometry_msgs/msg/detail/point32__traits.hpp
[12.144s] -- Up-to-date symlink: /home/ubuntu/microros_ws/install/geometry_msgs/include/geometry_msgs/geometry_msgs/msg/detail/point__builder.hpp
[12.144s] -- Up-to-date symlink: /home/ubuntu/microros_ws/install/geometry_msgs/include/geometry_msgs/geometry_msgs/msg/detail/point__struct.hpp
[12.147s] -- Up-to-date symlink: /home/ubuntu/microros_ws/install/geometry_msgs/include/geometry_msgs/geometry_msgs/msg/detail/point__traits.hpp
[12.147s] -- Up-to-date symlink: /home/ubuntu/microros_ws/install/geometry_msgs/include/geometry_msgs/geometry_msgs/msg/detail/point_stamped__builder.hpp
[12.150s] -- Up-to-date symlink: /home/ubuntu/microros_ws/install/geometry_msgs/include/geometry_msgs/geometry_msgs/msg/detail/point_stamped__struct.hpp
[12.150s] -- Up-to-date symlink: /home/ubuntu/microros_ws/install/geometry_msgs/include/geometry_msgs/geometry_msgs/msg/detail/point_stamped__traits.hpp
[12.151s] -- Up-to-date symlink: /home/ubuntu/microros_ws/install/geometry_msgs/include/geometry_msgs/geometry_msgs/msg/detail/polygon__builder.hpp
[12.151s] -- Up-to-date symlink: /home/ubuntu/microros_ws/install/geometry_msgs/include/geometry_msgs/geometry_msgs/msg/detail/polygon__struct.hpp
[12.152s] -- Up-to-date symlink: /home/ubuntu/microros_ws/install/geometry_msgs/include/geometry_msgs/geometry_msgs/msg/detail/polygon__traits.hpp
[12.152s] -- Up-to-date symlink: /home/ubuntu/microros_ws/install/geometry_msgs/include/geometry_msgs/geometry_msgs/msg/detail/polygon_stamped__builder.hpp
[12.153s] -- Up-to-date symlink: /home/ubuntu/microros_ws/install/geometry_msgs/include/geometry_msgs/geometry_msgs/msg/detail/polygon_stamped__struct.hpp
[12.153s] -- Up-to-date symlink: /home/ubuntu/microros_ws/install/geometry_msgs/include/geometry_msgs/geometry_msgs/msg/detail/polygon_stamped__traits.hpp
[12.153s] -- Up-to-date symlink: /home/ubuntu/microros_ws/install/geometry_msgs/include/geometry_msgs/geometry_msgs/msg/detail/pose2_d__builder.hpp
[12.154s] -- Up-to-date symlink: /home/ubuntu/microros_ws/install/geometry_msgs/include/geometry_msgs/geometry_msgs/msg/detail/pose2_d__struct.hpp
[12.154s] -- Up-to-date symlink: /home/ubuntu/microros_ws/install/geometry_msgs/include/geometry_msgs/geometry_msgs/msg/detail/pose2_d__traits.hpp
[12.154s] -- Up-to-date symlink: /home/ubuntu/microros_ws/install/geometry_msgs/include/geometry_msgs/geometry_msgs/msg/detail/pose__builder.hpp
[12.155s] -- Up-to-date symlink: /home/ubuntu/microros_ws/install/geometry_msgs/include/geometry_msgs/geometry_msgs/msg/detail/pose__struct.hpp
[12.155s] -- Up-to-date symlink: /home/ubuntu/microros_ws/install/geometry_msgs/include/geometry_msgs/geometry_msgs/msg/detail/pose__traits.hpp
[12.156s] -- Up-to-date symlink: /home/ubuntu/microros_ws/install/geometry_msgs/include/geometry_msgs/geometry_msgs/msg/detail/pose_array__builder.hpp
[12.156s] -- Up-to-date symlink: /home/ubuntu/microros_ws/install/geometry_msgs/include/geometry_msgs/geometry_msgs/msg/detail/pose_array__struct.hpp
[12.166s] -- Up-to-date symlink: /home/ubuntu/microros_ws/install/geometry_msgs/include/geometry_msgs/geometry_msgs/msg/detail/pose_array__traits.hpp
[12.166s] -- Up-to-date symlink: /home/ubuntu/microros_ws/install/geometry_msgs/include/geometry_msgs/geometry_msgs/msg/detail/pose_stamped__builder.hpp
[12.167s] -- Up-to-date symlink: /home/ubuntu/microros_ws/install/geometry_msgs/include/geometry_msgs/geometry_msgs/msg/detail/pose_stamped__struct.hpp
[12.168s] -- Up-to-date symlink: /home/ubuntu/microros_ws/install/geometry_msgs/include/geometry_msgs/geometry_msgs/msg/detail/pose_stamped__traits.hpp
[12.168s] -- Up-to-date symlink: /home/ubuntu/microros_ws/install/geometry_msgs/include/geometry_msgs/geometry_msgs/msg/detail/pose_with_covariance__builder.hpp
[12.169s] -- Up-to-date symlink: /home/ubuntu/microros_ws/install/geometry_msgs/include/geometry_msgs/geometry_msgs/msg/detail/pose_with_covariance__struct.hpp
[12.170s] -- Up-to-date symlink: /home/ubuntu/microros_ws/install/geometry_msgs/include/geometry_msgs/geometry_msgs/msg/detail/pose_with_covariance__traits.hpp
[12.170s] -- Up-to-date symlink: /home/ubuntu/microros_ws/install/geometry_msgs/include/geometry_msgs/geometry_msgs/msg/detail/pose_with_covariance_stamped__builder.hpp
[12.192s] -- Up-to-date symlink: /home/ubuntu/microros_ws/install/geometry_msgs/include/geometry_msgs/geometry_msgs/msg/detail/pose_with_covariance_stamped__struct.hpp
[12.197s] -- Up-to-date symlink: /home/ubuntu/microros_ws/install/geometry_msgs/include/geometry_msgs/geometry_msgs/msg/detail/pose_with_covariance_stamped__traits.hpp
[12.198s] -- Up-to-date symlink: /home/ubuntu/microros_ws/install/geometry_msgs/include/geometry_msgs/geometry_msgs/msg/detail/quaternion__builder.hpp
[12.202s] -- Up-to-date symlink: /home/ubuntu/microros_ws/install/geometry_msgs/include/geometry_msgs/geometry_msgs/msg/detail/quaternion__struct.hpp
[12.203s] -- Up-to-date symlink: /home/ubuntu/microros_ws/install/geometry_msgs/include/geometry_msgs/geometry_msgs/msg/detail/quaternion__traits.hpp
[12.204s] -- Up-to-date symlink: /home/ubuntu/microros_ws/install/geometry_msgs/include/geometry_msgs/geometry_msgs/msg/detail/quaternion_stamped__builder.hpp
[12.206s] -- Up-to-date symlink: /home/ubuntu/microros_ws/install/geometry_msgs/include/geometry_msgs/geometry_msgs/msg/detail/quaternion_stamped__struct.hpp
[12.210s] -- Up-to-date symlink: /home/ubuntu/microros_ws/install/geometry_msgs/include/geometry_msgs/geometry_msgs/msg/detail/quaternion_stamped__traits.hpp
[12.210s] -- Up-to-date symlink: /home/ubuntu/microros_ws/install/geometry_msgs/include/geometry_msgs/geometry_msgs/msg/detail/transform__builder.hpp
[12.211s] -- Up-to-date symlink: /home/ubuntu/microros_ws/install/geometry_msgs/include/geometry_msgs/geometry_msgs/msg/detail/transform__struct.hpp
[12.211s] -- Up-to-date symlink: /home/ubuntu/microros_ws/install/geometry_msgs/include/geometry_msgs/geometry_msgs/msg/detail/transform__traits.hpp
[12.212s] -- Up-to-date symlink: /home/ubuntu/microros_ws/install/geometry_msgs/include/geometry_msgs/geometry_msgs/msg/detail/transform_stamped__builder.hpp
[12.212s] -- Up-to-date symlink: /home/ubuntu/microros_ws/install/geometry_msgs/include/geometry_msgs/geometry_msgs/msg/detail/transform_stamped__struct.hpp
[12.212s] -- Up-to-date symlink: /home/ubuntu/microros_ws/install/geometry_msgs/include/geometry_msgs/geometry_msgs/msg/detail/transform_stamped__traits.hpp
[12.213s] -- Up-to-date symlink: /home/ubuntu/microros_ws/install/geometry_msgs/include/geometry_msgs/geometry_msgs/msg/detail/twist__builder.hpp
[12.213s] -- Up-to-date symlink: /home/ubuntu/microros_ws/install/geometry_msgs/include/geometry_msgs/geometry_msgs/msg/detail/twist__struct.hpp
[12.213s] -- Up-to-date symlink: /home/ubuntu/microros_ws/install/geometry_msgs/include/geometry_msgs/geometry_msgs/msg/detail/twist__traits.hpp
[12.214s] -- Up-to-date symlink: /home/ubuntu/microros_ws/install/geometry_msgs/include/geometry_msgs/geometry_msgs/msg/detail/twist_stamped__builder.hpp
[12.214s] -- Up-to-date symlink: /home/ubuntu/microros_ws/install/geometry_msgs/include/geometry_msgs/geometry_msgs/msg/detail/twist_stamped__struct.hpp
[12.214s] -- Up-to-date symlink: /home/ubuntu/microros_ws/install/geometry_msgs/include/geometry_msgs/geometry_msgs/msg/detail/twist_stamped__traits.hpp
[12.215s] -- Up-to-date symlink: /home/ubuntu/microros_ws/install/geometry_msgs/include/geometry_msgs/geometry_msgs/msg/detail/twist_with_covariance__builder.hpp
[12.215s] -- Up-to-date symlink: /home/ubuntu/microros_ws/install/geometry_msgs/include/geometry_msgs/geometry_msgs/msg/detail/twist_with_covariance__struct.hpp
[12.216s] -- Up-to-date symlink: /home/ubuntu/microros_ws/install/geometry_msgs/include/geometry_msgs/geometry_msgs/msg/detail/twist_with_covariance__traits.hpp
[12.216s] -- Up-to-date symlink: /home/ubuntu/microros_ws/install/geometry_msgs/include/geometry_msgs/geometry_msgs/msg/detail/twist_with_covariance_stamped__builder.hpp
[12.217s] -- Up-to-date symlink: /home/ubuntu/microros_ws/install/geometry_msgs/include/geometry_msgs/geometry_msgs/msg/detail/twist_with_covariance_stamped__struct.hpp
[12.217s] -- Up-to-date symlink: /home/ubuntu/microros_ws/install/geometry_msgs/include/geometry_msgs/geometry_msgs/msg/detail/twist_with_covariance_stamped__traits.hpp
[12.218s] -- Up-to-date symlink: /home/ubuntu/microros_ws/install/geometry_msgs/include/geometry_msgs/geometry_msgs/msg/detail/vector3__builder.hpp
[12.239s] -- Up-to-date symlink: /home/ubuntu/microros_ws/install/geometry_msgs/include/geometry_msgs/geometry_msgs/msg/detail/vector3__struct.hpp
[12.239s] -- Up-to-date symlink: /home/ubuntu/microros_ws/install/geometry_msgs/include/geometry_msgs/geometry_msgs/msg/detail/vector3__traits.hpp
[12.240s] -- Up-to-date symlink: /home/ubuntu/microros_ws/install/geometry_msgs/include/geometry_msgs/geometry_msgs/msg/detail/vector3_stamped__builder.hpp
[12.241s] -- Up-to-date symlink: /home/ubuntu/microros_ws/install/geometry_msgs/include/geometry_msgs/geometry_msgs/msg/detail/vector3_stamped__struct.hpp
[12.243s] -- Up-to-date symlink: /home/ubuntu/microros_ws/install/geometry_msgs/include/geometry_msgs/geometry_msgs/msg/detail/vector3_stamped__traits.hpp
[12.245s] -- Up-to-date symlink: /home/ubuntu/microros_ws/install/geometry_msgs/include/geometry_msgs/geometry_msgs/msg/detail/velocity_stamped__builder.hpp
[12.248s] -- Up-to-date symlink: /home/ubuntu/microros_ws/install/geometry_msgs/include/geometry_msgs/geometry_msgs/msg/detail/velocity_stamped__struct.hpp
[12.249s] -- Up-to-date symlink: /home/ubuntu/microros_ws/install/geometry_msgs/include/geometry_msgs/geometry_msgs/msg/detail/velocity_stamped__traits.hpp
[12.249s] -- Up-to-date symlink: /home/ubuntu/microros_ws/install/geometry_msgs/include/geometry_msgs/geometry_msgs/msg/detail/wrench__builder.hpp
[12.253s] -- Up-to-date symlink: /home/ubuntu/microros_ws/install/geometry_msgs/include/geometry_msgs/geometry_msgs/msg/detail/wrench__struct.hpp
[12.255s] -- Up-to-date symlink: /home/ubuntu/microros_ws/install/geometry_msgs/include/geometry_msgs/geometry_msgs/msg/detail/wrench__traits.hpp
[12.256s] -- Up-to-date symlink: /home/ubuntu/microros_ws/install/geometry_msgs/include/geometry_msgs/geometry_msgs/msg/detail/wrench_stamped__builder.hpp
[12.256s] -- Up-to-date symlink: /home/ubuntu/microros_ws/install/geometry_msgs/include/geometry_msgs/geometry_msgs/msg/detail/wrench_stamped__struct.hpp
[12.257s] -- Up-to-date symlink: /home/ubuntu/microros_ws/install/geometry_msgs/include/geometry_msgs/geometry_msgs/msg/detail/wrench_stamped__traits.hpp
[12.257s] -- Up-to-date symlink: /home/ubuntu/microros_ws/install/geometry_msgs/include/geometry_msgs/geometry_msgs/msg/inertia.hpp
[12.258s] -- Up-to-date symlink: /home/ubuntu/microros_ws/install/geometry_msgs/include/geometry_msgs/geometry_msgs/msg/inertia_stamped.hpp
[12.259s] -- Up-to-date symlink: /home/ubuntu/microros_ws/install/geometry_msgs/include/geometry_msgs/geometry_msgs/msg/point.hpp
[12.260s] -- Up-to-date symlink: /home/ubuntu/microros_ws/install/geometry_msgs/include/geometry_msgs/geometry_msgs/msg/point32.hpp
[12.261s] -- Up-to-date symlink: /home/ubuntu/microros_ws/install/geometry_msgs/include/geometry_msgs/geometry_msgs/msg/point_stamped.hpp
[12.261s] -- Up-to-date symlink: /home/ubuntu/microros_ws/install/geometry_msgs/include/geometry_msgs/geometry_msgs/msg/polygon.hpp
[12.262s] -- Up-to-date symlink: /home/ubuntu/microros_ws/install/geometry_msgs/include/geometry_msgs/geometry_msgs/msg/polygon_stamped.hpp
[12.262s] -- Up-to-date symlink: /home/ubuntu/microros_ws/install/geometry_msgs/include/geometry_msgs/geometry_msgs/msg/pose.hpp
[12.263s] -- Up-to-date symlink: /home/ubuntu/microros_ws/install/geometry_msgs/include/geometry_msgs/geometry_msgs/msg/pose2_d.hpp
[12.263s] -- Up-to-date symlink: /home/ubuntu/microros_ws/install/geometry_msgs/include/geometry_msgs/geometry_msgs/msg/pose_array.hpp
[12.264s] -- Up-to-date symlink: /home/ubuntu/microros_ws/install/geometry_msgs/include/geometry_msgs/geometry_msgs/msg/pose_stamped.hpp
[12.265s] -- Up-to-date symlink: /home/ubuntu/microros_ws/install/geometry_msgs/include/geometry_msgs/geometry_msgs/msg/pose_with_covariance.hpp
[12.266s] -- Up-to-date symlink: /home/ubuntu/microros_ws/install/geometry_msgs/include/geometry_msgs/geometry_msgs/msg/pose_with_covariance_stamped.hpp
[12.266s] -- Up-to-date symlink: /home/ubuntu/microros_ws/install/geometry_msgs/include/geometry_msgs/geometry_msgs/msg/quaternion.hpp
[12.267s] -- Up-to-date symlink: /home/ubuntu/microros_ws/install/geometry_msgs/include/geometry_msgs/geometry_msgs/msg/quaternion_stamped.hpp
[12.268s] -- Up-to-date symlink: /home/ubuntu/microros_ws/install/geometry_msgs/include/geometry_msgs/geometry_msgs/msg/transform.hpp
[12.269s] -- Up-to-date symlink: /home/ubuntu/microros_ws/install/geometry_msgs/include/geometry_msgs/geometry_msgs/msg/transform_stamped.hpp
[12.270s] -- Up-to-date symlink: /home/ubuntu/microros_ws/install/geometry_msgs/include/geometry_msgs/geometry_msgs/msg/twist.hpp
[12.271s] -- Up-to-date symlink: /home/ubuntu/microros_ws/install/geometry_msgs/include/geometry_msgs/geometry_msgs/msg/twist_stamped.hpp
[12.272s] -- Up-to-date symlink: /home/ubuntu/microros_ws/install/geometry_msgs/include/geometry_msgs/geometry_msgs/msg/twist_with_covariance.hpp
[12.273s] -- Up-to-date symlink: /home/ubuntu/microros_ws/install/geometry_msgs/include/geometry_msgs/geometry_msgs/msg/twist_with_covariance_stamped.hpp
[12.274s] -- Up-to-date symlink: /home/ubuntu/microros_ws/install/geometry_msgs/include/geometry_msgs/geometry_msgs/msg/vector3.hpp
[12.275s] -- Up-to-date symlink: /home/ubuntu/microros_ws/install/geometry_msgs/include/geometry_msgs/geometry_msgs/msg/vector3_stamped.hpp
[12.277s] -- Up-to-date symlink: /home/ubuntu/microros_ws/install/geometry_msgs/include/geometry_msgs/geometry_msgs/msg/velocity_stamped.hpp
[12.278s] -- Up-to-date symlink: /home/ubuntu/microros_ws/install/geometry_msgs/include/geometry_msgs/geometry_msgs/msg/wrench.hpp
[12.279s] -- Up-to-date symlink: /home/ubuntu/microros_ws/install/geometry_msgs/include/geometry_msgs/geometry_msgs/msg/wrench_stamped.hpp
[12.280s] -- Up-to-date symlink: /home/ubuntu/microros_ws/install/geometry_msgs/include/geometry_msgs/geometry_msgs/msg/detail/accel__rosidl_typesupport_fastrtps_cpp.hpp
[12.281s] -- Up-to-date symlink: /home/ubuntu/microros_ws/install/geometry_msgs/include/geometry_msgs/geometry_msgs/msg/detail/accel_stamped__rosidl_typesupport_fastrtps_cpp.hpp
[12.282s] -- Up-to-date symlink: /home/ubuntu/microros_ws/install/geometry_msgs/include/geometry_msgs/geometry_msgs/msg/detail/accel_with_covariance__rosidl_typesupport_fastrtps_cpp.hpp
[12.282s] -- Up-to-date symlink: /home/ubuntu/microros_ws/install/geometry_msgs/include/geometry_msgs/geometry_msgs/msg/detail/accel_with_covariance_stamped__rosidl_typesupport_fastrtps_cpp.hpp
[12.283s] -- Up-to-date symlink: /home/ubuntu/microros_ws/install/geometry_msgs/include/geometry_msgs/geometry_msgs/msg/detail/inertia__rosidl_typesupport_fastrtps_cpp.hpp
[12.285s] -- Up-to-date symlink: /home/ubuntu/microros_ws/install/geometry_msgs/include/geometry_msgs/geometry_msgs/msg/detail/inertia_stamped__rosidl_typesupport_fastrtps_cpp.hpp
[12.288s] -- Up-to-date symlink: /home/ubuntu/microros_ws/install/geometry_msgs/include/geometry_msgs/geometry_msgs/msg/detail/point32__rosidl_typesupport_fastrtps_cpp.hpp
[12.289s] -- Up-to-date symlink: /home/ubuntu/microros_ws/install/geometry_msgs/include/geometry_msgs/geometry_msgs/msg/detail/point__rosidl_typesupport_fastrtps_cpp.hpp
[12.290s] -- Up-to-date symlink: /home/ubuntu/microros_ws/install/geometry_msgs/include/geometry_msgs/geometry_msgs/msg/detail/point_stamped__rosidl_typesupport_fastrtps_cpp.hpp
[12.290s] -- Up-to-date symlink: /home/ubuntu/microros_ws/install/geometry_msgs/include/geometry_msgs/geometry_msgs/msg/detail/polygon__rosidl_typesupport_fastrtps_cpp.hpp
[12.291s] -- Up-to-date symlink: /home/ubuntu/microros_ws/install/geometry_msgs/include/geometry_msgs/geometry_msgs/msg/detail/polygon_stamped__rosidl_typesupport_fastrtps_cpp.hpp
[12.291s] -- Up-to-date symlink: /home/ubuntu/microros_ws/install/geometry_msgs/include/geometry_msgs/geometry_msgs/msg/detail/pose2_d__rosidl_typesupport_fastrtps_cpp.hpp
[12.292s] -- Up-to-date symlink: /home/ubuntu/microros_ws/install/geometry_msgs/include/geometry_msgs/geometry_msgs/msg/detail/pose__rosidl_typesupport_fastrtps_cpp.hpp
[12.292s] -- Up-to-date symlink: /home/ubuntu/microros_ws/install/geometry_msgs/include/geometry_msgs/geometry_msgs/msg/detail/pose_array__rosidl_typesupport_fastrtps_cpp.hpp
[12.293s] -- Up-to-date symlink: /home/ubuntu/microros_ws/install/geometry_msgs/include/geometry_msgs/geometry_msgs/msg/detail/pose_stamped__rosidl_typesupport_fastrtps_cpp.hpp
[12.293s] -- Up-to-date symlink: /home/ubuntu/microros_ws/install/geometry_msgs/include/geometry_msgs/geometry_msgs/msg/detail/pose_with_covariance__rosidl_typesupport_fastrtps_cpp.hpp
[12.294s] -- Up-to-date symlink: /home/ubuntu/microros_ws/install/geometry_msgs/include/geometry_msgs/geometry_msgs/msg/detail/pose_with_covariance_stamped__rosidl_typesupport_fastrtps_cpp.hpp
[12.294s] -- Up-to-date symlink: /home/ubuntu/microros_ws/install/geometry_msgs/include/geometry_msgs/geometry_msgs/msg/detail/quaternion__rosidl_typesupport_fastrtps_cpp.hpp
[12.295s] -- Up-to-date symlink: /home/ubuntu/microros_ws/install/geometry_msgs/include/geometry_msgs/geometry_msgs/msg/detail/quaternion_stamped__rosidl_typesupport_fastrtps_cpp.hpp
[12.295s] -- Up-to-date symlink: /home/ubuntu/microros_ws/install/geometry_msgs/include/geometry_msgs/geometry_msgs/msg/detail/transform__rosidl_typesupport_fastrtps_cpp.hpp
[12.295s] -- Up-to-date symlink: /home/ubuntu/microros_ws/install/geometry_msgs/include/geometry_msgs/geometry_msgs/msg/detail/transform_stamped__rosidl_typesupport_fastrtps_cpp.hpp
[12.296s] -- Up-to-date symlink: /home/ubuntu/microros_ws/install/geometry_msgs/include/geometry_msgs/geometry_msgs/msg/detail/twist__rosidl_typesupport_fastrtps_cpp.hpp
[12.296s] -- Up-to-date symlink: /home/ubuntu/microros_ws/install/geometry_msgs/include/geometry_msgs/geometry_msgs/msg/detail/twist_stamped__rosidl_typesupport_fastrtps_cpp.hpp
[12.297s] -- Up-to-date symlink: /home/ubuntu/microros_ws/install/geometry_msgs/include/geometry_msgs/geometry_msgs/msg/detail/twist_with_covariance__rosidl_typesupport_fastrtps_cpp.hpp
[12.297s] -- Up-to-date symlink: /home/ubuntu/microros_ws/install/geometry_msgs/include/geometry_msgs/geometry_msgs/msg/detail/twist_with_covariance_stamped__rosidl_typesupport_fastrtps_cpp.hpp
[12.298s] -- Up-to-date symlink: /home/ubuntu/microros_ws/install/geometry_msgs/include/geometry_msgs/geometry_msgs/msg/detail/vector3__rosidl_typesupport_fastrtps_cpp.hpp
[12.298s] -- Up-to-date symlink: /home/ubuntu/microros_ws/install/geometry_msgs/include/geometry_msgs/geometry_msgs/msg/detail/vector3_stamped__rosidl_typesupport_fastrtps_cpp.hpp
[12.299s] -- Up-to-date symlink: /home/ubuntu/microros_ws/install/geometry_msgs/include/geometry_msgs/geometry_msgs/msg/detail/velocity_stamped__rosidl_typesupport_fastrtps_cpp.hpp
[12.299s] -- Up-to-date symlink: /home/ubuntu/microros_ws/install/geometry_msgs/include/geometry_msgs/geometry_msgs/msg/detail/wrench__rosidl_typesupport_fastrtps_cpp.hpp
[12.299s] -- Up-to-date symlink: /home/ubuntu/microros_ws/install/geometry_msgs/include/geometry_msgs/geometry_msgs/msg/detail/wrench_stamped__rosidl_typesupport_fastrtps_cpp.hpp
[12.300s] -- Up-to-date symlink: /home/ubuntu/microros_ws/install/geometry_msgs/include/geometry_msgs/geometry_msgs/msg/rosidl_typesupport_fastrtps_cpp__visibility_control.h
[12.300s] -- Up-to-date symlink: /home/ubuntu/microros_ws/install/geometry_msgs/include/geometry_msgs/geometry_msgs/msg/detail/accel__rosidl_typesupport_introspection_cpp.hpp
[12.301s] -- Up-to-date symlink: /home/ubuntu/microros_ws/install/geometry_msgs/include/geometry_msgs/geometry_msgs/msg/detail/accel_stamped__rosidl_typesupport_introspection_cpp.hpp
[12.301s] -- Up-to-date symlink: /home/ubuntu/microros_ws/install/geometry_msgs/include/geometry_msgs/geometry_msgs/msg/detail/accel_with_covariance__rosidl_typesupport_introspection_cpp.hpp
[12.302s] -- Up-to-date symlink: /home/ubuntu/microros_ws/install/geometry_msgs/include/geometry_msgs/geometry_msgs/msg/detail/accel_with_covariance_stamped__rosidl_typesupport_introspection_cpp.hpp
[12.302s] -- Up-to-date symlink: /home/ubuntu/microros_ws/install/geometry_msgs/include/geometry_msgs/geometry_msgs/msg/detail/inertia__rosidl_typesupport_introspection_cpp.hpp
[12.303s] -- Up-to-date symlink: /home/ubuntu/microros_ws/install/geometry_msgs/include/geometry_msgs/geometry_msgs/msg/detail/inertia_stamped__rosidl_typesupport_introspection_cpp.hpp
[12.303s] -- Up-to-date symlink: /home/ubuntu/microros_ws/install/geometry_msgs/include/geometry_msgs/geometry_msgs/msg/detail/point32__rosidl_typesupport_introspection_cpp.hpp
[12.303s] -- Up-to-date symlink: /home/ubuntu/microros_ws/install/geometry_msgs/include/geometry_msgs/geometry_msgs/msg/detail/point__rosidl_typesupport_introspection_cpp.hpp
[12.304s] -- Up-to-date symlink: /home/ubuntu/microros_ws/install/geometry_msgs/include/geometry_msgs/geometry_msgs/msg/detail/point_stamped__rosidl_typesupport_introspection_cpp.hpp
[12.305s] -- Up-to-date symlink: /home/ubuntu/microros_ws/install/geometry_msgs/include/geometry_msgs/geometry_msgs/msg/detail/polygon__rosidl_typesupport_introspection_cpp.hpp
[12.306s] -- Up-to-date symlink: /home/ubuntu/microros_ws/install/geometry_msgs/include/geometry_msgs/geometry_msgs/msg/detail/polygon_stamped__rosidl_typesupport_introspection_cpp.hpp
[12.306s] -- Up-to-date symlink: /home/ubuntu/microros_ws/install/geometry_msgs/include/geometry_msgs/geometry_msgs/msg/detail/pose2_d__rosidl_typesupport_introspection_cpp.hpp
[12.307s] -- Up-to-date symlink: /home/ubuntu/microros_ws/install/geometry_msgs/include/geometry_msgs/geometry_msgs/msg/detail/pose__rosidl_typesupport_introspection_cpp.hpp
[12.313s] -- Up-to-date symlink: /home/ubuntu/microros_ws/install/geometry_msgs/include/geometry_msgs/geometry_msgs/msg/detail/pose_array__rosidl_typesupport_introspection_cpp.hpp
[12.317s] -- Up-to-date symlink: /home/ubuntu/microros_ws/install/geometry_msgs/include/geometry_msgs/geometry_msgs/msg/detail/pose_stamped__rosidl_typesupport_introspection_cpp.hpp
[12.318s] -- Up-to-date symlink: /home/ubuntu/microros_ws/install/geometry_msgs/include/geometry_msgs/geometry_msgs/msg/detail/pose_with_covariance__rosidl_typesupport_introspection_cpp.hpp
[12.319s] -- Up-to-date symlink: /home/ubuntu/microros_ws/install/geometry_msgs/include/geometry_msgs/geometry_msgs/msg/detail/pose_with_covariance_stamped__rosidl_typesupport_introspection_cpp.hpp
[12.320s] -- Up-to-date symlink: /home/ubuntu/microros_ws/install/geometry_msgs/include/geometry_msgs/geometry_msgs/msg/detail/quaternion__rosidl_typesupport_introspection_cpp.hpp
[12.321s] -- Up-to-date symlink: /home/ubuntu/microros_ws/install/geometry_msgs/include/geometry_msgs/geometry_msgs/msg/detail/quaternion_stamped__rosidl_typesupport_introspection_cpp.hpp
[12.325s] -- Up-to-date symlink: /home/ubuntu/microros_ws/install/geometry_msgs/include/geometry_msgs/geometry_msgs/msg/detail/transform__rosidl_typesupport_introspection_cpp.hpp
[12.326s] -- Up-to-date symlink: /home/ubuntu/microros_ws/install/geometry_msgs/include/geometry_msgs/geometry_msgs/msg/detail/transform_stamped__rosidl_typesupport_introspection_cpp.hpp
[12.326s] -- Up-to-date symlink: /home/ubuntu/microros_ws/install/geometry_msgs/include/geometry_msgs/geometry_msgs/msg/detail/twist__rosidl_typesupport_introspection_cpp.hpp
[12.327s] -- Up-to-date symlink: /home/ubuntu/microros_ws/install/geometry_msgs/include/geometry_msgs/geometry_msgs/msg/detail/twist_stamped__rosidl_typesupport_introspection_cpp.hpp
[12.328s] -- Up-to-date symlink: /home/ubuntu/microros_ws/install/geometry_msgs/include/geometry_msgs/geometry_msgs/msg/detail/twist_with_covariance__rosidl_typesupport_introspection_cpp.hpp
[12.328s] -- Up-to-date symlink: /home/ubuntu/microros_ws/install/geometry_msgs/include/geometry_msgs/geometry_msgs/msg/detail/twist_with_covariance_stamped__rosidl_typesupport_introspection_cpp.hpp
[12.335s] -- Up-to-date symlink: /home/ubuntu/microros_ws/install/geometry_msgs/include/geometry_msgs/geometry_msgs/msg/detail/vector3__rosidl_typesupport_introspection_cpp.hpp
[12.336s] -- Up-to-date symlink: /home/ubuntu/microros_ws/install/geometry_msgs/include/geometry_msgs/geometry_msgs/msg/detail/vector3_stamped__rosidl_typesupport_introspection_cpp.hpp
[12.337s] -- Up-to-date symlink: /home/ubuntu/microros_ws/install/geometry_msgs/include/geometry_msgs/geometry_msgs/msg/detail/velocity_stamped__rosidl_typesupport_introspection_cpp.hpp
[12.337s] -- Up-to-date symlink: /home/ubuntu/microros_ws/install/geometry_msgs/include/geometry_msgs/geometry_msgs/msg/detail/wrench__rosidl_typesupport_introspection_cpp.hpp
[12.337s] -- Up-to-date symlink: /home/ubuntu/microros_ws/install/geometry_msgs/include/geometry_msgs/geometry_msgs/msg/detail/wrench_stamped__rosidl_typesupport_introspection_cpp.hpp
[12.338s] -- Up-to-date symlink: /home/ubuntu/microros_ws/install/geometry_msgs/share/geometry_msgs/environment/pythonpath.sh
[12.339s] -- Up-to-date symlink: /home/ubuntu/microros_ws/install/geometry_msgs/share/geometry_msgs/environment/pythonpath.dsv
[12.351s] -- Up-to-date symlink: /home/ubuntu/microros_ws/install/geometry_msgs/local/lib/python3.10/dist-packages/geometry_msgs-4.2.4-py3.10.egg-info/PKG-INFO
[12.354s] -- Up-to-date symlink: /home/ubuntu/microros_ws/install/geometry_msgs/local/lib/python3.10/dist-packages/geometry_msgs-4.2.4-py3.10.egg-info/SOURCES.txt
[12.355s] -- Up-to-date symlink: /home/ubuntu/microros_ws/install/geometry_msgs/local/lib/python3.10/dist-packages/geometry_msgs-4.2.4-py3.10.egg-info/dependency_links.txt
[12.355s] -- Up-to-date symlink: /home/ubuntu/microros_ws/install/geometry_msgs/local/lib/python3.10/dist-packages/geometry_msgs-4.2.4-py3.10.egg-info/top_level.txt
[12.356s] -- Up-to-date symlink: /home/ubuntu/microros_ws/install/geometry_msgs/local/lib/python3.10/dist-packages/geometry_msgs/__init__.py
[12.357s] -- Up-to-date symlink: /home/ubuntu/microros_ws/install/geometry_msgs/local/lib/python3.10/dist-packages/geometry_msgs/_geometry_msgs_s.ep.rosidl_typesupport_c.c
[12.357s] -- Up-to-date symlink: /home/ubuntu/microros_ws/install/geometry_msgs/local/lib/python3.10/dist-packages/geometry_msgs/_geometry_msgs_s.ep.rosidl_typesupport_fastrtps_c.c
[12.358s] -- Up-to-date symlink: /home/ubuntu/microros_ws/install/geometry_msgs/local/lib/python3.10/dist-packages/geometry_msgs/_geometry_msgs_s.ep.rosidl_typesupport_introspection_c.c
[12.359s] -- Up-to-date symlink: /home/ubuntu/microros_ws/install/geometry_msgs/local/lib/python3.10/dist-packages/geometry_msgs/_geometry_msgs_s.ep.rosidl_typesupport_microxrcedds_c.c
[12.369s] -- Up-to-date symlink: /home/ubuntu/microros_ws/install/geometry_msgs/local/lib/python3.10/dist-packages/geometry_msgs/geometry_msgs_s__rosidl_typesupport_c.cpython-310-aarch64-linux-gnu.so
[12.370s] -- Up-to-date symlink: /home/ubuntu/microros_ws/install/geometry_msgs/local/lib/python3.10/dist-packages/geometry_msgs/geometry_msgs_s__rosidl_typesupport_fastrtps_c.cpython-310-aarch64-linux-gnu.so
[12.370s] -- Up-to-date symlink: /home/ubuntu/microros_ws/install/geometry_msgs/local/lib/python3.10/dist-packages/geometry_msgs/geometry_msgs_s__rosidl_typesupport_introspection_c.cpython-310-aarch64-linux-gnu.so
[12.371s] -- Up-to-date symlink: /home/ubuntu/microros_ws/install/geometry_msgs/local/lib/python3.10/dist-packages/geometry_msgs/geometry_msgs_s__rosidl_typesupport_microxrcedds_c.cpython-310-aarch64-linux-gnu.so
[12.372s] -- Up-to-date symlink: /home/ubuntu/microros_ws/install/geometry_msgs/local/lib/python3.10/dist-packages/geometry_msgs/libgeometry_msgs__rosidl_generator_py.so
[12.374s] -- Up-to-date symlink: /home/ubuntu/microros_ws/install/geometry_msgs/local/lib/python3.10/dist-packages/geometry_msgs/msg/__init__.py
[12.376s] -- Up-to-date symlink: /home/ubuntu/microros_ws/install/geometry_msgs/local/lib/python3.10/dist-packages/geometry_msgs/msg/_accel.py
[12.376s] -- Up-to-date symlink: /home/ubuntu/microros_ws/install/geometry_msgs/local/lib/python3.10/dist-packages/geometry_msgs/msg/_accel_s.c
[12.377s] -- Up-to-date symlink: /home/ubuntu/microros_ws/install/geometry_msgs/local/lib/python3.10/dist-packages/geometry_msgs/msg/_accel_stamped.py
[12.378s] -- Up-to-date symlink: /home/ubuntu/microros_ws/install/geometry_msgs/local/lib/python3.10/dist-packages/geometry_msgs/msg/_accel_stamped_s.c
[12.378s] -- Up-to-date symlink: /home/ubuntu/microros_ws/install/geometry_msgs/local/lib/python3.10/dist-packages/geometry_msgs/msg/_accel_with_covariance.py
[12.385s] -- Up-to-date symlink: /home/ubuntu/microros_ws/install/geometry_msgs/local/lib/python3.10/dist-packages/geometry_msgs/msg/_accel_with_covariance_s.c
[12.385s] -- Up-to-date symlink: /home/ubuntu/microros_ws/install/geometry_msgs/local/lib/python3.10/dist-packages/geometry_msgs/msg/_accel_with_covariance_stamped.py
[12.386s] -- Up-to-date symlink: /home/ubuntu/microros_ws/install/geometry_msgs/local/lib/python3.10/dist-packages/geometry_msgs/msg/_accel_with_covariance_stamped_s.c
[12.386s] -- Up-to-date symlink: /home/ubuntu/microros_ws/install/geometry_msgs/local/lib/python3.10/dist-packages/geometry_msgs/msg/_inertia.py
[12.387s] -- Up-to-date symlink: /home/ubuntu/microros_ws/install/geometry_msgs/local/lib/python3.10/dist-packages/geometry_msgs/msg/_inertia_s.c
[12.387s] -- Up-to-date symlink: /home/ubuntu/microros_ws/install/geometry_msgs/local/lib/python3.10/dist-packages/geometry_msgs/msg/_inertia_stamped.py
[12.388s] -- Up-to-date symlink: /home/ubuntu/microros_ws/install/geometry_msgs/local/lib/python3.10/dist-packages/geometry_msgs/msg/_inertia_stamped_s.c
[12.395s] -- Up-to-date symlink: /home/ubuntu/microros_ws/install/geometry_msgs/local/lib/python3.10/dist-packages/geometry_msgs/msg/_point.py
[12.405s] -- Up-to-date symlink: /home/ubuntu/microros_ws/install/geometry_msgs/local/lib/python3.10/dist-packages/geometry_msgs/msg/_point32.py
[12.405s] -- Up-to-date symlink: /home/ubuntu/microros_ws/install/geometry_msgs/local/lib/python3.10/dist-packages/geometry_msgs/msg/_point32_s.c
[12.407s] -- Up-to-date symlink: /home/ubuntu/microros_ws/install/geometry_msgs/local/lib/python3.10/dist-packages/geometry_msgs/msg/_point_s.c
[12.408s] -- Up-to-date symlink: /home/ubuntu/microros_ws/install/geometry_msgs/local/lib/python3.10/dist-packages/geometry_msgs/msg/_point_stamped.py
[12.409s] -- Up-to-date symlink: /home/ubuntu/microros_ws/install/geometry_msgs/local/lib/python3.10/dist-packages/geometry_msgs/msg/_point_stamped_s.c
[12.411s] -- Up-to-date symlink: /home/ubuntu/microros_ws/install/geometry_msgs/local/lib/python3.10/dist-packages/geometry_msgs/msg/_polygon.py
[12.417s] -- Up-to-date symlink: /home/ubuntu/microros_ws/install/geometry_msgs/local/lib/python3.10/dist-packages/geometry_msgs/msg/_polygon_s.c
[12.418s] -- Up-to-date symlink: /home/ubuntu/microros_ws/install/geometry_msgs/local/lib/python3.10/dist-packages/geometry_msgs/msg/_polygon_stamped.py
[12.430s] -- Up-to-date symlink: /home/ubuntu/microros_ws/install/geometry_msgs/local/lib/python3.10/dist-packages/geometry_msgs/msg/_polygon_stamped_s.c
[12.432s] -- Up-to-date symlink: /home/ubuntu/microros_ws/install/geometry_msgs/local/lib/python3.10/dist-packages/geometry_msgs/msg/_pose.py
[12.433s] -- Up-to-date symlink: /home/ubuntu/microros_ws/install/geometry_msgs/local/lib/python3.10/dist-packages/geometry_msgs/msg/_pose2_d.py
[12.434s] -- Up-to-date symlink: /home/ubuntu/microros_ws/install/geometry_msgs/local/lib/python3.10/dist-packages/geometry_msgs/msg/_pose2_d_s.c
[12.435s] -- Up-to-date symlink: /home/ubuntu/microros_ws/install/geometry_msgs/local/lib/python3.10/dist-packages/geometry_msgs/msg/_pose_array.py
[12.436s] -- Up-to-date symlink: /home/ubuntu/microros_ws/install/geometry_msgs/local/lib/python3.10/dist-packages/geometry_msgs/msg/_pose_array_s.c
[12.437s] -- Up-to-date symlink: /home/ubuntu/microros_ws/install/geometry_msgs/local/lib/python3.10/dist-packages/geometry_msgs/msg/_pose_s.c
[12.437s] -- Up-to-date symlink: /home/ubuntu/microros_ws/install/geometry_msgs/local/lib/python3.10/dist-packages/geometry_msgs/msg/_pose_stamped.py
[12.438s] -- Up-to-date symlink: /home/ubuntu/microros_ws/install/geometry_msgs/local/lib/python3.10/dist-packages/geometry_msgs/msg/_pose_stamped_s.c
[12.438s] -- Up-to-date symlink: /home/ubuntu/microros_ws/install/geometry_msgs/local/lib/python3.10/dist-packages/geometry_msgs/msg/_pose_with_covariance.py
[12.439s] -- Up-to-date symlink: /home/ubuntu/microros_ws/install/geometry_msgs/local/lib/python3.10/dist-packages/geometry_msgs/msg/_pose_with_covariance_s.c
[12.439s] -- Up-to-date symlink: /home/ubuntu/microros_ws/install/geometry_msgs/local/lib/python3.10/dist-packages/geometry_msgs/msg/_pose_with_covariance_stamped.py
[12.440s] -- Up-to-date symlink: /home/ubuntu/microros_ws/install/geometry_msgs/local/lib/python3.10/dist-packages/geometry_msgs/msg/_pose_with_covariance_stamped_s.c
[12.440s] -- Up-to-date symlink: /home/ubuntu/microros_ws/install/geometry_msgs/local/lib/python3.10/dist-packages/geometry_msgs/msg/_quaternion.py
[12.440s] -- Up-to-date symlink: /home/ubuntu/microros_ws/install/geometry_msgs/local/lib/python3.10/dist-packages/geometry_msgs/msg/_quaternion_s.c
[12.441s] -- Up-to-date symlink: /home/ubuntu/microros_ws/install/geometry_msgs/local/lib/python3.10/dist-packages/geometry_msgs/msg/_quaternion_stamped.py
[12.441s] -- Up-to-date symlink: /home/ubuntu/microros_ws/install/geometry_msgs/local/lib/python3.10/dist-packages/geometry_msgs/msg/_quaternion_stamped_s.c
[12.442s] -- Up-to-date symlink: /home/ubuntu/microros_ws/install/geometry_msgs/local/lib/python3.10/dist-packages/geometry_msgs/msg/_transform.py
[12.442s] -- Up-to-date symlink: /home/ubuntu/microros_ws/install/geometry_msgs/local/lib/python3.10/dist-packages/geometry_msgs/msg/_transform_s.c
[12.442s] -- Up-to-date symlink: /home/ubuntu/microros_ws/install/geometry_msgs/local/lib/python3.10/dist-packages/geometry_msgs/msg/_transform_stamped.py
[12.443s] -- Up-to-date symlink: /home/ubuntu/microros_ws/install/geometry_msgs/local/lib/python3.10/dist-packages/geometry_msgs/msg/_transform_stamped_s.c
[12.443s] -- Up-to-date symlink: /home/ubuntu/microros_ws/install/geometry_msgs/local/lib/python3.10/dist-packages/geometry_msgs/msg/_twist.py
[12.443s] -- Up-to-date symlink: /home/ubuntu/microros_ws/install/geometry_msgs/local/lib/python3.10/dist-packages/geometry_msgs/msg/_twist_s.c
[12.444s] -- Up-to-date symlink: /home/ubuntu/microros_ws/install/geometry_msgs/local/lib/python3.10/dist-packages/geometry_msgs/msg/_twist_stamped.py
[12.453s] -- Up-to-date symlink: /home/ubuntu/microros_ws/install/geometry_msgs/local/lib/python3.10/dist-packages/geometry_msgs/msg/_twist_stamped_s.c
[12.454s] -- Up-to-date symlink: /home/ubuntu/microros_ws/install/geometry_msgs/local/lib/python3.10/dist-packages/geometry_msgs/msg/_twist_with_covariance.py
[12.455s] -- Up-to-date symlink: /home/ubuntu/microros_ws/install/geometry_msgs/local/lib/python3.10/dist-packages/geometry_msgs/msg/_twist_with_covariance_s.c
[12.456s] -- Up-to-date symlink: /home/ubuntu/microros_ws/install/geometry_msgs/local/lib/python3.10/dist-packages/geometry_msgs/msg/_twist_with_covariance_stamped.py
[12.457s] -- Up-to-date symlink: /home/ubuntu/microros_ws/install/geometry_msgs/local/lib/python3.10/dist-packages/geometry_msgs/msg/_twist_with_covariance_stamped_s.c
[12.457s] -- Up-to-date symlink: /home/ubuntu/microros_ws/install/geometry_msgs/local/lib/python3.10/dist-packages/geometry_msgs/msg/_vector3.py
[12.458s] -- Up-to-date symlink: /home/ubuntu/microros_ws/install/geometry_msgs/local/lib/python3.10/dist-packages/geometry_msgs/msg/_vector3_s.c
[12.458s] -- Up-to-date symlink: /home/ubuntu/microros_ws/install/geometry_msgs/local/lib/python3.10/dist-packages/geometry_msgs/msg/_vector3_stamped.py
[12.459s] -- Up-to-date symlink: /home/ubuntu/microros_ws/install/geometry_msgs/local/lib/python3.10/dist-packages/geometry_msgs/msg/_vector3_stamped_s.c
[12.459s] -- Up-to-date symlink: /home/ubuntu/microros_ws/install/geometry_msgs/local/lib/python3.10/dist-packages/geometry_msgs/msg/_velocity_stamped.py
[12.460s] -- Up-to-date symlink: /home/ubuntu/microros_ws/install/geometry_msgs/local/lib/python3.10/dist-packages/geometry_msgs/msg/_velocity_stamped_s.c
[12.461s] -- Up-to-date symlink: /home/ubuntu/microros_ws/install/geometry_msgs/local/lib/python3.10/dist-packages/geometry_msgs/msg/_wrench.py
[12.461s] -- Up-to-date symlink: /home/ubuntu/microros_ws/install/geometry_msgs/local/lib/python3.10/dist-packages/geometry_msgs/msg/_wrench_s.c
[12.462s] -- Up-to-date symlink: /home/ubuntu/microros_ws/install/geometry_msgs/local/lib/python3.10/dist-packages/geometry_msgs/msg/_wrench_stamped.py
[12.462s] -- Up-to-date symlink: /home/ubuntu/microros_ws/install/geometry_msgs/local/lib/python3.10/dist-packages/geometry_msgs/msg/_wrench_stamped_s.c
[12.463s] -- Up-to-date symlink: /home/ubuntu/microros_ws/install/geometry_msgs/local/lib/python3.10/dist-packages/geometry_msgs/geometry_msgs_s__rosidl_typesupport_fastrtps_c.cpython-310-aarch64-linux-gnu.so
[12.463s] -- Up-to-date symlink: /home/ubuntu/microros_ws/install/geometry_msgs/local/lib/python3.10/dist-packages/geometry_msgs/geometry_msgs_s__rosidl_typesupport_introspection_c.cpython-310-aarch64-linux-gnu.so
[12.464s] -- Up-to-date symlink: /home/ubuntu/microros_ws/install/geometry_msgs/local/lib/python3.10/dist-packages/geometry_msgs/geometry_msgs_s__rosidl_typesupport_c.cpython-310-aarch64-linux-gnu.so
[12.465s] -- Up-to-date symlink: /home/ubuntu/microros_ws/install/geometry_msgs/share/geometry_msgs/msg/Accel.idl
[12.465s] -- Up-to-date symlink: /home/ubuntu/microros_ws/install/geometry_msgs/share/geometry_msgs/msg/AccelStamped.idl
[12.466s] -- Up-to-date symlink: /home/ubuntu/microros_ws/install/geometry_msgs/share/geometry_msgs/msg/AccelWithCovariance.idl
[12.467s] -- Up-to-date symlink: /home/ubuntu/microros_ws/install/geometry_msgs/share/geometry_msgs/msg/AccelWithCovarianceStamped.idl
[12.467s] -- Up-to-date symlink: /home/ubuntu/microros_ws/install/geometry_msgs/share/geometry_msgs/msg/Inertia.idl
[12.468s] -- Up-to-date symlink: /home/ubuntu/microros_ws/install/geometry_msgs/share/geometry_msgs/msg/InertiaStamped.idl
[12.469s] -- Up-to-date symlink: /home/ubuntu/microros_ws/install/geometry_msgs/share/geometry_msgs/msg/Point.idl
[12.469s] -- Up-to-date symlink: /home/ubuntu/microros_ws/install/geometry_msgs/share/geometry_msgs/msg/Point32.idl
[12.470s] -- Up-to-date symlink: /home/ubuntu/microros_ws/install/geometry_msgs/share/geometry_msgs/msg/PointStamped.idl
[12.470s] -- Up-to-date symlink: /home/ubuntu/microros_ws/install/geometry_msgs/share/geometry_msgs/msg/Polygon.idl
[12.471s] -- Up-to-date symlink: /home/ubuntu/microros_ws/install/geometry_msgs/share/geometry_msgs/msg/PolygonStamped.idl
[12.497s] -- Up-to-date symlink: /home/ubuntu/microros_ws/install/geometry_msgs/share/geometry_msgs/msg/Pose.idl
[12.497s] -- Up-to-date symlink: /home/ubuntu/microros_ws/install/geometry_msgs/share/geometry_msgs/msg/Pose2D.idl
[12.498s] -- Up-to-date symlink: /home/ubuntu/microros_ws/install/geometry_msgs/share/geometry_msgs/msg/PoseArray.idl
[12.498s] -- Up-to-date symlink: /home/ubuntu/microros_ws/install/geometry_msgs/share/geometry_msgs/msg/PoseStamped.idl
[12.500s] -- Up-to-date symlink: /home/ubuntu/microros_ws/install/geometry_msgs/share/geometry_msgs/msg/PoseWithCovariance.idl
[12.501s] -- Up-to-date symlink: /home/ubuntu/microros_ws/install/geometry_msgs/share/geometry_msgs/msg/PoseWithCovarianceStamped.idl
[12.502s] -- Up-to-date symlink: /home/ubuntu/microros_ws/install/geometry_msgs/share/geometry_msgs/msg/Quaternion.idl
[12.502s] -- Up-to-date symlink: /home/ubuntu/microros_ws/install/geometry_msgs/share/geometry_msgs/msg/QuaternionStamped.idl
[12.503s] -- Up-to-date symlink: /home/ubuntu/microros_ws/install/geometry_msgs/share/geometry_msgs/msg/Transform.idl
[12.521s] -- Up-to-date symlink: /home/ubuntu/microros_ws/install/geometry_msgs/share/geometry_msgs/msg/TransformStamped.idl
[12.521s] -- Up-to-date symlink: /home/ubuntu/microros_ws/install/geometry_msgs/share/geometry_msgs/msg/Twist.idl
[12.522s] -- Up-to-date symlink: /home/ubuntu/microros_ws/install/geometry_msgs/share/geometry_msgs/msg/TwistStamped.idl
[12.522s] -- Up-to-date symlink: /home/ubuntu/microros_ws/install/geometry_msgs/share/geometry_msgs/msg/TwistWithCovariance.idl
[12.523s] -- Up-to-date symlink: /home/ubuntu/microros_ws/install/geometry_msgs/share/geometry_msgs/msg/TwistWithCovarianceStamped.idl
[12.523s] -- Up-to-date symlink: /home/ubuntu/microros_ws/install/geometry_msgs/share/geometry_msgs/msg/Vector3.idl
[12.524s] -- Up-to-date symlink: /home/ubuntu/microros_ws/install/geometry_msgs/share/geometry_msgs/msg/Vector3Stamped.idl
[12.524s] -- Up-to-date symlink: /home/ubuntu/microros_ws/install/geometry_msgs/share/geometry_msgs/msg/VelocityStamped.idl
[12.525s] -- Up-to-date symlink: /home/ubuntu/microros_ws/install/geometry_msgs/share/geometry_msgs/msg/Wrench.idl
[12.525s] -- Up-to-date symlink: /home/ubuntu/microros_ws/install/geometry_msgs/share/geometry_msgs/msg/WrenchStamped.idl
[12.526s] -- Up-to-date symlink: /home/ubuntu/microros_ws/install/geometry_msgs/share/geometry_msgs/msg/Accel.msg
[12.526s] -- Up-to-date symlink: /home/ubuntu/microros_ws/install/geometry_msgs/share/geometry_msgs/msg/AccelStamped.msg
[12.526s] -- Up-to-date symlink: /home/ubuntu/microros_ws/install/geometry_msgs/share/geometry_msgs/msg/AccelWithCovariance.msg
[12.527s] -- Up-to-date symlink: /home/ubuntu/microros_ws/install/geometry_msgs/share/geometry_msgs/msg/AccelWithCovarianceStamped.msg
[12.527s] -- Up-to-date symlink: /home/ubuntu/microros_ws/install/geometry_msgs/share/geometry_msgs/msg/Inertia.msg
[12.528s] -- Up-to-date symlink: /home/ubuntu/microros_ws/install/geometry_msgs/share/geometry_msgs/msg/InertiaStamped.msg
[12.529s] -- Up-to-date symlink: /home/ubuntu/microros_ws/install/geometry_msgs/share/geometry_msgs/msg/Point.msg
[12.531s] -- Up-to-date symlink: /home/ubuntu/microros_ws/install/geometry_msgs/share/geometry_msgs/msg/Point32.msg
[12.532s] -- Up-to-date symlink: /home/ubuntu/microros_ws/install/geometry_msgs/share/geometry_msgs/msg/PointStamped.msg
[12.532s] -- Up-to-date symlink: /home/ubuntu/microros_ws/install/geometry_msgs/share/geometry_msgs/msg/Polygon.msg
[12.533s] -- Up-to-date symlink: /home/ubuntu/microros_ws/install/geometry_msgs/share/geometry_msgs/msg/PolygonStamped.msg
[12.533s] -- Up-to-date symlink: /home/ubuntu/microros_ws/install/geometry_msgs/share/geometry_msgs/msg/Pose.msg
[12.534s] -- Up-to-date symlink: /home/ubuntu/microros_ws/install/geometry_msgs/share/geometry_msgs/msg/Pose2D.msg
[12.535s] -- Up-to-date symlink: /home/ubuntu/microros_ws/install/geometry_msgs/share/geometry_msgs/msg/PoseArray.msg
[12.535s] -- Up-to-date symlink: /home/ubuntu/microros_ws/install/geometry_msgs/share/geometry_msgs/msg/PoseStamped.msg
[12.536s] -- Up-to-date symlink: /home/ubuntu/microros_ws/install/geometry_msgs/share/geometry_msgs/msg/PoseWithCovariance.msg
[12.543s] -- Up-to-date symlink: /home/ubuntu/microros_ws/install/geometry_msgs/share/geometry_msgs/msg/PoseWithCovarianceStamped.msg
[12.544s] -- Up-to-date symlink: /home/ubuntu/microros_ws/install/geometry_msgs/share/geometry_msgs/msg/Quaternion.msg
[12.545s] -- Up-to-date symlink: /home/ubuntu/microros_ws/install/geometry_msgs/share/geometry_msgs/msg/QuaternionStamped.msg
[12.545s] -- Up-to-date symlink: /home/ubuntu/microros_ws/install/geometry_msgs/share/geometry_msgs/msg/Transform.msg
[12.546s] -- Up-to-date symlink: /home/ubuntu/microros_ws/install/geometry_msgs/share/geometry_msgs/msg/TransformStamped.msg
[12.547s] -- Up-to-date symlink: /home/ubuntu/microros_ws/install/geometry_msgs/share/geometry_msgs/msg/Twist.msg
[12.548s] -- Up-to-date symlink: /home/ubuntu/microros_ws/install/geometry_msgs/share/geometry_msgs/msg/TwistStamped.msg
[12.548s] -- Up-to-date symlink: /home/ubuntu/microros_ws/install/geometry_msgs/share/geometry_msgs/msg/TwistWithCovariance.msg
[12.549s] -- Up-to-date symlink: /home/ubuntu/microros_ws/install/geometry_msgs/share/geometry_msgs/msg/TwistWithCovarianceStamped.msg
[12.549s] -- Up-to-date symlink: /home/ubuntu/microros_ws/install/geometry_msgs/share/geometry_msgs/msg/Vector3.msg
[12.550s] -- Up-to-date symlink: /home/ubuntu/microros_ws/install/geometry_msgs/share/geometry_msgs/msg/Vector3Stamped.msg
[12.551s] -- Up-to-date symlink: /home/ubuntu/microros_ws/install/geometry_msgs/share/geometry_msgs/msg/VelocityStamped.msg
[12.551s] -- Up-to-date symlink: /home/ubuntu/microros_ws/install/geometry_msgs/share/geometry_msgs/msg/Wrench.msg
[12.552s] -- Up-to-date symlink: /home/ubuntu/microros_ws/install/geometry_msgs/share/geometry_msgs/msg/WrenchStamped.msg
[12.553s] -- Up-to-date symlink: /home/ubuntu/microros_ws/install/geometry_msgs/share/ament_index/resource_index/package_run_dependencies/geometry_msgs
[12.553s] -- Up-to-date symlink: /home/ubuntu/microros_ws/install/geometry_msgs/share/ament_index/resource_index/parent_prefix_path/geometry_msgs
[12.554s] -- Up-to-date symlink: /home/ubuntu/microros_ws/install/geometry_msgs/share/geometry_msgs/environment/ament_prefix_path.sh
[12.555s] -- Up-to-date symlink: /home/ubuntu/microros_ws/install/geometry_msgs/share/geometry_msgs/environment/ament_prefix_path.dsv
[12.555s] -- Up-to-date symlink: /home/ubuntu/microros_ws/install/geometry_msgs/share/geometry_msgs/environment/path.sh
[12.556s] -- Up-to-date symlink: /home/ubuntu/microros_ws/install/geometry_msgs/share/geometry_msgs/environment/path.dsv
[12.557s] -- Up-to-date symlink: /home/ubuntu/microros_ws/install/geometry_msgs/share/geometry_msgs/local_setup.bash
[12.557s] -- Up-to-date symlink: /home/ubuntu/microros_ws/install/geometry_msgs/share/geometry_msgs/local_setup.sh
[12.558s] -- Up-to-date symlink: /home/ubuntu/microros_ws/install/geometry_msgs/share/geometry_msgs/local_setup.zsh
[12.559s] -- Up-to-date symlink: /home/ubuntu/microros_ws/install/geometry_msgs/share/geometry_msgs/local_setup.dsv
[12.559s] -- Symlinking: /home/ubuntu/microros_ws/install/geometry_msgs/share/geometry_msgs/package.dsv
[12.565s] -- Up-to-date symlink: /home/ubuntu/microros_ws/install/geometry_msgs/share/ament_index/resource_index/packages/geometry_msgs
[12.565s] -- Up-to-date symlink: /home/ubuntu/microros_ws/install/geometry_msgs/share/geometry_msgs/cmake/rosidl_cmake-extras.cmake
[12.566s] -- Up-to-date symlink: /home/ubuntu/microros_ws/install/geometry_msgs/share/geometry_msgs/cmake/ament_cmake_export_dependencies-extras.cmake
[12.566s] -- Up-to-date symlink: /home/ubuntu/microros_ws/install/geometry_msgs/share/geometry_msgs/cmake/ament_cmake_export_include_directories-extras.cmake
[12.567s] -- Up-to-date symlink: /home/ubuntu/microros_ws/install/geometry_msgs/share/geometry_msgs/cmake/ament_cmake_export_libraries-extras.cmake
[12.567s] -- Up-to-date symlink: /home/ubuntu/microros_ws/install/geometry_msgs/share/geometry_msgs/cmake/ament_cmake_export_targets-extras.cmake
[12.568s] -- Up-to-date symlink: /home/ubuntu/microros_ws/install/geometry_msgs/share/geometry_msgs/cmake/rosidl_cmake_export_typesupport_targets-extras.cmake
[12.568s] -- Up-to-date symlink: /home/ubuntu/microros_ws/install/geometry_msgs/share/geometry_msgs/cmake/rosidl_cmake_export_typesupport_libraries-extras.cmake
[12.569s] -- Up-to-date symlink: /home/ubuntu/microros_ws/install/geometry_msgs/share/geometry_msgs/cmake/geometry_msgsConfig.cmake
[12.569s] -- Up-to-date symlink: /home/ubuntu/microros_ws/install/geometry_msgs/share/geometry_msgs/cmake/geometry_msgsConfig-version.cmake
[12.570s] -- Up-to-date symlink: /home/ubuntu/microros_ws/install/geometry_msgs/share/geometry_msgs/package.xml
[12.570s] -- Up-to-date: /home/ubuntu/microros_ws/install/geometry_msgs/lib/libgeometry_msgs__rosidl_generator_c.so
[12.570s] -- Up-to-date: /home/ubuntu/microros_ws/install/geometry_msgs/lib/libgeometry_msgs__rosidl_typesupport_fastrtps_c.so
[12.571s] -- Up-to-date: /home/ubuntu/microros_ws/install/geometry_msgs/lib/libgeometry_msgs__rosidl_typesupport_introspection_c.so
[12.571s] -- Up-to-date: /home/ubuntu/microros_ws/install/geometry_msgs/lib/libgeometry_msgs__rosidl_typesupport_c.so
[12.572s] -- Up-to-date: /home/ubuntu/microros_ws/install/geometry_msgs/lib/libgeometry_msgs__rosidl_typesupport_fastrtps_cpp.so
[12.572s] -- Up-to-date: /home/ubuntu/microros_ws/install/geometry_msgs/lib/libgeometry_msgs__rosidl_typesupport_introspection_cpp.so
[12.572s] -- Up-to-date: /home/ubuntu/microros_ws/install/geometry_msgs/lib/libgeometry_msgs__rosidl_typesupport_cpp.so
[12.774s] Listing '/home/ubuntu/microros_ws/install/geometry_msgs/local/lib/python3.10/dist-packages/geometry_msgs'...
[12.775s] Listing '/home/ubuntu/microros_ws/install/geometry_msgs/local/lib/python3.10/dist-packages/geometry_msgs/msg'...
[12.825s] -- Up-to-date: /home/ubuntu/microros_ws/install/geometry_msgs/lib/libgeometry_msgs__rosidl_generator_py.so
[12.827s] -- Up-to-date: /home/ubuntu/microros_ws/install/geometry_msgs/share/geometry_msgs/cmake/export_geometry_msgs__rosidl_generator_cExport.cmake
[12.828s] -- Up-to-date: /home/ubuntu/microros_ws/install/geometry_msgs/share/geometry_msgs/cmake/export_geometry_msgs__rosidl_generator_cExport-noconfig.cmake
[12.829s] -- Up-to-date: /home/ubuntu/microros_ws/install/geometry_msgs/share/geometry_msgs/cmake/export_geometry_msgs__rosidl_typesupport_fastrtps_cExport.cmake
[12.830s] -- Up-to-date: /home/ubuntu/microros_ws/install/geometry_msgs/share/geometry_msgs/cmake/export_geometry_msgs__rosidl_typesupport_fastrtps_cExport-noconfig.cmake
[12.831s] -- Up-to-date: /home/ubuntu/microros_ws/install/geometry_msgs/share/geometry_msgs/cmake/geometry_msgs__rosidl_typesupport_introspection_cExport.cmake
[12.832s] -- Up-to-date: /home/ubuntu/microros_ws/install/geometry_msgs/share/geometry_msgs/cmake/geometry_msgs__rosidl_typesupport_introspection_cExport-noconfig.cmake
[12.833s] -- Up-to-date: /home/ubuntu/microros_ws/install/geometry_msgs/share/geometry_msgs/cmake/geometry_msgs__rosidl_typesupport_cExport.cmake
[12.833s] -- Up-to-date: /home/ubuntu/microros_ws/install/geometry_msgs/share/geometry_msgs/cmake/geometry_msgs__rosidl_typesupport_cExport-noconfig.cmake
[12.834s] -- Up-to-date: /home/ubuntu/microros_ws/install/geometry_msgs/share/geometry_msgs/cmake/export_geometry_msgs__rosidl_generator_cppExport.cmake
[12.836s] -- Up-to-date: /home/ubuntu/microros_ws/install/geometry_msgs/share/geometry_msgs/cmake/export_geometry_msgs__rosidl_typesupport_fastrtps_cppExport.cmake
[12.838s] -- Up-to-date: /home/ubuntu/microros_ws/install/geometry_msgs/share/geometry_msgs/cmake/export_geometry_msgs__rosidl_typesupport_fastrtps_cppExport-noconfig.cmake
[12.841s] -- Up-to-date: /home/ubuntu/microros_ws/install/geometry_msgs/share/geometry_msgs/cmake/geometry_msgs__rosidl_typesupport_introspection_cppExport.cmake
[12.843s] -- Up-to-date: /home/ubuntu/microros_ws/install/geometry_msgs/share/geometry_msgs/cmake/geometry_msgs__rosidl_typesupport_introspection_cppExport-noconfig.cmake
[12.846s] -- Up-to-date: /home/ubuntu/microros_ws/install/geometry_msgs/share/geometry_msgs/cmake/geometry_msgs__rosidl_typesupport_cppExport.cmake
[12.848s] -- Up-to-date: /home/ubuntu/microros_ws/install/geometry_msgs/share/geometry_msgs/cmake/geometry_msgs__rosidl_typesupport_cppExport-noconfig.cmake
[12.851s] -- Up-to-date: /home/ubuntu/microros_ws/install/geometry_msgs/share/geometry_msgs/cmake/export_geometry_msgs__rosidl_generator_pyExport.cmake
[12.853s] -- Up-to-date: /home/ubuntu/microros_ws/install/geometry_msgs/share/geometry_msgs/cmake/export_geometry_msgs__rosidl_generator_pyExport-noconfig.cmake
[12.875s] Invoked command in '/home/ubuntu/microros_ws/build/geometry_msgs' returned '0': AMENT_PREFIX_PATH=/home/ubuntu/microros_ws/install/std_msgs:/home/ubuntu/microros_ws/install/builtin_interfaces:${AMENT_PREFIX_PATH} CMAKE_PREFIX_PATH=/home/ubuntu/microros_ws/install/std_msgs:/home/ubuntu/microros_ws/install/builtin_interfaces:/opt/ros/humble LD_LIBRARY_PATH=/home/ubuntu/microros_ws/install/std_msgs/lib:/home/ubuntu/microros_ws/install/builtin_interfaces/lib:${LD_LIBRARY_PATH} PYTHONPATH=/home/ubuntu/microros_ws/install/std_msgs/local/lib/python3.10/dist-packages:/home/ubuntu/microros_ws/install/builtin_interfaces/local/lib/python3.10/dist-packages:${PYTHONPATH} /usr/bin/cmake --install /home/ubuntu/microros_ws/build/geometry_msgs
