gmake: Warning: File 'Makefile' has modification time 18359872 s in the future
gmake[1]: Warning: File 'CMakeFiles/Makefile2' has modification time 18359872 s in the future
gmake[2]: Warning: File 'CMakeFiles/visualization_msgs__cpp.dir/progress.make' has modification time 18359872 s in the future
gmake[2]: warning:  Clock skew detected.  Your build may be incomplete.
gmake[2]: Warning: File 'CMakeFiles/visualization_msgs__cpp.dir/progress.make' has modification time 18359872 s in the future
gmake[2]: warning:  Clock skew detected.  Your build may be incomplete.
[  0%] Built target visualization_msgs__cpp
gmake[2]: Warning: File 'CMakeFiles/ament_cmake_python_symlink_visualization_msgs.dir/progress.make' has modification time 18359871 s in the future
gmake[2]: warning:  Clock skew detected.  Your build may be incomplete.
gmake[2]: Warning: File 'CMakeFiles/ament_cmake_python_symlink_visualization_msgs.dir/progress.make' has modification time 18359871 s in the future
gmake[2]: warning:  Clock skew detected.  Your build may be incomplete.
[  0%] Built target ament_cmake_python_symlink_visualization_msgs
gmake[2]: Warning: File 'CMakeFiles/visualization_msgs__rosidl_typesupport_fastrtps_cpp.dir/flags.make' has modification time 18359870 s in the future
[35m[1mConsolidate compiler generated dependencies of target visualization_msgs__rosidl_typesupport_fastrtps_cpp[0m
gmake[2]: warning:  Clock skew detected.  Your build may be incomplete.
gmake[2]: Warning: File 'CMakeFiles/visualization_msgs__rosidl_typesupport_fastrtps_cpp.dir/flags.make' has modification time 18359870 s in the future
gmake[2]: warning:  Clock skew detected.  Your build may be incomplete.
[  9%] Built target visualization_msgs__rosidl_typesupport_fastrtps_cpp
gmake[2]: Warning: File 'CMakeFiles/visualization_msgs__rosidl_typesupport_microxrcedds_cpp.dir/flags.make' has modification time 18359870 s in the future
[35m[1mConsolidate compiler generated dependencies of target visualization_msgs__rosidl_typesupport_microxrcedds_cpp[0m
gmake[2]: warning:  Clock skew detected.  Your build may be incomplete.
gmake[2]: Warning: File 'CMakeFiles/visualization_msgs__rosidl_typesupport_microxrcedds_cpp.dir/flags.make' has modification time 18359870 s in the future
gmake[2]: warning:  Clock skew detected.  Your build may be incomplete.
[ 19%] Built target visualization_msgs__rosidl_typesupport_microxrcedds_cpp
gmake[2]: Warning: File 'CMakeFiles/visualization_msgs__rosidl_typesupport_introspection_cpp.dir/flags.make' has modification time 18359870 s in the future
[35m[1mConsolidate compiler generated dependencies of target visualization_msgs__rosidl_typesupport_introspection_cpp[0m
gmake[2]: warning:  Clock skew detected.  Your build may be incomplete.
gmake[2]: Warning: File 'CMakeFiles/visualization_msgs__rosidl_typesupport_introspection_cpp.dir/flags.make' has modification time 18359869 s in the future
gmake[2]: warning:  Clock skew detected.  Your build may be incomplete.
[ 28%] Built target visualization_msgs__rosidl_typesupport_introspection_cpp
gmake[2]: Warning: File 'CMakeFiles/ament_cmake_python_build_visualization_msgs_egg.dir/progress.make' has modification time 18359869 s in the future
gmake[2]: warning:  Clock skew detected.  Your build may be incomplete.
gmake[2]: Warning: File 'CMakeFiles/ament_cmake_python_build_visualization_msgs_egg.dir/progress.make' has modification time 18359869 s in the future
running egg_info
writing visualization_msgs.egg-info/PKG-INFO
writing dependency_links to visualization_msgs.egg-info/dependency_links.txt
writing top-level names to visualization_msgs.egg-info/top_level.txt
reading manifest file 'visualization_msgs.egg-info/SOURCES.txt'
writing manifest file 'visualization_msgs.egg-info/SOURCES.txt'
gmake[2]: warning:  Clock skew detected.  Your build may be incomplete.
[ 28%] Built target ament_cmake_python_build_visualization_msgs_egg
gmake[2]: Warning: File 'CMakeFiles/visualization_msgs__rosidl_typesupport_cpp.dir/flags.make' has modification time 18359865 s in the future
[35m[1mConsolidate compiler generated dependencies of target visualization_msgs__rosidl_typesupport_cpp[0m
gmake[2]: warning:  Clock skew detected.  Your build may be incomplete.
gmake[2]: Warning: File 'CMakeFiles/visualization_msgs__rosidl_typesupport_cpp.dir/flags.make' has modification time 18359865 s in the future
gmake[2]: warning:  Clock skew detected.  Your build may be incomplete.
[ 37%] Built target visualization_msgs__rosidl_typesupport_cpp
gmake[2]: Warning: File 'CMakeFiles/visualization_msgs__rosidl_generator_c.dir/flags.make' has modification time 18359864 s in the future
[35m[1mConsolidate compiler generated dependencies of target visualization_msgs__rosidl_generator_c[0m
gmake[2]: warning:  Clock skew detected.  Your build may be incomplete.
gmake[2]: Warning: File 'CMakeFiles/visualization_msgs__rosidl_generator_c.dir/flags.make' has modification time 18359864 s in the future
gmake[2]: warning:  Clock skew detected.  Your build may be incomplete.
[ 46%] Built target visualization_msgs__rosidl_generator_c
gmake[2]: Warning: File 'CMakeFiles/visualization_msgs__rosidl_typesupport_fastrtps_c.dir/flags.make' has modification time 18359864 s in the future
[35m[1mConsolidate compiler generated dependencies of target visualization_msgs__rosidl_typesupport_fastrtps_c[0m
gmake[2]: warning:  Clock skew detected.  Your build may be incomplete.
gmake[2]: Warning: File 'CMakeFiles/visualization_msgs__rosidl_typesupport_fastrtps_c.dir/flags.make' has modification time 18359863 s in the future
gmake[2]: warning:  Clock skew detected.  Your build may be incomplete.
[ 56%] Built target visualization_msgs__rosidl_typesupport_fastrtps_c
gmake[2]: Warning: File 'CMakeFiles/visualization_msgs__rosidl_typesupport_c.dir/flags.make' has modification time 18359863 s in the future
[35m[1mConsolidate compiler generated dependencies of target visualization_msgs__rosidl_typesupport_c[0m
gmake[2]: warning:  Clock skew detected.  Your build may be incomplete.
gmake[2]: Warning: File 'CMakeFiles/visualization_msgs__rosidl_typesupport_c.dir/flags.make' has modification time 18359863 s in the future
gmake[2]: warning:  Clock skew detected.  Your build may be incomplete.
[ 65%] Built target visualization_msgs__rosidl_typesupport_c
gmake[2]: Warning: File 'CMakeFiles/visualization_msgs__rosidl_typesupport_introspection_c.dir/flags.make' has modification time 18359863 s in the future
[35m[1mConsolidate compiler generated dependencies of target visualization_msgs__rosidl_typesupport_introspection_c[0m
gmake[2]: warning:  Clock skew detected.  Your build may be incomplete.
gmake[2]: Warning: File 'CMakeFiles/visualization_msgs__rosidl_typesupport_introspection_c.dir/flags.make' has modification time 18359863 s in the future
gmake[2]: warning:  Clock skew detected.  Your build may be incomplete.
[ 75%] Built target visualization_msgs__rosidl_typesupport_introspection_c
gmake[2]: Warning: File 'CMakeFiles/visualization_msgs__rosidl_typesupport_microxrcedds_c.dir/flags.make' has modification time 18359862 s in the future
[35m[1mConsolidate compiler generated dependencies of target visualization_msgs__rosidl_typesupport_microxrcedds_c[0m
gmake[2]: warning:  Clock skew detected.  Your build may be incomplete.
gmake[2]: Warning: File 'CMakeFiles/visualization_msgs__rosidl_typesupport_microxrcedds_c.dir/flags.make' has modification time 18359862 s in the future
gmake[2]: warning:  Clock skew detected.  Your build may be incomplete.
[ 85%] Built target visualization_msgs__rosidl_typesupport_microxrcedds_c
gmake[2]: Warning: File 'CMakeFiles/visualization_msgs.dir/progress.make' has modification time 18359862 s in the future
gmake[2]: warning:  Clock skew detected.  Your build may be incomplete.
gmake[2]: Warning: File 'CMakeFiles/visualization_msgs.dir/progress.make' has modification time 18359862 s in the future
gmake[2]: warning:  Clock skew detected.  Your build may be incomplete.
[ 85%] Built target visualization_msgs
gmake[2]: Warning: File 'visualization_msgs__py/CMakeFiles/visualization_msgs__py.dir/progress.make' has modification time 18359862 s in the future
gmake[2]: warning:  Clock skew detected.  Your build may be incomplete.
gmake[2]: Warning: File 'visualization_msgs__py/CMakeFiles/visualization_msgs__py.dir/progress.make' has modification time 18359862 s in the future
gmake[2]: warning:  Clock skew detected.  Your build may be incomplete.
[ 86%] Built target visualization_msgs__py
gmake[2]: Warning: File 'CMakeFiles/visualization_msgs__rosidl_generator_py.dir/flags.make' has modification time 18359861 s in the future
[35m[1mConsolidate compiler generated dependencies of target visualization_msgs__rosidl_generator_py[0m
gmake[2]: warning:  Clock skew detected.  Your build may be incomplete.
gmake[2]: Warning: File 'CMakeFiles/visualization_msgs__rosidl_generator_py.dir/flags.make' has modification time 18359861 s in the future
gmake[2]: warning:  Clock skew detected.  Your build may be incomplete.
[ 95%] Built target visualization_msgs__rosidl_generator_py
gmake[2]: Warning: File 'CMakeFiles/visualization_msgs__rosidl_typesupport_microxrcedds_c__pyext.dir/flags.make' has modification time 18359861 s in the future
[35m[1mConsolidate compiler generated dependencies of target visualization_msgs__rosidl_typesupport_microxrcedds_c__pyext[0m
gmake[2]: warning:  Clock skew detected.  Your build may be incomplete.
gmake[2]: Warning: File 'CMakeFiles/visualization_msgs__rosidl_typesupport_microxrcedds_c__pyext.dir/flags.make' has modification time 18359861 s in the future
gmake[2]: warning:  Clock skew detected.  Your build may be incomplete.
[ 96%] Built target visualization_msgs__rosidl_typesupport_microxrcedds_c__pyext
gmake[2]: Warning: File 'CMakeFiles/visualization_msgs__rosidl_typesupport_c__pyext.dir/flags.make' has modification time 18359860 s in the future
[35m[1mConsolidate compiler generated dependencies of target visualization_msgs__rosidl_typesupport_c__pyext[0m
gmake[2]: warning:  Clock skew detected.  Your build may be incomplete.
gmake[2]: Warning: File 'CMakeFiles/visualization_msgs__rosidl_typesupport_c__pyext.dir/flags.make' has modification time 18359860 s in the future
gmake[2]: warning:  Clock skew detected.  Your build may be incomplete.
[ 98%] Built target visualization_msgs__rosidl_typesupport_c__pyext
gmake[2]: Warning: File 'CMakeFiles/visualization_msgs__rosidl_typesupport_introspection_c__pyext.dir/flags.make' has modification time 18359860 s in the future
[35m[1mConsolidate compiler generated dependencies of target visualization_msgs__rosidl_typesupport_introspection_c__pyext[0m
gmake[2]: warning:  Clock skew detected.  Your build may be incomplete.
gmake[2]: Warning: File 'CMakeFiles/visualization_msgs__rosidl_typesupport_introspection_c__pyext.dir/flags.make' has modification time 18359860 s in the future
gmake[2]: warning:  Clock skew detected.  Your build may be incomplete.
[ 99%] Built target visualization_msgs__rosidl_typesupport_introspection_c__pyext
gmake[2]: Warning: File 'CMakeFiles/visualization_msgs__rosidl_typesupport_fastrtps_c__pyext.dir/flags.make' has modification time 18359859 s in the future
[35m[1mConsolidate compiler generated dependencies of target visualization_msgs__rosidl_typesupport_fastrtps_c__pyext[0m
gmake[2]: warning:  Clock skew detected.  Your build may be incomplete.
gmake[2]: Warning: File 'CMakeFiles/visualization_msgs__rosidl_typesupport_fastrtps_c__pyext.dir/flags.make' has modification time 18359859 s in the future
gmake[2]: warning:  Clock skew detected.  Your build may be incomplete.
[100%] Built target visualization_msgs__rosidl_typesupport_fastrtps_c__pyext
gmake[1]: warning:  Clock skew detected.  Your build may be incomplete.
gmake: warning:  Clock skew detected.  Your build may be incomplete.
-- Install configuration: "Release"
-- Execute custom install script
-- Up-to-date symlink: /home/ubuntu/microros_ws/install/visualization_msgs/share/ament_index/resource_index/rosidl_interfaces/visualization_msgs
-- Up-to-date symlink: /home/ubuntu/microros_ws/install/visualization_msgs/include/visualization_msgs/visualization_msgs/msg/detail/image_marker__functions.h
-- Up-to-date symlink: /home/ubuntu/microros_ws/install/visualization_msgs/include/visualization_msgs/visualization_msgs/msg/detail/image_marker__struct.h
-- Up-to-date symlink: /home/ubuntu/microros_ws/install/visualization_msgs/include/visualization_msgs/visualization_msgs/msg/detail/image_marker__type_support.h
-- Up-to-date symlink: /home/ubuntu/microros_ws/install/visualization_msgs/include/visualization_msgs/visualization_msgs/msg/detail/interactive_marker__functions.h
-- Up-to-date symlink: /home/ubuntu/microros_ws/install/visualization_msgs/include/visualization_msgs/visualization_msgs/msg/detail/interactive_marker__struct.h
-- Up-to-date symlink: /home/ubuntu/microros_ws/install/visualization_msgs/include/visualization_msgs/visualization_msgs/msg/detail/interactive_marker__type_support.h
-- Up-to-date symlink: /home/ubuntu/microros_ws/install/visualization_msgs/include/visualization_msgs/visualization_msgs/msg/detail/interactive_marker_control__functions.h
-- Up-to-date symlink: /home/ubuntu/microros_ws/install/visualization_msgs/include/visualization_msgs/visualization_msgs/msg/detail/interactive_marker_control__struct.h
-- Up-to-date symlink: /home/ubuntu/microros_ws/install/visualization_msgs/include/visualization_msgs/visualization_msgs/msg/detail/interactive_marker_control__type_support.h
-- Up-to-date symlink: /home/ubuntu/microros_ws/install/visualization_msgs/include/visualization_msgs/visualization_msgs/msg/detail/interactive_marker_feedback__functions.h
-- Up-to-date symlink: /home/ubuntu/microros_ws/install/visualization_msgs/include/visualization_msgs/visualization_msgs/msg/detail/interactive_marker_feedback__struct.h
-- Up-to-date symlink: /home/ubuntu/microros_ws/install/visualization_msgs/include/visualization_msgs/visualization_msgs/msg/detail/interactive_marker_feedback__type_support.h
-- Up-to-date symlink: /home/ubuntu/microros_ws/install/visualization_msgs/include/visualization_msgs/visualization_msgs/msg/detail/interactive_marker_init__functions.h
-- Up-to-date symlink: /home/ubuntu/microros_ws/install/visualization_msgs/include/visualization_msgs/visualization_msgs/msg/detail/interactive_marker_init__struct.h
-- Up-to-date symlink: /home/ubuntu/microros_ws/install/visualization_msgs/include/visualization_msgs/visualization_msgs/msg/detail/interactive_marker_init__type_support.h
-- Up-to-date symlink: /home/ubuntu/microros_ws/install/visualization_msgs/include/visualization_msgs/visualization_msgs/msg/detail/interactive_marker_pose__functions.h
-- Up-to-date symlink: /home/ubuntu/microros_ws/install/visualization_msgs/include/visualization_msgs/visualization_msgs/msg/detail/interactive_marker_pose__struct.h
-- Up-to-date symlink: /home/ubuntu/microros_ws/install/visualization_msgs/include/visualization_msgs/visualization_msgs/msg/detail/interactive_marker_pose__type_support.h
-- Up-to-date symlink: /home/ubuntu/microros_ws/install/visualization_msgs/include/visualization_msgs/visualization_msgs/msg/detail/interactive_marker_update__functions.h
-- Up-to-date symlink: /home/ubuntu/microros_ws/install/visualization_msgs/include/visualization_msgs/visualization_msgs/msg/detail/interactive_marker_update__struct.h
-- Up-to-date symlink: /home/ubuntu/microros_ws/install/visualization_msgs/include/visualization_msgs/visualization_msgs/msg/detail/interactive_marker_update__type_support.h
-- Up-to-date symlink: /home/ubuntu/microros_ws/install/visualization_msgs/include/visualization_msgs/visualization_msgs/msg/detail/marker__functions.h
-- Up-to-date symlink: /home/ubuntu/microros_ws/install/visualization_msgs/include/visualization_msgs/visualization_msgs/msg/detail/marker__struct.h
-- Up-to-date symlink: /home/ubuntu/microros_ws/install/visualization_msgs/include/visualization_msgs/visualization_msgs/msg/detail/marker__type_support.h
-- Up-to-date symlink: /home/ubuntu/microros_ws/install/visualization_msgs/include/visualization_msgs/visualization_msgs/msg/detail/marker_array__functions.h
-- Up-to-date symlink: /home/ubuntu/microros_ws/install/visualization_msgs/include/visualization_msgs/visualization_msgs/msg/detail/marker_array__struct.h
-- Up-to-date symlink: /home/ubuntu/microros_ws/install/visualization_msgs/include/visualization_msgs/visualization_msgs/msg/detail/marker_array__type_support.h
-- Up-to-date symlink: /home/ubuntu/microros_ws/install/visualization_msgs/include/visualization_msgs/visualization_msgs/msg/detail/menu_entry__functions.h
-- Up-to-date symlink: /home/ubuntu/microros_ws/install/visualization_msgs/include/visualization_msgs/visualization_msgs/msg/detail/menu_entry__struct.h
-- Up-to-date symlink: /home/ubuntu/microros_ws/install/visualization_msgs/include/visualization_msgs/visualization_msgs/msg/detail/menu_entry__type_support.h
-- Up-to-date symlink: /home/ubuntu/microros_ws/install/visualization_msgs/include/visualization_msgs/visualization_msgs/msg/detail/mesh_file__functions.h
-- Up-to-date symlink: /home/ubuntu/microros_ws/install/visualization_msgs/include/visualization_msgs/visualization_msgs/msg/detail/mesh_file__struct.h
-- Up-to-date symlink: /home/ubuntu/microros_ws/install/visualization_msgs/include/visualization_msgs/visualization_msgs/msg/detail/mesh_file__type_support.h
-- Up-to-date symlink: /home/ubuntu/microros_ws/install/visualization_msgs/include/visualization_msgs/visualization_msgs/msg/detail/uv_coordinate__functions.h
-- Up-to-date symlink: /home/ubuntu/microros_ws/install/visualization_msgs/include/visualization_msgs/visualization_msgs/msg/detail/uv_coordinate__struct.h
-- Up-to-date symlink: /home/ubuntu/microros_ws/install/visualization_msgs/include/visualization_msgs/visualization_msgs/msg/detail/uv_coordinate__type_support.h
-- Up-to-date symlink: /home/ubuntu/microros_ws/install/visualization_msgs/include/visualization_msgs/visualization_msgs/msg/image_marker.h
-- Up-to-date symlink: /home/ubuntu/microros_ws/install/visualization_msgs/include/visualization_msgs/visualization_msgs/msg/interactive_marker.h
-- Up-to-date symlink: /home/ubuntu/microros_ws/install/visualization_msgs/include/visualization_msgs/visualization_msgs/msg/interactive_marker_control.h
-- Up-to-date symlink: /home/ubuntu/microros_ws/install/visualization_msgs/include/visualization_msgs/visualization_msgs/msg/interactive_marker_feedback.h
-- Up-to-date symlink: /home/ubuntu/microros_ws/install/visualization_msgs/include/visualization_msgs/visualization_msgs/msg/interactive_marker_init.h
-- Up-to-date symlink: /home/ubuntu/microros_ws/install/visualization_msgs/include/visualization_msgs/visualization_msgs/msg/interactive_marker_pose.h
-- Up-to-date symlink: /home/ubuntu/microros_ws/install/visualization_msgs/include/visualization_msgs/visualization_msgs/msg/interactive_marker_update.h
-- Up-to-date symlink: /home/ubuntu/microros_ws/install/visualization_msgs/include/visualization_msgs/visualization_msgs/msg/marker.h
-- Up-to-date symlink: /home/ubuntu/microros_ws/install/visualization_msgs/include/visualization_msgs/visualization_msgs/msg/marker_array.h
-- Up-to-date symlink: /home/ubuntu/microros_ws/install/visualization_msgs/include/visualization_msgs/visualization_msgs/msg/menu_entry.h
-- Up-to-date symlink: /home/ubuntu/microros_ws/install/visualization_msgs/include/visualization_msgs/visualization_msgs/msg/mesh_file.h
-- Up-to-date symlink: /home/ubuntu/microros_ws/install/visualization_msgs/include/visualization_msgs/visualization_msgs/msg/rosidl_generator_c__visibility_control.h
-- Up-to-date symlink: /home/ubuntu/microros_ws/install/visualization_msgs/include/visualization_msgs/visualization_msgs/msg/uv_coordinate.h
-- Up-to-date symlink: /home/ubuntu/microros_ws/install/visualization_msgs/include/visualization_msgs/visualization_msgs/srv/detail/get_interactive_markers__functions.h
-- Up-to-date symlink: /home/ubuntu/microros_ws/install/visualization_msgs/include/visualization_msgs/visualization_msgs/srv/detail/get_interactive_markers__struct.h
-- Up-to-date symlink: /home/ubuntu/microros_ws/install/visualization_msgs/include/visualization_msgs/visualization_msgs/srv/detail/get_interactive_markers__type_support.h
-- Up-to-date symlink: /home/ubuntu/microros_ws/install/visualization_msgs/include/visualization_msgs/visualization_msgs/srv/get_interactive_markers.h
-- Up-to-date symlink: /home/ubuntu/microros_ws/install/visualization_msgs/share/visualization_msgs/environment/library_path.sh
-- Up-to-date symlink: /home/ubuntu/microros_ws/install/visualization_msgs/share/visualization_msgs/environment/library_path.dsv
-- Up-to-date symlink: /home/ubuntu/microros_ws/install/visualization_msgs/include/visualization_msgs/visualization_msgs/msg/detail/image_marker__rosidl_typesupport_fastrtps_c.h
-- Up-to-date symlink: /home/ubuntu/microros_ws/install/visualization_msgs/include/visualization_msgs/visualization_msgs/msg/detail/interactive_marker__rosidl_typesupport_fastrtps_c.h
-- Up-to-date symlink: /home/ubuntu/microros_ws/install/visualization_msgs/include/visualization_msgs/visualization_msgs/msg/detail/interactive_marker_control__rosidl_typesupport_fastrtps_c.h
-- Up-to-date symlink: /home/ubuntu/microros_ws/install/visualization_msgs/include/visualization_msgs/visualization_msgs/msg/detail/interactive_marker_feedback__rosidl_typesupport_fastrtps_c.h
-- Up-to-date symlink: /home/ubuntu/microros_ws/install/visualization_msgs/include/visualization_msgs/visualization_msgs/msg/detail/interactive_marker_init__rosidl_typesupport_fastrtps_c.h
-- Up-to-date symlink: /home/ubuntu/microros_ws/install/visualization_msgs/include/visualization_msgs/visualization_msgs/msg/detail/interactive_marker_pose__rosidl_typesupport_fastrtps_c.h
-- Up-to-date symlink: /home/ubuntu/microros_ws/install/visualization_msgs/include/visualization_msgs/visualization_msgs/msg/detail/interactive_marker_update__rosidl_typesupport_fastrtps_c.h
-- Up-to-date symlink: /home/ubuntu/microros_ws/install/visualization_msgs/include/visualization_msgs/visualization_msgs/msg/detail/marker__rosidl_typesupport_fastrtps_c.h
-- Up-to-date symlink: /home/ubuntu/microros_ws/install/visualization_msgs/include/visualization_msgs/visualization_msgs/msg/detail/marker_array__rosidl_typesupport_fastrtps_c.h
-- Up-to-date symlink: /home/ubuntu/microros_ws/install/visualization_msgs/include/visualization_msgs/visualization_msgs/msg/detail/menu_entry__rosidl_typesupport_fastrtps_c.h
-- Up-to-date symlink: /home/ubuntu/microros_ws/install/visualization_msgs/include/visualization_msgs/visualization_msgs/msg/detail/mesh_file__rosidl_typesupport_fastrtps_c.h
-- Up-to-date symlink: /home/ubuntu/microros_ws/install/visualization_msgs/include/visualization_msgs/visualization_msgs/msg/detail/uv_coordinate__rosidl_typesupport_fastrtps_c.h
-- Up-to-date symlink: /home/ubuntu/microros_ws/install/visualization_msgs/include/visualization_msgs/visualization_msgs/msg/rosidl_typesupport_fastrtps_c__visibility_control.h
-- Up-to-date symlink: /home/ubuntu/microros_ws/install/visualization_msgs/include/visualization_msgs/visualization_msgs/srv/detail/get_interactive_markers__rosidl_typesupport_fastrtps_c.h
-- Up-to-date symlink: /home/ubuntu/microros_ws/install/visualization_msgs/include/visualization_msgs/visualization_msgs/msg/detail/image_marker__builder.hpp
-- Up-to-date symlink: /home/ubuntu/microros_ws/install/visualization_msgs/include/visualization_msgs/visualization_msgs/msg/detail/image_marker__struct.hpp
-- Up-to-date symlink: /home/ubuntu/microros_ws/install/visualization_msgs/include/visualization_msgs/visualization_msgs/msg/detail/image_marker__traits.hpp
-- Up-to-date symlink: /home/ubuntu/microros_ws/install/visualization_msgs/include/visualization_msgs/visualization_msgs/msg/detail/interactive_marker__builder.hpp
-- Up-to-date symlink: /home/ubuntu/microros_ws/install/visualization_msgs/include/visualization_msgs/visualization_msgs/msg/detail/interactive_marker__struct.hpp
-- Up-to-date symlink: /home/ubuntu/microros_ws/install/visualization_msgs/include/visualization_msgs/visualization_msgs/msg/detail/interactive_marker__traits.hpp
-- Up-to-date symlink: /home/ubuntu/microros_ws/install/visualization_msgs/include/visualization_msgs/visualization_msgs/msg/detail/interactive_marker_control__builder.hpp
-- Up-to-date symlink: /home/ubuntu/microros_ws/install/visualization_msgs/include/visualization_msgs/visualization_msgs/msg/detail/interactive_marker_control__struct.hpp
-- Up-to-date symlink: /home/ubuntu/microros_ws/install/visualization_msgs/include/visualization_msgs/visualization_msgs/msg/detail/interactive_marker_control__traits.hpp
-- Up-to-date symlink: /home/ubuntu/microros_ws/install/visualization_msgs/include/visualization_msgs/visualization_msgs/msg/detail/interactive_marker_feedback__builder.hpp
-- Up-to-date symlink: /home/ubuntu/microros_ws/install/visualization_msgs/include/visualization_msgs/visualization_msgs/msg/detail/interactive_marker_feedback__struct.hpp
-- Up-to-date symlink: /home/ubuntu/microros_ws/install/visualization_msgs/include/visualization_msgs/visualization_msgs/msg/detail/interactive_marker_feedback__traits.hpp
-- Up-to-date symlink: /home/ubuntu/microros_ws/install/visualization_msgs/include/visualization_msgs/visualization_msgs/msg/detail/interactive_marker_init__builder.hpp
-- Up-to-date symlink: /home/ubuntu/microros_ws/install/visualization_msgs/include/visualization_msgs/visualization_msgs/msg/detail/interactive_marker_init__struct.hpp
-- Up-to-date symlink: /home/ubuntu/microros_ws/install/visualization_msgs/include/visualization_msgs/visualization_msgs/msg/detail/interactive_marker_init__traits.hpp
-- Up-to-date symlink: /home/ubuntu/microros_ws/install/visualization_msgs/include/visualization_msgs/visualization_msgs/msg/detail/interactive_marker_pose__builder.hpp
-- Up-to-date symlink: /home/ubuntu/microros_ws/install/visualization_msgs/include/visualization_msgs/visualization_msgs/msg/detail/interactive_marker_pose__struct.hpp
-- Up-to-date symlink: /home/ubuntu/microros_ws/install/visualization_msgs/include/visualization_msgs/visualization_msgs/msg/detail/interactive_marker_pose__traits.hpp
-- Up-to-date symlink: /home/ubuntu/microros_ws/install/visualization_msgs/include/visualization_msgs/visualization_msgs/msg/detail/interactive_marker_update__builder.hpp
-- Up-to-date symlink: /home/ubuntu/microros_ws/install/visualization_msgs/include/visualization_msgs/visualization_msgs/msg/detail/interactive_marker_update__struct.hpp
-- Up-to-date symlink: /home/ubuntu/microros_ws/install/visualization_msgs/include/visualization_msgs/visualization_msgs/msg/detail/interactive_marker_update__traits.hpp
-- Up-to-date symlink: /home/ubuntu/microros_ws/install/visualization_msgs/include/visualization_msgs/visualization_msgs/msg/detail/marker__builder.hpp
-- Up-to-date symlink: /home/ubuntu/microros_ws/install/visualization_msgs/include/visualization_msgs/visualization_msgs/msg/detail/marker__struct.hpp
-- Up-to-date symlink: /home/ubuntu/microros_ws/install/visualization_msgs/include/visualization_msgs/visualization_msgs/msg/detail/marker__traits.hpp
-- Up-to-date symlink: /home/ubuntu/microros_ws/install/visualization_msgs/include/visualization_msgs/visualization_msgs/msg/detail/marker_array__builder.hpp
-- Up-to-date symlink: /home/ubuntu/microros_ws/install/visualization_msgs/include/visualization_msgs/visualization_msgs/msg/detail/marker_array__struct.hpp
-- Up-to-date symlink: /home/ubuntu/microros_ws/install/visualization_msgs/include/visualization_msgs/visualization_msgs/msg/detail/marker_array__traits.hpp
-- Up-to-date symlink: /home/ubuntu/microros_ws/install/visualization_msgs/include/visualization_msgs/visualization_msgs/msg/detail/menu_entry__builder.hpp
-- Up-to-date symlink: /home/ubuntu/microros_ws/install/visualization_msgs/include/visualization_msgs/visualization_msgs/msg/detail/menu_entry__struct.hpp
-- Up-to-date symlink: /home/ubuntu/microros_ws/install/visualization_msgs/include/visualization_msgs/visualization_msgs/msg/detail/menu_entry__traits.hpp
-- Up-to-date symlink: /home/ubuntu/microros_ws/install/visualization_msgs/include/visualization_msgs/visualization_msgs/msg/detail/mesh_file__builder.hpp
-- Up-to-date symlink: /home/ubuntu/microros_ws/install/visualization_msgs/include/visualization_msgs/visualization_msgs/msg/detail/mesh_file__struct.hpp
-- Up-to-date symlink: /home/ubuntu/microros_ws/install/visualization_msgs/include/visualization_msgs/visualization_msgs/msg/detail/mesh_file__traits.hpp
-- Up-to-date symlink: /home/ubuntu/microros_ws/install/visualization_msgs/include/visualization_msgs/visualization_msgs/msg/detail/uv_coordinate__builder.hpp
-- Up-to-date symlink: /home/ubuntu/microros_ws/install/visualization_msgs/include/visualization_msgs/visualization_msgs/msg/detail/uv_coordinate__struct.hpp
-- Up-to-date symlink: /home/ubuntu/microros_ws/install/visualization_msgs/include/visualization_msgs/visualization_msgs/msg/detail/uv_coordinate__traits.hpp
-- Up-to-date symlink: /home/ubuntu/microros_ws/install/visualization_msgs/include/visualization_msgs/visualization_msgs/msg/image_marker.hpp
-- Up-to-date symlink: /home/ubuntu/microros_ws/install/visualization_msgs/include/visualization_msgs/visualization_msgs/msg/interactive_marker.hpp
-- Up-to-date symlink: /home/ubuntu/microros_ws/install/visualization_msgs/include/visualization_msgs/visualization_msgs/msg/interactive_marker_control.hpp
-- Up-to-date symlink: /home/ubuntu/microros_ws/install/visualization_msgs/include/visualization_msgs/visualization_msgs/msg/interactive_marker_feedback.hpp
-- Up-to-date symlink: /home/ubuntu/microros_ws/install/visualization_msgs/include/visualization_msgs/visualization_msgs/msg/interactive_marker_init.hpp
-- Up-to-date symlink: /home/ubuntu/microros_ws/install/visualization_msgs/include/visualization_msgs/visualization_msgs/msg/interactive_marker_pose.hpp
-- Up-to-date symlink: /home/ubuntu/microros_ws/install/visualization_msgs/include/visualization_msgs/visualization_msgs/msg/interactive_marker_update.hpp
-- Up-to-date symlink: /home/ubuntu/microros_ws/install/visualization_msgs/include/visualization_msgs/visualization_msgs/msg/marker.hpp
-- Up-to-date symlink: /home/ubuntu/microros_ws/install/visualization_msgs/include/visualization_msgs/visualization_msgs/msg/marker_array.hpp
-- Up-to-date symlink: /home/ubuntu/microros_ws/install/visualization_msgs/include/visualization_msgs/visualization_msgs/msg/menu_entry.hpp
-- Up-to-date symlink: /home/ubuntu/microros_ws/install/visualization_msgs/include/visualization_msgs/visualization_msgs/msg/mesh_file.hpp
-- Up-to-date symlink: /home/ubuntu/microros_ws/install/visualization_msgs/include/visualization_msgs/visualization_msgs/msg/uv_coordinate.hpp
-- Up-to-date symlink: /home/ubuntu/microros_ws/install/visualization_msgs/include/visualization_msgs/visualization_msgs/srv/detail/get_interactive_markers__builder.hpp
-- Up-to-date symlink: /home/ubuntu/microros_ws/install/visualization_msgs/include/visualization_msgs/visualization_msgs/srv/detail/get_interactive_markers__struct.hpp
-- Up-to-date symlink: /home/ubuntu/microros_ws/install/visualization_msgs/include/visualization_msgs/visualization_msgs/srv/detail/get_interactive_markers__traits.hpp
-- Up-to-date symlink: /home/ubuntu/microros_ws/install/visualization_msgs/include/visualization_msgs/visualization_msgs/srv/get_interactive_markers.hpp
-- Up-to-date symlink: /home/ubuntu/microros_ws/install/visualization_msgs/include/visualization_msgs/visualization_msgs/msg/detail/image_marker__rosidl_typesupport_fastrtps_cpp.hpp
-- Up-to-date symlink: /home/ubuntu/microros_ws/install/visualization_msgs/include/visualization_msgs/visualization_msgs/msg/detail/interactive_marker__rosidl_typesupport_fastrtps_cpp.hpp
-- Up-to-date symlink: /home/ubuntu/microros_ws/install/visualization_msgs/include/visualization_msgs/visualization_msgs/msg/detail/interactive_marker_control__rosidl_typesupport_fastrtps_cpp.hpp
-- Up-to-date symlink: /home/ubuntu/microros_ws/install/visualization_msgs/include/visualization_msgs/visualization_msgs/msg/detail/interactive_marker_feedback__rosidl_typesupport_fastrtps_cpp.hpp
-- Up-to-date symlink: /home/ubuntu/microros_ws/install/visualization_msgs/include/visualization_msgs/visualization_msgs/msg/detail/interactive_marker_init__rosidl_typesupport_fastrtps_cpp.hpp
-- Up-to-date symlink: /home/ubuntu/microros_ws/install/visualization_msgs/include/visualization_msgs/visualization_msgs/msg/detail/interactive_marker_pose__rosidl_typesupport_fastrtps_cpp.hpp
-- Up-to-date symlink: /home/ubuntu/microros_ws/install/visualization_msgs/include/visualization_msgs/visualization_msgs/msg/detail/interactive_marker_update__rosidl_typesupport_fastrtps_cpp.hpp
-- Up-to-date symlink: /home/ubuntu/microros_ws/install/visualization_msgs/include/visualization_msgs/visualization_msgs/msg/detail/marker__rosidl_typesupport_fastrtps_cpp.hpp
-- Up-to-date symlink: /home/ubuntu/microros_ws/install/visualization_msgs/include/visualization_msgs/visualization_msgs/msg/detail/marker_array__rosidl_typesupport_fastrtps_cpp.hpp
-- Up-to-date symlink: /home/ubuntu/microros_ws/install/visualization_msgs/include/visualization_msgs/visualization_msgs/msg/detail/menu_entry__rosidl_typesupport_fastrtps_cpp.hpp
-- Up-to-date symlink: /home/ubuntu/microros_ws/install/visualization_msgs/include/visualization_msgs/visualization_msgs/msg/detail/mesh_file__rosidl_typesupport_fastrtps_cpp.hpp
-- Up-to-date symlink: /home/ubuntu/microros_ws/install/visualization_msgs/include/visualization_msgs/visualization_msgs/msg/detail/uv_coordinate__rosidl_typesupport_fastrtps_cpp.hpp
-- Up-to-date symlink: /home/ubuntu/microros_ws/install/visualization_msgs/include/visualization_msgs/visualization_msgs/msg/rosidl_typesupport_fastrtps_cpp__visibility_control.h
-- Up-to-date symlink: /home/ubuntu/microros_ws/install/visualization_msgs/include/visualization_msgs/visualization_msgs/srv/detail/get_interactive_markers__rosidl_typesupport_fastrtps_cpp.hpp
-- Up-to-date symlink: /home/ubuntu/microros_ws/install/visualization_msgs/include/visualization_msgs/msg/detail/image_marker__rosidl_typesupport_microxrcedds_c.h
-- Up-to-date symlink: /home/ubuntu/microros_ws/install/visualization_msgs/include/visualization_msgs/msg/detail/interactive_marker__rosidl_typesupport_microxrcedds_c.h
-- Up-to-date symlink: /home/ubuntu/microros_ws/install/visualization_msgs/include/visualization_msgs/msg/detail/interactive_marker_control__rosidl_typesupport_microxrcedds_c.h
-- Up-to-date symlink: /home/ubuntu/microros_ws/install/visualization_msgs/include/visualization_msgs/msg/detail/interactive_marker_feedback__rosidl_typesupport_microxrcedds_c.h
-- Up-to-date symlink: /home/ubuntu/microros_ws/install/visualization_msgs/include/visualization_msgs/msg/detail/interactive_marker_init__rosidl_typesupport_microxrcedds_c.h
-- Up-to-date symlink: /home/ubuntu/microros_ws/install/visualization_msgs/include/visualization_msgs/msg/detail/interactive_marker_pose__rosidl_typesupport_microxrcedds_c.h
-- Up-to-date symlink: /home/ubuntu/microros_ws/install/visualization_msgs/include/visualization_msgs/msg/detail/interactive_marker_update__rosidl_typesupport_microxrcedds_c.h
-- Up-to-date symlink: /home/ubuntu/microros_ws/install/visualization_msgs/include/visualization_msgs/msg/detail/marker__rosidl_typesupport_microxrcedds_c.h
-- Up-to-date symlink: /home/ubuntu/microros_ws/install/visualization_msgs/include/visualization_msgs/msg/detail/marker_array__rosidl_typesupport_microxrcedds_c.h
-- Up-to-date symlink: /home/ubuntu/microros_ws/install/visualization_msgs/include/visualization_msgs/msg/detail/menu_entry__rosidl_typesupport_microxrcedds_c.h
-- Up-to-date symlink: /home/ubuntu/microros_ws/install/visualization_msgs/include/visualization_msgs/msg/detail/mesh_file__rosidl_typesupport_microxrcedds_c.h
-- Up-to-date symlink: /home/ubuntu/microros_ws/install/visualization_msgs/include/visualization_msgs/msg/detail/uv_coordinate__rosidl_typesupport_microxrcedds_c.h
-- Up-to-date symlink: /home/ubuntu/microros_ws/install/visualization_msgs/include/visualization_msgs/msg/rosidl_typesupport_microxrcedds_c__visibility_control.h
-- Up-to-date symlink: /home/ubuntu/microros_ws/install/visualization_msgs/include/visualization_msgs/srv/detail/get_interactive_markers__rosidl_typesupport_microxrcedds_c.h
-- Up-to-date symlink: /home/ubuntu/microros_ws/install/visualization_msgs/lib/libvisualization_msgs__rosidl_typesupport_microxrcedds_c.so
-- Up-to-date symlink: /home/ubuntu/microros_ws/install/visualization_msgs/include/visualization_msgs/visualization_msgs/msg/detail/image_marker__rosidl_typesupport_introspection_c.h
-- Up-to-date symlink: /home/ubuntu/microros_ws/install/visualization_msgs/include/visualization_msgs/visualization_msgs/msg/detail/interactive_marker__rosidl_typesupport_introspection_c.h
-- Up-to-date symlink: /home/ubuntu/microros_ws/install/visualization_msgs/include/visualization_msgs/visualization_msgs/msg/detail/interactive_marker_control__rosidl_typesupport_introspection_c.h
-- Up-to-date symlink: /home/ubuntu/microros_ws/install/visualization_msgs/include/visualization_msgs/visualization_msgs/msg/detail/interactive_marker_feedback__rosidl_typesupport_introspection_c.h
-- Up-to-date symlink: /home/ubuntu/microros_ws/install/visualization_msgs/include/visualization_msgs/visualization_msgs/msg/detail/interactive_marker_init__rosidl_typesupport_introspection_c.h
-- Up-to-date symlink: /home/ubuntu/microros_ws/install/visualization_msgs/include/visualization_msgs/visualization_msgs/msg/detail/interactive_marker_pose__rosidl_typesupport_introspection_c.h
-- Up-to-date symlink: /home/ubuntu/microros_ws/install/visualization_msgs/include/visualization_msgs/visualization_msgs/msg/detail/interactive_marker_update__rosidl_typesupport_introspection_c.h
-- Up-to-date symlink: /home/ubuntu/microros_ws/install/visualization_msgs/include/visualization_msgs/visualization_msgs/msg/detail/marker__rosidl_typesupport_introspection_c.h
-- Up-to-date symlink: /home/ubuntu/microros_ws/install/visualization_msgs/include/visualization_msgs/visualization_msgs/msg/detail/marker_array__rosidl_typesupport_introspection_c.h
-- Up-to-date symlink: /home/ubuntu/microros_ws/install/visualization_msgs/include/visualization_msgs/visualization_msgs/msg/detail/menu_entry__rosidl_typesupport_introspection_c.h
-- Up-to-date symlink: /home/ubuntu/microros_ws/install/visualization_msgs/include/visualization_msgs/visualization_msgs/msg/detail/mesh_file__rosidl_typesupport_introspection_c.h
-- Up-to-date symlink: /home/ubuntu/microros_ws/install/visualization_msgs/include/visualization_msgs/visualization_msgs/msg/detail/uv_coordinate__rosidl_typesupport_introspection_c.h
-- Up-to-date symlink: /home/ubuntu/microros_ws/install/visualization_msgs/include/visualization_msgs/visualization_msgs/msg/rosidl_typesupport_introspection_c__visibility_control.h
-- Up-to-date symlink: /home/ubuntu/microros_ws/install/visualization_msgs/include/visualization_msgs/visualization_msgs/srv/detail/get_interactive_markers__rosidl_typesupport_introspection_c.h
-- Up-to-date symlink: /home/ubuntu/microros_ws/install/visualization_msgs/include/visualization_msgs/msg/detail/image_marker__rosidl_typesupport_microxrcedds_cpp.hpp
-- Up-to-date symlink: /home/ubuntu/microros_ws/install/visualization_msgs/include/visualization_msgs/msg/detail/interactive_marker__rosidl_typesupport_microxrcedds_cpp.hpp
-- Up-to-date symlink: /home/ubuntu/microros_ws/install/visualization_msgs/include/visualization_msgs/msg/detail/interactive_marker_control__rosidl_typesupport_microxrcedds_cpp.hpp
-- Up-to-date symlink: /home/ubuntu/microros_ws/install/visualization_msgs/include/visualization_msgs/msg/detail/interactive_marker_feedback__rosidl_typesupport_microxrcedds_cpp.hpp
-- Up-to-date symlink: /home/ubuntu/microros_ws/install/visualization_msgs/include/visualization_msgs/msg/detail/interactive_marker_init__rosidl_typesupport_microxrcedds_cpp.hpp
-- Up-to-date symlink: /home/ubuntu/microros_ws/install/visualization_msgs/include/visualization_msgs/msg/detail/interactive_marker_pose__rosidl_typesupport_microxrcedds_cpp.hpp
-- Up-to-date symlink: /home/ubuntu/microros_ws/install/visualization_msgs/include/visualization_msgs/msg/detail/interactive_marker_update__rosidl_typesupport_microxrcedds_cpp.hpp
-- Up-to-date symlink: /home/ubuntu/microros_ws/install/visualization_msgs/include/visualization_msgs/msg/detail/marker__rosidl_typesupport_microxrcedds_cpp.hpp
-- Up-to-date symlink: /home/ubuntu/microros_ws/install/visualization_msgs/include/visualization_msgs/msg/detail/marker_array__rosidl_typesupport_microxrcedds_cpp.hpp
-- Up-to-date symlink: /home/ubuntu/microros_ws/install/visualization_msgs/include/visualization_msgs/msg/detail/menu_entry__rosidl_typesupport_microxrcedds_cpp.hpp
-- Up-to-date symlink: /home/ubuntu/microros_ws/install/visualization_msgs/include/visualization_msgs/msg/detail/mesh_file__rosidl_typesupport_microxrcedds_cpp.hpp
-- Up-to-date symlink: /home/ubuntu/microros_ws/install/visualization_msgs/include/visualization_msgs/msg/detail/microxrcedds/image_marker__type_support_cpp.cpp
-- Up-to-date symlink: /home/ubuntu/microros_ws/install/visualization_msgs/include/visualization_msgs/msg/detail/microxrcedds/interactive_marker__type_support_cpp.cpp
-- Up-to-date symlink: /home/ubuntu/microros_ws/install/visualization_msgs/include/visualization_msgs/msg/detail/microxrcedds/interactive_marker_control__type_support_cpp.cpp
-- Up-to-date symlink: /home/ubuntu/microros_ws/install/visualization_msgs/include/visualization_msgs/msg/detail/microxrcedds/interactive_marker_feedback__type_support_cpp.cpp
-- Up-to-date symlink: /home/ubuntu/microros_ws/install/visualization_msgs/include/visualization_msgs/msg/detail/microxrcedds/interactive_marker_init__type_support_cpp.cpp
-- Up-to-date symlink: /home/ubuntu/microros_ws/install/visualization_msgs/include/visualization_msgs/msg/detail/microxrcedds/interactive_marker_pose__type_support_cpp.cpp
-- Up-to-date symlink: /home/ubuntu/microros_ws/install/visualization_msgs/include/visualization_msgs/msg/detail/microxrcedds/interactive_marker_update__type_support_cpp.cpp
-- Up-to-date symlink: /home/ubuntu/microros_ws/install/visualization_msgs/include/visualization_msgs/msg/detail/microxrcedds/marker__type_support_cpp.cpp
-- Up-to-date symlink: /home/ubuntu/microros_ws/install/visualization_msgs/include/visualization_msgs/msg/detail/microxrcedds/marker_array__type_support_cpp.cpp
-- Up-to-date symlink: /home/ubuntu/microros_ws/install/visualization_msgs/include/visualization_msgs/msg/detail/microxrcedds/menu_entry__type_support_cpp.cpp
-- Up-to-date symlink: /home/ubuntu/microros_ws/install/visualization_msgs/include/visualization_msgs/msg/detail/microxrcedds/mesh_file__type_support_cpp.cpp
-- Up-to-date symlink: /home/ubuntu/microros_ws/install/visualization_msgs/include/visualization_msgs/msg/detail/microxrcedds/uv_coordinate__type_support_cpp.cpp
-- Up-to-date symlink: /home/ubuntu/microros_ws/install/visualization_msgs/include/visualization_msgs/msg/detail/uv_coordinate__rosidl_typesupport_microxrcedds_cpp.hpp
-- Up-to-date symlink: /home/ubuntu/microros_ws/install/visualization_msgs/include/visualization_msgs/msg/rosidl_typesupport_microxrcedds_cpp__visibility_control.h
-- Up-to-date symlink: /home/ubuntu/microros_ws/install/visualization_msgs/include/visualization_msgs/srv/detail/get_interactive_markers__rosidl_typesupport_microxrcedds_cpp.hpp
-- Up-to-date symlink: /home/ubuntu/microros_ws/install/visualization_msgs/include/visualization_msgs/srv/detail/microxrcedds/get_interactive_markers__type_support_cpp.cpp
-- Up-to-date symlink: /home/ubuntu/microros_ws/install/visualization_msgs/lib/libvisualization_msgs__rosidl_typesupport_microxrcedds_cpp.so
-- Up-to-date symlink: /home/ubuntu/microros_ws/install/visualization_msgs/include/visualization_msgs/visualization_msgs/msg/detail/image_marker__rosidl_typesupport_introspection_cpp.hpp
-- Up-to-date symlink: /home/ubuntu/microros_ws/install/visualization_msgs/include/visualization_msgs/visualization_msgs/msg/detail/interactive_marker__rosidl_typesupport_introspection_cpp.hpp
-- Up-to-date symlink: /home/ubuntu/microros_ws/install/visualization_msgs/include/visualization_msgs/visualization_msgs/msg/detail/interactive_marker_control__rosidl_typesupport_introspection_cpp.hpp
-- Up-to-date symlink: /home/ubuntu/microros_ws/install/visualization_msgs/include/visualization_msgs/visualization_msgs/msg/detail/interactive_marker_feedback__rosidl_typesupport_introspection_cpp.hpp
-- Up-to-date symlink: /home/ubuntu/microros_ws/install/visualization_msgs/include/visualization_msgs/visualization_msgs/msg/detail/interactive_marker_init__rosidl_typesupport_introspection_cpp.hpp
-- Up-to-date symlink: /home/ubuntu/microros_ws/install/visualization_msgs/include/visualization_msgs/visualization_msgs/msg/detail/interactive_marker_pose__rosidl_typesupport_introspection_cpp.hpp
-- Up-to-date symlink: /home/ubuntu/microros_ws/install/visualization_msgs/include/visualization_msgs/visualization_msgs/msg/detail/interactive_marker_update__rosidl_typesupport_introspection_cpp.hpp
-- Up-to-date symlink: /home/ubuntu/microros_ws/install/visualization_msgs/include/visualization_msgs/visualization_msgs/msg/detail/marker__rosidl_typesupport_introspection_cpp.hpp
-- Up-to-date symlink: /home/ubuntu/microros_ws/install/visualization_msgs/include/visualization_msgs/visualization_msgs/msg/detail/marker_array__rosidl_typesupport_introspection_cpp.hpp
-- Up-to-date symlink: /home/ubuntu/microros_ws/install/visualization_msgs/include/visualization_msgs/visualization_msgs/msg/detail/menu_entry__rosidl_typesupport_introspection_cpp.hpp
-- Up-to-date symlink: /home/ubuntu/microros_ws/install/visualization_msgs/include/visualization_msgs/visualization_msgs/msg/detail/mesh_file__rosidl_typesupport_introspection_cpp.hpp
-- Up-to-date symlink: /home/ubuntu/microros_ws/install/visualization_msgs/include/visualization_msgs/visualization_msgs/msg/detail/uv_coordinate__rosidl_typesupport_introspection_cpp.hpp
-- Up-to-date symlink: /home/ubuntu/microros_ws/install/visualization_msgs/include/visualization_msgs/visualization_msgs/srv/detail/get_interactive_markers__rosidl_typesupport_introspection_cpp.hpp
-- Up-to-date symlink: /home/ubuntu/microros_ws/install/visualization_msgs/share/visualization_msgs/environment/pythonpath.sh
-- Up-to-date symlink: /home/ubuntu/microros_ws/install/visualization_msgs/share/visualization_msgs/environment/pythonpath.dsv
-- Up-to-date symlink: /home/ubuntu/microros_ws/install/visualization_msgs/local/lib/python3.10/dist-packages/visualization_msgs-4.2.4-py3.10.egg-info/PKG-INFO
-- Up-to-date symlink: /home/ubuntu/microros_ws/install/visualization_msgs/local/lib/python3.10/dist-packages/visualization_msgs-4.2.4-py3.10.egg-info/SOURCES.txt
-- Up-to-date symlink: /home/ubuntu/microros_ws/install/visualization_msgs/local/lib/python3.10/dist-packages/visualization_msgs-4.2.4-py3.10.egg-info/dependency_links.txt
-- Up-to-date symlink: /home/ubuntu/microros_ws/install/visualization_msgs/local/lib/python3.10/dist-packages/visualization_msgs-4.2.4-py3.10.egg-info/top_level.txt
-- Up-to-date symlink: /home/ubuntu/microros_ws/install/visualization_msgs/local/lib/python3.10/dist-packages/visualization_msgs/__init__.py
-- Up-to-date symlink: /home/ubuntu/microros_ws/install/visualization_msgs/local/lib/python3.10/dist-packages/visualization_msgs/_visualization_msgs_s.ep.rosidl_typesupport_c.c
-- Up-to-date symlink: /home/ubuntu/microros_ws/install/visualization_msgs/local/lib/python3.10/dist-packages/visualization_msgs/_visualization_msgs_s.ep.rosidl_typesupport_fastrtps_c.c
-- Up-to-date symlink: /home/ubuntu/microros_ws/install/visualization_msgs/local/lib/python3.10/dist-packages/visualization_msgs/_visualization_msgs_s.ep.rosidl_typesupport_introspection_c.c
-- Up-to-date symlink: /home/ubuntu/microros_ws/install/visualization_msgs/local/lib/python3.10/dist-packages/visualization_msgs/_visualization_msgs_s.ep.rosidl_typesupport_microxrcedds_c.c
-- Up-to-date symlink: /home/ubuntu/microros_ws/install/visualization_msgs/local/lib/python3.10/dist-packages/visualization_msgs/libvisualization_msgs__rosidl_generator_py.so
-- Up-to-date symlink: /home/ubuntu/microros_ws/install/visualization_msgs/local/lib/python3.10/dist-packages/visualization_msgs/msg/__init__.py
-- Up-to-date symlink: /home/ubuntu/microros_ws/install/visualization_msgs/local/lib/python3.10/dist-packages/visualization_msgs/msg/_image_marker.py
-- Up-to-date symlink: /home/ubuntu/microros_ws/install/visualization_msgs/local/lib/python3.10/dist-packages/visualization_msgs/msg/_image_marker_s.c
-- Up-to-date symlink: /home/ubuntu/microros_ws/install/visualization_msgs/local/lib/python3.10/dist-packages/visualization_msgs/msg/_interactive_marker.py
-- Up-to-date symlink: /home/ubuntu/microros_ws/install/visualization_msgs/local/lib/python3.10/dist-packages/visualization_msgs/msg/_interactive_marker_control.py
-- Up-to-date symlink: /home/ubuntu/microros_ws/install/visualization_msgs/local/lib/python3.10/dist-packages/visualization_msgs/msg/_interactive_marker_control_s.c
-- Up-to-date symlink: /home/ubuntu/microros_ws/install/visualization_msgs/local/lib/python3.10/dist-packages/visualization_msgs/msg/_interactive_marker_feedback.py
-- Up-to-date symlink: /home/ubuntu/microros_ws/install/visualization_msgs/local/lib/python3.10/dist-packages/visualization_msgs/msg/_interactive_marker_feedback_s.c
-- Up-to-date symlink: /home/ubuntu/microros_ws/install/visualization_msgs/local/lib/python3.10/dist-packages/visualization_msgs/msg/_interactive_marker_init.py
-- Up-to-date symlink: /home/ubuntu/microros_ws/install/visualization_msgs/local/lib/python3.10/dist-packages/visualization_msgs/msg/_interactive_marker_init_s.c
-- Up-to-date symlink: /home/ubuntu/microros_ws/install/visualization_msgs/local/lib/python3.10/dist-packages/visualization_msgs/msg/_interactive_marker_pose.py
-- Up-to-date symlink: /home/ubuntu/microros_ws/install/visualization_msgs/local/lib/python3.10/dist-packages/visualization_msgs/msg/_interactive_marker_pose_s.c
-- Up-to-date symlink: /home/ubuntu/microros_ws/install/visualization_msgs/local/lib/python3.10/dist-packages/visualization_msgs/msg/_interactive_marker_s.c
-- Up-to-date symlink: /home/ubuntu/microros_ws/install/visualization_msgs/local/lib/python3.10/dist-packages/visualization_msgs/msg/_interactive_marker_update.py
-- Up-to-date symlink: /home/ubuntu/microros_ws/install/visualization_msgs/local/lib/python3.10/dist-packages/visualization_msgs/msg/_interactive_marker_update_s.c
-- Up-to-date symlink: /home/ubuntu/microros_ws/install/visualization_msgs/local/lib/python3.10/dist-packages/visualization_msgs/msg/_marker.py
-- Up-to-date symlink: /home/ubuntu/microros_ws/install/visualization_msgs/local/lib/python3.10/dist-packages/visualization_msgs/msg/_marker_array.py
-- Up-to-date symlink: /home/ubuntu/microros_ws/install/visualization_msgs/local/lib/python3.10/dist-packages/visualization_msgs/msg/_marker_array_s.c
-- Up-to-date symlink: /home/ubuntu/microros_ws/install/visualization_msgs/local/lib/python3.10/dist-packages/visualization_msgs/msg/_marker_s.c
-- Up-to-date symlink: /home/ubuntu/microros_ws/install/visualization_msgs/local/lib/python3.10/dist-packages/visualization_msgs/msg/_menu_entry.py
-- Up-to-date symlink: /home/ubuntu/microros_ws/install/visualization_msgs/local/lib/python3.10/dist-packages/visualization_msgs/msg/_menu_entry_s.c
-- Up-to-date symlink: /home/ubuntu/microros_ws/install/visualization_msgs/local/lib/python3.10/dist-packages/visualization_msgs/msg/_mesh_file.py
-- Up-to-date symlink: /home/ubuntu/microros_ws/install/visualization_msgs/local/lib/python3.10/dist-packages/visualization_msgs/msg/_mesh_file_s.c
-- Up-to-date symlink: /home/ubuntu/microros_ws/install/visualization_msgs/local/lib/python3.10/dist-packages/visualization_msgs/msg/_uv_coordinate.py
-- Up-to-date symlink: /home/ubuntu/microros_ws/install/visualization_msgs/local/lib/python3.10/dist-packages/visualization_msgs/msg/_uv_coordinate_s.c
-- Up-to-date symlink: /home/ubuntu/microros_ws/install/visualization_msgs/local/lib/python3.10/dist-packages/visualization_msgs/srv/__init__.py
-- Up-to-date symlink: /home/ubuntu/microros_ws/install/visualization_msgs/local/lib/python3.10/dist-packages/visualization_msgs/srv/_get_interactive_markers.py
-- Up-to-date symlink: /home/ubuntu/microros_ws/install/visualization_msgs/local/lib/python3.10/dist-packages/visualization_msgs/srv/_get_interactive_markers_s.c
-- Up-to-date symlink: /home/ubuntu/microros_ws/install/visualization_msgs/local/lib/python3.10/dist-packages/visualization_msgs/visualization_msgs_s__rosidl_typesupport_c.cpython-310-aarch64-linux-gnu.so
-- Up-to-date symlink: /home/ubuntu/microros_ws/install/visualization_msgs/local/lib/python3.10/dist-packages/visualization_msgs/visualization_msgs_s__rosidl_typesupport_fastrtps_c.cpython-310-aarch64-linux-gnu.so
-- Up-to-date symlink: /home/ubuntu/microros_ws/install/visualization_msgs/local/lib/python3.10/dist-packages/visualization_msgs/visualization_msgs_s__rosidl_typesupport_introspection_c.cpython-310-aarch64-linux-gnu.so
-- Up-to-date symlink: /home/ubuntu/microros_ws/install/visualization_msgs/local/lib/python3.10/dist-packages/visualization_msgs/visualization_msgs_s__rosidl_typesupport_microxrcedds_c.cpython-310-aarch64-linux-gnu.so
-- Up-to-date symlink: /home/ubuntu/microros_ws/install/visualization_msgs/local/lib/python3.10/dist-packages/visualization_msgs/visualization_msgs_s__rosidl_typesupport_microxrcedds_c.cpython-310-aarch64-linux-gnu.so
-- Up-to-date symlink: /home/ubuntu/microros_ws/install/visualization_msgs/local/lib/python3.10/dist-packages/visualization_msgs/visualization_msgs_s__rosidl_typesupport_fastrtps_c.cpython-310-aarch64-linux-gnu.so
-- Up-to-date symlink: /home/ubuntu/microros_ws/install/visualization_msgs/local/lib/python3.10/dist-packages/visualization_msgs/visualization_msgs_s__rosidl_typesupport_introspection_c.cpython-310-aarch64-linux-gnu.so
-- Up-to-date symlink: /home/ubuntu/microros_ws/install/visualization_msgs/local/lib/python3.10/dist-packages/visualization_msgs/visualization_msgs_s__rosidl_typesupport_c.cpython-310-aarch64-linux-gnu.so
-- Up-to-date symlink: /home/ubuntu/microros_ws/install/visualization_msgs/share/visualization_msgs/msg/ImageMarker.idl
-- Up-to-date symlink: /home/ubuntu/microros_ws/install/visualization_msgs/share/visualization_msgs/msg/InteractiveMarker.idl
-- Up-to-date symlink: /home/ubuntu/microros_ws/install/visualization_msgs/share/visualization_msgs/msg/InteractiveMarkerControl.idl
-- Up-to-date symlink: /home/ubuntu/microros_ws/install/visualization_msgs/share/visualization_msgs/msg/InteractiveMarkerFeedback.idl
-- Up-to-date symlink: /home/ubuntu/microros_ws/install/visualization_msgs/share/visualization_msgs/msg/InteractiveMarkerInit.idl
-- Up-to-date symlink: /home/ubuntu/microros_ws/install/visualization_msgs/share/visualization_msgs/msg/InteractiveMarkerPose.idl
-- Up-to-date symlink: /home/ubuntu/microros_ws/install/visualization_msgs/share/visualization_msgs/msg/InteractiveMarkerUpdate.idl
-- Up-to-date symlink: /home/ubuntu/microros_ws/install/visualization_msgs/share/visualization_msgs/msg/Marker.idl
-- Up-to-date symlink: /home/ubuntu/microros_ws/install/visualization_msgs/share/visualization_msgs/msg/MarkerArray.idl
-- Up-to-date symlink: /home/ubuntu/microros_ws/install/visualization_msgs/share/visualization_msgs/msg/MenuEntry.idl
-- Up-to-date symlink: /home/ubuntu/microros_ws/install/visualization_msgs/share/visualization_msgs/msg/MeshFile.idl
-- Up-to-date symlink: /home/ubuntu/microros_ws/install/visualization_msgs/share/visualization_msgs/msg/UVCoordinate.idl
-- Up-to-date symlink: /home/ubuntu/microros_ws/install/visualization_msgs/share/visualization_msgs/srv/GetInteractiveMarkers.idl
-- Up-to-date symlink: /home/ubuntu/microros_ws/install/visualization_msgs/share/visualization_msgs/msg/ImageMarker.msg
-- Up-to-date symlink: /home/ubuntu/microros_ws/install/visualization_msgs/share/visualization_msgs/msg/InteractiveMarker.msg
-- Up-to-date symlink: /home/ubuntu/microros_ws/install/visualization_msgs/share/visualization_msgs/msg/InteractiveMarkerControl.msg
-- Up-to-date symlink: /home/ubuntu/microros_ws/install/visualization_msgs/share/visualization_msgs/msg/InteractiveMarkerFeedback.msg
-- Up-to-date symlink: /home/ubuntu/microros_ws/install/visualization_msgs/share/visualization_msgs/msg/InteractiveMarkerInit.msg
-- Up-to-date symlink: /home/ubuntu/microros_ws/install/visualization_msgs/share/visualization_msgs/msg/InteractiveMarkerPose.msg
-- Up-to-date symlink: /home/ubuntu/microros_ws/install/visualization_msgs/share/visualization_msgs/msg/InteractiveMarkerUpdate.msg
-- Up-to-date symlink: /home/ubuntu/microros_ws/install/visualization_msgs/share/visualization_msgs/msg/Marker.msg
-- Up-to-date symlink: /home/ubuntu/microros_ws/install/visualization_msgs/share/visualization_msgs/msg/MarkerArray.msg
-- Up-to-date symlink: /home/ubuntu/microros_ws/install/visualization_msgs/share/visualization_msgs/msg/MenuEntry.msg
-- Up-to-date symlink: /home/ubuntu/microros_ws/install/visualization_msgs/share/visualization_msgs/msg/MeshFile.msg
-- Up-to-date symlink: /home/ubuntu/microros_ws/install/visualization_msgs/share/visualization_msgs/msg/UVCoordinate.msg
-- Up-to-date symlink: /home/ubuntu/microros_ws/install/visualization_msgs/share/visualization_msgs/srv/GetInteractiveMarkers.srv
-- Up-to-date symlink: /home/ubuntu/microros_ws/install/visualization_msgs/share/visualization_msgs/srv/GetInteractiveMarkers_Request.msg
-- Up-to-date symlink: /home/ubuntu/microros_ws/install/visualization_msgs/share/visualization_msgs/srv/GetInteractiveMarkers_Response.msg
-- Up-to-date symlink: /home/ubuntu/microros_ws/install/visualization_msgs/share/ament_index/resource_index/package_run_dependencies/visualization_msgs
-- Up-to-date symlink: /home/ubuntu/microros_ws/install/visualization_msgs/share/ament_index/resource_index/parent_prefix_path/visualization_msgs
-- Up-to-date symlink: /home/ubuntu/microros_ws/install/visualization_msgs/share/visualization_msgs/environment/ament_prefix_path.sh
-- Up-to-date symlink: /home/ubuntu/microros_ws/install/visualization_msgs/share/visualization_msgs/environment/ament_prefix_path.dsv
-- Up-to-date symlink: /home/ubuntu/microros_ws/install/visualization_msgs/share/visualization_msgs/environment/path.sh
-- Up-to-date symlink: /home/ubuntu/microros_ws/install/visualization_msgs/share/visualization_msgs/environment/path.dsv
-- Up-to-date symlink: /home/ubuntu/microros_ws/install/visualization_msgs/share/visualization_msgs/local_setup.bash
-- Up-to-date symlink: /home/ubuntu/microros_ws/install/visualization_msgs/share/visualization_msgs/local_setup.sh
-- Up-to-date symlink: /home/ubuntu/microros_ws/install/visualization_msgs/share/visualization_msgs/local_setup.zsh
-- Up-to-date symlink: /home/ubuntu/microros_ws/install/visualization_msgs/share/visualization_msgs/local_setup.dsv
-- Symlinking: /home/ubuntu/microros_ws/install/visualization_msgs/share/visualization_msgs/package.dsv
-- Up-to-date symlink: /home/ubuntu/microros_ws/install/visualization_msgs/share/ament_index/resource_index/packages/visualization_msgs
-- Up-to-date symlink: /home/ubuntu/microros_ws/install/visualization_msgs/share/visualization_msgs/cmake/rosidl_cmake-extras.cmake
-- Up-to-date symlink: /home/ubuntu/microros_ws/install/visualization_msgs/share/visualization_msgs/cmake/ament_cmake_export_dependencies-extras.cmake
-- Up-to-date symlink: /home/ubuntu/microros_ws/install/visualization_msgs/share/visualization_msgs/cmake/ament_cmake_export_include_directories-extras.cmake
-- Up-to-date symlink: /home/ubuntu/microros_ws/install/visualization_msgs/share/visualization_msgs/cmake/ament_cmake_export_libraries-extras.cmake
-- Up-to-date symlink: /home/ubuntu/microros_ws/install/visualization_msgs/share/visualization_msgs/cmake/ament_cmake_export_targets-extras.cmake
-- Up-to-date symlink: /home/ubuntu/microros_ws/install/visualization_msgs/share/visualization_msgs/cmake/rosidl_cmake_export_typesupport_targets-extras.cmake
-- Up-to-date symlink: /home/ubuntu/microros_ws/install/visualization_msgs/share/visualization_msgs/cmake/rosidl_cmake_export_typesupport_libraries-extras.cmake
-- Up-to-date symlink: /home/ubuntu/microros_ws/install/visualization_msgs/share/visualization_msgs/cmake/visualization_msgsConfig.cmake
-- Up-to-date symlink: /home/ubuntu/microros_ws/install/visualization_msgs/share/visualization_msgs/cmake/visualization_msgsConfig-version.cmake
-- Up-to-date symlink: /home/ubuntu/microros_ws/install/visualization_msgs/share/visualization_msgs/package.xml
-- Up-to-date: /home/ubuntu/microros_ws/install/visualization_msgs/lib/libvisualization_msgs__rosidl_generator_c.so
-- Up-to-date: /home/ubuntu/microros_ws/install/visualization_msgs/lib/libvisualization_msgs__rosidl_typesupport_fastrtps_c.so
-- Up-to-date: /home/ubuntu/microros_ws/install/visualization_msgs/lib/libvisualization_msgs__rosidl_typesupport_fastrtps_cpp.so
-- Up-to-date: /home/ubuntu/microros_ws/install/visualization_msgs/lib/libvisualization_msgs__rosidl_typesupport_introspection_c.so
-- Up-to-date: /home/ubuntu/microros_ws/install/visualization_msgs/lib/libvisualization_msgs__rosidl_typesupport_c.so
-- Up-to-date: /home/ubuntu/microros_ws/install/visualization_msgs/lib/libvisualization_msgs__rosidl_typesupport_introspection_cpp.so
-- Up-to-date: /home/ubuntu/microros_ws/install/visualization_msgs/lib/libvisualization_msgs__rosidl_typesupport_cpp.so
Listing '/home/ubuntu/microros_ws/install/visualization_msgs/local/lib/python3.10/dist-packages/visualization_msgs'...
Listing '/home/ubuntu/microros_ws/install/visualization_msgs/local/lib/python3.10/dist-packages/visualization_msgs/msg'...
Listing '/home/ubuntu/microros_ws/install/visualization_msgs/local/lib/python3.10/dist-packages/visualization_msgs/srv'...
-- Up-to-date: /home/ubuntu/microros_ws/install/visualization_msgs/lib/libvisualization_msgs__rosidl_generator_py.so
-- Up-to-date: /home/ubuntu/microros_ws/install/visualization_msgs/share/visualization_msgs/cmake/export_visualization_msgs__rosidl_generator_cExport.cmake
-- Up-to-date: /home/ubuntu/microros_ws/install/visualization_msgs/share/visualization_msgs/cmake/export_visualization_msgs__rosidl_generator_cExport-release.cmake
-- Up-to-date: /home/ubuntu/microros_ws/install/visualization_msgs/share/visualization_msgs/cmake/export_visualization_msgs__rosidl_typesupport_fastrtps_cExport.cmake
-- Up-to-date: /home/ubuntu/microros_ws/install/visualization_msgs/share/visualization_msgs/cmake/export_visualization_msgs__rosidl_typesupport_fastrtps_cExport-release.cmake
-- Up-to-date: /home/ubuntu/microros_ws/install/visualization_msgs/share/visualization_msgs/cmake/export_visualization_msgs__rosidl_generator_cppExport.cmake
-- Up-to-date: /home/ubuntu/microros_ws/install/visualization_msgs/share/visualization_msgs/cmake/export_visualization_msgs__rosidl_typesupport_fastrtps_cppExport.cmake
-- Up-to-date: /home/ubuntu/microros_ws/install/visualization_msgs/share/visualization_msgs/cmake/export_visualization_msgs__rosidl_typesupport_fastrtps_cppExport-release.cmake
-- Up-to-date: /home/ubuntu/microros_ws/install/visualization_msgs/share/visualization_msgs/cmake/visualization_msgs__rosidl_typesupport_introspection_cExport.cmake
-- Up-to-date: /home/ubuntu/microros_ws/install/visualization_msgs/share/visualization_msgs/cmake/visualization_msgs__rosidl_typesupport_introspection_cExport-release.cmake
-- Up-to-date: /home/ubuntu/microros_ws/install/visualization_msgs/share/visualization_msgs/cmake/visualization_msgs__rosidl_typesupport_cExport.cmake
-- Up-to-date: /home/ubuntu/microros_ws/install/visualization_msgs/share/visualization_msgs/cmake/visualization_msgs__rosidl_typesupport_cExport-release.cmake
-- Up-to-date: /home/ubuntu/microros_ws/install/visualization_msgs/share/visualization_msgs/cmake/visualization_msgs__rosidl_typesupport_introspection_cppExport.cmake
-- Up-to-date: /home/ubuntu/microros_ws/install/visualization_msgs/share/visualization_msgs/cmake/visualization_msgs__rosidl_typesupport_introspection_cppExport-release.cmake
-- Up-to-date: /home/ubuntu/microros_ws/install/visualization_msgs/share/visualization_msgs/cmake/visualization_msgs__rosidl_typesupport_cppExport.cmake
-- Up-to-date: /home/ubuntu/microros_ws/install/visualization_msgs/share/visualization_msgs/cmake/visualization_msgs__rosidl_typesupport_cppExport-release.cmake
-- Up-to-date: /home/ubuntu/microros_ws/install/visualization_msgs/share/visualization_msgs/cmake/export_visualization_msgs__rosidl_generator_pyExport.cmake
-- Up-to-date: /home/ubuntu/microros_ws/install/visualization_msgs/share/visualization_msgs/cmake/export_visualization_msgs__rosidl_generator_pyExport-release.cmake
