[  1%] Built target shape_msgs__cpp
[  1%] Built target ament_cmake_python_symlink_shape_msgs
[35m[1mConsolidate compiler generated dependencies of target shape_msgs__rosidl_typesupport_fastrtps_cpp[0m
[ 12%] Built target shape_msgs__rosidl_typesupport_fastrtps_cpp
[35m[1mConsolidate compiler generated dependencies of target shape_msgs__rosidl_typesupport_introspection_cpp[0m
[ 23%] Built target shape_msgs__rosidl_typesupport_introspection_cpp
running egg_info
writing shape_msgs.egg-info/PKG-INFO
writing dependency_links to shape_msgs.egg-info/dependency_links.txt
writing top-level names to shape_msgs.egg-info/top_level.txt
reading manifest file 'shape_msgs.egg-info/SOURCES.txt'
writing manifest file 'shape_msgs.egg-info/SOURCES.txt'
[ 23%] Built target ament_cmake_python_build_shape_msgs_egg
[ 25%] [34m[1mGenerating C++ type support dispatch for ROS interfaces[0m
[35m[1mConsolidate compiler generated dependencies of target shape_msgs__rosidl_typesupport_cpp[0m
[ 27%] [32mBuilding CXX object CMakeFiles/shape_msgs__rosidl_typesupport_cpp.dir/rosidl_typesupport_cpp/shape_msgs/msg/mesh__type_support.cpp.o[0m
[ 29%] [32mBuilding CXX object CMakeFiles/shape_msgs__rosidl_typesupport_cpp.dir/rosidl_typesupport_cpp/shape_msgs/msg/plane__type_support.cpp.o[0m
[ 30%] [32mBuilding CXX object CMakeFiles/shape_msgs__rosidl_typesupport_cpp.dir/rosidl_typesupport_cpp/shape_msgs/msg/solid_primitive__type_support.cpp.o[0m
[ 32%] [32mBuilding CXX object CMakeFiles/shape_msgs__rosidl_typesupport_cpp.dir/rosidl_typesupport_cpp/shape_msgs/msg/mesh_triangle__type_support.cpp.o[0m
[ 34%] [32m[1mLinking CXX shared library libshape_msgs__rosidl_typesupport_cpp.so[0m
[ 34%] Built target shape_msgs__rosidl_typesupport_cpp
[35m[1mConsolidate compiler generated dependencies of target shape_msgs__rosidl_generator_c[0m
[ 45%] Built target shape_msgs__rosidl_generator_c
[35m[1mConsolidate compiler generated dependencies of target shape_msgs__rosidl_typesupport_fastrtps_c[0m
[ 56%] Built target shape_msgs__rosidl_typesupport_fastrtps_c
[ 58%] [34m[1mGenerating C type support dispatch for ROS interfaces[0m
[35m[1mConsolidate compiler generated dependencies of target shape_msgs__rosidl_typesupport_c[0m
[ 60%] [32mBuilding CXX object CMakeFiles/shape_msgs__rosidl_typesupport_c.dir/rosidl_typesupport_c/shape_msgs/msg/mesh__type_support.cpp.o[0m
[ 61%] [32mBuilding CXX object CMakeFiles/shape_msgs__rosidl_typesupport_c.dir/rosidl_typesupport_c/shape_msgs/msg/plane__type_support.cpp.o[0m
[ 63%] [32mBuilding CXX object CMakeFiles/shape_msgs__rosidl_typesupport_c.dir/rosidl_typesupport_c/shape_msgs/msg/solid_primitive__type_support.cpp.o[0m
[ 65%] [32mBuilding CXX object CMakeFiles/shape_msgs__rosidl_typesupport_c.dir/rosidl_typesupport_c/shape_msgs/msg/mesh_triangle__type_support.cpp.o[0m
[ 67%] [32m[1mLinking CXX shared library libshape_msgs__rosidl_typesupport_c.so[0m
[ 67%] Built target shape_msgs__rosidl_typesupport_c
[35m[1mConsolidate compiler generated dependencies of target shape_msgs__rosidl_typesupport_introspection_c[0m
[ 78%] Built target shape_msgs__rosidl_typesupport_introspection_c
[ 78%] Built target shape_msgs
[ 80%] Built target shape_msgs__py
[35m[1mConsolidate compiler generated dependencies of target shape_msgs__rosidl_generator_py[0m
[ 81%] [32mBuilding C object CMakeFiles/shape_msgs__rosidl_generator_py.dir/rosidl_generator_py/shape_msgs/msg/_mesh_s.c.o[0m
[ 83%] [32mBuilding C object CMakeFiles/shape_msgs__rosidl_generator_py.dir/rosidl_generator_py/shape_msgs/msg/_solid_primitive_s.c.o[0m
[ 85%] [32mBuilding C object CMakeFiles/shape_msgs__rosidl_generator_py.dir/rosidl_generator_py/shape_msgs/msg/_plane_s.c.o[0m
[ 87%] [32mBuilding C object CMakeFiles/shape_msgs__rosidl_generator_py.dir/rosidl_generator_py/shape_msgs/msg/_mesh_triangle_s.c.o[0m
[ 89%] [32m[1mLinking C shared library rosidl_generator_py/shape_msgs/libshape_msgs__rosidl_generator_py.so[0m
[ 89%] Built target shape_msgs__rosidl_generator_py
[35m[1mConsolidate compiler generated dependencies of target shape_msgs__rosidl_typesupport_fastrtps_c__pyext[0m
[ 90%] [32m[1mLinking C shared library rosidl_generator_py/shape_msgs/shape_msgs_s__rosidl_typesupport_fastrtps_c.cpython-310-aarch64-linux-gnu.so[0m
[ 92%] Built target shape_msgs__rosidl_typesupport_fastrtps_c__pyext
[35m[1mConsolidate compiler generated dependencies of target shape_msgs__rosidl_typesupport_c__pyext[0m
[ 94%] [32mBuilding C object CMakeFiles/shape_msgs__rosidl_typesupport_c__pyext.dir/rosidl_generator_py/shape_msgs/_shape_msgs_s.ep.rosidl_typesupport_c.c.o[0m
[ 96%] [32m[1mLinking C shared library rosidl_generator_py/shape_msgs/shape_msgs_s__rosidl_typesupport_c.cpython-310-aarch64-linux-gnu.so[0m
[ 96%] Built target shape_msgs__rosidl_typesupport_c__pyext
[35m[1mConsolidate compiler generated dependencies of target shape_msgs__rosidl_typesupport_introspection_c__pyext[0m
[ 98%] [32mBuilding C object CMakeFiles/shape_msgs__rosidl_typesupport_introspection_c__pyext.dir/rosidl_generator_py/shape_msgs/_shape_msgs_s.ep.rosidl_typesupport_introspection_c.c.o[0m
[100%] [32m[1mLinking C shared library rosidl_generator_py/shape_msgs/shape_msgs_s__rosidl_typesupport_introspection_c.cpython-310-aarch64-linux-gnu.so[0m
[100%] Built target shape_msgs__rosidl_typesupport_introspection_c__pyext
