[0.163s] Invoking command in '/home/ubuntu/microros_ws/build/rclc': AMENT_PREFIX_PATH=/home/ubuntu/microros_ws/install/test_msgs:/home/ubuntu/microros_ws/install/example_interfaces:/home/ubuntu/microros_ws/install/std_msgs:/home/ubuntu/microros_ws/install/action_msgs:/home/ubuntu/microros_ws/install/unique_identifier_msgs:/home/ubuntu/microros_ws/install/builtin_interfaces:${AMENT_PREFIX_PATH} CMAKE_PREFIX_PATH=/home/ubuntu/microros_ws/install/test_msgs:/home/ubuntu/microros_ws/install/example_interfaces:/home/ubuntu/microros_ws/install/std_msgs:/home/ubuntu/microros_ws/install/action_msgs:/home/ubuntu/microros_ws/install/unique_identifier_msgs:/home/ubuntu/microros_ws/install/builtin_interfaces:/opt/ros/humble LD_LIBRARY_PATH=/home/ubuntu/microros_ws/install/test_msgs/lib:/home/ubuntu/microros_ws/install/example_interfaces/lib:/home/ubuntu/microros_ws/install/std_msgs/lib:/home/ubuntu/microros_ws/install/action_msgs/lib:/home/ubuntu/microros_ws/install/unique_identifier_msgs/lib:/home/ubuntu/microros_ws/install/builtin_interfaces/lib:${LD_LIBRARY_PATH} PYTHONPATH=/home/ubuntu/microros_ws/install/test_msgs/local/lib/python3.10/dist-packages:/home/ubuntu/microros_ws/install/example_interfaces/local/lib/python3.10/dist-packages:/home/ubuntu/microros_ws/install/std_msgs/local/lib/python3.10/dist-packages:/home/ubuntu/microros_ws/install/action_msgs/local/lib/python3.10/dist-packages:/home/ubuntu/microros_ws/install/unique_identifier_msgs/local/lib/python3.10/dist-packages:/home/ubuntu/microros_ws/install/builtin_interfaces/local/lib/python3.10/dist-packages:${PYTHONPATH} /usr/bin/cmake --build /home/ubuntu/microros_ws/build/rclc -- -j4 -l4
[0.234s] /usr/bin/cmake -S/home/ubuntu/microros_ws/src/uros/rclc/rclc -B/home/ubuntu/microros_ws/build/rclc --check-build-system CMakeFiles/Makefile.cmake 0
[0.302s] /usr/bin/cmake -E cmake_progress_start /home/ubuntu/microros_ws/build/rclc/CMakeFiles /home/ubuntu/microros_ws/build/rclc//CMakeFiles/progress.marks
[0.343s] /usr/bin/gmake  -f CMakeFiles/Makefile2 all
[0.352s] gmake[1]: Entering directory '/home/ubuntu/microros_ws/build/rclc'
[0.353s] /usr/bin/gmake  -f CMakeFiles/rclc.dir/build.make CMakeFiles/rclc.dir/depend
[0.372s] gmake[2]: Entering directory '/home/ubuntu/microros_ws/build/rclc'
[0.372s] cd /home/ubuntu/microros_ws/build/rclc && /usr/bin/cmake -E cmake_depends "Unix Makefiles" /home/ubuntu/microros_ws/src/uros/rclc/rclc /home/ubuntu/microros_ws/src/uros/rclc/rclc /home/ubuntu/microros_ws/build/rclc /home/ubuntu/microros_ws/build/rclc /home/ubuntu/microros_ws/build/rclc/CMakeFiles/rclc.dir/DependInfo.cmake --color=
[0.428s] gmake[2]: Leaving directory '/home/ubuntu/microros_ws/build/rclc'
[0.431s] /usr/bin/gmake  -f CMakeFiles/rclc.dir/build.make CMakeFiles/rclc.dir/build
[0.451s] gmake[2]: Entering directory '/home/ubuntu/microros_ws/build/rclc'
[0.452s] gmake[2]: Nothing to be done for 'CMakeFiles/rclc.dir/build'.
[0.453s] gmake[2]: Leaving directory '/home/ubuntu/microros_ws/build/rclc'
[0.512s] [100%] Built target rclc
[0.515s] gmake[1]: Leaving directory '/home/ubuntu/microros_ws/build/rclc'
[0.515s] /usr/bin/cmake -E cmake_progress_start /home/ubuntu/microros_ws/build/rclc/CMakeFiles 0
[0.573s] Invoked command in '/home/ubuntu/microros_ws/build/rclc' returned '0': AMENT_PREFIX_PATH=/home/ubuntu/microros_ws/install/test_msgs:/home/ubuntu/microros_ws/install/example_interfaces:/home/ubuntu/microros_ws/install/std_msgs:/home/ubuntu/microros_ws/install/action_msgs:/home/ubuntu/microros_ws/install/unique_identifier_msgs:/home/ubuntu/microros_ws/install/builtin_interfaces:${AMENT_PREFIX_PATH} CMAKE_PREFIX_PATH=/home/ubuntu/microros_ws/install/test_msgs:/home/ubuntu/microros_ws/install/example_interfaces:/home/ubuntu/microros_ws/install/std_msgs:/home/ubuntu/microros_ws/install/action_msgs:/home/ubuntu/microros_ws/install/unique_identifier_msgs:/home/ubuntu/microros_ws/install/builtin_interfaces:/opt/ros/humble LD_LIBRARY_PATH=/home/ubuntu/microros_ws/install/test_msgs/lib:/home/ubuntu/microros_ws/install/example_interfaces/lib:/home/ubuntu/microros_ws/install/std_msgs/lib:/home/ubuntu/microros_ws/install/action_msgs/lib:/home/ubuntu/microros_ws/install/unique_identifier_msgs/lib:/home/ubuntu/microros_ws/install/builtin_interfaces/lib:${LD_LIBRARY_PATH} PYTHONPATH=/home/ubuntu/microros_ws/install/test_msgs/local/lib/python3.10/dist-packages:/home/ubuntu/microros_ws/install/example_interfaces/local/lib/python3.10/dist-packages:/home/ubuntu/microros_ws/install/std_msgs/local/lib/python3.10/dist-packages:/home/ubuntu/microros_ws/install/action_msgs/local/lib/python3.10/dist-packages:/home/ubuntu/microros_ws/install/unique_identifier_msgs/local/lib/python3.10/dist-packages:/home/ubuntu/microros_ws/install/builtin_interfaces/local/lib/python3.10/dist-packages:${PYTHONPATH} /usr/bin/cmake --build /home/ubuntu/microros_ws/build/rclc -- -j4 -l4
[0.969s] Invoking command in '/home/ubuntu/microros_ws/build/rclc': AMENT_PREFIX_PATH=/home/ubuntu/microros_ws/install/test_msgs:/home/ubuntu/microros_ws/install/example_interfaces:/home/ubuntu/microros_ws/install/std_msgs:/home/ubuntu/microros_ws/install/action_msgs:/home/ubuntu/microros_ws/install/unique_identifier_msgs:/home/ubuntu/microros_ws/install/builtin_interfaces:${AMENT_PREFIX_PATH} CMAKE_PREFIX_PATH=/home/ubuntu/microros_ws/install/test_msgs:/home/ubuntu/microros_ws/install/example_interfaces:/home/ubuntu/microros_ws/install/std_msgs:/home/ubuntu/microros_ws/install/action_msgs:/home/ubuntu/microros_ws/install/unique_identifier_msgs:/home/ubuntu/microros_ws/install/builtin_interfaces:/opt/ros/humble LD_LIBRARY_PATH=/home/ubuntu/microros_ws/install/test_msgs/lib:/home/ubuntu/microros_ws/install/example_interfaces/lib:/home/ubuntu/microros_ws/install/std_msgs/lib:/home/ubuntu/microros_ws/install/action_msgs/lib:/home/ubuntu/microros_ws/install/unique_identifier_msgs/lib:/home/ubuntu/microros_ws/install/builtin_interfaces/lib:${LD_LIBRARY_PATH} PYTHONPATH=/home/ubuntu/microros_ws/install/test_msgs/local/lib/python3.10/dist-packages:/home/ubuntu/microros_ws/install/example_interfaces/local/lib/python3.10/dist-packages:/home/ubuntu/microros_ws/install/std_msgs/local/lib/python3.10/dist-packages:/home/ubuntu/microros_ws/install/action_msgs/local/lib/python3.10/dist-packages:/home/ubuntu/microros_ws/install/unique_identifier_msgs/local/lib/python3.10/dist-packages:/home/ubuntu/microros_ws/install/builtin_interfaces/local/lib/python3.10/dist-packages:${PYTHONPATH} /usr/bin/cmake --install /home/ubuntu/microros_ws/build/rclc
[1.020s] -- Install configuration: ""
[1.022s] -- Execute custom install script
[1.025s] -- Up-to-date symlink: /home/ubuntu/microros_ws/install/rclc/include/rclc/action_client.h
[1.026s] -- Up-to-date symlink: /home/ubuntu/microros_ws/install/rclc/include/rclc/action_goal_handle.h
[1.027s] -- Up-to-date symlink: /home/ubuntu/microros_ws/install/rclc/include/rclc/action_server.h
[1.028s] -- Up-to-date symlink: /home/ubuntu/microros_ws/install/rclc/include/rclc/client.h
[1.029s] -- Up-to-date symlink: /home/ubuntu/microros_ws/install/rclc/include/rclc/executor.h
[1.030s] -- Up-to-date symlink: /home/ubuntu/microros_ws/install/rclc/include/rclc/executor_handle.h
[1.032s] -- Up-to-date symlink: /home/ubuntu/microros_ws/install/rclc/include/rclc/init.h
[1.034s] -- Up-to-date symlink: /home/ubuntu/microros_ws/install/rclc/include/rclc/node.h
[1.035s] -- Up-to-date symlink: /home/ubuntu/microros_ws/install/rclc/include/rclc/publisher.h
[1.036s] -- Up-to-date symlink: /home/ubuntu/microros_ws/install/rclc/include/rclc/rclc.h
[1.037s] -- Up-to-date symlink: /home/ubuntu/microros_ws/install/rclc/include/rclc/service.h
[1.038s] -- Up-to-date symlink: /home/ubuntu/microros_ws/install/rclc/include/rclc/sleep.h
[1.039s] -- Up-to-date symlink: /home/ubuntu/microros_ws/install/rclc/include/rclc/subscription.h
[1.040s] -- Up-to-date symlink: /home/ubuntu/microros_ws/install/rclc/include/rclc/timer.h
[1.040s] -- Up-to-date symlink: /home/ubuntu/microros_ws/install/rclc/include/rclc/types.h
[1.042s] -- Up-to-date symlink: /home/ubuntu/microros_ws/install/rclc/include/rclc/visibility_control.h
[1.043s] -- Up-to-date symlink: /home/ubuntu/microros_ws/install/rclc/share/rclc/environment/library_path.sh
[1.043s] -- Up-to-date symlink: /home/ubuntu/microros_ws/install/rclc/share/rclc/environment/library_path.dsv
[1.045s] -- Up-to-date symlink: /home/ubuntu/microros_ws/install/rclc/share/ament_index/resource_index/package_run_dependencies/rclc
[1.046s] -- Up-to-date symlink: /home/ubuntu/microros_ws/install/rclc/share/ament_index/resource_index/parent_prefix_path/rclc
[1.047s] -- Up-to-date symlink: /home/ubuntu/microros_ws/install/rclc/share/rclc/environment/ament_prefix_path.sh
[1.048s] -- Up-to-date symlink: /home/ubuntu/microros_ws/install/rclc/share/rclc/environment/ament_prefix_path.dsv
[1.049s] -- Up-to-date symlink: /home/ubuntu/microros_ws/install/rclc/share/rclc/environment/path.sh
[1.051s] -- Up-to-date symlink: /home/ubuntu/microros_ws/install/rclc/share/rclc/environment/path.dsv
[1.052s] -- Up-to-date symlink: /home/ubuntu/microros_ws/install/rclc/share/rclc/local_setup.bash
[1.053s] -- Up-to-date symlink: /home/ubuntu/microros_ws/install/rclc/share/rclc/local_setup.sh
[1.054s] -- Up-to-date symlink: /home/ubuntu/microros_ws/install/rclc/share/rclc/local_setup.zsh
[1.056s] -- Up-to-date symlink: /home/ubuntu/microros_ws/install/rclc/share/rclc/local_setup.dsv
[1.057s] -- Symlinking: /home/ubuntu/microros_ws/install/rclc/share/rclc/package.dsv
[1.117s] -- Up-to-date symlink: /home/ubuntu/microros_ws/install/rclc/share/ament_index/resource_index/packages/rclc
[1.119s] -- Up-to-date symlink: /home/ubuntu/microros_ws/install/rclc/share/rclc/cmake/ament_cmake_export_include_directories-extras.cmake
[1.120s] -- Up-to-date symlink: /home/ubuntu/microros_ws/install/rclc/share/rclc/cmake/ament_cmake_export_libraries-extras.cmake
[1.122s] -- Up-to-date symlink: /home/ubuntu/microros_ws/install/rclc/share/rclc/cmake/ament_cmake_export_targets-extras.cmake
[1.124s] -- Up-to-date symlink: /home/ubuntu/microros_ws/install/rclc/share/rclc/cmake/ament_cmake_export_dependencies-extras.cmake
[1.126s] -- Up-to-date symlink: /home/ubuntu/microros_ws/install/rclc/share/rclc/cmake/rclcConfig.cmake
[1.128s] -- Up-to-date symlink: /home/ubuntu/microros_ws/install/rclc/share/rclc/cmake/rclcConfig-version.cmake
[1.131s] -- Up-to-date symlink: /home/ubuntu/microros_ws/install/rclc/share/rclc/package.xml
[1.134s] -- Up-to-date: /home/ubuntu/microros_ws/install/rclc/lib/librclc.so
[1.138s] -- Up-to-date: /home/ubuntu/microros_ws/install/rclc/share/rclc/cmake/rclcExport.cmake
[1.139s] -- Up-to-date: /home/ubuntu/microros_ws/install/rclc/share/rclc/cmake/rclcExport-noconfig.cmake
[1.151s] Invoked command in '/home/ubuntu/microros_ws/build/rclc' returned '0': AMENT_PREFIX_PATH=/home/ubuntu/microros_ws/install/test_msgs:/home/ubuntu/microros_ws/install/example_interfaces:/home/ubuntu/microros_ws/install/std_msgs:/home/ubuntu/microros_ws/install/action_msgs:/home/ubuntu/microros_ws/install/unique_identifier_msgs:/home/ubuntu/microros_ws/install/builtin_interfaces:${AMENT_PREFIX_PATH} CMAKE_PREFIX_PATH=/home/ubuntu/microros_ws/install/test_msgs:/home/ubuntu/microros_ws/install/example_interfaces:/home/ubuntu/microros_ws/install/std_msgs:/home/ubuntu/microros_ws/install/action_msgs:/home/ubuntu/microros_ws/install/unique_identifier_msgs:/home/ubuntu/microros_ws/install/builtin_interfaces:/opt/ros/humble LD_LIBRARY_PATH=/home/ubuntu/microros_ws/install/test_msgs/lib:/home/ubuntu/microros_ws/install/example_interfaces/lib:/home/ubuntu/microros_ws/install/std_msgs/lib:/home/ubuntu/microros_ws/install/action_msgs/lib:/home/ubuntu/microros_ws/install/unique_identifier_msgs/lib:/home/ubuntu/microros_ws/install/builtin_interfaces/lib:${LD_LIBRARY_PATH} PYTHONPATH=/home/ubuntu/microros_ws/install/test_msgs/local/lib/python3.10/dist-packages:/home/ubuntu/microros_ws/install/example_interfaces/local/lib/python3.10/dist-packages:/home/ubuntu/microros_ws/install/std_msgs/local/lib/python3.10/dist-packages:/home/ubuntu/microros_ws/install/action_msgs/local/lib/python3.10/dist-packages:/home/ubuntu/microros_ws/install/unique_identifier_msgs/local/lib/python3.10/dist-packages:/home/ubuntu/microros_ws/install/builtin_interfaces/local/lib/python3.10/dist-packages:${PYTHONPATH} /usr/bin/cmake --install /home/ubuntu/microros_ws/build/rclc
