[0.212s] Invoking command in '/home/ubuntu/microros_ws/build/rosidl_typesupport_microxrcedds_cpp': AMENT_PREFIX_PATH=/home/ubuntu/microros_ws/install/rosidl_typesupport_microxrcedds_c:${AMENT_PREFIX_PATH} CMAKE_PREFIX_PATH=/home/ubuntu/microros_ws/install/rosidl_typesupport_microxrcedds_c:/home/ubuntu/microros_ws/install/microcdr:/opt/ros/humble LD_LIBRARY_PATH=/home/ubuntu/microros_ws/install/rosidl_typesupport_microxrcedds_c/lib:/home/ubuntu/microros_ws/install/microcdr/lib:${LD_LIBRARY_PATH} PYTHONPATH=/home/ubuntu/microros_ws/install/rosidl_typesupport_microxrcedds_c/local/lib/python3.10/dist-packages:${PYTHONPATH} /usr/bin/cmake --build /home/ubuntu/microros_ws/build/rosidl_typesupport_microxrcedds_cpp -- -j4 -l4
[0.697s] [100%] Built target rosidl_typesupport_microxrcedds_cpp
[0.709s] [100%] Built target ament_cmake_python_symlink_rosidl_typesupport_microxrcedds_cpp
[3.529s] running egg_info
[3.534s] writing rosidl_typesupport_microxrcedds_cpp.egg-info/PKG-INFO
[3.536s] writing dependency_links to rosidl_typesupport_microxrcedds_cpp.egg-info/dependency_links.txt
[3.538s] writing top-level names to rosidl_typesupport_microxrcedds_cpp.egg-info/top_level.txt
[3.555s] reading manifest file 'rosidl_typesupport_microxrcedds_cpp.egg-info/SOURCES.txt'
[3.563s] writing manifest file 'rosidl_typesupport_microxrcedds_cpp.egg-info/SOURCES.txt'
[3.833s] [100%] Built target ament_cmake_python_build_rosidl_typesupport_microxrcedds_cpp_egg
[3.969s] Invoked command in '/home/ubuntu/microros_ws/build/rosidl_typesupport_microxrcedds_cpp' returned '0': AMENT_PREFIX_PATH=/home/ubuntu/microros_ws/install/rosidl_typesupport_microxrcedds_c:${AMENT_PREFIX_PATH} CMAKE_PREFIX_PATH=/home/ubuntu/microros_ws/install/rosidl_typesupport_microxrcedds_c:/home/ubuntu/microros_ws/install/microcdr:/opt/ros/humble LD_LIBRARY_PATH=/home/ubuntu/microros_ws/install/rosidl_typesupport_microxrcedds_c/lib:/home/ubuntu/microros_ws/install/microcdr/lib:${LD_LIBRARY_PATH} PYTHONPATH=/home/ubuntu/microros_ws/install/rosidl_typesupport_microxrcedds_c/local/lib/python3.10/dist-packages:${PYTHONPATH} /usr/bin/cmake --build /home/ubuntu/microros_ws/build/rosidl_typesupport_microxrcedds_cpp -- -j4 -l4
[4.296s] Invoking command in '/home/ubuntu/microros_ws/build/rosidl_typesupport_microxrcedds_cpp': AMENT_PREFIX_PATH=/home/ubuntu/microros_ws/install/rosidl_typesupport_microxrcedds_c:${AMENT_PREFIX_PATH} CMAKE_PREFIX_PATH=/home/ubuntu/microros_ws/install/rosidl_typesupport_microxrcedds_c:/home/ubuntu/microros_ws/install/microcdr:/opt/ros/humble LD_LIBRARY_PATH=/home/ubuntu/microros_ws/install/rosidl_typesupport_microxrcedds_c/lib:/home/ubuntu/microros_ws/install/microcdr/lib:${LD_LIBRARY_PATH} PYTHONPATH=/home/ubuntu/microros_ws/install/rosidl_typesupport_microxrcedds_c/local/lib/python3.10/dist-packages:${PYTHONPATH} /usr/bin/cmake --install /home/ubuntu/microros_ws/build/rosidl_typesupport_microxrcedds_cpp
[4.375s] -- Install configuration: ""
[4.379s] -- Execute custom install script
[4.389s] -- Up-to-date symlink: /home/ubuntu/microros_ws/install/rosidl_typesupport_microxrcedds_cpp/share/rosidl_typesupport_microxrcedds_cpp/environment/pythonpath.sh
[4.390s] -- Up-to-date symlink: /home/ubuntu/microros_ws/install/rosidl_typesupport_microxrcedds_cpp/share/rosidl_typesupport_microxrcedds_cpp/environment/pythonpath.dsv
[4.393s] -- Up-to-date symlink: /home/ubuntu/microros_ws/install/rosidl_typesupport_microxrcedds_cpp/local/lib/python3.10/dist-packages/rosidl_typesupport_microxrcedds_cpp-3.0.1-py3.10.egg-info/PKG-INFO
[4.395s] -- Up-to-date symlink: /home/ubuntu/microros_ws/install/rosidl_typesupport_microxrcedds_cpp/local/lib/python3.10/dist-packages/rosidl_typesupport_microxrcedds_cpp-3.0.1-py3.10.egg-info/SOURCES.txt
[4.397s] -- Up-to-date symlink: /home/ubuntu/microros_ws/install/rosidl_typesupport_microxrcedds_cpp/local/lib/python3.10/dist-packages/rosidl_typesupport_microxrcedds_cpp-3.0.1-py3.10.egg-info/dependency_links.txt
[4.398s] -- Up-to-date symlink: /home/ubuntu/microros_ws/install/rosidl_typesupport_microxrcedds_cpp/local/lib/python3.10/dist-packages/rosidl_typesupport_microxrcedds_cpp-3.0.1-py3.10.egg-info/top_level.txt
[4.404s] -- Up-to-date symlink: /home/ubuntu/microros_ws/install/rosidl_typesupport_microxrcedds_cpp/local/lib/python3.10/dist-packages/rosidl_typesupport_microxrcedds_cpp/__init__.py
[4.406s] -- Up-to-date symlink: /home/ubuntu/microros_ws/install/rosidl_typesupport_microxrcedds_cpp/share/rosidl_typesupport_microxrcedds_cpp/environment/library_path.sh
[4.408s] -- Up-to-date symlink: /home/ubuntu/microros_ws/install/rosidl_typesupport_microxrcedds_cpp/share/rosidl_typesupport_microxrcedds_cpp/environment/library_path.dsv
[4.410s] -- Up-to-date symlink: /home/ubuntu/microros_ws/install/rosidl_typesupport_microxrcedds_cpp/share/ament_index/resource_index/rosidl_typesupport_cpp/rosidl_typesupport_microxrcedds_cpp
[4.412s] -- Up-to-date symlink: /home/ubuntu/microros_ws/install/rosidl_typesupport_microxrcedds_cpp/share/ament_index/resource_index/package_run_dependencies/rosidl_typesupport_microxrcedds_cpp
[4.414s] -- Up-to-date symlink: /home/ubuntu/microros_ws/install/rosidl_typesupport_microxrcedds_cpp/share/ament_index/resource_index/parent_prefix_path/rosidl_typesupport_microxrcedds_cpp
[4.416s] -- Up-to-date symlink: /home/ubuntu/microros_ws/install/rosidl_typesupport_microxrcedds_cpp/share/rosidl_typesupport_microxrcedds_cpp/environment/ament_prefix_path.sh
[4.420s] -- Up-to-date symlink: /home/ubuntu/microros_ws/install/rosidl_typesupport_microxrcedds_cpp/share/rosidl_typesupport_microxrcedds_cpp/environment/ament_prefix_path.dsv
[4.422s] -- Up-to-date symlink: /home/ubuntu/microros_ws/install/rosidl_typesupport_microxrcedds_cpp/share/rosidl_typesupport_microxrcedds_cpp/environment/path.sh
[4.424s] -- Up-to-date symlink: /home/ubuntu/microros_ws/install/rosidl_typesupport_microxrcedds_cpp/share/rosidl_typesupport_microxrcedds_cpp/environment/path.dsv
[4.425s] -- Up-to-date symlink: /home/ubuntu/microros_ws/install/rosidl_typesupport_microxrcedds_cpp/share/rosidl_typesupport_microxrcedds_cpp/local_setup.bash
[4.428s] -- Up-to-date symlink: /home/ubuntu/microros_ws/install/rosidl_typesupport_microxrcedds_cpp/share/rosidl_typesupport_microxrcedds_cpp/local_setup.sh
[4.429s] -- Up-to-date symlink: /home/ubuntu/microros_ws/install/rosidl_typesupport_microxrcedds_cpp/share/rosidl_typesupport_microxrcedds_cpp/local_setup.zsh
[4.431s] -- Up-to-date symlink: /home/ubuntu/microros_ws/install/rosidl_typesupport_microxrcedds_cpp/share/rosidl_typesupport_microxrcedds_cpp/local_setup.dsv
[4.432s] -- Symlinking: /home/ubuntu/microros_ws/install/rosidl_typesupport_microxrcedds_cpp/share/rosidl_typesupport_microxrcedds_cpp/package.dsv
[4.495s] -- Up-to-date symlink: /home/ubuntu/microros_ws/install/rosidl_typesupport_microxrcedds_cpp/share/ament_index/resource_index/packages/rosidl_typesupport_microxrcedds_cpp
[4.497s] -- Up-to-date symlink: /home/ubuntu/microros_ws/install/rosidl_typesupport_microxrcedds_cpp/share/rosidl_typesupport_microxrcedds_cpp/cmake/rosidl_typesupport_microxrcedds_cpp-extras.cmake
[4.501s] -- Up-to-date symlink: /home/ubuntu/microros_ws/install/rosidl_typesupport_microxrcedds_cpp/share/rosidl_typesupport_microxrcedds_cpp/cmake/ament_cmake_export_dependencies-extras.cmake
[4.502s] -- Up-to-date symlink: /home/ubuntu/microros_ws/install/rosidl_typesupport_microxrcedds_cpp/share/rosidl_typesupport_microxrcedds_cpp/cmake/ament_cmake_export_include_directories-extras.cmake
[4.504s] -- Up-to-date symlink: /home/ubuntu/microros_ws/install/rosidl_typesupport_microxrcedds_cpp/share/rosidl_typesupport_microxrcedds_cpp/cmake/ament_cmake_export_libraries-extras.cmake
[4.506s] -- Up-to-date symlink: /home/ubuntu/microros_ws/install/rosidl_typesupport_microxrcedds_cpp/share/rosidl_typesupport_microxrcedds_cpp/cmake/ament_cmake_export_targets-extras.cmake
[4.509s] -- Up-to-date symlink: /home/ubuntu/microros_ws/install/rosidl_typesupport_microxrcedds_cpp/share/rosidl_typesupport_microxrcedds_cpp/cmake/rosidl_typesupport_microxrcedds_cppConfig.cmake
[4.512s] -- Up-to-date symlink: /home/ubuntu/microros_ws/install/rosidl_typesupport_microxrcedds_cpp/share/rosidl_typesupport_microxrcedds_cpp/cmake/rosidl_typesupport_microxrcedds_cppConfig-version.cmake
[4.516s] -- Up-to-date symlink: /home/ubuntu/microros_ws/install/rosidl_typesupport_microxrcedds_cpp/share/rosidl_typesupport_microxrcedds_cpp/package.xml
[4.519s] -- Up-to-date symlink: /home/ubuntu/microros_ws/install/rosidl_typesupport_microxrcedds_cpp/lib/rosidl_typesupport_microxrcedds_cpp/rosidl_typesupport_microxrcedds_cpp
[4.523s] -- Up-to-date symlink: /home/ubuntu/microros_ws/install/rosidl_typesupport_microxrcedds_cpp/share/rosidl_typesupport_microxrcedds_cpp/cmake/rosidl_typesupport_microxrcedds_cpp_generate_interfaces.cmake
[4.528s] -- Up-to-date symlink: /home/ubuntu/microros_ws/install/rosidl_typesupport_microxrcedds_cpp/share/rosidl_typesupport_microxrcedds_cpp/resource/idl__rosidl_typesupport_microxrcedds_cpp.hpp.em
[4.532s] -- Up-to-date symlink: /home/ubuntu/microros_ws/install/rosidl_typesupport_microxrcedds_cpp/share/rosidl_typesupport_microxrcedds_cpp/resource/idl__type_support_cpp.cpp.em
[4.535s] -- Up-to-date symlink: /home/ubuntu/microros_ws/install/rosidl_typesupport_microxrcedds_cpp/share/rosidl_typesupport_microxrcedds_cpp/resource/msg__rosidl_typesupport_microxrcedds_cpp.hpp.em
[4.539s] -- Up-to-date symlink: /home/ubuntu/microros_ws/install/rosidl_typesupport_microxrcedds_cpp/share/rosidl_typesupport_microxrcedds_cpp/resource/msg__type_support_cpp.cpp.em
[4.541s] -- Up-to-date symlink: /home/ubuntu/microros_ws/install/rosidl_typesupport_microxrcedds_cpp/share/rosidl_typesupport_microxrcedds_cpp/resource/rosidl_typesupport_microxrcedds_cpp__visibility_control.h.in
[4.544s] -- Up-to-date symlink: /home/ubuntu/microros_ws/install/rosidl_typesupport_microxrcedds_cpp/share/rosidl_typesupport_microxrcedds_cpp/resource/srv__rosidl_typesupport_microxrcedds_cpp.hpp.em
[4.548s] -- Up-to-date symlink: /home/ubuntu/microros_ws/install/rosidl_typesupport_microxrcedds_cpp/share/rosidl_typesupport_microxrcedds_cpp/resource/srv__type_support_cpp.cpp.em
[4.553s] -- Up-to-date symlink: /home/ubuntu/microros_ws/install/rosidl_typesupport_microxrcedds_cpp/include/rosidl_typesupport_microxrcedds_cpp/identifier.h
[4.563s] -- Up-to-date symlink: /home/ubuntu/microros_ws/install/rosidl_typesupport_microxrcedds_cpp/include/rosidl_typesupport_microxrcedds_cpp/identifier.hpp
[4.569s] -- Up-to-date symlink: /home/ubuntu/microros_ws/install/rosidl_typesupport_microxrcedds_cpp/include/rosidl_typesupport_microxrcedds_cpp/message_type_support_decl.hpp
[4.571s] -- Up-to-date symlink: /home/ubuntu/microros_ws/install/rosidl_typesupport_microxrcedds_cpp/include/rosidl_typesupport_microxrcedds_cpp/service_type_support_decl.hpp
[4.574s] -- Up-to-date symlink: /home/ubuntu/microros_ws/install/rosidl_typesupport_microxrcedds_cpp/include/rosidl_typesupport_microxrcedds_cpp/visibility_control.h
[4.882s] Listing '/home/ubuntu/microros_ws/install/rosidl_typesupport_microxrcedds_cpp/local/lib/python3.10/dist-packages/rosidl_typesupport_microxrcedds_cpp'...
[4.961s] -- Up-to-date: /home/ubuntu/microros_ws/install/rosidl_typesupport_microxrcedds_cpp/share/rosidl_typesupport_microxrcedds_cpp/cmake/rosidl_typesupport_microxrcedds_cppExport.cmake
[4.962s] -- Up-to-date: /home/ubuntu/microros_ws/install/rosidl_typesupport_microxrcedds_cpp/share/rosidl_typesupport_microxrcedds_cpp/cmake/rosidl_typesupport_microxrcedds_cppExport-noconfig.cmake
[4.963s] -- Up-to-date: /home/ubuntu/microros_ws/install/rosidl_typesupport_microxrcedds_cpp/lib/librosidl_typesupport_microxrcedds_cpp.so
[5.004s] Invoked command in '/home/ubuntu/microros_ws/build/rosidl_typesupport_microxrcedds_cpp' returned '0': AMENT_PREFIX_PATH=/home/ubuntu/microros_ws/install/rosidl_typesupport_microxrcedds_c:${AMENT_PREFIX_PATH} CMAKE_PREFIX_PATH=/home/ubuntu/microros_ws/install/rosidl_typesupport_microxrcedds_c:/home/ubuntu/microros_ws/install/microcdr:/opt/ros/humble LD_LIBRARY_PATH=/home/ubuntu/microros_ws/install/rosidl_typesupport_microxrcedds_c/lib:/home/ubuntu/microros_ws/install/microcdr/lib:${LD_LIBRARY_PATH} PYTHONPATH=/home/ubuntu/microros_ws/install/rosidl_typesupport_microxrcedds_c/local/lib/python3.10/dist-packages:${PYTHONPATH} /usr/bin/cmake --install /home/ubuntu/microros_ws/build/rosidl_typesupport_microxrcedds_cpp
