[  2%] Built target composition_interfaces__cpp
[  2%] Built target ament_cmake_python_symlink_composition_interfaces
[ 12%] Built target composition_interfaces__rosidl_typesupport_fastrtps_cpp
[ 23%] Built target composition_interfaces__rosidl_typesupport_introspection_cpp
running egg_info
writing composition_interfaces.egg-info/PKG-INFO
writing dependency_links to composition_interfaces.egg-info/dependency_links.txt
writing top-level names to composition_interfaces.egg-info/top_level.txt
reading manifest file 'composition_interfaces.egg-info/SOURCES.txt'
writing manifest file 'composition_interfaces.egg-info/SOURCES.txt'
[ 23%] Built target ament_cmake_python_build_composition_interfaces_egg
[35m[1mConsolidate compiler generated dependencies of target composition_interfaces__rosidl_typesupport_cpp[0m
[ 34%] Built target composition_interfaces__rosidl_typesupport_cpp
[ 44%] Built target composition_interfaces__rosidl_generator_c
[ 55%] Built target composition_interfaces__rosidl_typesupport_fastrtps_c
[35m[1mConsolidate compiler generated dependencies of target composition_interfaces__rosidl_typesupport_c[0m
[ 65%] Built target composition_interfaces__rosidl_typesupport_c
[ 76%] Built target composition_interfaces__rosidl_typesupport_introspection_c
[ 76%] Built target composition_interfaces
[ 78%] Built target composition_interfaces__py
[ 87%] Built target composition_interfaces__rosidl_generator_py
[ 91%] Built target composition_interfaces__rosidl_typesupport_fastrtps_c__pyext
[ 95%] Built target composition_interfaces__rosidl_typesupport_c__pyext
[100%] Built target composition_interfaces__rosidl_typesupport_introspection_c__pyext
-- Install configuration: ""
-- Execute custom install script
-- Symlinking: /home/ubuntu/microros_ws/install/composition_interfaces/share/ament_index/resource_index/rosidl_interfaces/composition_interfaces
-- Symlinking: /home/ubuntu/microros_ws/install/composition_interfaces/include/composition_interfaces/composition_interfaces/msg/rosidl_generator_c__visibility_control.h
-- Symlinking: /home/ubuntu/microros_ws/install/composition_interfaces/include/composition_interfaces/composition_interfaces/srv/detail/list_nodes__functions.h
-- Symlinking: /home/ubuntu/microros_ws/install/composition_interfaces/include/composition_interfaces/composition_interfaces/srv/detail/list_nodes__struct.h
-- Symlinking: /home/ubuntu/microros_ws/install/composition_interfaces/include/composition_interfaces/composition_interfaces/srv/detail/list_nodes__type_support.h
-- Symlinking: /home/ubuntu/microros_ws/install/composition_interfaces/include/composition_interfaces/composition_interfaces/srv/detail/load_node__functions.h
-- Symlinking: /home/ubuntu/microros_ws/install/composition_interfaces/include/composition_interfaces/composition_interfaces/srv/detail/load_node__struct.h
-- Symlinking: /home/ubuntu/microros_ws/install/composition_interfaces/include/composition_interfaces/composition_interfaces/srv/detail/load_node__type_support.h
-- Symlinking: /home/ubuntu/microros_ws/install/composition_interfaces/include/composition_interfaces/composition_interfaces/srv/detail/unload_node__functions.h
-- Symlinking: /home/ubuntu/microros_ws/install/composition_interfaces/include/composition_interfaces/composition_interfaces/srv/detail/unload_node__struct.h
-- Symlinking: /home/ubuntu/microros_ws/install/composition_interfaces/include/composition_interfaces/composition_interfaces/srv/detail/unload_node__type_support.h
-- Symlinking: /home/ubuntu/microros_ws/install/composition_interfaces/include/composition_interfaces/composition_interfaces/srv/list_nodes.h
-- Symlinking: /home/ubuntu/microros_ws/install/composition_interfaces/include/composition_interfaces/composition_interfaces/srv/load_node.h
-- Symlinking: /home/ubuntu/microros_ws/install/composition_interfaces/include/composition_interfaces/composition_interfaces/srv/unload_node.h
-- Symlinking: /home/ubuntu/microros_ws/install/composition_interfaces/share/composition_interfaces/environment/library_path.sh
-- Symlinking: /home/ubuntu/microros_ws/install/composition_interfaces/share/composition_interfaces/environment/library_path.dsv
-- Symlinking: /home/ubuntu/microros_ws/install/composition_interfaces/include/composition_interfaces/composition_interfaces/msg/rosidl_typesupport_fastrtps_c__visibility_control.h
-- Symlinking: /home/ubuntu/microros_ws/install/composition_interfaces/include/composition_interfaces/composition_interfaces/srv/detail/list_nodes__rosidl_typesupport_fastrtps_c.h
-- Symlinking: /home/ubuntu/microros_ws/install/composition_interfaces/include/composition_interfaces/composition_interfaces/srv/detail/load_node__rosidl_typesupport_fastrtps_c.h
-- Symlinking: /home/ubuntu/microros_ws/install/composition_interfaces/include/composition_interfaces/composition_interfaces/srv/detail/unload_node__rosidl_typesupport_fastrtps_c.h
-- Symlinking: /home/ubuntu/microros_ws/install/composition_interfaces/include/composition_interfaces/composition_interfaces/msg/rosidl_typesupport_introspection_c__visibility_control.h
-- Symlinking: /home/ubuntu/microros_ws/install/composition_interfaces/include/composition_interfaces/composition_interfaces/srv/detail/list_nodes__rosidl_typesupport_introspection_c.h
-- Symlinking: /home/ubuntu/microros_ws/install/composition_interfaces/include/composition_interfaces/composition_interfaces/srv/detail/load_node__rosidl_typesupport_introspection_c.h
-- Symlinking: /home/ubuntu/microros_ws/install/composition_interfaces/include/composition_interfaces/composition_interfaces/srv/detail/unload_node__rosidl_typesupport_introspection_c.h
-- Symlinking: /home/ubuntu/microros_ws/install/composition_interfaces/include/composition_interfaces/composition_interfaces/srv/detail/list_nodes__builder.hpp
-- Symlinking: /home/ubuntu/microros_ws/install/composition_interfaces/include/composition_interfaces/composition_interfaces/srv/detail/list_nodes__struct.hpp
-- Symlinking: /home/ubuntu/microros_ws/install/composition_interfaces/include/composition_interfaces/composition_interfaces/srv/detail/list_nodes__traits.hpp
-- Symlinking: /home/ubuntu/microros_ws/install/composition_interfaces/include/composition_interfaces/composition_interfaces/srv/detail/load_node__builder.hpp
-- Symlinking: /home/ubuntu/microros_ws/install/composition_interfaces/include/composition_interfaces/composition_interfaces/srv/detail/load_node__struct.hpp
-- Symlinking: /home/ubuntu/microros_ws/install/composition_interfaces/include/composition_interfaces/composition_interfaces/srv/detail/load_node__traits.hpp
-- Symlinking: /home/ubuntu/microros_ws/install/composition_interfaces/include/composition_interfaces/composition_interfaces/srv/detail/unload_node__builder.hpp
-- Symlinking: /home/ubuntu/microros_ws/install/composition_interfaces/include/composition_interfaces/composition_interfaces/srv/detail/unload_node__struct.hpp
-- Symlinking: /home/ubuntu/microros_ws/install/composition_interfaces/include/composition_interfaces/composition_interfaces/srv/detail/unload_node__traits.hpp
-- Symlinking: /home/ubuntu/microros_ws/install/composition_interfaces/include/composition_interfaces/composition_interfaces/srv/list_nodes.hpp
-- Symlinking: /home/ubuntu/microros_ws/install/composition_interfaces/include/composition_interfaces/composition_interfaces/srv/load_node.hpp
-- Symlinking: /home/ubuntu/microros_ws/install/composition_interfaces/include/composition_interfaces/composition_interfaces/srv/unload_node.hpp
-- Symlinking: /home/ubuntu/microros_ws/install/composition_interfaces/include/composition_interfaces/composition_interfaces/msg/rosidl_typesupport_fastrtps_cpp__visibility_control.h
-- Symlinking: /home/ubuntu/microros_ws/install/composition_interfaces/include/composition_interfaces/composition_interfaces/srv/detail/list_nodes__rosidl_typesupport_fastrtps_cpp.hpp
-- Symlinking: /home/ubuntu/microros_ws/install/composition_interfaces/include/composition_interfaces/composition_interfaces/srv/detail/load_node__rosidl_typesupport_fastrtps_cpp.hpp
-- Symlinking: /home/ubuntu/microros_ws/install/composition_interfaces/include/composition_interfaces/composition_interfaces/srv/detail/unload_node__rosidl_typesupport_fastrtps_cpp.hpp
-- Symlinking: /home/ubuntu/microros_ws/install/composition_interfaces/include/composition_interfaces/composition_interfaces/srv/detail/list_nodes__rosidl_typesupport_introspection_cpp.hpp
-- Symlinking: /home/ubuntu/microros_ws/install/composition_interfaces/include/composition_interfaces/composition_interfaces/srv/detail/load_node__rosidl_typesupport_introspection_cpp.hpp
-- Symlinking: /home/ubuntu/microros_ws/install/composition_interfaces/include/composition_interfaces/composition_interfaces/srv/detail/unload_node__rosidl_typesupport_introspection_cpp.hpp
-- Symlinking: /home/ubuntu/microros_ws/install/composition_interfaces/share/composition_interfaces/environment/pythonpath.sh
-- Symlinking: /home/ubuntu/microros_ws/install/composition_interfaces/share/composition_interfaces/environment/pythonpath.dsv
-- Symlinking: /home/ubuntu/microros_ws/install/composition_interfaces/local/lib/python3.10/dist-packages/composition_interfaces-1.2.1-py3.10.egg-info/PKG-INFO
-- Symlinking: /home/ubuntu/microros_ws/install/composition_interfaces/local/lib/python3.10/dist-packages/composition_interfaces-1.2.1-py3.10.egg-info/SOURCES.txt
-- Symlinking: /home/ubuntu/microros_ws/install/composition_interfaces/local/lib/python3.10/dist-packages/composition_interfaces-1.2.1-py3.10.egg-info/dependency_links.txt
-- Symlinking: /home/ubuntu/microros_ws/install/composition_interfaces/local/lib/python3.10/dist-packages/composition_interfaces-1.2.1-py3.10.egg-info/top_level.txt
-- Symlinking: /home/ubuntu/microros_ws/install/composition_interfaces/local/lib/python3.10/dist-packages/composition_interfaces/__init__.py
-- Symlinking: /home/ubuntu/microros_ws/install/composition_interfaces/local/lib/python3.10/dist-packages/composition_interfaces/_composition_interfaces_s.ep.rosidl_typesupport_c.c
-- Symlinking: /home/ubuntu/microros_ws/install/composition_interfaces/local/lib/python3.10/dist-packages/composition_interfaces/_composition_interfaces_s.ep.rosidl_typesupport_fastrtps_c.c
-- Symlinking: /home/ubuntu/microros_ws/install/composition_interfaces/local/lib/python3.10/dist-packages/composition_interfaces/_composition_interfaces_s.ep.rosidl_typesupport_introspection_c.c
-- Symlinking: /home/ubuntu/microros_ws/install/composition_interfaces/local/lib/python3.10/dist-packages/composition_interfaces/_composition_interfaces_s.ep.rosidl_typesupport_microxrcedds_c.c
-- Symlinking: /home/ubuntu/microros_ws/install/composition_interfaces/local/lib/python3.10/dist-packages/composition_interfaces/composition_interfaces_s__rosidl_typesupport_c.cpython-310-aarch64-linux-gnu.so
-- Symlinking: /home/ubuntu/microros_ws/install/composition_interfaces/local/lib/python3.10/dist-packages/composition_interfaces/composition_interfaces_s__rosidl_typesupport_fastrtps_c.cpython-310-aarch64-linux-gnu.so
-- Symlinking: /home/ubuntu/microros_ws/install/composition_interfaces/local/lib/python3.10/dist-packages/composition_interfaces/composition_interfaces_s__rosidl_typesupport_introspection_c.cpython-310-aarch64-linux-gnu.so
-- Symlinking: /home/ubuntu/microros_ws/install/composition_interfaces/local/lib/python3.10/dist-packages/composition_interfaces/composition_interfaces_s__rosidl_typesupport_microxrcedds_c.cpython-310-aarch64-linux-gnu.so
-- Symlinking: /home/ubuntu/microros_ws/install/composition_interfaces/local/lib/python3.10/dist-packages/composition_interfaces/libcomposition_interfaces__rosidl_generator_py.so
-- Symlinking: /home/ubuntu/microros_ws/install/composition_interfaces/local/lib/python3.10/dist-packages/composition_interfaces/srv/__init__.py
-- Symlinking: /home/ubuntu/microros_ws/install/composition_interfaces/local/lib/python3.10/dist-packages/composition_interfaces/srv/_list_nodes.py
-- Symlinking: /home/ubuntu/microros_ws/install/composition_interfaces/local/lib/python3.10/dist-packages/composition_interfaces/srv/_list_nodes_s.c
-- Symlinking: /home/ubuntu/microros_ws/install/composition_interfaces/local/lib/python3.10/dist-packages/composition_interfaces/srv/_load_node.py
-- Symlinking: /home/ubuntu/microros_ws/install/composition_interfaces/local/lib/python3.10/dist-packages/composition_interfaces/srv/_load_node_s.c
-- Symlinking: /home/ubuntu/microros_ws/install/composition_interfaces/local/lib/python3.10/dist-packages/composition_interfaces/srv/_unload_node.py
-- Symlinking: /home/ubuntu/microros_ws/install/composition_interfaces/local/lib/python3.10/dist-packages/composition_interfaces/srv/_unload_node_s.c
-- Up-to-date symlink: /home/ubuntu/microros_ws/install/composition_interfaces/local/lib/python3.10/dist-packages/composition_interfaces/composition_interfaces_s__rosidl_typesupport_fastrtps_c.cpython-310-aarch64-linux-gnu.so
-- Up-to-date symlink: /home/ubuntu/microros_ws/install/composition_interfaces/local/lib/python3.10/dist-packages/composition_interfaces/composition_interfaces_s__rosidl_typesupport_introspection_c.cpython-310-aarch64-linux-gnu.so
-- Up-to-date symlink: /home/ubuntu/microros_ws/install/composition_interfaces/local/lib/python3.10/dist-packages/composition_interfaces/composition_interfaces_s__rosidl_typesupport_c.cpython-310-aarch64-linux-gnu.so
-- Symlinking: /home/ubuntu/microros_ws/install/composition_interfaces/share/composition_interfaces/srv/LoadNode.idl
-- Symlinking: /home/ubuntu/microros_ws/install/composition_interfaces/share/composition_interfaces/srv/ListNodes.idl
-- Symlinking: /home/ubuntu/microros_ws/install/composition_interfaces/share/composition_interfaces/srv/UnloadNode.idl
-- Symlinking: /home/ubuntu/microros_ws/install/composition_interfaces/share/composition_interfaces/srv/LoadNode.srv
-- Symlinking: /home/ubuntu/microros_ws/install/composition_interfaces/share/composition_interfaces/srv/LoadNode_Request.msg
-- Symlinking: /home/ubuntu/microros_ws/install/composition_interfaces/share/composition_interfaces/srv/LoadNode_Response.msg
-- Symlinking: /home/ubuntu/microros_ws/install/composition_interfaces/share/composition_interfaces/srv/ListNodes.srv
-- Symlinking: /home/ubuntu/microros_ws/install/composition_interfaces/share/composition_interfaces/srv/ListNodes_Request.msg
-- Symlinking: /home/ubuntu/microros_ws/install/composition_interfaces/share/composition_interfaces/srv/ListNodes_Response.msg
-- Symlinking: /home/ubuntu/microros_ws/install/composition_interfaces/share/composition_interfaces/srv/UnloadNode.srv
-- Symlinking: /home/ubuntu/microros_ws/install/composition_interfaces/share/composition_interfaces/srv/UnloadNode_Request.msg
-- Symlinking: /home/ubuntu/microros_ws/install/composition_interfaces/share/composition_interfaces/srv/UnloadNode_Response.msg
-- Symlinking: /home/ubuntu/microros_ws/install/composition_interfaces/share/ament_index/resource_index/package_run_dependencies/composition_interfaces
-- Symlinking: /home/ubuntu/microros_ws/install/composition_interfaces/share/ament_index/resource_index/parent_prefix_path/composition_interfaces
-- Symlinking: /home/ubuntu/microros_ws/install/composition_interfaces/share/composition_interfaces/environment/ament_prefix_path.sh
-- Symlinking: /home/ubuntu/microros_ws/install/composition_interfaces/share/composition_interfaces/environment/ament_prefix_path.dsv
-- Symlinking: /home/ubuntu/microros_ws/install/composition_interfaces/share/composition_interfaces/environment/path.sh
-- Symlinking: /home/ubuntu/microros_ws/install/composition_interfaces/share/composition_interfaces/environment/path.dsv
-- Symlinking: /home/ubuntu/microros_ws/install/composition_interfaces/share/composition_interfaces/local_setup.bash
-- Symlinking: /home/ubuntu/microros_ws/install/composition_interfaces/share/composition_interfaces/local_setup.sh
-- Symlinking: /home/ubuntu/microros_ws/install/composition_interfaces/share/composition_interfaces/local_setup.zsh
-- Symlinking: /home/ubuntu/microros_ws/install/composition_interfaces/share/composition_interfaces/local_setup.dsv
-- Symlinking: /home/ubuntu/microros_ws/install/composition_interfaces/share/composition_interfaces/package.dsv
-- Symlinking: /home/ubuntu/microros_ws/install/composition_interfaces/share/ament_index/resource_index/packages/composition_interfaces
-- Symlinking: /home/ubuntu/microros_ws/install/composition_interfaces/share/composition_interfaces/cmake/rosidl_cmake-extras.cmake
-- Symlinking: /home/ubuntu/microros_ws/install/composition_interfaces/share/composition_interfaces/cmake/ament_cmake_export_dependencies-extras.cmake
-- Symlinking: /home/ubuntu/microros_ws/install/composition_interfaces/share/composition_interfaces/cmake/ament_cmake_export_include_directories-extras.cmake
-- Symlinking: /home/ubuntu/microros_ws/install/composition_interfaces/share/composition_interfaces/cmake/ament_cmake_export_libraries-extras.cmake
-- Symlinking: /home/ubuntu/microros_ws/install/composition_interfaces/share/composition_interfaces/cmake/ament_cmake_export_targets-extras.cmake
-- Symlinking: /home/ubuntu/microros_ws/install/composition_interfaces/share/composition_interfaces/cmake/rosidl_cmake_export_typesupport_targets-extras.cmake
-- Symlinking: /home/ubuntu/microros_ws/install/composition_interfaces/share/composition_interfaces/cmake/rosidl_cmake_export_typesupport_libraries-extras.cmake
-- Symlinking: /home/ubuntu/microros_ws/install/composition_interfaces/share/composition_interfaces/cmake/composition_interfacesConfig.cmake
-- Symlinking: /home/ubuntu/microros_ws/install/composition_interfaces/share/composition_interfaces/cmake/composition_interfacesConfig-version.cmake
-- Symlinking: /home/ubuntu/microros_ws/install/composition_interfaces/share/composition_interfaces/package.xml
-- Up-to-date: /home/ubuntu/microros_ws/install/composition_interfaces/lib/libcomposition_interfaces__rosidl_generator_c.so
-- Up-to-date: /home/ubuntu/microros_ws/install/composition_interfaces/lib/libcomposition_interfaces__rosidl_typesupport_fastrtps_c.so
-- Up-to-date: /home/ubuntu/microros_ws/install/composition_interfaces/lib/libcomposition_interfaces__rosidl_typesupport_introspection_c.so
-- Installing: /home/ubuntu/microros_ws/install/composition_interfaces/lib/libcomposition_interfaces__rosidl_typesupport_c.so
-- Set runtime path of "/home/ubuntu/microros_ws/install/composition_interfaces/lib/libcomposition_interfaces__rosidl_typesupport_c.so" to ""
-- Up-to-date: /home/ubuntu/microros_ws/install/composition_interfaces/lib/libcomposition_interfaces__rosidl_typesupport_fastrtps_cpp.so
-- Up-to-date: /home/ubuntu/microros_ws/install/composition_interfaces/lib/libcomposition_interfaces__rosidl_typesupport_introspection_cpp.so
-- Installing: /home/ubuntu/microros_ws/install/composition_interfaces/lib/libcomposition_interfaces__rosidl_typesupport_cpp.so
-- Set runtime path of "/home/ubuntu/microros_ws/install/composition_interfaces/lib/libcomposition_interfaces__rosidl_typesupport_cpp.so" to ""
Listing '/home/ubuntu/microros_ws/install/composition_interfaces/local/lib/python3.10/dist-packages/composition_interfaces'...
Compiling '/home/ubuntu/microros_ws/install/composition_interfaces/local/lib/python3.10/dist-packages/composition_interfaces/__init__.py'...
Listing '/home/ubuntu/microros_ws/install/composition_interfaces/local/lib/python3.10/dist-packages/composition_interfaces/srv'...
-- Installing: /home/ubuntu/microros_ws/install/composition_interfaces/lib/libcomposition_interfaces__rosidl_generator_py.so
-- Set runtime path of "/home/ubuntu/microros_ws/install/composition_interfaces/lib/libcomposition_interfaces__rosidl_generator_py.so" to ""
-- Up-to-date: /home/ubuntu/microros_ws/install/composition_interfaces/share/composition_interfaces/cmake/export_composition_interfaces__rosidl_generator_cExport.cmake
-- Up-to-date: /home/ubuntu/microros_ws/install/composition_interfaces/share/composition_interfaces/cmake/export_composition_interfaces__rosidl_generator_cExport-noconfig.cmake
-- Up-to-date: /home/ubuntu/microros_ws/install/composition_interfaces/share/composition_interfaces/cmake/export_composition_interfaces__rosidl_typesupport_fastrtps_cExport.cmake
-- Up-to-date: /home/ubuntu/microros_ws/install/composition_interfaces/share/composition_interfaces/cmake/export_composition_interfaces__rosidl_typesupport_fastrtps_cExport-noconfig.cmake
-- Up-to-date: /home/ubuntu/microros_ws/install/composition_interfaces/share/composition_interfaces/cmake/composition_interfaces__rosidl_typesupport_introspection_cExport.cmake
-- Up-to-date: /home/ubuntu/microros_ws/install/composition_interfaces/share/composition_interfaces/cmake/composition_interfaces__rosidl_typesupport_introspection_cExport-noconfig.cmake
-- Up-to-date: /home/ubuntu/microros_ws/install/composition_interfaces/share/composition_interfaces/cmake/composition_interfaces__rosidl_typesupport_cExport.cmake
-- Up-to-date: /home/ubuntu/microros_ws/install/composition_interfaces/share/composition_interfaces/cmake/composition_interfaces__rosidl_typesupport_cExport-noconfig.cmake
-- Up-to-date: /home/ubuntu/microros_ws/install/composition_interfaces/share/composition_interfaces/cmake/export_composition_interfaces__rosidl_generator_cppExport.cmake
-- Up-to-date: /home/ubuntu/microros_ws/install/composition_interfaces/share/composition_interfaces/cmake/export_composition_interfaces__rosidl_typesupport_fastrtps_cppExport.cmake
-- Up-to-date: /home/ubuntu/microros_ws/install/composition_interfaces/share/composition_interfaces/cmake/export_composition_interfaces__rosidl_typesupport_fastrtps_cppExport-noconfig.cmake
-- Up-to-date: /home/ubuntu/microros_ws/install/composition_interfaces/share/composition_interfaces/cmake/composition_interfaces__rosidl_typesupport_introspection_cppExport.cmake
-- Up-to-date: /home/ubuntu/microros_ws/install/composition_interfaces/share/composition_interfaces/cmake/composition_interfaces__rosidl_typesupport_introspection_cppExport-noconfig.cmake
-- Up-to-date: /home/ubuntu/microros_ws/install/composition_interfaces/share/composition_interfaces/cmake/composition_interfaces__rosidl_typesupport_cppExport.cmake
-- Up-to-date: /home/ubuntu/microros_ws/install/composition_interfaces/share/composition_interfaces/cmake/composition_interfaces__rosidl_typesupport_cppExport-noconfig.cmake
-- Up-to-date: /home/ubuntu/microros_ws/install/composition_interfaces/share/composition_interfaces/cmake/export_composition_interfaces__rosidl_generator_pyExport.cmake
-- Up-to-date: /home/ubuntu/microros_ws/install/composition_interfaces/share/composition_interfaces/cmake/export_composition_interfaces__rosidl_generator_pyExport-noconfig.cmake
