[0.123s] Invoking command in '/home/ubuntu/microros_ws/build/micro_ros_msgs': CMAKE_PREFIX_PATH=/opt/ros/humble /usr/bin/cmake --build /home/ubuntu/microros_ws/build/micro_ros_msgs -- -j4 -l4
[0.587s] [  1%] Built target micro_ros_msgs__cpp
[0.589s] [ 10%] Built target micro_ros_msgs__rosidl_generator_c
[0.772s] [ 10%] Built target ament_cmake_python_symlink_micro_ros_msgs
[1.029s] [ 18%] Built target micro_ros_msgs__rosidl_typesupport_fastrtps_cpp
[1.045s] [ 27%] Built target micro_ros_msgs__rosidl_typesupport_cpp
[1.060s] [ 35%] Built target micro_ros_msgs__rosidl_typesupport_microxrcedds_cpp
[1.292s] [ 44%] Built target micro_ros_msgs__rosidl_typesupport_introspection_cpp
[1.451s] [ 52%] Built target micro_ros_msgs__rosidl_typesupport_microxrcedds_c
[1.535s] [ 61%] Built target micro_ros_msgs__rosidl_typesupport_fastrtps_c
[1.687s] [ 69%] Built target micro_ros_msgs__rosidl_typesupport_introspection_c
[1.778s] [ 77%] Built target micro_ros_msgs__rosidl_typesupport_c
[2.044s] [ 77%] Built target micro_ros_msgs
[2.311s] [ 79%] Built target micro_ros_msgs__py
[2.569s] [ 86%] Built target micro_ros_msgs__rosidl_generator_py
[2.921s] [ 89%] Built target micro_ros_msgs__rosidl_typesupport_microxrcedds_c__pyext
[2.990s] [ 93%] Built target micro_ros_msgs__rosidl_typesupport_fastrtps_c__pyext
[3.028s] [ 96%] Built target micro_ros_msgs__rosidl_typesupport_introspection_c__pyext
[3.290s] [100%] Built target micro_ros_msgs__rosidl_typesupport_c__pyext
[4.371s] running egg_info
[4.376s] writing micro_ros_msgs.egg-info/PKG-INFO
[4.378s] writing dependency_links to micro_ros_msgs.egg-info/dependency_links.txt
[4.380s] writing top-level names to micro_ros_msgs.egg-info/top_level.txt
[4.393s] reading manifest file 'micro_ros_msgs.egg-info/SOURCES.txt'
[4.397s] writing manifest file 'micro_ros_msgs.egg-info/SOURCES.txt'
[4.611s] [100%] Built target ament_cmake_python_build_micro_ros_msgs_egg
[4.711s] Invoked command in '/home/ubuntu/microros_ws/build/micro_ros_msgs' returned '0': CMAKE_PREFIX_PATH=/opt/ros/humble /usr/bin/cmake --build /home/ubuntu/microros_ws/build/micro_ros_msgs -- -j4 -l4
[5.796s] Invoking command in '/home/ubuntu/microros_ws/build/micro_ros_msgs': CMAKE_PREFIX_PATH=/opt/ros/humble /usr/bin/cmake --install /home/ubuntu/microros_ws/build/micro_ros_msgs
[5.892s] -- Install configuration: ""
[5.893s] -- Execute custom install script
[5.895s] -- Up-to-date symlink: /home/ubuntu/microros_ws/install/micro_ros_msgs/share/ament_index/resource_index/rosidl_interfaces/micro_ros_msgs
[5.915s] -- Up-to-date symlink: /home/ubuntu/microros_ws/install/micro_ros_msgs/include/micro_ros_msgs/micro_ros_msgs/msg/detail/entity__functions.h
[5.925s] -- Up-to-date symlink: /home/ubuntu/microros_ws/install/micro_ros_msgs/include/micro_ros_msgs/micro_ros_msgs/msg/detail/entity__struct.h
[5.926s] -- Up-to-date symlink: /home/ubuntu/microros_ws/install/micro_ros_msgs/include/micro_ros_msgs/micro_ros_msgs/msg/detail/entity__type_support.h
[5.927s] -- Up-to-date symlink: /home/ubuntu/microros_ws/install/micro_ros_msgs/include/micro_ros_msgs/micro_ros_msgs/msg/detail/graph__functions.h
[5.927s] -- Up-to-date symlink: /home/ubuntu/microros_ws/install/micro_ros_msgs/include/micro_ros_msgs/micro_ros_msgs/msg/detail/graph__struct.h
[5.931s] -- Up-to-date symlink: /home/ubuntu/microros_ws/install/micro_ros_msgs/include/micro_ros_msgs/micro_ros_msgs/msg/detail/graph__type_support.h
[5.932s] -- Up-to-date symlink: /home/ubuntu/microros_ws/install/micro_ros_msgs/include/micro_ros_msgs/micro_ros_msgs/msg/detail/node__functions.h
[5.932s] -- Up-to-date symlink: /home/ubuntu/microros_ws/install/micro_ros_msgs/include/micro_ros_msgs/micro_ros_msgs/msg/detail/node__struct.h
[5.938s] -- Up-to-date symlink: /home/ubuntu/microros_ws/install/micro_ros_msgs/include/micro_ros_msgs/micro_ros_msgs/msg/detail/node__type_support.h
[5.943s] -- Up-to-date symlink: /home/ubuntu/microros_ws/install/micro_ros_msgs/include/micro_ros_msgs/micro_ros_msgs/msg/entity.h
[5.945s] -- Up-to-date symlink: /home/ubuntu/microros_ws/install/micro_ros_msgs/include/micro_ros_msgs/micro_ros_msgs/msg/graph.h
[5.958s] -- Up-to-date symlink: /home/ubuntu/microros_ws/install/micro_ros_msgs/include/micro_ros_msgs/micro_ros_msgs/msg/node.h
[5.960s] -- Up-to-date symlink: /home/ubuntu/microros_ws/install/micro_ros_msgs/include/micro_ros_msgs/micro_ros_msgs/msg/rosidl_generator_c__visibility_control.h
[5.960s] -- Up-to-date symlink: /home/ubuntu/microros_ws/install/micro_ros_msgs/share/micro_ros_msgs/environment/library_path.sh
[5.961s] -- Up-to-date symlink: /home/ubuntu/microros_ws/install/micro_ros_msgs/share/micro_ros_msgs/environment/library_path.dsv
[5.981s] -- Up-to-date symlink: /home/ubuntu/microros_ws/install/micro_ros_msgs/include/micro_ros_msgs/msg/detail/entity__rosidl_typesupport_microxrcedds_c.h
[5.987s] -- Up-to-date symlink: /home/ubuntu/microros_ws/install/micro_ros_msgs/include/micro_ros_msgs/msg/detail/graph__rosidl_typesupport_microxrcedds_c.h
[5.997s] -- Up-to-date symlink: /home/ubuntu/microros_ws/install/micro_ros_msgs/include/micro_ros_msgs/msg/detail/node__rosidl_typesupport_microxrcedds_c.h
[5.999s] -- Up-to-date symlink: /home/ubuntu/microros_ws/install/micro_ros_msgs/include/micro_ros_msgs/msg/rosidl_typesupport_microxrcedds_c__visibility_control.h
[6.000s] -- Up-to-date symlink: /home/ubuntu/microros_ws/install/micro_ros_msgs/lib/libmicro_ros_msgs__rosidl_typesupport_microxrcedds_c.so
[6.016s] -- Up-to-date symlink: /home/ubuntu/microros_ws/install/micro_ros_msgs/include/micro_ros_msgs/micro_ros_msgs/msg/detail/entity__rosidl_typesupport_fastrtps_c.h
[6.017s] -- Up-to-date symlink: /home/ubuntu/microros_ws/install/micro_ros_msgs/include/micro_ros_msgs/micro_ros_msgs/msg/detail/graph__rosidl_typesupport_fastrtps_c.h
[6.020s] -- Up-to-date symlink: /home/ubuntu/microros_ws/install/micro_ros_msgs/include/micro_ros_msgs/micro_ros_msgs/msg/detail/node__rosidl_typesupport_fastrtps_c.h
[6.021s] -- Up-to-date symlink: /home/ubuntu/microros_ws/install/micro_ros_msgs/include/micro_ros_msgs/micro_ros_msgs/msg/rosidl_typesupport_fastrtps_c__visibility_control.h
[6.038s] -- Up-to-date symlink: /home/ubuntu/microros_ws/install/micro_ros_msgs/include/micro_ros_msgs/micro_ros_msgs/msg/detail/entity__rosidl_typesupport_introspection_c.h
[6.049s] -- Up-to-date symlink: /home/ubuntu/microros_ws/install/micro_ros_msgs/include/micro_ros_msgs/micro_ros_msgs/msg/detail/graph__rosidl_typesupport_introspection_c.h
[6.078s] -- Up-to-date symlink: /home/ubuntu/microros_ws/install/micro_ros_msgs/include/micro_ros_msgs/micro_ros_msgs/msg/detail/node__rosidl_typesupport_introspection_c.h
[6.079s] -- Up-to-date symlink: /home/ubuntu/microros_ws/install/micro_ros_msgs/include/micro_ros_msgs/micro_ros_msgs/msg/rosidl_typesupport_introspection_c__visibility_control.h
[6.080s] -- Up-to-date symlink: /home/ubuntu/microros_ws/install/micro_ros_msgs/include/micro_ros_msgs/micro_ros_msgs/msg/detail/entity__builder.hpp
[6.090s] -- Up-to-date symlink: /home/ubuntu/microros_ws/install/micro_ros_msgs/include/micro_ros_msgs/micro_ros_msgs/msg/detail/entity__struct.hpp
[6.093s] -- Up-to-date symlink: /home/ubuntu/microros_ws/install/micro_ros_msgs/include/micro_ros_msgs/micro_ros_msgs/msg/detail/entity__traits.hpp
[6.095s] -- Up-to-date symlink: /home/ubuntu/microros_ws/install/micro_ros_msgs/include/micro_ros_msgs/micro_ros_msgs/msg/detail/graph__builder.hpp
[6.103s] -- Up-to-date symlink: /home/ubuntu/microros_ws/install/micro_ros_msgs/include/micro_ros_msgs/micro_ros_msgs/msg/detail/graph__struct.hpp
[6.110s] -- Up-to-date symlink: /home/ubuntu/microros_ws/install/micro_ros_msgs/include/micro_ros_msgs/micro_ros_msgs/msg/detail/graph__traits.hpp
[6.122s] -- Up-to-date symlink: /home/ubuntu/microros_ws/install/micro_ros_msgs/include/micro_ros_msgs/micro_ros_msgs/msg/detail/node__builder.hpp
[6.127s] -- Up-to-date symlink: /home/ubuntu/microros_ws/install/micro_ros_msgs/include/micro_ros_msgs/micro_ros_msgs/msg/detail/node__struct.hpp
[6.136s] -- Up-to-date symlink: /home/ubuntu/microros_ws/install/micro_ros_msgs/include/micro_ros_msgs/micro_ros_msgs/msg/detail/node__traits.hpp
[6.139s] -- Up-to-date symlink: /home/ubuntu/microros_ws/install/micro_ros_msgs/include/micro_ros_msgs/micro_ros_msgs/msg/entity.hpp
[6.151s] -- Up-to-date symlink: /home/ubuntu/microros_ws/install/micro_ros_msgs/include/micro_ros_msgs/micro_ros_msgs/msg/graph.hpp
[6.152s] -- Up-to-date symlink: /home/ubuntu/microros_ws/install/micro_ros_msgs/include/micro_ros_msgs/micro_ros_msgs/msg/node.hpp
[6.158s] -- Up-to-date symlink: /home/ubuntu/microros_ws/install/micro_ros_msgs/include/micro_ros_msgs/msg/detail/entity__rosidl_typesupport_microxrcedds_cpp.hpp
[6.159s] -- Up-to-date symlink: /home/ubuntu/microros_ws/install/micro_ros_msgs/include/micro_ros_msgs/msg/detail/graph__rosidl_typesupport_microxrcedds_cpp.hpp
[6.189s] -- Up-to-date symlink: /home/ubuntu/microros_ws/install/micro_ros_msgs/include/micro_ros_msgs/msg/detail/microxrcedds/entity__type_support_cpp.cpp
[6.202s] -- Up-to-date symlink: /home/ubuntu/microros_ws/install/micro_ros_msgs/include/micro_ros_msgs/msg/detail/microxrcedds/graph__type_support_cpp.cpp
[6.203s] -- Up-to-date symlink: /home/ubuntu/microros_ws/install/micro_ros_msgs/include/micro_ros_msgs/msg/detail/microxrcedds/node__type_support_cpp.cpp
[6.210s] -- Up-to-date symlink: /home/ubuntu/microros_ws/install/micro_ros_msgs/include/micro_ros_msgs/msg/detail/node__rosidl_typesupport_microxrcedds_cpp.hpp
[6.216s] -- Up-to-date symlink: /home/ubuntu/microros_ws/install/micro_ros_msgs/include/micro_ros_msgs/msg/rosidl_typesupport_microxrcedds_cpp__visibility_control.h
[6.219s] -- Up-to-date symlink: /home/ubuntu/microros_ws/install/micro_ros_msgs/lib/libmicro_ros_msgs__rosidl_typesupport_microxrcedds_cpp.so
[6.220s] -- Up-to-date symlink: /home/ubuntu/microros_ws/install/micro_ros_msgs/include/micro_ros_msgs/micro_ros_msgs/msg/detail/entity__rosidl_typesupport_fastrtps_cpp.hpp
[6.220s] -- Up-to-date symlink: /home/ubuntu/microros_ws/install/micro_ros_msgs/include/micro_ros_msgs/micro_ros_msgs/msg/detail/graph__rosidl_typesupport_fastrtps_cpp.hpp
[6.249s] -- Up-to-date symlink: /home/ubuntu/microros_ws/install/micro_ros_msgs/include/micro_ros_msgs/micro_ros_msgs/msg/detail/node__rosidl_typesupport_fastrtps_cpp.hpp
[6.252s] -- Up-to-date symlink: /home/ubuntu/microros_ws/install/micro_ros_msgs/include/micro_ros_msgs/micro_ros_msgs/msg/rosidl_typesupport_fastrtps_cpp__visibility_control.h
[6.271s] -- Up-to-date symlink: /home/ubuntu/microros_ws/install/micro_ros_msgs/include/micro_ros_msgs/micro_ros_msgs/msg/detail/entity__rosidl_typesupport_introspection_cpp.hpp
[6.277s] -- Up-to-date symlink: /home/ubuntu/microros_ws/install/micro_ros_msgs/include/micro_ros_msgs/micro_ros_msgs/msg/detail/graph__rosidl_typesupport_introspection_cpp.hpp
[6.278s] -- Up-to-date symlink: /home/ubuntu/microros_ws/install/micro_ros_msgs/include/micro_ros_msgs/micro_ros_msgs/msg/detail/node__rosidl_typesupport_introspection_cpp.hpp
[6.279s] -- Up-to-date symlink: /home/ubuntu/microros_ws/install/micro_ros_msgs/share/micro_ros_msgs/environment/pythonpath.sh
[6.291s] -- Up-to-date symlink: /home/ubuntu/microros_ws/install/micro_ros_msgs/share/micro_ros_msgs/environment/pythonpath.dsv
[6.301s] -- Up-to-date symlink: /home/ubuntu/microros_ws/install/micro_ros_msgs/local/lib/python3.10/dist-packages/micro_ros_msgs-3.0.1-py3.10.egg-info/PKG-INFO
[6.302s] -- Up-to-date symlink: /home/ubuntu/microros_ws/install/micro_ros_msgs/local/lib/python3.10/dist-packages/micro_ros_msgs-3.0.1-py3.10.egg-info/SOURCES.txt
[6.304s] -- Up-to-date symlink: /home/ubuntu/microros_ws/install/micro_ros_msgs/local/lib/python3.10/dist-packages/micro_ros_msgs-3.0.1-py3.10.egg-info/dependency_links.txt
[6.304s] -- Up-to-date symlink: /home/ubuntu/microros_ws/install/micro_ros_msgs/local/lib/python3.10/dist-packages/micro_ros_msgs-3.0.1-py3.10.egg-info/top_level.txt
[6.315s] -- Up-to-date symlink: /home/ubuntu/microros_ws/install/micro_ros_msgs/local/lib/python3.10/dist-packages/micro_ros_msgs/__init__.py
[6.316s] -- Up-to-date symlink: /home/ubuntu/microros_ws/install/micro_ros_msgs/local/lib/python3.10/dist-packages/micro_ros_msgs/_micro_ros_msgs_s.ep.rosidl_typesupport_c.c
[6.334s] -- Up-to-date symlink: /home/ubuntu/microros_ws/install/micro_ros_msgs/local/lib/python3.10/dist-packages/micro_ros_msgs/_micro_ros_msgs_s.ep.rosidl_typesupport_fastrtps_c.c
[6.335s] -- Up-to-date symlink: /home/ubuntu/microros_ws/install/micro_ros_msgs/local/lib/python3.10/dist-packages/micro_ros_msgs/_micro_ros_msgs_s.ep.rosidl_typesupport_introspection_c.c
[6.337s] -- Up-to-date symlink: /home/ubuntu/microros_ws/install/micro_ros_msgs/local/lib/python3.10/dist-packages/micro_ros_msgs/_micro_ros_msgs_s.ep.rosidl_typesupport_microxrcedds_c.c
[6.342s] -- Up-to-date symlink: /home/ubuntu/microros_ws/install/micro_ros_msgs/local/lib/python3.10/dist-packages/micro_ros_msgs/libmicro_ros_msgs__rosidl_generator_py.so
[6.343s] -- Up-to-date symlink: /home/ubuntu/microros_ws/install/micro_ros_msgs/local/lib/python3.10/dist-packages/micro_ros_msgs/micro_ros_msgs_s__rosidl_typesupport_c.cpython-310-aarch64-linux-gnu.so
[6.347s] -- Up-to-date symlink: /home/ubuntu/microros_ws/install/micro_ros_msgs/local/lib/python3.10/dist-packages/micro_ros_msgs/micro_ros_msgs_s__rosidl_typesupport_fastrtps_c.cpython-310-aarch64-linux-gnu.so
[6.364s] -- Up-to-date symlink: /home/ubuntu/microros_ws/install/micro_ros_msgs/local/lib/python3.10/dist-packages/micro_ros_msgs/micro_ros_msgs_s__rosidl_typesupport_introspection_c.cpython-310-aarch64-linux-gnu.so
[6.365s] -- Up-to-date symlink: /home/ubuntu/microros_ws/install/micro_ros_msgs/local/lib/python3.10/dist-packages/micro_ros_msgs/micro_ros_msgs_s__rosidl_typesupport_microxrcedds_c.cpython-310-aarch64-linux-gnu.so
[6.367s] -- Up-to-date symlink: /home/ubuntu/microros_ws/install/micro_ros_msgs/local/lib/python3.10/dist-packages/micro_ros_msgs/msg/__init__.py
[6.367s] -- Up-to-date symlink: /home/ubuntu/microros_ws/install/micro_ros_msgs/local/lib/python3.10/dist-packages/micro_ros_msgs/msg/_entity.py
[6.381s] -- Up-to-date symlink: /home/ubuntu/microros_ws/install/micro_ros_msgs/local/lib/python3.10/dist-packages/micro_ros_msgs/msg/_entity_s.c
[6.397s] -- Up-to-date symlink: /home/ubuntu/microros_ws/install/micro_ros_msgs/local/lib/python3.10/dist-packages/micro_ros_msgs/msg/_graph.py
[6.401s] -- Up-to-date symlink: /home/ubuntu/microros_ws/install/micro_ros_msgs/local/lib/python3.10/dist-packages/micro_ros_msgs/msg/_graph_s.c
[6.426s] -- Up-to-date symlink: /home/ubuntu/microros_ws/install/micro_ros_msgs/local/lib/python3.10/dist-packages/micro_ros_msgs/msg/_node.py
[6.426s] -- Up-to-date symlink: /home/ubuntu/microros_ws/install/micro_ros_msgs/local/lib/python3.10/dist-packages/micro_ros_msgs/msg/_node_s.c
[6.427s] -- Up-to-date symlink: /home/ubuntu/microros_ws/install/micro_ros_msgs/local/lib/python3.10/dist-packages/micro_ros_msgs/micro_ros_msgs_s__rosidl_typesupport_microxrcedds_c.cpython-310-aarch64-linux-gnu.so
[6.428s] -- Up-to-date symlink: /home/ubuntu/microros_ws/install/micro_ros_msgs/local/lib/python3.10/dist-packages/micro_ros_msgs/micro_ros_msgs_s__rosidl_typesupport_fastrtps_c.cpython-310-aarch64-linux-gnu.so
[6.429s] -- Up-to-date symlink: /home/ubuntu/microros_ws/install/micro_ros_msgs/local/lib/python3.10/dist-packages/micro_ros_msgs/micro_ros_msgs_s__rosidl_typesupport_introspection_c.cpython-310-aarch64-linux-gnu.so
[6.454s] -- Up-to-date symlink: /home/ubuntu/microros_ws/install/micro_ros_msgs/local/lib/python3.10/dist-packages/micro_ros_msgs/micro_ros_msgs_s__rosidl_typesupport_c.cpython-310-aarch64-linux-gnu.so
[6.455s] -- Up-to-date symlink: /home/ubuntu/microros_ws/install/micro_ros_msgs/share/micro_ros_msgs/msg/Graph.idl
[6.456s] -- Up-to-date symlink: /home/ubuntu/microros_ws/install/micro_ros_msgs/share/micro_ros_msgs/msg/Node.idl
[6.471s] -- Up-to-date symlink: /home/ubuntu/microros_ws/install/micro_ros_msgs/share/micro_ros_msgs/msg/Entity.idl
[6.473s] -- Up-to-date symlink: /home/ubuntu/microros_ws/install/micro_ros_msgs/share/micro_ros_msgs/msg/Graph.msg
[6.475s] -- Up-to-date symlink: /home/ubuntu/microros_ws/install/micro_ros_msgs/share/micro_ros_msgs/msg/Node.msg
[6.494s] -- Up-to-date symlink: /home/ubuntu/microros_ws/install/micro_ros_msgs/share/micro_ros_msgs/msg/Entity.msg
[6.495s] -- Up-to-date symlink: /home/ubuntu/microros_ws/install/micro_ros_msgs/share/ament_index/resource_index/package_run_dependencies/micro_ros_msgs
[6.497s] -- Up-to-date symlink: /home/ubuntu/microros_ws/install/micro_ros_msgs/share/ament_index/resource_index/parent_prefix_path/micro_ros_msgs
[6.502s] -- Up-to-date symlink: /home/ubuntu/microros_ws/install/micro_ros_msgs/share/micro_ros_msgs/environment/ament_prefix_path.sh
[6.509s] -- Up-to-date symlink: /home/ubuntu/microros_ws/install/micro_ros_msgs/share/micro_ros_msgs/environment/ament_prefix_path.dsv
[6.511s] -- Up-to-date symlink: /home/ubuntu/microros_ws/install/micro_ros_msgs/share/micro_ros_msgs/environment/path.sh
[6.514s] -- Up-to-date symlink: /home/ubuntu/microros_ws/install/micro_ros_msgs/share/micro_ros_msgs/environment/path.dsv
[6.516s] -- Up-to-date symlink: /home/ubuntu/microros_ws/install/micro_ros_msgs/share/micro_ros_msgs/local_setup.bash
[6.516s] -- Up-to-date symlink: /home/ubuntu/microros_ws/install/micro_ros_msgs/share/micro_ros_msgs/local_setup.sh
[6.518s] -- Up-to-date symlink: /home/ubuntu/microros_ws/install/micro_ros_msgs/share/micro_ros_msgs/local_setup.zsh
[6.519s] -- Up-to-date symlink: /home/ubuntu/microros_ws/install/micro_ros_msgs/share/micro_ros_msgs/local_setup.dsv
[6.520s] -- Symlinking: /home/ubuntu/microros_ws/install/micro_ros_msgs/share/micro_ros_msgs/package.dsv
[6.521s] -- Up-to-date symlink: /home/ubuntu/microros_ws/install/micro_ros_msgs/share/ament_index/resource_index/packages/micro_ros_msgs
[6.522s] -- Up-to-date symlink: /home/ubuntu/microros_ws/install/micro_ros_msgs/share/micro_ros_msgs/cmake/rosidl_cmake-extras.cmake
[6.523s] -- Up-to-date symlink: /home/ubuntu/microros_ws/install/micro_ros_msgs/share/micro_ros_msgs/cmake/ament_cmake_export_include_directories-extras.cmake
[6.527s] -- Up-to-date symlink: /home/ubuntu/microros_ws/install/micro_ros_msgs/share/micro_ros_msgs/cmake/ament_cmake_export_libraries-extras.cmake
[6.528s] -- Up-to-date symlink: /home/ubuntu/microros_ws/install/micro_ros_msgs/share/micro_ros_msgs/cmake/ament_cmake_export_targets-extras.cmake
[6.528s] -- Up-to-date symlink: /home/ubuntu/microros_ws/install/micro_ros_msgs/share/micro_ros_msgs/cmake/rosidl_cmake_export_typesupport_targets-extras.cmake
[6.548s] -- Up-to-date symlink: /home/ubuntu/microros_ws/install/micro_ros_msgs/share/micro_ros_msgs/cmake/ament_cmake_export_dependencies-extras.cmake
[6.557s] -- Up-to-date symlink: /home/ubuntu/microros_ws/install/micro_ros_msgs/share/micro_ros_msgs/cmake/rosidl_cmake_export_typesupport_libraries-extras.cmake
[6.558s] -- Up-to-date symlink: /home/ubuntu/microros_ws/install/micro_ros_msgs/share/micro_ros_msgs/cmake/micro_ros_msgsConfig.cmake
[6.559s] -- Up-to-date symlink: /home/ubuntu/microros_ws/install/micro_ros_msgs/share/micro_ros_msgs/cmake/micro_ros_msgsConfig-version.cmake
[6.560s] -- Up-to-date symlink: /home/ubuntu/microros_ws/install/micro_ros_msgs/share/micro_ros_msgs/package.xml
[6.578s] -- Up-to-date: /home/ubuntu/microros_ws/install/micro_ros_msgs/lib/libmicro_ros_msgs__rosidl_generator_c.so
[6.579s] -- Up-to-date: /home/ubuntu/microros_ws/install/micro_ros_msgs/lib/libmicro_ros_msgs__rosidl_typesupport_fastrtps_c.so
[6.580s] -- Up-to-date: /home/ubuntu/microros_ws/install/micro_ros_msgs/lib/libmicro_ros_msgs__rosidl_typesupport_introspection_c.so
[6.584s] -- Up-to-date: /home/ubuntu/microros_ws/install/micro_ros_msgs/lib/libmicro_ros_msgs__rosidl_typesupport_c.so
[6.589s] -- Up-to-date: /home/ubuntu/microros_ws/install/micro_ros_msgs/lib/libmicro_ros_msgs__rosidl_typesupport_fastrtps_cpp.so
[6.601s] -- Up-to-date: /home/ubuntu/microros_ws/install/micro_ros_msgs/lib/libmicro_ros_msgs__rosidl_typesupport_introspection_cpp.so
[6.602s] -- Up-to-date: /home/ubuntu/microros_ws/install/micro_ros_msgs/lib/libmicro_ros_msgs__rosidl_typesupport_cpp.so
[6.802s] Listing '/home/ubuntu/microros_ws/install/micro_ros_msgs/local/lib/python3.10/dist-packages/micro_ros_msgs'...
[6.804s] Listing '/home/ubuntu/microros_ws/install/micro_ros_msgs/local/lib/python3.10/dist-packages/micro_ros_msgs/msg'...
[6.838s] -- Up-to-date: /home/ubuntu/microros_ws/install/micro_ros_msgs/lib/libmicro_ros_msgs__rosidl_generator_py.so
[6.840s] -- Up-to-date: /home/ubuntu/microros_ws/install/micro_ros_msgs/share/micro_ros_msgs/cmake/export_micro_ros_msgs__rosidl_generator_cExport.cmake
[6.841s] -- Up-to-date: /home/ubuntu/microros_ws/install/micro_ros_msgs/share/micro_ros_msgs/cmake/export_micro_ros_msgs__rosidl_generator_cExport-noconfig.cmake
[6.842s] -- Up-to-date: /home/ubuntu/microros_ws/install/micro_ros_msgs/share/micro_ros_msgs/cmake/export_micro_ros_msgs__rosidl_typesupport_fastrtps_cExport.cmake
[6.843s] -- Up-to-date: /home/ubuntu/microros_ws/install/micro_ros_msgs/share/micro_ros_msgs/cmake/export_micro_ros_msgs__rosidl_typesupport_fastrtps_cExport-noconfig.cmake
[6.845s] -- Up-to-date: /home/ubuntu/microros_ws/install/micro_ros_msgs/share/micro_ros_msgs/cmake/micro_ros_msgs__rosidl_typesupport_introspection_cExport.cmake
[6.846s] -- Up-to-date: /home/ubuntu/microros_ws/install/micro_ros_msgs/share/micro_ros_msgs/cmake/micro_ros_msgs__rosidl_typesupport_introspection_cExport-noconfig.cmake
[6.846s] -- Up-to-date: /home/ubuntu/microros_ws/install/micro_ros_msgs/share/micro_ros_msgs/cmake/micro_ros_msgs__rosidl_typesupport_cExport.cmake
[6.847s] -- Up-to-date: /home/ubuntu/microros_ws/install/micro_ros_msgs/share/micro_ros_msgs/cmake/micro_ros_msgs__rosidl_typesupport_cExport-noconfig.cmake
[6.847s] -- Up-to-date: /home/ubuntu/microros_ws/install/micro_ros_msgs/share/micro_ros_msgs/cmake/export_micro_ros_msgs__rosidl_generator_cppExport.cmake
[6.848s] -- Up-to-date: /home/ubuntu/microros_ws/install/micro_ros_msgs/share/micro_ros_msgs/cmake/export_micro_ros_msgs__rosidl_typesupport_fastrtps_cppExport.cmake
[6.859s] -- Up-to-date: /home/ubuntu/microros_ws/install/micro_ros_msgs/share/micro_ros_msgs/cmake/export_micro_ros_msgs__rosidl_typesupport_fastrtps_cppExport-noconfig.cmake
[6.862s] -- Up-to-date: /home/ubuntu/microros_ws/install/micro_ros_msgs/share/micro_ros_msgs/cmake/micro_ros_msgs__rosidl_typesupport_introspection_cppExport.cmake
[6.863s] -- Up-to-date: /home/ubuntu/microros_ws/install/micro_ros_msgs/share/micro_ros_msgs/cmake/micro_ros_msgs__rosidl_typesupport_introspection_cppExport-noconfig.cmake
[6.863s] -- Up-to-date: /home/ubuntu/microros_ws/install/micro_ros_msgs/share/micro_ros_msgs/cmake/micro_ros_msgs__rosidl_typesupport_cppExport.cmake
[6.865s] -- Up-to-date: /home/ubuntu/microros_ws/install/micro_ros_msgs/share/micro_ros_msgs/cmake/micro_ros_msgs__rosidl_typesupport_cppExport-noconfig.cmake
[6.867s] -- Up-to-date: /home/ubuntu/microros_ws/install/micro_ros_msgs/share/micro_ros_msgs/cmake/export_micro_ros_msgs__rosidl_generator_pyExport.cmake
[6.868s] -- Up-to-date: /home/ubuntu/microros_ws/install/micro_ros_msgs/share/micro_ros_msgs/cmake/export_micro_ros_msgs__rosidl_generator_pyExport-noconfig.cmake
[6.874s] Invoked command in '/home/ubuntu/microros_ws/build/micro_ros_msgs' returned '0': CMAKE_PREFIX_PATH=/opt/ros/humble /usr/bin/cmake --install /home/ubuntu/microros_ws/build/micro_ros_msgs
