[0.144s] Invoking command in '/home/ubuntu/microros_ws/build/rcl_interfaces': AMENT_PREFIX_PATH=/home/ubuntu/microros_ws/install/builtin_interfaces:${AMENT_PREFIX_PATH} CMAKE_PREFIX_PATH=/home/ubuntu/microros_ws/install/builtin_interfaces:/opt/ros/humble LD_LIBRARY_PATH=/home/ubuntu/microros_ws/install/builtin_interfaces/lib:${LD_LIBRARY_PATH} PYTHONPATH=/home/ubuntu/microros_ws/install/builtin_interfaces/local/lib/python3.10/dist-packages:${PYTHONPATH} /usr/bin/cmake --build /home/ubuntu/microros_ws/build/rcl_interfaces -- -j4 -l4
[0.753s] [  0%] Built target rcl_interfaces__cpp
[0.803s] [ 12%] Built target rcl_interfaces__rosidl_generator_c
[1.141s] [ 12%] Built target ament_cmake_python_symlink_rcl_interfaces
[1.175s] [ 24%] Built target rcl_interfaces__rosidl_typesupport_fastrtps_cpp
[1.461s] [ 36%] Built target rcl_interfaces__rosidl_typesupport_fastrtps_c
[1.552s] [ 48%] Built target rcl_interfaces__rosidl_typesupport_introspection_cpp
[1.674s] [ 60%] Built target rcl_interfaces__rosidl_typesupport_introspection_c
[1.790s] [ 72%] Built target rcl_interfaces__rosidl_typesupport_cpp
[1.815s] [ 84%] Built target rcl_interfaces__rosidl_typesupport_c
[2.072s] [ 84%] Built target rcl_interfaces
[2.291s] [ 85%] Built target rcl_interfaces__py
[2.620s] [ 96%] Built target rcl_interfaces__rosidl_generator_py
[2.883s] [ 97%] Built target rcl_interfaces__rosidl_typesupport_fastrtps_c__pyext
[3.089s] [ 98%] Built target rcl_interfaces__rosidl_typesupport_c__pyext
[3.233s] [100%] Built target rcl_interfaces__rosidl_typesupport_introspection_c__pyext
[4.189s] running egg_info
[4.194s] writing rcl_interfaces.egg-info/PKG-INFO
[4.196s] writing dependency_links to rcl_interfaces.egg-info/dependency_links.txt
[4.198s] writing top-level names to rcl_interfaces.egg-info/top_level.txt
[4.212s] reading manifest file 'rcl_interfaces.egg-info/SOURCES.txt'
[4.217s] writing manifest file 'rcl_interfaces.egg-info/SOURCES.txt'
[4.408s] [100%] Built target ament_cmake_python_build_rcl_interfaces_egg
[4.488s] Invoked command in '/home/ubuntu/microros_ws/build/rcl_interfaces' returned '0': AMENT_PREFIX_PATH=/home/ubuntu/microros_ws/install/builtin_interfaces:${AMENT_PREFIX_PATH} CMAKE_PREFIX_PATH=/home/ubuntu/microros_ws/install/builtin_interfaces:/opt/ros/humble LD_LIBRARY_PATH=/home/ubuntu/microros_ws/install/builtin_interfaces/lib:${LD_LIBRARY_PATH} PYTHONPATH=/home/ubuntu/microros_ws/install/builtin_interfaces/local/lib/python3.10/dist-packages:${PYTHONPATH} /usr/bin/cmake --build /home/ubuntu/microros_ws/build/rcl_interfaces -- -j4 -l4
[7.968s] Invoking command in '/home/ubuntu/microros_ws/build/rcl_interfaces': AMENT_PREFIX_PATH=/home/ubuntu/microros_ws/install/builtin_interfaces:${AMENT_PREFIX_PATH} CMAKE_PREFIX_PATH=/home/ubuntu/microros_ws/install/builtin_interfaces:/opt/ros/humble LD_LIBRARY_PATH=/home/ubuntu/microros_ws/install/builtin_interfaces/lib:${LD_LIBRARY_PATH} PYTHONPATH=/home/ubuntu/microros_ws/install/builtin_interfaces/local/lib/python3.10/dist-packages:${PYTHONPATH} /usr/bin/cmake --install /home/ubuntu/microros_ws/build/rcl_interfaces
[8.038s] -- Install configuration: ""
[8.042s] -- Execute custom install script
[8.047s] -- Up-to-date symlink: /home/ubuntu/microros_ws/install/rcl_interfaces/share/ament_index/resource_index/rosidl_interfaces/rcl_interfaces
[8.059s] -- Up-to-date symlink: /home/ubuntu/microros_ws/install/rcl_interfaces/include/rcl_interfaces/rcl_interfaces/msg/detail/floating_point_range__functions.h
[8.060s] -- Up-to-date symlink: /home/ubuntu/microros_ws/install/rcl_interfaces/include/rcl_interfaces/rcl_interfaces/msg/detail/floating_point_range__struct.h
[8.062s] -- Up-to-date symlink: /home/ubuntu/microros_ws/install/rcl_interfaces/include/rcl_interfaces/rcl_interfaces/msg/detail/floating_point_range__type_support.h
[8.063s] -- Up-to-date symlink: /home/ubuntu/microros_ws/install/rcl_interfaces/include/rcl_interfaces/rcl_interfaces/msg/detail/integer_range__functions.h
[8.066s] -- Up-to-date symlink: /home/ubuntu/microros_ws/install/rcl_interfaces/include/rcl_interfaces/rcl_interfaces/msg/detail/integer_range__struct.h
[8.090s] -- Up-to-date symlink: /home/ubuntu/microros_ws/install/rcl_interfaces/include/rcl_interfaces/rcl_interfaces/msg/detail/integer_range__type_support.h
[8.095s] -- Up-to-date symlink: /home/ubuntu/microros_ws/install/rcl_interfaces/include/rcl_interfaces/rcl_interfaces/msg/detail/list_parameters_result__functions.h
[8.098s] -- Up-to-date symlink: /home/ubuntu/microros_ws/install/rcl_interfaces/include/rcl_interfaces/rcl_interfaces/msg/detail/list_parameters_result__struct.h
[8.101s] -- Up-to-date symlink: /home/ubuntu/microros_ws/install/rcl_interfaces/include/rcl_interfaces/rcl_interfaces/msg/detail/list_parameters_result__type_support.h
[8.103s] -- Up-to-date symlink: /home/ubuntu/microros_ws/install/rcl_interfaces/include/rcl_interfaces/rcl_interfaces/msg/detail/log__functions.h
[8.106s] -- Up-to-date symlink: /home/ubuntu/microros_ws/install/rcl_interfaces/include/rcl_interfaces/rcl_interfaces/msg/detail/log__struct.h
[8.109s] -- Up-to-date symlink: /home/ubuntu/microros_ws/install/rcl_interfaces/include/rcl_interfaces/rcl_interfaces/msg/detail/log__type_support.h
[8.112s] -- Up-to-date symlink: /home/ubuntu/microros_ws/install/rcl_interfaces/include/rcl_interfaces/rcl_interfaces/msg/detail/parameter__functions.h
[8.115s] -- Up-to-date symlink: /home/ubuntu/microros_ws/install/rcl_interfaces/include/rcl_interfaces/rcl_interfaces/msg/detail/parameter__struct.h
[8.118s] -- Up-to-date symlink: /home/ubuntu/microros_ws/install/rcl_interfaces/include/rcl_interfaces/rcl_interfaces/msg/detail/parameter__type_support.h
[8.121s] -- Up-to-date symlink: /home/ubuntu/microros_ws/install/rcl_interfaces/include/rcl_interfaces/rcl_interfaces/msg/detail/parameter_descriptor__functions.h
[8.124s] -- Up-to-date symlink: /home/ubuntu/microros_ws/install/rcl_interfaces/include/rcl_interfaces/rcl_interfaces/msg/detail/parameter_descriptor__struct.h
[8.127s] -- Up-to-date symlink: /home/ubuntu/microros_ws/install/rcl_interfaces/include/rcl_interfaces/rcl_interfaces/msg/detail/parameter_descriptor__type_support.h
[8.130s] -- Up-to-date symlink: /home/ubuntu/microros_ws/install/rcl_interfaces/include/rcl_interfaces/rcl_interfaces/msg/detail/parameter_event__functions.h
[8.135s] -- Up-to-date symlink: /home/ubuntu/microros_ws/install/rcl_interfaces/include/rcl_interfaces/rcl_interfaces/msg/detail/parameter_event__struct.h
[8.139s] -- Up-to-date symlink: /home/ubuntu/microros_ws/install/rcl_interfaces/include/rcl_interfaces/rcl_interfaces/msg/detail/parameter_event__type_support.h
[8.142s] -- Up-to-date symlink: /home/ubuntu/microros_ws/install/rcl_interfaces/include/rcl_interfaces/rcl_interfaces/msg/detail/parameter_event_descriptors__functions.h
[8.144s] -- Up-to-date symlink: /home/ubuntu/microros_ws/install/rcl_interfaces/include/rcl_interfaces/rcl_interfaces/msg/detail/parameter_event_descriptors__struct.h
[8.147s] -- Up-to-date symlink: /home/ubuntu/microros_ws/install/rcl_interfaces/include/rcl_interfaces/rcl_interfaces/msg/detail/parameter_event_descriptors__type_support.h
[8.149s] -- Up-to-date symlink: /home/ubuntu/microros_ws/install/rcl_interfaces/include/rcl_interfaces/rcl_interfaces/msg/detail/parameter_type__functions.h
[8.152s] -- Up-to-date symlink: /home/ubuntu/microros_ws/install/rcl_interfaces/include/rcl_interfaces/rcl_interfaces/msg/detail/parameter_type__struct.h
[8.155s] -- Up-to-date symlink: /home/ubuntu/microros_ws/install/rcl_interfaces/include/rcl_interfaces/rcl_interfaces/msg/detail/parameter_type__type_support.h
[8.157s] -- Up-to-date symlink: /home/ubuntu/microros_ws/install/rcl_interfaces/include/rcl_interfaces/rcl_interfaces/msg/detail/parameter_value__functions.h
[8.163s] -- Up-to-date symlink: /home/ubuntu/microros_ws/install/rcl_interfaces/include/rcl_interfaces/rcl_interfaces/msg/detail/parameter_value__struct.h
[8.203s] -- Up-to-date symlink: /home/ubuntu/microros_ws/install/rcl_interfaces/include/rcl_interfaces/rcl_interfaces/msg/detail/parameter_value__type_support.h
[8.206s] -- Up-to-date symlink: /home/ubuntu/microros_ws/install/rcl_interfaces/include/rcl_interfaces/rcl_interfaces/msg/detail/set_parameters_result__functions.h
[8.209s] -- Up-to-date symlink: /home/ubuntu/microros_ws/install/rcl_interfaces/include/rcl_interfaces/rcl_interfaces/msg/detail/set_parameters_result__struct.h
[8.212s] -- Up-to-date symlink: /home/ubuntu/microros_ws/install/rcl_interfaces/include/rcl_interfaces/rcl_interfaces/msg/detail/set_parameters_result__type_support.h
[8.215s] -- Up-to-date symlink: /home/ubuntu/microros_ws/install/rcl_interfaces/include/rcl_interfaces/rcl_interfaces/msg/floating_point_range.h
[8.218s] -- Up-to-date symlink: /home/ubuntu/microros_ws/install/rcl_interfaces/include/rcl_interfaces/rcl_interfaces/msg/integer_range.h
[8.221s] -- Up-to-date symlink: /home/ubuntu/microros_ws/install/rcl_interfaces/include/rcl_interfaces/rcl_interfaces/msg/list_parameters_result.h
[8.224s] -- Up-to-date symlink: /home/ubuntu/microros_ws/install/rcl_interfaces/include/rcl_interfaces/rcl_interfaces/msg/log.h
[8.225s] -- Up-to-date symlink: /home/ubuntu/microros_ws/install/rcl_interfaces/include/rcl_interfaces/rcl_interfaces/msg/parameter.h
[8.229s] -- Up-to-date symlink: /home/ubuntu/microros_ws/install/rcl_interfaces/include/rcl_interfaces/rcl_interfaces/msg/parameter_descriptor.h
[8.231s] -- Up-to-date symlink: /home/ubuntu/microros_ws/install/rcl_interfaces/include/rcl_interfaces/rcl_interfaces/msg/parameter_event.h
[8.232s] -- Up-to-date symlink: /home/ubuntu/microros_ws/install/rcl_interfaces/include/rcl_interfaces/rcl_interfaces/msg/parameter_event_descriptors.h
[8.235s] -- Up-to-date symlink: /home/ubuntu/microros_ws/install/rcl_interfaces/include/rcl_interfaces/rcl_interfaces/msg/parameter_type.h
[8.239s] -- Up-to-date symlink: /home/ubuntu/microros_ws/install/rcl_interfaces/include/rcl_interfaces/rcl_interfaces/msg/parameter_value.h
[8.242s] -- Up-to-date symlink: /home/ubuntu/microros_ws/install/rcl_interfaces/include/rcl_interfaces/rcl_interfaces/msg/rosidl_generator_c__visibility_control.h
[8.243s] -- Up-to-date symlink: /home/ubuntu/microros_ws/install/rcl_interfaces/include/rcl_interfaces/rcl_interfaces/msg/set_parameters_result.h
[8.244s] -- Up-to-date symlink: /home/ubuntu/microros_ws/install/rcl_interfaces/include/rcl_interfaces/rcl_interfaces/srv/describe_parameters.h
[8.245s] -- Up-to-date symlink: /home/ubuntu/microros_ws/install/rcl_interfaces/include/rcl_interfaces/rcl_interfaces/srv/detail/describe_parameters__functions.h
[8.247s] -- Up-to-date symlink: /home/ubuntu/microros_ws/install/rcl_interfaces/include/rcl_interfaces/rcl_interfaces/srv/detail/describe_parameters__struct.h
[8.248s] -- Up-to-date symlink: /home/ubuntu/microros_ws/install/rcl_interfaces/include/rcl_interfaces/rcl_interfaces/srv/detail/describe_parameters__type_support.h
[8.250s] -- Up-to-date symlink: /home/ubuntu/microros_ws/install/rcl_interfaces/include/rcl_interfaces/rcl_interfaces/srv/detail/get_parameter_types__functions.h
[8.251s] -- Up-to-date symlink: /home/ubuntu/microros_ws/install/rcl_interfaces/include/rcl_interfaces/rcl_interfaces/srv/detail/get_parameter_types__struct.h
[8.254s] -- Up-to-date symlink: /home/ubuntu/microros_ws/install/rcl_interfaces/include/rcl_interfaces/rcl_interfaces/srv/detail/get_parameter_types__type_support.h
[8.256s] -- Up-to-date symlink: /home/ubuntu/microros_ws/install/rcl_interfaces/include/rcl_interfaces/rcl_interfaces/srv/detail/get_parameters__functions.h
[8.262s] -- Up-to-date symlink: /home/ubuntu/microros_ws/install/rcl_interfaces/include/rcl_interfaces/rcl_interfaces/srv/detail/get_parameters__struct.h
[8.263s] -- Up-to-date symlink: /home/ubuntu/microros_ws/install/rcl_interfaces/include/rcl_interfaces/rcl_interfaces/srv/detail/get_parameters__type_support.h
[8.263s] -- Up-to-date symlink: /home/ubuntu/microros_ws/install/rcl_interfaces/include/rcl_interfaces/rcl_interfaces/srv/detail/list_parameters__functions.h
[8.264s] -- Up-to-date symlink: /home/ubuntu/microros_ws/install/rcl_interfaces/include/rcl_interfaces/rcl_interfaces/srv/detail/list_parameters__struct.h
[8.265s] -- Up-to-date symlink: /home/ubuntu/microros_ws/install/rcl_interfaces/include/rcl_interfaces/rcl_interfaces/srv/detail/list_parameters__type_support.h
[8.294s] -- Up-to-date symlink: /home/ubuntu/microros_ws/install/rcl_interfaces/include/rcl_interfaces/rcl_interfaces/srv/detail/set_parameters__functions.h
[8.297s] -- Up-to-date symlink: /home/ubuntu/microros_ws/install/rcl_interfaces/include/rcl_interfaces/rcl_interfaces/srv/detail/set_parameters__struct.h
[8.299s] -- Up-to-date symlink: /home/ubuntu/microros_ws/install/rcl_interfaces/include/rcl_interfaces/rcl_interfaces/srv/detail/set_parameters__type_support.h
[8.301s] -- Up-to-date symlink: /home/ubuntu/microros_ws/install/rcl_interfaces/include/rcl_interfaces/rcl_interfaces/srv/detail/set_parameters_atomically__functions.h
[8.303s] -- Up-to-date symlink: /home/ubuntu/microros_ws/install/rcl_interfaces/include/rcl_interfaces/rcl_interfaces/srv/detail/set_parameters_atomically__struct.h
[8.304s] -- Up-to-date symlink: /home/ubuntu/microros_ws/install/rcl_interfaces/include/rcl_interfaces/rcl_interfaces/srv/detail/set_parameters_atomically__type_support.h
[8.306s] -- Up-to-date symlink: /home/ubuntu/microros_ws/install/rcl_interfaces/include/rcl_interfaces/rcl_interfaces/srv/get_parameter_types.h
[8.308s] -- Up-to-date symlink: /home/ubuntu/microros_ws/install/rcl_interfaces/include/rcl_interfaces/rcl_interfaces/srv/get_parameters.h
[8.309s] -- Up-to-date symlink: /home/ubuntu/microros_ws/install/rcl_interfaces/include/rcl_interfaces/rcl_interfaces/srv/list_parameters.h
[8.310s] -- Up-to-date symlink: /home/ubuntu/microros_ws/install/rcl_interfaces/include/rcl_interfaces/rcl_interfaces/srv/set_parameters.h
[8.312s] -- Up-to-date symlink: /home/ubuntu/microros_ws/install/rcl_interfaces/include/rcl_interfaces/rcl_interfaces/srv/set_parameters_atomically.h
[8.314s] -- Up-to-date symlink: /home/ubuntu/microros_ws/install/rcl_interfaces/share/rcl_interfaces/environment/library_path.sh
[8.316s] -- Up-to-date symlink: /home/ubuntu/microros_ws/install/rcl_interfaces/share/rcl_interfaces/environment/library_path.dsv
[8.326s] -- Up-to-date symlink: /home/ubuntu/microros_ws/install/rcl_interfaces/include/rcl_interfaces/rcl_interfaces/msg/detail/floating_point_range__rosidl_typesupport_fastrtps_c.h
[8.328s] -- Up-to-date symlink: /home/ubuntu/microros_ws/install/rcl_interfaces/include/rcl_interfaces/rcl_interfaces/msg/detail/integer_range__rosidl_typesupport_fastrtps_c.h
[8.330s] -- Up-to-date symlink: /home/ubuntu/microros_ws/install/rcl_interfaces/include/rcl_interfaces/rcl_interfaces/msg/detail/list_parameters_result__rosidl_typesupport_fastrtps_c.h
[8.332s] -- Up-to-date symlink: /home/ubuntu/microros_ws/install/rcl_interfaces/include/rcl_interfaces/rcl_interfaces/msg/detail/log__rosidl_typesupport_fastrtps_c.h
[8.333s] -- Up-to-date symlink: /home/ubuntu/microros_ws/install/rcl_interfaces/include/rcl_interfaces/rcl_interfaces/msg/detail/parameter__rosidl_typesupport_fastrtps_c.h
[8.335s] -- Up-to-date symlink: /home/ubuntu/microros_ws/install/rcl_interfaces/include/rcl_interfaces/rcl_interfaces/msg/detail/parameter_descriptor__rosidl_typesupport_fastrtps_c.h
[8.337s] -- Up-to-date symlink: /home/ubuntu/microros_ws/install/rcl_interfaces/include/rcl_interfaces/rcl_interfaces/msg/detail/parameter_event__rosidl_typesupport_fastrtps_c.h
[8.338s] -- Up-to-date symlink: /home/ubuntu/microros_ws/install/rcl_interfaces/include/rcl_interfaces/rcl_interfaces/msg/detail/parameter_event_descriptors__rosidl_typesupport_fastrtps_c.h
[8.341s] -- Up-to-date symlink: /home/ubuntu/microros_ws/install/rcl_interfaces/include/rcl_interfaces/rcl_interfaces/msg/detail/parameter_type__rosidl_typesupport_fastrtps_c.h
[8.344s] -- Up-to-date symlink: /home/ubuntu/microros_ws/install/rcl_interfaces/include/rcl_interfaces/rcl_interfaces/msg/detail/parameter_value__rosidl_typesupport_fastrtps_c.h
[8.347s] -- Up-to-date symlink: /home/ubuntu/microros_ws/install/rcl_interfaces/include/rcl_interfaces/rcl_interfaces/msg/detail/set_parameters_result__rosidl_typesupport_fastrtps_c.h
[8.350s] -- Up-to-date symlink: /home/ubuntu/microros_ws/install/rcl_interfaces/include/rcl_interfaces/rcl_interfaces/msg/rosidl_typesupport_fastrtps_c__visibility_control.h
[8.352s] -- Up-to-date symlink: /home/ubuntu/microros_ws/install/rcl_interfaces/include/rcl_interfaces/rcl_interfaces/srv/detail/describe_parameters__rosidl_typesupport_fastrtps_c.h
[8.355s] -- Up-to-date symlink: /home/ubuntu/microros_ws/install/rcl_interfaces/include/rcl_interfaces/rcl_interfaces/srv/detail/get_parameter_types__rosidl_typesupport_fastrtps_c.h
[8.358s] -- Up-to-date symlink: /home/ubuntu/microros_ws/install/rcl_interfaces/include/rcl_interfaces/rcl_interfaces/srv/detail/get_parameters__rosidl_typesupport_fastrtps_c.h
[8.363s] -- Up-to-date symlink: /home/ubuntu/microros_ws/install/rcl_interfaces/include/rcl_interfaces/rcl_interfaces/srv/detail/list_parameters__rosidl_typesupport_fastrtps_c.h
[8.393s] -- Up-to-date symlink: /home/ubuntu/microros_ws/install/rcl_interfaces/include/rcl_interfaces/rcl_interfaces/srv/detail/set_parameters__rosidl_typesupport_fastrtps_c.h
[8.396s] -- Up-to-date symlink: /home/ubuntu/microros_ws/install/rcl_interfaces/include/rcl_interfaces/rcl_interfaces/srv/detail/set_parameters_atomically__rosidl_typesupport_fastrtps_c.h
[8.403s] -- Up-to-date symlink: /home/ubuntu/microros_ws/install/rcl_interfaces/include/rcl_interfaces/rcl_interfaces/msg/detail/floating_point_range__rosidl_typesupport_introspection_c.h
[8.406s] -- Up-to-date symlink: /home/ubuntu/microros_ws/install/rcl_interfaces/include/rcl_interfaces/rcl_interfaces/msg/detail/integer_range__rosidl_typesupport_introspection_c.h
[8.409s] -- Up-to-date symlink: /home/ubuntu/microros_ws/install/rcl_interfaces/include/rcl_interfaces/rcl_interfaces/msg/detail/list_parameters_result__rosidl_typesupport_introspection_c.h
[8.412s] -- Up-to-date symlink: /home/ubuntu/microros_ws/install/rcl_interfaces/include/rcl_interfaces/rcl_interfaces/msg/detail/log__rosidl_typesupport_introspection_c.h
[8.416s] -- Up-to-date symlink: /home/ubuntu/microros_ws/install/rcl_interfaces/include/rcl_interfaces/rcl_interfaces/msg/detail/parameter__rosidl_typesupport_introspection_c.h
[8.419s] -- Up-to-date symlink: /home/ubuntu/microros_ws/install/rcl_interfaces/include/rcl_interfaces/rcl_interfaces/msg/detail/parameter_descriptor__rosidl_typesupport_introspection_c.h
[8.422s] -- Up-to-date symlink: /home/ubuntu/microros_ws/install/rcl_interfaces/include/rcl_interfaces/rcl_interfaces/msg/detail/parameter_event__rosidl_typesupport_introspection_c.h
[8.425s] -- Up-to-date symlink: /home/ubuntu/microros_ws/install/rcl_interfaces/include/rcl_interfaces/rcl_interfaces/msg/detail/parameter_event_descriptors__rosidl_typesupport_introspection_c.h
[8.427s] -- Up-to-date symlink: /home/ubuntu/microros_ws/install/rcl_interfaces/include/rcl_interfaces/rcl_interfaces/msg/detail/parameter_type__rosidl_typesupport_introspection_c.h
[8.430s] -- Up-to-date symlink: /home/ubuntu/microros_ws/install/rcl_interfaces/include/rcl_interfaces/rcl_interfaces/msg/detail/parameter_value__rosidl_typesupport_introspection_c.h
[8.433s] -- Up-to-date symlink: /home/ubuntu/microros_ws/install/rcl_interfaces/include/rcl_interfaces/rcl_interfaces/msg/detail/set_parameters_result__rosidl_typesupport_introspection_c.h
[8.437s] -- Up-to-date symlink: /home/ubuntu/microros_ws/install/rcl_interfaces/include/rcl_interfaces/rcl_interfaces/msg/rosidl_typesupport_introspection_c__visibility_control.h
[8.440s] -- Up-to-date symlink: /home/ubuntu/microros_ws/install/rcl_interfaces/include/rcl_interfaces/rcl_interfaces/srv/detail/describe_parameters__rosidl_typesupport_introspection_c.h
[8.443s] -- Up-to-date symlink: /home/ubuntu/microros_ws/install/rcl_interfaces/include/rcl_interfaces/rcl_interfaces/srv/detail/get_parameter_types__rosidl_typesupport_introspection_c.h
[8.445s] -- Up-to-date symlink: /home/ubuntu/microros_ws/install/rcl_interfaces/include/rcl_interfaces/rcl_interfaces/srv/detail/get_parameters__rosidl_typesupport_introspection_c.h
[8.448s] -- Up-to-date symlink: /home/ubuntu/microros_ws/install/rcl_interfaces/include/rcl_interfaces/rcl_interfaces/srv/detail/list_parameters__rosidl_typesupport_introspection_c.h
[8.450s] -- Up-to-date symlink: /home/ubuntu/microros_ws/install/rcl_interfaces/include/rcl_interfaces/rcl_interfaces/srv/detail/set_parameters__rosidl_typesupport_introspection_c.h
[8.455s] -- Up-to-date symlink: /home/ubuntu/microros_ws/install/rcl_interfaces/include/rcl_interfaces/rcl_interfaces/srv/detail/set_parameters_atomically__rosidl_typesupport_introspection_c.h
[8.465s] -- Up-to-date symlink: /home/ubuntu/microros_ws/install/rcl_interfaces/include/rcl_interfaces/rcl_interfaces/msg/detail/floating_point_range__builder.hpp
[8.494s] -- Up-to-date symlink: /home/ubuntu/microros_ws/install/rcl_interfaces/include/rcl_interfaces/rcl_interfaces/msg/detail/floating_point_range__struct.hpp
[8.496s] -- Up-to-date symlink: /home/ubuntu/microros_ws/install/rcl_interfaces/include/rcl_interfaces/rcl_interfaces/msg/detail/floating_point_range__traits.hpp
[8.499s] -- Up-to-date symlink: /home/ubuntu/microros_ws/install/rcl_interfaces/include/rcl_interfaces/rcl_interfaces/msg/detail/integer_range__builder.hpp
[8.503s] -- Up-to-date symlink: /home/ubuntu/microros_ws/install/rcl_interfaces/include/rcl_interfaces/rcl_interfaces/msg/detail/integer_range__struct.hpp
[8.507s] -- Up-to-date symlink: /home/ubuntu/microros_ws/install/rcl_interfaces/include/rcl_interfaces/rcl_interfaces/msg/detail/integer_range__traits.hpp
[8.510s] -- Up-to-date symlink: /home/ubuntu/microros_ws/install/rcl_interfaces/include/rcl_interfaces/rcl_interfaces/msg/detail/list_parameters_result__builder.hpp
[8.513s] -- Up-to-date symlink: /home/ubuntu/microros_ws/install/rcl_interfaces/include/rcl_interfaces/rcl_interfaces/msg/detail/list_parameters_result__struct.hpp
[8.516s] -- Up-to-date symlink: /home/ubuntu/microros_ws/install/rcl_interfaces/include/rcl_interfaces/rcl_interfaces/msg/detail/list_parameters_result__traits.hpp
[8.518s] -- Up-to-date symlink: /home/ubuntu/microros_ws/install/rcl_interfaces/include/rcl_interfaces/rcl_interfaces/msg/detail/log__builder.hpp
[8.521s] -- Up-to-date symlink: /home/ubuntu/microros_ws/install/rcl_interfaces/include/rcl_interfaces/rcl_interfaces/msg/detail/log__struct.hpp
[8.524s] -- Up-to-date symlink: /home/ubuntu/microros_ws/install/rcl_interfaces/include/rcl_interfaces/rcl_interfaces/msg/detail/log__traits.hpp
[8.531s] -- Up-to-date symlink: /home/ubuntu/microros_ws/install/rcl_interfaces/include/rcl_interfaces/rcl_interfaces/msg/detail/parameter__builder.hpp
[8.533s] -- Up-to-date symlink: /home/ubuntu/microros_ws/install/rcl_interfaces/include/rcl_interfaces/rcl_interfaces/msg/detail/parameter__struct.hpp
[8.534s] -- Up-to-date symlink: /home/ubuntu/microros_ws/install/rcl_interfaces/include/rcl_interfaces/rcl_interfaces/msg/detail/parameter__traits.hpp
[8.536s] -- Up-to-date symlink: /home/ubuntu/microros_ws/install/rcl_interfaces/include/rcl_interfaces/rcl_interfaces/msg/detail/parameter_descriptor__builder.hpp
[8.537s] -- Up-to-date symlink: /home/ubuntu/microros_ws/install/rcl_interfaces/include/rcl_interfaces/rcl_interfaces/msg/detail/parameter_descriptor__struct.hpp
[8.540s] -- Up-to-date symlink: /home/ubuntu/microros_ws/install/rcl_interfaces/include/rcl_interfaces/rcl_interfaces/msg/detail/parameter_descriptor__traits.hpp
[8.543s] -- Up-to-date symlink: /home/ubuntu/microros_ws/install/rcl_interfaces/include/rcl_interfaces/rcl_interfaces/msg/detail/parameter_event__builder.hpp
[8.545s] -- Up-to-date symlink: /home/ubuntu/microros_ws/install/rcl_interfaces/include/rcl_interfaces/rcl_interfaces/msg/detail/parameter_event__struct.hpp
[8.548s] -- Up-to-date symlink: /home/ubuntu/microros_ws/install/rcl_interfaces/include/rcl_interfaces/rcl_interfaces/msg/detail/parameter_event__traits.hpp
[8.550s] -- Up-to-date symlink: /home/ubuntu/microros_ws/install/rcl_interfaces/include/rcl_interfaces/rcl_interfaces/msg/detail/parameter_event_descriptors__builder.hpp
[8.553s] -- Up-to-date symlink: /home/ubuntu/microros_ws/install/rcl_interfaces/include/rcl_interfaces/rcl_interfaces/msg/detail/parameter_event_descriptors__struct.hpp
[8.556s] -- Up-to-date symlink: /home/ubuntu/microros_ws/install/rcl_interfaces/include/rcl_interfaces/rcl_interfaces/msg/detail/parameter_event_descriptors__traits.hpp
[8.558s] -- Up-to-date symlink: /home/ubuntu/microros_ws/install/rcl_interfaces/include/rcl_interfaces/rcl_interfaces/msg/detail/parameter_type__builder.hpp
[8.561s] -- Up-to-date symlink: /home/ubuntu/microros_ws/install/rcl_interfaces/include/rcl_interfaces/rcl_interfaces/msg/detail/parameter_type__struct.hpp
[8.563s] -- Up-to-date symlink: /home/ubuntu/microros_ws/install/rcl_interfaces/include/rcl_interfaces/rcl_interfaces/msg/detail/parameter_type__traits.hpp
[8.566s] -- Up-to-date symlink: /home/ubuntu/microros_ws/install/rcl_interfaces/include/rcl_interfaces/rcl_interfaces/msg/detail/parameter_value__builder.hpp
[8.569s] -- Up-to-date symlink: /home/ubuntu/microros_ws/install/rcl_interfaces/include/rcl_interfaces/rcl_interfaces/msg/detail/parameter_value__struct.hpp
[8.572s] -- Up-to-date symlink: /home/ubuntu/microros_ws/install/rcl_interfaces/include/rcl_interfaces/rcl_interfaces/msg/detail/parameter_value__traits.hpp
[8.575s] -- Up-to-date symlink: /home/ubuntu/microros_ws/install/rcl_interfaces/include/rcl_interfaces/rcl_interfaces/msg/detail/set_parameters_result__builder.hpp
[8.592s] -- Up-to-date symlink: /home/ubuntu/microros_ws/install/rcl_interfaces/include/rcl_interfaces/rcl_interfaces/msg/detail/set_parameters_result__struct.hpp
[8.595s] -- Up-to-date symlink: /home/ubuntu/microros_ws/install/rcl_interfaces/include/rcl_interfaces/rcl_interfaces/msg/detail/set_parameters_result__traits.hpp
[8.597s] -- Up-to-date symlink: /home/ubuntu/microros_ws/install/rcl_interfaces/include/rcl_interfaces/rcl_interfaces/msg/floating_point_range.hpp
[8.598s] -- Up-to-date symlink: /home/ubuntu/microros_ws/install/rcl_interfaces/include/rcl_interfaces/rcl_interfaces/msg/integer_range.hpp
[8.600s] -- Up-to-date symlink: /home/ubuntu/microros_ws/install/rcl_interfaces/include/rcl_interfaces/rcl_interfaces/msg/list_parameters_result.hpp
[8.601s] -- Up-to-date symlink: /home/ubuntu/microros_ws/install/rcl_interfaces/include/rcl_interfaces/rcl_interfaces/msg/log.hpp
[8.604s] -- Up-to-date symlink: /home/ubuntu/microros_ws/install/rcl_interfaces/include/rcl_interfaces/rcl_interfaces/msg/parameter.hpp
[8.605s] -- Up-to-date symlink: /home/ubuntu/microros_ws/install/rcl_interfaces/include/rcl_interfaces/rcl_interfaces/msg/parameter_descriptor.hpp
[8.606s] -- Up-to-date symlink: /home/ubuntu/microros_ws/install/rcl_interfaces/include/rcl_interfaces/rcl_interfaces/msg/parameter_event.hpp
[8.610s] -- Up-to-date symlink: /home/ubuntu/microros_ws/install/rcl_interfaces/include/rcl_interfaces/rcl_interfaces/msg/parameter_event_descriptors.hpp
[8.611s] -- Up-to-date symlink: /home/ubuntu/microros_ws/install/rcl_interfaces/include/rcl_interfaces/rcl_interfaces/msg/parameter_type.hpp
[8.612s] -- Up-to-date symlink: /home/ubuntu/microros_ws/install/rcl_interfaces/include/rcl_interfaces/rcl_interfaces/msg/parameter_value.hpp
[8.612s] -- Up-to-date symlink: /home/ubuntu/microros_ws/install/rcl_interfaces/include/rcl_interfaces/rcl_interfaces/msg/set_parameters_result.hpp
[8.613s] -- Up-to-date symlink: /home/ubuntu/microros_ws/install/rcl_interfaces/include/rcl_interfaces/rcl_interfaces/srv/describe_parameters.hpp
[8.614s] -- Up-to-date symlink: /home/ubuntu/microros_ws/install/rcl_interfaces/include/rcl_interfaces/rcl_interfaces/srv/detail/describe_parameters__builder.hpp
[8.617s] -- Up-to-date symlink: /home/ubuntu/microros_ws/install/rcl_interfaces/include/rcl_interfaces/rcl_interfaces/srv/detail/describe_parameters__struct.hpp
[8.619s] -- Up-to-date symlink: /home/ubuntu/microros_ws/install/rcl_interfaces/include/rcl_interfaces/rcl_interfaces/srv/detail/describe_parameters__traits.hpp
[8.622s] -- Up-to-date symlink: /home/ubuntu/microros_ws/install/rcl_interfaces/include/rcl_interfaces/rcl_interfaces/srv/detail/get_parameter_types__builder.hpp
[8.625s] -- Up-to-date symlink: /home/ubuntu/microros_ws/install/rcl_interfaces/include/rcl_interfaces/rcl_interfaces/srv/detail/get_parameter_types__struct.hpp
[8.627s] -- Up-to-date symlink: /home/ubuntu/microros_ws/install/rcl_interfaces/include/rcl_interfaces/rcl_interfaces/srv/detail/get_parameter_types__traits.hpp
[8.630s] -- Up-to-date symlink: /home/ubuntu/microros_ws/install/rcl_interfaces/include/rcl_interfaces/rcl_interfaces/srv/detail/get_parameters__builder.hpp
[8.633s] -- Up-to-date symlink: /home/ubuntu/microros_ws/install/rcl_interfaces/include/rcl_interfaces/rcl_interfaces/srv/detail/get_parameters__struct.hpp
[8.636s] -- Up-to-date symlink: /home/ubuntu/microros_ws/install/rcl_interfaces/include/rcl_interfaces/rcl_interfaces/srv/detail/get_parameters__traits.hpp
[8.639s] -- Up-to-date symlink: /home/ubuntu/microros_ws/install/rcl_interfaces/include/rcl_interfaces/rcl_interfaces/srv/detail/list_parameters__builder.hpp
[8.642s] -- Up-to-date symlink: /home/ubuntu/microros_ws/install/rcl_interfaces/include/rcl_interfaces/rcl_interfaces/srv/detail/list_parameters__struct.hpp
[8.645s] -- Up-to-date symlink: /home/ubuntu/microros_ws/install/rcl_interfaces/include/rcl_interfaces/rcl_interfaces/srv/detail/list_parameters__traits.hpp
[8.648s] -- Up-to-date symlink: /home/ubuntu/microros_ws/install/rcl_interfaces/include/rcl_interfaces/rcl_interfaces/srv/detail/set_parameters__builder.hpp
[8.650s] -- Up-to-date symlink: /home/ubuntu/microros_ws/install/rcl_interfaces/include/rcl_interfaces/rcl_interfaces/srv/detail/set_parameters__struct.hpp
[8.652s] -- Up-to-date symlink: /home/ubuntu/microros_ws/install/rcl_interfaces/include/rcl_interfaces/rcl_interfaces/srv/detail/set_parameters__traits.hpp
[8.655s] -- Up-to-date symlink: /home/ubuntu/microros_ws/install/rcl_interfaces/include/rcl_interfaces/rcl_interfaces/srv/detail/set_parameters_atomically__builder.hpp
[8.658s] -- Up-to-date symlink: /home/ubuntu/microros_ws/install/rcl_interfaces/include/rcl_interfaces/rcl_interfaces/srv/detail/set_parameters_atomically__struct.hpp
[8.661s] -- Up-to-date symlink: /home/ubuntu/microros_ws/install/rcl_interfaces/include/rcl_interfaces/rcl_interfaces/srv/detail/set_parameters_atomically__traits.hpp
[8.664s] -- Up-to-date symlink: /home/ubuntu/microros_ws/install/rcl_interfaces/include/rcl_interfaces/rcl_interfaces/srv/get_parameter_types.hpp
[8.666s] -- Up-to-date symlink: /home/ubuntu/microros_ws/install/rcl_interfaces/include/rcl_interfaces/rcl_interfaces/srv/get_parameters.hpp
[8.668s] -- Up-to-date symlink: /home/ubuntu/microros_ws/install/rcl_interfaces/include/rcl_interfaces/rcl_interfaces/srv/list_parameters.hpp
[8.673s] -- Up-to-date symlink: /home/ubuntu/microros_ws/install/rcl_interfaces/include/rcl_interfaces/rcl_interfaces/srv/set_parameters.hpp
[8.702s] -- Up-to-date symlink: /home/ubuntu/microros_ws/install/rcl_interfaces/include/rcl_interfaces/rcl_interfaces/srv/set_parameters_atomically.hpp
[8.715s] -- Up-to-date symlink: /home/ubuntu/microros_ws/install/rcl_interfaces/include/rcl_interfaces/rcl_interfaces/msg/detail/floating_point_range__rosidl_typesupport_fastrtps_cpp.hpp
[8.718s] -- Up-to-date symlink: /home/ubuntu/microros_ws/install/rcl_interfaces/include/rcl_interfaces/rcl_interfaces/msg/detail/integer_range__rosidl_typesupport_fastrtps_cpp.hpp
[8.720s] -- Up-to-date symlink: /home/ubuntu/microros_ws/install/rcl_interfaces/include/rcl_interfaces/rcl_interfaces/msg/detail/list_parameters_result__rosidl_typesupport_fastrtps_cpp.hpp
[8.723s] -- Up-to-date symlink: /home/ubuntu/microros_ws/install/rcl_interfaces/include/rcl_interfaces/rcl_interfaces/msg/detail/log__rosidl_typesupport_fastrtps_cpp.hpp
[8.725s] -- Up-to-date symlink: /home/ubuntu/microros_ws/install/rcl_interfaces/include/rcl_interfaces/rcl_interfaces/msg/detail/parameter__rosidl_typesupport_fastrtps_cpp.hpp
[8.728s] -- Up-to-date symlink: /home/ubuntu/microros_ws/install/rcl_interfaces/include/rcl_interfaces/rcl_interfaces/msg/detail/parameter_descriptor__rosidl_typesupport_fastrtps_cpp.hpp
[8.730s] -- Up-to-date symlink: /home/ubuntu/microros_ws/install/rcl_interfaces/include/rcl_interfaces/rcl_interfaces/msg/detail/parameter_event__rosidl_typesupport_fastrtps_cpp.hpp
[8.733s] -- Up-to-date symlink: /home/ubuntu/microros_ws/install/rcl_interfaces/include/rcl_interfaces/rcl_interfaces/msg/detail/parameter_event_descriptors__rosidl_typesupport_fastrtps_cpp.hpp
[8.735s] -- Up-to-date symlink: /home/ubuntu/microros_ws/install/rcl_interfaces/include/rcl_interfaces/rcl_interfaces/msg/detail/parameter_type__rosidl_typesupport_fastrtps_cpp.hpp
[8.737s] -- Up-to-date symlink: /home/ubuntu/microros_ws/install/rcl_interfaces/include/rcl_interfaces/rcl_interfaces/msg/detail/parameter_value__rosidl_typesupport_fastrtps_cpp.hpp
[8.740s] -- Up-to-date symlink: /home/ubuntu/microros_ws/install/rcl_interfaces/include/rcl_interfaces/rcl_interfaces/msg/detail/set_parameters_result__rosidl_typesupport_fastrtps_cpp.hpp
[8.743s] -- Up-to-date symlink: /home/ubuntu/microros_ws/install/rcl_interfaces/include/rcl_interfaces/rcl_interfaces/msg/rosidl_typesupport_fastrtps_cpp__visibility_control.h
[8.746s] -- Up-to-date symlink: /home/ubuntu/microros_ws/install/rcl_interfaces/include/rcl_interfaces/rcl_interfaces/srv/detail/describe_parameters__rosidl_typesupport_fastrtps_cpp.hpp
[8.748s] -- Up-to-date symlink: /home/ubuntu/microros_ws/install/rcl_interfaces/include/rcl_interfaces/rcl_interfaces/srv/detail/get_parameter_types__rosidl_typesupport_fastrtps_cpp.hpp
[8.751s] -- Up-to-date symlink: /home/ubuntu/microros_ws/install/rcl_interfaces/include/rcl_interfaces/rcl_interfaces/srv/detail/get_parameters__rosidl_typesupport_fastrtps_cpp.hpp
[8.753s] -- Up-to-date symlink: /home/ubuntu/microros_ws/install/rcl_interfaces/include/rcl_interfaces/rcl_interfaces/srv/detail/list_parameters__rosidl_typesupport_fastrtps_cpp.hpp
[8.756s] -- Up-to-date symlink: /home/ubuntu/microros_ws/install/rcl_interfaces/include/rcl_interfaces/rcl_interfaces/srv/detail/set_parameters__rosidl_typesupport_fastrtps_cpp.hpp
[8.759s] -- Up-to-date symlink: /home/ubuntu/microros_ws/install/rcl_interfaces/include/rcl_interfaces/rcl_interfaces/srv/detail/set_parameters_atomically__rosidl_typesupport_fastrtps_cpp.hpp
[8.766s] -- Up-to-date symlink: /home/ubuntu/microros_ws/install/rcl_interfaces/include/rcl_interfaces/rcl_interfaces/msg/detail/floating_point_range__rosidl_typesupport_introspection_cpp.hpp
[8.769s] -- Up-to-date symlink: /home/ubuntu/microros_ws/install/rcl_interfaces/include/rcl_interfaces/rcl_interfaces/msg/detail/integer_range__rosidl_typesupport_introspection_cpp.hpp
[8.772s] -- Up-to-date symlink: /home/ubuntu/microros_ws/install/rcl_interfaces/include/rcl_interfaces/rcl_interfaces/msg/detail/list_parameters_result__rosidl_typesupport_introspection_cpp.hpp
[8.777s] -- Up-to-date symlink: /home/ubuntu/microros_ws/install/rcl_interfaces/include/rcl_interfaces/rcl_interfaces/msg/detail/log__rosidl_typesupport_introspection_cpp.hpp
[8.791s] -- Up-to-date symlink: /home/ubuntu/microros_ws/install/rcl_interfaces/include/rcl_interfaces/rcl_interfaces/msg/detail/parameter__rosidl_typesupport_introspection_cpp.hpp
[8.793s] -- Up-to-date symlink: /home/ubuntu/microros_ws/install/rcl_interfaces/include/rcl_interfaces/rcl_interfaces/msg/detail/parameter_descriptor__rosidl_typesupport_introspection_cpp.hpp
[8.796s] -- Up-to-date symlink: /home/ubuntu/microros_ws/install/rcl_interfaces/include/rcl_interfaces/rcl_interfaces/msg/detail/parameter_event__rosidl_typesupport_introspection_cpp.hpp
[8.799s] -- Up-to-date symlink: /home/ubuntu/microros_ws/install/rcl_interfaces/include/rcl_interfaces/rcl_interfaces/msg/detail/parameter_event_descriptors__rosidl_typesupport_introspection_cpp.hpp
[8.801s] -- Up-to-date symlink: /home/ubuntu/microros_ws/install/rcl_interfaces/include/rcl_interfaces/rcl_interfaces/msg/detail/parameter_type__rosidl_typesupport_introspection_cpp.hpp
[8.803s] -- Up-to-date symlink: /home/ubuntu/microros_ws/install/rcl_interfaces/include/rcl_interfaces/rcl_interfaces/msg/detail/parameter_value__rosidl_typesupport_introspection_cpp.hpp
[8.807s] -- Up-to-date symlink: /home/ubuntu/microros_ws/install/rcl_interfaces/include/rcl_interfaces/rcl_interfaces/msg/detail/set_parameters_result__rosidl_typesupport_introspection_cpp.hpp
[8.809s] -- Up-to-date symlink: /home/ubuntu/microros_ws/install/rcl_interfaces/include/rcl_interfaces/rcl_interfaces/srv/detail/describe_parameters__rosidl_typesupport_introspection_cpp.hpp
[8.811s] -- Up-to-date symlink: /home/ubuntu/microros_ws/install/rcl_interfaces/include/rcl_interfaces/rcl_interfaces/srv/detail/get_parameter_types__rosidl_typesupport_introspection_cpp.hpp
[8.814s] -- Up-to-date symlink: /home/ubuntu/microros_ws/install/rcl_interfaces/include/rcl_interfaces/rcl_interfaces/srv/detail/get_parameters__rosidl_typesupport_introspection_cpp.hpp
[8.816s] -- Up-to-date symlink: /home/ubuntu/microros_ws/install/rcl_interfaces/include/rcl_interfaces/rcl_interfaces/srv/detail/list_parameters__rosidl_typesupport_introspection_cpp.hpp
[8.819s] -- Up-to-date symlink: /home/ubuntu/microros_ws/install/rcl_interfaces/include/rcl_interfaces/rcl_interfaces/srv/detail/set_parameters__rosidl_typesupport_introspection_cpp.hpp
[8.821s] -- Up-to-date symlink: /home/ubuntu/microros_ws/install/rcl_interfaces/include/rcl_interfaces/rcl_interfaces/srv/detail/set_parameters_atomically__rosidl_typesupport_introspection_cpp.hpp
[8.824s] -- Up-to-date symlink: /home/ubuntu/microros_ws/install/rcl_interfaces/share/rcl_interfaces/environment/pythonpath.sh
[8.826s] -- Up-to-date symlink: /home/ubuntu/microros_ws/install/rcl_interfaces/share/rcl_interfaces/environment/pythonpath.dsv
[8.832s] -- Up-to-date symlink: /home/ubuntu/microros_ws/install/rcl_interfaces/local/lib/python3.10/dist-packages/rcl_interfaces-1.2.1-py3.10.egg-info/PKG-INFO
[8.835s] -- Up-to-date symlink: /home/ubuntu/microros_ws/install/rcl_interfaces/local/lib/python3.10/dist-packages/rcl_interfaces-1.2.1-py3.10.egg-info/SOURCES.txt
[8.838s] -- Up-to-date symlink: /home/ubuntu/microros_ws/install/rcl_interfaces/local/lib/python3.10/dist-packages/rcl_interfaces-1.2.1-py3.10.egg-info/dependency_links.txt
[8.844s] -- Up-to-date symlink: /home/ubuntu/microros_ws/install/rcl_interfaces/local/lib/python3.10/dist-packages/rcl_interfaces-1.2.1-py3.10.egg-info/top_level.txt
[8.860s] -- Up-to-date symlink: /home/ubuntu/microros_ws/install/rcl_interfaces/local/lib/python3.10/dist-packages/rcl_interfaces/__init__.py
[8.862s] -- Up-to-date symlink: /home/ubuntu/microros_ws/install/rcl_interfaces/local/lib/python3.10/dist-packages/rcl_interfaces/_rcl_interfaces_s.ep.rosidl_typesupport_c.c
[8.865s] -- Up-to-date symlink: /home/ubuntu/microros_ws/install/rcl_interfaces/local/lib/python3.10/dist-packages/rcl_interfaces/_rcl_interfaces_s.ep.rosidl_typesupport_fastrtps_c.c
[8.867s] -- Up-to-date symlink: /home/ubuntu/microros_ws/install/rcl_interfaces/local/lib/python3.10/dist-packages/rcl_interfaces/_rcl_interfaces_s.ep.rosidl_typesupport_introspection_c.c
[8.870s] -- Up-to-date symlink: /home/ubuntu/microros_ws/install/rcl_interfaces/local/lib/python3.10/dist-packages/rcl_interfaces/_rcl_interfaces_s.ep.rosidl_typesupport_microxrcedds_c.c
[8.873s] -- Up-to-date symlink: /home/ubuntu/microros_ws/install/rcl_interfaces/local/lib/python3.10/dist-packages/rcl_interfaces/librcl_interfaces__rosidl_generator_py.so
[8.876s] -- Up-to-date symlink: /home/ubuntu/microros_ws/install/rcl_interfaces/local/lib/python3.10/dist-packages/rcl_interfaces/msg/__init__.py
[8.880s] -- Up-to-date symlink: /home/ubuntu/microros_ws/install/rcl_interfaces/local/lib/python3.10/dist-packages/rcl_interfaces/msg/_floating_point_range.py
[8.893s] -- Up-to-date symlink: /home/ubuntu/microros_ws/install/rcl_interfaces/local/lib/python3.10/dist-packages/rcl_interfaces/msg/_floating_point_range_s.c
[8.896s] -- Up-to-date symlink: /home/ubuntu/microros_ws/install/rcl_interfaces/local/lib/python3.10/dist-packages/rcl_interfaces/msg/_integer_range.py
[8.899s] -- Up-to-date symlink: /home/ubuntu/microros_ws/install/rcl_interfaces/local/lib/python3.10/dist-packages/rcl_interfaces/msg/_integer_range_s.c
[8.903s] -- Up-to-date symlink: /home/ubuntu/microros_ws/install/rcl_interfaces/local/lib/python3.10/dist-packages/rcl_interfaces/msg/_list_parameters_result.py
[8.905s] -- Up-to-date symlink: /home/ubuntu/microros_ws/install/rcl_interfaces/local/lib/python3.10/dist-packages/rcl_interfaces/msg/_list_parameters_result_s.c
[8.907s] -- Up-to-date symlink: /home/ubuntu/microros_ws/install/rcl_interfaces/local/lib/python3.10/dist-packages/rcl_interfaces/msg/_log.py
[8.910s] -- Up-to-date symlink: /home/ubuntu/microros_ws/install/rcl_interfaces/local/lib/python3.10/dist-packages/rcl_interfaces/msg/_log_s.c
[8.912s] -- Up-to-date symlink: /home/ubuntu/microros_ws/install/rcl_interfaces/local/lib/python3.10/dist-packages/rcl_interfaces/msg/_parameter.py
[8.914s] -- Up-to-date symlink: /home/ubuntu/microros_ws/install/rcl_interfaces/local/lib/python3.10/dist-packages/rcl_interfaces/msg/_parameter_descriptor.py
[8.916s] -- Up-to-date symlink: /home/ubuntu/microros_ws/install/rcl_interfaces/local/lib/python3.10/dist-packages/rcl_interfaces/msg/_parameter_descriptor_s.c
[8.919s] -- Up-to-date symlink: /home/ubuntu/microros_ws/install/rcl_interfaces/local/lib/python3.10/dist-packages/rcl_interfaces/msg/_parameter_event.py
[8.922s] -- Up-to-date symlink: /home/ubuntu/microros_ws/install/rcl_interfaces/local/lib/python3.10/dist-packages/rcl_interfaces/msg/_parameter_event_descriptors.py
[8.924s] -- Up-to-date symlink: /home/ubuntu/microros_ws/install/rcl_interfaces/local/lib/python3.10/dist-packages/rcl_interfaces/msg/_parameter_event_descriptors_s.c
[8.927s] -- Up-to-date symlink: /home/ubuntu/microros_ws/install/rcl_interfaces/local/lib/python3.10/dist-packages/rcl_interfaces/msg/_parameter_event_s.c
[8.929s] -- Up-to-date symlink: /home/ubuntu/microros_ws/install/rcl_interfaces/local/lib/python3.10/dist-packages/rcl_interfaces/msg/_parameter_s.c
[8.932s] -- Up-to-date symlink: /home/ubuntu/microros_ws/install/rcl_interfaces/local/lib/python3.10/dist-packages/rcl_interfaces/msg/_parameter_type.py
[8.934s] -- Up-to-date symlink: /home/ubuntu/microros_ws/install/rcl_interfaces/local/lib/python3.10/dist-packages/rcl_interfaces/msg/_parameter_type_s.c
[8.939s] -- Up-to-date symlink: /home/ubuntu/microros_ws/install/rcl_interfaces/local/lib/python3.10/dist-packages/rcl_interfaces/msg/_parameter_value.py
[8.942s] -- Up-to-date symlink: /home/ubuntu/microros_ws/install/rcl_interfaces/local/lib/python3.10/dist-packages/rcl_interfaces/msg/_parameter_value_s.c
[8.945s] -- Up-to-date symlink: /home/ubuntu/microros_ws/install/rcl_interfaces/local/lib/python3.10/dist-packages/rcl_interfaces/msg/_set_parameters_result.py
[8.948s] -- Up-to-date symlink: /home/ubuntu/microros_ws/install/rcl_interfaces/local/lib/python3.10/dist-packages/rcl_interfaces/msg/_set_parameters_result_s.c
[8.951s] -- Up-to-date symlink: /home/ubuntu/microros_ws/install/rcl_interfaces/local/lib/python3.10/dist-packages/rcl_interfaces/rcl_interfaces_s__rosidl_typesupport_c.cpython-310-aarch64-linux-gnu.so
[8.954s] -- Up-to-date symlink: /home/ubuntu/microros_ws/install/rcl_interfaces/local/lib/python3.10/dist-packages/rcl_interfaces/rcl_interfaces_s__rosidl_typesupport_fastrtps_c.cpython-310-aarch64-linux-gnu.so
[8.957s] -- Up-to-date symlink: /home/ubuntu/microros_ws/install/rcl_interfaces/local/lib/python3.10/dist-packages/rcl_interfaces/rcl_interfaces_s__rosidl_typesupport_introspection_c.cpython-310-aarch64-linux-gnu.so
[8.960s] -- Up-to-date symlink: /home/ubuntu/microros_ws/install/rcl_interfaces/local/lib/python3.10/dist-packages/rcl_interfaces/rcl_interfaces_s__rosidl_typesupport_microxrcedds_c.cpython-310-aarch64-linux-gnu.so
[8.963s] -- Up-to-date symlink: /home/ubuntu/microros_ws/install/rcl_interfaces/local/lib/python3.10/dist-packages/rcl_interfaces/srv/__init__.py
[8.965s] -- Up-to-date symlink: /home/ubuntu/microros_ws/install/rcl_interfaces/local/lib/python3.10/dist-packages/rcl_interfaces/srv/_describe_parameters.py
[8.968s] -- Up-to-date symlink: /home/ubuntu/microros_ws/install/rcl_interfaces/local/lib/python3.10/dist-packages/rcl_interfaces/srv/_describe_parameters_s.c
[8.970s] -- Up-to-date symlink: /home/ubuntu/microros_ws/install/rcl_interfaces/local/lib/python3.10/dist-packages/rcl_interfaces/srv/_get_parameter_types.py
[8.974s] -- Up-to-date symlink: /home/ubuntu/microros_ws/install/rcl_interfaces/local/lib/python3.10/dist-packages/rcl_interfaces/srv/_get_parameter_types_s.c
[8.977s] -- Up-to-date symlink: /home/ubuntu/microros_ws/install/rcl_interfaces/local/lib/python3.10/dist-packages/rcl_interfaces/srv/_get_parameters.py
[9.002s] -- Up-to-date symlink: /home/ubuntu/microros_ws/install/rcl_interfaces/local/lib/python3.10/dist-packages/rcl_interfaces/srv/_get_parameters_s.c
[9.005s] -- Up-to-date symlink: /home/ubuntu/microros_ws/install/rcl_interfaces/local/lib/python3.10/dist-packages/rcl_interfaces/srv/_list_parameters.py
[9.007s] -- Up-to-date symlink: /home/ubuntu/microros_ws/install/rcl_interfaces/local/lib/python3.10/dist-packages/rcl_interfaces/srv/_list_parameters_s.c
[9.010s] -- Up-to-date symlink: /home/ubuntu/microros_ws/install/rcl_interfaces/local/lib/python3.10/dist-packages/rcl_interfaces/srv/_set_parameters.py
[9.013s] -- Up-to-date symlink: /home/ubuntu/microros_ws/install/rcl_interfaces/local/lib/python3.10/dist-packages/rcl_interfaces/srv/_set_parameters_atomically.py
[9.015s] -- Up-to-date symlink: /home/ubuntu/microros_ws/install/rcl_interfaces/local/lib/python3.10/dist-packages/rcl_interfaces/srv/_set_parameters_atomically_s.c
[9.016s] -- Up-to-date symlink: /home/ubuntu/microros_ws/install/rcl_interfaces/local/lib/python3.10/dist-packages/rcl_interfaces/srv/_set_parameters_s.c
[9.020s] -- Up-to-date symlink: /home/ubuntu/microros_ws/install/rcl_interfaces/local/lib/python3.10/dist-packages/rcl_interfaces/rcl_interfaces_s__rosidl_typesupport_fastrtps_c.cpython-310-aarch64-linux-gnu.so
[9.022s] -- Up-to-date symlink: /home/ubuntu/microros_ws/install/rcl_interfaces/local/lib/python3.10/dist-packages/rcl_interfaces/rcl_interfaces_s__rosidl_typesupport_introspection_c.cpython-310-aarch64-linux-gnu.so
[9.026s] -- Up-to-date symlink: /home/ubuntu/microros_ws/install/rcl_interfaces/local/lib/python3.10/dist-packages/rcl_interfaces/rcl_interfaces_s__rosidl_typesupport_c.cpython-310-aarch64-linux-gnu.so
[9.027s] -- Up-to-date symlink: /home/ubuntu/microros_ws/install/rcl_interfaces/share/rcl_interfaces/msg/FloatingPointRange.idl
[9.030s] -- Up-to-date symlink: /home/ubuntu/microros_ws/install/rcl_interfaces/share/rcl_interfaces/msg/IntegerRange.idl
[9.031s] -- Up-to-date symlink: /home/ubuntu/microros_ws/install/rcl_interfaces/share/rcl_interfaces/msg/ListParametersResult.idl
[9.034s] -- Up-to-date symlink: /home/ubuntu/microros_ws/install/rcl_interfaces/share/rcl_interfaces/msg/Log.idl
[9.036s] -- Up-to-date symlink: /home/ubuntu/microros_ws/install/rcl_interfaces/share/rcl_interfaces/msg/ParameterDescriptor.idl
[9.038s] -- Up-to-date symlink: /home/ubuntu/microros_ws/install/rcl_interfaces/share/rcl_interfaces/msg/ParameterEventDescriptors.idl
[9.039s] -- Up-to-date symlink: /home/ubuntu/microros_ws/install/rcl_interfaces/share/rcl_interfaces/msg/ParameterEvent.idl
[9.041s] -- Up-to-date symlink: /home/ubuntu/microros_ws/install/rcl_interfaces/share/rcl_interfaces/msg/Parameter.idl
[9.043s] -- Up-to-date symlink: /home/ubuntu/microros_ws/install/rcl_interfaces/share/rcl_interfaces/msg/ParameterType.idl
[9.046s] -- Up-to-date symlink: /home/ubuntu/microros_ws/install/rcl_interfaces/share/rcl_interfaces/msg/ParameterValue.idl
[9.047s] -- Up-to-date symlink: /home/ubuntu/microros_ws/install/rcl_interfaces/share/rcl_interfaces/msg/SetParametersResult.idl
[9.050s] -- Up-to-date symlink: /home/ubuntu/microros_ws/install/rcl_interfaces/share/rcl_interfaces/srv/DescribeParameters.idl
[9.052s] -- Up-to-date symlink: /home/ubuntu/microros_ws/install/rcl_interfaces/share/rcl_interfaces/srv/GetParameters.idl
[9.055s] -- Up-to-date symlink: /home/ubuntu/microros_ws/install/rcl_interfaces/share/rcl_interfaces/srv/GetParameterTypes.idl
[9.057s] -- Up-to-date symlink: /home/ubuntu/microros_ws/install/rcl_interfaces/share/rcl_interfaces/srv/ListParameters.idl
[9.060s] -- Up-to-date symlink: /home/ubuntu/microros_ws/install/rcl_interfaces/share/rcl_interfaces/srv/SetParametersAtomically.idl
[9.062s] -- Up-to-date symlink: /home/ubuntu/microros_ws/install/rcl_interfaces/share/rcl_interfaces/srv/SetParameters.idl
[9.066s] -- Up-to-date symlink: /home/ubuntu/microros_ws/install/rcl_interfaces/share/rcl_interfaces/msg/FloatingPointRange.msg
[9.068s] -- Up-to-date symlink: /home/ubuntu/microros_ws/install/rcl_interfaces/share/rcl_interfaces/msg/IntegerRange.msg
[9.071s] -- Up-to-date symlink: /home/ubuntu/microros_ws/install/rcl_interfaces/share/rcl_interfaces/msg/ListParametersResult.msg
[9.074s] -- Up-to-date symlink: /home/ubuntu/microros_ws/install/rcl_interfaces/share/rcl_interfaces/msg/Log.msg
[9.077s] -- Up-to-date symlink: /home/ubuntu/microros_ws/install/rcl_interfaces/share/rcl_interfaces/msg/ParameterDescriptor.msg
[9.081s] -- Up-to-date symlink: /home/ubuntu/microros_ws/install/rcl_interfaces/share/rcl_interfaces/msg/ParameterEventDescriptors.msg
[9.095s] -- Up-to-date symlink: /home/ubuntu/microros_ws/install/rcl_interfaces/share/rcl_interfaces/msg/ParameterEvent.msg
[9.098s] -- Up-to-date symlink: /home/ubuntu/microros_ws/install/rcl_interfaces/share/rcl_interfaces/msg/Parameter.msg
[9.102s] -- Up-to-date symlink: /home/ubuntu/microros_ws/install/rcl_interfaces/share/rcl_interfaces/msg/ParameterType.msg
[9.106s] -- Up-to-date symlink: /home/ubuntu/microros_ws/install/rcl_interfaces/share/rcl_interfaces/msg/ParameterValue.msg
[9.111s] -- Up-to-date symlink: /home/ubuntu/microros_ws/install/rcl_interfaces/share/rcl_interfaces/msg/SetParametersResult.msg
[9.114s] -- Up-to-date symlink: /home/ubuntu/microros_ws/install/rcl_interfaces/share/rcl_interfaces/srv/DescribeParameters.srv
[9.116s] -- Up-to-date symlink: /home/ubuntu/microros_ws/install/rcl_interfaces/share/rcl_interfaces/srv/DescribeParameters_Request.msg
[9.119s] -- Up-to-date symlink: /home/ubuntu/microros_ws/install/rcl_interfaces/share/rcl_interfaces/srv/DescribeParameters_Response.msg
[9.121s] -- Up-to-date symlink: /home/ubuntu/microros_ws/install/rcl_interfaces/share/rcl_interfaces/srv/GetParameters.srv
[9.124s] -- Up-to-date symlink: /home/ubuntu/microros_ws/install/rcl_interfaces/share/rcl_interfaces/srv/GetParameters_Request.msg
[9.127s] -- Up-to-date symlink: /home/ubuntu/microros_ws/install/rcl_interfaces/share/rcl_interfaces/srv/GetParameters_Response.msg
[9.129s] -- Up-to-date symlink: /home/ubuntu/microros_ws/install/rcl_interfaces/share/rcl_interfaces/srv/GetParameterTypes.srv
[9.132s] -- Up-to-date symlink: /home/ubuntu/microros_ws/install/rcl_interfaces/share/rcl_interfaces/srv/GetParameterTypes_Request.msg
[9.135s] -- Up-to-date symlink: /home/ubuntu/microros_ws/install/rcl_interfaces/share/rcl_interfaces/srv/GetParameterTypes_Response.msg
[9.137s] -- Up-to-date symlink: /home/ubuntu/microros_ws/install/rcl_interfaces/share/rcl_interfaces/srv/ListParameters.srv
[9.140s] -- Up-to-date symlink: /home/ubuntu/microros_ws/install/rcl_interfaces/share/rcl_interfaces/srv/ListParameters_Request.msg
[9.144s] -- Up-to-date symlink: /home/ubuntu/microros_ws/install/rcl_interfaces/share/rcl_interfaces/srv/ListParameters_Response.msg
[9.147s] -- Up-to-date symlink: /home/ubuntu/microros_ws/install/rcl_interfaces/share/rcl_interfaces/srv/SetParametersAtomically.srv
[9.149s] -- Up-to-date symlink: /home/ubuntu/microros_ws/install/rcl_interfaces/share/rcl_interfaces/srv/SetParametersAtomically_Request.msg
[9.152s] -- Up-to-date symlink: /home/ubuntu/microros_ws/install/rcl_interfaces/share/rcl_interfaces/srv/SetParametersAtomically_Response.msg
[9.154s] -- Up-to-date symlink: /home/ubuntu/microros_ws/install/rcl_interfaces/share/rcl_interfaces/srv/SetParameters.srv
[9.156s] -- Up-to-date symlink: /home/ubuntu/microros_ws/install/rcl_interfaces/share/rcl_interfaces/srv/SetParameters_Request.msg
[9.159s] -- Up-to-date symlink: /home/ubuntu/microros_ws/install/rcl_interfaces/share/rcl_interfaces/srv/SetParameters_Response.msg
[9.162s] -- Up-to-date symlink: /home/ubuntu/microros_ws/install/rcl_interfaces/share/rcl_interfaces/mapping_rules.yaml
[9.165s] -- Up-to-date symlink: /home/ubuntu/microros_ws/install/rcl_interfaces/share/ament_index/resource_index/package_run_dependencies/rcl_interfaces
[9.168s] -- Up-to-date symlink: /home/ubuntu/microros_ws/install/rcl_interfaces/share/ament_index/resource_index/parent_prefix_path/rcl_interfaces
[9.171s] -- Up-to-date symlink: /home/ubuntu/microros_ws/install/rcl_interfaces/share/rcl_interfaces/environment/ament_prefix_path.sh
[9.173s] -- Up-to-date symlink: /home/ubuntu/microros_ws/install/rcl_interfaces/share/rcl_interfaces/environment/ament_prefix_path.dsv
[9.177s] -- Up-to-date symlink: /home/ubuntu/microros_ws/install/rcl_interfaces/share/rcl_interfaces/environment/path.sh
[9.180s] -- Up-to-date symlink: /home/ubuntu/microros_ws/install/rcl_interfaces/share/rcl_interfaces/environment/path.dsv
[9.206s] -- Up-to-date symlink: /home/ubuntu/microros_ws/install/rcl_interfaces/share/rcl_interfaces/local_setup.bash
[9.207s] -- Up-to-date symlink: /home/ubuntu/microros_ws/install/rcl_interfaces/share/rcl_interfaces/local_setup.sh
[9.208s] -- Up-to-date symlink: /home/ubuntu/microros_ws/install/rcl_interfaces/share/rcl_interfaces/local_setup.zsh
[9.210s] -- Up-to-date symlink: /home/ubuntu/microros_ws/install/rcl_interfaces/share/rcl_interfaces/local_setup.dsv
[9.210s] -- Symlinking: /home/ubuntu/microros_ws/install/rcl_interfaces/share/rcl_interfaces/package.dsv
[9.256s] -- Up-to-date symlink: /home/ubuntu/microros_ws/install/rcl_interfaces/share/ament_index/resource_index/packages/rcl_interfaces
[9.259s] -- Up-to-date symlink: /home/ubuntu/microros_ws/install/rcl_interfaces/share/rcl_interfaces/cmake/rosidl_cmake-extras.cmake
[9.262s] -- Up-to-date symlink: /home/ubuntu/microros_ws/install/rcl_interfaces/share/rcl_interfaces/cmake/ament_cmake_export_dependencies-extras.cmake
[9.265s] -- Up-to-date symlink: /home/ubuntu/microros_ws/install/rcl_interfaces/share/rcl_interfaces/cmake/ament_cmake_export_include_directories-extras.cmake
[9.268s] -- Up-to-date symlink: /home/ubuntu/microros_ws/install/rcl_interfaces/share/rcl_interfaces/cmake/ament_cmake_export_libraries-extras.cmake
[9.271s] -- Up-to-date symlink: /home/ubuntu/microros_ws/install/rcl_interfaces/share/rcl_interfaces/cmake/ament_cmake_export_targets-extras.cmake
[9.274s] -- Up-to-date symlink: /home/ubuntu/microros_ws/install/rcl_interfaces/share/rcl_interfaces/cmake/rosidl_cmake_export_typesupport_targets-extras.cmake
[9.277s] -- Up-to-date symlink: /home/ubuntu/microros_ws/install/rcl_interfaces/share/rcl_interfaces/cmake/rosidl_cmake_export_typesupport_libraries-extras.cmake
[9.282s] -- Up-to-date symlink: /home/ubuntu/microros_ws/install/rcl_interfaces/share/rcl_interfaces/cmake/rcl_interfacesConfig.cmake
[9.305s] -- Up-to-date symlink: /home/ubuntu/microros_ws/install/rcl_interfaces/share/rcl_interfaces/cmake/rcl_interfacesConfig-version.cmake
[9.308s] -- Up-to-date symlink: /home/ubuntu/microros_ws/install/rcl_interfaces/share/rcl_interfaces/package.xml
[9.311s] -- Up-to-date: /home/ubuntu/microros_ws/install/rcl_interfaces/lib/librcl_interfaces__rosidl_generator_c.so
[9.315s] -- Up-to-date: /home/ubuntu/microros_ws/install/rcl_interfaces/lib/librcl_interfaces__rosidl_typesupport_fastrtps_c.so
[9.318s] -- Up-to-date: /home/ubuntu/microros_ws/install/rcl_interfaces/lib/librcl_interfaces__rosidl_typesupport_introspection_c.so
[9.322s] -- Up-to-date: /home/ubuntu/microros_ws/install/rcl_interfaces/lib/librcl_interfaces__rosidl_typesupport_c.so
[9.325s] -- Up-to-date: /home/ubuntu/microros_ws/install/rcl_interfaces/lib/librcl_interfaces__rosidl_typesupport_fastrtps_cpp.so
[9.329s] -- Up-to-date: /home/ubuntu/microros_ws/install/rcl_interfaces/lib/librcl_interfaces__rosidl_typesupport_introspection_cpp.so
[9.334s] -- Up-to-date: /home/ubuntu/microros_ws/install/rcl_interfaces/lib/librcl_interfaces__rosidl_typesupport_cpp.so
[9.563s] Listing '/home/ubuntu/microros_ws/install/rcl_interfaces/local/lib/python3.10/dist-packages/rcl_interfaces'...
[9.564s] Listing '/home/ubuntu/microros_ws/install/rcl_interfaces/local/lib/python3.10/dist-packages/rcl_interfaces/msg'...
[9.565s] Listing '/home/ubuntu/microros_ws/install/rcl_interfaces/local/lib/python3.10/dist-packages/rcl_interfaces/srv'...
[9.600s] -- Up-to-date: /home/ubuntu/microros_ws/install/rcl_interfaces/lib/librcl_interfaces__rosidl_generator_py.so
[9.602s] -- Up-to-date: /home/ubuntu/microros_ws/install/rcl_interfaces/share/rcl_interfaces/cmake/export_rcl_interfaces__rosidl_generator_cExport.cmake
[9.603s] -- Up-to-date: /home/ubuntu/microros_ws/install/rcl_interfaces/share/rcl_interfaces/cmake/export_rcl_interfaces__rosidl_generator_cExport-noconfig.cmake
[9.604s] -- Up-to-date: /home/ubuntu/microros_ws/install/rcl_interfaces/share/rcl_interfaces/cmake/export_rcl_interfaces__rosidl_typesupport_fastrtps_cExport.cmake
[9.605s] -- Up-to-date: /home/ubuntu/microros_ws/install/rcl_interfaces/share/rcl_interfaces/cmake/export_rcl_interfaces__rosidl_typesupport_fastrtps_cExport-noconfig.cmake
[9.606s] -- Up-to-date: /home/ubuntu/microros_ws/install/rcl_interfaces/share/rcl_interfaces/cmake/rcl_interfaces__rosidl_typesupport_introspection_cExport.cmake
[9.607s] -- Up-to-date: /home/ubuntu/microros_ws/install/rcl_interfaces/share/rcl_interfaces/cmake/rcl_interfaces__rosidl_typesupport_introspection_cExport-noconfig.cmake
[9.608s] -- Up-to-date: /home/ubuntu/microros_ws/install/rcl_interfaces/share/rcl_interfaces/cmake/rcl_interfaces__rosidl_typesupport_cExport.cmake
[9.609s] -- Up-to-date: /home/ubuntu/microros_ws/install/rcl_interfaces/share/rcl_interfaces/cmake/rcl_interfaces__rosidl_typesupport_cExport-noconfig.cmake
[9.611s] -- Up-to-date: /home/ubuntu/microros_ws/install/rcl_interfaces/share/rcl_interfaces/cmake/export_rcl_interfaces__rosidl_generator_cppExport.cmake
[9.613s] -- Up-to-date: /home/ubuntu/microros_ws/install/rcl_interfaces/share/rcl_interfaces/cmake/export_rcl_interfaces__rosidl_typesupport_fastrtps_cppExport.cmake
[9.614s] -- Up-to-date: /home/ubuntu/microros_ws/install/rcl_interfaces/share/rcl_interfaces/cmake/export_rcl_interfaces__rosidl_typesupport_fastrtps_cppExport-noconfig.cmake
[9.615s] -- Up-to-date: /home/ubuntu/microros_ws/install/rcl_interfaces/share/rcl_interfaces/cmake/rcl_interfaces__rosidl_typesupport_introspection_cppExport.cmake
[9.616s] -- Up-to-date: /home/ubuntu/microros_ws/install/rcl_interfaces/share/rcl_interfaces/cmake/rcl_interfaces__rosidl_typesupport_introspection_cppExport-noconfig.cmake
[9.617s] -- Up-to-date: /home/ubuntu/microros_ws/install/rcl_interfaces/share/rcl_interfaces/cmake/rcl_interfaces__rosidl_typesupport_cppExport.cmake
[9.617s] -- Up-to-date: /home/ubuntu/microros_ws/install/rcl_interfaces/share/rcl_interfaces/cmake/rcl_interfaces__rosidl_typesupport_cppExport-noconfig.cmake
[9.618s] -- Up-to-date: /home/ubuntu/microros_ws/install/rcl_interfaces/share/rcl_interfaces/cmake/export_rcl_interfaces__rosidl_generator_pyExport.cmake
[9.619s] -- Up-to-date: /home/ubuntu/microros_ws/install/rcl_interfaces/share/rcl_interfaces/cmake/export_rcl_interfaces__rosidl_generator_pyExport-noconfig.cmake
[9.633s] Invoked command in '/home/ubuntu/microros_ws/build/rcl_interfaces' returned '0': AMENT_PREFIX_PATH=/home/ubuntu/microros_ws/install/builtin_interfaces:${AMENT_PREFIX_PATH} CMAKE_PREFIX_PATH=/home/ubuntu/microros_ws/install/builtin_interfaces:/opt/ros/humble LD_LIBRARY_PATH=/home/ubuntu/microros_ws/install/builtin_interfaces/lib:${LD_LIBRARY_PATH} PYTHONPATH=/home/ubuntu/microros_ws/install/builtin_interfaces/local/lib/python3.10/dist-packages:${PYTHONPATH} /usr/bin/cmake --install /home/ubuntu/microros_ws/build/rcl_interfaces
