[0.118s] Invoking command in '/home/ubuntu/microros_ws/build/micro_ros_setup': CMAKE_PREFIX_PATH=/home/ubuntu/microros_ws/install/micro_ros_demos_rclc:/home/ubuntu/microros_ws/install/common_interfaces:/home/ubuntu/microros_ws/install/visualization_msgs:/home/ubuntu/microros_ws/install/test_msgs:/home/ubuntu/microros_ws/install/example_interfaces:/home/ubuntu/microros_ws/install/action_msgs:/home/ubuntu/microros_ws/install/unique_identifier_msgs:/home/ubuntu/microros_ws/install/trajectory_msgs:/home/ubuntu/microros_ws/install/stereo_msgs:/home/ubuntu/microros_ws/install/sensor_msgs_py:/opt/ros/humble:/home/ubuntu/microros_ws/install/rplidar_ros:/home/ubuntu/microros_ws/install/astra_camera:/home/ubuntu/microros_ws/install/std_srvs:/home/ubuntu/microros_ws/install/shape_msgs:/home/ubuntu/microros_ws/install/astra_camera_msgs:/home/ubuntu/microros_ws/install/sensor_msgs:/home/ubuntu/microros_ws/install/nav_msgs:/home/ubuntu/microros_ws/install/diagnostic_msgs:/home/ubuntu/microros_ws/install/geometry_msgs:/home/ubuntu/microros_ws/install/actionlib_msgs:/home/ubuntu/microros_ws/install/std_msgs:/home/ubuntu/microros_ws/install/statistics_msgs:/home/ubuntu/microros_ws/install/rosidl_typesupport_microxrcedds_test_msg:/home/ubuntu/microros_ws/install/rosidl_typesupport_microxrcedds_cpp_tests:/home/ubuntu/microros_ws/install/rmw_microxrcedds:/home/ubuntu/microros_ws/install/rosidl_typesupport_microxrcedds_cpp:/home/ubuntu/microros_ws/install/rosidl_typesupport_microxrcedds_c_tests:/home/ubuntu/microros_ws/install/rosidl_typesupport_microxrcedds_c:/home/ubuntu/microros_ws/install/rosgraph_msgs:/home/ubuntu/microros_ws/install/rclc_parameter:/home/ubuntu/microros_ws/install/rclc:/home/ubuntu/microros_ws/install/composition_interfaces:/home/ubuntu/microros_ws/install/rcl_interfaces:/home/ubuntu/microros_ws/install/microxrcedds_client:/home/ubuntu/microros_ws/install/microcdr:/home/ubuntu/microros_ws/install/micro_ros_utilities:/home/ubuntu/microros_ws/install/micro_ros_setup:/home/ubuntu/microros_ws/install/micro_ros_agent:/home/ubuntu/microros_ws/install/micro_ros_msgs:/home/ubuntu/microros_ws/install/lifecycle_msgs:/home/ubuntu/microros_ws/install/complex_msgs:/home/ubuntu/microros_ws/install/builtin_interfaces /usr/bin/cmake --build /home/ubuntu/microros_ws/build/micro_ros_setup -- -j4 -l4
[0.536s] Invoked command in '/home/ubuntu/microros_ws/build/micro_ros_setup' returned '0': CMAKE_PREFIX_PATH=/home/ubuntu/microros_ws/install/micro_ros_demos_rclc:/home/ubuntu/microros_ws/install/common_interfaces:/home/ubuntu/microros_ws/install/visualization_msgs:/home/ubuntu/microros_ws/install/test_msgs:/home/ubuntu/microros_ws/install/example_interfaces:/home/ubuntu/microros_ws/install/action_msgs:/home/ubuntu/microros_ws/install/unique_identifier_msgs:/home/ubuntu/microros_ws/install/trajectory_msgs:/home/ubuntu/microros_ws/install/stereo_msgs:/home/ubuntu/microros_ws/install/sensor_msgs_py:/opt/ros/humble:/home/ubuntu/microros_ws/install/rplidar_ros:/home/ubuntu/microros_ws/install/astra_camera:/home/ubuntu/microros_ws/install/std_srvs:/home/ubuntu/microros_ws/install/shape_msgs:/home/ubuntu/microros_ws/install/astra_camera_msgs:/home/ubuntu/microros_ws/install/sensor_msgs:/home/ubuntu/microros_ws/install/nav_msgs:/home/ubuntu/microros_ws/install/diagnostic_msgs:/home/ubuntu/microros_ws/install/geometry_msgs:/home/ubuntu/microros_ws/install/actionlib_msgs:/home/ubuntu/microros_ws/install/std_msgs:/home/ubuntu/microros_ws/install/statistics_msgs:/home/ubuntu/microros_ws/install/rosidl_typesupport_microxrcedds_test_msg:/home/ubuntu/microros_ws/install/rosidl_typesupport_microxrcedds_cpp_tests:/home/ubuntu/microros_ws/install/rmw_microxrcedds:/home/ubuntu/microros_ws/install/rosidl_typesupport_microxrcedds_cpp:/home/ubuntu/microros_ws/install/rosidl_typesupport_microxrcedds_c_tests:/home/ubuntu/microros_ws/install/rosidl_typesupport_microxrcedds_c:/home/ubuntu/microros_ws/install/rosgraph_msgs:/home/ubuntu/microros_ws/install/rclc_parameter:/home/ubuntu/microros_ws/install/rclc:/home/ubuntu/microros_ws/install/composition_interfaces:/home/ubuntu/microros_ws/install/rcl_interfaces:/home/ubuntu/microros_ws/install/microxrcedds_client:/home/ubuntu/microros_ws/install/microcdr:/home/ubuntu/microros_ws/install/micro_ros_utilities:/home/ubuntu/microros_ws/install/micro_ros_setup:/home/ubuntu/microros_ws/install/micro_ros_agent:/home/ubuntu/microros_ws/install/micro_ros_msgs:/home/ubuntu/microros_ws/install/lifecycle_msgs:/home/ubuntu/microros_ws/install/complex_msgs:/home/ubuntu/microros_ws/install/builtin_interfaces /usr/bin/cmake --build /home/ubuntu/microros_ws/build/micro_ros_setup -- -j4 -l4
[0.978s] Invoking command in '/home/ubuntu/microros_ws/build/micro_ros_setup': CMAKE_PREFIX_PATH=/home/ubuntu/microros_ws/install/micro_ros_demos_rclc:/home/ubuntu/microros_ws/install/common_interfaces:/home/ubuntu/microros_ws/install/visualization_msgs:/home/ubuntu/microros_ws/install/test_msgs:/home/ubuntu/microros_ws/install/example_interfaces:/home/ubuntu/microros_ws/install/action_msgs:/home/ubuntu/microros_ws/install/unique_identifier_msgs:/home/ubuntu/microros_ws/install/trajectory_msgs:/home/ubuntu/microros_ws/install/stereo_msgs:/home/ubuntu/microros_ws/install/sensor_msgs_py:/opt/ros/humble:/home/ubuntu/microros_ws/install/rplidar_ros:/home/ubuntu/microros_ws/install/astra_camera:/home/ubuntu/microros_ws/install/std_srvs:/home/ubuntu/microros_ws/install/shape_msgs:/home/ubuntu/microros_ws/install/astra_camera_msgs:/home/ubuntu/microros_ws/install/sensor_msgs:/home/ubuntu/microros_ws/install/nav_msgs:/home/ubuntu/microros_ws/install/diagnostic_msgs:/home/ubuntu/microros_ws/install/geometry_msgs:/home/ubuntu/microros_ws/install/actionlib_msgs:/home/ubuntu/microros_ws/install/std_msgs:/home/ubuntu/microros_ws/install/statistics_msgs:/home/ubuntu/microros_ws/install/rosidl_typesupport_microxrcedds_test_msg:/home/ubuntu/microros_ws/install/rosidl_typesupport_microxrcedds_cpp_tests:/home/ubuntu/microros_ws/install/rmw_microxrcedds:/home/ubuntu/microros_ws/install/rosidl_typesupport_microxrcedds_cpp:/home/ubuntu/microros_ws/install/rosidl_typesupport_microxrcedds_c_tests:/home/ubuntu/microros_ws/install/rosidl_typesupport_microxrcedds_c:/home/ubuntu/microros_ws/install/rosgraph_msgs:/home/ubuntu/microros_ws/install/rclc_parameter:/home/ubuntu/microros_ws/install/rclc:/home/ubuntu/microros_ws/install/composition_interfaces:/home/ubuntu/microros_ws/install/rcl_interfaces:/home/ubuntu/microros_ws/install/microxrcedds_client:/home/ubuntu/microros_ws/install/microcdr:/home/ubuntu/microros_ws/install/micro_ros_utilities:/home/ubuntu/microros_ws/install/micro_ros_setup:/home/ubuntu/microros_ws/install/micro_ros_agent:/home/ubuntu/microros_ws/install/micro_ros_msgs:/home/ubuntu/microros_ws/install/lifecycle_msgs:/home/ubuntu/microros_ws/install/complex_msgs:/home/ubuntu/microros_ws/install/builtin_interfaces /usr/bin/cmake --install /home/ubuntu/microros_ws/build/micro_ros_setup
[1.150s] -- Install configuration: "Release"
[1.160s] -- Execute custom install script
[1.164s] -- Up-to-date symlink: /home/ubuntu/microros_ws/install/micro_ros_setup/share/ament_index/resource_index/package_run_dependencies/micro_ros_setup
[1.168s] -- Up-to-date symlink: /home/ubuntu/microros_ws/install/micro_ros_setup/share/ament_index/resource_index/parent_prefix_path/micro_ros_setup
[1.170s] -- Up-to-date symlink: /home/ubuntu/microros_ws/install/micro_ros_setup/share/micro_ros_setup/environment/ament_prefix_path.sh
[1.173s] -- Up-to-date symlink: /home/ubuntu/microros_ws/install/micro_ros_setup/share/micro_ros_setup/environment/ament_prefix_path.dsv
[1.176s] -- Up-to-date symlink: /home/ubuntu/microros_ws/install/micro_ros_setup/share/micro_ros_setup/environment/path.sh
[1.179s] -- Up-to-date symlink: /home/ubuntu/microros_ws/install/micro_ros_setup/share/micro_ros_setup/environment/path.dsv
[1.184s] -- Up-to-date symlink: /home/ubuntu/microros_ws/install/micro_ros_setup/share/micro_ros_setup/local_setup.bash
[1.190s] -- Up-to-date symlink: /home/ubuntu/microros_ws/install/micro_ros_setup/share/micro_ros_setup/local_setup.sh
[1.193s] -- Up-to-date symlink: /home/ubuntu/microros_ws/install/micro_ros_setup/share/micro_ros_setup/local_setup.zsh
[1.196s] -- Up-to-date symlink: /home/ubuntu/microros_ws/install/micro_ros_setup/share/micro_ros_setup/local_setup.dsv
[1.203s] -- Symlinking: /home/ubuntu/microros_ws/install/micro_ros_setup/share/micro_ros_setup/package.dsv
[1.335s] -- Up-to-date symlink: /home/ubuntu/microros_ws/install/micro_ros_setup/share/ament_index/resource_index/packages/micro_ros_setup
[1.338s] -- Up-to-date symlink: /home/ubuntu/microros_ws/install/micro_ros_setup/share/micro_ros_setup/cmake/micro_ros_setupConfig.cmake
[1.346s] -- Up-to-date symlink: /home/ubuntu/microros_ws/install/micro_ros_setup/share/micro_ros_setup/cmake/micro_ros_setupConfig-version.cmake
[1.347s] -- Up-to-date symlink: /home/ubuntu/microros_ws/install/micro_ros_setup/share/micro_ros_setup/package.xml
[1.349s] -- Up-to-date symlink: /home/ubuntu/microros_ws/install/micro_ros_setup/lib/micro_ros_setup/create_ws.sh
[1.352s] -- Up-to-date symlink: /home/ubuntu/microros_ws/install/micro_ros_setup/lib/micro_ros_setup/create_agent_ws.sh
[1.359s] -- Up-to-date symlink: /home/ubuntu/microros_ws/install/micro_ros_setup/lib/micro_ros_setup/create_firmware_ws.sh
[1.364s] -- Up-to-date symlink: /home/ubuntu/microros_ws/install/micro_ros_setup/lib/micro_ros_setup/configure_firmware.sh
[1.365s] -- Up-to-date symlink: /home/ubuntu/microros_ws/install/micro_ros_setup/lib/micro_ros_setup/flash_firmware.sh
[1.366s] -- Up-to-date symlink: /home/ubuntu/microros_ws/install/micro_ros_setup/lib/micro_ros_setup/build_firmware.sh
[1.366s] -- Up-to-date symlink: /home/ubuntu/microros_ws/install/micro_ros_setup/lib/micro_ros_setup/build_agent.sh
[1.367s] -- Up-to-date symlink: /home/ubuntu/microros_ws/install/micro_ros_setup/lib/micro_ros_setup/yaml_filter.py
[1.367s] -- Up-to-date symlink: /home/ubuntu/microros_ws/install/micro_ros_setup/lib/micro_ros_setup/clean_env.sh
[1.368s] -- Up-to-date symlink: /home/ubuntu/microros_ws/install/micro_ros_setup/lib/micro_ros_setup/component
[1.369s] -- Up-to-date: /home/ubuntu/microros_ws/install/micro_ros_setup/./config
[1.378s] -- Up-to-date: /home/ubuntu/microros_ws/install/micro_ros_setup/./config/generate_lib
[1.381s] -- Up-to-date: /home/ubuntu/microros_ws/install/micro_ros_setup/./config/generate_lib/generic
[1.382s] -- Up-to-date: /home/ubuntu/microros_ws/install/micro_ros_setup/./config/generate_lib/generic/create.sh
[1.384s] -- Up-to-date: /home/ubuntu/microros_ws/install/micro_ros_setup/./config/generate_lib/generic/package.xml
[1.386s] -- Up-to-date: /home/ubuntu/microros_ws/install/micro_ros_setup/./config/generate_lib/generic/demo_toolchain.cmake
[1.394s] -- Up-to-date: /home/ubuntu/microros_ws/install/micro_ros_setup/./config/generate_lib/generic/flash.sh
[1.399s] -- Up-to-date: /home/ubuntu/microros_ws/install/micro_ros_setup/./config/generate_lib/generic/client_uros_packages.repos
[1.405s] -- Up-to-date: /home/ubuntu/microros_ws/install/micro_ros_setup/./config/generate_lib/generic/build.sh
[1.407s] -- Up-to-date: /home/ubuntu/microros_ws/install/micro_ros_setup/./config/generate_lib/generic/client-colcon.meta
[1.411s] -- Up-to-date: /home/ubuntu/microros_ws/install/micro_ros_setup/./config/generate_lib/dev_uros_packages.repos
[1.413s] -- Up-to-date: /home/ubuntu/microros_ws/install/micro_ros_setup/./config/generate_lib/dev_ros2_packages.txt
[1.414s] -- Up-to-date: /home/ubuntu/microros_ws/install/micro_ros_setup/./config/raspbian
[1.415s] -- Up-to-date: /home/ubuntu/microros_ws/install/micro_ros_setup/./config/raspbian/generic
[1.416s] -- Up-to-date: /home/ubuntu/microros_ws/install/micro_ros_setup/./config/raspbian/generic/create.sh
[1.416s] -- Up-to-date: /home/ubuntu/microros_ws/install/micro_ros_setup/./config/raspbian/generic/flash.sh
[1.417s] -- Up-to-date: /home/ubuntu/microros_ws/install/micro_ros_setup/./config/raspbian/generic/client_uros_packages.repos
[1.418s] -- Up-to-date: /home/ubuntu/microros_ws/install/micro_ros_setup/./config/raspbian/generic/build.sh
[1.418s] -- Up-to-date: /home/ubuntu/microros_ws/install/micro_ros_setup/./config/raspbian/generic/client-colcon.meta
[1.419s] -- Up-to-date: /home/ubuntu/microros_ws/install/micro_ros_setup/./config/raspbian/generic/configure.sh
[1.419s] -- Up-to-date: /home/ubuntu/microros_ws/install/micro_ros_setup/./config/raspbian/generic/supported_platforms
[1.420s] -- Up-to-date: /home/ubuntu/microros_ws/install/micro_ros_setup/./config/raspbian/dev_uros_packages.repos
[1.421s] -- Up-to-date: /home/ubuntu/microros_ws/install/micro_ros_setup/./config/raspbian/dev_ros2_packages.txt
[1.421s] -- Up-to-date: /home/ubuntu/microros_ws/install/micro_ros_setup/./config/renesas_ra
[1.422s] -- Up-to-date: /home/ubuntu/microros_ws/install/micro_ros_setup/./config/renesas_ra/ra6m5
[1.422s] -- Up-to-date: /home/ubuntu/microros_ws/install/micro_ros_setup/./config/renesas_ra/ra6m5/create.sh
[1.423s] -- Up-to-date: /home/ubuntu/microros_ws/install/micro_ros_setup/./config/renesas_ra/ra6m5/board.repos
[1.443s] -- Up-to-date: /home/ubuntu/microros_ws/install/micro_ros_setup/./config/renesas_ra/ra6m5/flash.sh
[1.446s] -- Up-to-date: /home/ubuntu/microros_ws/install/micro_ros_setup/./config/renesas_ra/ra6m5/client_uros_packages.repos
[1.457s] -- Up-to-date: /home/ubuntu/microros_ws/install/micro_ros_setup/./config/renesas_ra/ra6m5/build.sh
[1.458s] -- Up-to-date: /home/ubuntu/microros_ws/install/micro_ros_setup/./config/renesas_ra/ra6m5/client-colcon.meta
[1.459s] -- Up-to-date: /home/ubuntu/microros_ws/install/micro_ros_setup/./config/renesas_ra/ra6m5/configure.sh
[1.461s] -- Up-to-date: /home/ubuntu/microros_ws/install/micro_ros_setup/./config/renesas_ra/dev_uros_packages.repos
[1.486s] -- Up-to-date: /home/ubuntu/microros_ws/install/micro_ros_setup/./config/renesas_ra/dev_ros2_packages.txt
[1.488s] -- Up-to-date: /home/ubuntu/microros_ws/install/micro_ros_setup/./config/renesas_ra/list_apps.sh
[1.500s] -- Up-to-date: /home/ubuntu/microros_ws/install/micro_ros_setup/./config/freertos
[1.514s] -- Up-to-date: /home/ubuntu/microros_ws/install/micro_ros_setup/./config/freertos/nucleo_f767zi
[1.515s] -- Up-to-date: /home/ubuntu/microros_ws/install/micro_ros_setup/./config/freertos/nucleo_f767zi/create.sh
[1.516s] -- Up-to-date: /home/ubuntu/microros_ws/install/micro_ros_setup/./config/freertos/nucleo_f767zi/package.xml
[1.517s] -- Up-to-date: /home/ubuntu/microros_ws/install/micro_ros_setup/./config/freertos/nucleo_f767zi/board.repos
[1.541s] -- Up-to-date: /home/ubuntu/microros_ws/install/micro_ros_setup/./config/freertos/nucleo_f767zi/flash.sh
[1.542s] -- Up-to-date: /home/ubuntu/microros_ws/install/micro_ros_setup/./config/freertos/nucleo_f767zi/client_uros_packages.repos
[1.543s] -- Up-to-date: /home/ubuntu/microros_ws/install/micro_ros_setup/./config/freertos/nucleo_f767zi/build.sh
[1.544s] -- Up-to-date: /home/ubuntu/microros_ws/install/micro_ros_setup/./config/freertos/nucleo_f767zi/client-colcon.meta
[1.544s] -- Up-to-date: /home/ubuntu/microros_ws/install/micro_ros_setup/./config/freertos/nucleo_f767zi/configure.sh
[1.546s] -- Up-to-date: /home/ubuntu/microros_ws/install/micro_ros_setup/./config/freertos/nucleo_f746zg
[1.553s] -- Up-to-date: /home/ubuntu/microros_ws/install/micro_ros_setup/./config/freertos/nucleo_f746zg/create.sh
[1.555s] -- Up-to-date: /home/ubuntu/microros_ws/install/micro_ros_setup/./config/freertos/nucleo_f746zg/package.xml
[1.556s] -- Up-to-date: /home/ubuntu/microros_ws/install/micro_ros_setup/./config/freertos/nucleo_f746zg/board.repos
[1.561s] -- Up-to-date: /home/ubuntu/microros_ws/install/micro_ros_setup/./config/freertos/nucleo_f746zg/flash.sh
[1.570s] -- Up-to-date: /home/ubuntu/microros_ws/install/micro_ros_setup/./config/freertos/nucleo_f746zg/client_uros_packages.repos
[1.570s] -- Up-to-date: /home/ubuntu/microros_ws/install/micro_ros_setup/./config/freertos/nucleo_f746zg/build.sh
[1.571s] -- Up-to-date: /home/ubuntu/microros_ws/install/micro_ros_setup/./config/freertos/nucleo_f746zg/client-colcon.meta
[1.572s] -- Up-to-date: /home/ubuntu/microros_ws/install/micro_ros_setup/./config/freertos/nucleo_f746zg/configure.sh
[1.573s] -- Up-to-date: /home/ubuntu/microros_ws/install/micro_ros_setup/./config/freertos/olimex-stm32-e407
[1.574s] -- Up-to-date: /home/ubuntu/microros_ws/install/micro_ros_setup/./config/freertos/olimex-stm32-e407/create.sh
[1.575s] -- Up-to-date: /home/ubuntu/microros_ws/install/micro_ros_setup/./config/freertos/olimex-stm32-e407/package.xml
[1.598s] -- Up-to-date: /home/ubuntu/microros_ws/install/micro_ros_setup/./config/freertos/olimex-stm32-e407/board.repos
[1.599s] -- Up-to-date: /home/ubuntu/microros_ws/install/micro_ros_setup/./config/freertos/olimex-stm32-e407/flash.sh
[1.601s] -- Up-to-date: /home/ubuntu/microros_ws/install/micro_ros_setup/./config/freertos/olimex-stm32-e407/client_uros_packages.repos
[1.602s] -- Up-to-date: /home/ubuntu/microros_ws/install/micro_ros_setup/./config/freertos/olimex-stm32-e407/build.sh
[1.603s] -- Up-to-date: /home/ubuntu/microros_ws/install/micro_ros_setup/./config/freertos/olimex-stm32-e407/client-colcon.meta
[1.604s] -- Up-to-date: /home/ubuntu/microros_ws/install/micro_ros_setup/./config/freertos/olimex-stm32-e407/configure.sh
[1.606s] -- Up-to-date: /home/ubuntu/microros_ws/install/micro_ros_setup/./config/freertos/esp32
[1.615s] -- Up-to-date: /home/ubuntu/microros_ws/install/micro_ros_setup/./config/freertos/esp32/README.md
[1.616s] -- Up-to-date: /home/ubuntu/microros_ws/install/micro_ros_setup/./config/freertos/esp32/create.sh
[1.617s] -- Up-to-date: /home/ubuntu/microros_ws/install/micro_ros_setup/./config/freertos/esp32/package.xml
[1.618s] -- Up-to-date: /home/ubuntu/microros_ws/install/micro_ros_setup/./config/freertos/esp32/board.repos
[1.619s] -- Up-to-date: /home/ubuntu/microros_ws/install/micro_ros_setup/./config/freertos/esp32/flash.sh
[1.620s] -- Up-to-date: /home/ubuntu/microros_ws/install/micro_ros_setup/./config/freertos/esp32/client_uros_packages.repos
[1.625s] -- Up-to-date: /home/ubuntu/microros_ws/install/micro_ros_setup/./config/freertos/esp32/build.sh
[1.626s] -- Up-to-date: /home/ubuntu/microros_ws/install/micro_ros_setup/./config/freertos/esp32/client-colcon.meta
[1.627s] -- Up-to-date: /home/ubuntu/microros_ws/install/micro_ros_setup/./config/freertos/esp32/configure.sh
[1.628s] -- Up-to-date: /home/ubuntu/microros_ws/install/micro_ros_setup/./config/freertos/nucleo_f446ze
[1.630s] -- Up-to-date: /home/ubuntu/microros_ws/install/micro_ros_setup/./config/freertos/nucleo_f446ze/create.sh
[1.639s] -- Up-to-date: /home/ubuntu/microros_ws/install/micro_ros_setup/./config/freertos/nucleo_f446ze/package.xml
[1.655s] -- Up-to-date: /home/ubuntu/microros_ws/install/micro_ros_setup/./config/freertos/nucleo_f446ze/board.repos
[1.662s] -- Up-to-date: /home/ubuntu/microros_ws/install/micro_ros_setup/./config/freertos/nucleo_f446ze/flash.sh
[1.683s] -- Up-to-date: /home/ubuntu/microros_ws/install/micro_ros_setup/./config/freertos/nucleo_f446ze/client_uros_packages.repos
[1.686s] -- Up-to-date: /home/ubuntu/microros_ws/install/micro_ros_setup/./config/freertos/nucleo_f446ze/build.sh
[1.686s] -- Up-to-date: /home/ubuntu/microros_ws/install/micro_ros_setup/./config/freertos/nucleo_f446ze/client-colcon.meta
[1.687s] -- Up-to-date: /home/ubuntu/microros_ws/install/micro_ros_setup/./config/freertos/nucleo_f446ze/configure.sh
[1.688s] -- Up-to-date: /home/ubuntu/microros_ws/install/micro_ros_setup/./config/freertos/dev_uros_packages.repos
[1.688s] -- Up-to-date: /home/ubuntu/microros_ws/install/micro_ros_setup/./config/freertos/dev_ros2_packages.txt
[1.689s] -- Up-to-date: /home/ubuntu/microros_ws/install/micro_ros_setup/./config/freertos/list_apps.sh
[1.689s] -- Up-to-date: /home/ubuntu/microros_ws/install/micro_ros_setup/./config/freertos/crazyflie21
[1.690s] -- Up-to-date: /home/ubuntu/microros_ws/install/micro_ros_setup/./config/freertos/crazyflie21/create.sh
[1.691s] -- Up-to-date: /home/ubuntu/microros_ws/install/micro_ros_setup/./config/freertos/crazyflie21/package.xml
[1.692s] -- Up-to-date: /home/ubuntu/microros_ws/install/micro_ros_setup/./config/freertos/crazyflie21/board.repos
[1.695s] -- Up-to-date: /home/ubuntu/microros_ws/install/micro_ros_setup/./config/freertos/crazyflie21/flash.sh
[1.696s] -- Up-to-date: /home/ubuntu/microros_ws/install/micro_ros_setup/./config/freertos/crazyflie21/client_uros_packages.repos
[1.698s] -- Up-to-date: /home/ubuntu/microros_ws/install/micro_ros_setup/./config/freertos/crazyflie21/build.sh
[1.714s] -- Up-to-date: /home/ubuntu/microros_ws/install/micro_ros_setup/./config/freertos/crazyflie21/client-colcon.meta
[1.715s] -- Up-to-date: /home/ubuntu/microros_ws/install/micro_ros_setup/./config/freertos/crazyflie21/configure.sh
[1.716s] -- Up-to-date: /home/ubuntu/microros_ws/install/micro_ros_setup/./config/freertos/nucleo_f446re
[1.716s] -- Up-to-date: /home/ubuntu/microros_ws/install/micro_ros_setup/./config/freertos/nucleo_f446re/create.sh
[1.717s] -- Up-to-date: /home/ubuntu/microros_ws/install/micro_ros_setup/./config/freertos/nucleo_f446re/package.xml
[1.718s] -- Up-to-date: /home/ubuntu/microros_ws/install/micro_ros_setup/./config/freertos/nucleo_f446re/board.repos
[1.722s] -- Up-to-date: /home/ubuntu/microros_ws/install/micro_ros_setup/./config/freertos/nucleo_f446re/flash.sh
[1.722s] -- Up-to-date: /home/ubuntu/microros_ws/install/micro_ros_setup/./config/freertos/nucleo_f446re/client_uros_packages.repos
[1.723s] -- Up-to-date: /home/ubuntu/microros_ws/install/micro_ros_setup/./config/freertos/nucleo_f446re/build.sh
[1.723s] -- Up-to-date: /home/ubuntu/microros_ws/install/micro_ros_setup/./config/freertos/nucleo_f446re/client-colcon.meta
[1.724s] -- Up-to-date: /home/ubuntu/microros_ws/install/micro_ros_setup/./config/freertos/nucleo_f446re/configure.sh
[1.725s] -- Up-to-date: /home/ubuntu/microros_ws/install/micro_ros_setup/./config/mbed
[1.726s] -- Up-to-date: /home/ubuntu/microros_ws/install/micro_ros_setup/./config/mbed/generic
[1.731s] -- Up-to-date: /home/ubuntu/microros_ws/install/micro_ros_setup/./config/mbed/generic/create.sh
[1.743s] -- Up-to-date: /home/ubuntu/microros_ws/install/micro_ros_setup/./config/mbed/generic/package.xml
[1.745s] -- Up-to-date: /home/ubuntu/microros_ws/install/micro_ros_setup/./config/mbed/generic/board.repos
[1.745s] -- Up-to-date: /home/ubuntu/microros_ws/install/micro_ros_setup/./config/mbed/generic/flash.sh
[1.748s] -- Up-to-date: /home/ubuntu/microros_ws/install/micro_ros_setup/./config/mbed/generic/client_uros_packages.repos
[1.749s] -- Up-to-date: /home/ubuntu/microros_ws/install/micro_ros_setup/./config/mbed/generic/build.sh
[1.750s] -- Up-to-date: /home/ubuntu/microros_ws/install/micro_ros_setup/./config/mbed/generic/supported_platforms
[1.753s] -- Up-to-date: /home/ubuntu/microros_ws/install/micro_ros_setup/./config/mbed/dev_uros_packages.repos
[1.754s] -- Up-to-date: /home/ubuntu/microros_ws/install/micro_ros_setup/./config/mbed/dev_ros2_packages.txt
[1.757s] -- Up-to-date: /home/ubuntu/microros_ws/install/micro_ros_setup/./config/mbed/list_apps.sh
[1.758s] -- Up-to-date: /home/ubuntu/microros_ws/install/micro_ros_setup/./config/host
[1.783s] -- Up-to-date: /home/ubuntu/microros_ws/install/micro_ros_setup/./config/host/generic
[1.784s] -- Up-to-date: /home/ubuntu/microros_ws/install/micro_ros_setup/./config/host/generic/client_host_packages.repos
[1.784s] -- Up-to-date: /home/ubuntu/microros_ws/install/micro_ros_setup/./config/host/generic/create.sh
[1.785s] -- Up-to-date: /home/ubuntu/microros_ws/install/micro_ros_setup/./config/host/generic/client-host-colcon.meta
[1.785s] -- Up-to-date: /home/ubuntu/microros_ws/install/micro_ros_setup/./config/host/generic/package.xml
[1.786s] -- Up-to-date: /home/ubuntu/microros_ws/install/micro_ros_setup/./config/host/generic/flash.sh
[1.786s] -- Up-to-date: /home/ubuntu/microros_ws/install/micro_ros_setup/./config/host/generic/build.sh
[1.787s] -- Up-to-date: /home/ubuntu/microros_ws/install/micro_ros_setup/./config/host/client_ros2_packages.txt
[1.787s] -- Up-to-date: /home/ubuntu/microros_ws/install/micro_ros_setup/./config/host/dev_uros_packages.repos
[1.788s] -- Up-to-date: /home/ubuntu/microros_ws/install/micro_ros_setup/./config/host/dev_ros2_packages.txt
[1.791s] -- Up-to-date: /home/ubuntu/microros_ws/install/micro_ros_setup/./config/client_uros_packages.repos
[1.792s] -- Up-to-date: /home/ubuntu/microros_ws/install/micro_ros_setup/./config/client_ros2_packages.txt
[1.793s] -- Up-to-date: /home/ubuntu/microros_ws/install/micro_ros_setup/./config/agent_ros2_packages.txt
[1.794s] -- Up-to-date: /home/ubuntu/microros_ws/install/micro_ros_setup/./config/utils.sh
[1.795s] -- Up-to-date: /home/ubuntu/microros_ws/install/micro_ros_setup/./config/agent_uros_packages.repos
[1.795s] -- Up-to-date: /home/ubuntu/microros_ws/install/micro_ros_setup/./config/android
[1.795s] -- Up-to-date: /home/ubuntu/microros_ws/install/micro_ros_setup/./config/android/generic
[1.796s] -- Up-to-date: /home/ubuntu/microros_ws/install/micro_ros_setup/./config/android/generic/create.sh
[1.796s] -- Up-to-date: /home/ubuntu/microros_ws/install/micro_ros_setup/./config/android/generic/package.xml
[1.797s] -- Up-to-date: /home/ubuntu/microros_ws/install/micro_ros_setup/./config/android/generic/flash.sh
[1.797s] -- Up-to-date: /home/ubuntu/microros_ws/install/micro_ros_setup/./config/android/generic/client_uros_packages.repos
[1.798s] -- Up-to-date: /home/ubuntu/microros_ws/install/micro_ros_setup/./config/android/generic/build.sh
[1.799s] -- Up-to-date: /home/ubuntu/microros_ws/install/micro_ros_setup/./config/android/generic/client-colcon.meta
[1.800s] -- Up-to-date: /home/ubuntu/microros_ws/install/micro_ros_setup/./config/android/dev_uros_packages.repos
[1.800s] -- Up-to-date: /home/ubuntu/microros_ws/install/micro_ros_setup/./config/android/dev_ros2_packages.txt
[1.801s] -- Up-to-date: /home/ubuntu/microros_ws/install/micro_ros_setup/./config/zephyr
[1.801s] -- Up-to-date: /home/ubuntu/microros_ws/install/micro_ros_setup/./config/zephyr/generic
[1.812s] -- Up-to-date: /home/ubuntu/microros_ws/install/micro_ros_setup/./config/zephyr/generic/create.sh
[1.815s] -- Up-to-date: /home/ubuntu/microros_ws/install/micro_ros_setup/./config/zephyr/generic/package.xml
[1.817s] -- Up-to-date: /home/ubuntu/microros_ws/install/micro_ros_setup/./config/zephyr/generic/board.repos
[1.818s] -- Up-to-date: /home/ubuntu/microros_ws/install/micro_ros_setup/./config/zephyr/generic/flash.sh
[1.820s] -- Up-to-date: /home/ubuntu/microros_ws/install/micro_ros_setup/./config/zephyr/generic/client_uros_packages.repos
[1.821s] -- Up-to-date: /home/ubuntu/microros_ws/install/micro_ros_setup/./config/zephyr/generic/build.sh
[1.822s] -- Up-to-date: /home/ubuntu/microros_ws/install/micro_ros_setup/./config/zephyr/generic/client-colcon.meta
[1.826s] -- Up-to-date: /home/ubuntu/microros_ws/install/micro_ros_setup/./config/zephyr/generic/configure.sh
[1.840s] -- Up-to-date: /home/ubuntu/microros_ws/install/micro_ros_setup/./config/zephyr/generic/supported_platforms
[1.846s] -- Up-to-date: /home/ubuntu/microros_ws/install/micro_ros_setup/./config/zephyr/dev_uros_packages.repos
[1.847s] -- Up-to-date: /home/ubuntu/microros_ws/install/micro_ros_setup/./config/zephyr/dev_ros2_packages.txt
[1.848s] -- Up-to-date: /home/ubuntu/microros_ws/install/micro_ros_setup/./config/zephyr/list_apps.sh
[1.850s] Invoked command in '/home/ubuntu/microros_ws/build/micro_ros_setup' returned '0': CMAKE_PREFIX_PATH=/home/ubuntu/microros_ws/install/micro_ros_demos_rclc:/home/ubuntu/microros_ws/install/common_interfaces:/home/ubuntu/microros_ws/install/visualization_msgs:/home/ubuntu/microros_ws/install/test_msgs:/home/ubuntu/microros_ws/install/example_interfaces:/home/ubuntu/microros_ws/install/action_msgs:/home/ubuntu/microros_ws/install/unique_identifier_msgs:/home/ubuntu/microros_ws/install/trajectory_msgs:/home/ubuntu/microros_ws/install/stereo_msgs:/home/ubuntu/microros_ws/install/sensor_msgs_py:/opt/ros/humble:/home/ubuntu/microros_ws/install/rplidar_ros:/home/ubuntu/microros_ws/install/astra_camera:/home/ubuntu/microros_ws/install/std_srvs:/home/ubuntu/microros_ws/install/shape_msgs:/home/ubuntu/microros_ws/install/astra_camera_msgs:/home/ubuntu/microros_ws/install/sensor_msgs:/home/ubuntu/microros_ws/install/nav_msgs:/home/ubuntu/microros_ws/install/diagnostic_msgs:/home/ubuntu/microros_ws/install/geometry_msgs:/home/ubuntu/microros_ws/install/actionlib_msgs:/home/ubuntu/microros_ws/install/std_msgs:/home/ubuntu/microros_ws/install/statistics_msgs:/home/ubuntu/microros_ws/install/rosidl_typesupport_microxrcedds_test_msg:/home/ubuntu/microros_ws/install/rosidl_typesupport_microxrcedds_cpp_tests:/home/ubuntu/microros_ws/install/rmw_microxrcedds:/home/ubuntu/microros_ws/install/rosidl_typesupport_microxrcedds_cpp:/home/ubuntu/microros_ws/install/rosidl_typesupport_microxrcedds_c_tests:/home/ubuntu/microros_ws/install/rosidl_typesupport_microxrcedds_c:/home/ubuntu/microros_ws/install/rosgraph_msgs:/home/ubuntu/microros_ws/install/rclc_parameter:/home/ubuntu/microros_ws/install/rclc:/home/ubuntu/microros_ws/install/composition_interfaces:/home/ubuntu/microros_ws/install/rcl_interfaces:/home/ubuntu/microros_ws/install/microxrcedds_client:/home/ubuntu/microros_ws/install/microcdr:/home/ubuntu/microros_ws/install/micro_ros_utilities:/home/ubuntu/microros_ws/install/micro_ros_setup:/home/ubuntu/microros_ws/install/micro_ros_agent:/home/ubuntu/microros_ws/install/micro_ros_msgs:/home/ubuntu/microros_ws/install/lifecycle_msgs:/home/ubuntu/microros_ws/install/complex_msgs:/home/ubuntu/microros_ws/install/builtin_interfaces /usr/bin/cmake --install /home/ubuntu/microros_ws/build/micro_ros_setup
