[0.134s] Invoking command in '/home/ubuntu/microros_ws/build/builtin_interfaces': CMAKE_PREFIX_PATH=/opt/ros/humble /usr/bin/cmake --build /home/ubuntu/microros_ws/build/builtin_interfaces -- -j4 -l4
[0.477s] [  8%] Built target builtin_interfaces__rosidl_generator_c
[0.582s] [ 10%] Built target builtin_interfaces__cpp
[0.587s] [ 10%] Built target ament_cmake_python_symlink_builtin_interfaces
[0.834s] [ 18%] Built target builtin_interfaces__rosidl_typesupport_fastrtps_c
[0.905s] [ 26%] Built target builtin_interfaces__rosidl_typesupport_microxrcedds_c
[0.971s] [ 34%] Built target builtin_interfaces__rosidl_typesupport_introspection_c
[1.035s] [ 42%] Built target builtin_interfaces__rosidl_typesupport_c
[1.295s] [ 51%] Built target builtin_interfaces__rosidl_typesupport_fastrtps_cpp
[1.337s] [ 59%] Built target builtin_interfaces__rosidl_typesupport_introspection_cpp
[1.404s] [ 67%] Built target builtin_interfaces__rosidl_typesupport_microxrcedds_cpp
[1.731s] [ 75%] Built target builtin_interfaces__rosidl_typesupport_cpp
[2.130s] [ 75%] Built target builtin_interfaces
[2.392s] [ 77%] Built target builtin_interfaces__py
[2.751s] [ 83%] Built target builtin_interfaces__rosidl_generator_py
[3.133s] [ 87%] Built target builtin_interfaces__rosidl_typesupport_introspection_c__pyext
[3.177s] [ 91%] Built target builtin_interfaces__rosidl_typesupport_fastrtps_c__pyext
[3.215s] [ 95%] Built target builtin_interfaces__rosidl_typesupport_microxrcedds_c__pyext
[3.426s] [100%] Built target builtin_interfaces__rosidl_typesupport_c__pyext
[4.350s] running egg_info
[4.354s] writing builtin_interfaces.egg-info/PKG-INFO
[4.357s] writing dependency_links to builtin_interfaces.egg-info/dependency_links.txt
[4.359s] writing top-level names to builtin_interfaces.egg-info/top_level.txt
[4.376s] reading manifest file 'builtin_interfaces.egg-info/SOURCES.txt'
[4.381s] writing manifest file 'builtin_interfaces.egg-info/SOURCES.txt'
[4.672s] [100%] Built target ament_cmake_python_build_builtin_interfaces_egg
[4.792s] Invoked command in '/home/ubuntu/microros_ws/build/builtin_interfaces' returned '0': CMAKE_PREFIX_PATH=/opt/ros/humble /usr/bin/cmake --build /home/ubuntu/microros_ws/build/builtin_interfaces -- -j4 -l4
[5.633s] Invoking command in '/home/ubuntu/microros_ws/build/builtin_interfaces': CMAKE_PREFIX_PATH=/opt/ros/humble /usr/bin/cmake --install /home/ubuntu/microros_ws/build/builtin_interfaces
[5.701s] -- Install configuration: ""
[5.703s] -- Execute custom install script
[5.704s] -- Up-to-date symlink: /home/ubuntu/microros_ws/install/builtin_interfaces/share/ament_index/resource_index/rosidl_interfaces/builtin_interfaces
[5.706s] -- Up-to-date symlink: /home/ubuntu/microros_ws/install/builtin_interfaces/include/builtin_interfaces/builtin_interfaces/msg/detail/duration__functions.h
[5.706s] -- Up-to-date symlink: /home/ubuntu/microros_ws/install/builtin_interfaces/include/builtin_interfaces/builtin_interfaces/msg/detail/duration__struct.h
[5.707s] -- Up-to-date symlink: /home/ubuntu/microros_ws/install/builtin_interfaces/include/builtin_interfaces/builtin_interfaces/msg/detail/duration__type_support.h
[5.708s] -- Up-to-date symlink: /home/ubuntu/microros_ws/install/builtin_interfaces/include/builtin_interfaces/builtin_interfaces/msg/detail/time__functions.h
[5.708s] -- Up-to-date symlink: /home/ubuntu/microros_ws/install/builtin_interfaces/include/builtin_interfaces/builtin_interfaces/msg/detail/time__struct.h
[5.709s] -- Up-to-date symlink: /home/ubuntu/microros_ws/install/builtin_interfaces/include/builtin_interfaces/builtin_interfaces/msg/detail/time__type_support.h
[5.710s] -- Up-to-date symlink: /home/ubuntu/microros_ws/install/builtin_interfaces/include/builtin_interfaces/builtin_interfaces/msg/duration.h
[5.710s] -- Up-to-date symlink: /home/ubuntu/microros_ws/install/builtin_interfaces/include/builtin_interfaces/builtin_interfaces/msg/rosidl_generator_c__visibility_control.h
[5.711s] -- Up-to-date symlink: /home/ubuntu/microros_ws/install/builtin_interfaces/include/builtin_interfaces/builtin_interfaces/msg/time.h
[5.712s] -- Up-to-date symlink: /home/ubuntu/microros_ws/install/builtin_interfaces/share/builtin_interfaces/environment/library_path.sh
[5.713s] -- Up-to-date symlink: /home/ubuntu/microros_ws/install/builtin_interfaces/share/builtin_interfaces/environment/library_path.dsv
[5.714s] -- Up-to-date symlink: /home/ubuntu/microros_ws/install/builtin_interfaces/include/builtin_interfaces/msg/detail/duration__rosidl_typesupport_microxrcedds_c.h
[5.715s] -- Up-to-date symlink: /home/ubuntu/microros_ws/install/builtin_interfaces/include/builtin_interfaces/msg/detail/time__rosidl_typesupport_microxrcedds_c.h
[5.715s] -- Up-to-date symlink: /home/ubuntu/microros_ws/install/builtin_interfaces/include/builtin_interfaces/msg/rosidl_typesupport_microxrcedds_c__visibility_control.h
[5.716s] -- Up-to-date symlink: /home/ubuntu/microros_ws/install/builtin_interfaces/lib/libbuiltin_interfaces__rosidl_typesupport_microxrcedds_c.so
[5.720s] -- Up-to-date symlink: /home/ubuntu/microros_ws/install/builtin_interfaces/include/builtin_interfaces/builtin_interfaces/msg/detail/duration__rosidl_typesupport_fastrtps_c.h
[5.721s] -- Up-to-date symlink: /home/ubuntu/microros_ws/install/builtin_interfaces/include/builtin_interfaces/builtin_interfaces/msg/detail/time__rosidl_typesupport_fastrtps_c.h
[5.723s] -- Up-to-date symlink: /home/ubuntu/microros_ws/install/builtin_interfaces/include/builtin_interfaces/builtin_interfaces/msg/rosidl_typesupport_fastrtps_c__visibility_control.h
[5.729s] -- Up-to-date symlink: /home/ubuntu/microros_ws/install/builtin_interfaces/include/builtin_interfaces/builtin_interfaces/msg/detail/duration__rosidl_typesupport_introspection_c.h
[5.734s] -- Up-to-date symlink: /home/ubuntu/microros_ws/install/builtin_interfaces/include/builtin_interfaces/builtin_interfaces/msg/detail/time__rosidl_typesupport_introspection_c.h
[5.735s] -- Up-to-date symlink: /home/ubuntu/microros_ws/install/builtin_interfaces/include/builtin_interfaces/builtin_interfaces/msg/rosidl_typesupport_introspection_c__visibility_control.h
[5.739s] -- Up-to-date symlink: /home/ubuntu/microros_ws/install/builtin_interfaces/include/builtin_interfaces/builtin_interfaces/msg/detail/duration__builder.hpp
[5.744s] -- Up-to-date symlink: /home/ubuntu/microros_ws/install/builtin_interfaces/include/builtin_interfaces/builtin_interfaces/msg/detail/duration__struct.hpp
[5.746s] -- Up-to-date symlink: /home/ubuntu/microros_ws/install/builtin_interfaces/include/builtin_interfaces/builtin_interfaces/msg/detail/duration__traits.hpp
[5.749s] -- Up-to-date symlink: /home/ubuntu/microros_ws/install/builtin_interfaces/include/builtin_interfaces/builtin_interfaces/msg/detail/time__builder.hpp
[5.750s] -- Up-to-date symlink: /home/ubuntu/microros_ws/install/builtin_interfaces/include/builtin_interfaces/builtin_interfaces/msg/detail/time__struct.hpp
[5.751s] -- Up-to-date symlink: /home/ubuntu/microros_ws/install/builtin_interfaces/include/builtin_interfaces/builtin_interfaces/msg/detail/time__traits.hpp
[5.754s] -- Up-to-date symlink: /home/ubuntu/microros_ws/install/builtin_interfaces/include/builtin_interfaces/builtin_interfaces/msg/duration.hpp
[5.756s] -- Up-to-date symlink: /home/ubuntu/microros_ws/install/builtin_interfaces/include/builtin_interfaces/builtin_interfaces/msg/time.hpp
[5.759s] -- Up-to-date symlink: /home/ubuntu/microros_ws/install/builtin_interfaces/include/builtin_interfaces/msg/detail/duration__rosidl_typesupport_microxrcedds_cpp.hpp
[5.760s] -- Up-to-date symlink: /home/ubuntu/microros_ws/install/builtin_interfaces/include/builtin_interfaces/msg/detail/microxrcedds/duration__type_support_cpp.cpp
[5.762s] -- Up-to-date symlink: /home/ubuntu/microros_ws/install/builtin_interfaces/include/builtin_interfaces/msg/detail/microxrcedds/time__type_support_cpp.cpp
[5.793s] -- Up-to-date symlink: /home/ubuntu/microros_ws/install/builtin_interfaces/include/builtin_interfaces/msg/detail/time__rosidl_typesupport_microxrcedds_cpp.hpp
[5.795s] -- Up-to-date symlink: /home/ubuntu/microros_ws/install/builtin_interfaces/include/builtin_interfaces/msg/rosidl_typesupport_microxrcedds_cpp__visibility_control.h
[5.797s] -- Up-to-date symlink: /home/ubuntu/microros_ws/install/builtin_interfaces/lib/libbuiltin_interfaces__rosidl_typesupport_microxrcedds_cpp.so
[5.799s] -- Up-to-date symlink: /home/ubuntu/microros_ws/install/builtin_interfaces/include/builtin_interfaces/builtin_interfaces/msg/detail/duration__rosidl_typesupport_fastrtps_cpp.hpp
[5.801s] -- Up-to-date symlink: /home/ubuntu/microros_ws/install/builtin_interfaces/include/builtin_interfaces/builtin_interfaces/msg/detail/time__rosidl_typesupport_fastrtps_cpp.hpp
[5.802s] -- Up-to-date symlink: /home/ubuntu/microros_ws/install/builtin_interfaces/include/builtin_interfaces/builtin_interfaces/msg/rosidl_typesupport_fastrtps_cpp__visibility_control.h
[5.804s] -- Up-to-date symlink: /home/ubuntu/microros_ws/install/builtin_interfaces/include/builtin_interfaces/builtin_interfaces/msg/detail/duration__rosidl_typesupport_introspection_cpp.hpp
[5.804s] -- Up-to-date symlink: /home/ubuntu/microros_ws/install/builtin_interfaces/include/builtin_interfaces/builtin_interfaces/msg/detail/time__rosidl_typesupport_introspection_cpp.hpp
[5.805s] -- Up-to-date symlink: /home/ubuntu/microros_ws/install/builtin_interfaces/share/builtin_interfaces/environment/pythonpath.sh
[5.806s] -- Up-to-date symlink: /home/ubuntu/microros_ws/install/builtin_interfaces/share/builtin_interfaces/environment/pythonpath.dsv
[5.807s] -- Up-to-date symlink: /home/ubuntu/microros_ws/install/builtin_interfaces/local/lib/python3.10/dist-packages/builtin_interfaces-1.2.1-py3.10.egg-info/PKG-INFO
[5.808s] -- Up-to-date symlink: /home/ubuntu/microros_ws/install/builtin_interfaces/local/lib/python3.10/dist-packages/builtin_interfaces-1.2.1-py3.10.egg-info/SOURCES.txt
[5.808s] -- Up-to-date symlink: /home/ubuntu/microros_ws/install/builtin_interfaces/local/lib/python3.10/dist-packages/builtin_interfaces-1.2.1-py3.10.egg-info/dependency_links.txt
[5.809s] -- Up-to-date symlink: /home/ubuntu/microros_ws/install/builtin_interfaces/local/lib/python3.10/dist-packages/builtin_interfaces-1.2.1-py3.10.egg-info/top_level.txt
[5.810s] -- Up-to-date symlink: /home/ubuntu/microros_ws/install/builtin_interfaces/local/lib/python3.10/dist-packages/builtin_interfaces/__init__.py
[5.810s] -- Up-to-date symlink: /home/ubuntu/microros_ws/install/builtin_interfaces/local/lib/python3.10/dist-packages/builtin_interfaces/_builtin_interfaces_s.ep.rosidl_typesupport_c.c
[5.811s] -- Up-to-date symlink: /home/ubuntu/microros_ws/install/builtin_interfaces/local/lib/python3.10/dist-packages/builtin_interfaces/_builtin_interfaces_s.ep.rosidl_typesupport_fastrtps_c.c
[5.811s] -- Up-to-date symlink: /home/ubuntu/microros_ws/install/builtin_interfaces/local/lib/python3.10/dist-packages/builtin_interfaces/_builtin_interfaces_s.ep.rosidl_typesupport_introspection_c.c
[5.812s] -- Up-to-date symlink: /home/ubuntu/microros_ws/install/builtin_interfaces/local/lib/python3.10/dist-packages/builtin_interfaces/_builtin_interfaces_s.ep.rosidl_typesupport_microxrcedds_c.c
[5.812s] -- Up-to-date symlink: /home/ubuntu/microros_ws/install/builtin_interfaces/local/lib/python3.10/dist-packages/builtin_interfaces/builtin_interfaces_s__rosidl_typesupport_c.cpython-310-aarch64-linux-gnu.so
[5.813s] -- Up-to-date symlink: /home/ubuntu/microros_ws/install/builtin_interfaces/local/lib/python3.10/dist-packages/builtin_interfaces/builtin_interfaces_s__rosidl_typesupport_fastrtps_c.cpython-310-aarch64-linux-gnu.so
[5.814s] -- Up-to-date symlink: /home/ubuntu/microros_ws/install/builtin_interfaces/local/lib/python3.10/dist-packages/builtin_interfaces/builtin_interfaces_s__rosidl_typesupport_introspection_c.cpython-310-aarch64-linux-gnu.so
[5.815s] -- Up-to-date symlink: /home/ubuntu/microros_ws/install/builtin_interfaces/local/lib/python3.10/dist-packages/builtin_interfaces/builtin_interfaces_s__rosidl_typesupport_microxrcedds_c.cpython-310-aarch64-linux-gnu.so
[5.816s] -- Up-to-date symlink: /home/ubuntu/microros_ws/install/builtin_interfaces/local/lib/python3.10/dist-packages/builtin_interfaces/libbuiltin_interfaces__rosidl_generator_py.so
[5.817s] -- Up-to-date symlink: /home/ubuntu/microros_ws/install/builtin_interfaces/local/lib/python3.10/dist-packages/builtin_interfaces/msg/__init__.py
[5.819s] -- Up-to-date symlink: /home/ubuntu/microros_ws/install/builtin_interfaces/local/lib/python3.10/dist-packages/builtin_interfaces/msg/_duration.py
[5.821s] -- Up-to-date symlink: /home/ubuntu/microros_ws/install/builtin_interfaces/local/lib/python3.10/dist-packages/builtin_interfaces/msg/_duration_s.c
[5.822s] -- Up-to-date symlink: /home/ubuntu/microros_ws/install/builtin_interfaces/local/lib/python3.10/dist-packages/builtin_interfaces/msg/_time.py
[5.824s] -- Up-to-date symlink: /home/ubuntu/microros_ws/install/builtin_interfaces/local/lib/python3.10/dist-packages/builtin_interfaces/msg/_time_s.c
[5.828s] -- Up-to-date symlink: /home/ubuntu/microros_ws/install/builtin_interfaces/local/lib/python3.10/dist-packages/builtin_interfaces/builtin_interfaces_s__rosidl_typesupport_microxrcedds_c.cpython-310-aarch64-linux-gnu.so
[5.830s] -- Up-to-date symlink: /home/ubuntu/microros_ws/install/builtin_interfaces/local/lib/python3.10/dist-packages/builtin_interfaces/builtin_interfaces_s__rosidl_typesupport_fastrtps_c.cpython-310-aarch64-linux-gnu.so
[5.833s] -- Up-to-date symlink: /home/ubuntu/microros_ws/install/builtin_interfaces/local/lib/python3.10/dist-packages/builtin_interfaces/builtin_interfaces_s__rosidl_typesupport_introspection_c.cpython-310-aarch64-linux-gnu.so
[5.836s] -- Up-to-date symlink: /home/ubuntu/microros_ws/install/builtin_interfaces/local/lib/python3.10/dist-packages/builtin_interfaces/builtin_interfaces_s__rosidl_typesupport_c.cpython-310-aarch64-linux-gnu.so
[5.838s] -- Up-to-date symlink: /home/ubuntu/microros_ws/install/builtin_interfaces/share/builtin_interfaces/msg/Duration.idl
[5.840s] -- Up-to-date symlink: /home/ubuntu/microros_ws/install/builtin_interfaces/share/builtin_interfaces/msg/Time.idl
[5.842s] -- Up-to-date symlink: /home/ubuntu/microros_ws/install/builtin_interfaces/share/builtin_interfaces/msg/Duration.msg
[5.844s] -- Up-to-date symlink: /home/ubuntu/microros_ws/install/builtin_interfaces/share/builtin_interfaces/msg/Time.msg
[5.846s] -- Up-to-date symlink: /home/ubuntu/microros_ws/install/builtin_interfaces/share/ament_index/resource_index/package_run_dependencies/builtin_interfaces
[5.849s] -- Up-to-date symlink: /home/ubuntu/microros_ws/install/builtin_interfaces/share/ament_index/resource_index/parent_prefix_path/builtin_interfaces
[5.852s] -- Up-to-date symlink: /home/ubuntu/microros_ws/install/builtin_interfaces/share/builtin_interfaces/environment/ament_prefix_path.sh
[5.855s] -- Up-to-date symlink: /home/ubuntu/microros_ws/install/builtin_interfaces/share/builtin_interfaces/environment/ament_prefix_path.dsv
[5.860s] -- Up-to-date symlink: /home/ubuntu/microros_ws/install/builtin_interfaces/share/builtin_interfaces/environment/path.sh
[5.862s] -- Up-to-date symlink: /home/ubuntu/microros_ws/install/builtin_interfaces/share/builtin_interfaces/environment/path.dsv
[5.865s] -- Up-to-date symlink: /home/ubuntu/microros_ws/install/builtin_interfaces/share/builtin_interfaces/local_setup.bash
[5.897s] -- Up-to-date symlink: /home/ubuntu/microros_ws/install/builtin_interfaces/share/builtin_interfaces/local_setup.sh
[5.898s] -- Up-to-date symlink: /home/ubuntu/microros_ws/install/builtin_interfaces/share/builtin_interfaces/local_setup.zsh
[5.899s] -- Up-to-date symlink: /home/ubuntu/microros_ws/install/builtin_interfaces/share/builtin_interfaces/local_setup.dsv
[5.900s] -- Symlinking: /home/ubuntu/microros_ws/install/builtin_interfaces/share/builtin_interfaces/package.dsv
[5.945s] -- Up-to-date symlink: /home/ubuntu/microros_ws/install/builtin_interfaces/share/ament_index/resource_index/packages/builtin_interfaces
[5.946s] -- Up-to-date symlink: /home/ubuntu/microros_ws/install/builtin_interfaces/share/builtin_interfaces/cmake/rosidl_cmake-extras.cmake
[5.946s] -- Up-to-date symlink: /home/ubuntu/microros_ws/install/builtin_interfaces/share/builtin_interfaces/cmake/ament_cmake_export_include_directories-extras.cmake
[5.949s] -- Up-to-date symlink: /home/ubuntu/microros_ws/install/builtin_interfaces/share/builtin_interfaces/cmake/ament_cmake_export_libraries-extras.cmake
[5.954s] -- Up-to-date symlink: /home/ubuntu/microros_ws/install/builtin_interfaces/share/builtin_interfaces/cmake/ament_cmake_export_targets-extras.cmake
[5.954s] -- Up-to-date symlink: /home/ubuntu/microros_ws/install/builtin_interfaces/share/builtin_interfaces/cmake/rosidl_cmake_export_typesupport_targets-extras.cmake
[5.956s] -- Up-to-date symlink: /home/ubuntu/microros_ws/install/builtin_interfaces/share/builtin_interfaces/cmake/ament_cmake_export_dependencies-extras.cmake
[5.967s] -- Up-to-date symlink: /home/ubuntu/microros_ws/install/builtin_interfaces/share/builtin_interfaces/cmake/rosidl_cmake_export_typesupport_libraries-extras.cmake
[5.976s] -- Up-to-date symlink: /home/ubuntu/microros_ws/install/builtin_interfaces/share/builtin_interfaces/cmake/builtin_interfacesConfig.cmake
[5.978s] -- Up-to-date symlink: /home/ubuntu/microros_ws/install/builtin_interfaces/share/builtin_interfaces/cmake/builtin_interfacesConfig-version.cmake
[5.979s] -- Up-to-date symlink: /home/ubuntu/microros_ws/install/builtin_interfaces/share/builtin_interfaces/package.xml
[5.979s] -- Up-to-date: /home/ubuntu/microros_ws/install/builtin_interfaces/lib/libbuiltin_interfaces__rosidl_generator_c.so
[5.980s] -- Up-to-date: /home/ubuntu/microros_ws/install/builtin_interfaces/lib/libbuiltin_interfaces__rosidl_typesupport_fastrtps_c.so
[5.980s] -- Up-to-date: /home/ubuntu/microros_ws/install/builtin_interfaces/lib/libbuiltin_interfaces__rosidl_typesupport_introspection_c.so
[5.982s] -- Up-to-date: /home/ubuntu/microros_ws/install/builtin_interfaces/lib/libbuiltin_interfaces__rosidl_typesupport_c.so
[5.983s] -- Up-to-date: /home/ubuntu/microros_ws/install/builtin_interfaces/lib/libbuiltin_interfaces__rosidl_typesupport_fastrtps_cpp.so
[5.984s] -- Up-to-date: /home/ubuntu/microros_ws/install/builtin_interfaces/lib/libbuiltin_interfaces__rosidl_typesupport_introspection_cpp.so
[5.984s] -- Up-to-date: /home/ubuntu/microros_ws/install/builtin_interfaces/lib/libbuiltin_interfaces__rosidl_typesupport_cpp.so
[6.200s] Listing '/home/ubuntu/microros_ws/install/builtin_interfaces/local/lib/python3.10/dist-packages/builtin_interfaces'...
[6.201s] Listing '/home/ubuntu/microros_ws/install/builtin_interfaces/local/lib/python3.10/dist-packages/builtin_interfaces/msg'...
[6.247s] -- Up-to-date: /home/ubuntu/microros_ws/install/builtin_interfaces/lib/libbuiltin_interfaces__rosidl_generator_py.so
[6.249s] -- Up-to-date: /home/ubuntu/microros_ws/install/builtin_interfaces/share/builtin_interfaces/cmake/export_builtin_interfaces__rosidl_generator_cExport.cmake
[6.249s] -- Up-to-date: /home/ubuntu/microros_ws/install/builtin_interfaces/share/builtin_interfaces/cmake/export_builtin_interfaces__rosidl_generator_cExport-noconfig.cmake
[6.250s] -- Up-to-date: /home/ubuntu/microros_ws/install/builtin_interfaces/share/builtin_interfaces/cmake/export_builtin_interfaces__rosidl_typesupport_fastrtps_cExport.cmake
[6.250s] -- Up-to-date: /home/ubuntu/microros_ws/install/builtin_interfaces/share/builtin_interfaces/cmake/export_builtin_interfaces__rosidl_typesupport_fastrtps_cExport-noconfig.cmake
[6.259s] -- Up-to-date: /home/ubuntu/microros_ws/install/builtin_interfaces/share/builtin_interfaces/cmake/builtin_interfaces__rosidl_typesupport_introspection_cExport.cmake
[6.260s] -- Up-to-date: /home/ubuntu/microros_ws/install/builtin_interfaces/share/builtin_interfaces/cmake/builtin_interfaces__rosidl_typesupport_introspection_cExport-noconfig.cmake
[6.261s] -- Up-to-date: /home/ubuntu/microros_ws/install/builtin_interfaces/share/builtin_interfaces/cmake/builtin_interfaces__rosidl_typesupport_cExport.cmake
[6.262s] -- Up-to-date: /home/ubuntu/microros_ws/install/builtin_interfaces/share/builtin_interfaces/cmake/builtin_interfaces__rosidl_typesupport_cExport-noconfig.cmake
[6.263s] -- Up-to-date: /home/ubuntu/microros_ws/install/builtin_interfaces/share/builtin_interfaces/cmake/export_builtin_interfaces__rosidl_generator_cppExport.cmake
[6.264s] -- Up-to-date: /home/ubuntu/microros_ws/install/builtin_interfaces/share/builtin_interfaces/cmake/export_builtin_interfaces__rosidl_typesupport_fastrtps_cppExport.cmake
[6.265s] -- Up-to-date: /home/ubuntu/microros_ws/install/builtin_interfaces/share/builtin_interfaces/cmake/export_builtin_interfaces__rosidl_typesupport_fastrtps_cppExport-noconfig.cmake
[6.266s] -- Up-to-date: /home/ubuntu/microros_ws/install/builtin_interfaces/share/builtin_interfaces/cmake/builtin_interfaces__rosidl_typesupport_introspection_cppExport.cmake
[6.267s] -- Up-to-date: /home/ubuntu/microros_ws/install/builtin_interfaces/share/builtin_interfaces/cmake/builtin_interfaces__rosidl_typesupport_introspection_cppExport-noconfig.cmake
[6.268s] -- Up-to-date: /home/ubuntu/microros_ws/install/builtin_interfaces/share/builtin_interfaces/cmake/builtin_interfaces__rosidl_typesupport_cppExport.cmake
[6.269s] -- Up-to-date: /home/ubuntu/microros_ws/install/builtin_interfaces/share/builtin_interfaces/cmake/builtin_interfaces__rosidl_typesupport_cppExport-noconfig.cmake
[6.270s] -- Up-to-date: /home/ubuntu/microros_ws/install/builtin_interfaces/share/builtin_interfaces/cmake/export_builtin_interfaces__rosidl_generator_pyExport.cmake
[6.272s] -- Up-to-date: /home/ubuntu/microros_ws/install/builtin_interfaces/share/builtin_interfaces/cmake/export_builtin_interfaces__rosidl_generator_pyExport-noconfig.cmake
[6.316s] Invoked command in '/home/ubuntu/microros_ws/build/builtin_interfaces' returned '0': CMAKE_PREFIX_PATH=/opt/ros/humble /usr/bin/cmake --install /home/ubuntu/microros_ws/build/builtin_interfaces
