[0.177s] Invoking command in '/home/ubuntu/microros_ws/build/rcl_interfaces': AMENT_PREFIX_PATH=/home/ubuntu/microros_ws/install/builtin_interfaces:${AMENT_PREFIX_PATH} CMAKE_PREFIX_PATH=/home/ubuntu/microros_ws/install/builtin_interfaces:/opt/ros/humble LD_LIBRARY_PATH=/home/ubuntu/microros_ws/install/builtin_interfaces/lib:${LD_LIBRARY_PATH} PYTHONPATH=/home/ubuntu/microros_ws/install/builtin_interfaces/local/lib/python3.10/dist-packages:${PYTHONPATH} /usr/bin/cmake --build /home/ubuntu/microros_ws/build/rcl_interfaces -- -j4 -l4
[0.793s] [  0%] Built target rcl_interfaces__cpp
[0.823s] [ 12%] Built target rcl_interfaces__rosidl_generator_c
[0.914s] [ 12%] Built target ament_cmake_python_symlink_rcl_interfaces
[1.159s] [ 24%] Built target rcl_interfaces__rosidl_typesupport_cpp
[1.183s] [ 36%] Built target rcl_interfaces__rosidl_typesupport_introspection_cpp
[1.201s] [ 48%] Built target rcl_interfaces__rosidl_typesupport_fastrtps_cpp
[1.300s] [ 60%] Built target rcl_interfaces__rosidl_typesupport_fastrtps_c
[1.455s] [ 72%] Built target rcl_interfaces__rosidl_typesupport_c
[1.476s] [ 84%] Built target rcl_interfaces__rosidl_typesupport_introspection_c
[1.787s] [ 84%] Built target rcl_interfaces
[1.933s] [ 85%] Built target rcl_interfaces__py
[2.149s] [ 96%] Built target rcl_interfaces__rosidl_generator_py
[2.348s] [ 97%] Built target rcl_interfaces__rosidl_typesupport_fastrtps_c__pyext
[2.402s] [ 99%] Built target rcl_interfaces__rosidl_typesupport_introspection_c__pyext
[2.426s] [100%] Built target rcl_interfaces__rosidl_typesupport_c__pyext
[3.549s] running egg_info
[3.558s] writing rcl_interfaces.egg-info/PKG-INFO
[3.558s] writing dependency_links to rcl_interfaces.egg-info/dependency_links.txt
[3.559s] writing top-level names to rcl_interfaces.egg-info/top_level.txt
[3.572s] reading manifest file 'rcl_interfaces.egg-info/SOURCES.txt'
[3.577s] writing manifest file 'rcl_interfaces.egg-info/SOURCES.txt'
[3.763s] [100%] Built target ament_cmake_python_build_rcl_interfaces_egg
[3.819s] Invoked command in '/home/ubuntu/microros_ws/build/rcl_interfaces' returned '0': AMENT_PREFIX_PATH=/home/ubuntu/microros_ws/install/builtin_interfaces:${AMENT_PREFIX_PATH} CMAKE_PREFIX_PATH=/home/ubuntu/microros_ws/install/builtin_interfaces:/opt/ros/humble LD_LIBRARY_PATH=/home/ubuntu/microros_ws/install/builtin_interfaces/lib:${LD_LIBRARY_PATH} PYTHONPATH=/home/ubuntu/microros_ws/install/builtin_interfaces/local/lib/python3.10/dist-packages:${PYTHONPATH} /usr/bin/cmake --build /home/ubuntu/microros_ws/build/rcl_interfaces -- -j4 -l4
[7.629s] Invoking command in '/home/ubuntu/microros_ws/build/rcl_interfaces': AMENT_PREFIX_PATH=/home/ubuntu/microros_ws/install/builtin_interfaces:${AMENT_PREFIX_PATH} CMAKE_PREFIX_PATH=/home/ubuntu/microros_ws/install/builtin_interfaces:/opt/ros/humble LD_LIBRARY_PATH=/home/ubuntu/microros_ws/install/builtin_interfaces/lib:${LD_LIBRARY_PATH} PYTHONPATH=/home/ubuntu/microros_ws/install/builtin_interfaces/local/lib/python3.10/dist-packages:${PYTHONPATH} /usr/bin/cmake --install /home/ubuntu/microros_ws/build/rcl_interfaces
[7.694s] -- Install configuration: ""
[7.699s] -- Execute custom install script
[7.702s] -- Up-to-date symlink: /home/ubuntu/microros_ws/install/rcl_interfaces/share/ament_index/resource_index/rosidl_interfaces/rcl_interfaces
[7.715s] -- Up-to-date symlink: /home/ubuntu/microros_ws/install/rcl_interfaces/include/rcl_interfaces/rcl_interfaces/msg/detail/floating_point_range__functions.h
[7.717s] -- Up-to-date symlink: /home/ubuntu/microros_ws/install/rcl_interfaces/include/rcl_interfaces/rcl_interfaces/msg/detail/floating_point_range__struct.h
[7.719s] -- Up-to-date symlink: /home/ubuntu/microros_ws/install/rcl_interfaces/include/rcl_interfaces/rcl_interfaces/msg/detail/floating_point_range__type_support.h
[7.721s] -- Up-to-date symlink: /home/ubuntu/microros_ws/install/rcl_interfaces/include/rcl_interfaces/rcl_interfaces/msg/detail/integer_range__functions.h
[7.726s] -- Up-to-date symlink: /home/ubuntu/microros_ws/install/rcl_interfaces/include/rcl_interfaces/rcl_interfaces/msg/detail/integer_range__struct.h
[7.729s] -- Up-to-date symlink: /home/ubuntu/microros_ws/install/rcl_interfaces/include/rcl_interfaces/rcl_interfaces/msg/detail/integer_range__type_support.h
[7.734s] -- Up-to-date symlink: /home/ubuntu/microros_ws/install/rcl_interfaces/include/rcl_interfaces/rcl_interfaces/msg/detail/list_parameters_result__functions.h
[7.737s] -- Up-to-date symlink: /home/ubuntu/microros_ws/install/rcl_interfaces/include/rcl_interfaces/rcl_interfaces/msg/detail/list_parameters_result__struct.h
[7.746s] -- Up-to-date symlink: /home/ubuntu/microros_ws/install/rcl_interfaces/include/rcl_interfaces/rcl_interfaces/msg/detail/list_parameters_result__type_support.h
[7.749s] -- Up-to-date symlink: /home/ubuntu/microros_ws/install/rcl_interfaces/include/rcl_interfaces/rcl_interfaces/msg/detail/log__functions.h
[7.751s] -- Up-to-date symlink: /home/ubuntu/microros_ws/install/rcl_interfaces/include/rcl_interfaces/rcl_interfaces/msg/detail/log__struct.h
[7.754s] -- Up-to-date symlink: /home/ubuntu/microros_ws/install/rcl_interfaces/include/rcl_interfaces/rcl_interfaces/msg/detail/log__type_support.h
[7.756s] -- Up-to-date symlink: /home/ubuntu/microros_ws/install/rcl_interfaces/include/rcl_interfaces/rcl_interfaces/msg/detail/parameter__functions.h
[7.758s] -- Up-to-date symlink: /home/ubuntu/microros_ws/install/rcl_interfaces/include/rcl_interfaces/rcl_interfaces/msg/detail/parameter__struct.h
[7.760s] -- Up-to-date symlink: /home/ubuntu/microros_ws/install/rcl_interfaces/include/rcl_interfaces/rcl_interfaces/msg/detail/parameter__type_support.h
[7.763s] -- Up-to-date symlink: /home/ubuntu/microros_ws/install/rcl_interfaces/include/rcl_interfaces/rcl_interfaces/msg/detail/parameter_descriptor__functions.h
[7.766s] -- Up-to-date symlink: /home/ubuntu/microros_ws/install/rcl_interfaces/include/rcl_interfaces/rcl_interfaces/msg/detail/parameter_descriptor__struct.h
[7.768s] -- Up-to-date symlink: /home/ubuntu/microros_ws/install/rcl_interfaces/include/rcl_interfaces/rcl_interfaces/msg/detail/parameter_descriptor__type_support.h
[7.772s] -- Up-to-date symlink: /home/ubuntu/microros_ws/install/rcl_interfaces/include/rcl_interfaces/rcl_interfaces/msg/detail/parameter_event__functions.h
[7.774s] -- Up-to-date symlink: /home/ubuntu/microros_ws/install/rcl_interfaces/include/rcl_interfaces/rcl_interfaces/msg/detail/parameter_event__struct.h
[7.777s] -- Up-to-date symlink: /home/ubuntu/microros_ws/install/rcl_interfaces/include/rcl_interfaces/rcl_interfaces/msg/detail/parameter_event__type_support.h
[7.780s] -- Up-to-date symlink: /home/ubuntu/microros_ws/install/rcl_interfaces/include/rcl_interfaces/rcl_interfaces/msg/detail/parameter_event_descriptors__functions.h
[7.782s] -- Up-to-date symlink: /home/ubuntu/microros_ws/install/rcl_interfaces/include/rcl_interfaces/rcl_interfaces/msg/detail/parameter_event_descriptors__struct.h
[7.785s] -- Up-to-date symlink: /home/ubuntu/microros_ws/install/rcl_interfaces/include/rcl_interfaces/rcl_interfaces/msg/detail/parameter_event_descriptors__type_support.h
[7.788s] -- Up-to-date symlink: /home/ubuntu/microros_ws/install/rcl_interfaces/include/rcl_interfaces/rcl_interfaces/msg/detail/parameter_type__functions.h
[7.791s] -- Up-to-date symlink: /home/ubuntu/microros_ws/install/rcl_interfaces/include/rcl_interfaces/rcl_interfaces/msg/detail/parameter_type__struct.h
[7.795s] -- Up-to-date symlink: /home/ubuntu/microros_ws/install/rcl_interfaces/include/rcl_interfaces/rcl_interfaces/msg/detail/parameter_type__type_support.h
[7.798s] -- Up-to-date symlink: /home/ubuntu/microros_ws/install/rcl_interfaces/include/rcl_interfaces/rcl_interfaces/msg/detail/parameter_value__functions.h
[7.802s] -- Up-to-date symlink: /home/ubuntu/microros_ws/install/rcl_interfaces/include/rcl_interfaces/rcl_interfaces/msg/detail/parameter_value__struct.h
[7.804s] -- Up-to-date symlink: /home/ubuntu/microros_ws/install/rcl_interfaces/include/rcl_interfaces/rcl_interfaces/msg/detail/parameter_value__type_support.h
[7.807s] -- Up-to-date symlink: /home/ubuntu/microros_ws/install/rcl_interfaces/include/rcl_interfaces/rcl_interfaces/msg/detail/set_parameters_result__functions.h
[7.809s] -- Up-to-date symlink: /home/ubuntu/microros_ws/install/rcl_interfaces/include/rcl_interfaces/rcl_interfaces/msg/detail/set_parameters_result__struct.h
[7.812s] -- Up-to-date symlink: /home/ubuntu/microros_ws/install/rcl_interfaces/include/rcl_interfaces/rcl_interfaces/msg/detail/set_parameters_result__type_support.h
[7.814s] -- Up-to-date symlink: /home/ubuntu/microros_ws/install/rcl_interfaces/include/rcl_interfaces/rcl_interfaces/msg/floating_point_range.h
[7.816s] -- Up-to-date symlink: /home/ubuntu/microros_ws/install/rcl_interfaces/include/rcl_interfaces/rcl_interfaces/msg/integer_range.h
[7.818s] -- Up-to-date symlink: /home/ubuntu/microros_ws/install/rcl_interfaces/include/rcl_interfaces/rcl_interfaces/msg/list_parameters_result.h
[7.821s] -- Up-to-date symlink: /home/ubuntu/microros_ws/install/rcl_interfaces/include/rcl_interfaces/rcl_interfaces/msg/log.h
[7.823s] -- Up-to-date symlink: /home/ubuntu/microros_ws/install/rcl_interfaces/include/rcl_interfaces/rcl_interfaces/msg/parameter.h
[7.826s] -- Up-to-date symlink: /home/ubuntu/microros_ws/install/rcl_interfaces/include/rcl_interfaces/rcl_interfaces/msg/parameter_descriptor.h
[7.828s] -- Up-to-date symlink: /home/ubuntu/microros_ws/install/rcl_interfaces/include/rcl_interfaces/rcl_interfaces/msg/parameter_event.h
[7.831s] -- Up-to-date symlink: /home/ubuntu/microros_ws/install/rcl_interfaces/include/rcl_interfaces/rcl_interfaces/msg/parameter_event_descriptors.h
[7.834s] -- Up-to-date symlink: /home/ubuntu/microros_ws/install/rcl_interfaces/include/rcl_interfaces/rcl_interfaces/msg/parameter_type.h
[7.838s] -- Up-to-date symlink: /home/ubuntu/microros_ws/install/rcl_interfaces/include/rcl_interfaces/rcl_interfaces/msg/parameter_value.h
[7.843s] -- Up-to-date symlink: /home/ubuntu/microros_ws/install/rcl_interfaces/include/rcl_interfaces/rcl_interfaces/msg/rosidl_generator_c__visibility_control.h
[7.854s] -- Up-to-date symlink: /home/ubuntu/microros_ws/install/rcl_interfaces/include/rcl_interfaces/rcl_interfaces/msg/set_parameters_result.h
[7.855s] -- Up-to-date symlink: /home/ubuntu/microros_ws/install/rcl_interfaces/include/rcl_interfaces/rcl_interfaces/srv/describe_parameters.h
[7.859s] -- Up-to-date symlink: /home/ubuntu/microros_ws/install/rcl_interfaces/include/rcl_interfaces/rcl_interfaces/srv/detail/describe_parameters__functions.h
[7.860s] -- Up-to-date symlink: /home/ubuntu/microros_ws/install/rcl_interfaces/include/rcl_interfaces/rcl_interfaces/srv/detail/describe_parameters__struct.h
[7.860s] -- Up-to-date symlink: /home/ubuntu/microros_ws/install/rcl_interfaces/include/rcl_interfaces/rcl_interfaces/srv/detail/describe_parameters__type_support.h
[7.862s] -- Up-to-date symlink: /home/ubuntu/microros_ws/install/rcl_interfaces/include/rcl_interfaces/rcl_interfaces/srv/detail/get_parameter_types__functions.h
[7.864s] -- Up-to-date symlink: /home/ubuntu/microros_ws/install/rcl_interfaces/include/rcl_interfaces/rcl_interfaces/srv/detail/get_parameter_types__struct.h
[7.864s] -- Up-to-date symlink: /home/ubuntu/microros_ws/install/rcl_interfaces/include/rcl_interfaces/rcl_interfaces/srv/detail/get_parameter_types__type_support.h
[7.867s] -- Up-to-date symlink: /home/ubuntu/microros_ws/install/rcl_interfaces/include/rcl_interfaces/rcl_interfaces/srv/detail/get_parameters__functions.h
[7.867s] -- Up-to-date symlink: /home/ubuntu/microros_ws/install/rcl_interfaces/include/rcl_interfaces/rcl_interfaces/srv/detail/get_parameters__struct.h
[7.868s] -- Up-to-date symlink: /home/ubuntu/microros_ws/install/rcl_interfaces/include/rcl_interfaces/rcl_interfaces/srv/detail/get_parameters__type_support.h
[7.869s] -- Up-to-date symlink: /home/ubuntu/microros_ws/install/rcl_interfaces/include/rcl_interfaces/rcl_interfaces/srv/detail/list_parameters__functions.h
[7.871s] -- Up-to-date symlink: /home/ubuntu/microros_ws/install/rcl_interfaces/include/rcl_interfaces/rcl_interfaces/srv/detail/list_parameters__struct.h
[7.872s] -- Up-to-date symlink: /home/ubuntu/microros_ws/install/rcl_interfaces/include/rcl_interfaces/rcl_interfaces/srv/detail/list_parameters__type_support.h
[7.873s] -- Up-to-date symlink: /home/ubuntu/microros_ws/install/rcl_interfaces/include/rcl_interfaces/rcl_interfaces/srv/detail/set_parameters__functions.h
[7.874s] -- Up-to-date symlink: /home/ubuntu/microros_ws/install/rcl_interfaces/include/rcl_interfaces/rcl_interfaces/srv/detail/set_parameters__struct.h
[7.875s] -- Up-to-date symlink: /home/ubuntu/microros_ws/install/rcl_interfaces/include/rcl_interfaces/rcl_interfaces/srv/detail/set_parameters__type_support.h
[7.876s] -- Up-to-date symlink: /home/ubuntu/microros_ws/install/rcl_interfaces/include/rcl_interfaces/rcl_interfaces/srv/detail/set_parameters_atomically__functions.h
[7.877s] -- Up-to-date symlink: /home/ubuntu/microros_ws/install/rcl_interfaces/include/rcl_interfaces/rcl_interfaces/srv/detail/set_parameters_atomically__struct.h
[7.879s] -- Up-to-date symlink: /home/ubuntu/microros_ws/install/rcl_interfaces/include/rcl_interfaces/rcl_interfaces/srv/detail/set_parameters_atomically__type_support.h
[7.880s] -- Up-to-date symlink: /home/ubuntu/microros_ws/install/rcl_interfaces/include/rcl_interfaces/rcl_interfaces/srv/get_parameter_types.h
[7.881s] -- Up-to-date symlink: /home/ubuntu/microros_ws/install/rcl_interfaces/include/rcl_interfaces/rcl_interfaces/srv/get_parameters.h
[7.882s] -- Up-to-date symlink: /home/ubuntu/microros_ws/install/rcl_interfaces/include/rcl_interfaces/rcl_interfaces/srv/list_parameters.h
[7.884s] -- Up-to-date symlink: /home/ubuntu/microros_ws/install/rcl_interfaces/include/rcl_interfaces/rcl_interfaces/srv/set_parameters.h
[7.886s] -- Up-to-date symlink: /home/ubuntu/microros_ws/install/rcl_interfaces/include/rcl_interfaces/rcl_interfaces/srv/set_parameters_atomically.h
[7.889s] -- Up-to-date symlink: /home/ubuntu/microros_ws/install/rcl_interfaces/share/rcl_interfaces/environment/library_path.sh
[7.891s] -- Up-to-date symlink: /home/ubuntu/microros_ws/install/rcl_interfaces/share/rcl_interfaces/environment/library_path.dsv
[7.903s] -- Up-to-date symlink: /home/ubuntu/microros_ws/install/rcl_interfaces/include/rcl_interfaces/rcl_interfaces/msg/detail/floating_point_range__rosidl_typesupport_fastrtps_c.h
[7.905s] -- Up-to-date symlink: /home/ubuntu/microros_ws/install/rcl_interfaces/include/rcl_interfaces/rcl_interfaces/msg/detail/integer_range__rosidl_typesupport_fastrtps_c.h
[7.908s] -- Up-to-date symlink: /home/ubuntu/microros_ws/install/rcl_interfaces/include/rcl_interfaces/rcl_interfaces/msg/detail/list_parameters_result__rosidl_typesupport_fastrtps_c.h
[7.912s] -- Up-to-date symlink: /home/ubuntu/microros_ws/install/rcl_interfaces/include/rcl_interfaces/rcl_interfaces/msg/detail/log__rosidl_typesupport_fastrtps_c.h
[7.915s] -- Up-to-date symlink: /home/ubuntu/microros_ws/install/rcl_interfaces/include/rcl_interfaces/rcl_interfaces/msg/detail/parameter__rosidl_typesupport_fastrtps_c.h
[7.917s] -- Up-to-date symlink: /home/ubuntu/microros_ws/install/rcl_interfaces/include/rcl_interfaces/rcl_interfaces/msg/detail/parameter_descriptor__rosidl_typesupport_fastrtps_c.h
[7.920s] -- Up-to-date symlink: /home/ubuntu/microros_ws/install/rcl_interfaces/include/rcl_interfaces/rcl_interfaces/msg/detail/parameter_event__rosidl_typesupport_fastrtps_c.h
[7.922s] -- Up-to-date symlink: /home/ubuntu/microros_ws/install/rcl_interfaces/include/rcl_interfaces/rcl_interfaces/msg/detail/parameter_event_descriptors__rosidl_typesupport_fastrtps_c.h
[7.925s] -- Up-to-date symlink: /home/ubuntu/microros_ws/install/rcl_interfaces/include/rcl_interfaces/rcl_interfaces/msg/detail/parameter_type__rosidl_typesupport_fastrtps_c.h
[7.928s] -- Up-to-date symlink: /home/ubuntu/microros_ws/install/rcl_interfaces/include/rcl_interfaces/rcl_interfaces/msg/detail/parameter_value__rosidl_typesupport_fastrtps_c.h
[7.931s] -- Up-to-date symlink: /home/ubuntu/microros_ws/install/rcl_interfaces/include/rcl_interfaces/rcl_interfaces/msg/detail/set_parameters_result__rosidl_typesupport_fastrtps_c.h
[7.934s] -- Up-to-date symlink: /home/ubuntu/microros_ws/install/rcl_interfaces/include/rcl_interfaces/rcl_interfaces/msg/rosidl_typesupport_fastrtps_c__visibility_control.h
[7.937s] -- Up-to-date symlink: /home/ubuntu/microros_ws/install/rcl_interfaces/include/rcl_interfaces/rcl_interfaces/srv/detail/describe_parameters__rosidl_typesupport_fastrtps_c.h
[7.942s] -- Up-to-date symlink: /home/ubuntu/microros_ws/install/rcl_interfaces/include/rcl_interfaces/rcl_interfaces/srv/detail/get_parameter_types__rosidl_typesupport_fastrtps_c.h
[7.944s] -- Up-to-date symlink: /home/ubuntu/microros_ws/install/rcl_interfaces/include/rcl_interfaces/rcl_interfaces/srv/detail/get_parameters__rosidl_typesupport_fastrtps_c.h
[7.946s] -- Up-to-date symlink: /home/ubuntu/microros_ws/install/rcl_interfaces/include/rcl_interfaces/rcl_interfaces/srv/detail/list_parameters__rosidl_typesupport_fastrtps_c.h
[7.948s] -- Up-to-date symlink: /home/ubuntu/microros_ws/install/rcl_interfaces/include/rcl_interfaces/rcl_interfaces/srv/detail/set_parameters__rosidl_typesupport_fastrtps_c.h
[7.951s] -- Up-to-date symlink: /home/ubuntu/microros_ws/install/rcl_interfaces/include/rcl_interfaces/rcl_interfaces/srv/detail/set_parameters_atomically__rosidl_typesupport_fastrtps_c.h
[7.960s] -- Up-to-date symlink: /home/ubuntu/microros_ws/install/rcl_interfaces/include/rcl_interfaces/rcl_interfaces/msg/detail/floating_point_range__rosidl_typesupport_introspection_c.h
[7.963s] -- Up-to-date symlink: /home/ubuntu/microros_ws/install/rcl_interfaces/include/rcl_interfaces/rcl_interfaces/msg/detail/integer_range__rosidl_typesupport_introspection_c.h
[7.965s] -- Up-to-date symlink: /home/ubuntu/microros_ws/install/rcl_interfaces/include/rcl_interfaces/rcl_interfaces/msg/detail/list_parameters_result__rosidl_typesupport_introspection_c.h
[7.968s] -- Up-to-date symlink: /home/ubuntu/microros_ws/install/rcl_interfaces/include/rcl_interfaces/rcl_interfaces/msg/detail/log__rosidl_typesupport_introspection_c.h
[7.971s] -- Up-to-date symlink: /home/ubuntu/microros_ws/install/rcl_interfaces/include/rcl_interfaces/rcl_interfaces/msg/detail/parameter__rosidl_typesupport_introspection_c.h
[7.974s] -- Up-to-date symlink: /home/ubuntu/microros_ws/install/rcl_interfaces/include/rcl_interfaces/rcl_interfaces/msg/detail/parameter_descriptor__rosidl_typesupport_introspection_c.h
[7.976s] -- Up-to-date symlink: /home/ubuntu/microros_ws/install/rcl_interfaces/include/rcl_interfaces/rcl_interfaces/msg/detail/parameter_event__rosidl_typesupport_introspection_c.h
[7.979s] -- Up-to-date symlink: /home/ubuntu/microros_ws/install/rcl_interfaces/include/rcl_interfaces/rcl_interfaces/msg/detail/parameter_event_descriptors__rosidl_typesupport_introspection_c.h
[7.982s] -- Up-to-date symlink: /home/ubuntu/microros_ws/install/rcl_interfaces/include/rcl_interfaces/rcl_interfaces/msg/detail/parameter_type__rosidl_typesupport_introspection_c.h
[7.985s] -- Up-to-date symlink: /home/ubuntu/microros_ws/install/rcl_interfaces/include/rcl_interfaces/rcl_interfaces/msg/detail/parameter_value__rosidl_typesupport_introspection_c.h
[7.990s] -- Up-to-date symlink: /home/ubuntu/microros_ws/install/rcl_interfaces/include/rcl_interfaces/rcl_interfaces/msg/detail/set_parameters_result__rosidl_typesupport_introspection_c.h
[7.994s] -- Up-to-date symlink: /home/ubuntu/microros_ws/install/rcl_interfaces/include/rcl_interfaces/rcl_interfaces/msg/rosidl_typesupport_introspection_c__visibility_control.h
[7.995s] -- Up-to-date symlink: /home/ubuntu/microros_ws/install/rcl_interfaces/include/rcl_interfaces/rcl_interfaces/srv/detail/describe_parameters__rosidl_typesupport_introspection_c.h
[7.996s] -- Up-to-date symlink: /home/ubuntu/microros_ws/install/rcl_interfaces/include/rcl_interfaces/rcl_interfaces/srv/detail/get_parameter_types__rosidl_typesupport_introspection_c.h
[7.998s] -- Up-to-date symlink: /home/ubuntu/microros_ws/install/rcl_interfaces/include/rcl_interfaces/rcl_interfaces/srv/detail/get_parameters__rosidl_typesupport_introspection_c.h
[8.005s] -- Up-to-date symlink: /home/ubuntu/microros_ws/install/rcl_interfaces/include/rcl_interfaces/rcl_interfaces/srv/detail/list_parameters__rosidl_typesupport_introspection_c.h
[8.008s] -- Up-to-date symlink: /home/ubuntu/microros_ws/install/rcl_interfaces/include/rcl_interfaces/rcl_interfaces/srv/detail/set_parameters__rosidl_typesupport_introspection_c.h
[8.009s] -- Up-to-date symlink: /home/ubuntu/microros_ws/install/rcl_interfaces/include/rcl_interfaces/rcl_interfaces/srv/detail/set_parameters_atomically__rosidl_typesupport_introspection_c.h
[8.010s] -- Up-to-date symlink: /home/ubuntu/microros_ws/install/rcl_interfaces/include/rcl_interfaces/rcl_interfaces/msg/detail/floating_point_range__builder.hpp
[8.011s] -- Up-to-date symlink: /home/ubuntu/microros_ws/install/rcl_interfaces/include/rcl_interfaces/rcl_interfaces/msg/detail/floating_point_range__struct.hpp
[8.012s] -- Up-to-date symlink: /home/ubuntu/microros_ws/install/rcl_interfaces/include/rcl_interfaces/rcl_interfaces/msg/detail/floating_point_range__traits.hpp
[8.013s] -- Up-to-date symlink: /home/ubuntu/microros_ws/install/rcl_interfaces/include/rcl_interfaces/rcl_interfaces/msg/detail/integer_range__builder.hpp
[8.015s] -- Up-to-date symlink: /home/ubuntu/microros_ws/install/rcl_interfaces/include/rcl_interfaces/rcl_interfaces/msg/detail/integer_range__struct.hpp
[8.019s] -- Up-to-date symlink: /home/ubuntu/microros_ws/install/rcl_interfaces/include/rcl_interfaces/rcl_interfaces/msg/detail/integer_range__traits.hpp
[8.022s] -- Up-to-date symlink: /home/ubuntu/microros_ws/install/rcl_interfaces/include/rcl_interfaces/rcl_interfaces/msg/detail/list_parameters_result__builder.hpp
[8.024s] -- Up-to-date symlink: /home/ubuntu/microros_ws/install/rcl_interfaces/include/rcl_interfaces/rcl_interfaces/msg/detail/list_parameters_result__struct.hpp
[8.029s] -- Up-to-date symlink: /home/ubuntu/microros_ws/install/rcl_interfaces/include/rcl_interfaces/rcl_interfaces/msg/detail/list_parameters_result__traits.hpp
[8.030s] -- Up-to-date symlink: /home/ubuntu/microros_ws/install/rcl_interfaces/include/rcl_interfaces/rcl_interfaces/msg/detail/log__builder.hpp
[8.035s] -- Up-to-date symlink: /home/ubuntu/microros_ws/install/rcl_interfaces/include/rcl_interfaces/rcl_interfaces/msg/detail/log__struct.hpp
[8.038s] -- Up-to-date symlink: /home/ubuntu/microros_ws/install/rcl_interfaces/include/rcl_interfaces/rcl_interfaces/msg/detail/log__traits.hpp
[8.041s] -- Up-to-date symlink: /home/ubuntu/microros_ws/install/rcl_interfaces/include/rcl_interfaces/rcl_interfaces/msg/detail/parameter__builder.hpp
[8.045s] -- Up-to-date symlink: /home/ubuntu/microros_ws/install/rcl_interfaces/include/rcl_interfaces/rcl_interfaces/msg/detail/parameter__struct.hpp
[8.048s] -- Up-to-date symlink: /home/ubuntu/microros_ws/install/rcl_interfaces/include/rcl_interfaces/rcl_interfaces/msg/detail/parameter__traits.hpp
[8.051s] -- Up-to-date symlink: /home/ubuntu/microros_ws/install/rcl_interfaces/include/rcl_interfaces/rcl_interfaces/msg/detail/parameter_descriptor__builder.hpp
[8.053s] -- Up-to-date symlink: /home/ubuntu/microros_ws/install/rcl_interfaces/include/rcl_interfaces/rcl_interfaces/msg/detail/parameter_descriptor__struct.hpp
[8.055s] -- Up-to-date symlink: /home/ubuntu/microros_ws/install/rcl_interfaces/include/rcl_interfaces/rcl_interfaces/msg/detail/parameter_descriptor__traits.hpp
[8.059s] -- Up-to-date symlink: /home/ubuntu/microros_ws/install/rcl_interfaces/include/rcl_interfaces/rcl_interfaces/msg/detail/parameter_event__builder.hpp
[8.063s] -- Up-to-date symlink: /home/ubuntu/microros_ws/install/rcl_interfaces/include/rcl_interfaces/rcl_interfaces/msg/detail/parameter_event__struct.hpp
[8.066s] -- Up-to-date symlink: /home/ubuntu/microros_ws/install/rcl_interfaces/include/rcl_interfaces/rcl_interfaces/msg/detail/parameter_event__traits.hpp
[8.069s] -- Up-to-date symlink: /home/ubuntu/microros_ws/install/rcl_interfaces/include/rcl_interfaces/rcl_interfaces/msg/detail/parameter_event_descriptors__builder.hpp
[8.071s] -- Up-to-date symlink: /home/ubuntu/microros_ws/install/rcl_interfaces/include/rcl_interfaces/rcl_interfaces/msg/detail/parameter_event_descriptors__struct.hpp
[8.074s] -- Up-to-date symlink: /home/ubuntu/microros_ws/install/rcl_interfaces/include/rcl_interfaces/rcl_interfaces/msg/detail/parameter_event_descriptors__traits.hpp
[8.078s] -- Up-to-date symlink: /home/ubuntu/microros_ws/install/rcl_interfaces/include/rcl_interfaces/rcl_interfaces/msg/detail/parameter_type__builder.hpp
[8.083s] -- Up-to-date symlink: /home/ubuntu/microros_ws/install/rcl_interfaces/include/rcl_interfaces/rcl_interfaces/msg/detail/parameter_type__struct.hpp
[8.095s] -- Up-to-date symlink: /home/ubuntu/microros_ws/install/rcl_interfaces/include/rcl_interfaces/rcl_interfaces/msg/detail/parameter_type__traits.hpp
[8.103s] -- Up-to-date symlink: /home/ubuntu/microros_ws/install/rcl_interfaces/include/rcl_interfaces/rcl_interfaces/msg/detail/parameter_value__builder.hpp
[8.113s] -- Up-to-date symlink: /home/ubuntu/microros_ws/install/rcl_interfaces/include/rcl_interfaces/rcl_interfaces/msg/detail/parameter_value__struct.hpp
[8.133s] -- Up-to-date symlink: /home/ubuntu/microros_ws/install/rcl_interfaces/include/rcl_interfaces/rcl_interfaces/msg/detail/parameter_value__traits.hpp
[8.134s] -- Up-to-date symlink: /home/ubuntu/microros_ws/install/rcl_interfaces/include/rcl_interfaces/rcl_interfaces/msg/detail/set_parameters_result__builder.hpp
[8.138s] -- Up-to-date symlink: /home/ubuntu/microros_ws/install/rcl_interfaces/include/rcl_interfaces/rcl_interfaces/msg/detail/set_parameters_result__struct.hpp
[8.139s] -- Up-to-date symlink: /home/ubuntu/microros_ws/install/rcl_interfaces/include/rcl_interfaces/rcl_interfaces/msg/detail/set_parameters_result__traits.hpp
[8.140s] -- Up-to-date symlink: /home/ubuntu/microros_ws/install/rcl_interfaces/include/rcl_interfaces/rcl_interfaces/msg/floating_point_range.hpp
[8.141s] -- Up-to-date symlink: /home/ubuntu/microros_ws/install/rcl_interfaces/include/rcl_interfaces/rcl_interfaces/msg/integer_range.hpp
[8.143s] -- Up-to-date symlink: /home/ubuntu/microros_ws/install/rcl_interfaces/include/rcl_interfaces/rcl_interfaces/msg/list_parameters_result.hpp
[8.145s] -- Up-to-date symlink: /home/ubuntu/microros_ws/install/rcl_interfaces/include/rcl_interfaces/rcl_interfaces/msg/log.hpp
[8.148s] -- Up-to-date symlink: /home/ubuntu/microros_ws/install/rcl_interfaces/include/rcl_interfaces/rcl_interfaces/msg/parameter.hpp
[8.148s] -- Up-to-date symlink: /home/ubuntu/microros_ws/install/rcl_interfaces/include/rcl_interfaces/rcl_interfaces/msg/parameter_descriptor.hpp
[8.149s] -- Up-to-date symlink: /home/ubuntu/microros_ws/install/rcl_interfaces/include/rcl_interfaces/rcl_interfaces/msg/parameter_event.hpp
[8.151s] -- Up-to-date symlink: /home/ubuntu/microros_ws/install/rcl_interfaces/include/rcl_interfaces/rcl_interfaces/msg/parameter_event_descriptors.hpp
[8.155s] -- Up-to-date symlink: /home/ubuntu/microros_ws/install/rcl_interfaces/include/rcl_interfaces/rcl_interfaces/msg/parameter_type.hpp
[8.155s] -- Up-to-date symlink: /home/ubuntu/microros_ws/install/rcl_interfaces/include/rcl_interfaces/rcl_interfaces/msg/parameter_value.hpp
[8.158s] -- Up-to-date symlink: /home/ubuntu/microros_ws/install/rcl_interfaces/include/rcl_interfaces/rcl_interfaces/msg/set_parameters_result.hpp
[8.163s] -- Up-to-date symlink: /home/ubuntu/microros_ws/install/rcl_interfaces/include/rcl_interfaces/rcl_interfaces/srv/describe_parameters.hpp
[8.169s] -- Up-to-date symlink: /home/ubuntu/microros_ws/install/rcl_interfaces/include/rcl_interfaces/rcl_interfaces/srv/detail/describe_parameters__builder.hpp
[8.171s] -- Up-to-date symlink: /home/ubuntu/microros_ws/install/rcl_interfaces/include/rcl_interfaces/rcl_interfaces/srv/detail/describe_parameters__struct.hpp
[8.182s] -- Up-to-date symlink: /home/ubuntu/microros_ws/install/rcl_interfaces/include/rcl_interfaces/rcl_interfaces/srv/detail/describe_parameters__traits.hpp
[8.185s] -- Up-to-date symlink: /home/ubuntu/microros_ws/install/rcl_interfaces/include/rcl_interfaces/rcl_interfaces/srv/detail/get_parameter_types__builder.hpp
[8.192s] -- Up-to-date symlink: /home/ubuntu/microros_ws/install/rcl_interfaces/include/rcl_interfaces/rcl_interfaces/srv/detail/get_parameter_types__struct.hpp
[8.202s] -- Up-to-date symlink: /home/ubuntu/microros_ws/install/rcl_interfaces/include/rcl_interfaces/rcl_interfaces/srv/detail/get_parameter_types__traits.hpp
[8.205s] -- Up-to-date symlink: /home/ubuntu/microros_ws/install/rcl_interfaces/include/rcl_interfaces/rcl_interfaces/srv/detail/get_parameters__builder.hpp
[8.221s] -- Up-to-date symlink: /home/ubuntu/microros_ws/install/rcl_interfaces/include/rcl_interfaces/rcl_interfaces/srv/detail/get_parameters__struct.hpp
[8.223s] -- Up-to-date symlink: /home/ubuntu/microros_ws/install/rcl_interfaces/include/rcl_interfaces/rcl_interfaces/srv/detail/get_parameters__traits.hpp
[8.227s] -- Up-to-date symlink: /home/ubuntu/microros_ws/install/rcl_interfaces/include/rcl_interfaces/rcl_interfaces/srv/detail/list_parameters__builder.hpp
[8.242s] -- Up-to-date symlink: /home/ubuntu/microros_ws/install/rcl_interfaces/include/rcl_interfaces/rcl_interfaces/srv/detail/list_parameters__struct.hpp
[8.249s] -- Up-to-date symlink: /home/ubuntu/microros_ws/install/rcl_interfaces/include/rcl_interfaces/rcl_interfaces/srv/detail/list_parameters__traits.hpp
[8.255s] -- Up-to-date symlink: /home/ubuntu/microros_ws/install/rcl_interfaces/include/rcl_interfaces/rcl_interfaces/srv/detail/set_parameters__builder.hpp
[8.260s] -- Up-to-date symlink: /home/ubuntu/microros_ws/install/rcl_interfaces/include/rcl_interfaces/rcl_interfaces/srv/detail/set_parameters__struct.hpp
[8.263s] -- Up-to-date symlink: /home/ubuntu/microros_ws/install/rcl_interfaces/include/rcl_interfaces/rcl_interfaces/srv/detail/set_parameters__traits.hpp
[8.265s] -- Up-to-date symlink: /home/ubuntu/microros_ws/install/rcl_interfaces/include/rcl_interfaces/rcl_interfaces/srv/detail/set_parameters_atomically__builder.hpp
[8.271s] -- Up-to-date symlink: /home/ubuntu/microros_ws/install/rcl_interfaces/include/rcl_interfaces/rcl_interfaces/srv/detail/set_parameters_atomically__struct.hpp
[8.273s] -- Up-to-date symlink: /home/ubuntu/microros_ws/install/rcl_interfaces/include/rcl_interfaces/rcl_interfaces/srv/detail/set_parameters_atomically__traits.hpp
[8.283s] -- Up-to-date symlink: /home/ubuntu/microros_ws/install/rcl_interfaces/include/rcl_interfaces/rcl_interfaces/srv/get_parameter_types.hpp
[8.288s] -- Up-to-date symlink: /home/ubuntu/microros_ws/install/rcl_interfaces/include/rcl_interfaces/rcl_interfaces/srv/get_parameters.hpp
[8.302s] -- Up-to-date symlink: /home/ubuntu/microros_ws/install/rcl_interfaces/include/rcl_interfaces/rcl_interfaces/srv/list_parameters.hpp
[8.303s] -- Up-to-date symlink: /home/ubuntu/microros_ws/install/rcl_interfaces/include/rcl_interfaces/rcl_interfaces/srv/set_parameters.hpp
[8.315s] -- Up-to-date symlink: /home/ubuntu/microros_ws/install/rcl_interfaces/include/rcl_interfaces/rcl_interfaces/srv/set_parameters_atomically.hpp
[8.372s] -- Up-to-date symlink: /home/ubuntu/microros_ws/install/rcl_interfaces/include/rcl_interfaces/rcl_interfaces/msg/detail/floating_point_range__rosidl_typesupport_fastrtps_cpp.hpp
[8.380s] -- Up-to-date symlink: /home/ubuntu/microros_ws/install/rcl_interfaces/include/rcl_interfaces/rcl_interfaces/msg/detail/integer_range__rosidl_typesupport_fastrtps_cpp.hpp
[8.392s] -- Up-to-date symlink: /home/ubuntu/microros_ws/install/rcl_interfaces/include/rcl_interfaces/rcl_interfaces/msg/detail/list_parameters_result__rosidl_typesupport_fastrtps_cpp.hpp
[8.393s] -- Up-to-date symlink: /home/ubuntu/microros_ws/install/rcl_interfaces/include/rcl_interfaces/rcl_interfaces/msg/detail/log__rosidl_typesupport_fastrtps_cpp.hpp
[8.394s] -- Up-to-date symlink: /home/ubuntu/microros_ws/install/rcl_interfaces/include/rcl_interfaces/rcl_interfaces/msg/detail/parameter__rosidl_typesupport_fastrtps_cpp.hpp
[8.394s] -- Up-to-date symlink: /home/ubuntu/microros_ws/install/rcl_interfaces/include/rcl_interfaces/rcl_interfaces/msg/detail/parameter_descriptor__rosidl_typesupport_fastrtps_cpp.hpp
[8.395s] -- Up-to-date symlink: /home/ubuntu/microros_ws/install/rcl_interfaces/include/rcl_interfaces/rcl_interfaces/msg/detail/parameter_event__rosidl_typesupport_fastrtps_cpp.hpp
[8.397s] -- Up-to-date symlink: /home/ubuntu/microros_ws/install/rcl_interfaces/include/rcl_interfaces/rcl_interfaces/msg/detail/parameter_event_descriptors__rosidl_typesupport_fastrtps_cpp.hpp
[8.399s] -- Up-to-date symlink: /home/ubuntu/microros_ws/install/rcl_interfaces/include/rcl_interfaces/rcl_interfaces/msg/detail/parameter_type__rosidl_typesupport_fastrtps_cpp.hpp
[8.406s] -- Up-to-date symlink: /home/ubuntu/microros_ws/install/rcl_interfaces/include/rcl_interfaces/rcl_interfaces/msg/detail/parameter_value__rosidl_typesupport_fastrtps_cpp.hpp
[8.420s] -- Up-to-date symlink: /home/ubuntu/microros_ws/install/rcl_interfaces/include/rcl_interfaces/rcl_interfaces/msg/detail/set_parameters_result__rosidl_typesupport_fastrtps_cpp.hpp
[8.423s] -- Up-to-date symlink: /home/ubuntu/microros_ws/install/rcl_interfaces/include/rcl_interfaces/rcl_interfaces/msg/rosidl_typesupport_fastrtps_cpp__visibility_control.h
[8.424s] -- Up-to-date symlink: /home/ubuntu/microros_ws/install/rcl_interfaces/include/rcl_interfaces/rcl_interfaces/srv/detail/describe_parameters__rosidl_typesupport_fastrtps_cpp.hpp
[8.434s] -- Up-to-date symlink: /home/ubuntu/microros_ws/install/rcl_interfaces/include/rcl_interfaces/rcl_interfaces/srv/detail/get_parameter_types__rosidl_typesupport_fastrtps_cpp.hpp
[8.435s] -- Up-to-date symlink: /home/ubuntu/microros_ws/install/rcl_interfaces/include/rcl_interfaces/rcl_interfaces/srv/detail/get_parameters__rosidl_typesupport_fastrtps_cpp.hpp
[8.446s] -- Up-to-date symlink: /home/ubuntu/microros_ws/install/rcl_interfaces/include/rcl_interfaces/rcl_interfaces/srv/detail/list_parameters__rosidl_typesupport_fastrtps_cpp.hpp
[8.446s] -- Up-to-date symlink: /home/ubuntu/microros_ws/install/rcl_interfaces/include/rcl_interfaces/rcl_interfaces/srv/detail/set_parameters__rosidl_typesupport_fastrtps_cpp.hpp
[8.449s] -- Up-to-date symlink: /home/ubuntu/microros_ws/install/rcl_interfaces/include/rcl_interfaces/rcl_interfaces/srv/detail/set_parameters_atomically__rosidl_typesupport_fastrtps_cpp.hpp
[8.461s] -- Up-to-date symlink: /home/ubuntu/microros_ws/install/rcl_interfaces/include/rcl_interfaces/rcl_interfaces/msg/detail/floating_point_range__rosidl_typesupport_introspection_cpp.hpp
[8.464s] -- Up-to-date symlink: /home/ubuntu/microros_ws/install/rcl_interfaces/include/rcl_interfaces/rcl_interfaces/msg/detail/integer_range__rosidl_typesupport_introspection_cpp.hpp
[8.476s] -- Up-to-date symlink: /home/ubuntu/microros_ws/install/rcl_interfaces/include/rcl_interfaces/rcl_interfaces/msg/detail/list_parameters_result__rosidl_typesupport_introspection_cpp.hpp
[8.477s] -- Up-to-date symlink: /home/ubuntu/microros_ws/install/rcl_interfaces/include/rcl_interfaces/rcl_interfaces/msg/detail/log__rosidl_typesupport_introspection_cpp.hpp
[8.480s] -- Up-to-date symlink: /home/ubuntu/microros_ws/install/rcl_interfaces/include/rcl_interfaces/rcl_interfaces/msg/detail/parameter__rosidl_typesupport_introspection_cpp.hpp
[8.481s] -- Up-to-date symlink: /home/ubuntu/microros_ws/install/rcl_interfaces/include/rcl_interfaces/rcl_interfaces/msg/detail/parameter_descriptor__rosidl_typesupport_introspection_cpp.hpp
[8.493s] -- Up-to-date symlink: /home/ubuntu/microros_ws/install/rcl_interfaces/include/rcl_interfaces/rcl_interfaces/msg/detail/parameter_event__rosidl_typesupport_introspection_cpp.hpp
[8.495s] -- Up-to-date symlink: /home/ubuntu/microros_ws/install/rcl_interfaces/include/rcl_interfaces/rcl_interfaces/msg/detail/parameter_event_descriptors__rosidl_typesupport_introspection_cpp.hpp
[8.496s] -- Up-to-date symlink: /home/ubuntu/microros_ws/install/rcl_interfaces/include/rcl_interfaces/rcl_interfaces/msg/detail/parameter_type__rosidl_typesupport_introspection_cpp.hpp
[8.505s] -- Up-to-date symlink: /home/ubuntu/microros_ws/install/rcl_interfaces/include/rcl_interfaces/rcl_interfaces/msg/detail/parameter_value__rosidl_typesupport_introspection_cpp.hpp
[8.506s] -- Up-to-date symlink: /home/ubuntu/microros_ws/install/rcl_interfaces/include/rcl_interfaces/rcl_interfaces/msg/detail/set_parameters_result__rosidl_typesupport_introspection_cpp.hpp
[8.507s] -- Up-to-date symlink: /home/ubuntu/microros_ws/install/rcl_interfaces/include/rcl_interfaces/rcl_interfaces/srv/detail/describe_parameters__rosidl_typesupport_introspection_cpp.hpp
[8.510s] -- Up-to-date symlink: /home/ubuntu/microros_ws/install/rcl_interfaces/include/rcl_interfaces/rcl_interfaces/srv/detail/get_parameter_types__rosidl_typesupport_introspection_cpp.hpp
[8.511s] -- Up-to-date symlink: /home/ubuntu/microros_ws/install/rcl_interfaces/include/rcl_interfaces/rcl_interfaces/srv/detail/get_parameters__rosidl_typesupport_introspection_cpp.hpp
[8.511s] -- Up-to-date symlink: /home/ubuntu/microros_ws/install/rcl_interfaces/include/rcl_interfaces/rcl_interfaces/srv/detail/list_parameters__rosidl_typesupport_introspection_cpp.hpp
[8.512s] -- Up-to-date symlink: /home/ubuntu/microros_ws/install/rcl_interfaces/include/rcl_interfaces/rcl_interfaces/srv/detail/set_parameters__rosidl_typesupport_introspection_cpp.hpp
[8.529s] -- Up-to-date symlink: /home/ubuntu/microros_ws/install/rcl_interfaces/include/rcl_interfaces/rcl_interfaces/srv/detail/set_parameters_atomically__rosidl_typesupport_introspection_cpp.hpp
[8.531s] -- Up-to-date symlink: /home/ubuntu/microros_ws/install/rcl_interfaces/share/rcl_interfaces/environment/pythonpath.sh
[8.547s] -- Up-to-date symlink: /home/ubuntu/microros_ws/install/rcl_interfaces/share/rcl_interfaces/environment/pythonpath.dsv
[8.547s] -- Up-to-date symlink: /home/ubuntu/microros_ws/install/rcl_interfaces/local/lib/python3.10/dist-packages/rcl_interfaces-1.2.1-py3.10.egg-info/PKG-INFO
[8.548s] -- Up-to-date symlink: /home/ubuntu/microros_ws/install/rcl_interfaces/local/lib/python3.10/dist-packages/rcl_interfaces-1.2.1-py3.10.egg-info/SOURCES.txt
[8.549s] -- Up-to-date symlink: /home/ubuntu/microros_ws/install/rcl_interfaces/local/lib/python3.10/dist-packages/rcl_interfaces-1.2.1-py3.10.egg-info/dependency_links.txt
[8.549s] -- Up-to-date symlink: /home/ubuntu/microros_ws/install/rcl_interfaces/local/lib/python3.10/dist-packages/rcl_interfaces-1.2.1-py3.10.egg-info/top_level.txt
[8.583s] -- Up-to-date symlink: /home/ubuntu/microros_ws/install/rcl_interfaces/local/lib/python3.10/dist-packages/rcl_interfaces/__init__.py
[8.584s] -- Up-to-date symlink: /home/ubuntu/microros_ws/install/rcl_interfaces/local/lib/python3.10/dist-packages/rcl_interfaces/_rcl_interfaces_s.ep.rosidl_typesupport_c.c
[8.585s] -- Up-to-date symlink: /home/ubuntu/microros_ws/install/rcl_interfaces/local/lib/python3.10/dist-packages/rcl_interfaces/_rcl_interfaces_s.ep.rosidl_typesupport_fastrtps_c.c
[8.586s] -- Up-to-date symlink: /home/ubuntu/microros_ws/install/rcl_interfaces/local/lib/python3.10/dist-packages/rcl_interfaces/_rcl_interfaces_s.ep.rosidl_typesupport_introspection_c.c
[8.600s] -- Up-to-date symlink: /home/ubuntu/microros_ws/install/rcl_interfaces/local/lib/python3.10/dist-packages/rcl_interfaces/_rcl_interfaces_s.ep.rosidl_typesupport_microxrcedds_c.c
[8.601s] -- Up-to-date symlink: /home/ubuntu/microros_ws/install/rcl_interfaces/local/lib/python3.10/dist-packages/rcl_interfaces/librcl_interfaces__rosidl_generator_py.so
[8.602s] -- Up-to-date symlink: /home/ubuntu/microros_ws/install/rcl_interfaces/local/lib/python3.10/dist-packages/rcl_interfaces/msg/__init__.py
[8.604s] -- Up-to-date symlink: /home/ubuntu/microros_ws/install/rcl_interfaces/local/lib/python3.10/dist-packages/rcl_interfaces/msg/_floating_point_range.py
[8.604s] -- Up-to-date symlink: /home/ubuntu/microros_ws/install/rcl_interfaces/local/lib/python3.10/dist-packages/rcl_interfaces/msg/_floating_point_range_s.c
[8.620s] -- Up-to-date symlink: /home/ubuntu/microros_ws/install/rcl_interfaces/local/lib/python3.10/dist-packages/rcl_interfaces/msg/_integer_range.py
[8.624s] -- Up-to-date symlink: /home/ubuntu/microros_ws/install/rcl_interfaces/local/lib/python3.10/dist-packages/rcl_interfaces/msg/_integer_range_s.c
[8.640s] -- Up-to-date symlink: /home/ubuntu/microros_ws/install/rcl_interfaces/local/lib/python3.10/dist-packages/rcl_interfaces/msg/_list_parameters_result.py
[8.641s] -- Up-to-date symlink: /home/ubuntu/microros_ws/install/rcl_interfaces/local/lib/python3.10/dist-packages/rcl_interfaces/msg/_list_parameters_result_s.c
[8.643s] -- Up-to-date symlink: /home/ubuntu/microros_ws/install/rcl_interfaces/local/lib/python3.10/dist-packages/rcl_interfaces/msg/_log.py
[8.645s] -- Up-to-date symlink: /home/ubuntu/microros_ws/install/rcl_interfaces/local/lib/python3.10/dist-packages/rcl_interfaces/msg/_log_s.c
[8.668s] -- Up-to-date symlink: /home/ubuntu/microros_ws/install/rcl_interfaces/local/lib/python3.10/dist-packages/rcl_interfaces/msg/_parameter.py
[8.671s] -- Up-to-date symlink: /home/ubuntu/microros_ws/install/rcl_interfaces/local/lib/python3.10/dist-packages/rcl_interfaces/msg/_parameter_descriptor.py
[8.675s] -- Up-to-date symlink: /home/ubuntu/microros_ws/install/rcl_interfaces/local/lib/python3.10/dist-packages/rcl_interfaces/msg/_parameter_descriptor_s.c
[8.676s] -- Up-to-date symlink: /home/ubuntu/microros_ws/install/rcl_interfaces/local/lib/python3.10/dist-packages/rcl_interfaces/msg/_parameter_event.py
[8.680s] -- Up-to-date symlink: /home/ubuntu/microros_ws/install/rcl_interfaces/local/lib/python3.10/dist-packages/rcl_interfaces/msg/_parameter_event_descriptors.py
[8.693s] -- Up-to-date symlink: /home/ubuntu/microros_ws/install/rcl_interfaces/local/lib/python3.10/dist-packages/rcl_interfaces/msg/_parameter_event_descriptors_s.c
[8.693s] -- Up-to-date symlink: /home/ubuntu/microros_ws/install/rcl_interfaces/local/lib/python3.10/dist-packages/rcl_interfaces/msg/_parameter_event_s.c
[8.695s] -- Up-to-date symlink: /home/ubuntu/microros_ws/install/rcl_interfaces/local/lib/python3.10/dist-packages/rcl_interfaces/msg/_parameter_s.c
[8.696s] -- Up-to-date symlink: /home/ubuntu/microros_ws/install/rcl_interfaces/local/lib/python3.10/dist-packages/rcl_interfaces/msg/_parameter_type.py
[8.699s] -- Up-to-date symlink: /home/ubuntu/microros_ws/install/rcl_interfaces/local/lib/python3.10/dist-packages/rcl_interfaces/msg/_parameter_type_s.c
[8.701s] -- Up-to-date symlink: /home/ubuntu/microros_ws/install/rcl_interfaces/local/lib/python3.10/dist-packages/rcl_interfaces/msg/_parameter_value.py
[8.716s] -- Up-to-date symlink: /home/ubuntu/microros_ws/install/rcl_interfaces/local/lib/python3.10/dist-packages/rcl_interfaces/msg/_parameter_value_s.c
[8.718s] -- Up-to-date symlink: /home/ubuntu/microros_ws/install/rcl_interfaces/local/lib/python3.10/dist-packages/rcl_interfaces/msg/_set_parameters_result.py
[8.750s] -- Up-to-date symlink: /home/ubuntu/microros_ws/install/rcl_interfaces/local/lib/python3.10/dist-packages/rcl_interfaces/msg/_set_parameters_result_s.c
[8.752s] -- Up-to-date symlink: /home/ubuntu/microros_ws/install/rcl_interfaces/local/lib/python3.10/dist-packages/rcl_interfaces/rcl_interfaces_s__rosidl_typesupport_c.cpython-310-aarch64-linux-gnu.so
[8.760s] -- Up-to-date symlink: /home/ubuntu/microros_ws/install/rcl_interfaces/local/lib/python3.10/dist-packages/rcl_interfaces/rcl_interfaces_s__rosidl_typesupport_fastrtps_c.cpython-310-aarch64-linux-gnu.so
[8.762s] -- Up-to-date symlink: /home/ubuntu/microros_ws/install/rcl_interfaces/local/lib/python3.10/dist-packages/rcl_interfaces/rcl_interfaces_s__rosidl_typesupport_introspection_c.cpython-310-aarch64-linux-gnu.so
[8.765s] -- Up-to-date symlink: /home/ubuntu/microros_ws/install/rcl_interfaces/local/lib/python3.10/dist-packages/rcl_interfaces/rcl_interfaces_s__rosidl_typesupport_microxrcedds_c.cpython-310-aarch64-linux-gnu.so
[8.777s] -- Up-to-date symlink: /home/ubuntu/microros_ws/install/rcl_interfaces/local/lib/python3.10/dist-packages/rcl_interfaces/srv/__init__.py
[8.778s] -- Up-to-date symlink: /home/ubuntu/microros_ws/install/rcl_interfaces/local/lib/python3.10/dist-packages/rcl_interfaces/srv/_describe_parameters.py
[8.780s] -- Up-to-date symlink: /home/ubuntu/microros_ws/install/rcl_interfaces/local/lib/python3.10/dist-packages/rcl_interfaces/srv/_describe_parameters_s.c
[8.780s] -- Up-to-date symlink: /home/ubuntu/microros_ws/install/rcl_interfaces/local/lib/python3.10/dist-packages/rcl_interfaces/srv/_get_parameter_types.py
[8.781s] -- Up-to-date symlink: /home/ubuntu/microros_ws/install/rcl_interfaces/local/lib/python3.10/dist-packages/rcl_interfaces/srv/_get_parameter_types_s.c
[8.783s] -- Up-to-date symlink: /home/ubuntu/microros_ws/install/rcl_interfaces/local/lib/python3.10/dist-packages/rcl_interfaces/srv/_get_parameters.py
[8.783s] -- Up-to-date symlink: /home/ubuntu/microros_ws/install/rcl_interfaces/local/lib/python3.10/dist-packages/rcl_interfaces/srv/_get_parameters_s.c
[8.783s] -- Up-to-date symlink: /home/ubuntu/microros_ws/install/rcl_interfaces/local/lib/python3.10/dist-packages/rcl_interfaces/srv/_list_parameters.py
[8.784s] -- Up-to-date symlink: /home/ubuntu/microros_ws/install/rcl_interfaces/local/lib/python3.10/dist-packages/rcl_interfaces/srv/_list_parameters_s.c
[8.794s] -- Up-to-date symlink: /home/ubuntu/microros_ws/install/rcl_interfaces/local/lib/python3.10/dist-packages/rcl_interfaces/srv/_set_parameters.py
[8.795s] -- Up-to-date symlink: /home/ubuntu/microros_ws/install/rcl_interfaces/local/lib/python3.10/dist-packages/rcl_interfaces/srv/_set_parameters_atomically.py
[8.797s] -- Up-to-date symlink: /home/ubuntu/microros_ws/install/rcl_interfaces/local/lib/python3.10/dist-packages/rcl_interfaces/srv/_set_parameters_atomically_s.c
[8.799s] -- Up-to-date symlink: /home/ubuntu/microros_ws/install/rcl_interfaces/local/lib/python3.10/dist-packages/rcl_interfaces/srv/_set_parameters_s.c
[8.800s] -- Up-to-date symlink: /home/ubuntu/microros_ws/install/rcl_interfaces/local/lib/python3.10/dist-packages/rcl_interfaces/rcl_interfaces_s__rosidl_typesupport_fastrtps_c.cpython-310-aarch64-linux-gnu.so
[8.802s] -- Up-to-date symlink: /home/ubuntu/microros_ws/install/rcl_interfaces/local/lib/python3.10/dist-packages/rcl_interfaces/rcl_interfaces_s__rosidl_typesupport_introspection_c.cpython-310-aarch64-linux-gnu.so
[8.804s] -- Up-to-date symlink: /home/ubuntu/microros_ws/install/rcl_interfaces/local/lib/python3.10/dist-packages/rcl_interfaces/rcl_interfaces_s__rosidl_typesupport_c.cpython-310-aarch64-linux-gnu.so
[8.804s] -- Up-to-date symlink: /home/ubuntu/microros_ws/install/rcl_interfaces/share/rcl_interfaces/msg/FloatingPointRange.idl
[8.809s] -- Up-to-date symlink: /home/ubuntu/microros_ws/install/rcl_interfaces/share/rcl_interfaces/msg/IntegerRange.idl
[8.810s] -- Up-to-date symlink: /home/ubuntu/microros_ws/install/rcl_interfaces/share/rcl_interfaces/msg/ListParametersResult.idl
[8.811s] -- Up-to-date symlink: /home/ubuntu/microros_ws/install/rcl_interfaces/share/rcl_interfaces/msg/Log.idl
[8.812s] -- Up-to-date symlink: /home/ubuntu/microros_ws/install/rcl_interfaces/share/rcl_interfaces/msg/ParameterDescriptor.idl
[8.813s] -- Up-to-date symlink: /home/ubuntu/microros_ws/install/rcl_interfaces/share/rcl_interfaces/msg/ParameterEventDescriptors.idl
[8.814s] -- Up-to-date symlink: /home/ubuntu/microros_ws/install/rcl_interfaces/share/rcl_interfaces/msg/ParameterEvent.idl
[8.817s] -- Up-to-date symlink: /home/ubuntu/microros_ws/install/rcl_interfaces/share/rcl_interfaces/msg/Parameter.idl
[8.824s] -- Up-to-date symlink: /home/ubuntu/microros_ws/install/rcl_interfaces/share/rcl_interfaces/msg/ParameterType.idl
[8.828s] -- Up-to-date symlink: /home/ubuntu/microros_ws/install/rcl_interfaces/share/rcl_interfaces/msg/ParameterValue.idl
[8.835s] -- Up-to-date symlink: /home/ubuntu/microros_ws/install/rcl_interfaces/share/rcl_interfaces/msg/SetParametersResult.idl
[8.837s] -- Up-to-date symlink: /home/ubuntu/microros_ws/install/rcl_interfaces/share/rcl_interfaces/srv/DescribeParameters.idl
[8.837s] -- Up-to-date symlink: /home/ubuntu/microros_ws/install/rcl_interfaces/share/rcl_interfaces/srv/GetParameters.idl
[8.839s] -- Up-to-date symlink: /home/ubuntu/microros_ws/install/rcl_interfaces/share/rcl_interfaces/srv/GetParameterTypes.idl
[8.846s] -- Up-to-date symlink: /home/ubuntu/microros_ws/install/rcl_interfaces/share/rcl_interfaces/srv/ListParameters.idl
[8.862s] -- Up-to-date symlink: /home/ubuntu/microros_ws/install/rcl_interfaces/share/rcl_interfaces/srv/SetParametersAtomically.idl
[8.864s] -- Up-to-date symlink: /home/ubuntu/microros_ws/install/rcl_interfaces/share/rcl_interfaces/srv/SetParameters.idl
[8.864s] -- Up-to-date symlink: /home/ubuntu/microros_ws/install/rcl_interfaces/share/rcl_interfaces/msg/FloatingPointRange.msg
[8.865s] -- Up-to-date symlink: /home/ubuntu/microros_ws/install/rcl_interfaces/share/rcl_interfaces/msg/IntegerRange.msg
[8.866s] -- Up-to-date symlink: /home/ubuntu/microros_ws/install/rcl_interfaces/share/rcl_interfaces/msg/ListParametersResult.msg
[8.866s] -- Up-to-date symlink: /home/ubuntu/microros_ws/install/rcl_interfaces/share/rcl_interfaces/msg/Log.msg
[8.867s] -- Up-to-date symlink: /home/ubuntu/microros_ws/install/rcl_interfaces/share/rcl_interfaces/msg/ParameterDescriptor.msg
[8.867s] -- Up-to-date symlink: /home/ubuntu/microros_ws/install/rcl_interfaces/share/rcl_interfaces/msg/ParameterEventDescriptors.msg
[8.868s] -- Up-to-date symlink: /home/ubuntu/microros_ws/install/rcl_interfaces/share/rcl_interfaces/msg/ParameterEvent.msg
[8.878s] -- Up-to-date symlink: /home/ubuntu/microros_ws/install/rcl_interfaces/share/rcl_interfaces/msg/Parameter.msg
[8.879s] -- Up-to-date symlink: /home/ubuntu/microros_ws/install/rcl_interfaces/share/rcl_interfaces/msg/ParameterType.msg
[8.880s] -- Up-to-date symlink: /home/ubuntu/microros_ws/install/rcl_interfaces/share/rcl_interfaces/msg/ParameterValue.msg
[8.888s] -- Up-to-date symlink: /home/ubuntu/microros_ws/install/rcl_interfaces/share/rcl_interfaces/msg/SetParametersResult.msg
[8.889s] -- Up-to-date symlink: /home/ubuntu/microros_ws/install/rcl_interfaces/share/rcl_interfaces/srv/DescribeParameters.srv
[8.889s] -- Up-to-date symlink: /home/ubuntu/microros_ws/install/rcl_interfaces/share/rcl_interfaces/srv/DescribeParameters_Request.msg
[8.900s] -- Up-to-date symlink: /home/ubuntu/microros_ws/install/rcl_interfaces/share/rcl_interfaces/srv/DescribeParameters_Response.msg
[8.910s] -- Up-to-date symlink: /home/ubuntu/microros_ws/install/rcl_interfaces/share/rcl_interfaces/srv/GetParameters.srv
[8.912s] -- Up-to-date symlink: /home/ubuntu/microros_ws/install/rcl_interfaces/share/rcl_interfaces/srv/GetParameters_Request.msg
[8.914s] -- Up-to-date symlink: /home/ubuntu/microros_ws/install/rcl_interfaces/share/rcl_interfaces/srv/GetParameters_Response.msg
[8.916s] -- Up-to-date symlink: /home/ubuntu/microros_ws/install/rcl_interfaces/share/rcl_interfaces/srv/GetParameterTypes.srv
[8.917s] -- Up-to-date symlink: /home/ubuntu/microros_ws/install/rcl_interfaces/share/rcl_interfaces/srv/GetParameterTypes_Request.msg
[8.918s] -- Up-to-date symlink: /home/ubuntu/microros_ws/install/rcl_interfaces/share/rcl_interfaces/srv/GetParameterTypes_Response.msg
[8.921s] -- Up-to-date symlink: /home/ubuntu/microros_ws/install/rcl_interfaces/share/rcl_interfaces/srv/ListParameters.srv
[8.922s] -- Up-to-date symlink: /home/ubuntu/microros_ws/install/rcl_interfaces/share/rcl_interfaces/srv/ListParameters_Request.msg
[8.923s] -- Up-to-date symlink: /home/ubuntu/microros_ws/install/rcl_interfaces/share/rcl_interfaces/srv/ListParameters_Response.msg
[8.924s] -- Up-to-date symlink: /home/ubuntu/microros_ws/install/rcl_interfaces/share/rcl_interfaces/srv/SetParametersAtomically.srv
[8.925s] -- Up-to-date symlink: /home/ubuntu/microros_ws/install/rcl_interfaces/share/rcl_interfaces/srv/SetParametersAtomically_Request.msg
[8.926s] -- Up-to-date symlink: /home/ubuntu/microros_ws/install/rcl_interfaces/share/rcl_interfaces/srv/SetParametersAtomically_Response.msg
[8.929s] -- Up-to-date symlink: /home/ubuntu/microros_ws/install/rcl_interfaces/share/rcl_interfaces/srv/SetParameters.srv
[8.929s] -- Up-to-date symlink: /home/ubuntu/microros_ws/install/rcl_interfaces/share/rcl_interfaces/srv/SetParameters_Request.msg
[8.930s] -- Up-to-date symlink: /home/ubuntu/microros_ws/install/rcl_interfaces/share/rcl_interfaces/srv/SetParameters_Response.msg
[8.931s] -- Up-to-date symlink: /home/ubuntu/microros_ws/install/rcl_interfaces/share/rcl_interfaces/mapping_rules.yaml
[8.932s] -- Up-to-date symlink: /home/ubuntu/microros_ws/install/rcl_interfaces/share/ament_index/resource_index/package_run_dependencies/rcl_interfaces
[8.933s] -- Up-to-date symlink: /home/ubuntu/microros_ws/install/rcl_interfaces/share/ament_index/resource_index/parent_prefix_path/rcl_interfaces
[8.942s] -- Up-to-date symlink: /home/ubuntu/microros_ws/install/rcl_interfaces/share/rcl_interfaces/environment/ament_prefix_path.sh
[8.944s] -- Up-to-date symlink: /home/ubuntu/microros_ws/install/rcl_interfaces/share/rcl_interfaces/environment/ament_prefix_path.dsv
[8.948s] -- Up-to-date symlink: /home/ubuntu/microros_ws/install/rcl_interfaces/share/rcl_interfaces/environment/path.sh
[8.948s] -- Up-to-date symlink: /home/ubuntu/microros_ws/install/rcl_interfaces/share/rcl_interfaces/environment/path.dsv
[8.950s] -- Up-to-date symlink: /home/ubuntu/microros_ws/install/rcl_interfaces/share/rcl_interfaces/local_setup.bash
[8.951s] -- Up-to-date symlink: /home/ubuntu/microros_ws/install/rcl_interfaces/share/rcl_interfaces/local_setup.sh
[8.952s] -- Up-to-date symlink: /home/ubuntu/microros_ws/install/rcl_interfaces/share/rcl_interfaces/local_setup.zsh
[8.953s] -- Up-to-date symlink: /home/ubuntu/microros_ws/install/rcl_interfaces/share/rcl_interfaces/local_setup.dsv
[8.955s] -- Symlinking: /home/ubuntu/microros_ws/install/rcl_interfaces/share/rcl_interfaces/package.dsv
[8.980s] -- Up-to-date symlink: /home/ubuntu/microros_ws/install/rcl_interfaces/share/ament_index/resource_index/packages/rcl_interfaces
[8.981s] -- Up-to-date symlink: /home/ubuntu/microros_ws/install/rcl_interfaces/share/rcl_interfaces/cmake/rosidl_cmake-extras.cmake
[8.982s] -- Up-to-date symlink: /home/ubuntu/microros_ws/install/rcl_interfaces/share/rcl_interfaces/cmake/ament_cmake_export_dependencies-extras.cmake
[8.982s] -- Up-to-date symlink: /home/ubuntu/microros_ws/install/rcl_interfaces/share/rcl_interfaces/cmake/ament_cmake_export_include_directories-extras.cmake
[8.983s] -- Up-to-date symlink: /home/ubuntu/microros_ws/install/rcl_interfaces/share/rcl_interfaces/cmake/ament_cmake_export_libraries-extras.cmake
[8.983s] -- Up-to-date symlink: /home/ubuntu/microros_ws/install/rcl_interfaces/share/rcl_interfaces/cmake/ament_cmake_export_targets-extras.cmake
[8.983s] -- Up-to-date symlink: /home/ubuntu/microros_ws/install/rcl_interfaces/share/rcl_interfaces/cmake/rosidl_cmake_export_typesupport_targets-extras.cmake
[8.984s] -- Up-to-date symlink: /home/ubuntu/microros_ws/install/rcl_interfaces/share/rcl_interfaces/cmake/rosidl_cmake_export_typesupport_libraries-extras.cmake
[8.984s] -- Up-to-date symlink: /home/ubuntu/microros_ws/install/rcl_interfaces/share/rcl_interfaces/cmake/rcl_interfacesConfig.cmake
[8.985s] -- Up-to-date symlink: /home/ubuntu/microros_ws/install/rcl_interfaces/share/rcl_interfaces/cmake/rcl_interfacesConfig-version.cmake
[8.985s] -- Up-to-date symlink: /home/ubuntu/microros_ws/install/rcl_interfaces/share/rcl_interfaces/package.xml
[8.985s] -- Up-to-date: /home/ubuntu/microros_ws/install/rcl_interfaces/lib/librcl_interfaces__rosidl_generator_c.so
[8.986s] -- Up-to-date: /home/ubuntu/microros_ws/install/rcl_interfaces/lib/librcl_interfaces__rosidl_typesupport_fastrtps_c.so
[8.986s] -- Up-to-date: /home/ubuntu/microros_ws/install/rcl_interfaces/lib/librcl_interfaces__rosidl_typesupport_introspection_c.so
[8.988s] -- Up-to-date: /home/ubuntu/microros_ws/install/rcl_interfaces/lib/librcl_interfaces__rosidl_typesupport_c.so
[8.992s] -- Up-to-date: /home/ubuntu/microros_ws/install/rcl_interfaces/lib/librcl_interfaces__rosidl_typesupport_fastrtps_cpp.so
[8.994s] -- Up-to-date: /home/ubuntu/microros_ws/install/rcl_interfaces/lib/librcl_interfaces__rosidl_typesupport_introspection_cpp.so
[8.996s] -- Up-to-date: /home/ubuntu/microros_ws/install/rcl_interfaces/lib/librcl_interfaces__rosidl_typesupport_cpp.so
[9.184s] Listing '/home/ubuntu/microros_ws/install/rcl_interfaces/local/lib/python3.10/dist-packages/rcl_interfaces'...
[9.186s] Listing '/home/ubuntu/microros_ws/install/rcl_interfaces/local/lib/python3.10/dist-packages/rcl_interfaces/msg'...
[9.188s] Listing '/home/ubuntu/microros_ws/install/rcl_interfaces/local/lib/python3.10/dist-packages/rcl_interfaces/srv'...
[9.194s] -- Up-to-date: /home/ubuntu/microros_ws/install/rcl_interfaces/lib/librcl_interfaces__rosidl_generator_py.so
[9.195s] -- Up-to-date: /home/ubuntu/microros_ws/install/rcl_interfaces/share/rcl_interfaces/cmake/export_rcl_interfaces__rosidl_generator_cExport.cmake
[9.195s] -- Up-to-date: /home/ubuntu/microros_ws/install/rcl_interfaces/share/rcl_interfaces/cmake/export_rcl_interfaces__rosidl_generator_cExport-noconfig.cmake
[9.196s] -- Up-to-date: /home/ubuntu/microros_ws/install/rcl_interfaces/share/rcl_interfaces/cmake/export_rcl_interfaces__rosidl_typesupport_fastrtps_cExport.cmake
[9.196s] -- Up-to-date: /home/ubuntu/microros_ws/install/rcl_interfaces/share/rcl_interfaces/cmake/export_rcl_interfaces__rosidl_typesupport_fastrtps_cExport-noconfig.cmake
[9.208s] -- Up-to-date: /home/ubuntu/microros_ws/install/rcl_interfaces/share/rcl_interfaces/cmake/rcl_interfaces__rosidl_typesupport_introspection_cExport.cmake
[9.209s] -- Up-to-date: /home/ubuntu/microros_ws/install/rcl_interfaces/share/rcl_interfaces/cmake/rcl_interfaces__rosidl_typesupport_introspection_cExport-noconfig.cmake
[9.210s] -- Up-to-date: /home/ubuntu/microros_ws/install/rcl_interfaces/share/rcl_interfaces/cmake/rcl_interfaces__rosidl_typesupport_cExport.cmake
[9.211s] -- Up-to-date: /home/ubuntu/microros_ws/install/rcl_interfaces/share/rcl_interfaces/cmake/rcl_interfaces__rosidl_typesupport_cExport-noconfig.cmake
[9.212s] -- Up-to-date: /home/ubuntu/microros_ws/install/rcl_interfaces/share/rcl_interfaces/cmake/export_rcl_interfaces__rosidl_generator_cppExport.cmake
[9.213s] -- Up-to-date: /home/ubuntu/microros_ws/install/rcl_interfaces/share/rcl_interfaces/cmake/export_rcl_interfaces__rosidl_typesupport_fastrtps_cppExport.cmake
[9.215s] -- Up-to-date: /home/ubuntu/microros_ws/install/rcl_interfaces/share/rcl_interfaces/cmake/export_rcl_interfaces__rosidl_typesupport_fastrtps_cppExport-noconfig.cmake
[9.215s] -- Up-to-date: /home/ubuntu/microros_ws/install/rcl_interfaces/share/rcl_interfaces/cmake/rcl_interfaces__rosidl_typesupport_introspection_cppExport.cmake
[9.216s] -- Up-to-date: /home/ubuntu/microros_ws/install/rcl_interfaces/share/rcl_interfaces/cmake/rcl_interfaces__rosidl_typesupport_introspection_cppExport-noconfig.cmake
[9.218s] -- Up-to-date: /home/ubuntu/microros_ws/install/rcl_interfaces/share/rcl_interfaces/cmake/rcl_interfaces__rosidl_typesupport_cppExport.cmake
[9.219s] -- Up-to-date: /home/ubuntu/microros_ws/install/rcl_interfaces/share/rcl_interfaces/cmake/rcl_interfaces__rosidl_typesupport_cppExport-noconfig.cmake
[9.220s] -- Up-to-date: /home/ubuntu/microros_ws/install/rcl_interfaces/share/rcl_interfaces/cmake/export_rcl_interfaces__rosidl_generator_pyExport.cmake
[9.220s] -- Up-to-date: /home/ubuntu/microros_ws/install/rcl_interfaces/share/rcl_interfaces/cmake/export_rcl_interfaces__rosidl_generator_pyExport-noconfig.cmake
[9.222s] Invoked command in '/home/ubuntu/microros_ws/build/rcl_interfaces' returned '0': AMENT_PREFIX_PATH=/home/ubuntu/microros_ws/install/builtin_interfaces:${AMENT_PREFIX_PATH} CMAKE_PREFIX_PATH=/home/ubuntu/microros_ws/install/builtin_interfaces:/opt/ros/humble LD_LIBRARY_PATH=/home/ubuntu/microros_ws/install/builtin_interfaces/lib:${LD_LIBRARY_PATH} PYTHONPATH=/home/ubuntu/microros_ws/install/builtin_interfaces/local/lib/python3.10/dist-packages:${PYTHONPATH} /usr/bin/cmake --install /home/ubuntu/microros_ws/build/rcl_interfaces
