[0.189s] Invoking command in '/home/ubuntu/microros_ws/build/std_srvs': CMAKE_PREFIX_PATH=${CMAKE_PREFIX_PATH}:/home/ubuntu/microros_ws/install/sensor_msgs_py:/opt/ros/humble /usr/bin/cmake /home/ubuntu/microros_ws/src/ros2/common_interfaces/std_srvs -DCMAKE_INSTALL_PREFIX=/home/ubuntu/microros_ws/install/std_srvs
[0.363s] -- Found ament_cmake: 1.3.9 (/opt/ros/humble/share/ament_cmake/cmake)
[2.568s] -- Found rosidl_default_generators: 1.2.0 (/opt/ros/humble/share/rosidl_default_generators/cmake)
[2.904s] -- Using all available rosidl_typesupport_c: rosidl_typesupport_microxrcedds_c;rosidl_typesupport_fastrtps_c;rosidl_typesupport_introspection_c
[2.973s] -- Found rosidl_adapter: 3.1.5 (/opt/ros/humble/share/rosidl_adapter/cmake)
[3.564s] -- Using all available rosidl_typesupport_cpp: rosidl_typesupport_microxrcedds_cpp;rosidl_typesupport_fastrtps_cpp;rosidl_typesupport_introspection_cpp
[7.942s] -- Found ament_cmake_ros: 0.10.0 (/opt/ros/humble/share/ament_cmake_ros/cmake)
[11.185s] -- Using all available rosidl_typesupport_c: rosidl_typesupport_microxrcedds_c;rosidl_typesupport_fastrtps_c;rosidl_typesupport_introspection_c
[15.127s] -- Using all available rosidl_typesupport_cpp: rosidl_typesupport_microxrcedds_cpp;rosidl_typesupport_fastrtps_cpp;rosidl_typesupport_introspection_cpp
[15.469s] -- Found python_cmake_module: 0.10.0 (/opt/ros/humble/share/python_cmake_module/cmake)
[15.805s] -- Using PYTHON_EXECUTABLE: /usr/bin/python3
[15.806s] -- Using PYTHON_INCLUDE_DIRS: /usr/include/python3.10
[15.806s] -- Using PYTHON_LIBRARIES: /usr/lib/aarch64-linux-gnu/libpython3.10.so
[16.195s] -- Configuring done
[17.274s] -- Generating done
[17.349s] -- Build files have been written to: /home/ubuntu/microros_ws/build/std_srvs
[17.449s] Invoked command in '/home/ubuntu/microros_ws/build/std_srvs' returned '0': CMAKE_PREFIX_PATH=${CMAKE_PREFIX_PATH}:/home/ubuntu/microros_ws/install/sensor_msgs_py:/opt/ros/humble /usr/bin/cmake /home/ubuntu/microros_ws/src/ros2/common_interfaces/std_srvs -DCMAKE_INSTALL_PREFIX=/home/ubuntu/microros_ws/install/std_srvs
[17.451s] Invoking command in '/home/ubuntu/microros_ws/build/std_srvs': CMAKE_PREFIX_PATH=${CMAKE_PREFIX_PATH}:/home/ubuntu/microros_ws/install/sensor_msgs_py:/opt/ros/humble /usr/bin/cmake --build /home/ubuntu/microros_ws/build/std_srvs -- -j4 -l4
[18.307s] [  1%] Built target std_srvs__cpp
[18.795s] [  1%] Built target ament_cmake_python_copy_std_srvs
[18.961s] [35m[1mConsolidate compiler generated dependencies of target std_srvs__rosidl_typesupport_cpp[0m
[19.197s] [ 10%] Built target std_srvs__rosidl_typesupport_cpp
[19.386s] [35m[1mConsolidate compiler generated dependencies of target std_srvs__rosidl_typesupport_microxrcedds_cpp[0m
[19.621s] [ 18%] Built target std_srvs__rosidl_typesupport_microxrcedds_cpp
[19.859s] [35m[1mConsolidate compiler generated dependencies of target std_srvs__rosidl_typesupport_fastrtps_cpp[0m
[20.101s] [ 27%] Built target std_srvs__rosidl_typesupport_fastrtps_cpp
[23.437s] running egg_info
[23.438s] writing std_srvs.egg-info/PKG-INFO
[23.438s] writing dependency_links to std_srvs.egg-info/dependency_links.txt
[23.440s] writing top-level names to std_srvs.egg-info/top_level.txt
[23.442s] reading manifest file 'std_srvs.egg-info/SOURCES.txt'
[23.448s] writing manifest file 'std_srvs.egg-info/SOURCES.txt'
[23.849s] [ 27%] Built target ament_cmake_python_build_std_srvs_egg
[24.011s] [35m[1mConsolidate compiler generated dependencies of target std_srvs__rosidl_typesupport_introspection_cpp[0m
[24.293s] [ 35%] Built target std_srvs__rosidl_typesupport_introspection_cpp
[24.498s] [35m[1mConsolidate compiler generated dependencies of target std_srvs__rosidl_generator_c[0m
[24.719s] [ 44%] Built target std_srvs__rosidl_generator_c
[24.913s] [35m[1mConsolidate compiler generated dependencies of target std_srvs__rosidl_typesupport_microxrcedds_c[0m
[25.134s] [ 52%] Built target std_srvs__rosidl_typesupport_microxrcedds_c
[25.333s] [35m[1mConsolidate compiler generated dependencies of target std_srvs__rosidl_typesupport_c[0m
[25.622s] [ 61%] Built target std_srvs__rosidl_typesupport_c
[25.841s] [35m[1mConsolidate compiler generated dependencies of target std_srvs__rosidl_typesupport_introspection_c[0m
[26.019s] [ 69%] Built target std_srvs__rosidl_typesupport_introspection_c
[26.228s] [35m[1mConsolidate compiler generated dependencies of target std_srvs__rosidl_typesupport_fastrtps_c[0m
[26.447s] [ 77%] Built target std_srvs__rosidl_typesupport_fastrtps_c
[26.749s] [ 77%] Built target std_srvs
[27.114s] [ 79%] Built target std_srvs__py
[27.556s] [35m[1mConsolidate compiler generated dependencies of target std_srvs__rosidl_generator_py[0m
[27.774s] [ 86%] Built target std_srvs__rosidl_generator_py
[27.917s] [35m[1mConsolidate compiler generated dependencies of target std_srvs__rosidl_typesupport_microxrcedds_c__pyext[0m
[28.222s] [ 89%] Built target std_srvs__rosidl_typesupport_microxrcedds_c__pyext
[28.392s] [35m[1mConsolidate compiler generated dependencies of target std_srvs__rosidl_typesupport_c__pyext[0m
[28.569s] [ 93%] Built target std_srvs__rosidl_typesupport_c__pyext
[28.763s] [35m[1mConsolidate compiler generated dependencies of target std_srvs__rosidl_typesupport_introspection_c__pyext[0m
[28.980s] [ 96%] Built target std_srvs__rosidl_typesupport_introspection_c__pyext
[29.113s] [35m[1mConsolidate compiler generated dependencies of target std_srvs__rosidl_typesupport_fastrtps_c__pyext[0m
[29.415s] [100%] Built target std_srvs__rosidl_typesupport_fastrtps_c__pyext
[29.533s] Invoked command in '/home/ubuntu/microros_ws/build/std_srvs' returned '0': CMAKE_PREFIX_PATH=${CMAKE_PREFIX_PATH}:/home/ubuntu/microros_ws/install/sensor_msgs_py:/opt/ros/humble /usr/bin/cmake --build /home/ubuntu/microros_ws/build/std_srvs -- -j4 -l4
[33.984s] Invoking command in '/home/ubuntu/microros_ws/build/std_srvs': CMAKE_PREFIX_PATH=${CMAKE_PREFIX_PATH}:/home/ubuntu/microros_ws/install/sensor_msgs_py:/opt/ros/humble /usr/bin/cmake --install /home/ubuntu/microros_ws/build/std_srvs
[34.088s] -- Install configuration: ""
[34.098s] -- Up-to-date: /home/ubuntu/microros_ws/install/std_srvs/share/ament_index/resource_index/rosidl_interfaces/std_srvs
[34.102s] -- Up-to-date: /home/ubuntu/microros_ws/install/std_srvs/include/std_srvs/std_srvs
[34.104s] -- Up-to-date: /home/ubuntu/microros_ws/install/std_srvs/include/std_srvs/std_srvs/srv
[34.107s] -- Up-to-date: /home/ubuntu/microros_ws/install/std_srvs/include/std_srvs/std_srvs/srv/trigger.h
[34.108s] -- Up-to-date: /home/ubuntu/microros_ws/install/std_srvs/include/std_srvs/std_srvs/srv/empty.h
[34.110s] -- Up-to-date: /home/ubuntu/microros_ws/install/std_srvs/include/std_srvs/std_srvs/srv/detail
[34.112s] -- Up-to-date: /home/ubuntu/microros_ws/install/std_srvs/include/std_srvs/std_srvs/srv/detail/empty__functions.h
[34.114s] -- Up-to-date: /home/ubuntu/microros_ws/install/std_srvs/include/std_srvs/std_srvs/srv/detail/set_bool__type_support.h
[34.116s] -- Up-to-date: /home/ubuntu/microros_ws/install/std_srvs/include/std_srvs/std_srvs/srv/detail/trigger__functions.h
[34.117s] -- Up-to-date: /home/ubuntu/microros_ws/install/std_srvs/include/std_srvs/std_srvs/srv/detail/set_bool__functions.h
[34.119s] -- Up-to-date: /home/ubuntu/microros_ws/install/std_srvs/include/std_srvs/std_srvs/srv/detail/trigger__type_support.h
[34.120s] -- Up-to-date: /home/ubuntu/microros_ws/install/std_srvs/include/std_srvs/std_srvs/srv/detail/set_bool__functions.c
[34.121s] -- Up-to-date: /home/ubuntu/microros_ws/install/std_srvs/include/std_srvs/std_srvs/srv/detail/empty__functions.c
[34.129s] -- Up-to-date: /home/ubuntu/microros_ws/install/std_srvs/include/std_srvs/std_srvs/srv/detail/empty__struct.h
[34.130s] -- Up-to-date: /home/ubuntu/microros_ws/install/std_srvs/include/std_srvs/std_srvs/srv/detail/empty__type_support.h
[34.132s] -- Up-to-date: /home/ubuntu/microros_ws/install/std_srvs/include/std_srvs/std_srvs/srv/detail/set_bool__struct.h
[34.133s] -- Up-to-date: /home/ubuntu/microros_ws/install/std_srvs/include/std_srvs/std_srvs/srv/detail/trigger__struct.h
[34.137s] -- Up-to-date: /home/ubuntu/microros_ws/install/std_srvs/include/std_srvs/std_srvs/srv/detail/trigger__functions.c
[34.138s] -- Up-to-date: /home/ubuntu/microros_ws/install/std_srvs/include/std_srvs/std_srvs/srv/set_bool.h
[34.141s] -- Up-to-date: /home/ubuntu/microros_ws/install/std_srvs/include/std_srvs/std_srvs/msg
[34.150s] -- Up-to-date: /home/ubuntu/microros_ws/install/std_srvs/include/std_srvs/std_srvs/msg/rosidl_generator_c__visibility_control.h
[34.155s] -- Up-to-date: /home/ubuntu/microros_ws/install/std_srvs/share/std_srvs/environment/library_path.sh
[34.155s] -- Installing: /home/ubuntu/microros_ws/install/std_srvs/share/std_srvs/environment/library_path.dsv
[34.166s] -- Up-to-date: /home/ubuntu/microros_ws/install/std_srvs/lib/libstd_srvs__rosidl_generator_c.so
[34.170s] -- Up-to-date: /home/ubuntu/microros_ws/install/std_srvs/include/std_srvs
[34.172s] -- Up-to-date: /home/ubuntu/microros_ws/install/std_srvs/include/std_srvs/srv
[34.187s] -- Up-to-date: /home/ubuntu/microros_ws/install/std_srvs/include/std_srvs/srv/detail
[34.190s] -- Up-to-date: /home/ubuntu/microros_ws/install/std_srvs/include/std_srvs/srv/detail/set_bool__rosidl_typesupport_microxrcedds_c.h
[34.191s] -- Up-to-date: /home/ubuntu/microros_ws/install/std_srvs/include/std_srvs/srv/detail/microxrcedds
[34.192s] -- Up-to-date: /home/ubuntu/microros_ws/install/std_srvs/include/std_srvs/srv/detail/trigger__rosidl_typesupport_microxrcedds_c.h
[34.193s] -- Up-to-date: /home/ubuntu/microros_ws/install/std_srvs/include/std_srvs/srv/detail/empty__rosidl_typesupport_microxrcedds_c.h
[34.194s] -- Up-to-date: /home/ubuntu/microros_ws/install/std_srvs/include/std_srvs/msg
[34.206s] -- Up-to-date: /home/ubuntu/microros_ws/install/std_srvs/include/std_srvs/msg/rosidl_typesupport_microxrcedds_c__visibility_control.h
[34.213s] -- Up-to-date: /home/ubuntu/microros_ws/install/std_srvs/lib/libstd_srvs__rosidl_typesupport_microxrcedds_c.so
[34.217s] -- Up-to-date: /home/ubuntu/microros_ws/install/std_srvs/include/std_srvs/std_srvs
[34.220s] -- Up-to-date: /home/ubuntu/microros_ws/install/std_srvs/include/std_srvs/std_srvs/srv
[34.222s] -- Up-to-date: /home/ubuntu/microros_ws/install/std_srvs/include/std_srvs/std_srvs/srv/detail
[34.225s] -- Up-to-date: /home/ubuntu/microros_ws/install/std_srvs/include/std_srvs/std_srvs/srv/detail/set_bool__rosidl_typesupport_fastrtps_c.h
[34.227s] -- Up-to-date: /home/ubuntu/microros_ws/install/std_srvs/include/std_srvs/std_srvs/srv/detail/empty__rosidl_typesupport_fastrtps_c.h
[34.241s] -- Up-to-date: /home/ubuntu/microros_ws/install/std_srvs/include/std_srvs/std_srvs/srv/detail/trigger__rosidl_typesupport_fastrtps_c.h
[34.246s] -- Up-to-date: /home/ubuntu/microros_ws/install/std_srvs/include/std_srvs/std_srvs/msg
[34.249s] -- Up-to-date: /home/ubuntu/microros_ws/install/std_srvs/include/std_srvs/std_srvs/msg/rosidl_typesupport_fastrtps_c__visibility_control.h
[34.250s] -- Up-to-date: /home/ubuntu/microros_ws/install/std_srvs/lib/libstd_srvs__rosidl_typesupport_fastrtps_c.so
[34.255s] -- Up-to-date: /home/ubuntu/microros_ws/install/std_srvs/include/std_srvs/std_srvs
[34.256s] -- Up-to-date: /home/ubuntu/microros_ws/install/std_srvs/include/std_srvs/std_srvs/srv
[34.257s] -- Up-to-date: /home/ubuntu/microros_ws/install/std_srvs/include/std_srvs/std_srvs/srv/detail
[34.258s] -- Up-to-date: /home/ubuntu/microros_ws/install/std_srvs/include/std_srvs/std_srvs/srv/detail/empty__rosidl_typesupport_introspection_c.h
[34.258s] -- Up-to-date: /home/ubuntu/microros_ws/install/std_srvs/include/std_srvs/std_srvs/srv/detail/trigger__rosidl_typesupport_introspection_c.h
[34.259s] -- Up-to-date: /home/ubuntu/microros_ws/install/std_srvs/include/std_srvs/std_srvs/srv/detail/set_bool__rosidl_typesupport_introspection_c.h
[34.262s] -- Up-to-date: /home/ubuntu/microros_ws/install/std_srvs/include/std_srvs/std_srvs/srv/detail/trigger__type_support.c
[34.281s] -- Up-to-date: /home/ubuntu/microros_ws/install/std_srvs/include/std_srvs/std_srvs/srv/detail/set_bool__type_support.c
[34.281s] -- Up-to-date: /home/ubuntu/microros_ws/install/std_srvs/include/std_srvs/std_srvs/srv/detail/empty__type_support.c
[34.282s] -- Up-to-date: /home/ubuntu/microros_ws/install/std_srvs/include/std_srvs/std_srvs/msg
[34.283s] -- Up-to-date: /home/ubuntu/microros_ws/install/std_srvs/include/std_srvs/std_srvs/msg/rosidl_typesupport_introspection_c__visibility_control.h
[34.284s] -- Up-to-date: /home/ubuntu/microros_ws/install/std_srvs/lib/libstd_srvs__rosidl_typesupport_introspection_c.so
[34.285s] -- Up-to-date: /home/ubuntu/microros_ws/install/std_srvs/lib/libstd_srvs__rosidl_typesupport_c.so
[34.287s] -- Up-to-date: /home/ubuntu/microros_ws/install/std_srvs/include/std_srvs/std_srvs
[34.289s] -- Up-to-date: /home/ubuntu/microros_ws/install/std_srvs/include/std_srvs/std_srvs/srv
[34.289s] -- Up-to-date: /home/ubuntu/microros_ws/install/std_srvs/include/std_srvs/std_srvs/srv/trigger.hpp
[34.290s] -- Up-to-date: /home/ubuntu/microros_ws/install/std_srvs/include/std_srvs/std_srvs/srv/set_bool.hpp
[34.318s] -- Up-to-date: /home/ubuntu/microros_ws/install/std_srvs/include/std_srvs/std_srvs/srv/empty.hpp
[34.319s] -- Up-to-date: /home/ubuntu/microros_ws/install/std_srvs/include/std_srvs/std_srvs/srv/detail
[34.320s] -- Up-to-date: /home/ubuntu/microros_ws/install/std_srvs/include/std_srvs/std_srvs/srv/detail/empty__traits.hpp
[34.321s] -- Up-to-date: /home/ubuntu/microros_ws/install/std_srvs/include/std_srvs/std_srvs/srv/detail/set_bool__builder.hpp
[34.321s] -- Up-to-date: /home/ubuntu/microros_ws/install/std_srvs/include/std_srvs/std_srvs/srv/detail/trigger__struct.hpp
[34.322s] -- Up-to-date: /home/ubuntu/microros_ws/install/std_srvs/include/std_srvs/std_srvs/srv/detail/set_bool__traits.hpp
[34.324s] -- Up-to-date: /home/ubuntu/microros_ws/install/std_srvs/include/std_srvs/std_srvs/srv/detail/set_bool__struct.hpp
[34.324s] -- Up-to-date: /home/ubuntu/microros_ws/install/std_srvs/include/std_srvs/std_srvs/srv/detail/empty__struct.hpp
[34.325s] -- Up-to-date: /home/ubuntu/microros_ws/install/std_srvs/include/std_srvs/std_srvs/srv/detail/trigger__traits.hpp
[34.335s] -- Up-to-date: /home/ubuntu/microros_ws/install/std_srvs/include/std_srvs/std_srvs/srv/detail/trigger__builder.hpp
[34.337s] -- Up-to-date: /home/ubuntu/microros_ws/install/std_srvs/include/std_srvs/std_srvs/srv/detail/empty__builder.hpp
[34.339s] -- Up-to-date: /home/ubuntu/microros_ws/install/std_srvs/include/std_srvs
[34.344s] -- Up-to-date: /home/ubuntu/microros_ws/install/std_srvs/include/std_srvs/srv
[34.346s] -- Up-to-date: /home/ubuntu/microros_ws/install/std_srvs/include/std_srvs/srv/detail
[34.348s] -- Up-to-date: /home/ubuntu/microros_ws/install/std_srvs/include/std_srvs/srv/detail/empty__rosidl_typesupport_microxrcedds_cpp.hpp
[34.349s] -- Up-to-date: /home/ubuntu/microros_ws/install/std_srvs/include/std_srvs/srv/detail/microxrcedds
[34.391s] -- Up-to-date: /home/ubuntu/microros_ws/install/std_srvs/include/std_srvs/srv/detail/microxrcedds/set_bool__type_support_cpp.cpp
[34.393s] -- Up-to-date: /home/ubuntu/microros_ws/install/std_srvs/include/std_srvs/srv/detail/microxrcedds/empty__type_support_cpp.cpp
[34.394s] -- Up-to-date: /home/ubuntu/microros_ws/install/std_srvs/include/std_srvs/srv/detail/microxrcedds/trigger__type_support_cpp.cpp
[34.396s] -- Up-to-date: /home/ubuntu/microros_ws/install/std_srvs/include/std_srvs/srv/detail/set_bool__rosidl_typesupport_microxrcedds_cpp.hpp
[34.397s] -- Up-to-date: /home/ubuntu/microros_ws/install/std_srvs/include/std_srvs/srv/detail/trigger__rosidl_typesupport_microxrcedds_cpp.hpp
[34.400s] -- Up-to-date: /home/ubuntu/microros_ws/install/std_srvs/include/std_srvs/msg
[34.401s] -- Up-to-date: /home/ubuntu/microros_ws/install/std_srvs/include/std_srvs/msg/rosidl_typesupport_microxrcedds_cpp__visibility_control.h
[34.529s] -- Up-to-date: /home/ubuntu/microros_ws/install/std_srvs/lib/libstd_srvs__rosidl_typesupport_microxrcedds_cpp.so
[34.531s] -- Up-to-date: /home/ubuntu/microros_ws/install/std_srvs/include/std_srvs/std_srvs
[34.535s] -- Up-to-date: /home/ubuntu/microros_ws/install/std_srvs/include/std_srvs/std_srvs/srv
[34.537s] -- Up-to-date: /home/ubuntu/microros_ws/install/std_srvs/include/std_srvs/std_srvs/srv/detail
[34.539s] -- Up-to-date: /home/ubuntu/microros_ws/install/std_srvs/include/std_srvs/std_srvs/srv/detail/empty__rosidl_typesupport_fastrtps_cpp.hpp
[34.541s] -- Up-to-date: /home/ubuntu/microros_ws/install/std_srvs/include/std_srvs/std_srvs/srv/detail/dds_fastrtps
[34.544s] -- Up-to-date: /home/ubuntu/microros_ws/install/std_srvs/include/std_srvs/std_srvs/srv/detail/trigger__rosidl_typesupport_fastrtps_cpp.hpp
[34.558s] -- Up-to-date: /home/ubuntu/microros_ws/install/std_srvs/include/std_srvs/std_srvs/srv/detail/set_bool__rosidl_typesupport_fastrtps_cpp.hpp
[34.559s] -- Up-to-date: /home/ubuntu/microros_ws/install/std_srvs/include/std_srvs/std_srvs/msg
[34.561s] -- Up-to-date: /home/ubuntu/microros_ws/install/std_srvs/include/std_srvs/std_srvs/msg/rosidl_typesupport_fastrtps_cpp__visibility_control.h
[34.585s] -- Up-to-date: /home/ubuntu/microros_ws/install/std_srvs/lib/libstd_srvs__rosidl_typesupport_fastrtps_cpp.so
[34.587s] -- Up-to-date: /home/ubuntu/microros_ws/install/std_srvs/include/std_srvs/std_srvs
[34.587s] -- Up-to-date: /home/ubuntu/microros_ws/install/std_srvs/include/std_srvs/std_srvs/srv
[34.588s] -- Up-to-date: /home/ubuntu/microros_ws/install/std_srvs/include/std_srvs/std_srvs/srv/detail
[34.591s] -- Up-to-date: /home/ubuntu/microros_ws/install/std_srvs/include/std_srvs/std_srvs/srv/detail/empty__rosidl_typesupport_introspection_cpp.hpp
[34.593s] -- Up-to-date: /home/ubuntu/microros_ws/install/std_srvs/include/std_srvs/std_srvs/srv/detail/trigger__type_support.cpp
[34.593s] -- Up-to-date: /home/ubuntu/microros_ws/install/std_srvs/include/std_srvs/std_srvs/srv/detail/set_bool__type_support.cpp
[34.594s] -- Up-to-date: /home/ubuntu/microros_ws/install/std_srvs/include/std_srvs/std_srvs/srv/detail/empty__type_support.cpp
[34.594s] -- Up-to-date: /home/ubuntu/microros_ws/install/std_srvs/include/std_srvs/std_srvs/srv/detail/trigger__rosidl_typesupport_introspection_cpp.hpp
[34.595s] -- Up-to-date: /home/ubuntu/microros_ws/install/std_srvs/include/std_srvs/std_srvs/srv/detail/set_bool__rosidl_typesupport_introspection_cpp.hpp
[34.597s] -- Up-to-date: /home/ubuntu/microros_ws/install/std_srvs/lib/libstd_srvs__rosidl_typesupport_introspection_cpp.so
[34.613s] -- Up-to-date: /home/ubuntu/microros_ws/install/std_srvs/lib/libstd_srvs__rosidl_typesupport_cpp.so
[34.615s] -- Up-to-date: /home/ubuntu/microros_ws/install/std_srvs/share/std_srvs/environment/pythonpath.sh
[34.617s] -- Installing: /home/ubuntu/microros_ws/install/std_srvs/share/std_srvs/environment/pythonpath.dsv
[34.619s] -- Up-to-date: /home/ubuntu/microros_ws/install/std_srvs/local/lib/python3.10/dist-packages/std_srvs-4.2.4-py3.10.egg-info
[34.621s] -- Installing: /home/ubuntu/microros_ws/install/std_srvs/local/lib/python3.10/dist-packages/std_srvs-4.2.4-py3.10.egg-info/SOURCES.txt
[34.622s] -- Installing: /home/ubuntu/microros_ws/install/std_srvs/local/lib/python3.10/dist-packages/std_srvs-4.2.4-py3.10.egg-info/dependency_links.txt
[34.625s] -- Installing: /home/ubuntu/microros_ws/install/std_srvs/local/lib/python3.10/dist-packages/std_srvs-4.2.4-py3.10.egg-info/PKG-INFO
[34.638s] -- Installing: /home/ubuntu/microros_ws/install/std_srvs/local/lib/python3.10/dist-packages/std_srvs-4.2.4-py3.10.egg-info/top_level.txt
[34.641s] -- Up-to-date: /home/ubuntu/microros_ws/install/std_srvs/local/lib/python3.10/dist-packages/std_srvs
[34.645s] -- Up-to-date: /home/ubuntu/microros_ws/install/std_srvs/local/lib/python3.10/dist-packages/std_srvs/libstd_srvs__rosidl_generator_py.so
[34.647s] -- Installing: /home/ubuntu/microros_ws/install/std_srvs/local/lib/python3.10/dist-packages/std_srvs/__init__.py
[34.649s] -- Up-to-date: /home/ubuntu/microros_ws/install/std_srvs/local/lib/python3.10/dist-packages/std_srvs/std_srvs_s__rosidl_typesupport_c.cpython-310-aarch64-linux-gnu.so
[34.651s] -- Up-to-date: /home/ubuntu/microros_ws/install/std_srvs/local/lib/python3.10/dist-packages/std_srvs/_std_srvs_s.ep.rosidl_typesupport_fastrtps_c.c
[34.652s] -- Up-to-date: /home/ubuntu/microros_ws/install/std_srvs/local/lib/python3.10/dist-packages/std_srvs/_std_srvs_s.ep.rosidl_typesupport_introspection_c.c
[34.653s] -- Up-to-date: /home/ubuntu/microros_ws/install/std_srvs/local/lib/python3.10/dist-packages/std_srvs/std_srvs_s__rosidl_typesupport_introspection_c.cpython-310-aarch64-linux-gnu.so
[34.654s] -- Up-to-date: /home/ubuntu/microros_ws/install/std_srvs/local/lib/python3.10/dist-packages/std_srvs/std_srvs_s__rosidl_typesupport_microxrcedds_c.cpython-310-aarch64-linux-gnu.so
[34.655s] -- Up-to-date: /home/ubuntu/microros_ws/install/std_srvs/local/lib/python3.10/dist-packages/std_srvs/_std_srvs_s.ep.rosidl_typesupport_microxrcedds_c.c
[34.656s] -- Up-to-date: /home/ubuntu/microros_ws/install/std_srvs/local/lib/python3.10/dist-packages/std_srvs/_std_srvs_s.ep.rosidl_typesupport_c.c
[34.657s] -- Up-to-date: /home/ubuntu/microros_ws/install/std_srvs/local/lib/python3.10/dist-packages/std_srvs/srv
[34.664s] -- Up-to-date: /home/ubuntu/microros_ws/install/std_srvs/local/lib/python3.10/dist-packages/std_srvs/srv/_trigger.py
[34.665s] -- Up-to-date: /home/ubuntu/microros_ws/install/std_srvs/local/lib/python3.10/dist-packages/std_srvs/srv/__init__.py
[34.666s] -- Up-to-date: /home/ubuntu/microros_ws/install/std_srvs/local/lib/python3.10/dist-packages/std_srvs/srv/_empty.py
[34.667s] -- Up-to-date: /home/ubuntu/microros_ws/install/std_srvs/local/lib/python3.10/dist-packages/std_srvs/srv/_set_bool.py
[34.667s] -- Up-to-date: /home/ubuntu/microros_ws/install/std_srvs/local/lib/python3.10/dist-packages/std_srvs/srv/_empty_s.c
[34.669s] -- Up-to-date: /home/ubuntu/microros_ws/install/std_srvs/local/lib/python3.10/dist-packages/std_srvs/srv/_trigger_s.c
[34.670s] -- Up-to-date: /home/ubuntu/microros_ws/install/std_srvs/local/lib/python3.10/dist-packages/std_srvs/srv/_set_bool_s.c
[34.670s] -- Up-to-date: /home/ubuntu/microros_ws/install/std_srvs/local/lib/python3.10/dist-packages/std_srvs/std_srvs_s__rosidl_typesupport_fastrtps_c.cpython-310-aarch64-linux-gnu.so
[35.330s] Listing '/home/ubuntu/microros_ws/install/std_srvs/local/lib/python3.10/dist-packages/std_srvs'...
[35.331s] Compiling '/home/ubuntu/microros_ws/install/std_srvs/local/lib/python3.10/dist-packages/std_srvs/__init__.py'...
[35.332s] Listing '/home/ubuntu/microros_ws/install/std_srvs/local/lib/python3.10/dist-packages/std_srvs/srv'...
[35.371s] -- Up-to-date: /home/ubuntu/microros_ws/install/std_srvs/local/lib/python3.10/dist-packages/std_srvs/std_srvs_s__rosidl_typesupport_microxrcedds_c.cpython-310-aarch64-linux-gnu.so
[35.376s] -- Up-to-date: /home/ubuntu/microros_ws/install/std_srvs/local/lib/python3.10/dist-packages/std_srvs/std_srvs_s__rosidl_typesupport_fastrtps_c.cpython-310-aarch64-linux-gnu.so
[35.381s] -- Up-to-date: /home/ubuntu/microros_ws/install/std_srvs/local/lib/python3.10/dist-packages/std_srvs/std_srvs_s__rosidl_typesupport_introspection_c.cpython-310-aarch64-linux-gnu.so
[35.397s] -- Up-to-date: /home/ubuntu/microros_ws/install/std_srvs/local/lib/python3.10/dist-packages/std_srvs/std_srvs_s__rosidl_typesupport_c.cpython-310-aarch64-linux-gnu.so
[35.402s] -- Up-to-date: /home/ubuntu/microros_ws/install/std_srvs/lib/libstd_srvs__rosidl_generator_py.so
[35.412s] -- Up-to-date: /home/ubuntu/microros_ws/install/std_srvs/share/std_srvs/srv/Empty.idl
[35.413s] -- Up-to-date: /home/ubuntu/microros_ws/install/std_srvs/share/std_srvs/srv/SetBool.idl
[35.414s] -- Up-to-date: /home/ubuntu/microros_ws/install/std_srvs/share/std_srvs/srv/Trigger.idl
[35.415s] -- Up-to-date: /home/ubuntu/microros_ws/install/std_srvs/share/std_srvs/srv/Empty.srv
[35.415s] -- Up-to-date: /home/ubuntu/microros_ws/install/std_srvs/share/std_srvs/srv/Empty_Request.msg
[35.416s] -- Up-to-date: /home/ubuntu/microros_ws/install/std_srvs/share/std_srvs/srv/Empty_Response.msg
[35.417s] -- Up-to-date: /home/ubuntu/microros_ws/install/std_srvs/share/std_srvs/srv/SetBool.srv
[35.450s] -- Up-to-date: /home/ubuntu/microros_ws/install/std_srvs/share/std_srvs/srv/SetBool_Request.msg
[35.455s] -- Up-to-date: /home/ubuntu/microros_ws/install/std_srvs/share/std_srvs/srv/SetBool_Response.msg
[35.457s] -- Up-to-date: /home/ubuntu/microros_ws/install/std_srvs/share/std_srvs/srv/Trigger.srv
[35.459s] -- Up-to-date: /home/ubuntu/microros_ws/install/std_srvs/share/std_srvs/srv/Trigger_Request.msg
[35.462s] -- Up-to-date: /home/ubuntu/microros_ws/install/std_srvs/share/std_srvs/srv/Trigger_Response.msg
[35.471s] -- Up-to-date: /home/ubuntu/microros_ws/install/std_srvs/share/ament_index/resource_index/package_run_dependencies/std_srvs
[35.472s] -- Installing: /home/ubuntu/microros_ws/install/std_srvs/share/ament_index/resource_index/parent_prefix_path/std_srvs
[35.483s] -- Up-to-date: /home/ubuntu/microros_ws/install/std_srvs/share/std_srvs/environment/ament_prefix_path.sh
[35.491s] -- Installing: /home/ubuntu/microros_ws/install/std_srvs/share/std_srvs/environment/ament_prefix_path.dsv
[35.492s] -- Up-to-date: /home/ubuntu/microros_ws/install/std_srvs/share/std_srvs/environment/path.sh
[35.492s] -- Installing: /home/ubuntu/microros_ws/install/std_srvs/share/std_srvs/environment/path.dsv
[35.492s] -- Up-to-date: /home/ubuntu/microros_ws/install/std_srvs/share/std_srvs/local_setup.bash
[35.493s] -- Up-to-date: /home/ubuntu/microros_ws/install/std_srvs/share/std_srvs/local_setup.sh
[35.493s] -- Up-to-date: /home/ubuntu/microros_ws/install/std_srvs/share/std_srvs/local_setup.zsh
[35.495s] -- Installing: /home/ubuntu/microros_ws/install/std_srvs/share/std_srvs/local_setup.dsv
[35.495s] -- Installing: /home/ubuntu/microros_ws/install/std_srvs/share/std_srvs/package.dsv
[35.501s] -- Up-to-date: /home/ubuntu/microros_ws/install/std_srvs/share/ament_index/resource_index/packages/std_srvs
[35.502s] -- Up-to-date: /home/ubuntu/microros_ws/install/std_srvs/share/std_srvs/cmake/export_std_srvs__rosidl_generator_cExport.cmake
[35.503s] -- Up-to-date: /home/ubuntu/microros_ws/install/std_srvs/share/std_srvs/cmake/export_std_srvs__rosidl_generator_cExport-noconfig.cmake
[35.504s] -- Up-to-date: /home/ubuntu/microros_ws/install/std_srvs/share/std_srvs/cmake/export_std_srvs__rosidl_typesupport_fastrtps_cExport.cmake
[35.505s] -- Up-to-date: /home/ubuntu/microros_ws/install/std_srvs/share/std_srvs/cmake/export_std_srvs__rosidl_typesupport_fastrtps_cExport-noconfig.cmake
[35.509s] -- Up-to-date: /home/ubuntu/microros_ws/install/std_srvs/share/std_srvs/cmake/std_srvs__rosidl_typesupport_introspection_cExport.cmake
[35.510s] -- Up-to-date: /home/ubuntu/microros_ws/install/std_srvs/share/std_srvs/cmake/std_srvs__rosidl_typesupport_introspection_cExport-noconfig.cmake
[35.511s] -- Up-to-date: /home/ubuntu/microros_ws/install/std_srvs/share/std_srvs/cmake/std_srvs__rosidl_typesupport_cExport.cmake
[35.544s] -- Up-to-date: /home/ubuntu/microros_ws/install/std_srvs/share/std_srvs/cmake/std_srvs__rosidl_typesupport_cExport-noconfig.cmake
[35.544s] -- Up-to-date: /home/ubuntu/microros_ws/install/std_srvs/share/std_srvs/cmake/export_std_srvs__rosidl_generator_cppExport.cmake
[35.545s] -- Up-to-date: /home/ubuntu/microros_ws/install/std_srvs/share/std_srvs/cmake/export_std_srvs__rosidl_typesupport_fastrtps_cppExport.cmake
[35.546s] -- Up-to-date: /home/ubuntu/microros_ws/install/std_srvs/share/std_srvs/cmake/export_std_srvs__rosidl_typesupport_fastrtps_cppExport-noconfig.cmake
[35.546s] -- Up-to-date: /home/ubuntu/microros_ws/install/std_srvs/share/std_srvs/cmake/std_srvs__rosidl_typesupport_introspection_cppExport.cmake
[35.546s] -- Up-to-date: /home/ubuntu/microros_ws/install/std_srvs/share/std_srvs/cmake/std_srvs__rosidl_typesupport_introspection_cppExport-noconfig.cmake
[35.547s] -- Up-to-date: /home/ubuntu/microros_ws/install/std_srvs/share/std_srvs/cmake/std_srvs__rosidl_typesupport_cppExport.cmake
[35.547s] -- Up-to-date: /home/ubuntu/microros_ws/install/std_srvs/share/std_srvs/cmake/std_srvs__rosidl_typesupport_cppExport-noconfig.cmake
[35.547s] -- Up-to-date: /home/ubuntu/microros_ws/install/std_srvs/share/std_srvs/cmake/export_std_srvs__rosidl_generator_pyExport.cmake
[35.556s] -- Up-to-date: /home/ubuntu/microros_ws/install/std_srvs/share/std_srvs/cmake/export_std_srvs__rosidl_generator_pyExport-noconfig.cmake
[35.557s] -- Up-to-date: /home/ubuntu/microros_ws/install/std_srvs/share/std_srvs/cmake/rosidl_cmake-extras.cmake
[35.558s] -- Up-to-date: /home/ubuntu/microros_ws/install/std_srvs/share/std_srvs/cmake/ament_cmake_export_include_directories-extras.cmake
[35.560s] -- Up-to-date: /home/ubuntu/microros_ws/install/std_srvs/share/std_srvs/cmake/ament_cmake_export_libraries-extras.cmake
[35.561s] -- Up-to-date: /home/ubuntu/microros_ws/install/std_srvs/share/std_srvs/cmake/ament_cmake_export_targets-extras.cmake
[35.562s] -- Up-to-date: /home/ubuntu/microros_ws/install/std_srvs/share/std_srvs/cmake/rosidl_cmake_export_typesupport_targets-extras.cmake
[35.563s] -- Up-to-date: /home/ubuntu/microros_ws/install/std_srvs/share/std_srvs/cmake/ament_cmake_export_dependencies-extras.cmake
[35.563s] -- Up-to-date: /home/ubuntu/microros_ws/install/std_srvs/share/std_srvs/cmake/rosidl_cmake_export_typesupport_libraries-extras.cmake
[35.564s] -- Up-to-date: /home/ubuntu/microros_ws/install/std_srvs/share/std_srvs/cmake/std_srvsConfig.cmake
[35.565s] -- Up-to-date: /home/ubuntu/microros_ws/install/std_srvs/share/std_srvs/cmake/std_srvsConfig-version.cmake
[35.567s] -- Up-to-date: /home/ubuntu/microros_ws/install/std_srvs/share/std_srvs/package.xml
[35.586s] Invoked command in '/home/ubuntu/microros_ws/build/std_srvs' returned '0': CMAKE_PREFIX_PATH=${CMAKE_PREFIX_PATH}:/home/ubuntu/microros_ws/install/sensor_msgs_py:/opt/ros/humble /usr/bin/cmake --install /home/ubuntu/microros_ws/build/std_srvs
