[0.183s] Invoking command in '/home/ubuntu/microros_ws/build/action_msgs': AMENT_PREFIX_PATH=/home/ubuntu/microros_ws/install/unique_identifier_msgs:/home/ubuntu/microros_ws/install/builtin_interfaces:${AMENT_PREFIX_PATH} CMAKE_PREFIX_PATH=/home/ubuntu/microros_ws/install/unique_identifier_msgs:/home/ubuntu/microros_ws/install/builtin_interfaces:/opt/ros/humble LD_LIBRARY_PATH=/home/ubuntu/microros_ws/install/unique_identifier_msgs/lib:/home/ubuntu/microros_ws/install/builtin_interfaces/lib:${LD_LIBRARY_PATH} PYTHONPATH=/home/ubuntu/microros_ws/install/unique_identifier_msgs/local/lib/python3.10/dist-packages:/home/ubuntu/microros_ws/install/builtin_interfaces/local/lib/python3.10/dist-packages:${PYTHONPATH} /usr/bin/cmake --build /home/ubuntu/microros_ws/build/action_msgs -- -j4 -l4
[0.675s] [  1%] Built target action_msgs__cpp
[0.742s] [ 12%] Built target action_msgs__rosidl_generator_c
[0.859s] [ 12%] Built target ament_cmake_python_symlink_action_msgs
[0.908s] [ 23%] Built target action_msgs__rosidl_typesupport_fastrtps_cpp
[1.095s] [ 34%] Built target action_msgs__rosidl_typesupport_introspection_cpp
[1.196s] [ 45%] Built target action_msgs__rosidl_typesupport_cpp
[1.216s] [ 56%] Built target action_msgs__rosidl_typesupport_fastrtps_c
[1.338s] [ 67%] Built target action_msgs__rosidl_typesupport_introspection_c
[1.409s] [ 78%] Built target action_msgs__rosidl_typesupport_c
[1.696s] [ 78%] Built target action_msgs
[1.949s] [ 80%] Built target action_msgs__py
[2.192s] [ 89%] Built target action_msgs__rosidl_generator_py
[2.545s] [ 92%] Built target action_msgs__rosidl_typesupport_fastrtps_c__pyext
[2.603s] [ 96%] Built target action_msgs__rosidl_typesupport_introspection_c__pyext
[2.860s] [100%] Built target action_msgs__rosidl_typesupport_c__pyext
[3.987s] running egg_info
[3.993s] writing action_msgs.egg-info/PKG-INFO
[3.996s] writing dependency_links to action_msgs.egg-info/dependency_links.txt
[3.999s] writing top-level names to action_msgs.egg-info/top_level.txt
[4.017s] reading manifest file 'action_msgs.egg-info/SOURCES.txt'
[4.022s] writing manifest file 'action_msgs.egg-info/SOURCES.txt'
[4.225s] [100%] Built target ament_cmake_python_build_action_msgs_egg
[4.302s] Invoked command in '/home/ubuntu/microros_ws/build/action_msgs' returned '0': AMENT_PREFIX_PATH=/home/ubuntu/microros_ws/install/unique_identifier_msgs:/home/ubuntu/microros_ws/install/builtin_interfaces:${AMENT_PREFIX_PATH} CMAKE_PREFIX_PATH=/home/ubuntu/microros_ws/install/unique_identifier_msgs:/home/ubuntu/microros_ws/install/builtin_interfaces:/opt/ros/humble LD_LIBRARY_PATH=/home/ubuntu/microros_ws/install/unique_identifier_msgs/lib:/home/ubuntu/microros_ws/install/builtin_interfaces/lib:${LD_LIBRARY_PATH} PYTHONPATH=/home/ubuntu/microros_ws/install/unique_identifier_msgs/local/lib/python3.10/dist-packages:/home/ubuntu/microros_ws/install/builtin_interfaces/local/lib/python3.10/dist-packages:${PYTHONPATH} /usr/bin/cmake --build /home/ubuntu/microros_ws/build/action_msgs -- -j4 -l4
[5.131s] Invoking command in '/home/ubuntu/microros_ws/build/action_msgs': AMENT_PREFIX_PATH=/home/ubuntu/microros_ws/install/unique_identifier_msgs:/home/ubuntu/microros_ws/install/builtin_interfaces:${AMENT_PREFIX_PATH} CMAKE_PREFIX_PATH=/home/ubuntu/microros_ws/install/unique_identifier_msgs:/home/ubuntu/microros_ws/install/builtin_interfaces:/opt/ros/humble LD_LIBRARY_PATH=/home/ubuntu/microros_ws/install/unique_identifier_msgs/lib:/home/ubuntu/microros_ws/install/builtin_interfaces/lib:${LD_LIBRARY_PATH} PYTHONPATH=/home/ubuntu/microros_ws/install/unique_identifier_msgs/local/lib/python3.10/dist-packages:/home/ubuntu/microros_ws/install/builtin_interfaces/local/lib/python3.10/dist-packages:${PYTHONPATH} /usr/bin/cmake --install /home/ubuntu/microros_ws/build/action_msgs
[5.171s] -- Install configuration: ""
[5.175s] -- Execute custom install script
[5.176s] -- Up-to-date symlink: /home/ubuntu/microros_ws/install/action_msgs/share/ament_index/resource_index/rosidl_interfaces/action_msgs
[5.182s] -- Up-to-date symlink: /home/ubuntu/microros_ws/install/action_msgs/include/action_msgs/action_msgs/msg/detail/goal_info__functions.h
[5.184s] -- Up-to-date symlink: /home/ubuntu/microros_ws/install/action_msgs/include/action_msgs/action_msgs/msg/detail/goal_info__struct.h
[5.194s] -- Up-to-date symlink: /home/ubuntu/microros_ws/install/action_msgs/include/action_msgs/action_msgs/msg/detail/goal_info__type_support.h
[5.195s] -- Up-to-date symlink: /home/ubuntu/microros_ws/install/action_msgs/include/action_msgs/action_msgs/msg/detail/goal_status__functions.h
[5.199s] -- Up-to-date symlink: /home/ubuntu/microros_ws/install/action_msgs/include/action_msgs/action_msgs/msg/detail/goal_status__struct.h
[5.199s] -- Up-to-date symlink: /home/ubuntu/microros_ws/install/action_msgs/include/action_msgs/action_msgs/msg/detail/goal_status__type_support.h
[5.200s] -- Up-to-date symlink: /home/ubuntu/microros_ws/install/action_msgs/include/action_msgs/action_msgs/msg/detail/goal_status_array__functions.h
[5.200s] -- Up-to-date symlink: /home/ubuntu/microros_ws/install/action_msgs/include/action_msgs/action_msgs/msg/detail/goal_status_array__struct.h
[5.201s] -- Up-to-date symlink: /home/ubuntu/microros_ws/install/action_msgs/include/action_msgs/action_msgs/msg/detail/goal_status_array__type_support.h
[5.201s] -- Up-to-date symlink: /home/ubuntu/microros_ws/install/action_msgs/include/action_msgs/action_msgs/msg/goal_info.h
[5.202s] -- Up-to-date symlink: /home/ubuntu/microros_ws/install/action_msgs/include/action_msgs/action_msgs/msg/goal_status.h
[5.202s] -- Up-to-date symlink: /home/ubuntu/microros_ws/install/action_msgs/include/action_msgs/action_msgs/msg/goal_status_array.h
[5.203s] -- Up-to-date symlink: /home/ubuntu/microros_ws/install/action_msgs/include/action_msgs/action_msgs/msg/rosidl_generator_c__visibility_control.h
[5.205s] -- Up-to-date symlink: /home/ubuntu/microros_ws/install/action_msgs/include/action_msgs/action_msgs/srv/cancel_goal.h
[5.206s] -- Up-to-date symlink: /home/ubuntu/microros_ws/install/action_msgs/include/action_msgs/action_msgs/srv/detail/cancel_goal__functions.h
[5.207s] -- Up-to-date symlink: /home/ubuntu/microros_ws/install/action_msgs/include/action_msgs/action_msgs/srv/detail/cancel_goal__struct.h
[5.207s] -- Up-to-date symlink: /home/ubuntu/microros_ws/install/action_msgs/include/action_msgs/action_msgs/srv/detail/cancel_goal__type_support.h
[5.208s] -- Up-to-date symlink: /home/ubuntu/microros_ws/install/action_msgs/share/action_msgs/environment/library_path.sh
[5.208s] -- Up-to-date symlink: /home/ubuntu/microros_ws/install/action_msgs/share/action_msgs/environment/library_path.dsv
[5.220s] -- Up-to-date symlink: /home/ubuntu/microros_ws/install/action_msgs/include/action_msgs/action_msgs/msg/detail/goal_info__rosidl_typesupport_fastrtps_c.h
[5.229s] -- Up-to-date symlink: /home/ubuntu/microros_ws/install/action_msgs/include/action_msgs/action_msgs/msg/detail/goal_status__rosidl_typesupport_fastrtps_c.h
[5.229s] -- Up-to-date symlink: /home/ubuntu/microros_ws/install/action_msgs/include/action_msgs/action_msgs/msg/detail/goal_status_array__rosidl_typesupport_fastrtps_c.h
[5.230s] -- Up-to-date symlink: /home/ubuntu/microros_ws/install/action_msgs/include/action_msgs/action_msgs/msg/rosidl_typesupport_fastrtps_c__visibility_control.h
[5.230s] -- Up-to-date symlink: /home/ubuntu/microros_ws/install/action_msgs/include/action_msgs/action_msgs/srv/detail/cancel_goal__rosidl_typesupport_fastrtps_c.h
[5.231s] -- Up-to-date symlink: /home/ubuntu/microros_ws/install/action_msgs/include/action_msgs/action_msgs/msg/detail/goal_info__builder.hpp
[5.231s] -- Up-to-date symlink: /home/ubuntu/microros_ws/install/action_msgs/include/action_msgs/action_msgs/msg/detail/goal_info__struct.hpp
[5.232s] -- Up-to-date symlink: /home/ubuntu/microros_ws/install/action_msgs/include/action_msgs/action_msgs/msg/detail/goal_info__traits.hpp
[5.234s] -- Up-to-date symlink: /home/ubuntu/microros_ws/install/action_msgs/include/action_msgs/action_msgs/msg/detail/goal_status__builder.hpp
[5.236s] -- Up-to-date symlink: /home/ubuntu/microros_ws/install/action_msgs/include/action_msgs/action_msgs/msg/detail/goal_status__struct.hpp
[5.237s] -- Up-to-date symlink: /home/ubuntu/microros_ws/install/action_msgs/include/action_msgs/action_msgs/msg/detail/goal_status__traits.hpp
[5.239s] -- Up-to-date symlink: /home/ubuntu/microros_ws/install/action_msgs/include/action_msgs/action_msgs/msg/detail/goal_status_array__builder.hpp
[5.240s] -- Up-to-date symlink: /home/ubuntu/microros_ws/install/action_msgs/include/action_msgs/action_msgs/msg/detail/goal_status_array__struct.hpp
[5.244s] -- Up-to-date symlink: /home/ubuntu/microros_ws/install/action_msgs/include/action_msgs/action_msgs/msg/detail/goal_status_array__traits.hpp
[5.245s] -- Up-to-date symlink: /home/ubuntu/microros_ws/install/action_msgs/include/action_msgs/action_msgs/msg/goal_info.hpp
[5.251s] -- Up-to-date symlink: /home/ubuntu/microros_ws/install/action_msgs/include/action_msgs/action_msgs/msg/goal_status.hpp
[5.252s] -- Up-to-date symlink: /home/ubuntu/microros_ws/install/action_msgs/include/action_msgs/action_msgs/msg/goal_status_array.hpp
[5.252s] -- Up-to-date symlink: /home/ubuntu/microros_ws/install/action_msgs/include/action_msgs/action_msgs/srv/cancel_goal.hpp
[5.253s] -- Up-to-date symlink: /home/ubuntu/microros_ws/install/action_msgs/include/action_msgs/action_msgs/srv/detail/cancel_goal__builder.hpp
[5.254s] -- Up-to-date symlink: /home/ubuntu/microros_ws/install/action_msgs/include/action_msgs/action_msgs/srv/detail/cancel_goal__struct.hpp
[5.256s] -- Up-to-date symlink: /home/ubuntu/microros_ws/install/action_msgs/include/action_msgs/action_msgs/srv/detail/cancel_goal__traits.hpp
[5.261s] -- Up-to-date symlink: /home/ubuntu/microros_ws/install/action_msgs/include/action_msgs/action_msgs/msg/detail/goal_info__rosidl_typesupport_fastrtps_cpp.hpp
[5.262s] -- Up-to-date symlink: /home/ubuntu/microros_ws/install/action_msgs/include/action_msgs/action_msgs/msg/detail/goal_status__rosidl_typesupport_fastrtps_cpp.hpp
[5.263s] -- Up-to-date symlink: /home/ubuntu/microros_ws/install/action_msgs/include/action_msgs/action_msgs/msg/detail/goal_status_array__rosidl_typesupport_fastrtps_cpp.hpp
[5.265s] -- Up-to-date symlink: /home/ubuntu/microros_ws/install/action_msgs/include/action_msgs/action_msgs/msg/rosidl_typesupport_fastrtps_cpp__visibility_control.h
[5.265s] -- Up-to-date symlink: /home/ubuntu/microros_ws/install/action_msgs/include/action_msgs/action_msgs/srv/detail/cancel_goal__rosidl_typesupport_fastrtps_cpp.hpp
[5.269s] -- Up-to-date symlink: /home/ubuntu/microros_ws/install/action_msgs/include/action_msgs/action_msgs/msg/detail/goal_info__rosidl_typesupport_introspection_c.h
[5.270s] -- Up-to-date symlink: /home/ubuntu/microros_ws/install/action_msgs/include/action_msgs/action_msgs/msg/detail/goal_status__rosidl_typesupport_introspection_c.h
[5.271s] -- Up-to-date symlink: /home/ubuntu/microros_ws/install/action_msgs/include/action_msgs/action_msgs/msg/detail/goal_status_array__rosidl_typesupport_introspection_c.h
[5.273s] -- Up-to-date symlink: /home/ubuntu/microros_ws/install/action_msgs/include/action_msgs/action_msgs/msg/rosidl_typesupport_introspection_c__visibility_control.h
[5.275s] -- Up-to-date symlink: /home/ubuntu/microros_ws/install/action_msgs/include/action_msgs/action_msgs/srv/detail/cancel_goal__rosidl_typesupport_introspection_c.h
[5.278s] -- Up-to-date symlink: /home/ubuntu/microros_ws/install/action_msgs/include/action_msgs/action_msgs/msg/detail/goal_info__rosidl_typesupport_introspection_cpp.hpp
[5.280s] -- Up-to-date symlink: /home/ubuntu/microros_ws/install/action_msgs/include/action_msgs/action_msgs/msg/detail/goal_status__rosidl_typesupport_introspection_cpp.hpp
[5.285s] -- Up-to-date symlink: /home/ubuntu/microros_ws/install/action_msgs/include/action_msgs/action_msgs/msg/detail/goal_status_array__rosidl_typesupport_introspection_cpp.hpp
[5.286s] -- Up-to-date symlink: /home/ubuntu/microros_ws/install/action_msgs/include/action_msgs/action_msgs/srv/detail/cancel_goal__rosidl_typesupport_introspection_cpp.hpp
[5.287s] -- Up-to-date symlink: /home/ubuntu/microros_ws/install/action_msgs/share/action_msgs/environment/pythonpath.sh
[5.288s] -- Up-to-date symlink: /home/ubuntu/microros_ws/install/action_msgs/share/action_msgs/environment/pythonpath.dsv
[5.293s] -- Up-to-date symlink: /home/ubuntu/microros_ws/install/action_msgs/local/lib/python3.10/dist-packages/action_msgs-1.2.1-py3.10.egg-info/PKG-INFO
[5.295s] -- Up-to-date symlink: /home/ubuntu/microros_ws/install/action_msgs/local/lib/python3.10/dist-packages/action_msgs-1.2.1-py3.10.egg-info/SOURCES.txt
[5.296s] -- Up-to-date symlink: /home/ubuntu/microros_ws/install/action_msgs/local/lib/python3.10/dist-packages/action_msgs-1.2.1-py3.10.egg-info/dependency_links.txt
[5.299s] -- Up-to-date symlink: /home/ubuntu/microros_ws/install/action_msgs/local/lib/python3.10/dist-packages/action_msgs-1.2.1-py3.10.egg-info/top_level.txt
[5.303s] -- Up-to-date symlink: /home/ubuntu/microros_ws/install/action_msgs/local/lib/python3.10/dist-packages/action_msgs/__init__.py
[5.309s] -- Up-to-date symlink: /home/ubuntu/microros_ws/install/action_msgs/local/lib/python3.10/dist-packages/action_msgs/_action_msgs_s.ep.rosidl_typesupport_c.c
[5.313s] -- Up-to-date symlink: /home/ubuntu/microros_ws/install/action_msgs/local/lib/python3.10/dist-packages/action_msgs/_action_msgs_s.ep.rosidl_typesupport_fastrtps_c.c
[5.315s] -- Up-to-date symlink: /home/ubuntu/microros_ws/install/action_msgs/local/lib/python3.10/dist-packages/action_msgs/_action_msgs_s.ep.rosidl_typesupport_introspection_c.c
[5.315s] -- Up-to-date symlink: /home/ubuntu/microros_ws/install/action_msgs/local/lib/python3.10/dist-packages/action_msgs/_action_msgs_s.ep.rosidl_typesupport_microxrcedds_c.c
[5.315s] -- Up-to-date symlink: /home/ubuntu/microros_ws/install/action_msgs/local/lib/python3.10/dist-packages/action_msgs/action_msgs_s__rosidl_typesupport_c.cpython-310-aarch64-linux-gnu.so
[5.316s] -- Up-to-date symlink: /home/ubuntu/microros_ws/install/action_msgs/local/lib/python3.10/dist-packages/action_msgs/action_msgs_s__rosidl_typesupport_fastrtps_c.cpython-310-aarch64-linux-gnu.so
[5.316s] -- Up-to-date symlink: /home/ubuntu/microros_ws/install/action_msgs/local/lib/python3.10/dist-packages/action_msgs/action_msgs_s__rosidl_typesupport_introspection_c.cpython-310-aarch64-linux-gnu.so
[5.317s] -- Up-to-date symlink: /home/ubuntu/microros_ws/install/action_msgs/local/lib/python3.10/dist-packages/action_msgs/action_msgs_s__rosidl_typesupport_microxrcedds_c.cpython-310-aarch64-linux-gnu.so
[5.319s] -- Up-to-date symlink: /home/ubuntu/microros_ws/install/action_msgs/local/lib/python3.10/dist-packages/action_msgs/libaction_msgs__rosidl_generator_py.so
[5.328s] -- Up-to-date symlink: /home/ubuntu/microros_ws/install/action_msgs/local/lib/python3.10/dist-packages/action_msgs/msg/__init__.py
[5.329s] -- Up-to-date symlink: /home/ubuntu/microros_ws/install/action_msgs/local/lib/python3.10/dist-packages/action_msgs/msg/_goal_info.py
[5.330s] -- Up-to-date symlink: /home/ubuntu/microros_ws/install/action_msgs/local/lib/python3.10/dist-packages/action_msgs/msg/_goal_info_s.c
[5.331s] -- Up-to-date symlink: /home/ubuntu/microros_ws/install/action_msgs/local/lib/python3.10/dist-packages/action_msgs/msg/_goal_status.py
[5.331s] -- Up-to-date symlink: /home/ubuntu/microros_ws/install/action_msgs/local/lib/python3.10/dist-packages/action_msgs/msg/_goal_status_array.py
[5.332s] -- Up-to-date symlink: /home/ubuntu/microros_ws/install/action_msgs/local/lib/python3.10/dist-packages/action_msgs/msg/_goal_status_array_s.c
[5.333s] -- Up-to-date symlink: /home/ubuntu/microros_ws/install/action_msgs/local/lib/python3.10/dist-packages/action_msgs/msg/_goal_status_s.c
[5.333s] -- Up-to-date symlink: /home/ubuntu/microros_ws/install/action_msgs/local/lib/python3.10/dist-packages/action_msgs/srv/__init__.py
[5.334s] -- Up-to-date symlink: /home/ubuntu/microros_ws/install/action_msgs/local/lib/python3.10/dist-packages/action_msgs/srv/_cancel_goal.py
[5.334s] -- Up-to-date symlink: /home/ubuntu/microros_ws/install/action_msgs/local/lib/python3.10/dist-packages/action_msgs/srv/_cancel_goal_s.c
[5.336s] -- Up-to-date symlink: /home/ubuntu/microros_ws/install/action_msgs/local/lib/python3.10/dist-packages/action_msgs/action_msgs_s__rosidl_typesupport_fastrtps_c.cpython-310-aarch64-linux-gnu.so
[5.338s] -- Up-to-date symlink: /home/ubuntu/microros_ws/install/action_msgs/local/lib/python3.10/dist-packages/action_msgs/action_msgs_s__rosidl_typesupport_introspection_c.cpython-310-aarch64-linux-gnu.so
[5.340s] -- Up-to-date symlink: /home/ubuntu/microros_ws/install/action_msgs/local/lib/python3.10/dist-packages/action_msgs/action_msgs_s__rosidl_typesupport_c.cpython-310-aarch64-linux-gnu.so
[5.342s] -- Up-to-date symlink: /home/ubuntu/microros_ws/install/action_msgs/share/action_msgs/msg/GoalInfo.idl
[5.343s] -- Up-to-date symlink: /home/ubuntu/microros_ws/install/action_msgs/share/action_msgs/msg/GoalStatus.idl
[5.345s] -- Up-to-date symlink: /home/ubuntu/microros_ws/install/action_msgs/share/action_msgs/msg/GoalStatusArray.idl
[5.347s] -- Up-to-date symlink: /home/ubuntu/microros_ws/install/action_msgs/share/action_msgs/srv/CancelGoal.idl
[5.348s] -- Up-to-date symlink: /home/ubuntu/microros_ws/install/action_msgs/share/action_msgs/msg/GoalInfo.msg
[5.349s] -- Up-to-date symlink: /home/ubuntu/microros_ws/install/action_msgs/share/action_msgs/msg/GoalStatus.msg
[5.351s] -- Up-to-date symlink: /home/ubuntu/microros_ws/install/action_msgs/share/action_msgs/msg/GoalStatusArray.msg
[5.353s] -- Up-to-date symlink: /home/ubuntu/microros_ws/install/action_msgs/share/action_msgs/srv/CancelGoal.srv
[5.354s] -- Up-to-date symlink: /home/ubuntu/microros_ws/install/action_msgs/share/action_msgs/srv/CancelGoal_Request.msg
[5.356s] -- Up-to-date symlink: /home/ubuntu/microros_ws/install/action_msgs/share/action_msgs/srv/CancelGoal_Response.msg
[5.360s] -- Up-to-date symlink: /home/ubuntu/microros_ws/install/action_msgs/share/ament_index/resource_index/package_run_dependencies/action_msgs
[5.361s] -- Up-to-date symlink: /home/ubuntu/microros_ws/install/action_msgs/share/ament_index/resource_index/parent_prefix_path/action_msgs
[5.362s] -- Up-to-date symlink: /home/ubuntu/microros_ws/install/action_msgs/share/action_msgs/environment/ament_prefix_path.sh
[5.363s] -- Up-to-date symlink: /home/ubuntu/microros_ws/install/action_msgs/share/action_msgs/environment/ament_prefix_path.dsv
[5.368s] -- Up-to-date symlink: /home/ubuntu/microros_ws/install/action_msgs/share/action_msgs/environment/path.sh
[5.369s] -- Up-to-date symlink: /home/ubuntu/microros_ws/install/action_msgs/share/action_msgs/environment/path.dsv
[5.369s] -- Up-to-date symlink: /home/ubuntu/microros_ws/install/action_msgs/share/action_msgs/local_setup.bash
[5.375s] -- Up-to-date symlink: /home/ubuntu/microros_ws/install/action_msgs/share/action_msgs/local_setup.sh
[5.378s] -- Up-to-date symlink: /home/ubuntu/microros_ws/install/action_msgs/share/action_msgs/local_setup.zsh
[5.378s] -- Up-to-date symlink: /home/ubuntu/microros_ws/install/action_msgs/share/action_msgs/local_setup.dsv
[5.379s] -- Symlinking: /home/ubuntu/microros_ws/install/action_msgs/share/action_msgs/package.dsv
[5.450s] -- Up-to-date symlink: /home/ubuntu/microros_ws/install/action_msgs/share/ament_index/resource_index/packages/action_msgs
[5.451s] -- Up-to-date symlink: /home/ubuntu/microros_ws/install/action_msgs/share/action_msgs/cmake/rosidl_cmake-extras.cmake
[5.452s] -- Up-to-date symlink: /home/ubuntu/microros_ws/install/action_msgs/share/action_msgs/cmake/ament_cmake_export_dependencies-extras.cmake
[5.458s] -- Up-to-date symlink: /home/ubuntu/microros_ws/install/action_msgs/share/action_msgs/cmake/ament_cmake_export_include_directories-extras.cmake
[5.459s] -- Up-to-date symlink: /home/ubuntu/microros_ws/install/action_msgs/share/action_msgs/cmake/ament_cmake_export_libraries-extras.cmake
[5.461s] -- Up-to-date symlink: /home/ubuntu/microros_ws/install/action_msgs/share/action_msgs/cmake/ament_cmake_export_targets-extras.cmake
[5.464s] -- Up-to-date symlink: /home/ubuntu/microros_ws/install/action_msgs/share/action_msgs/cmake/rosidl_cmake_export_typesupport_targets-extras.cmake
[5.466s] -- Up-to-date symlink: /home/ubuntu/microros_ws/install/action_msgs/share/action_msgs/cmake/rosidl_cmake_export_typesupport_libraries-extras.cmake
[5.466s] -- Up-to-date symlink: /home/ubuntu/microros_ws/install/action_msgs/share/action_msgs/cmake/action_msgsConfig.cmake
[5.467s] -- Up-to-date symlink: /home/ubuntu/microros_ws/install/action_msgs/share/action_msgs/cmake/action_msgsConfig-version.cmake
[5.469s] -- Up-to-date symlink: /home/ubuntu/microros_ws/install/action_msgs/share/action_msgs/package.xml
[5.471s] -- Up-to-date: /home/ubuntu/microros_ws/install/action_msgs/lib/libaction_msgs__rosidl_generator_c.so
[5.472s] -- Up-to-date: /home/ubuntu/microros_ws/install/action_msgs/lib/libaction_msgs__rosidl_typesupport_fastrtps_c.so
[5.473s] -- Up-to-date: /home/ubuntu/microros_ws/install/action_msgs/lib/libaction_msgs__rosidl_typesupport_fastrtps_cpp.so
[5.473s] -- Up-to-date: /home/ubuntu/microros_ws/install/action_msgs/lib/libaction_msgs__rosidl_typesupport_introspection_c.so
[5.474s] -- Up-to-date: /home/ubuntu/microros_ws/install/action_msgs/lib/libaction_msgs__rosidl_typesupport_c.so
[5.477s] -- Up-to-date: /home/ubuntu/microros_ws/install/action_msgs/lib/libaction_msgs__rosidl_typesupport_introspection_cpp.so
[5.482s] -- Up-to-date: /home/ubuntu/microros_ws/install/action_msgs/lib/libaction_msgs__rosidl_typesupport_cpp.so
[5.703s] Listing '/home/ubuntu/microros_ws/install/action_msgs/local/lib/python3.10/dist-packages/action_msgs'...
[5.705s] Listing '/home/ubuntu/microros_ws/install/action_msgs/local/lib/python3.10/dist-packages/action_msgs/msg'...
[5.706s] Listing '/home/ubuntu/microros_ws/install/action_msgs/local/lib/python3.10/dist-packages/action_msgs/srv'...
[5.740s] -- Up-to-date: /home/ubuntu/microros_ws/install/action_msgs/lib/libaction_msgs__rosidl_generator_py.so
[5.742s] -- Up-to-date: /home/ubuntu/microros_ws/install/action_msgs/share/action_msgs/cmake/export_action_msgs__rosidl_generator_cExport.cmake
[5.743s] -- Up-to-date: /home/ubuntu/microros_ws/install/action_msgs/share/action_msgs/cmake/export_action_msgs__rosidl_generator_cExport-noconfig.cmake
[5.744s] -- Up-to-date: /home/ubuntu/microros_ws/install/action_msgs/share/action_msgs/cmake/export_action_msgs__rosidl_typesupport_fastrtps_cExport.cmake
[5.745s] -- Up-to-date: /home/ubuntu/microros_ws/install/action_msgs/share/action_msgs/cmake/export_action_msgs__rosidl_typesupport_fastrtps_cExport-noconfig.cmake
[5.748s] -- Up-to-date: /home/ubuntu/microros_ws/install/action_msgs/share/action_msgs/cmake/export_action_msgs__rosidl_generator_cppExport.cmake
[5.751s] -- Up-to-date: /home/ubuntu/microros_ws/install/action_msgs/share/action_msgs/cmake/export_action_msgs__rosidl_typesupport_fastrtps_cppExport.cmake
[5.753s] -- Up-to-date: /home/ubuntu/microros_ws/install/action_msgs/share/action_msgs/cmake/export_action_msgs__rosidl_typesupport_fastrtps_cppExport-noconfig.cmake
[5.754s] -- Up-to-date: /home/ubuntu/microros_ws/install/action_msgs/share/action_msgs/cmake/action_msgs__rosidl_typesupport_introspection_cExport.cmake
[5.757s] -- Up-to-date: /home/ubuntu/microros_ws/install/action_msgs/share/action_msgs/cmake/action_msgs__rosidl_typesupport_introspection_cExport-noconfig.cmake
[5.757s] -- Up-to-date: /home/ubuntu/microros_ws/install/action_msgs/share/action_msgs/cmake/action_msgs__rosidl_typesupport_cExport.cmake
[5.758s] -- Up-to-date: /home/ubuntu/microros_ws/install/action_msgs/share/action_msgs/cmake/action_msgs__rosidl_typesupport_cExport-noconfig.cmake
[5.760s] -- Up-to-date: /home/ubuntu/microros_ws/install/action_msgs/share/action_msgs/cmake/action_msgs__rosidl_typesupport_introspection_cppExport.cmake
[5.762s] -- Up-to-date: /home/ubuntu/microros_ws/install/action_msgs/share/action_msgs/cmake/action_msgs__rosidl_typesupport_introspection_cppExport-noconfig.cmake
[5.764s] -- Up-to-date: /home/ubuntu/microros_ws/install/action_msgs/share/action_msgs/cmake/action_msgs__rosidl_typesupport_cppExport.cmake
[5.766s] -- Up-to-date: /home/ubuntu/microros_ws/install/action_msgs/share/action_msgs/cmake/action_msgs__rosidl_typesupport_cppExport-noconfig.cmake
[5.768s] -- Up-to-date: /home/ubuntu/microros_ws/install/action_msgs/share/action_msgs/cmake/export_action_msgs__rosidl_generator_pyExport.cmake
[5.770s] -- Up-to-date: /home/ubuntu/microros_ws/install/action_msgs/share/action_msgs/cmake/export_action_msgs__rosidl_generator_pyExport-noconfig.cmake
[5.784s] Invoked command in '/home/ubuntu/microros_ws/build/action_msgs' returned '0': AMENT_PREFIX_PATH=/home/ubuntu/microros_ws/install/unique_identifier_msgs:/home/ubuntu/microros_ws/install/builtin_interfaces:${AMENT_PREFIX_PATH} CMAKE_PREFIX_PATH=/home/ubuntu/microros_ws/install/unique_identifier_msgs:/home/ubuntu/microros_ws/install/builtin_interfaces:/opt/ros/humble LD_LIBRARY_PATH=/home/ubuntu/microros_ws/install/unique_identifier_msgs/lib:/home/ubuntu/microros_ws/install/builtin_interfaces/lib:${LD_LIBRARY_PATH} PYTHONPATH=/home/ubuntu/microros_ws/install/unique_identifier_msgs/local/lib/python3.10/dist-packages:/home/ubuntu/microros_ws/install/builtin_interfaces/local/lib/python3.10/dist-packages:${PYTHONPATH} /usr/bin/cmake --install /home/ubuntu/microros_ws/build/action_msgs
