[0.205s] Invoking command in '/home/ubuntu/microros_ws/build/rclc_parameter': AMENT_PREFIX_PATH=/home/ubuntu/microros_ws/install/rclc:/home/ubuntu/microros_ws/install/test_msgs:/home/ubuntu/microros_ws/install/example_interfaces:/home/ubuntu/microros_ws/install/std_msgs:/home/ubuntu/microros_ws/install/rcl_interfaces:/home/ubuntu/microros_ws/install/action_msgs:/home/ubuntu/microros_ws/install/unique_identifier_msgs:/home/ubuntu/microros_ws/install/builtin_interfaces:${AMENT_PREFIX_PATH} CMAKE_PREFIX_PATH=/home/ubuntu/microros_ws/install/rclc:/home/ubuntu/microros_ws/install/test_msgs:/home/ubuntu/microros_ws/install/example_interfaces:/home/ubuntu/microros_ws/install/std_msgs:/home/ubuntu/microros_ws/install/rcl_interfaces:/home/ubuntu/microros_ws/install/action_msgs:/home/ubuntu/microros_ws/install/unique_identifier_msgs:/home/ubuntu/microros_ws/install/builtin_interfaces:/opt/ros/humble LD_LIBRARY_PATH=/home/ubuntu/microros_ws/install/rclc/lib:/home/ubuntu/microros_ws/install/test_msgs/lib:/home/ubuntu/microros_ws/install/example_interfaces/lib:/home/ubuntu/microros_ws/install/std_msgs/lib:/home/ubuntu/microros_ws/install/rcl_interfaces/lib:/home/ubuntu/microros_ws/install/action_msgs/lib:/home/ubuntu/microros_ws/install/unique_identifier_msgs/lib:/home/ubuntu/microros_ws/install/builtin_interfaces/lib:${LD_LIBRARY_PATH} PYTHONPATH=/home/ubuntu/microros_ws/install/test_msgs/local/lib/python3.10/dist-packages:/home/ubuntu/microros_ws/install/example_interfaces/local/lib/python3.10/dist-packages:/home/ubuntu/microros_ws/install/std_msgs/local/lib/python3.10/dist-packages:/home/ubuntu/microros_ws/install/rcl_interfaces/local/lib/python3.10/dist-packages:/home/ubuntu/microros_ws/install/action_msgs/local/lib/python3.10/dist-packages:/home/ubuntu/microros_ws/install/unique_identifier_msgs/local/lib/python3.10/dist-packages:/home/ubuntu/microros_ws/install/builtin_interfaces/local/lib/python3.10/dist-packages:${PYTHONPATH} /usr/bin/cmake --build /home/ubuntu/microros_ws/build/rclc_parameter -- -j4 -l4
[0.279s] /usr/bin/cmake -S/home/ubuntu/microros_ws/src/uros/rclc/rclc_parameter -B/home/ubuntu/microros_ws/build/rclc_parameter --check-build-system CMakeFiles/Makefile.cmake 0
[0.351s] /usr/bin/cmake -E cmake_progress_start /home/ubuntu/microros_ws/build/rclc_parameter/CMakeFiles /home/ubuntu/microros_ws/build/rclc_parameter//CMakeFiles/progress.marks
[0.400s] /usr/bin/gmake  -f CMakeFiles/Makefile2 all
[0.408s] gmake[1]: Entering directory '/home/ubuntu/microros_ws/build/rclc_parameter'
[0.409s] /usr/bin/gmake  -f CMakeFiles/rclc_parameter.dir/build.make CMakeFiles/rclc_parameter.dir/depend
[0.421s] gmake[2]: Entering directory '/home/ubuntu/microros_ws/build/rclc_parameter'
[0.421s] cd /home/ubuntu/microros_ws/build/rclc_parameter && /usr/bin/cmake -E cmake_depends "Unix Makefiles" /home/ubuntu/microros_ws/src/uros/rclc/rclc_parameter /home/ubuntu/microros_ws/src/uros/rclc/rclc_parameter /home/ubuntu/microros_ws/build/rclc_parameter /home/ubuntu/microros_ws/build/rclc_parameter /home/ubuntu/microros_ws/build/rclc_parameter/CMakeFiles/rclc_parameter.dir/DependInfo.cmake --color=
[0.495s] gmake[2]: Leaving directory '/home/ubuntu/microros_ws/build/rclc_parameter'
[0.496s] /usr/bin/gmake  -f CMakeFiles/rclc_parameter.dir/build.make CMakeFiles/rclc_parameter.dir/build
[0.525s] gmake[2]: Entering directory '/home/ubuntu/microros_ws/build/rclc_parameter'
[0.526s] gmake[2]: Nothing to be done for 'CMakeFiles/rclc_parameter.dir/build'.
[0.527s] gmake[2]: Leaving directory '/home/ubuntu/microros_ws/build/rclc_parameter'
[0.589s] [100%] Built target rclc_parameter
[0.594s] gmake[1]: Leaving directory '/home/ubuntu/microros_ws/build/rclc_parameter'
[0.594s] /usr/bin/cmake -E cmake_progress_start /home/ubuntu/microros_ws/build/rclc_parameter/CMakeFiles 0
[0.685s] Invoked command in '/home/ubuntu/microros_ws/build/rclc_parameter' returned '0': AMENT_PREFIX_PATH=/home/ubuntu/microros_ws/install/rclc:/home/ubuntu/microros_ws/install/test_msgs:/home/ubuntu/microros_ws/install/example_interfaces:/home/ubuntu/microros_ws/install/std_msgs:/home/ubuntu/microros_ws/install/rcl_interfaces:/home/ubuntu/microros_ws/install/action_msgs:/home/ubuntu/microros_ws/install/unique_identifier_msgs:/home/ubuntu/microros_ws/install/builtin_interfaces:${AMENT_PREFIX_PATH} CMAKE_PREFIX_PATH=/home/ubuntu/microros_ws/install/rclc:/home/ubuntu/microros_ws/install/test_msgs:/home/ubuntu/microros_ws/install/example_interfaces:/home/ubuntu/microros_ws/install/std_msgs:/home/ubuntu/microros_ws/install/rcl_interfaces:/home/ubuntu/microros_ws/install/action_msgs:/home/ubuntu/microros_ws/install/unique_identifier_msgs:/home/ubuntu/microros_ws/install/builtin_interfaces:/opt/ros/humble LD_LIBRARY_PATH=/home/ubuntu/microros_ws/install/rclc/lib:/home/ubuntu/microros_ws/install/test_msgs/lib:/home/ubuntu/microros_ws/install/example_interfaces/lib:/home/ubuntu/microros_ws/install/std_msgs/lib:/home/ubuntu/microros_ws/install/rcl_interfaces/lib:/home/ubuntu/microros_ws/install/action_msgs/lib:/home/ubuntu/microros_ws/install/unique_identifier_msgs/lib:/home/ubuntu/microros_ws/install/builtin_interfaces/lib:${LD_LIBRARY_PATH} PYTHONPATH=/home/ubuntu/microros_ws/install/test_msgs/local/lib/python3.10/dist-packages:/home/ubuntu/microros_ws/install/example_interfaces/local/lib/python3.10/dist-packages:/home/ubuntu/microros_ws/install/std_msgs/local/lib/python3.10/dist-packages:/home/ubuntu/microros_ws/install/rcl_interfaces/local/lib/python3.10/dist-packages:/home/ubuntu/microros_ws/install/action_msgs/local/lib/python3.10/dist-packages:/home/ubuntu/microros_ws/install/unique_identifier_msgs/local/lib/python3.10/dist-packages:/home/ubuntu/microros_ws/install/builtin_interfaces/local/lib/python3.10/dist-packages:${PYTHONPATH} /usr/bin/cmake --build /home/ubuntu/microros_ws/build/rclc_parameter -- -j4 -l4
[0.885s] Invoking command in '/home/ubuntu/microros_ws/build/rclc_parameter': AMENT_PREFIX_PATH=/home/ubuntu/microros_ws/install/rclc:/home/ubuntu/microros_ws/install/test_msgs:/home/ubuntu/microros_ws/install/example_interfaces:/home/ubuntu/microros_ws/install/std_msgs:/home/ubuntu/microros_ws/install/rcl_interfaces:/home/ubuntu/microros_ws/install/action_msgs:/home/ubuntu/microros_ws/install/unique_identifier_msgs:/home/ubuntu/microros_ws/install/builtin_interfaces:${AMENT_PREFIX_PATH} CMAKE_PREFIX_PATH=/home/ubuntu/microros_ws/install/rclc:/home/ubuntu/microros_ws/install/test_msgs:/home/ubuntu/microros_ws/install/example_interfaces:/home/ubuntu/microros_ws/install/std_msgs:/home/ubuntu/microros_ws/install/rcl_interfaces:/home/ubuntu/microros_ws/install/action_msgs:/home/ubuntu/microros_ws/install/unique_identifier_msgs:/home/ubuntu/microros_ws/install/builtin_interfaces:/opt/ros/humble LD_LIBRARY_PATH=/home/ubuntu/microros_ws/install/rclc/lib:/home/ubuntu/microros_ws/install/test_msgs/lib:/home/ubuntu/microros_ws/install/example_interfaces/lib:/home/ubuntu/microros_ws/install/std_msgs/lib:/home/ubuntu/microros_ws/install/rcl_interfaces/lib:/home/ubuntu/microros_ws/install/action_msgs/lib:/home/ubuntu/microros_ws/install/unique_identifier_msgs/lib:/home/ubuntu/microros_ws/install/builtin_interfaces/lib:${LD_LIBRARY_PATH} PYTHONPATH=/home/ubuntu/microros_ws/install/test_msgs/local/lib/python3.10/dist-packages:/home/ubuntu/microros_ws/install/example_interfaces/local/lib/python3.10/dist-packages:/home/ubuntu/microros_ws/install/std_msgs/local/lib/python3.10/dist-packages:/home/ubuntu/microros_ws/install/rcl_interfaces/local/lib/python3.10/dist-packages:/home/ubuntu/microros_ws/install/action_msgs/local/lib/python3.10/dist-packages:/home/ubuntu/microros_ws/install/unique_identifier_msgs/local/lib/python3.10/dist-packages:/home/ubuntu/microros_ws/install/builtin_interfaces/local/lib/python3.10/dist-packages:${PYTHONPATH} /usr/bin/cmake --install /home/ubuntu/microros_ws/build/rclc_parameter
[0.941s] -- Install configuration: ""
[0.945s] -- Execute custom install script
[0.950s] -- Up-to-date symlink: /home/ubuntu/microros_ws/install/rclc_parameter/include/rclc_parameter/rclc_parameter.h
[0.952s] -- Up-to-date symlink: /home/ubuntu/microros_ws/install/rclc_parameter/include/rclc_parameter/visibility_control.h
[0.955s] -- Up-to-date symlink: /home/ubuntu/microros_ws/install/rclc_parameter/share/rclc_parameter/environment/library_path.sh
[0.960s] -- Up-to-date symlink: /home/ubuntu/microros_ws/install/rclc_parameter/share/rclc_parameter/environment/library_path.dsv
[0.962s] -- Up-to-date symlink: /home/ubuntu/microros_ws/install/rclc_parameter/share/ament_index/resource_index/package_run_dependencies/rclc_parameter
[0.981s] -- Up-to-date symlink: /home/ubuntu/microros_ws/install/rclc_parameter/share/ament_index/resource_index/parent_prefix_path/rclc_parameter
[0.981s] -- Up-to-date symlink: /home/ubuntu/microros_ws/install/rclc_parameter/share/rclc_parameter/environment/ament_prefix_path.sh
[0.982s] -- Up-to-date symlink: /home/ubuntu/microros_ws/install/rclc_parameter/share/rclc_parameter/environment/ament_prefix_path.dsv
[0.983s] -- Up-to-date symlink: /home/ubuntu/microros_ws/install/rclc_parameter/share/rclc_parameter/environment/path.sh
[0.984s] -- Up-to-date symlink: /home/ubuntu/microros_ws/install/rclc_parameter/share/rclc_parameter/environment/path.dsv
[0.984s] -- Up-to-date symlink: /home/ubuntu/microros_ws/install/rclc_parameter/share/rclc_parameter/local_setup.bash
[0.985s] -- Up-to-date symlink: /home/ubuntu/microros_ws/install/rclc_parameter/share/rclc_parameter/local_setup.sh
[0.988s] -- Up-to-date symlink: /home/ubuntu/microros_ws/install/rclc_parameter/share/rclc_parameter/local_setup.zsh
[0.989s] -- Up-to-date symlink: /home/ubuntu/microros_ws/install/rclc_parameter/share/rclc_parameter/local_setup.dsv
[0.989s] -- Symlinking: /home/ubuntu/microros_ws/install/rclc_parameter/share/rclc_parameter/package.dsv
[1.063s] -- Up-to-date symlink: /home/ubuntu/microros_ws/install/rclc_parameter/share/ament_index/resource_index/packages/rclc_parameter
[1.064s] -- Up-to-date symlink: /home/ubuntu/microros_ws/install/rclc_parameter/share/rclc_parameter/cmake/ament_cmake_export_include_directories-extras.cmake
[1.066s] -- Up-to-date symlink: /home/ubuntu/microros_ws/install/rclc_parameter/share/rclc_parameter/cmake/ament_cmake_export_libraries-extras.cmake
[1.068s] -- Up-to-date symlink: /home/ubuntu/microros_ws/install/rclc_parameter/share/rclc_parameter/cmake/ament_cmake_export_targets-extras.cmake
[1.070s] -- Up-to-date symlink: /home/ubuntu/microros_ws/install/rclc_parameter/share/rclc_parameter/cmake/ament_cmake_export_dependencies-extras.cmake
[1.070s] -- Up-to-date symlink: /home/ubuntu/microros_ws/install/rclc_parameter/share/rclc_parameter/cmake/rclc_parameterConfig.cmake
[1.071s] -- Up-to-date symlink: /home/ubuntu/microros_ws/install/rclc_parameter/share/rclc_parameter/cmake/rclc_parameterConfig-version.cmake
[1.072s] -- Up-to-date symlink: /home/ubuntu/microros_ws/install/rclc_parameter/share/rclc_parameter/package.xml
[1.073s] -- Up-to-date: /home/ubuntu/microros_ws/install/rclc_parameter/lib/librclc_parameter.so
[1.076s] -- Up-to-date: /home/ubuntu/microros_ws/install/rclc_parameter/share/rclc_parameter/cmake/rclc_parameterExport.cmake
[1.079s] -- Up-to-date: /home/ubuntu/microros_ws/install/rclc_parameter/share/rclc_parameter/cmake/rclc_parameterExport-noconfig.cmake
[1.149s] Invoked command in '/home/ubuntu/microros_ws/build/rclc_parameter' returned '0': AMENT_PREFIX_PATH=/home/ubuntu/microros_ws/install/rclc:/home/ubuntu/microros_ws/install/test_msgs:/home/ubuntu/microros_ws/install/example_interfaces:/home/ubuntu/microros_ws/install/std_msgs:/home/ubuntu/microros_ws/install/rcl_interfaces:/home/ubuntu/microros_ws/install/action_msgs:/home/ubuntu/microros_ws/install/unique_identifier_msgs:/home/ubuntu/microros_ws/install/builtin_interfaces:${AMENT_PREFIX_PATH} CMAKE_PREFIX_PATH=/home/ubuntu/microros_ws/install/rclc:/home/ubuntu/microros_ws/install/test_msgs:/home/ubuntu/microros_ws/install/example_interfaces:/home/ubuntu/microros_ws/install/std_msgs:/home/ubuntu/microros_ws/install/rcl_interfaces:/home/ubuntu/microros_ws/install/action_msgs:/home/ubuntu/microros_ws/install/unique_identifier_msgs:/home/ubuntu/microros_ws/install/builtin_interfaces:/opt/ros/humble LD_LIBRARY_PATH=/home/ubuntu/microros_ws/install/rclc/lib:/home/ubuntu/microros_ws/install/test_msgs/lib:/home/ubuntu/microros_ws/install/example_interfaces/lib:/home/ubuntu/microros_ws/install/std_msgs/lib:/home/ubuntu/microros_ws/install/rcl_interfaces/lib:/home/ubuntu/microros_ws/install/action_msgs/lib:/home/ubuntu/microros_ws/install/unique_identifier_msgs/lib:/home/ubuntu/microros_ws/install/builtin_interfaces/lib:${LD_LIBRARY_PATH} PYTHONPATH=/home/ubuntu/microros_ws/install/test_msgs/local/lib/python3.10/dist-packages:/home/ubuntu/microros_ws/install/example_interfaces/local/lib/python3.10/dist-packages:/home/ubuntu/microros_ws/install/std_msgs/local/lib/python3.10/dist-packages:/home/ubuntu/microros_ws/install/rcl_interfaces/local/lib/python3.10/dist-packages:/home/ubuntu/microros_ws/install/action_msgs/local/lib/python3.10/dist-packages:/home/ubuntu/microros_ws/install/unique_identifier_msgs/local/lib/python3.10/dist-packages:/home/ubuntu/microros_ws/install/builtin_interfaces/local/lib/python3.10/dist-packages:${PYTHONPATH} /usr/bin/cmake --install /home/ubuntu/microros_ws/build/rclc_parameter
