[0.184s] Invoking command in '/home/ubuntu/microros_ws/build/rmw_microxrcedds': AMENT_PREFIX_PATH=/home/ubuntu/microros_ws/install/rosidl_typesupport_microxrcedds_cpp:/home/ubuntu/microros_ws/install/rosidl_typesupport_microxrcedds_c:/home/ubuntu/microros_ws/install/micro_ros_msgs:${AMENT_PREFIX_PATH} CMAKE_PREFIX_PATH=/home/ubuntu/microros_ws/install/rosidl_typesupport_microxrcedds_cpp:/home/ubuntu/microros_ws/install/rosidl_typesupport_microxrcedds_c:/home/ubuntu/microros_ws/install/microxrcedds_client:/home/ubuntu/microros_ws/install/microcdr:/home/ubuntu/microros_ws/install/micro_ros_msgs:/opt/ros/humble LD_LIBRARY_PATH=/home/ubuntu/microros_ws/install/rosidl_typesupport_microxrcedds_cpp/lib:/home/ubuntu/microros_ws/install/rosidl_typesupport_microxrcedds_c/lib:/home/ubuntu/microros_ws/install/microxrcedds_client/lib:/home/ubuntu/microros_ws/install/microcdr/lib:/home/ubuntu/microros_ws/install/micro_ros_msgs/lib:${LD_LIBRARY_PATH} PYTHONPATH=/home/ubuntu/microros_ws/install/rosidl_typesupport_microxrcedds_cpp/local/lib/python3.10/dist-packages:/home/ubuntu/microros_ws/install/rosidl_typesupport_microxrcedds_c/local/lib/python3.10/dist-packages:/home/ubuntu/microros_ws/install/micro_ros_msgs/local/lib/python3.10/dist-packages:${PYTHONPATH} /usr/bin/cmake --build /home/ubuntu/microros_ws/build/rmw_microxrcedds -- -j4 -l4
[0.591s] [100%] Built target rmw_microxrcedds
[0.662s] Invoked command in '/home/ubuntu/microros_ws/build/rmw_microxrcedds' returned '0': AMENT_PREFIX_PATH=/home/ubuntu/microros_ws/install/rosidl_typesupport_microxrcedds_cpp:/home/ubuntu/microros_ws/install/rosidl_typesupport_microxrcedds_c:/home/ubuntu/microros_ws/install/micro_ros_msgs:${AMENT_PREFIX_PATH} CMAKE_PREFIX_PATH=/home/ubuntu/microros_ws/install/rosidl_typesupport_microxrcedds_cpp:/home/ubuntu/microros_ws/install/rosidl_typesupport_microxrcedds_c:/home/ubuntu/microros_ws/install/microxrcedds_client:/home/ubuntu/microros_ws/install/microcdr:/home/ubuntu/microros_ws/install/micro_ros_msgs:/opt/ros/humble LD_LIBRARY_PATH=/home/ubuntu/microros_ws/install/rosidl_typesupport_microxrcedds_cpp/lib:/home/ubuntu/microros_ws/install/rosidl_typesupport_microxrcedds_c/lib:/home/ubuntu/microros_ws/install/microxrcedds_client/lib:/home/ubuntu/microros_ws/install/microcdr/lib:/home/ubuntu/microros_ws/install/micro_ros_msgs/lib:${LD_LIBRARY_PATH} PYTHONPATH=/home/ubuntu/microros_ws/install/rosidl_typesupport_microxrcedds_cpp/local/lib/python3.10/dist-packages:/home/ubuntu/microros_ws/install/rosidl_typesupport_microxrcedds_c/local/lib/python3.10/dist-packages:/home/ubuntu/microros_ws/install/micro_ros_msgs/local/lib/python3.10/dist-packages:${PYTHONPATH} /usr/bin/cmake --build /home/ubuntu/microros_ws/build/rmw_microxrcedds -- -j4 -l4
[1.661s] Invoking command in '/home/ubuntu/microros_ws/build/rmw_microxrcedds': AMENT_PREFIX_PATH=/home/ubuntu/microros_ws/install/rosidl_typesupport_microxrcedds_cpp:/home/ubuntu/microros_ws/install/rosidl_typesupport_microxrcedds_c:/home/ubuntu/microros_ws/install/micro_ros_msgs:${AMENT_PREFIX_PATH} CMAKE_PREFIX_PATH=/home/ubuntu/microros_ws/install/rosidl_typesupport_microxrcedds_cpp:/home/ubuntu/microros_ws/install/rosidl_typesupport_microxrcedds_c:/home/ubuntu/microros_ws/install/microxrcedds_client:/home/ubuntu/microros_ws/install/microcdr:/home/ubuntu/microros_ws/install/micro_ros_msgs:/opt/ros/humble LD_LIBRARY_PATH=/home/ubuntu/microros_ws/install/rosidl_typesupport_microxrcedds_cpp/lib:/home/ubuntu/microros_ws/install/rosidl_typesupport_microxrcedds_c/lib:/home/ubuntu/microros_ws/install/microxrcedds_client/lib:/home/ubuntu/microros_ws/install/microcdr/lib:/home/ubuntu/microros_ws/install/micro_ros_msgs/lib:${LD_LIBRARY_PATH} PYTHONPATH=/home/ubuntu/microros_ws/install/rosidl_typesupport_microxrcedds_cpp/local/lib/python3.10/dist-packages:/home/ubuntu/microros_ws/install/rosidl_typesupport_microxrcedds_c/local/lib/python3.10/dist-packages:/home/ubuntu/microros_ws/install/micro_ros_msgs/local/lib/python3.10/dist-packages:${PYTHONPATH} /usr/bin/cmake --install /home/ubuntu/microros_ws/build/rmw_microxrcedds
[1.738s] -- Install configuration: ""
[1.740s] -- Execute custom install script
[1.741s] -- Up-to-date symlink: /home/ubuntu/microros_ws/install/rmw_microxrcedds/share/rmw_microxrcedds/environment/library_path.sh
[1.745s] -- Up-to-date symlink: /home/ubuntu/microros_ws/install/rmw_microxrcedds/share/rmw_microxrcedds/environment/library_path.dsv
[1.754s] -- Up-to-date symlink: /home/ubuntu/microros_ws/install/rmw_microxrcedds/share/ament_index/resource_index/rmw_typesupport_c/rmw_microxrcedds
[1.755s] -- Up-to-date symlink: /home/ubuntu/microros_ws/install/rmw_microxrcedds/share/ament_index/resource_index/rmw_typesupport/rmw_microxrcedds
[1.756s] -- Up-to-date symlink: /home/ubuntu/microros_ws/install/rmw_microxrcedds/share/ament_index/resource_index/package_run_dependencies/rmw_microxrcedds
[1.756s] -- Up-to-date symlink: /home/ubuntu/microros_ws/install/rmw_microxrcedds/share/ament_index/resource_index/parent_prefix_path/rmw_microxrcedds
[1.757s] -- Up-to-date symlink: /home/ubuntu/microros_ws/install/rmw_microxrcedds/share/rmw_microxrcedds/environment/ament_prefix_path.sh
[1.759s] -- Up-to-date symlink: /home/ubuntu/microros_ws/install/rmw_microxrcedds/share/rmw_microxrcedds/environment/ament_prefix_path.dsv
[1.760s] -- Up-to-date symlink: /home/ubuntu/microros_ws/install/rmw_microxrcedds/share/rmw_microxrcedds/environment/path.sh
[1.760s] -- Up-to-date symlink: /home/ubuntu/microros_ws/install/rmw_microxrcedds/share/rmw_microxrcedds/environment/path.dsv
[1.761s] -- Up-to-date symlink: /home/ubuntu/microros_ws/install/rmw_microxrcedds/share/rmw_microxrcedds/local_setup.bash
[1.761s] -- Up-to-date symlink: /home/ubuntu/microros_ws/install/rmw_microxrcedds/share/rmw_microxrcedds/local_setup.sh
[1.761s] -- Up-to-date symlink: /home/ubuntu/microros_ws/install/rmw_microxrcedds/share/rmw_microxrcedds/local_setup.zsh
[1.762s] -- Up-to-date symlink: /home/ubuntu/microros_ws/install/rmw_microxrcedds/share/rmw_microxrcedds/local_setup.dsv
[1.762s] -- Symlinking: /home/ubuntu/microros_ws/install/rmw_microxrcedds/share/rmw_microxrcedds/package.dsv
[1.803s] -- Up-to-date symlink: /home/ubuntu/microros_ws/install/rmw_microxrcedds/share/ament_index/resource_index/packages/rmw_microxrcedds
[1.804s] -- Up-to-date symlink: /home/ubuntu/microros_ws/install/rmw_microxrcedds/share/rmw_microxrcedds/cmake/ament_cmake_export_include_directories-extras.cmake
[1.805s] -- Up-to-date symlink: /home/ubuntu/microros_ws/install/rmw_microxrcedds/share/rmw_microxrcedds/cmake/ament_cmake_export_libraries-extras.cmake
[1.806s] -- Up-to-date symlink: /home/ubuntu/microros_ws/install/rmw_microxrcedds/share/rmw_microxrcedds/cmake/ament_cmake_export_dependencies-extras.cmake
[1.806s] -- Up-to-date symlink: /home/ubuntu/microros_ws/install/rmw_microxrcedds/share/rmw_microxrcedds/cmake/rmw_microxrceddsConfig.cmake
[1.807s] -- Up-to-date symlink: /home/ubuntu/microros_ws/install/rmw_microxrcedds/share/rmw_microxrcedds/cmake/rmw_microxrceddsConfig-version.cmake
[1.808s] -- Up-to-date symlink: /home/ubuntu/microros_ws/install/rmw_microxrcedds/share/rmw_microxrcedds/package.xml
[1.814s] -- Up-to-date symlink: /home/ubuntu/microros_ws/install/rmw_microxrcedds/include/rmw_microros/continous_serialization.h
[1.815s] -- Up-to-date symlink: /home/ubuntu/microros_ws/install/rmw_microxrcedds/include/rmw_microros/custom_transport.h
[1.815s] -- Up-to-date symlink: /home/ubuntu/microros_ws/install/rmw_microxrcedds/include/rmw_microros/discovery.h
[1.816s] -- Up-to-date symlink: /home/ubuntu/microros_ws/install/rmw_microxrcedds/include/rmw_microros/error_handling.h
[1.817s] -- Up-to-date symlink: /home/ubuntu/microros_ws/install/rmw_microxrcedds/include/rmw_microros/init_options.h
[1.818s] -- Up-to-date symlink: /home/ubuntu/microros_ws/install/rmw_microxrcedds/include/rmw_microros/ping.h
[1.819s] -- Up-to-date symlink: /home/ubuntu/microros_ws/install/rmw_microxrcedds/include/rmw_microros/rmw_microros.h
[1.821s] -- Up-to-date symlink: /home/ubuntu/microros_ws/install/rmw_microxrcedds/include/rmw_microros/time_sync.h
[1.821s] -- Up-to-date symlink: /home/ubuntu/microros_ws/install/rmw_microxrcedds/include/rmw_microros/timing.h
[1.822s] -- Up-to-date symlink: /home/ubuntu/microros_ws/install/rmw_microxrcedds/include/rmw_microxrcedds_c/rmw_c_macros.h
[1.823s] -- Up-to-date symlink: /home/ubuntu/microros_ws/install/rmw_microxrcedds/include/rmw_microxrcedds_c/config.h
[1.826s] -- Up-to-date symlink: /home/ubuntu/microros_ws/install/rmw_microxrcedds/lib/librmw_microxrcedds.so
[1.842s] Invoked command in '/home/ubuntu/microros_ws/build/rmw_microxrcedds' returned '0': AMENT_PREFIX_PATH=/home/ubuntu/microros_ws/install/rosidl_typesupport_microxrcedds_cpp:/home/ubuntu/microros_ws/install/rosidl_typesupport_microxrcedds_c:/home/ubuntu/microros_ws/install/micro_ros_msgs:${AMENT_PREFIX_PATH} CMAKE_PREFIX_PATH=/home/ubuntu/microros_ws/install/rosidl_typesupport_microxrcedds_cpp:/home/ubuntu/microros_ws/install/rosidl_typesupport_microxrcedds_c:/home/ubuntu/microros_ws/install/microxrcedds_client:/home/ubuntu/microros_ws/install/microcdr:/home/ubuntu/microros_ws/install/micro_ros_msgs:/opt/ros/humble LD_LIBRARY_PATH=/home/ubuntu/microros_ws/install/rosidl_typesupport_microxrcedds_cpp/lib:/home/ubuntu/microros_ws/install/rosidl_typesupport_microxrcedds_c/lib:/home/ubuntu/microros_ws/install/microxrcedds_client/lib:/home/ubuntu/microros_ws/install/microcdr/lib:/home/ubuntu/microros_ws/install/micro_ros_msgs/lib:${LD_LIBRARY_PATH} PYTHONPATH=/home/ubuntu/microros_ws/install/rosidl_typesupport_microxrcedds_cpp/local/lib/python3.10/dist-packages:/home/ubuntu/microros_ws/install/rosidl_typesupport_microxrcedds_c/local/lib/python3.10/dist-packages:/home/ubuntu/microros_ws/install/micro_ros_msgs/local/lib/python3.10/dist-packages:${PYTHONPATH} /usr/bin/cmake --install /home/ubuntu/microros_ws/build/rmw_microxrcedds
