[0.086s] Invoking command in '/home/ubuntu/microros_ws/build/geometry_msgs': AMENT_PREFIX_PATH=/home/ubuntu/microros_ws/install/std_msgs:/home/ubuntu/microros_ws/install/builtin_interfaces:${AMENT_PREFIX_PATH} CMAKE_PREFIX_PATH=/home/ubuntu/microros_ws/install/std_msgs:/home/ubuntu/microros_ws/install/builtin_interfaces:/opt/ros/humble LD_LIBRARY_PATH=/home/ubuntu/microros_ws/install/std_msgs/lib:/home/ubuntu/microros_ws/install/builtin_interfaces/lib:${LD_LIBRARY_PATH} PYTHONPATH=/home/ubuntu/microros_ws/install/std_msgs/local/lib/python3.10/dist-packages:/home/ubuntu/microros_ws/install/builtin_interfaces/local/lib/python3.10/dist-packages:${PYTHONPATH} /usr/bin/cmake --build /home/ubuntu/microros_ws/build/geometry_msgs -- -j4 -l4
[0.426s] [  0%] Built target geometry_msgs__cpp
[0.583s] [  0%] Built target ament_cmake_python_symlink_geometry_msgs
[0.777s] [ 12%] Built target geometry_msgs__rosidl_typesupport_fastrtps_cpp
[0.985s] [ 25%] Built target geometry_msgs__rosidl_typesupport_introspection_cpp
[3.117s] running egg_info
[3.121s] writing geometry_msgs.egg-info/PKG-INFO
[3.122s] writing dependency_links to geometry_msgs.egg-info/dependency_links.txt
[3.131s] writing top-level names to geometry_msgs.egg-info/top_level.txt
[3.143s] reading manifest file 'geometry_msgs.egg-info/SOURCES.txt'
[3.152s] writing manifest file 'geometry_msgs.egg-info/SOURCES.txt'
[3.324s] [ 25%] Built target ament_cmake_python_build_geometry_msgs_egg
[3.480s] [ 37%] Built target geometry_msgs__rosidl_typesupport_cpp
[3.643s] [ 49%] Built target geometry_msgs__rosidl_generator_c
[3.870s] [ 61%] Built target geometry_msgs__rosidl_typesupport_fastrtps_c
[4.063s] [ 73%] Built target geometry_msgs__rosidl_typesupport_c
[4.237s] [ 86%] Built target geometry_msgs__rosidl_typesupport_introspection_c
[4.383s] [ 86%] Built target geometry_msgs
[4.521s] [ 86%] Built target geometry_msgs__py
[4.699s] [ 98%] Built target geometry_msgs__rosidl_generator_py
[4.825s] [ 99%] Built target geometry_msgs__rosidl_typesupport_fastrtps_c__pyext
[4.963s] [100%] Built target geometry_msgs__rosidl_typesupport_c__pyext
[5.091s] [100%] Built target geometry_msgs__rosidl_typesupport_introspection_c__pyext
[5.163s] Invoked command in '/home/ubuntu/microros_ws/build/geometry_msgs' returned '0': AMENT_PREFIX_PATH=/home/ubuntu/microros_ws/install/std_msgs:/home/ubuntu/microros_ws/install/builtin_interfaces:${AMENT_PREFIX_PATH} CMAKE_PREFIX_PATH=/home/ubuntu/microros_ws/install/std_msgs:/home/ubuntu/microros_ws/install/builtin_interfaces:/opt/ros/humble LD_LIBRARY_PATH=/home/ubuntu/microros_ws/install/std_msgs/lib:/home/ubuntu/microros_ws/install/builtin_interfaces/lib:${LD_LIBRARY_PATH} PYTHONPATH=/home/ubuntu/microros_ws/install/std_msgs/local/lib/python3.10/dist-packages:/home/ubuntu/microros_ws/install/builtin_interfaces/local/lib/python3.10/dist-packages:${PYTHONPATH} /usr/bin/cmake --build /home/ubuntu/microros_ws/build/geometry_msgs -- -j4 -l4
[10.347s] Invoking command in '/home/ubuntu/microros_ws/build/geometry_msgs': AMENT_PREFIX_PATH=/home/ubuntu/microros_ws/install/std_msgs:/home/ubuntu/microros_ws/install/builtin_interfaces:${AMENT_PREFIX_PATH} CMAKE_PREFIX_PATH=/home/ubuntu/microros_ws/install/std_msgs:/home/ubuntu/microros_ws/install/builtin_interfaces:/opt/ros/humble LD_LIBRARY_PATH=/home/ubuntu/microros_ws/install/std_msgs/lib:/home/ubuntu/microros_ws/install/builtin_interfaces/lib:${LD_LIBRARY_PATH} PYTHONPATH=/home/ubuntu/microros_ws/install/std_msgs/local/lib/python3.10/dist-packages:/home/ubuntu/microros_ws/install/builtin_interfaces/local/lib/python3.10/dist-packages:${PYTHONPATH} /usr/bin/cmake --install /home/ubuntu/microros_ws/build/geometry_msgs
[10.398s] -- Install configuration: ""
[10.401s] -- Execute custom install script
[10.402s] -- Up-to-date symlink: /home/ubuntu/microros_ws/install/geometry_msgs/share/ament_index/resource_index/rosidl_interfaces/geometry_msgs
[10.417s] -- Up-to-date symlink: /home/ubuntu/microros_ws/install/geometry_msgs/include/geometry_msgs/geometry_msgs/msg/accel.h
[10.417s] -- Up-to-date symlink: /home/ubuntu/microros_ws/install/geometry_msgs/include/geometry_msgs/geometry_msgs/msg/accel_stamped.h
[10.418s] -- Up-to-date symlink: /home/ubuntu/microros_ws/install/geometry_msgs/include/geometry_msgs/geometry_msgs/msg/accel_with_covariance.h
[10.420s] -- Up-to-date symlink: /home/ubuntu/microros_ws/install/geometry_msgs/include/geometry_msgs/geometry_msgs/msg/accel_with_covariance_stamped.h
[10.421s] -- Up-to-date symlink: /home/ubuntu/microros_ws/install/geometry_msgs/include/geometry_msgs/geometry_msgs/msg/detail/accel__functions.h
[10.458s] -- Up-to-date symlink: /home/ubuntu/microros_ws/install/geometry_msgs/include/geometry_msgs/geometry_msgs/msg/detail/accel__struct.h
[10.459s] -- Up-to-date symlink: /home/ubuntu/microros_ws/install/geometry_msgs/include/geometry_msgs/geometry_msgs/msg/detail/accel__type_support.h
[10.460s] -- Up-to-date symlink: /home/ubuntu/microros_ws/install/geometry_msgs/include/geometry_msgs/geometry_msgs/msg/detail/accel_stamped__functions.h
[10.461s] -- Up-to-date symlink: /home/ubuntu/microros_ws/install/geometry_msgs/include/geometry_msgs/geometry_msgs/msg/detail/accel_stamped__struct.h
[10.462s] -- Up-to-date symlink: /home/ubuntu/microros_ws/install/geometry_msgs/include/geometry_msgs/geometry_msgs/msg/detail/accel_stamped__type_support.h
[10.463s] -- Up-to-date symlink: /home/ubuntu/microros_ws/install/geometry_msgs/include/geometry_msgs/geometry_msgs/msg/detail/accel_with_covariance__functions.h
[10.464s] -- Up-to-date symlink: /home/ubuntu/microros_ws/install/geometry_msgs/include/geometry_msgs/geometry_msgs/msg/detail/accel_with_covariance__struct.h
[10.466s] -- Up-to-date symlink: /home/ubuntu/microros_ws/install/geometry_msgs/include/geometry_msgs/geometry_msgs/msg/detail/accel_with_covariance__type_support.h
[10.468s] -- Up-to-date symlink: /home/ubuntu/microros_ws/install/geometry_msgs/include/geometry_msgs/geometry_msgs/msg/detail/accel_with_covariance_stamped__functions.h
[10.469s] -- Up-to-date symlink: /home/ubuntu/microros_ws/install/geometry_msgs/include/geometry_msgs/geometry_msgs/msg/detail/accel_with_covariance_stamped__struct.h
[10.470s] -- Up-to-date symlink: /home/ubuntu/microros_ws/install/geometry_msgs/include/geometry_msgs/geometry_msgs/msg/detail/accel_with_covariance_stamped__type_support.h
[10.471s] -- Up-to-date symlink: /home/ubuntu/microros_ws/install/geometry_msgs/include/geometry_msgs/geometry_msgs/msg/detail/inertia__functions.h
[10.473s] -- Up-to-date symlink: /home/ubuntu/microros_ws/install/geometry_msgs/include/geometry_msgs/geometry_msgs/msg/detail/inertia__struct.h
[10.477s] -- Up-to-date symlink: /home/ubuntu/microros_ws/install/geometry_msgs/include/geometry_msgs/geometry_msgs/msg/detail/inertia__type_support.h
[10.478s] -- Up-to-date symlink: /home/ubuntu/microros_ws/install/geometry_msgs/include/geometry_msgs/geometry_msgs/msg/detail/inertia_stamped__functions.h
[10.479s] -- Up-to-date symlink: /home/ubuntu/microros_ws/install/geometry_msgs/include/geometry_msgs/geometry_msgs/msg/detail/inertia_stamped__struct.h
[10.480s] -- Up-to-date symlink: /home/ubuntu/microros_ws/install/geometry_msgs/include/geometry_msgs/geometry_msgs/msg/detail/inertia_stamped__type_support.h
[10.481s] -- Up-to-date symlink: /home/ubuntu/microros_ws/install/geometry_msgs/include/geometry_msgs/geometry_msgs/msg/detail/point32__functions.h
[10.483s] -- Up-to-date symlink: /home/ubuntu/microros_ws/install/geometry_msgs/include/geometry_msgs/geometry_msgs/msg/detail/point32__struct.h
[10.484s] -- Up-to-date symlink: /home/ubuntu/microros_ws/install/geometry_msgs/include/geometry_msgs/geometry_msgs/msg/detail/point32__type_support.h
[10.485s] -- Up-to-date symlink: /home/ubuntu/microros_ws/install/geometry_msgs/include/geometry_msgs/geometry_msgs/msg/detail/point__functions.h
[10.486s] -- Up-to-date symlink: /home/ubuntu/microros_ws/install/geometry_msgs/include/geometry_msgs/geometry_msgs/msg/detail/point__struct.h
[10.486s] -- Up-to-date symlink: /home/ubuntu/microros_ws/install/geometry_msgs/include/geometry_msgs/geometry_msgs/msg/detail/point__type_support.h
[10.487s] -- Up-to-date symlink: /home/ubuntu/microros_ws/install/geometry_msgs/include/geometry_msgs/geometry_msgs/msg/detail/point_stamped__functions.h
[10.488s] -- Up-to-date symlink: /home/ubuntu/microros_ws/install/geometry_msgs/include/geometry_msgs/geometry_msgs/msg/detail/point_stamped__struct.h
[10.488s] -- Up-to-date symlink: /home/ubuntu/microros_ws/install/geometry_msgs/include/geometry_msgs/geometry_msgs/msg/detail/point_stamped__type_support.h
[10.489s] -- Up-to-date symlink: /home/ubuntu/microros_ws/install/geometry_msgs/include/geometry_msgs/geometry_msgs/msg/detail/polygon__functions.h
[10.502s] -- Up-to-date symlink: /home/ubuntu/microros_ws/install/geometry_msgs/include/geometry_msgs/geometry_msgs/msg/detail/polygon__struct.h
[10.503s] -- Up-to-date symlink: /home/ubuntu/microros_ws/install/geometry_msgs/include/geometry_msgs/geometry_msgs/msg/detail/polygon__type_support.h
[10.504s] -- Up-to-date symlink: /home/ubuntu/microros_ws/install/geometry_msgs/include/geometry_msgs/geometry_msgs/msg/detail/polygon_stamped__functions.h
[10.504s] -- Up-to-date symlink: /home/ubuntu/microros_ws/install/geometry_msgs/include/geometry_msgs/geometry_msgs/msg/detail/polygon_stamped__struct.h
[10.505s] -- Up-to-date symlink: /home/ubuntu/microros_ws/install/geometry_msgs/include/geometry_msgs/geometry_msgs/msg/detail/polygon_stamped__type_support.h
[10.506s] -- Up-to-date symlink: /home/ubuntu/microros_ws/install/geometry_msgs/include/geometry_msgs/geometry_msgs/msg/detail/pose2_d__functions.h
[10.507s] -- Up-to-date symlink: /home/ubuntu/microros_ws/install/geometry_msgs/include/geometry_msgs/geometry_msgs/msg/detail/pose2_d__struct.h
[10.508s] -- Up-to-date symlink: /home/ubuntu/microros_ws/install/geometry_msgs/include/geometry_msgs/geometry_msgs/msg/detail/pose2_d__type_support.h
[10.508s] -- Up-to-date symlink: /home/ubuntu/microros_ws/install/geometry_msgs/include/geometry_msgs/geometry_msgs/msg/detail/pose__functions.h
[10.509s] -- Up-to-date symlink: /home/ubuntu/microros_ws/install/geometry_msgs/include/geometry_msgs/geometry_msgs/msg/detail/pose__struct.h
[10.517s] -- Up-to-date symlink: /home/ubuntu/microros_ws/install/geometry_msgs/include/geometry_msgs/geometry_msgs/msg/detail/pose__type_support.h
[10.518s] -- Up-to-date symlink: /home/ubuntu/microros_ws/install/geometry_msgs/include/geometry_msgs/geometry_msgs/msg/detail/pose_array__functions.h
[10.519s] -- Up-to-date symlink: /home/ubuntu/microros_ws/install/geometry_msgs/include/geometry_msgs/geometry_msgs/msg/detail/pose_array__struct.h
[10.519s] -- Up-to-date symlink: /home/ubuntu/microros_ws/install/geometry_msgs/include/geometry_msgs/geometry_msgs/msg/detail/pose_array__type_support.h
[10.520s] -- Up-to-date symlink: /home/ubuntu/microros_ws/install/geometry_msgs/include/geometry_msgs/geometry_msgs/msg/detail/pose_stamped__functions.h
[10.521s] -- Up-to-date symlink: /home/ubuntu/microros_ws/install/geometry_msgs/include/geometry_msgs/geometry_msgs/msg/detail/pose_stamped__struct.h
[10.521s] -- Up-to-date symlink: /home/ubuntu/microros_ws/install/geometry_msgs/include/geometry_msgs/geometry_msgs/msg/detail/pose_stamped__type_support.h
[10.522s] -- Up-to-date symlink: /home/ubuntu/microros_ws/install/geometry_msgs/include/geometry_msgs/geometry_msgs/msg/detail/pose_with_covariance__functions.h
[10.522s] -- Up-to-date symlink: /home/ubuntu/microros_ws/install/geometry_msgs/include/geometry_msgs/geometry_msgs/msg/detail/pose_with_covariance__struct.h
[10.523s] -- Up-to-date symlink: /home/ubuntu/microros_ws/install/geometry_msgs/include/geometry_msgs/geometry_msgs/msg/detail/pose_with_covariance__type_support.h
[10.524s] -- Up-to-date symlink: /home/ubuntu/microros_ws/install/geometry_msgs/include/geometry_msgs/geometry_msgs/msg/detail/pose_with_covariance_stamped__functions.h
[10.524s] -- Up-to-date symlink: /home/ubuntu/microros_ws/install/geometry_msgs/include/geometry_msgs/geometry_msgs/msg/detail/pose_with_covariance_stamped__struct.h
[10.534s] -- Up-to-date symlink: /home/ubuntu/microros_ws/install/geometry_msgs/include/geometry_msgs/geometry_msgs/msg/detail/pose_with_covariance_stamped__type_support.h
[10.534s] -- Up-to-date symlink: /home/ubuntu/microros_ws/install/geometry_msgs/include/geometry_msgs/geometry_msgs/msg/detail/quaternion__functions.h
[10.535s] -- Up-to-date symlink: /home/ubuntu/microros_ws/install/geometry_msgs/include/geometry_msgs/geometry_msgs/msg/detail/quaternion__struct.h
[10.571s] -- Up-to-date symlink: /home/ubuntu/microros_ws/install/geometry_msgs/include/geometry_msgs/geometry_msgs/msg/detail/quaternion__type_support.h
[10.572s] -- Up-to-date symlink: /home/ubuntu/microros_ws/install/geometry_msgs/include/geometry_msgs/geometry_msgs/msg/detail/quaternion_stamped__functions.h
[10.573s] -- Up-to-date symlink: /home/ubuntu/microros_ws/install/geometry_msgs/include/geometry_msgs/geometry_msgs/msg/detail/quaternion_stamped__struct.h
[10.574s] -- Up-to-date symlink: /home/ubuntu/microros_ws/install/geometry_msgs/include/geometry_msgs/geometry_msgs/msg/detail/quaternion_stamped__type_support.h
[10.575s] -- Up-to-date symlink: /home/ubuntu/microros_ws/install/geometry_msgs/include/geometry_msgs/geometry_msgs/msg/detail/transform__functions.h
[10.577s] -- Up-to-date symlink: /home/ubuntu/microros_ws/install/geometry_msgs/include/geometry_msgs/geometry_msgs/msg/detail/transform__struct.h
[10.578s] -- Up-to-date symlink: /home/ubuntu/microros_ws/install/geometry_msgs/include/geometry_msgs/geometry_msgs/msg/detail/transform__type_support.h
[10.579s] -- Up-to-date symlink: /home/ubuntu/microros_ws/install/geometry_msgs/include/geometry_msgs/geometry_msgs/msg/detail/transform_stamped__functions.h
[10.581s] -- Up-to-date symlink: /home/ubuntu/microros_ws/install/geometry_msgs/include/geometry_msgs/geometry_msgs/msg/detail/transform_stamped__struct.h
[10.582s] -- Up-to-date symlink: /home/ubuntu/microros_ws/install/geometry_msgs/include/geometry_msgs/geometry_msgs/msg/detail/transform_stamped__type_support.h
[10.594s] -- Up-to-date symlink: /home/ubuntu/microros_ws/install/geometry_msgs/include/geometry_msgs/geometry_msgs/msg/detail/twist__functions.h
[10.595s] -- Up-to-date symlink: /home/ubuntu/microros_ws/install/geometry_msgs/include/geometry_msgs/geometry_msgs/msg/detail/twist__struct.h
[10.596s] -- Up-to-date symlink: /home/ubuntu/microros_ws/install/geometry_msgs/include/geometry_msgs/geometry_msgs/msg/detail/twist__type_support.h
[10.597s] -- Up-to-date symlink: /home/ubuntu/microros_ws/install/geometry_msgs/include/geometry_msgs/geometry_msgs/msg/detail/twist_stamped__functions.h
[10.597s] -- Up-to-date symlink: /home/ubuntu/microros_ws/install/geometry_msgs/include/geometry_msgs/geometry_msgs/msg/detail/twist_stamped__struct.h
[10.599s] -- Up-to-date symlink: /home/ubuntu/microros_ws/install/geometry_msgs/include/geometry_msgs/geometry_msgs/msg/detail/twist_stamped__type_support.h
[10.599s] -- Up-to-date symlink: /home/ubuntu/microros_ws/install/geometry_msgs/include/geometry_msgs/geometry_msgs/msg/detail/twist_with_covariance__functions.h
[10.600s] -- Up-to-date symlink: /home/ubuntu/microros_ws/install/geometry_msgs/include/geometry_msgs/geometry_msgs/msg/detail/twist_with_covariance__struct.h
[10.604s] -- Up-to-date symlink: /home/ubuntu/microros_ws/install/geometry_msgs/include/geometry_msgs/geometry_msgs/msg/detail/twist_with_covariance__type_support.h
[10.606s] -- Up-to-date symlink: /home/ubuntu/microros_ws/install/geometry_msgs/include/geometry_msgs/geometry_msgs/msg/detail/twist_with_covariance_stamped__functions.h
[10.607s] -- Up-to-date symlink: /home/ubuntu/microros_ws/install/geometry_msgs/include/geometry_msgs/geometry_msgs/msg/detail/twist_with_covariance_stamped__struct.h
[10.612s] -- Up-to-date symlink: /home/ubuntu/microros_ws/install/geometry_msgs/include/geometry_msgs/geometry_msgs/msg/detail/twist_with_covariance_stamped__type_support.h
[10.613s] -- Up-to-date symlink: /home/ubuntu/microros_ws/install/geometry_msgs/include/geometry_msgs/geometry_msgs/msg/detail/vector3__functions.h
[10.613s] -- Up-to-date symlink: /home/ubuntu/microros_ws/install/geometry_msgs/include/geometry_msgs/geometry_msgs/msg/detail/vector3__struct.h
[10.614s] -- Up-to-date symlink: /home/ubuntu/microros_ws/install/geometry_msgs/include/geometry_msgs/geometry_msgs/msg/detail/vector3__type_support.h
[10.616s] -- Up-to-date symlink: /home/ubuntu/microros_ws/install/geometry_msgs/include/geometry_msgs/geometry_msgs/msg/detail/vector3_stamped__functions.h
[10.617s] -- Up-to-date symlink: /home/ubuntu/microros_ws/install/geometry_msgs/include/geometry_msgs/geometry_msgs/msg/detail/vector3_stamped__struct.h
[10.620s] -- Up-to-date symlink: /home/ubuntu/microros_ws/install/geometry_msgs/include/geometry_msgs/geometry_msgs/msg/detail/vector3_stamped__type_support.h
[10.620s] -- Up-to-date symlink: /home/ubuntu/microros_ws/install/geometry_msgs/include/geometry_msgs/geometry_msgs/msg/detail/velocity_stamped__functions.h
[10.630s] -- Up-to-date symlink: /home/ubuntu/microros_ws/install/geometry_msgs/include/geometry_msgs/geometry_msgs/msg/detail/velocity_stamped__struct.h
[10.631s] -- Up-to-date symlink: /home/ubuntu/microros_ws/install/geometry_msgs/include/geometry_msgs/geometry_msgs/msg/detail/velocity_stamped__type_support.h
[10.632s] -- Up-to-date symlink: /home/ubuntu/microros_ws/install/geometry_msgs/include/geometry_msgs/geometry_msgs/msg/detail/wrench__functions.h
[10.633s] -- Up-to-date symlink: /home/ubuntu/microros_ws/install/geometry_msgs/include/geometry_msgs/geometry_msgs/msg/detail/wrench__struct.h
[10.633s] -- Up-to-date symlink: /home/ubuntu/microros_ws/install/geometry_msgs/include/geometry_msgs/geometry_msgs/msg/detail/wrench__type_support.h
[10.634s] -- Up-to-date symlink: /home/ubuntu/microros_ws/install/geometry_msgs/include/geometry_msgs/geometry_msgs/msg/detail/wrench_stamped__functions.h
[10.635s] -- Up-to-date symlink: /home/ubuntu/microros_ws/install/geometry_msgs/include/geometry_msgs/geometry_msgs/msg/detail/wrench_stamped__struct.h
[10.636s] -- Up-to-date symlink: /home/ubuntu/microros_ws/install/geometry_msgs/include/geometry_msgs/geometry_msgs/msg/detail/wrench_stamped__type_support.h
[10.637s] -- Up-to-date symlink: /home/ubuntu/microros_ws/install/geometry_msgs/include/geometry_msgs/geometry_msgs/msg/inertia.h
[10.646s] -- Up-to-date symlink: /home/ubuntu/microros_ws/install/geometry_msgs/include/geometry_msgs/geometry_msgs/msg/inertia_stamped.h
[10.647s] -- Up-to-date symlink: /home/ubuntu/microros_ws/install/geometry_msgs/include/geometry_msgs/geometry_msgs/msg/point.h
[10.647s] -- Up-to-date symlink: /home/ubuntu/microros_ws/install/geometry_msgs/include/geometry_msgs/geometry_msgs/msg/point32.h
[10.647s] -- Up-to-date symlink: /home/ubuntu/microros_ws/install/geometry_msgs/include/geometry_msgs/geometry_msgs/msg/point_stamped.h
[10.648s] -- Up-to-date symlink: /home/ubuntu/microros_ws/install/geometry_msgs/include/geometry_msgs/geometry_msgs/msg/polygon.h
[10.649s] -- Up-to-date symlink: /home/ubuntu/microros_ws/install/geometry_msgs/include/geometry_msgs/geometry_msgs/msg/polygon_stamped.h
[10.650s] -- Up-to-date symlink: /home/ubuntu/microros_ws/install/geometry_msgs/include/geometry_msgs/geometry_msgs/msg/pose.h
[10.650s] -- Up-to-date symlink: /home/ubuntu/microros_ws/install/geometry_msgs/include/geometry_msgs/geometry_msgs/msg/pose2_d.h
[10.652s] -- Up-to-date symlink: /home/ubuntu/microros_ws/install/geometry_msgs/include/geometry_msgs/geometry_msgs/msg/pose_array.h
[10.652s] -- Up-to-date symlink: /home/ubuntu/microros_ws/install/geometry_msgs/include/geometry_msgs/geometry_msgs/msg/pose_stamped.h
[10.653s] -- Up-to-date symlink: /home/ubuntu/microros_ws/install/geometry_msgs/include/geometry_msgs/geometry_msgs/msg/pose_with_covariance.h
[10.653s] -- Up-to-date symlink: /home/ubuntu/microros_ws/install/geometry_msgs/include/geometry_msgs/geometry_msgs/msg/pose_with_covariance_stamped.h
[10.662s] -- Up-to-date symlink: /home/ubuntu/microros_ws/install/geometry_msgs/include/geometry_msgs/geometry_msgs/msg/quaternion.h
[10.662s] -- Up-to-date symlink: /home/ubuntu/microros_ws/install/geometry_msgs/include/geometry_msgs/geometry_msgs/msg/quaternion_stamped.h
[10.663s] -- Up-to-date symlink: /home/ubuntu/microros_ws/install/geometry_msgs/include/geometry_msgs/geometry_msgs/msg/rosidl_generator_c__visibility_control.h
[10.663s] -- Up-to-date symlink: /home/ubuntu/microros_ws/install/geometry_msgs/include/geometry_msgs/geometry_msgs/msg/transform.h
[10.664s] -- Up-to-date symlink: /home/ubuntu/microros_ws/install/geometry_msgs/include/geometry_msgs/geometry_msgs/msg/transform_stamped.h
[10.664s] -- Up-to-date symlink: /home/ubuntu/microros_ws/install/geometry_msgs/include/geometry_msgs/geometry_msgs/msg/twist.h
[10.665s] -- Up-to-date symlink: /home/ubuntu/microros_ws/install/geometry_msgs/include/geometry_msgs/geometry_msgs/msg/twist_stamped.h
[10.667s] -- Up-to-date symlink: /home/ubuntu/microros_ws/install/geometry_msgs/include/geometry_msgs/geometry_msgs/msg/twist_with_covariance.h
[10.667s] -- Up-to-date symlink: /home/ubuntu/microros_ws/install/geometry_msgs/include/geometry_msgs/geometry_msgs/msg/twist_with_covariance_stamped.h
[10.668s] -- Up-to-date symlink: /home/ubuntu/microros_ws/install/geometry_msgs/include/geometry_msgs/geometry_msgs/msg/vector3.h
[10.678s] -- Up-to-date symlink: /home/ubuntu/microros_ws/install/geometry_msgs/include/geometry_msgs/geometry_msgs/msg/vector3_stamped.h
[10.679s] -- Up-to-date symlink: /home/ubuntu/microros_ws/install/geometry_msgs/include/geometry_msgs/geometry_msgs/msg/velocity_stamped.h
[10.680s] -- Up-to-date symlink: /home/ubuntu/microros_ws/install/geometry_msgs/include/geometry_msgs/geometry_msgs/msg/wrench.h
[10.680s] -- Up-to-date symlink: /home/ubuntu/microros_ws/install/geometry_msgs/include/geometry_msgs/geometry_msgs/msg/wrench_stamped.h
[10.681s] -- Up-to-date symlink: /home/ubuntu/microros_ws/install/geometry_msgs/share/geometry_msgs/environment/library_path.sh
[10.681s] -- Up-to-date symlink: /home/ubuntu/microros_ws/install/geometry_msgs/share/geometry_msgs/environment/library_path.dsv
[10.685s] -- Up-to-date symlink: /home/ubuntu/microros_ws/install/geometry_msgs/include/geometry_msgs/geometry_msgs/msg/detail/accel__rosidl_typesupport_fastrtps_c.h
[10.687s] -- Up-to-date symlink: /home/ubuntu/microros_ws/install/geometry_msgs/include/geometry_msgs/geometry_msgs/msg/detail/accel_stamped__rosidl_typesupport_fastrtps_c.h
[10.689s] -- Up-to-date symlink: /home/ubuntu/microros_ws/install/geometry_msgs/include/geometry_msgs/geometry_msgs/msg/detail/accel_with_covariance__rosidl_typesupport_fastrtps_c.h
[10.691s] -- Up-to-date symlink: /home/ubuntu/microros_ws/install/geometry_msgs/include/geometry_msgs/geometry_msgs/msg/detail/accel_with_covariance_stamped__rosidl_typesupport_fastrtps_c.h
[10.693s] -- Up-to-date symlink: /home/ubuntu/microros_ws/install/geometry_msgs/include/geometry_msgs/geometry_msgs/msg/detail/inertia__rosidl_typesupport_fastrtps_c.h
[10.694s] -- Up-to-date symlink: /home/ubuntu/microros_ws/install/geometry_msgs/include/geometry_msgs/geometry_msgs/msg/detail/inertia_stamped__rosidl_typesupport_fastrtps_c.h
[10.696s] -- Up-to-date symlink: /home/ubuntu/microros_ws/install/geometry_msgs/include/geometry_msgs/geometry_msgs/msg/detail/point32__rosidl_typesupport_fastrtps_c.h
[10.698s] -- Up-to-date symlink: /home/ubuntu/microros_ws/install/geometry_msgs/include/geometry_msgs/geometry_msgs/msg/detail/point__rosidl_typesupport_fastrtps_c.h
[10.706s] -- Up-to-date symlink: /home/ubuntu/microros_ws/install/geometry_msgs/include/geometry_msgs/geometry_msgs/msg/detail/point_stamped__rosidl_typesupport_fastrtps_c.h
[10.709s] -- Up-to-date symlink: /home/ubuntu/microros_ws/install/geometry_msgs/include/geometry_msgs/geometry_msgs/msg/detail/polygon__rosidl_typesupport_fastrtps_c.h
[10.710s] -- Up-to-date symlink: /home/ubuntu/microros_ws/install/geometry_msgs/include/geometry_msgs/geometry_msgs/msg/detail/polygon_stamped__rosidl_typesupport_fastrtps_c.h
[10.711s] -- Up-to-date symlink: /home/ubuntu/microros_ws/install/geometry_msgs/include/geometry_msgs/geometry_msgs/msg/detail/pose2_d__rosidl_typesupport_fastrtps_c.h
[10.713s] -- Up-to-date symlink: /home/ubuntu/microros_ws/install/geometry_msgs/include/geometry_msgs/geometry_msgs/msg/detail/pose__rosidl_typesupport_fastrtps_c.h
[10.714s] -- Up-to-date symlink: /home/ubuntu/microros_ws/install/geometry_msgs/include/geometry_msgs/geometry_msgs/msg/detail/pose_array__rosidl_typesupport_fastrtps_c.h
[10.724s] -- Up-to-date symlink: /home/ubuntu/microros_ws/install/geometry_msgs/include/geometry_msgs/geometry_msgs/msg/detail/pose_stamped__rosidl_typesupport_fastrtps_c.h
[10.724s] -- Up-to-date symlink: /home/ubuntu/microros_ws/install/geometry_msgs/include/geometry_msgs/geometry_msgs/msg/detail/pose_with_covariance__rosidl_typesupport_fastrtps_c.h
[10.725s] -- Up-to-date symlink: /home/ubuntu/microros_ws/install/geometry_msgs/include/geometry_msgs/geometry_msgs/msg/detail/pose_with_covariance_stamped__rosidl_typesupport_fastrtps_c.h
[10.726s] -- Up-to-date symlink: /home/ubuntu/microros_ws/install/geometry_msgs/include/geometry_msgs/geometry_msgs/msg/detail/quaternion__rosidl_typesupport_fastrtps_c.h
[10.726s] -- Up-to-date symlink: /home/ubuntu/microros_ws/install/geometry_msgs/include/geometry_msgs/geometry_msgs/msg/detail/quaternion_stamped__rosidl_typesupport_fastrtps_c.h
[10.727s] -- Up-to-date symlink: /home/ubuntu/microros_ws/install/geometry_msgs/include/geometry_msgs/geometry_msgs/msg/detail/transform__rosidl_typesupport_fastrtps_c.h
[10.728s] -- Up-to-date symlink: /home/ubuntu/microros_ws/install/geometry_msgs/include/geometry_msgs/geometry_msgs/msg/detail/transform_stamped__rosidl_typesupport_fastrtps_c.h
[10.728s] -- Up-to-date symlink: /home/ubuntu/microros_ws/install/geometry_msgs/include/geometry_msgs/geometry_msgs/msg/detail/twist__rosidl_typesupport_fastrtps_c.h
[10.729s] -- Up-to-date symlink: /home/ubuntu/microros_ws/install/geometry_msgs/include/geometry_msgs/geometry_msgs/msg/detail/twist_stamped__rosidl_typesupport_fastrtps_c.h
[10.730s] -- Up-to-date symlink: /home/ubuntu/microros_ws/install/geometry_msgs/include/geometry_msgs/geometry_msgs/msg/detail/twist_with_covariance__rosidl_typesupport_fastrtps_c.h
[10.742s] -- Up-to-date symlink: /home/ubuntu/microros_ws/install/geometry_msgs/include/geometry_msgs/geometry_msgs/msg/detail/twist_with_covariance_stamped__rosidl_typesupport_fastrtps_c.h
[10.744s] -- Up-to-date symlink: /home/ubuntu/microros_ws/install/geometry_msgs/include/geometry_msgs/geometry_msgs/msg/detail/vector3__rosidl_typesupport_fastrtps_c.h
[10.745s] -- Up-to-date symlink: /home/ubuntu/microros_ws/install/geometry_msgs/include/geometry_msgs/geometry_msgs/msg/detail/vector3_stamped__rosidl_typesupport_fastrtps_c.h
[10.746s] -- Up-to-date symlink: /home/ubuntu/microros_ws/install/geometry_msgs/include/geometry_msgs/geometry_msgs/msg/detail/velocity_stamped__rosidl_typesupport_fastrtps_c.h
[10.748s] -- Up-to-date symlink: /home/ubuntu/microros_ws/install/geometry_msgs/include/geometry_msgs/geometry_msgs/msg/detail/wrench__rosidl_typesupport_fastrtps_c.h
[10.750s] -- Up-to-date symlink: /home/ubuntu/microros_ws/install/geometry_msgs/include/geometry_msgs/geometry_msgs/msg/detail/wrench_stamped__rosidl_typesupport_fastrtps_c.h
[10.751s] -- Up-to-date symlink: /home/ubuntu/microros_ws/install/geometry_msgs/include/geometry_msgs/geometry_msgs/msg/rosidl_typesupport_fastrtps_c__visibility_control.h
[10.760s] -- Up-to-date symlink: /home/ubuntu/microros_ws/install/geometry_msgs/include/geometry_msgs/geometry_msgs/msg/detail/accel__rosidl_typesupport_introspection_c.h
[10.762s] -- Up-to-date symlink: /home/ubuntu/microros_ws/install/geometry_msgs/include/geometry_msgs/geometry_msgs/msg/detail/accel_stamped__rosidl_typesupport_introspection_c.h
[10.764s] -- Up-to-date symlink: /home/ubuntu/microros_ws/install/geometry_msgs/include/geometry_msgs/geometry_msgs/msg/detail/accel_with_covariance__rosidl_typesupport_introspection_c.h
[10.767s] -- Up-to-date symlink: /home/ubuntu/microros_ws/install/geometry_msgs/include/geometry_msgs/geometry_msgs/msg/detail/accel_with_covariance_stamped__rosidl_typesupport_introspection_c.h
[10.773s] -- Up-to-date symlink: /home/ubuntu/microros_ws/install/geometry_msgs/include/geometry_msgs/geometry_msgs/msg/detail/inertia__rosidl_typesupport_introspection_c.h
[10.787s] -- Up-to-date symlink: /home/ubuntu/microros_ws/install/geometry_msgs/include/geometry_msgs/geometry_msgs/msg/detail/inertia_stamped__rosidl_typesupport_introspection_c.h
[10.788s] -- Up-to-date symlink: /home/ubuntu/microros_ws/install/geometry_msgs/include/geometry_msgs/geometry_msgs/msg/detail/point32__rosidl_typesupport_introspection_c.h
[10.790s] -- Up-to-date symlink: /home/ubuntu/microros_ws/install/geometry_msgs/include/geometry_msgs/geometry_msgs/msg/detail/point__rosidl_typesupport_introspection_c.h
[10.791s] -- Up-to-date symlink: /home/ubuntu/microros_ws/install/geometry_msgs/include/geometry_msgs/geometry_msgs/msg/detail/point_stamped__rosidl_typesupport_introspection_c.h
[10.792s] -- Up-to-date symlink: /home/ubuntu/microros_ws/install/geometry_msgs/include/geometry_msgs/geometry_msgs/msg/detail/polygon__rosidl_typesupport_introspection_c.h
[10.794s] -- Up-to-date symlink: /home/ubuntu/microros_ws/install/geometry_msgs/include/geometry_msgs/geometry_msgs/msg/detail/polygon_stamped__rosidl_typesupport_introspection_c.h
[10.795s] -- Up-to-date symlink: /home/ubuntu/microros_ws/install/geometry_msgs/include/geometry_msgs/geometry_msgs/msg/detail/pose2_d__rosidl_typesupport_introspection_c.h
[10.796s] -- Up-to-date symlink: /home/ubuntu/microros_ws/install/geometry_msgs/include/geometry_msgs/geometry_msgs/msg/detail/pose__rosidl_typesupport_introspection_c.h
[10.798s] -- Up-to-date symlink: /home/ubuntu/microros_ws/install/geometry_msgs/include/geometry_msgs/geometry_msgs/msg/detail/pose_array__rosidl_typesupport_introspection_c.h
[10.799s] -- Up-to-date symlink: /home/ubuntu/microros_ws/install/geometry_msgs/include/geometry_msgs/geometry_msgs/msg/detail/pose_stamped__rosidl_typesupport_introspection_c.h
[10.801s] -- Up-to-date symlink: /home/ubuntu/microros_ws/install/geometry_msgs/include/geometry_msgs/geometry_msgs/msg/detail/pose_with_covariance__rosidl_typesupport_introspection_c.h
[10.803s] -- Up-to-date symlink: /home/ubuntu/microros_ws/install/geometry_msgs/include/geometry_msgs/geometry_msgs/msg/detail/pose_with_covariance_stamped__rosidl_typesupport_introspection_c.h
[10.804s] -- Up-to-date symlink: /home/ubuntu/microros_ws/install/geometry_msgs/include/geometry_msgs/geometry_msgs/msg/detail/quaternion__rosidl_typesupport_introspection_c.h
[10.806s] -- Up-to-date symlink: /home/ubuntu/microros_ws/install/geometry_msgs/include/geometry_msgs/geometry_msgs/msg/detail/quaternion_stamped__rosidl_typesupport_introspection_c.h
[10.808s] -- Up-to-date symlink: /home/ubuntu/microros_ws/install/geometry_msgs/include/geometry_msgs/geometry_msgs/msg/detail/transform__rosidl_typesupport_introspection_c.h
[10.810s] -- Up-to-date symlink: /home/ubuntu/microros_ws/install/geometry_msgs/include/geometry_msgs/geometry_msgs/msg/detail/transform_stamped__rosidl_typesupport_introspection_c.h
[10.811s] -- Up-to-date symlink: /home/ubuntu/microros_ws/install/geometry_msgs/include/geometry_msgs/geometry_msgs/msg/detail/twist__rosidl_typesupport_introspection_c.h
[10.812s] -- Up-to-date symlink: /home/ubuntu/microros_ws/install/geometry_msgs/include/geometry_msgs/geometry_msgs/msg/detail/twist_stamped__rosidl_typesupport_introspection_c.h
[10.813s] -- Up-to-date symlink: /home/ubuntu/microros_ws/install/geometry_msgs/include/geometry_msgs/geometry_msgs/msg/detail/twist_with_covariance__rosidl_typesupport_introspection_c.h
[10.814s] -- Up-to-date symlink: /home/ubuntu/microros_ws/install/geometry_msgs/include/geometry_msgs/geometry_msgs/msg/detail/twist_with_covariance_stamped__rosidl_typesupport_introspection_c.h
[10.815s] -- Up-to-date symlink: /home/ubuntu/microros_ws/install/geometry_msgs/include/geometry_msgs/geometry_msgs/msg/detail/vector3__rosidl_typesupport_introspection_c.h
[10.816s] -- Up-to-date symlink: /home/ubuntu/microros_ws/install/geometry_msgs/include/geometry_msgs/geometry_msgs/msg/detail/vector3_stamped__rosidl_typesupport_introspection_c.h
[10.818s] -- Up-to-date symlink: /home/ubuntu/microros_ws/install/geometry_msgs/include/geometry_msgs/geometry_msgs/msg/detail/velocity_stamped__rosidl_typesupport_introspection_c.h
[10.819s] -- Up-to-date symlink: /home/ubuntu/microros_ws/install/geometry_msgs/include/geometry_msgs/geometry_msgs/msg/detail/wrench__rosidl_typesupport_introspection_c.h
[10.821s] -- Up-to-date symlink: /home/ubuntu/microros_ws/install/geometry_msgs/include/geometry_msgs/geometry_msgs/msg/detail/wrench_stamped__rosidl_typesupport_introspection_c.h
[10.823s] -- Up-to-date symlink: /home/ubuntu/microros_ws/install/geometry_msgs/include/geometry_msgs/geometry_msgs/msg/rosidl_typesupport_introspection_c__visibility_control.h
[10.834s] -- Up-to-date symlink: /home/ubuntu/microros_ws/install/geometry_msgs/include/geometry_msgs/geometry_msgs/msg/accel.hpp
[10.870s] -- Up-to-date symlink: /home/ubuntu/microros_ws/install/geometry_msgs/include/geometry_msgs/geometry_msgs/msg/accel_stamped.hpp
[10.872s] -- Up-to-date symlink: /home/ubuntu/microros_ws/install/geometry_msgs/include/geometry_msgs/geometry_msgs/msg/accel_with_covariance.hpp
[10.875s] -- Up-to-date symlink: /home/ubuntu/microros_ws/install/geometry_msgs/include/geometry_msgs/geometry_msgs/msg/accel_with_covariance_stamped.hpp
[10.877s] -- Up-to-date symlink: /home/ubuntu/microros_ws/install/geometry_msgs/include/geometry_msgs/geometry_msgs/msg/detail/accel__builder.hpp
[10.879s] -- Up-to-date symlink: /home/ubuntu/microros_ws/install/geometry_msgs/include/geometry_msgs/geometry_msgs/msg/detail/accel__struct.hpp
[10.881s] -- Up-to-date symlink: /home/ubuntu/microros_ws/install/geometry_msgs/include/geometry_msgs/geometry_msgs/msg/detail/accel__traits.hpp
[10.884s] -- Up-to-date symlink: /home/ubuntu/microros_ws/install/geometry_msgs/include/geometry_msgs/geometry_msgs/msg/detail/accel_stamped__builder.hpp
[10.886s] -- Up-to-date symlink: /home/ubuntu/microros_ws/install/geometry_msgs/include/geometry_msgs/geometry_msgs/msg/detail/accel_stamped__struct.hpp
[10.887s] -- Up-to-date symlink: /home/ubuntu/microros_ws/install/geometry_msgs/include/geometry_msgs/geometry_msgs/msg/detail/accel_stamped__traits.hpp
[10.891s] -- Up-to-date symlink: /home/ubuntu/microros_ws/install/geometry_msgs/include/geometry_msgs/geometry_msgs/msg/detail/accel_with_covariance__builder.hpp
[10.895s] -- Up-to-date symlink: /home/ubuntu/microros_ws/install/geometry_msgs/include/geometry_msgs/geometry_msgs/msg/detail/accel_with_covariance__struct.hpp
[10.898s] -- Up-to-date symlink: /home/ubuntu/microros_ws/install/geometry_msgs/include/geometry_msgs/geometry_msgs/msg/detail/accel_with_covariance__traits.hpp
[10.900s] -- Up-to-date symlink: /home/ubuntu/microros_ws/install/geometry_msgs/include/geometry_msgs/geometry_msgs/msg/detail/accel_with_covariance_stamped__builder.hpp
[10.903s] -- Up-to-date symlink: /home/ubuntu/microros_ws/install/geometry_msgs/include/geometry_msgs/geometry_msgs/msg/detail/accel_with_covariance_stamped__struct.hpp
[10.905s] -- Up-to-date symlink: /home/ubuntu/microros_ws/install/geometry_msgs/include/geometry_msgs/geometry_msgs/msg/detail/accel_with_covariance_stamped__traits.hpp
[10.906s] -- Up-to-date symlink: /home/ubuntu/microros_ws/install/geometry_msgs/include/geometry_msgs/geometry_msgs/msg/detail/inertia__builder.hpp
[10.910s] -- Up-to-date symlink: /home/ubuntu/microros_ws/install/geometry_msgs/include/geometry_msgs/geometry_msgs/msg/detail/inertia__struct.hpp
[10.921s] -- Up-to-date symlink: /home/ubuntu/microros_ws/install/geometry_msgs/include/geometry_msgs/geometry_msgs/msg/detail/inertia__traits.hpp
[10.922s] -- Up-to-date symlink: /home/ubuntu/microros_ws/install/geometry_msgs/include/geometry_msgs/geometry_msgs/msg/detail/inertia_stamped__builder.hpp
[10.923s] -- Up-to-date symlink: /home/ubuntu/microros_ws/install/geometry_msgs/include/geometry_msgs/geometry_msgs/msg/detail/inertia_stamped__struct.hpp
[10.924s] -- Up-to-date symlink: /home/ubuntu/microros_ws/install/geometry_msgs/include/geometry_msgs/geometry_msgs/msg/detail/inertia_stamped__traits.hpp
[10.925s] -- Up-to-date symlink: /home/ubuntu/microros_ws/install/geometry_msgs/include/geometry_msgs/geometry_msgs/msg/detail/point32__builder.hpp
[10.927s] -- Up-to-date symlink: /home/ubuntu/microros_ws/install/geometry_msgs/include/geometry_msgs/geometry_msgs/msg/detail/point32__struct.hpp
[10.928s] -- Up-to-date symlink: /home/ubuntu/microros_ws/install/geometry_msgs/include/geometry_msgs/geometry_msgs/msg/detail/point32__traits.hpp
[10.930s] -- Up-to-date symlink: /home/ubuntu/microros_ws/install/geometry_msgs/include/geometry_msgs/geometry_msgs/msg/detail/point__builder.hpp
[10.932s] -- Up-to-date symlink: /home/ubuntu/microros_ws/install/geometry_msgs/include/geometry_msgs/geometry_msgs/msg/detail/point__struct.hpp
[10.932s] -- Up-to-date symlink: /home/ubuntu/microros_ws/install/geometry_msgs/include/geometry_msgs/geometry_msgs/msg/detail/point__traits.hpp
[10.933s] -- Up-to-date symlink: /home/ubuntu/microros_ws/install/geometry_msgs/include/geometry_msgs/geometry_msgs/msg/detail/point_stamped__builder.hpp
[10.947s] -- Up-to-date symlink: /home/ubuntu/microros_ws/install/geometry_msgs/include/geometry_msgs/geometry_msgs/msg/detail/point_stamped__struct.hpp
[10.948s] -- Up-to-date symlink: /home/ubuntu/microros_ws/install/geometry_msgs/include/geometry_msgs/geometry_msgs/msg/detail/point_stamped__traits.hpp
[10.948s] -- Up-to-date symlink: /home/ubuntu/microros_ws/install/geometry_msgs/include/geometry_msgs/geometry_msgs/msg/detail/polygon__builder.hpp
[10.948s] -- Up-to-date symlink: /home/ubuntu/microros_ws/install/geometry_msgs/include/geometry_msgs/geometry_msgs/msg/detail/polygon__struct.hpp
[10.949s] -- Up-to-date symlink: /home/ubuntu/microros_ws/install/geometry_msgs/include/geometry_msgs/geometry_msgs/msg/detail/polygon__traits.hpp
[10.950s] -- Up-to-date symlink: /home/ubuntu/microros_ws/install/geometry_msgs/include/geometry_msgs/geometry_msgs/msg/detail/polygon_stamped__builder.hpp
[10.950s] -- Up-to-date symlink: /home/ubuntu/microros_ws/install/geometry_msgs/include/geometry_msgs/geometry_msgs/msg/detail/polygon_stamped__struct.hpp
[10.951s] -- Up-to-date symlink: /home/ubuntu/microros_ws/install/geometry_msgs/include/geometry_msgs/geometry_msgs/msg/detail/polygon_stamped__traits.hpp
[10.951s] -- Up-to-date symlink: /home/ubuntu/microros_ws/install/geometry_msgs/include/geometry_msgs/geometry_msgs/msg/detail/pose2_d__builder.hpp
[10.951s] -- Up-to-date symlink: /home/ubuntu/microros_ws/install/geometry_msgs/include/geometry_msgs/geometry_msgs/msg/detail/pose2_d__struct.hpp
[10.952s] -- Up-to-date symlink: /home/ubuntu/microros_ws/install/geometry_msgs/include/geometry_msgs/geometry_msgs/msg/detail/pose2_d__traits.hpp
[10.952s] -- Up-to-date symlink: /home/ubuntu/microros_ws/install/geometry_msgs/include/geometry_msgs/geometry_msgs/msg/detail/pose__builder.hpp
[10.953s] -- Up-to-date symlink: /home/ubuntu/microros_ws/install/geometry_msgs/include/geometry_msgs/geometry_msgs/msg/detail/pose__struct.hpp
[10.953s] -- Up-to-date symlink: /home/ubuntu/microros_ws/install/geometry_msgs/include/geometry_msgs/geometry_msgs/msg/detail/pose__traits.hpp
[10.973s] -- Up-to-date symlink: /home/ubuntu/microros_ws/install/geometry_msgs/include/geometry_msgs/geometry_msgs/msg/detail/pose_array__builder.hpp
[10.974s] -- Up-to-date symlink: /home/ubuntu/microros_ws/install/geometry_msgs/include/geometry_msgs/geometry_msgs/msg/detail/pose_array__struct.hpp
[10.976s] -- Up-to-date symlink: /home/ubuntu/microros_ws/install/geometry_msgs/include/geometry_msgs/geometry_msgs/msg/detail/pose_array__traits.hpp
[10.977s] -- Up-to-date symlink: /home/ubuntu/microros_ws/install/geometry_msgs/include/geometry_msgs/geometry_msgs/msg/detail/pose_stamped__builder.hpp
[10.979s] -- Up-to-date symlink: /home/ubuntu/microros_ws/install/geometry_msgs/include/geometry_msgs/geometry_msgs/msg/detail/pose_stamped__struct.hpp
[10.980s] -- Up-to-date symlink: /home/ubuntu/microros_ws/install/geometry_msgs/include/geometry_msgs/geometry_msgs/msg/detail/pose_stamped__traits.hpp
[10.982s] -- Up-to-date symlink: /home/ubuntu/microros_ws/install/geometry_msgs/include/geometry_msgs/geometry_msgs/msg/detail/pose_with_covariance__builder.hpp
[10.983s] -- Up-to-date symlink: /home/ubuntu/microros_ws/install/geometry_msgs/include/geometry_msgs/geometry_msgs/msg/detail/pose_with_covariance__struct.hpp
[10.985s] -- Up-to-date symlink: /home/ubuntu/microros_ws/install/geometry_msgs/include/geometry_msgs/geometry_msgs/msg/detail/pose_with_covariance__traits.hpp
[10.986s] -- Up-to-date symlink: /home/ubuntu/microros_ws/install/geometry_msgs/include/geometry_msgs/geometry_msgs/msg/detail/pose_with_covariance_stamped__builder.hpp
[10.987s] -- Up-to-date symlink: /home/ubuntu/microros_ws/install/geometry_msgs/include/geometry_msgs/geometry_msgs/msg/detail/pose_with_covariance_stamped__struct.hpp
[10.989s] -- Up-to-date symlink: /home/ubuntu/microros_ws/install/geometry_msgs/include/geometry_msgs/geometry_msgs/msg/detail/pose_with_covariance_stamped__traits.hpp
[10.991s] -- Up-to-date symlink: /home/ubuntu/microros_ws/install/geometry_msgs/include/geometry_msgs/geometry_msgs/msg/detail/quaternion__builder.hpp
[10.994s] -- Up-to-date symlink: /home/ubuntu/microros_ws/install/geometry_msgs/include/geometry_msgs/geometry_msgs/msg/detail/quaternion__struct.hpp
[10.994s] -- Up-to-date symlink: /home/ubuntu/microros_ws/install/geometry_msgs/include/geometry_msgs/geometry_msgs/msg/detail/quaternion__traits.hpp
[10.995s] -- Up-to-date symlink: /home/ubuntu/microros_ws/install/geometry_msgs/include/geometry_msgs/geometry_msgs/msg/detail/quaternion_stamped__builder.hpp
[10.995s] -- Up-to-date symlink: /home/ubuntu/microros_ws/install/geometry_msgs/include/geometry_msgs/geometry_msgs/msg/detail/quaternion_stamped__struct.hpp
[10.996s] -- Up-to-date symlink: /home/ubuntu/microros_ws/install/geometry_msgs/include/geometry_msgs/geometry_msgs/msg/detail/quaternion_stamped__traits.hpp
[10.999s] -- Up-to-date symlink: /home/ubuntu/microros_ws/install/geometry_msgs/include/geometry_msgs/geometry_msgs/msg/detail/transform__builder.hpp
[11.001s] -- Up-to-date symlink: /home/ubuntu/microros_ws/install/geometry_msgs/include/geometry_msgs/geometry_msgs/msg/detail/transform__struct.hpp
[11.002s] -- Up-to-date symlink: /home/ubuntu/microros_ws/install/geometry_msgs/include/geometry_msgs/geometry_msgs/msg/detail/transform__traits.hpp
[11.004s] -- Up-to-date symlink: /home/ubuntu/microros_ws/install/geometry_msgs/include/geometry_msgs/geometry_msgs/msg/detail/transform_stamped__builder.hpp
[11.007s] -- Up-to-date symlink: /home/ubuntu/microros_ws/install/geometry_msgs/include/geometry_msgs/geometry_msgs/msg/detail/transform_stamped__struct.hpp
[11.017s] -- Up-to-date symlink: /home/ubuntu/microros_ws/install/geometry_msgs/include/geometry_msgs/geometry_msgs/msg/detail/transform_stamped__traits.hpp
[11.021s] -- Up-to-date symlink: /home/ubuntu/microros_ws/install/geometry_msgs/include/geometry_msgs/geometry_msgs/msg/detail/twist__builder.hpp
[11.033s] -- Up-to-date symlink: /home/ubuntu/microros_ws/install/geometry_msgs/include/geometry_msgs/geometry_msgs/msg/detail/twist__struct.hpp
[11.035s] -- Up-to-date symlink: /home/ubuntu/microros_ws/install/geometry_msgs/include/geometry_msgs/geometry_msgs/msg/detail/twist__traits.hpp
[11.048s] -- Up-to-date symlink: /home/ubuntu/microros_ws/install/geometry_msgs/include/geometry_msgs/geometry_msgs/msg/detail/twist_stamped__builder.hpp
[11.060s] -- Up-to-date symlink: /home/ubuntu/microros_ws/install/geometry_msgs/include/geometry_msgs/geometry_msgs/msg/detail/twist_stamped__struct.hpp
[11.061s] -- Up-to-date symlink: /home/ubuntu/microros_ws/install/geometry_msgs/include/geometry_msgs/geometry_msgs/msg/detail/twist_stamped__traits.hpp
[11.062s] -- Up-to-date symlink: /home/ubuntu/microros_ws/install/geometry_msgs/include/geometry_msgs/geometry_msgs/msg/detail/twist_with_covariance__builder.hpp
[11.063s] -- Up-to-date symlink: /home/ubuntu/microros_ws/install/geometry_msgs/include/geometry_msgs/geometry_msgs/msg/detail/twist_with_covariance__struct.hpp
[11.064s] -- Up-to-date symlink: /home/ubuntu/microros_ws/install/geometry_msgs/include/geometry_msgs/geometry_msgs/msg/detail/twist_with_covariance__traits.hpp
[11.065s] -- Up-to-date symlink: /home/ubuntu/microros_ws/install/geometry_msgs/include/geometry_msgs/geometry_msgs/msg/detail/twist_with_covariance_stamped__builder.hpp
[11.066s] -- Up-to-date symlink: /home/ubuntu/microros_ws/install/geometry_msgs/include/geometry_msgs/geometry_msgs/msg/detail/twist_with_covariance_stamped__struct.hpp
[11.067s] -- Up-to-date symlink: /home/ubuntu/microros_ws/install/geometry_msgs/include/geometry_msgs/geometry_msgs/msg/detail/twist_with_covariance_stamped__traits.hpp
[11.079s] -- Up-to-date symlink: /home/ubuntu/microros_ws/install/geometry_msgs/include/geometry_msgs/geometry_msgs/msg/detail/vector3__builder.hpp
[11.080s] -- Up-to-date symlink: /home/ubuntu/microros_ws/install/geometry_msgs/include/geometry_msgs/geometry_msgs/msg/detail/vector3__struct.hpp
[11.081s] -- Up-to-date symlink: /home/ubuntu/microros_ws/install/geometry_msgs/include/geometry_msgs/geometry_msgs/msg/detail/vector3__traits.hpp
[11.083s] -- Up-to-date symlink: /home/ubuntu/microros_ws/install/geometry_msgs/include/geometry_msgs/geometry_msgs/msg/detail/vector3_stamped__builder.hpp
[11.085s] -- Up-to-date symlink: /home/ubuntu/microros_ws/install/geometry_msgs/include/geometry_msgs/geometry_msgs/msg/detail/vector3_stamped__struct.hpp
[11.087s] -- Up-to-date symlink: /home/ubuntu/microros_ws/install/geometry_msgs/include/geometry_msgs/geometry_msgs/msg/detail/vector3_stamped__traits.hpp
[11.088s] -- Up-to-date symlink: /home/ubuntu/microros_ws/install/geometry_msgs/include/geometry_msgs/geometry_msgs/msg/detail/velocity_stamped__builder.hpp
[11.090s] -- Up-to-date symlink: /home/ubuntu/microros_ws/install/geometry_msgs/include/geometry_msgs/geometry_msgs/msg/detail/velocity_stamped__struct.hpp
[11.092s] -- Up-to-date symlink: /home/ubuntu/microros_ws/install/geometry_msgs/include/geometry_msgs/geometry_msgs/msg/detail/velocity_stamped__traits.hpp
[11.094s] -- Up-to-date symlink: /home/ubuntu/microros_ws/install/geometry_msgs/include/geometry_msgs/geometry_msgs/msg/detail/wrench__builder.hpp
[11.096s] -- Up-to-date symlink: /home/ubuntu/microros_ws/install/geometry_msgs/include/geometry_msgs/geometry_msgs/msg/detail/wrench__struct.hpp
[11.099s] -- Up-to-date symlink: /home/ubuntu/microros_ws/install/geometry_msgs/include/geometry_msgs/geometry_msgs/msg/detail/wrench__traits.hpp
[11.105s] -- Up-to-date symlink: /home/ubuntu/microros_ws/install/geometry_msgs/include/geometry_msgs/geometry_msgs/msg/detail/wrench_stamped__builder.hpp
[11.106s] -- Up-to-date symlink: /home/ubuntu/microros_ws/install/geometry_msgs/include/geometry_msgs/geometry_msgs/msg/detail/wrench_stamped__struct.hpp
[11.107s] -- Up-to-date symlink: /home/ubuntu/microros_ws/install/geometry_msgs/include/geometry_msgs/geometry_msgs/msg/detail/wrench_stamped__traits.hpp
[11.108s] -- Up-to-date symlink: /home/ubuntu/microros_ws/install/geometry_msgs/include/geometry_msgs/geometry_msgs/msg/inertia.hpp
[11.109s] -- Up-to-date symlink: /home/ubuntu/microros_ws/install/geometry_msgs/include/geometry_msgs/geometry_msgs/msg/inertia_stamped.hpp
[11.112s] -- Up-to-date symlink: /home/ubuntu/microros_ws/install/geometry_msgs/include/geometry_msgs/geometry_msgs/msg/point.hpp
[11.113s] -- Up-to-date symlink: /home/ubuntu/microros_ws/install/geometry_msgs/include/geometry_msgs/geometry_msgs/msg/point32.hpp
[11.166s] -- Up-to-date symlink: /home/ubuntu/microros_ws/install/geometry_msgs/include/geometry_msgs/geometry_msgs/msg/point_stamped.hpp
[11.168s] -- Up-to-date symlink: /home/ubuntu/microros_ws/install/geometry_msgs/include/geometry_msgs/geometry_msgs/msg/polygon.hpp
[11.168s] -- Up-to-date symlink: /home/ubuntu/microros_ws/install/geometry_msgs/include/geometry_msgs/geometry_msgs/msg/polygon_stamped.hpp
[11.169s] -- Up-to-date symlink: /home/ubuntu/microros_ws/install/geometry_msgs/include/geometry_msgs/geometry_msgs/msg/pose.hpp
[11.169s] -- Up-to-date symlink: /home/ubuntu/microros_ws/install/geometry_msgs/include/geometry_msgs/geometry_msgs/msg/pose2_d.hpp
[11.170s] -- Up-to-date symlink: /home/ubuntu/microros_ws/install/geometry_msgs/include/geometry_msgs/geometry_msgs/msg/pose_array.hpp
[11.170s] -- Up-to-date symlink: /home/ubuntu/microros_ws/install/geometry_msgs/include/geometry_msgs/geometry_msgs/msg/pose_stamped.hpp
[11.171s] -- Up-to-date symlink: /home/ubuntu/microros_ws/install/geometry_msgs/include/geometry_msgs/geometry_msgs/msg/pose_with_covariance.hpp
[11.172s] -- Up-to-date symlink: /home/ubuntu/microros_ws/install/geometry_msgs/include/geometry_msgs/geometry_msgs/msg/pose_with_covariance_stamped.hpp
[11.172s] -- Up-to-date symlink: /home/ubuntu/microros_ws/install/geometry_msgs/include/geometry_msgs/geometry_msgs/msg/quaternion.hpp
[11.173s] -- Up-to-date symlink: /home/ubuntu/microros_ws/install/geometry_msgs/include/geometry_msgs/geometry_msgs/msg/quaternion_stamped.hpp
[11.174s] -- Up-to-date symlink: /home/ubuntu/microros_ws/install/geometry_msgs/include/geometry_msgs/geometry_msgs/msg/transform.hpp
[11.174s] -- Up-to-date symlink: /home/ubuntu/microros_ws/install/geometry_msgs/include/geometry_msgs/geometry_msgs/msg/transform_stamped.hpp
[11.175s] -- Up-to-date symlink: /home/ubuntu/microros_ws/install/geometry_msgs/include/geometry_msgs/geometry_msgs/msg/twist.hpp
[11.175s] -- Up-to-date symlink: /home/ubuntu/microros_ws/install/geometry_msgs/include/geometry_msgs/geometry_msgs/msg/twist_stamped.hpp
[11.176s] -- Up-to-date symlink: /home/ubuntu/microros_ws/install/geometry_msgs/include/geometry_msgs/geometry_msgs/msg/twist_with_covariance.hpp
[11.176s] -- Up-to-date symlink: /home/ubuntu/microros_ws/install/geometry_msgs/include/geometry_msgs/geometry_msgs/msg/twist_with_covariance_stamped.hpp
[11.177s] -- Up-to-date symlink: /home/ubuntu/microros_ws/install/geometry_msgs/include/geometry_msgs/geometry_msgs/msg/vector3.hpp
[11.181s] -- Up-to-date symlink: /home/ubuntu/microros_ws/install/geometry_msgs/include/geometry_msgs/geometry_msgs/msg/vector3_stamped.hpp
[11.182s] -- Up-to-date symlink: /home/ubuntu/microros_ws/install/geometry_msgs/include/geometry_msgs/geometry_msgs/msg/velocity_stamped.hpp
[11.183s] -- Up-to-date symlink: /home/ubuntu/microros_ws/install/geometry_msgs/include/geometry_msgs/geometry_msgs/msg/wrench.hpp
[11.184s] -- Up-to-date symlink: /home/ubuntu/microros_ws/install/geometry_msgs/include/geometry_msgs/geometry_msgs/msg/wrench_stamped.hpp
[11.185s] -- Up-to-date symlink: /home/ubuntu/microros_ws/install/geometry_msgs/include/geometry_msgs/geometry_msgs/msg/detail/accel__rosidl_typesupport_fastrtps_cpp.hpp
[11.186s] -- Up-to-date symlink: /home/ubuntu/microros_ws/install/geometry_msgs/include/geometry_msgs/geometry_msgs/msg/detail/accel_stamped__rosidl_typesupport_fastrtps_cpp.hpp
[11.187s] -- Up-to-date symlink: /home/ubuntu/microros_ws/install/geometry_msgs/include/geometry_msgs/geometry_msgs/msg/detail/accel_with_covariance__rosidl_typesupport_fastrtps_cpp.hpp
[11.187s] -- Up-to-date symlink: /home/ubuntu/microros_ws/install/geometry_msgs/include/geometry_msgs/geometry_msgs/msg/detail/accel_with_covariance_stamped__rosidl_typesupport_fastrtps_cpp.hpp
[11.188s] -- Up-to-date symlink: /home/ubuntu/microros_ws/install/geometry_msgs/include/geometry_msgs/geometry_msgs/msg/detail/inertia__rosidl_typesupport_fastrtps_cpp.hpp
[11.189s] -- Up-to-date symlink: /home/ubuntu/microros_ws/install/geometry_msgs/include/geometry_msgs/geometry_msgs/msg/detail/inertia_stamped__rosidl_typesupport_fastrtps_cpp.hpp
[11.190s] -- Up-to-date symlink: /home/ubuntu/microros_ws/install/geometry_msgs/include/geometry_msgs/geometry_msgs/msg/detail/point32__rosidl_typesupport_fastrtps_cpp.hpp
[11.192s] -- Up-to-date symlink: /home/ubuntu/microros_ws/install/geometry_msgs/include/geometry_msgs/geometry_msgs/msg/detail/point__rosidl_typesupport_fastrtps_cpp.hpp
[11.194s] -- Up-to-date symlink: /home/ubuntu/microros_ws/install/geometry_msgs/include/geometry_msgs/geometry_msgs/msg/detail/point_stamped__rosidl_typesupport_fastrtps_cpp.hpp
[11.194s] -- Up-to-date symlink: /home/ubuntu/microros_ws/install/geometry_msgs/include/geometry_msgs/geometry_msgs/msg/detail/polygon__rosidl_typesupport_fastrtps_cpp.hpp
[11.195s] -- Up-to-date symlink: /home/ubuntu/microros_ws/install/geometry_msgs/include/geometry_msgs/geometry_msgs/msg/detail/polygon_stamped__rosidl_typesupport_fastrtps_cpp.hpp
[11.199s] -- Up-to-date symlink: /home/ubuntu/microros_ws/install/geometry_msgs/include/geometry_msgs/geometry_msgs/msg/detail/pose2_d__rosidl_typesupport_fastrtps_cpp.hpp
[11.200s] -- Up-to-date symlink: /home/ubuntu/microros_ws/install/geometry_msgs/include/geometry_msgs/geometry_msgs/msg/detail/pose__rosidl_typesupport_fastrtps_cpp.hpp
[11.200s] -- Up-to-date symlink: /home/ubuntu/microros_ws/install/geometry_msgs/include/geometry_msgs/geometry_msgs/msg/detail/pose_array__rosidl_typesupport_fastrtps_cpp.hpp
[11.201s] -- Up-to-date symlink: /home/ubuntu/microros_ws/install/geometry_msgs/include/geometry_msgs/geometry_msgs/msg/detail/pose_stamped__rosidl_typesupport_fastrtps_cpp.hpp
[11.202s] -- Up-to-date symlink: /home/ubuntu/microros_ws/install/geometry_msgs/include/geometry_msgs/geometry_msgs/msg/detail/pose_with_covariance__rosidl_typesupport_fastrtps_cpp.hpp
[11.202s] -- Up-to-date symlink: /home/ubuntu/microros_ws/install/geometry_msgs/include/geometry_msgs/geometry_msgs/msg/detail/pose_with_covariance_stamped__rosidl_typesupport_fastrtps_cpp.hpp
[11.203s] -- Up-to-date symlink: /home/ubuntu/microros_ws/install/geometry_msgs/include/geometry_msgs/geometry_msgs/msg/detail/quaternion__rosidl_typesupport_fastrtps_cpp.hpp
[11.204s] -- Up-to-date symlink: /home/ubuntu/microros_ws/install/geometry_msgs/include/geometry_msgs/geometry_msgs/msg/detail/quaternion_stamped__rosidl_typesupport_fastrtps_cpp.hpp
[11.205s] -- Up-to-date symlink: /home/ubuntu/microros_ws/install/geometry_msgs/include/geometry_msgs/geometry_msgs/msg/detail/transform__rosidl_typesupport_fastrtps_cpp.hpp
[11.205s] -- Up-to-date symlink: /home/ubuntu/microros_ws/install/geometry_msgs/include/geometry_msgs/geometry_msgs/msg/detail/transform_stamped__rosidl_typesupport_fastrtps_cpp.hpp
[11.206s] -- Up-to-date symlink: /home/ubuntu/microros_ws/install/geometry_msgs/include/geometry_msgs/geometry_msgs/msg/detail/twist__rosidl_typesupport_fastrtps_cpp.hpp
[11.207s] -- Up-to-date symlink: /home/ubuntu/microros_ws/install/geometry_msgs/include/geometry_msgs/geometry_msgs/msg/detail/twist_stamped__rosidl_typesupport_fastrtps_cpp.hpp
[11.207s] -- Up-to-date symlink: /home/ubuntu/microros_ws/install/geometry_msgs/include/geometry_msgs/geometry_msgs/msg/detail/twist_with_covariance__rosidl_typesupport_fastrtps_cpp.hpp
[11.208s] -- Up-to-date symlink: /home/ubuntu/microros_ws/install/geometry_msgs/include/geometry_msgs/geometry_msgs/msg/detail/twist_with_covariance_stamped__rosidl_typesupport_fastrtps_cpp.hpp
[11.209s] -- Up-to-date symlink: /home/ubuntu/microros_ws/install/geometry_msgs/include/geometry_msgs/geometry_msgs/msg/detail/vector3__rosidl_typesupport_fastrtps_cpp.hpp
[11.210s] -- Up-to-date symlink: /home/ubuntu/microros_ws/install/geometry_msgs/include/geometry_msgs/geometry_msgs/msg/detail/vector3_stamped__rosidl_typesupport_fastrtps_cpp.hpp
[11.212s] -- Up-to-date symlink: /home/ubuntu/microros_ws/install/geometry_msgs/include/geometry_msgs/geometry_msgs/msg/detail/velocity_stamped__rosidl_typesupport_fastrtps_cpp.hpp
[11.213s] -- Up-to-date symlink: /home/ubuntu/microros_ws/install/geometry_msgs/include/geometry_msgs/geometry_msgs/msg/detail/wrench__rosidl_typesupport_fastrtps_cpp.hpp
[11.214s] -- Up-to-date symlink: /home/ubuntu/microros_ws/install/geometry_msgs/include/geometry_msgs/geometry_msgs/msg/detail/wrench_stamped__rosidl_typesupport_fastrtps_cpp.hpp
[11.214s] -- Up-to-date symlink: /home/ubuntu/microros_ws/install/geometry_msgs/include/geometry_msgs/geometry_msgs/msg/rosidl_typesupport_fastrtps_cpp__visibility_control.h
[11.214s] -- Up-to-date symlink: /home/ubuntu/microros_ws/install/geometry_msgs/include/geometry_msgs/geometry_msgs/msg/detail/accel__rosidl_typesupport_introspection_cpp.hpp
[11.215s] -- Up-to-date symlink: /home/ubuntu/microros_ws/install/geometry_msgs/include/geometry_msgs/geometry_msgs/msg/detail/accel_stamped__rosidl_typesupport_introspection_cpp.hpp
[11.215s] -- Up-to-date symlink: /home/ubuntu/microros_ws/install/geometry_msgs/include/geometry_msgs/geometry_msgs/msg/detail/accel_with_covariance__rosidl_typesupport_introspection_cpp.hpp
[11.216s] -- Up-to-date symlink: /home/ubuntu/microros_ws/install/geometry_msgs/include/geometry_msgs/geometry_msgs/msg/detail/accel_with_covariance_stamped__rosidl_typesupport_introspection_cpp.hpp
[11.217s] -- Up-to-date symlink: /home/ubuntu/microros_ws/install/geometry_msgs/include/geometry_msgs/geometry_msgs/msg/detail/inertia__rosidl_typesupport_introspection_cpp.hpp
[11.217s] -- Up-to-date symlink: /home/ubuntu/microros_ws/install/geometry_msgs/include/geometry_msgs/geometry_msgs/msg/detail/inertia_stamped__rosidl_typesupport_introspection_cpp.hpp
[11.218s] -- Up-to-date symlink: /home/ubuntu/microros_ws/install/geometry_msgs/include/geometry_msgs/geometry_msgs/msg/detail/point32__rosidl_typesupport_introspection_cpp.hpp
[11.219s] -- Up-to-date symlink: /home/ubuntu/microros_ws/install/geometry_msgs/include/geometry_msgs/geometry_msgs/msg/detail/point__rosidl_typesupport_introspection_cpp.hpp
[11.220s] -- Up-to-date symlink: /home/ubuntu/microros_ws/install/geometry_msgs/include/geometry_msgs/geometry_msgs/msg/detail/point_stamped__rosidl_typesupport_introspection_cpp.hpp
[11.221s] -- Up-to-date symlink: /home/ubuntu/microros_ws/install/geometry_msgs/include/geometry_msgs/geometry_msgs/msg/detail/polygon__rosidl_typesupport_introspection_cpp.hpp
[11.223s] -- Up-to-date symlink: /home/ubuntu/microros_ws/install/geometry_msgs/include/geometry_msgs/geometry_msgs/msg/detail/polygon_stamped__rosidl_typesupport_introspection_cpp.hpp
[11.224s] -- Up-to-date symlink: /home/ubuntu/microros_ws/install/geometry_msgs/include/geometry_msgs/geometry_msgs/msg/detail/pose2_d__rosidl_typesupport_introspection_cpp.hpp
[11.225s] -- Up-to-date symlink: /home/ubuntu/microros_ws/install/geometry_msgs/include/geometry_msgs/geometry_msgs/msg/detail/pose__rosidl_typesupport_introspection_cpp.hpp
[11.226s] -- Up-to-date symlink: /home/ubuntu/microros_ws/install/geometry_msgs/include/geometry_msgs/geometry_msgs/msg/detail/pose_array__rosidl_typesupport_introspection_cpp.hpp
[11.228s] -- Up-to-date symlink: /home/ubuntu/microros_ws/install/geometry_msgs/include/geometry_msgs/geometry_msgs/msg/detail/pose_stamped__rosidl_typesupport_introspection_cpp.hpp
[11.230s] -- Up-to-date symlink: /home/ubuntu/microros_ws/install/geometry_msgs/include/geometry_msgs/geometry_msgs/msg/detail/pose_with_covariance__rosidl_typesupport_introspection_cpp.hpp
[11.231s] -- Up-to-date symlink: /home/ubuntu/microros_ws/install/geometry_msgs/include/geometry_msgs/geometry_msgs/msg/detail/pose_with_covariance_stamped__rosidl_typesupport_introspection_cpp.hpp
[11.232s] -- Up-to-date symlink: /home/ubuntu/microros_ws/install/geometry_msgs/include/geometry_msgs/geometry_msgs/msg/detail/quaternion__rosidl_typesupport_introspection_cpp.hpp
[11.233s] -- Up-to-date symlink: /home/ubuntu/microros_ws/install/geometry_msgs/include/geometry_msgs/geometry_msgs/msg/detail/quaternion_stamped__rosidl_typesupport_introspection_cpp.hpp
[11.235s] -- Up-to-date symlink: /home/ubuntu/microros_ws/install/geometry_msgs/include/geometry_msgs/geometry_msgs/msg/detail/transform__rosidl_typesupport_introspection_cpp.hpp
[11.236s] -- Up-to-date symlink: /home/ubuntu/microros_ws/install/geometry_msgs/include/geometry_msgs/geometry_msgs/msg/detail/transform_stamped__rosidl_typesupport_introspection_cpp.hpp
[11.237s] -- Up-to-date symlink: /home/ubuntu/microros_ws/install/geometry_msgs/include/geometry_msgs/geometry_msgs/msg/detail/twist__rosidl_typesupport_introspection_cpp.hpp
[11.237s] -- Up-to-date symlink: /home/ubuntu/microros_ws/install/geometry_msgs/include/geometry_msgs/geometry_msgs/msg/detail/twist_stamped__rosidl_typesupport_introspection_cpp.hpp
[11.238s] -- Up-to-date symlink: /home/ubuntu/microros_ws/install/geometry_msgs/include/geometry_msgs/geometry_msgs/msg/detail/twist_with_covariance__rosidl_typesupport_introspection_cpp.hpp
[11.238s] -- Up-to-date symlink: /home/ubuntu/microros_ws/install/geometry_msgs/include/geometry_msgs/geometry_msgs/msg/detail/twist_with_covariance_stamped__rosidl_typesupport_introspection_cpp.hpp
[11.239s] -- Up-to-date symlink: /home/ubuntu/microros_ws/install/geometry_msgs/include/geometry_msgs/geometry_msgs/msg/detail/vector3__rosidl_typesupport_introspection_cpp.hpp
[11.239s] -- Up-to-date symlink: /home/ubuntu/microros_ws/install/geometry_msgs/include/geometry_msgs/geometry_msgs/msg/detail/vector3_stamped__rosidl_typesupport_introspection_cpp.hpp
[11.240s] -- Up-to-date symlink: /home/ubuntu/microros_ws/install/geometry_msgs/include/geometry_msgs/geometry_msgs/msg/detail/velocity_stamped__rosidl_typesupport_introspection_cpp.hpp
[11.240s] -- Up-to-date symlink: /home/ubuntu/microros_ws/install/geometry_msgs/include/geometry_msgs/geometry_msgs/msg/detail/wrench__rosidl_typesupport_introspection_cpp.hpp
[11.240s] -- Up-to-date symlink: /home/ubuntu/microros_ws/install/geometry_msgs/include/geometry_msgs/geometry_msgs/msg/detail/wrench_stamped__rosidl_typesupport_introspection_cpp.hpp
[11.241s] -- Up-to-date symlink: /home/ubuntu/microros_ws/install/geometry_msgs/share/geometry_msgs/environment/pythonpath.sh
[11.241s] -- Up-to-date symlink: /home/ubuntu/microros_ws/install/geometry_msgs/share/geometry_msgs/environment/pythonpath.dsv
[11.241s] -- Up-to-date symlink: /home/ubuntu/microros_ws/install/geometry_msgs/local/lib/python3.10/dist-packages/geometry_msgs-4.2.4-py3.10.egg-info/PKG-INFO
[11.242s] -- Up-to-date symlink: /home/ubuntu/microros_ws/install/geometry_msgs/local/lib/python3.10/dist-packages/geometry_msgs-4.2.4-py3.10.egg-info/SOURCES.txt
[11.242s] -- Up-to-date symlink: /home/ubuntu/microros_ws/install/geometry_msgs/local/lib/python3.10/dist-packages/geometry_msgs-4.2.4-py3.10.egg-info/dependency_links.txt
[11.242s] -- Up-to-date symlink: /home/ubuntu/microros_ws/install/geometry_msgs/local/lib/python3.10/dist-packages/geometry_msgs-4.2.4-py3.10.egg-info/top_level.txt
[11.256s] -- Up-to-date symlink: /home/ubuntu/microros_ws/install/geometry_msgs/local/lib/python3.10/dist-packages/geometry_msgs/__init__.py
[11.261s] -- Up-to-date symlink: /home/ubuntu/microros_ws/install/geometry_msgs/local/lib/python3.10/dist-packages/geometry_msgs/_geometry_msgs_s.ep.rosidl_typesupport_c.c
[11.261s] -- Up-to-date symlink: /home/ubuntu/microros_ws/install/geometry_msgs/local/lib/python3.10/dist-packages/geometry_msgs/_geometry_msgs_s.ep.rosidl_typesupport_fastrtps_c.c
[11.262s] -- Up-to-date symlink: /home/ubuntu/microros_ws/install/geometry_msgs/local/lib/python3.10/dist-packages/geometry_msgs/_geometry_msgs_s.ep.rosidl_typesupport_introspection_c.c
[11.263s] -- Up-to-date symlink: /home/ubuntu/microros_ws/install/geometry_msgs/local/lib/python3.10/dist-packages/geometry_msgs/_geometry_msgs_s.ep.rosidl_typesupport_microxrcedds_c.c
[11.266s] -- Up-to-date symlink: /home/ubuntu/microros_ws/install/geometry_msgs/local/lib/python3.10/dist-packages/geometry_msgs/geometry_msgs_s__rosidl_typesupport_c.cpython-310-aarch64-linux-gnu.so
[11.268s] -- Up-to-date symlink: /home/ubuntu/microros_ws/install/geometry_msgs/local/lib/python3.10/dist-packages/geometry_msgs/geometry_msgs_s__rosidl_typesupport_fastrtps_c.cpython-310-aarch64-linux-gnu.so
[11.271s] -- Up-to-date symlink: /home/ubuntu/microros_ws/install/geometry_msgs/local/lib/python3.10/dist-packages/geometry_msgs/geometry_msgs_s__rosidl_typesupport_introspection_c.cpython-310-aarch64-linux-gnu.so
[11.274s] -- Up-to-date symlink: /home/ubuntu/microros_ws/install/geometry_msgs/local/lib/python3.10/dist-packages/geometry_msgs/geometry_msgs_s__rosidl_typesupport_microxrcedds_c.cpython-310-aarch64-linux-gnu.so
[11.293s] -- Up-to-date symlink: /home/ubuntu/microros_ws/install/geometry_msgs/local/lib/python3.10/dist-packages/geometry_msgs/libgeometry_msgs__rosidl_generator_py.so
[11.293s] -- Up-to-date symlink: /home/ubuntu/microros_ws/install/geometry_msgs/local/lib/python3.10/dist-packages/geometry_msgs/msg/__init__.py
[11.294s] -- Up-to-date symlink: /home/ubuntu/microros_ws/install/geometry_msgs/local/lib/python3.10/dist-packages/geometry_msgs/msg/_accel.py
[11.295s] -- Up-to-date symlink: /home/ubuntu/microros_ws/install/geometry_msgs/local/lib/python3.10/dist-packages/geometry_msgs/msg/_accel_s.c
[11.296s] -- Up-to-date symlink: /home/ubuntu/microros_ws/install/geometry_msgs/local/lib/python3.10/dist-packages/geometry_msgs/msg/_accel_stamped.py
[11.297s] -- Up-to-date symlink: /home/ubuntu/microros_ws/install/geometry_msgs/local/lib/python3.10/dist-packages/geometry_msgs/msg/_accel_stamped_s.c
[11.297s] -- Up-to-date symlink: /home/ubuntu/microros_ws/install/geometry_msgs/local/lib/python3.10/dist-packages/geometry_msgs/msg/_accel_with_covariance.py
[11.306s] -- Up-to-date symlink: /home/ubuntu/microros_ws/install/geometry_msgs/local/lib/python3.10/dist-packages/geometry_msgs/msg/_accel_with_covariance_s.c
[11.307s] -- Up-to-date symlink: /home/ubuntu/microros_ws/install/geometry_msgs/local/lib/python3.10/dist-packages/geometry_msgs/msg/_accel_with_covariance_stamped.py
[11.309s] -- Up-to-date symlink: /home/ubuntu/microros_ws/install/geometry_msgs/local/lib/python3.10/dist-packages/geometry_msgs/msg/_accel_with_covariance_stamped_s.c
[11.311s] -- Up-to-date symlink: /home/ubuntu/microros_ws/install/geometry_msgs/local/lib/python3.10/dist-packages/geometry_msgs/msg/_inertia.py
[11.315s] -- Up-to-date symlink: /home/ubuntu/microros_ws/install/geometry_msgs/local/lib/python3.10/dist-packages/geometry_msgs/msg/_inertia_s.c
[11.317s] -- Up-to-date symlink: /home/ubuntu/microros_ws/install/geometry_msgs/local/lib/python3.10/dist-packages/geometry_msgs/msg/_inertia_stamped.py
[11.318s] -- Up-to-date symlink: /home/ubuntu/microros_ws/install/geometry_msgs/local/lib/python3.10/dist-packages/geometry_msgs/msg/_inertia_stamped_s.c
[11.320s] -- Up-to-date symlink: /home/ubuntu/microros_ws/install/geometry_msgs/local/lib/python3.10/dist-packages/geometry_msgs/msg/_point.py
[11.322s] -- Up-to-date symlink: /home/ubuntu/microros_ws/install/geometry_msgs/local/lib/python3.10/dist-packages/geometry_msgs/msg/_point32.py
[11.323s] -- Up-to-date symlink: /home/ubuntu/microros_ws/install/geometry_msgs/local/lib/python3.10/dist-packages/geometry_msgs/msg/_point32_s.c
[11.323s] -- Up-to-date symlink: /home/ubuntu/microros_ws/install/geometry_msgs/local/lib/python3.10/dist-packages/geometry_msgs/msg/_point_s.c
[11.324s] -- Up-to-date symlink: /home/ubuntu/microros_ws/install/geometry_msgs/local/lib/python3.10/dist-packages/geometry_msgs/msg/_point_stamped.py
[11.325s] -- Up-to-date symlink: /home/ubuntu/microros_ws/install/geometry_msgs/local/lib/python3.10/dist-packages/geometry_msgs/msg/_point_stamped_s.c
[11.325s] -- Up-to-date symlink: /home/ubuntu/microros_ws/install/geometry_msgs/local/lib/python3.10/dist-packages/geometry_msgs/msg/_polygon.py
[11.326s] -- Up-to-date symlink: /home/ubuntu/microros_ws/install/geometry_msgs/local/lib/python3.10/dist-packages/geometry_msgs/msg/_polygon_s.c
[11.327s] -- Up-to-date symlink: /home/ubuntu/microros_ws/install/geometry_msgs/local/lib/python3.10/dist-packages/geometry_msgs/msg/_polygon_stamped.py
[11.335s] -- Up-to-date symlink: /home/ubuntu/microros_ws/install/geometry_msgs/local/lib/python3.10/dist-packages/geometry_msgs/msg/_polygon_stamped_s.c
[11.335s] -- Up-to-date symlink: /home/ubuntu/microros_ws/install/geometry_msgs/local/lib/python3.10/dist-packages/geometry_msgs/msg/_pose.py
[11.336s] -- Up-to-date symlink: /home/ubuntu/microros_ws/install/geometry_msgs/local/lib/python3.10/dist-packages/geometry_msgs/msg/_pose2_d.py
[11.337s] -- Up-to-date symlink: /home/ubuntu/microros_ws/install/geometry_msgs/local/lib/python3.10/dist-packages/geometry_msgs/msg/_pose2_d_s.c
[11.368s] -- Up-to-date symlink: /home/ubuntu/microros_ws/install/geometry_msgs/local/lib/python3.10/dist-packages/geometry_msgs/msg/_pose_array.py
[11.369s] -- Up-to-date symlink: /home/ubuntu/microros_ws/install/geometry_msgs/local/lib/python3.10/dist-packages/geometry_msgs/msg/_pose_array_s.c
[11.370s] -- Up-to-date symlink: /home/ubuntu/microros_ws/install/geometry_msgs/local/lib/python3.10/dist-packages/geometry_msgs/msg/_pose_s.c
[11.382s] -- Up-to-date symlink: /home/ubuntu/microros_ws/install/geometry_msgs/local/lib/python3.10/dist-packages/geometry_msgs/msg/_pose_stamped.py
[11.384s] -- Up-to-date symlink: /home/ubuntu/microros_ws/install/geometry_msgs/local/lib/python3.10/dist-packages/geometry_msgs/msg/_pose_stamped_s.c
[11.385s] -- Up-to-date symlink: /home/ubuntu/microros_ws/install/geometry_msgs/local/lib/python3.10/dist-packages/geometry_msgs/msg/_pose_with_covariance.py
[11.386s] -- Up-to-date symlink: /home/ubuntu/microros_ws/install/geometry_msgs/local/lib/python3.10/dist-packages/geometry_msgs/msg/_pose_with_covariance_s.c
[11.389s] -- Up-to-date symlink: /home/ubuntu/microros_ws/install/geometry_msgs/local/lib/python3.10/dist-packages/geometry_msgs/msg/_pose_with_covariance_stamped.py
[11.391s] -- Up-to-date symlink: /home/ubuntu/microros_ws/install/geometry_msgs/local/lib/python3.10/dist-packages/geometry_msgs/msg/_pose_with_covariance_stamped_s.c
[11.392s] -- Up-to-date symlink: /home/ubuntu/microros_ws/install/geometry_msgs/local/lib/python3.10/dist-packages/geometry_msgs/msg/_quaternion.py
[11.394s] -- Up-to-date symlink: /home/ubuntu/microros_ws/install/geometry_msgs/local/lib/python3.10/dist-packages/geometry_msgs/msg/_quaternion_s.c
[11.396s] -- Up-to-date symlink: /home/ubuntu/microros_ws/install/geometry_msgs/local/lib/python3.10/dist-packages/geometry_msgs/msg/_quaternion_stamped.py
[11.397s] -- Up-to-date symlink: /home/ubuntu/microros_ws/install/geometry_msgs/local/lib/python3.10/dist-packages/geometry_msgs/msg/_quaternion_stamped_s.c
[11.397s] -- Up-to-date symlink: /home/ubuntu/microros_ws/install/geometry_msgs/local/lib/python3.10/dist-packages/geometry_msgs/msg/_transform.py
[11.398s] -- Up-to-date symlink: /home/ubuntu/microros_ws/install/geometry_msgs/local/lib/python3.10/dist-packages/geometry_msgs/msg/_transform_s.c
[11.398s] -- Up-to-date symlink: /home/ubuntu/microros_ws/install/geometry_msgs/local/lib/python3.10/dist-packages/geometry_msgs/msg/_transform_stamped.py
[11.399s] -- Up-to-date symlink: /home/ubuntu/microros_ws/install/geometry_msgs/local/lib/python3.10/dist-packages/geometry_msgs/msg/_transform_stamped_s.c
[11.399s] -- Up-to-date symlink: /home/ubuntu/microros_ws/install/geometry_msgs/local/lib/python3.10/dist-packages/geometry_msgs/msg/_twist.py
[11.400s] -- Up-to-date symlink: /home/ubuntu/microros_ws/install/geometry_msgs/local/lib/python3.10/dist-packages/geometry_msgs/msg/_twist_s.c
[11.400s] -- Up-to-date symlink: /home/ubuntu/microros_ws/install/geometry_msgs/local/lib/python3.10/dist-packages/geometry_msgs/msg/_twist_stamped.py
[11.406s] -- Up-to-date symlink: /home/ubuntu/microros_ws/install/geometry_msgs/local/lib/python3.10/dist-packages/geometry_msgs/msg/_twist_stamped_s.c
[11.409s] -- Up-to-date symlink: /home/ubuntu/microros_ws/install/geometry_msgs/local/lib/python3.10/dist-packages/geometry_msgs/msg/_twist_with_covariance.py
[11.410s] -- Up-to-date symlink: /home/ubuntu/microros_ws/install/geometry_msgs/local/lib/python3.10/dist-packages/geometry_msgs/msg/_twist_with_covariance_s.c
[11.412s] -- Up-to-date symlink: /home/ubuntu/microros_ws/install/geometry_msgs/local/lib/python3.10/dist-packages/geometry_msgs/msg/_twist_with_covariance_stamped.py
[11.413s] -- Up-to-date symlink: /home/ubuntu/microros_ws/install/geometry_msgs/local/lib/python3.10/dist-packages/geometry_msgs/msg/_twist_with_covariance_stamped_s.c
[11.414s] -- Up-to-date symlink: /home/ubuntu/microros_ws/install/geometry_msgs/local/lib/python3.10/dist-packages/geometry_msgs/msg/_vector3.py
[11.415s] -- Up-to-date symlink: /home/ubuntu/microros_ws/install/geometry_msgs/local/lib/python3.10/dist-packages/geometry_msgs/msg/_vector3_s.c
[11.425s] -- Up-to-date symlink: /home/ubuntu/microros_ws/install/geometry_msgs/local/lib/python3.10/dist-packages/geometry_msgs/msg/_vector3_stamped.py
[11.428s] -- Up-to-date symlink: /home/ubuntu/microros_ws/install/geometry_msgs/local/lib/python3.10/dist-packages/geometry_msgs/msg/_vector3_stamped_s.c
[11.429s] -- Up-to-date symlink: /home/ubuntu/microros_ws/install/geometry_msgs/local/lib/python3.10/dist-packages/geometry_msgs/msg/_velocity_stamped.py
[11.429s] -- Up-to-date symlink: /home/ubuntu/microros_ws/install/geometry_msgs/local/lib/python3.10/dist-packages/geometry_msgs/msg/_velocity_stamped_s.c
[11.430s] -- Up-to-date symlink: /home/ubuntu/microros_ws/install/geometry_msgs/local/lib/python3.10/dist-packages/geometry_msgs/msg/_wrench.py
[11.431s] -- Up-to-date symlink: /home/ubuntu/microros_ws/install/geometry_msgs/local/lib/python3.10/dist-packages/geometry_msgs/msg/_wrench_s.c
[11.431s] -- Up-to-date symlink: /home/ubuntu/microros_ws/install/geometry_msgs/local/lib/python3.10/dist-packages/geometry_msgs/msg/_wrench_stamped.py
[11.432s] -- Up-to-date symlink: /home/ubuntu/microros_ws/install/geometry_msgs/local/lib/python3.10/dist-packages/geometry_msgs/msg/_wrench_stamped_s.c
[11.433s] -- Up-to-date symlink: /home/ubuntu/microros_ws/install/geometry_msgs/local/lib/python3.10/dist-packages/geometry_msgs/geometry_msgs_s__rosidl_typesupport_fastrtps_c.cpython-310-aarch64-linux-gnu.so
[11.434s] -- Up-to-date symlink: /home/ubuntu/microros_ws/install/geometry_msgs/local/lib/python3.10/dist-packages/geometry_msgs/geometry_msgs_s__rosidl_typesupport_introspection_c.cpython-310-aarch64-linux-gnu.so
[11.434s] -- Up-to-date symlink: /home/ubuntu/microros_ws/install/geometry_msgs/local/lib/python3.10/dist-packages/geometry_msgs/geometry_msgs_s__rosidl_typesupport_c.cpython-310-aarch64-linux-gnu.so
[11.435s] -- Up-to-date symlink: /home/ubuntu/microros_ws/install/geometry_msgs/share/geometry_msgs/msg/Accel.idl
[11.436s] -- Up-to-date symlink: /home/ubuntu/microros_ws/install/geometry_msgs/share/geometry_msgs/msg/AccelStamped.idl
[11.436s] -- Up-to-date symlink: /home/ubuntu/microros_ws/install/geometry_msgs/share/geometry_msgs/msg/AccelWithCovariance.idl
[11.437s] -- Up-to-date symlink: /home/ubuntu/microros_ws/install/geometry_msgs/share/geometry_msgs/msg/AccelWithCovarianceStamped.idl
[11.464s] -- Up-to-date symlink: /home/ubuntu/microros_ws/install/geometry_msgs/share/geometry_msgs/msg/Inertia.idl
[11.464s] -- Up-to-date symlink: /home/ubuntu/microros_ws/install/geometry_msgs/share/geometry_msgs/msg/InertiaStamped.idl
[11.465s] -- Up-to-date symlink: /home/ubuntu/microros_ws/install/geometry_msgs/share/geometry_msgs/msg/Point.idl
[11.465s] -- Up-to-date symlink: /home/ubuntu/microros_ws/install/geometry_msgs/share/geometry_msgs/msg/Point32.idl
[11.466s] -- Up-to-date symlink: /home/ubuntu/microros_ws/install/geometry_msgs/share/geometry_msgs/msg/PointStamped.idl
[11.467s] -- Up-to-date symlink: /home/ubuntu/microros_ws/install/geometry_msgs/share/geometry_msgs/msg/Polygon.idl
[11.467s] -- Up-to-date symlink: /home/ubuntu/microros_ws/install/geometry_msgs/share/geometry_msgs/msg/PolygonStamped.idl
[11.468s] -- Up-to-date symlink: /home/ubuntu/microros_ws/install/geometry_msgs/share/geometry_msgs/msg/Pose.idl
[11.468s] -- Up-to-date symlink: /home/ubuntu/microros_ws/install/geometry_msgs/share/geometry_msgs/msg/Pose2D.idl
[11.468s] -- Up-to-date symlink: /home/ubuntu/microros_ws/install/geometry_msgs/share/geometry_msgs/msg/PoseArray.idl
[11.469s] -- Up-to-date symlink: /home/ubuntu/microros_ws/install/geometry_msgs/share/geometry_msgs/msg/PoseStamped.idl
[11.469s] -- Up-to-date symlink: /home/ubuntu/microros_ws/install/geometry_msgs/share/geometry_msgs/msg/PoseWithCovariance.idl
[11.469s] -- Up-to-date symlink: /home/ubuntu/microros_ws/install/geometry_msgs/share/geometry_msgs/msg/PoseWithCovarianceStamped.idl
[11.470s] -- Up-to-date symlink: /home/ubuntu/microros_ws/install/geometry_msgs/share/geometry_msgs/msg/Quaternion.idl
[11.470s] -- Up-to-date symlink: /home/ubuntu/microros_ws/install/geometry_msgs/share/geometry_msgs/msg/QuaternionStamped.idl
[11.471s] -- Up-to-date symlink: /home/ubuntu/microros_ws/install/geometry_msgs/share/geometry_msgs/msg/Transform.idl
[11.471s] -- Up-to-date symlink: /home/ubuntu/microros_ws/install/geometry_msgs/share/geometry_msgs/msg/TransformStamped.idl
[11.472s] -- Up-to-date symlink: /home/ubuntu/microros_ws/install/geometry_msgs/share/geometry_msgs/msg/Twist.idl
[11.472s] -- Up-to-date symlink: /home/ubuntu/microros_ws/install/geometry_msgs/share/geometry_msgs/msg/TwistStamped.idl
[11.473s] -- Up-to-date symlink: /home/ubuntu/microros_ws/install/geometry_msgs/share/geometry_msgs/msg/TwistWithCovariance.idl
[11.473s] -- Up-to-date symlink: /home/ubuntu/microros_ws/install/geometry_msgs/share/geometry_msgs/msg/TwistWithCovarianceStamped.idl
[11.478s] -- Up-to-date symlink: /home/ubuntu/microros_ws/install/geometry_msgs/share/geometry_msgs/msg/Vector3.idl
[11.478s] -- Up-to-date symlink: /home/ubuntu/microros_ws/install/geometry_msgs/share/geometry_msgs/msg/Vector3Stamped.idl
[11.479s] -- Up-to-date symlink: /home/ubuntu/microros_ws/install/geometry_msgs/share/geometry_msgs/msg/VelocityStamped.idl
[11.479s] -- Up-to-date symlink: /home/ubuntu/microros_ws/install/geometry_msgs/share/geometry_msgs/msg/Wrench.idl
[11.480s] -- Up-to-date symlink: /home/ubuntu/microros_ws/install/geometry_msgs/share/geometry_msgs/msg/WrenchStamped.idl
[11.480s] -- Up-to-date symlink: /home/ubuntu/microros_ws/install/geometry_msgs/share/geometry_msgs/msg/Accel.msg
[11.481s] -- Up-to-date symlink: /home/ubuntu/microros_ws/install/geometry_msgs/share/geometry_msgs/msg/AccelStamped.msg
[11.481s] -- Up-to-date symlink: /home/ubuntu/microros_ws/install/geometry_msgs/share/geometry_msgs/msg/AccelWithCovariance.msg
[11.482s] -- Up-to-date symlink: /home/ubuntu/microros_ws/install/geometry_msgs/share/geometry_msgs/msg/AccelWithCovarianceStamped.msg
[11.483s] -- Up-to-date symlink: /home/ubuntu/microros_ws/install/geometry_msgs/share/geometry_msgs/msg/Inertia.msg
[11.483s] -- Up-to-date symlink: /home/ubuntu/microros_ws/install/geometry_msgs/share/geometry_msgs/msg/InertiaStamped.msg
[11.484s] -- Up-to-date symlink: /home/ubuntu/microros_ws/install/geometry_msgs/share/geometry_msgs/msg/Point.msg
[11.484s] -- Up-to-date symlink: /home/ubuntu/microros_ws/install/geometry_msgs/share/geometry_msgs/msg/Point32.msg
[11.485s] -- Up-to-date symlink: /home/ubuntu/microros_ws/install/geometry_msgs/share/geometry_msgs/msg/PointStamped.msg
[11.486s] -- Up-to-date symlink: /home/ubuntu/microros_ws/install/geometry_msgs/share/geometry_msgs/msg/Polygon.msg
[11.486s] -- Up-to-date symlink: /home/ubuntu/microros_ws/install/geometry_msgs/share/geometry_msgs/msg/PolygonStamped.msg
[11.487s] -- Up-to-date symlink: /home/ubuntu/microros_ws/install/geometry_msgs/share/geometry_msgs/msg/Pose.msg
[11.488s] -- Up-to-date symlink: /home/ubuntu/microros_ws/install/geometry_msgs/share/geometry_msgs/msg/Pose2D.msg
[11.489s] -- Up-to-date symlink: /home/ubuntu/microros_ws/install/geometry_msgs/share/geometry_msgs/msg/PoseArray.msg
[11.490s] -- Up-to-date symlink: /home/ubuntu/microros_ws/install/geometry_msgs/share/geometry_msgs/msg/PoseStamped.msg
[11.492s] -- Up-to-date symlink: /home/ubuntu/microros_ws/install/geometry_msgs/share/geometry_msgs/msg/PoseWithCovariance.msg
[11.493s] -- Up-to-date symlink: /home/ubuntu/microros_ws/install/geometry_msgs/share/geometry_msgs/msg/PoseWithCovarianceStamped.msg
[11.498s] -- Up-to-date symlink: /home/ubuntu/microros_ws/install/geometry_msgs/share/geometry_msgs/msg/Quaternion.msg
[11.499s] -- Up-to-date symlink: /home/ubuntu/microros_ws/install/geometry_msgs/share/geometry_msgs/msg/QuaternionStamped.msg
[11.499s] -- Up-to-date symlink: /home/ubuntu/microros_ws/install/geometry_msgs/share/geometry_msgs/msg/Transform.msg
[11.500s] -- Up-to-date symlink: /home/ubuntu/microros_ws/install/geometry_msgs/share/geometry_msgs/msg/TransformStamped.msg
[11.501s] -- Up-to-date symlink: /home/ubuntu/microros_ws/install/geometry_msgs/share/geometry_msgs/msg/Twist.msg
[11.503s] -- Up-to-date symlink: /home/ubuntu/microros_ws/install/geometry_msgs/share/geometry_msgs/msg/TwistStamped.msg
[11.504s] -- Up-to-date symlink: /home/ubuntu/microros_ws/install/geometry_msgs/share/geometry_msgs/msg/TwistWithCovariance.msg
[11.505s] -- Up-to-date symlink: /home/ubuntu/microros_ws/install/geometry_msgs/share/geometry_msgs/msg/TwistWithCovarianceStamped.msg
[11.506s] -- Up-to-date symlink: /home/ubuntu/microros_ws/install/geometry_msgs/share/geometry_msgs/msg/Vector3.msg
[11.507s] -- Up-to-date symlink: /home/ubuntu/microros_ws/install/geometry_msgs/share/geometry_msgs/msg/Vector3Stamped.msg
[11.510s] -- Up-to-date symlink: /home/ubuntu/microros_ws/install/geometry_msgs/share/geometry_msgs/msg/VelocityStamped.msg
[11.510s] -- Up-to-date symlink: /home/ubuntu/microros_ws/install/geometry_msgs/share/geometry_msgs/msg/Wrench.msg
[11.511s] -- Up-to-date symlink: /home/ubuntu/microros_ws/install/geometry_msgs/share/geometry_msgs/msg/WrenchStamped.msg
[11.512s] -- Up-to-date symlink: /home/ubuntu/microros_ws/install/geometry_msgs/share/ament_index/resource_index/package_run_dependencies/geometry_msgs
[11.516s] -- Up-to-date symlink: /home/ubuntu/microros_ws/install/geometry_msgs/share/ament_index/resource_index/parent_prefix_path/geometry_msgs
[11.519s] -- Up-to-date symlink: /home/ubuntu/microros_ws/install/geometry_msgs/share/geometry_msgs/environment/ament_prefix_path.sh
[11.522s] -- Up-to-date symlink: /home/ubuntu/microros_ws/install/geometry_msgs/share/geometry_msgs/environment/ament_prefix_path.dsv
[11.523s] -- Up-to-date symlink: /home/ubuntu/microros_ws/install/geometry_msgs/share/geometry_msgs/environment/path.sh
[11.524s] -- Up-to-date symlink: /home/ubuntu/microros_ws/install/geometry_msgs/share/geometry_msgs/environment/path.dsv
[11.525s] -- Up-to-date symlink: /home/ubuntu/microros_ws/install/geometry_msgs/share/geometry_msgs/local_setup.bash
[11.525s] -- Up-to-date symlink: /home/ubuntu/microros_ws/install/geometry_msgs/share/geometry_msgs/local_setup.sh
[11.526s] -- Up-to-date symlink: /home/ubuntu/microros_ws/install/geometry_msgs/share/geometry_msgs/local_setup.zsh
[11.527s] -- Up-to-date symlink: /home/ubuntu/microros_ws/install/geometry_msgs/share/geometry_msgs/local_setup.dsv
[11.527s] -- Symlinking: /home/ubuntu/microros_ws/install/geometry_msgs/share/geometry_msgs/package.dsv
[11.528s] -- Up-to-date symlink: /home/ubuntu/microros_ws/install/geometry_msgs/share/ament_index/resource_index/packages/geometry_msgs
[11.530s] -- Up-to-date symlink: /home/ubuntu/microros_ws/install/geometry_msgs/share/geometry_msgs/cmake/rosidl_cmake-extras.cmake
[11.531s] -- Up-to-date symlink: /home/ubuntu/microros_ws/install/geometry_msgs/share/geometry_msgs/cmake/ament_cmake_export_dependencies-extras.cmake
[11.531s] -- Up-to-date symlink: /home/ubuntu/microros_ws/install/geometry_msgs/share/geometry_msgs/cmake/ament_cmake_export_include_directories-extras.cmake
[11.532s] -- Up-to-date symlink: /home/ubuntu/microros_ws/install/geometry_msgs/share/geometry_msgs/cmake/ament_cmake_export_libraries-extras.cmake
[11.532s] -- Up-to-date symlink: /home/ubuntu/microros_ws/install/geometry_msgs/share/geometry_msgs/cmake/ament_cmake_export_targets-extras.cmake
[11.533s] -- Up-to-date symlink: /home/ubuntu/microros_ws/install/geometry_msgs/share/geometry_msgs/cmake/rosidl_cmake_export_typesupport_targets-extras.cmake
[11.534s] -- Up-to-date symlink: /home/ubuntu/microros_ws/install/geometry_msgs/share/geometry_msgs/cmake/rosidl_cmake_export_typesupport_libraries-extras.cmake
[11.534s] -- Up-to-date symlink: /home/ubuntu/microros_ws/install/geometry_msgs/share/geometry_msgs/cmake/geometry_msgsConfig.cmake
[11.536s] -- Up-to-date symlink: /home/ubuntu/microros_ws/install/geometry_msgs/share/geometry_msgs/cmake/geometry_msgsConfig-version.cmake
[11.537s] -- Up-to-date symlink: /home/ubuntu/microros_ws/install/geometry_msgs/share/geometry_msgs/package.xml
[11.538s] -- Up-to-date: /home/ubuntu/microros_ws/install/geometry_msgs/lib/libgeometry_msgs__rosidl_generator_c.so
[11.538s] -- Up-to-date: /home/ubuntu/microros_ws/install/geometry_msgs/lib/libgeometry_msgs__rosidl_typesupport_fastrtps_c.so
[11.539s] -- Up-to-date: /home/ubuntu/microros_ws/install/geometry_msgs/lib/libgeometry_msgs__rosidl_typesupport_introspection_c.so
[11.540s] -- Up-to-date: /home/ubuntu/microros_ws/install/geometry_msgs/lib/libgeometry_msgs__rosidl_typesupport_c.so
[11.540s] -- Up-to-date: /home/ubuntu/microros_ws/install/geometry_msgs/lib/libgeometry_msgs__rosidl_typesupport_fastrtps_cpp.so
[11.541s] -- Up-to-date: /home/ubuntu/microros_ws/install/geometry_msgs/lib/libgeometry_msgs__rosidl_typesupport_introspection_cpp.so
[11.542s] -- Up-to-date: /home/ubuntu/microros_ws/install/geometry_msgs/lib/libgeometry_msgs__rosidl_typesupport_cpp.so
[11.771s] Listing '/home/ubuntu/microros_ws/install/geometry_msgs/local/lib/python3.10/dist-packages/geometry_msgs'...
[11.772s] Listing '/home/ubuntu/microros_ws/install/geometry_msgs/local/lib/python3.10/dist-packages/geometry_msgs/msg'...
[11.798s] -- Up-to-date: /home/ubuntu/microros_ws/install/geometry_msgs/lib/libgeometry_msgs__rosidl_generator_py.so
[11.799s] -- Up-to-date: /home/ubuntu/microros_ws/install/geometry_msgs/share/geometry_msgs/cmake/export_geometry_msgs__rosidl_generator_cExport.cmake
[11.800s] -- Up-to-date: /home/ubuntu/microros_ws/install/geometry_msgs/share/geometry_msgs/cmake/export_geometry_msgs__rosidl_generator_cExport-noconfig.cmake
[11.803s] -- Up-to-date: /home/ubuntu/microros_ws/install/geometry_msgs/share/geometry_msgs/cmake/export_geometry_msgs__rosidl_typesupport_fastrtps_cExport.cmake
[11.805s] -- Up-to-date: /home/ubuntu/microros_ws/install/geometry_msgs/share/geometry_msgs/cmake/export_geometry_msgs__rosidl_typesupport_fastrtps_cExport-noconfig.cmake
[11.817s] -- Up-to-date: /home/ubuntu/microros_ws/install/geometry_msgs/share/geometry_msgs/cmake/geometry_msgs__rosidl_typesupport_introspection_cExport.cmake
[11.818s] -- Up-to-date: /home/ubuntu/microros_ws/install/geometry_msgs/share/geometry_msgs/cmake/geometry_msgs__rosidl_typesupport_introspection_cExport-noconfig.cmake
[11.820s] -- Up-to-date: /home/ubuntu/microros_ws/install/geometry_msgs/share/geometry_msgs/cmake/geometry_msgs__rosidl_typesupport_cExport.cmake
[11.821s] -- Up-to-date: /home/ubuntu/microros_ws/install/geometry_msgs/share/geometry_msgs/cmake/geometry_msgs__rosidl_typesupport_cExport-noconfig.cmake
[11.822s] -- Up-to-date: /home/ubuntu/microros_ws/install/geometry_msgs/share/geometry_msgs/cmake/export_geometry_msgs__rosidl_generator_cppExport.cmake
[11.823s] -- Up-to-date: /home/ubuntu/microros_ws/install/geometry_msgs/share/geometry_msgs/cmake/export_geometry_msgs__rosidl_typesupport_fastrtps_cppExport.cmake
[11.823s] -- Up-to-date: /home/ubuntu/microros_ws/install/geometry_msgs/share/geometry_msgs/cmake/export_geometry_msgs__rosidl_typesupport_fastrtps_cppExport-noconfig.cmake
[11.824s] -- Up-to-date: /home/ubuntu/microros_ws/install/geometry_msgs/share/geometry_msgs/cmake/geometry_msgs__rosidl_typesupport_introspection_cppExport.cmake
[11.824s] -- Up-to-date: /home/ubuntu/microros_ws/install/geometry_msgs/share/geometry_msgs/cmake/geometry_msgs__rosidl_typesupport_introspection_cppExport-noconfig.cmake
[11.825s] -- Up-to-date: /home/ubuntu/microros_ws/install/geometry_msgs/share/geometry_msgs/cmake/geometry_msgs__rosidl_typesupport_cppExport.cmake
[11.825s] -- Up-to-date: /home/ubuntu/microros_ws/install/geometry_msgs/share/geometry_msgs/cmake/geometry_msgs__rosidl_typesupport_cppExport-noconfig.cmake
[11.826s] -- Up-to-date: /home/ubuntu/microros_ws/install/geometry_msgs/share/geometry_msgs/cmake/export_geometry_msgs__rosidl_generator_pyExport.cmake
[11.826s] -- Up-to-date: /home/ubuntu/microros_ws/install/geometry_msgs/share/geometry_msgs/cmake/export_geometry_msgs__rosidl_generator_pyExport-noconfig.cmake
[11.851s] Invoked command in '/home/ubuntu/microros_ws/build/geometry_msgs' returned '0': AMENT_PREFIX_PATH=/home/ubuntu/microros_ws/install/std_msgs:/home/ubuntu/microros_ws/install/builtin_interfaces:${AMENT_PREFIX_PATH} CMAKE_PREFIX_PATH=/home/ubuntu/microros_ws/install/std_msgs:/home/ubuntu/microros_ws/install/builtin_interfaces:/opt/ros/humble LD_LIBRARY_PATH=/home/ubuntu/microros_ws/install/std_msgs/lib:/home/ubuntu/microros_ws/install/builtin_interfaces/lib:${LD_LIBRARY_PATH} PYTHONPATH=/home/ubuntu/microros_ws/install/std_msgs/local/lib/python3.10/dist-packages:/home/ubuntu/microros_ws/install/builtin_interfaces/local/lib/python3.10/dist-packages:${PYTHONPATH} /usr/bin/cmake --install /home/ubuntu/microros_ws/build/geometry_msgs
