[0.076s] Invoking command in '/home/ubuntu/microros_ws/build/std_msgs': AMENT_PREFIX_PATH=/home/ubuntu/microros_ws/install/builtin_interfaces:${AMENT_PREFIX_PATH} CMAKE_PREFIX_PATH=/home/ubuntu/microros_ws/install/builtin_interfaces:/opt/ros/humble LD_LIBRARY_PATH=/home/ubuntu/microros_ws/install/builtin_interfaces/lib:${LD_LIBRARY_PATH} PYTHONPATH=/home/ubuntu/microros_ws/install/builtin_interfaces/local/lib/python3.10/dist-packages:${PYTHONPATH} /usr/bin/cmake --build /home/ubuntu/microros_ws/build/std_msgs -- -j4 -l4
[0.507s] [  0%] Built target std_msgs__cpp
[0.514s] [ 12%] Built target std_msgs__rosidl_generator_c
[0.621s] [ 12%] Built target ament_cmake_python_symlink_std_msgs
[0.824s] [ 24%] Built target std_msgs__rosidl_typesupport_cpp
[0.835s] [ 36%] Built target std_msgs__rosidl_typesupport_fastrtps_cpp
[0.939s] [ 49%] Built target std_msgs__rosidl_typesupport_introspection_cpp
[1.000s] [ 61%] Built target std_msgs__rosidl_typesupport_fastrtps_c
[1.100s] [ 73%] Built target std_msgs__rosidl_typesupport_c
[1.121s] [ 86%] Built target std_msgs__rosidl_typesupport_introspection_c
[1.318s] [ 86%] Built target std_msgs
[1.702s] [ 86%] Built target std_msgs__py
[2.017s] [ 98%] Built target std_msgs__rosidl_generator_py
[2.340s] [ 99%] Built target std_msgs__rosidl_typesupport_fastrtps_c__pyext
[2.594s] [100%] Built target std_msgs__rosidl_typesupport_c__pyext
[2.736s] [100%] Built target std_msgs__rosidl_typesupport_introspection_c__pyext
[4.111s] running egg_info
[4.120s] writing std_msgs.egg-info/PKG-INFO
[4.123s] writing dependency_links to std_msgs.egg-info/dependency_links.txt
[4.128s] writing top-level names to std_msgs.egg-info/top_level.txt
[4.151s] reading manifest file 'std_msgs.egg-info/SOURCES.txt'
[4.158s] writing manifest file 'std_msgs.egg-info/SOURCES.txt'
[4.418s] [100%] Built target ament_cmake_python_build_std_msgs_egg
[4.555s] Invoked command in '/home/ubuntu/microros_ws/build/std_msgs' returned '0': AMENT_PREFIX_PATH=/home/ubuntu/microros_ws/install/builtin_interfaces:${AMENT_PREFIX_PATH} CMAKE_PREFIX_PATH=/home/ubuntu/microros_ws/install/builtin_interfaces:/opt/ros/humble LD_LIBRARY_PATH=/home/ubuntu/microros_ws/install/builtin_interfaces/lib:${LD_LIBRARY_PATH} PYTHONPATH=/home/ubuntu/microros_ws/install/builtin_interfaces/local/lib/python3.10/dist-packages:${PYTHONPATH} /usr/bin/cmake --build /home/ubuntu/microros_ws/build/std_msgs -- -j4 -l4
[11.664s] Invoking command in '/home/ubuntu/microros_ws/build/std_msgs': AMENT_PREFIX_PATH=/home/ubuntu/microros_ws/install/builtin_interfaces:${AMENT_PREFIX_PATH} CMAKE_PREFIX_PATH=/home/ubuntu/microros_ws/install/builtin_interfaces:/opt/ros/humble LD_LIBRARY_PATH=/home/ubuntu/microros_ws/install/builtin_interfaces/lib:${LD_LIBRARY_PATH} PYTHONPATH=/home/ubuntu/microros_ws/install/builtin_interfaces/local/lib/python3.10/dist-packages:${PYTHONPATH} /usr/bin/cmake --install /home/ubuntu/microros_ws/build/std_msgs
[11.705s] -- Install configuration: ""
[11.710s] -- Execute custom install script
[11.714s] -- Up-to-date symlink: /home/ubuntu/microros_ws/install/std_msgs/share/ament_index/resource_index/rosidl_interfaces/std_msgs
[11.735s] -- Up-to-date symlink: /home/ubuntu/microros_ws/install/std_msgs/include/std_msgs/std_msgs/msg/bool.h
[11.739s] -- Up-to-date symlink: /home/ubuntu/microros_ws/install/std_msgs/include/std_msgs/std_msgs/msg/byte.h
[11.744s] -- Up-to-date symlink: /home/ubuntu/microros_ws/install/std_msgs/include/std_msgs/std_msgs/msg/byte_multi_array.h
[11.749s] -- Up-to-date symlink: /home/ubuntu/microros_ws/install/std_msgs/include/std_msgs/std_msgs/msg/char.h
[11.753s] -- Up-to-date symlink: /home/ubuntu/microros_ws/install/std_msgs/include/std_msgs/std_msgs/msg/color_rgba.h
[11.758s] -- Up-to-date symlink: /home/ubuntu/microros_ws/install/std_msgs/include/std_msgs/std_msgs/msg/detail/bool__functions.h
[11.762s] -- Up-to-date symlink: /home/ubuntu/microros_ws/install/std_msgs/include/std_msgs/std_msgs/msg/detail/bool__struct.h
[11.766s] -- Up-to-date symlink: /home/ubuntu/microros_ws/install/std_msgs/include/std_msgs/std_msgs/msg/detail/bool__type_support.h
[11.770s] -- Up-to-date symlink: /home/ubuntu/microros_ws/install/std_msgs/include/std_msgs/std_msgs/msg/detail/byte__functions.h
[11.777s] -- Up-to-date symlink: /home/ubuntu/microros_ws/install/std_msgs/include/std_msgs/std_msgs/msg/detail/byte__struct.h
[11.783s] -- Up-to-date symlink: /home/ubuntu/microros_ws/install/std_msgs/include/std_msgs/std_msgs/msg/detail/byte__type_support.h
[11.789s] -- Up-to-date symlink: /home/ubuntu/microros_ws/install/std_msgs/include/std_msgs/std_msgs/msg/detail/byte_multi_array__functions.h
[11.791s] -- Up-to-date symlink: /home/ubuntu/microros_ws/install/std_msgs/include/std_msgs/std_msgs/msg/detail/byte_multi_array__struct.h
[11.793s] -- Up-to-date symlink: /home/ubuntu/microros_ws/install/std_msgs/include/std_msgs/std_msgs/msg/detail/byte_multi_array__type_support.h
[11.795s] -- Up-to-date symlink: /home/ubuntu/microros_ws/install/std_msgs/include/std_msgs/std_msgs/msg/detail/char__functions.h
[11.797s] -- Up-to-date symlink: /home/ubuntu/microros_ws/install/std_msgs/include/std_msgs/std_msgs/msg/detail/char__struct.h
[11.798s] -- Up-to-date symlink: /home/ubuntu/microros_ws/install/std_msgs/include/std_msgs/std_msgs/msg/detail/char__type_support.h
[11.800s] -- Up-to-date symlink: /home/ubuntu/microros_ws/install/std_msgs/include/std_msgs/std_msgs/msg/detail/color_rgba__functions.h
[11.803s] -- Up-to-date symlink: /home/ubuntu/microros_ws/install/std_msgs/include/std_msgs/std_msgs/msg/detail/color_rgba__struct.h
[11.805s] -- Up-to-date symlink: /home/ubuntu/microros_ws/install/std_msgs/include/std_msgs/std_msgs/msg/detail/color_rgba__type_support.h
[11.807s] -- Up-to-date symlink: /home/ubuntu/microros_ws/install/std_msgs/include/std_msgs/std_msgs/msg/detail/empty__functions.h
[11.815s] -- Up-to-date symlink: /home/ubuntu/microros_ws/install/std_msgs/include/std_msgs/std_msgs/msg/detail/empty__struct.h
[11.820s] -- Up-to-date symlink: /home/ubuntu/microros_ws/install/std_msgs/include/std_msgs/std_msgs/msg/detail/empty__type_support.h
[11.822s] -- Up-to-date symlink: /home/ubuntu/microros_ws/install/std_msgs/include/std_msgs/std_msgs/msg/detail/float32__functions.h
[11.832s] -- Up-to-date symlink: /home/ubuntu/microros_ws/install/std_msgs/include/std_msgs/std_msgs/msg/detail/float32__struct.h
[11.834s] -- Up-to-date symlink: /home/ubuntu/microros_ws/install/std_msgs/include/std_msgs/std_msgs/msg/detail/float32__type_support.h
[11.835s] -- Up-to-date symlink: /home/ubuntu/microros_ws/install/std_msgs/include/std_msgs/std_msgs/msg/detail/float32_multi_array__functions.h
[11.837s] -- Up-to-date symlink: /home/ubuntu/microros_ws/install/std_msgs/include/std_msgs/std_msgs/msg/detail/float32_multi_array__struct.h
[11.839s] -- Up-to-date symlink: /home/ubuntu/microros_ws/install/std_msgs/include/std_msgs/std_msgs/msg/detail/float32_multi_array__type_support.h
[11.839s] -- Up-to-date symlink: /home/ubuntu/microros_ws/install/std_msgs/include/std_msgs/std_msgs/msg/detail/float64__functions.h
[11.840s] -- Up-to-date symlink: /home/ubuntu/microros_ws/install/std_msgs/include/std_msgs/std_msgs/msg/detail/float64__struct.h
[11.860s] -- Up-to-date symlink: /home/ubuntu/microros_ws/install/std_msgs/include/std_msgs/std_msgs/msg/detail/float64__type_support.h
[11.865s] -- Up-to-date symlink: /home/ubuntu/microros_ws/install/std_msgs/include/std_msgs/std_msgs/msg/detail/float64_multi_array__functions.h
[11.868s] -- Up-to-date symlink: /home/ubuntu/microros_ws/install/std_msgs/include/std_msgs/std_msgs/msg/detail/float64_multi_array__struct.h
[11.879s] -- Up-to-date symlink: /home/ubuntu/microros_ws/install/std_msgs/include/std_msgs/std_msgs/msg/detail/float64_multi_array__type_support.h
[11.881s] -- Up-to-date symlink: /home/ubuntu/microros_ws/install/std_msgs/include/std_msgs/std_msgs/msg/detail/header__functions.h
[11.883s] -- Up-to-date symlink: /home/ubuntu/microros_ws/install/std_msgs/include/std_msgs/std_msgs/msg/detail/header__struct.h
[11.884s] -- Up-to-date symlink: /home/ubuntu/microros_ws/install/std_msgs/include/std_msgs/std_msgs/msg/detail/header__type_support.h
[11.885s] -- Up-to-date symlink: /home/ubuntu/microros_ws/install/std_msgs/include/std_msgs/std_msgs/msg/detail/int16__functions.h
[11.888s] -- Up-to-date symlink: /home/ubuntu/microros_ws/install/std_msgs/include/std_msgs/std_msgs/msg/detail/int16__struct.h
[11.890s] -- Up-to-date symlink: /home/ubuntu/microros_ws/install/std_msgs/include/std_msgs/std_msgs/msg/detail/int16__type_support.h
[11.892s] -- Up-to-date symlink: /home/ubuntu/microros_ws/install/std_msgs/include/std_msgs/std_msgs/msg/detail/int16_multi_array__functions.h
[11.893s] -- Up-to-date symlink: /home/ubuntu/microros_ws/install/std_msgs/include/std_msgs/std_msgs/msg/detail/int16_multi_array__struct.h
[11.899s] -- Up-to-date symlink: /home/ubuntu/microros_ws/install/std_msgs/include/std_msgs/std_msgs/msg/detail/int16_multi_array__type_support.h
[11.902s] -- Up-to-date symlink: /home/ubuntu/microros_ws/install/std_msgs/include/std_msgs/std_msgs/msg/detail/int32__functions.h
[11.912s] -- Up-to-date symlink: /home/ubuntu/microros_ws/install/std_msgs/include/std_msgs/std_msgs/msg/detail/int32__struct.h
[11.914s] -- Up-to-date symlink: /home/ubuntu/microros_ws/install/std_msgs/include/std_msgs/std_msgs/msg/detail/int32__type_support.h
[11.916s] -- Up-to-date symlink: /home/ubuntu/microros_ws/install/std_msgs/include/std_msgs/std_msgs/msg/detail/int32_multi_array__functions.h
[11.918s] -- Up-to-date symlink: /home/ubuntu/microros_ws/install/std_msgs/include/std_msgs/std_msgs/msg/detail/int32_multi_array__struct.h
[11.919s] -- Up-to-date symlink: /home/ubuntu/microros_ws/install/std_msgs/include/std_msgs/std_msgs/msg/detail/int32_multi_array__type_support.h
[11.922s] -- Up-to-date symlink: /home/ubuntu/microros_ws/install/std_msgs/include/std_msgs/std_msgs/msg/detail/int64__functions.h
[11.924s] -- Up-to-date symlink: /home/ubuntu/microros_ws/install/std_msgs/include/std_msgs/std_msgs/msg/detail/int64__struct.h
[11.925s] -- Up-to-date symlink: /home/ubuntu/microros_ws/install/std_msgs/include/std_msgs/std_msgs/msg/detail/int64__type_support.h
[11.927s] -- Up-to-date symlink: /home/ubuntu/microros_ws/install/std_msgs/include/std_msgs/std_msgs/msg/detail/int64_multi_array__functions.h
[11.930s] -- Up-to-date symlink: /home/ubuntu/microros_ws/install/std_msgs/include/std_msgs/std_msgs/msg/detail/int64_multi_array__struct.h
[11.931s] -- Up-to-date symlink: /home/ubuntu/microros_ws/install/std_msgs/include/std_msgs/std_msgs/msg/detail/int64_multi_array__type_support.h
[11.933s] -- Up-to-date symlink: /home/ubuntu/microros_ws/install/std_msgs/include/std_msgs/std_msgs/msg/detail/int8__functions.h
[11.934s] -- Up-to-date symlink: /home/ubuntu/microros_ws/install/std_msgs/include/std_msgs/std_msgs/msg/detail/int8__struct.h
[11.938s] -- Up-to-date symlink: /home/ubuntu/microros_ws/install/std_msgs/include/std_msgs/std_msgs/msg/detail/int8__type_support.h
[11.940s] -- Up-to-date symlink: /home/ubuntu/microros_ws/install/std_msgs/include/std_msgs/std_msgs/msg/detail/int8_multi_array__functions.h
[11.941s] -- Up-to-date symlink: /home/ubuntu/microros_ws/install/std_msgs/include/std_msgs/std_msgs/msg/detail/int8_multi_array__struct.h
[11.942s] -- Up-to-date symlink: /home/ubuntu/microros_ws/install/std_msgs/include/std_msgs/std_msgs/msg/detail/int8_multi_array__type_support.h
[11.943s] -- Up-to-date symlink: /home/ubuntu/microros_ws/install/std_msgs/include/std_msgs/std_msgs/msg/detail/multi_array_dimension__functions.h
[11.944s] -- Up-to-date symlink: /home/ubuntu/microros_ws/install/std_msgs/include/std_msgs/std_msgs/msg/detail/multi_array_dimension__struct.h
[11.946s] -- Up-to-date symlink: /home/ubuntu/microros_ws/install/std_msgs/include/std_msgs/std_msgs/msg/detail/multi_array_dimension__type_support.h
[11.947s] -- Up-to-date symlink: /home/ubuntu/microros_ws/install/std_msgs/include/std_msgs/std_msgs/msg/detail/multi_array_layout__functions.h
[11.948s] -- Up-to-date symlink: /home/ubuntu/microros_ws/install/std_msgs/include/std_msgs/std_msgs/msg/detail/multi_array_layout__struct.h
[11.951s] -- Up-to-date symlink: /home/ubuntu/microros_ws/install/std_msgs/include/std_msgs/std_msgs/msg/detail/multi_array_layout__type_support.h
[11.954s] -- Up-to-date symlink: /home/ubuntu/microros_ws/install/std_msgs/include/std_msgs/std_msgs/msg/detail/string__functions.h
[11.956s] -- Up-to-date symlink: /home/ubuntu/microros_ws/install/std_msgs/include/std_msgs/std_msgs/msg/detail/string__struct.h
[11.957s] -- Up-to-date symlink: /home/ubuntu/microros_ws/install/std_msgs/include/std_msgs/std_msgs/msg/detail/string__type_support.h
[11.959s] -- Up-to-date symlink: /home/ubuntu/microros_ws/install/std_msgs/include/std_msgs/std_msgs/msg/detail/u_int16__functions.h
[11.960s] -- Up-to-date symlink: /home/ubuntu/microros_ws/install/std_msgs/include/std_msgs/std_msgs/msg/detail/u_int16__struct.h
[11.962s] -- Up-to-date symlink: /home/ubuntu/microros_ws/install/std_msgs/include/std_msgs/std_msgs/msg/detail/u_int16__type_support.h
[11.971s] -- Up-to-date symlink: /home/ubuntu/microros_ws/install/std_msgs/include/std_msgs/std_msgs/msg/detail/u_int16_multi_array__functions.h
[11.975s] -- Up-to-date symlink: /home/ubuntu/microros_ws/install/std_msgs/include/std_msgs/std_msgs/msg/detail/u_int16_multi_array__struct.h
[11.980s] -- Up-to-date symlink: /home/ubuntu/microros_ws/install/std_msgs/include/std_msgs/std_msgs/msg/detail/u_int16_multi_array__type_support.h
[11.984s] -- Up-to-date symlink: /home/ubuntu/microros_ws/install/std_msgs/include/std_msgs/std_msgs/msg/detail/u_int32__functions.h
[11.986s] -- Up-to-date symlink: /home/ubuntu/microros_ws/install/std_msgs/include/std_msgs/std_msgs/msg/detail/u_int32__struct.h
[11.991s] -- Up-to-date symlink: /home/ubuntu/microros_ws/install/std_msgs/include/std_msgs/std_msgs/msg/detail/u_int32__type_support.h
[11.998s] -- Up-to-date symlink: /home/ubuntu/microros_ws/install/std_msgs/include/std_msgs/std_msgs/msg/detail/u_int32_multi_array__functions.h
[12.004s] -- Up-to-date symlink: /home/ubuntu/microros_ws/install/std_msgs/include/std_msgs/std_msgs/msg/detail/u_int32_multi_array__struct.h
[12.004s] -- Up-to-date symlink: /home/ubuntu/microros_ws/install/std_msgs/include/std_msgs/std_msgs/msg/detail/u_int32_multi_array__type_support.h
[12.008s] -- Up-to-date symlink: /home/ubuntu/microros_ws/install/std_msgs/include/std_msgs/std_msgs/msg/detail/u_int64__functions.h
[12.010s] -- Up-to-date symlink: /home/ubuntu/microros_ws/install/std_msgs/include/std_msgs/std_msgs/msg/detail/u_int64__struct.h
[12.011s] -- Up-to-date symlink: /home/ubuntu/microros_ws/install/std_msgs/include/std_msgs/std_msgs/msg/detail/u_int64__type_support.h
[12.011s] -- Up-to-date symlink: /home/ubuntu/microros_ws/install/std_msgs/include/std_msgs/std_msgs/msg/detail/u_int64_multi_array__functions.h
[12.012s] -- Up-to-date symlink: /home/ubuntu/microros_ws/install/std_msgs/include/std_msgs/std_msgs/msg/detail/u_int64_multi_array__struct.h
[12.012s] -- Up-to-date symlink: /home/ubuntu/microros_ws/install/std_msgs/include/std_msgs/std_msgs/msg/detail/u_int64_multi_array__type_support.h
[12.013s] -- Up-to-date symlink: /home/ubuntu/microros_ws/install/std_msgs/include/std_msgs/std_msgs/msg/detail/u_int8__functions.h
[12.014s] -- Up-to-date symlink: /home/ubuntu/microros_ws/install/std_msgs/include/std_msgs/std_msgs/msg/detail/u_int8__struct.h
[12.014s] -- Up-to-date symlink: /home/ubuntu/microros_ws/install/std_msgs/include/std_msgs/std_msgs/msg/detail/u_int8__type_support.h
[12.015s] -- Up-to-date symlink: /home/ubuntu/microros_ws/install/std_msgs/include/std_msgs/std_msgs/msg/detail/u_int8_multi_array__functions.h
[12.016s] -- Up-to-date symlink: /home/ubuntu/microros_ws/install/std_msgs/include/std_msgs/std_msgs/msg/detail/u_int8_multi_array__struct.h
[12.016s] -- Up-to-date symlink: /home/ubuntu/microros_ws/install/std_msgs/include/std_msgs/std_msgs/msg/detail/u_int8_multi_array__type_support.h
[12.017s] -- Up-to-date symlink: /home/ubuntu/microros_ws/install/std_msgs/include/std_msgs/std_msgs/msg/empty.h
[12.017s] -- Up-to-date symlink: /home/ubuntu/microros_ws/install/std_msgs/include/std_msgs/std_msgs/msg/float32.h
[12.019s] -- Up-to-date symlink: /home/ubuntu/microros_ws/install/std_msgs/include/std_msgs/std_msgs/msg/float32_multi_array.h
[12.021s] -- Up-to-date symlink: /home/ubuntu/microros_ws/install/std_msgs/include/std_msgs/std_msgs/msg/float64.h
[12.022s] -- Up-to-date symlink: /home/ubuntu/microros_ws/install/std_msgs/include/std_msgs/std_msgs/msg/float64_multi_array.h
[12.023s] -- Up-to-date symlink: /home/ubuntu/microros_ws/install/std_msgs/include/std_msgs/std_msgs/msg/header.h
[12.024s] -- Up-to-date symlink: /home/ubuntu/microros_ws/install/std_msgs/include/std_msgs/std_msgs/msg/int16.h
[12.025s] -- Up-to-date symlink: /home/ubuntu/microros_ws/install/std_msgs/include/std_msgs/std_msgs/msg/int16_multi_array.h
[12.026s] -- Up-to-date symlink: /home/ubuntu/microros_ws/install/std_msgs/include/std_msgs/std_msgs/msg/int32.h
[12.028s] -- Up-to-date symlink: /home/ubuntu/microros_ws/install/std_msgs/include/std_msgs/std_msgs/msg/int32_multi_array.h
[12.029s] -- Up-to-date symlink: /home/ubuntu/microros_ws/install/std_msgs/include/std_msgs/std_msgs/msg/int64.h
[12.031s] -- Up-to-date symlink: /home/ubuntu/microros_ws/install/std_msgs/include/std_msgs/std_msgs/msg/int64_multi_array.h
[12.032s] -- Up-to-date symlink: /home/ubuntu/microros_ws/install/std_msgs/include/std_msgs/std_msgs/msg/int8.h
[12.033s] -- Up-to-date symlink: /home/ubuntu/microros_ws/install/std_msgs/include/std_msgs/std_msgs/msg/int8_multi_array.h
[12.035s] -- Up-to-date symlink: /home/ubuntu/microros_ws/install/std_msgs/include/std_msgs/std_msgs/msg/multi_array_dimension.h
[12.036s] -- Up-to-date symlink: /home/ubuntu/microros_ws/install/std_msgs/include/std_msgs/std_msgs/msg/multi_array_layout.h
[12.037s] -- Up-to-date symlink: /home/ubuntu/microros_ws/install/std_msgs/include/std_msgs/std_msgs/msg/rosidl_generator_c__visibility_control.h
[12.038s] -- Up-to-date symlink: /home/ubuntu/microros_ws/install/std_msgs/include/std_msgs/std_msgs/msg/string.h
[12.040s] -- Up-to-date symlink: /home/ubuntu/microros_ws/install/std_msgs/include/std_msgs/std_msgs/msg/u_int16.h
[12.041s] -- Up-to-date symlink: /home/ubuntu/microros_ws/install/std_msgs/include/std_msgs/std_msgs/msg/u_int16_multi_array.h
[12.044s] -- Up-to-date symlink: /home/ubuntu/microros_ws/install/std_msgs/include/std_msgs/std_msgs/msg/u_int32.h
[12.046s] -- Up-to-date symlink: /home/ubuntu/microros_ws/install/std_msgs/include/std_msgs/std_msgs/msg/u_int32_multi_array.h
[12.049s] -- Up-to-date symlink: /home/ubuntu/microros_ws/install/std_msgs/include/std_msgs/std_msgs/msg/u_int64.h
[12.050s] -- Up-to-date symlink: /home/ubuntu/microros_ws/install/std_msgs/include/std_msgs/std_msgs/msg/u_int64_multi_array.h
[12.062s] -- Up-to-date symlink: /home/ubuntu/microros_ws/install/std_msgs/include/std_msgs/std_msgs/msg/u_int8.h
[12.065s] -- Up-to-date symlink: /home/ubuntu/microros_ws/install/std_msgs/include/std_msgs/std_msgs/msg/u_int8_multi_array.h
[12.066s] -- Up-to-date symlink: /home/ubuntu/microros_ws/install/std_msgs/share/std_msgs/environment/library_path.sh
[12.068s] -- Up-to-date symlink: /home/ubuntu/microros_ws/install/std_msgs/share/std_msgs/environment/library_path.dsv
[12.084s] -- Up-to-date symlink: /home/ubuntu/microros_ws/install/std_msgs/include/std_msgs/std_msgs/msg/detail/bool__rosidl_typesupport_fastrtps_c.h
[12.086s] -- Up-to-date symlink: /home/ubuntu/microros_ws/install/std_msgs/include/std_msgs/std_msgs/msg/detail/byte__rosidl_typesupport_fastrtps_c.h
[12.088s] -- Up-to-date symlink: /home/ubuntu/microros_ws/install/std_msgs/include/std_msgs/std_msgs/msg/detail/byte_multi_array__rosidl_typesupport_fastrtps_c.h
[12.098s] -- Up-to-date symlink: /home/ubuntu/microros_ws/install/std_msgs/include/std_msgs/std_msgs/msg/detail/char__rosidl_typesupport_fastrtps_c.h
[12.099s] -- Up-to-date symlink: /home/ubuntu/microros_ws/install/std_msgs/include/std_msgs/std_msgs/msg/detail/color_rgba__rosidl_typesupport_fastrtps_c.h
[12.099s] -- Up-to-date symlink: /home/ubuntu/microros_ws/install/std_msgs/include/std_msgs/std_msgs/msg/detail/empty__rosidl_typesupport_fastrtps_c.h
[12.100s] -- Up-to-date symlink: /home/ubuntu/microros_ws/install/std_msgs/include/std_msgs/std_msgs/msg/detail/float32__rosidl_typesupport_fastrtps_c.h
[12.100s] -- Up-to-date symlink: /home/ubuntu/microros_ws/install/std_msgs/include/std_msgs/std_msgs/msg/detail/float32_multi_array__rosidl_typesupport_fastrtps_c.h
[12.101s] -- Up-to-date symlink: /home/ubuntu/microros_ws/install/std_msgs/include/std_msgs/std_msgs/msg/detail/float64__rosidl_typesupport_fastrtps_c.h
[12.103s] -- Up-to-date symlink: /home/ubuntu/microros_ws/install/std_msgs/include/std_msgs/std_msgs/msg/detail/float64_multi_array__rosidl_typesupport_fastrtps_c.h
[12.105s] -- Up-to-date symlink: /home/ubuntu/microros_ws/install/std_msgs/include/std_msgs/std_msgs/msg/detail/header__rosidl_typesupport_fastrtps_c.h
[12.114s] -- Up-to-date symlink: /home/ubuntu/microros_ws/install/std_msgs/include/std_msgs/std_msgs/msg/detail/int16__rosidl_typesupport_fastrtps_c.h
[12.116s] -- Up-to-date symlink: /home/ubuntu/microros_ws/install/std_msgs/include/std_msgs/std_msgs/msg/detail/int16_multi_array__rosidl_typesupport_fastrtps_c.h
[12.117s] -- Up-to-date symlink: /home/ubuntu/microros_ws/install/std_msgs/include/std_msgs/std_msgs/msg/detail/int32__rosidl_typesupport_fastrtps_c.h
[12.118s] -- Up-to-date symlink: /home/ubuntu/microros_ws/install/std_msgs/include/std_msgs/std_msgs/msg/detail/int32_multi_array__rosidl_typesupport_fastrtps_c.h
[12.119s] -- Up-to-date symlink: /home/ubuntu/microros_ws/install/std_msgs/include/std_msgs/std_msgs/msg/detail/int64__rosidl_typesupport_fastrtps_c.h
[12.122s] -- Up-to-date symlink: /home/ubuntu/microros_ws/install/std_msgs/include/std_msgs/std_msgs/msg/detail/int64_multi_array__rosidl_typesupport_fastrtps_c.h
[12.122s] -- Up-to-date symlink: /home/ubuntu/microros_ws/install/std_msgs/include/std_msgs/std_msgs/msg/detail/int8__rosidl_typesupport_fastrtps_c.h
[12.123s] -- Up-to-date symlink: /home/ubuntu/microros_ws/install/std_msgs/include/std_msgs/std_msgs/msg/detail/int8_multi_array__rosidl_typesupport_fastrtps_c.h
[12.123s] -- Up-to-date symlink: /home/ubuntu/microros_ws/install/std_msgs/include/std_msgs/std_msgs/msg/detail/multi_array_dimension__rosidl_typesupport_fastrtps_c.h
[12.124s] -- Up-to-date symlink: /home/ubuntu/microros_ws/install/std_msgs/include/std_msgs/std_msgs/msg/detail/multi_array_layout__rosidl_typesupport_fastrtps_c.h
[12.124s] -- Up-to-date symlink: /home/ubuntu/microros_ws/install/std_msgs/include/std_msgs/std_msgs/msg/detail/string__rosidl_typesupport_fastrtps_c.h
[12.125s] -- Up-to-date symlink: /home/ubuntu/microros_ws/install/std_msgs/include/std_msgs/std_msgs/msg/detail/u_int16__rosidl_typesupport_fastrtps_c.h
[12.125s] -- Up-to-date symlink: /home/ubuntu/microros_ws/install/std_msgs/include/std_msgs/std_msgs/msg/detail/u_int16_multi_array__rosidl_typesupport_fastrtps_c.h
[12.134s] -- Up-to-date symlink: /home/ubuntu/microros_ws/install/std_msgs/include/std_msgs/std_msgs/msg/detail/u_int32__rosidl_typesupport_fastrtps_c.h
[12.135s] -- Up-to-date symlink: /home/ubuntu/microros_ws/install/std_msgs/include/std_msgs/std_msgs/msg/detail/u_int32_multi_array__rosidl_typesupport_fastrtps_c.h
[12.136s] -- Up-to-date symlink: /home/ubuntu/microros_ws/install/std_msgs/include/std_msgs/std_msgs/msg/detail/u_int64__rosidl_typesupport_fastrtps_c.h
[12.137s] -- Up-to-date symlink: /home/ubuntu/microros_ws/install/std_msgs/include/std_msgs/std_msgs/msg/detail/u_int64_multi_array__rosidl_typesupport_fastrtps_c.h
[12.138s] -- Up-to-date symlink: /home/ubuntu/microros_ws/install/std_msgs/include/std_msgs/std_msgs/msg/detail/u_int8__rosidl_typesupport_fastrtps_c.h
[12.138s] -- Up-to-date symlink: /home/ubuntu/microros_ws/install/std_msgs/include/std_msgs/std_msgs/msg/detail/u_int8_multi_array__rosidl_typesupport_fastrtps_c.h
[12.139s] -- Up-to-date symlink: /home/ubuntu/microros_ws/install/std_msgs/include/std_msgs/std_msgs/msg/rosidl_typesupport_fastrtps_c__visibility_control.h
[12.140s] -- Up-to-date symlink: /home/ubuntu/microros_ws/install/std_msgs/include/std_msgs/std_msgs/msg/bool.hpp
[12.141s] -- Up-to-date symlink: /home/ubuntu/microros_ws/install/std_msgs/include/std_msgs/std_msgs/msg/byte.hpp
[12.141s] -- Up-to-date symlink: /home/ubuntu/microros_ws/install/std_msgs/include/std_msgs/std_msgs/msg/byte_multi_array.hpp
[12.142s] -- Up-to-date symlink: /home/ubuntu/microros_ws/install/std_msgs/include/std_msgs/std_msgs/msg/char.hpp
[12.143s] -- Up-to-date symlink: /home/ubuntu/microros_ws/install/std_msgs/include/std_msgs/std_msgs/msg/color_rgba.hpp
[12.143s] -- Up-to-date symlink: /home/ubuntu/microros_ws/install/std_msgs/include/std_msgs/std_msgs/msg/detail/bool__builder.hpp
[12.144s] -- Up-to-date symlink: /home/ubuntu/microros_ws/install/std_msgs/include/std_msgs/std_msgs/msg/detail/bool__struct.hpp
[12.144s] -- Up-to-date symlink: /home/ubuntu/microros_ws/install/std_msgs/include/std_msgs/std_msgs/msg/detail/bool__traits.hpp
[12.145s] -- Up-to-date symlink: /home/ubuntu/microros_ws/install/std_msgs/include/std_msgs/std_msgs/msg/detail/byte__builder.hpp
[12.147s] -- Up-to-date symlink: /home/ubuntu/microros_ws/install/std_msgs/include/std_msgs/std_msgs/msg/detail/byte__struct.hpp
[12.149s] -- Up-to-date symlink: /home/ubuntu/microros_ws/install/std_msgs/include/std_msgs/std_msgs/msg/detail/byte__traits.hpp
[12.150s] -- Up-to-date symlink: /home/ubuntu/microros_ws/install/std_msgs/include/std_msgs/std_msgs/msg/detail/byte_multi_array__builder.hpp
[12.161s] -- Up-to-date symlink: /home/ubuntu/microros_ws/install/std_msgs/include/std_msgs/std_msgs/msg/detail/byte_multi_array__struct.hpp
[12.161s] -- Up-to-date symlink: /home/ubuntu/microros_ws/install/std_msgs/include/std_msgs/std_msgs/msg/detail/byte_multi_array__traits.hpp
[12.164s] -- Up-to-date symlink: /home/ubuntu/microros_ws/install/std_msgs/include/std_msgs/std_msgs/msg/detail/char__builder.hpp
[12.164s] -- Up-to-date symlink: /home/ubuntu/microros_ws/install/std_msgs/include/std_msgs/std_msgs/msg/detail/char__struct.hpp
[12.164s] -- Up-to-date symlink: /home/ubuntu/microros_ws/install/std_msgs/include/std_msgs/std_msgs/msg/detail/char__traits.hpp
[12.170s] -- Up-to-date symlink: /home/ubuntu/microros_ws/install/std_msgs/include/std_msgs/std_msgs/msg/detail/color_rgba__builder.hpp
[12.172s] -- Up-to-date symlink: /home/ubuntu/microros_ws/install/std_msgs/include/std_msgs/std_msgs/msg/detail/color_rgba__struct.hpp
[12.177s] -- Up-to-date symlink: /home/ubuntu/microros_ws/install/std_msgs/include/std_msgs/std_msgs/msg/detail/color_rgba__traits.hpp
[12.177s] -- Up-to-date symlink: /home/ubuntu/microros_ws/install/std_msgs/include/std_msgs/std_msgs/msg/detail/empty__builder.hpp
[12.178s] -- Up-to-date symlink: /home/ubuntu/microros_ws/install/std_msgs/include/std_msgs/std_msgs/msg/detail/empty__struct.hpp
[12.179s] -- Up-to-date symlink: /home/ubuntu/microros_ws/install/std_msgs/include/std_msgs/std_msgs/msg/detail/empty__traits.hpp
[12.181s] -- Up-to-date symlink: /home/ubuntu/microros_ws/install/std_msgs/include/std_msgs/std_msgs/msg/detail/float32__builder.hpp
[12.182s] -- Up-to-date symlink: /home/ubuntu/microros_ws/install/std_msgs/include/std_msgs/std_msgs/msg/detail/float32__struct.hpp
[12.184s] -- Up-to-date symlink: /home/ubuntu/microros_ws/install/std_msgs/include/std_msgs/std_msgs/msg/detail/float32__traits.hpp
[12.185s] -- Up-to-date symlink: /home/ubuntu/microros_ws/install/std_msgs/include/std_msgs/std_msgs/msg/detail/float32_multi_array__builder.hpp
[12.186s] -- Up-to-date symlink: /home/ubuntu/microros_ws/install/std_msgs/include/std_msgs/std_msgs/msg/detail/float32_multi_array__struct.hpp
[12.188s] -- Up-to-date symlink: /home/ubuntu/microros_ws/install/std_msgs/include/std_msgs/std_msgs/msg/detail/float32_multi_array__traits.hpp
[12.189s] -- Up-to-date symlink: /home/ubuntu/microros_ws/install/std_msgs/include/std_msgs/std_msgs/msg/detail/float64__builder.hpp
[12.194s] -- Up-to-date symlink: /home/ubuntu/microros_ws/install/std_msgs/include/std_msgs/std_msgs/msg/detail/float64__struct.hpp
[12.194s] -- Up-to-date symlink: /home/ubuntu/microros_ws/install/std_msgs/include/std_msgs/std_msgs/msg/detail/float64__traits.hpp
[12.195s] -- Up-to-date symlink: /home/ubuntu/microros_ws/install/std_msgs/include/std_msgs/std_msgs/msg/detail/float64_multi_array__builder.hpp
[12.196s] -- Up-to-date symlink: /home/ubuntu/microros_ws/install/std_msgs/include/std_msgs/std_msgs/msg/detail/float64_multi_array__struct.hpp
[12.197s] -- Up-to-date symlink: /home/ubuntu/microros_ws/install/std_msgs/include/std_msgs/std_msgs/msg/detail/float64_multi_array__traits.hpp
[12.199s] -- Up-to-date symlink: /home/ubuntu/microros_ws/install/std_msgs/include/std_msgs/std_msgs/msg/detail/header__builder.hpp
[12.202s] -- Up-to-date symlink: /home/ubuntu/microros_ws/install/std_msgs/include/std_msgs/std_msgs/msg/detail/header__struct.hpp
[12.202s] -- Up-to-date symlink: /home/ubuntu/microros_ws/install/std_msgs/include/std_msgs/std_msgs/msg/detail/header__traits.hpp
[12.203s] -- Up-to-date symlink: /home/ubuntu/microros_ws/install/std_msgs/include/std_msgs/std_msgs/msg/detail/int16__builder.hpp
[12.205s] -- Up-to-date symlink: /home/ubuntu/microros_ws/install/std_msgs/include/std_msgs/std_msgs/msg/detail/int16__struct.hpp
[12.207s] -- Up-to-date symlink: /home/ubuntu/microros_ws/install/std_msgs/include/std_msgs/std_msgs/msg/detail/int16__traits.hpp
[12.208s] -- Up-to-date symlink: /home/ubuntu/microros_ws/install/std_msgs/include/std_msgs/std_msgs/msg/detail/int16_multi_array__builder.hpp
[12.210s] -- Up-to-date symlink: /home/ubuntu/microros_ws/install/std_msgs/include/std_msgs/std_msgs/msg/detail/int16_multi_array__struct.hpp
[12.215s] -- Up-to-date symlink: /home/ubuntu/microros_ws/install/std_msgs/include/std_msgs/std_msgs/msg/detail/int16_multi_array__traits.hpp
[12.217s] -- Up-to-date symlink: /home/ubuntu/microros_ws/install/std_msgs/include/std_msgs/std_msgs/msg/detail/int32__builder.hpp
[12.217s] -- Up-to-date symlink: /home/ubuntu/microros_ws/install/std_msgs/include/std_msgs/std_msgs/msg/detail/int32__struct.hpp
[12.218s] -- Up-to-date symlink: /home/ubuntu/microros_ws/install/std_msgs/include/std_msgs/std_msgs/msg/detail/int32__traits.hpp
[12.219s] -- Up-to-date symlink: /home/ubuntu/microros_ws/install/std_msgs/include/std_msgs/std_msgs/msg/detail/int32_multi_array__builder.hpp
[12.220s] -- Up-to-date symlink: /home/ubuntu/microros_ws/install/std_msgs/include/std_msgs/std_msgs/msg/detail/int32_multi_array__struct.hpp
[12.222s] -- Up-to-date symlink: /home/ubuntu/microros_ws/install/std_msgs/include/std_msgs/std_msgs/msg/detail/int32_multi_array__traits.hpp
[12.223s] -- Up-to-date symlink: /home/ubuntu/microros_ws/install/std_msgs/include/std_msgs/std_msgs/msg/detail/int64__builder.hpp
[12.225s] -- Up-to-date symlink: /home/ubuntu/microros_ws/install/std_msgs/include/std_msgs/std_msgs/msg/detail/int64__struct.hpp
[12.226s] -- Up-to-date symlink: /home/ubuntu/microros_ws/install/std_msgs/include/std_msgs/std_msgs/msg/detail/int64__traits.hpp
[12.228s] -- Up-to-date symlink: /home/ubuntu/microros_ws/install/std_msgs/include/std_msgs/std_msgs/msg/detail/int64_multi_array__builder.hpp
[12.230s] -- Up-to-date symlink: /home/ubuntu/microros_ws/install/std_msgs/include/std_msgs/std_msgs/msg/detail/int64_multi_array__struct.hpp
[12.231s] -- Up-to-date symlink: /home/ubuntu/microros_ws/install/std_msgs/include/std_msgs/std_msgs/msg/detail/int64_multi_array__traits.hpp
[12.233s] -- Up-to-date symlink: /home/ubuntu/microros_ws/install/std_msgs/include/std_msgs/std_msgs/msg/detail/int8__builder.hpp
[12.234s] -- Up-to-date symlink: /home/ubuntu/microros_ws/install/std_msgs/include/std_msgs/std_msgs/msg/detail/int8__struct.hpp
[12.236s] -- Up-to-date symlink: /home/ubuntu/microros_ws/install/std_msgs/include/std_msgs/std_msgs/msg/detail/int8__traits.hpp
[12.238s] -- Up-to-date symlink: /home/ubuntu/microros_ws/install/std_msgs/include/std_msgs/std_msgs/msg/detail/int8_multi_array__builder.hpp
[12.239s] -- Up-to-date symlink: /home/ubuntu/microros_ws/install/std_msgs/include/std_msgs/std_msgs/msg/detail/int8_multi_array__struct.hpp
[12.241s] -- Up-to-date symlink: /home/ubuntu/microros_ws/install/std_msgs/include/std_msgs/std_msgs/msg/detail/int8_multi_array__traits.hpp
[12.244s] -- Up-to-date symlink: /home/ubuntu/microros_ws/install/std_msgs/include/std_msgs/std_msgs/msg/detail/multi_array_dimension__builder.hpp
[12.245s] -- Up-to-date symlink: /home/ubuntu/microros_ws/install/std_msgs/include/std_msgs/std_msgs/msg/detail/multi_array_dimension__struct.hpp
[12.246s] -- Up-to-date symlink: /home/ubuntu/microros_ws/install/std_msgs/include/std_msgs/std_msgs/msg/detail/multi_array_dimension__traits.hpp
[12.248s] -- Up-to-date symlink: /home/ubuntu/microros_ws/install/std_msgs/include/std_msgs/std_msgs/msg/detail/multi_array_layout__builder.hpp
[12.249s] -- Up-to-date symlink: /home/ubuntu/microros_ws/install/std_msgs/include/std_msgs/std_msgs/msg/detail/multi_array_layout__struct.hpp
[12.250s] -- Up-to-date symlink: /home/ubuntu/microros_ws/install/std_msgs/include/std_msgs/std_msgs/msg/detail/multi_array_layout__traits.hpp
[12.252s] -- Up-to-date symlink: /home/ubuntu/microros_ws/install/std_msgs/include/std_msgs/std_msgs/msg/detail/string__builder.hpp
[12.255s] -- Up-to-date symlink: /home/ubuntu/microros_ws/install/std_msgs/include/std_msgs/std_msgs/msg/detail/string__struct.hpp
[12.266s] -- Up-to-date symlink: /home/ubuntu/microros_ws/install/std_msgs/include/std_msgs/std_msgs/msg/detail/string__traits.hpp
[12.267s] -- Up-to-date symlink: /home/ubuntu/microros_ws/install/std_msgs/include/std_msgs/std_msgs/msg/detail/u_int16__builder.hpp
[12.267s] -- Up-to-date symlink: /home/ubuntu/microros_ws/install/std_msgs/include/std_msgs/std_msgs/msg/detail/u_int16__struct.hpp
[12.271s] -- Up-to-date symlink: /home/ubuntu/microros_ws/install/std_msgs/include/std_msgs/std_msgs/msg/detail/u_int16__traits.hpp
[12.274s] -- Up-to-date symlink: /home/ubuntu/microros_ws/install/std_msgs/include/std_msgs/std_msgs/msg/detail/u_int16_multi_array__builder.hpp
[12.274s] -- Up-to-date symlink: /home/ubuntu/microros_ws/install/std_msgs/include/std_msgs/std_msgs/msg/detail/u_int16_multi_array__struct.hpp
[12.277s] -- Up-to-date symlink: /home/ubuntu/microros_ws/install/std_msgs/include/std_msgs/std_msgs/msg/detail/u_int16_multi_array__traits.hpp
[12.279s] -- Up-to-date symlink: /home/ubuntu/microros_ws/install/std_msgs/include/std_msgs/std_msgs/msg/detail/u_int32__builder.hpp
[12.279s] -- Up-to-date symlink: /home/ubuntu/microros_ws/install/std_msgs/include/std_msgs/std_msgs/msg/detail/u_int32__struct.hpp
[12.280s] -- Up-to-date symlink: /home/ubuntu/microros_ws/install/std_msgs/include/std_msgs/std_msgs/msg/detail/u_int32__traits.hpp
[12.280s] -- Up-to-date symlink: /home/ubuntu/microros_ws/install/std_msgs/include/std_msgs/std_msgs/msg/detail/u_int32_multi_array__builder.hpp
[12.281s] -- Up-to-date symlink: /home/ubuntu/microros_ws/install/std_msgs/include/std_msgs/std_msgs/msg/detail/u_int32_multi_array__struct.hpp
[12.281s] -- Up-to-date symlink: /home/ubuntu/microros_ws/install/std_msgs/include/std_msgs/std_msgs/msg/detail/u_int32_multi_array__traits.hpp
[12.282s] -- Up-to-date symlink: /home/ubuntu/microros_ws/install/std_msgs/include/std_msgs/std_msgs/msg/detail/u_int64__builder.hpp
[12.283s] -- Up-to-date symlink: /home/ubuntu/microros_ws/install/std_msgs/include/std_msgs/std_msgs/msg/detail/u_int64__struct.hpp
[12.284s] -- Up-to-date symlink: /home/ubuntu/microros_ws/install/std_msgs/include/std_msgs/std_msgs/msg/detail/u_int64__traits.hpp
[12.284s] -- Up-to-date symlink: /home/ubuntu/microros_ws/install/std_msgs/include/std_msgs/std_msgs/msg/detail/u_int64_multi_array__builder.hpp
[12.284s] -- Up-to-date symlink: /home/ubuntu/microros_ws/install/std_msgs/include/std_msgs/std_msgs/msg/detail/u_int64_multi_array__struct.hpp
[12.285s] -- Up-to-date symlink: /home/ubuntu/microros_ws/install/std_msgs/include/std_msgs/std_msgs/msg/detail/u_int64_multi_array__traits.hpp
[12.285s] -- Up-to-date symlink: /home/ubuntu/microros_ws/install/std_msgs/include/std_msgs/std_msgs/msg/detail/u_int8__builder.hpp
[12.286s] -- Up-to-date symlink: /home/ubuntu/microros_ws/install/std_msgs/include/std_msgs/std_msgs/msg/detail/u_int8__struct.hpp
[12.287s] -- Up-to-date symlink: /home/ubuntu/microros_ws/install/std_msgs/include/std_msgs/std_msgs/msg/detail/u_int8__traits.hpp
[12.288s] -- Up-to-date symlink: /home/ubuntu/microros_ws/install/std_msgs/include/std_msgs/std_msgs/msg/detail/u_int8_multi_array__builder.hpp
[12.288s] -- Up-to-date symlink: /home/ubuntu/microros_ws/install/std_msgs/include/std_msgs/std_msgs/msg/detail/u_int8_multi_array__struct.hpp
[12.289s] -- Up-to-date symlink: /home/ubuntu/microros_ws/install/std_msgs/include/std_msgs/std_msgs/msg/detail/u_int8_multi_array__traits.hpp
[12.290s] -- Up-to-date symlink: /home/ubuntu/microros_ws/install/std_msgs/include/std_msgs/std_msgs/msg/empty.hpp
[12.290s] -- Up-to-date symlink: /home/ubuntu/microros_ws/install/std_msgs/include/std_msgs/std_msgs/msg/float32.hpp
[12.291s] -- Up-to-date symlink: /home/ubuntu/microros_ws/install/std_msgs/include/std_msgs/std_msgs/msg/float32_multi_array.hpp
[12.292s] -- Up-to-date symlink: /home/ubuntu/microros_ws/install/std_msgs/include/std_msgs/std_msgs/msg/float64.hpp
[12.293s] -- Up-to-date symlink: /home/ubuntu/microros_ws/install/std_msgs/include/std_msgs/std_msgs/msg/float64_multi_array.hpp
[12.294s] -- Up-to-date symlink: /home/ubuntu/microros_ws/install/std_msgs/include/std_msgs/std_msgs/msg/header.hpp
[12.296s] -- Up-to-date symlink: /home/ubuntu/microros_ws/install/std_msgs/include/std_msgs/std_msgs/msg/int16.hpp
[12.297s] -- Up-to-date symlink: /home/ubuntu/microros_ws/install/std_msgs/include/std_msgs/std_msgs/msg/int16_multi_array.hpp
[12.299s] -- Up-to-date symlink: /home/ubuntu/microros_ws/install/std_msgs/include/std_msgs/std_msgs/msg/int32.hpp
[12.301s] -- Up-to-date symlink: /home/ubuntu/microros_ws/install/std_msgs/include/std_msgs/std_msgs/msg/int32_multi_array.hpp
[12.302s] -- Up-to-date symlink: /home/ubuntu/microros_ws/install/std_msgs/include/std_msgs/std_msgs/msg/int64.hpp
[12.304s] -- Up-to-date symlink: /home/ubuntu/microros_ws/install/std_msgs/include/std_msgs/std_msgs/msg/int64_multi_array.hpp
[12.305s] -- Up-to-date symlink: /home/ubuntu/microros_ws/install/std_msgs/include/std_msgs/std_msgs/msg/int8.hpp
[12.306s] -- Up-to-date symlink: /home/ubuntu/microros_ws/install/std_msgs/include/std_msgs/std_msgs/msg/int8_multi_array.hpp
[12.307s] -- Up-to-date symlink: /home/ubuntu/microros_ws/install/std_msgs/include/std_msgs/std_msgs/msg/multi_array_dimension.hpp
[12.309s] -- Up-to-date symlink: /home/ubuntu/microros_ws/install/std_msgs/include/std_msgs/std_msgs/msg/multi_array_layout.hpp
[12.310s] -- Up-to-date symlink: /home/ubuntu/microros_ws/install/std_msgs/include/std_msgs/std_msgs/msg/string.hpp
[12.311s] -- Up-to-date symlink: /home/ubuntu/microros_ws/install/std_msgs/include/std_msgs/std_msgs/msg/u_int16.hpp
[12.312s] -- Up-to-date symlink: /home/ubuntu/microros_ws/install/std_msgs/include/std_msgs/std_msgs/msg/u_int16_multi_array.hpp
[12.314s] -- Up-to-date symlink: /home/ubuntu/microros_ws/install/std_msgs/include/std_msgs/std_msgs/msg/u_int32.hpp
[12.315s] -- Up-to-date symlink: /home/ubuntu/microros_ws/install/std_msgs/include/std_msgs/std_msgs/msg/u_int32_multi_array.hpp
[12.317s] -- Up-to-date symlink: /home/ubuntu/microros_ws/install/std_msgs/include/std_msgs/std_msgs/msg/u_int64.hpp
[12.317s] -- Up-to-date symlink: /home/ubuntu/microros_ws/install/std_msgs/include/std_msgs/std_msgs/msg/u_int64_multi_array.hpp
[12.319s] -- Up-to-date symlink: /home/ubuntu/microros_ws/install/std_msgs/include/std_msgs/std_msgs/msg/u_int8.hpp
[12.321s] -- Up-to-date symlink: /home/ubuntu/microros_ws/install/std_msgs/include/std_msgs/std_msgs/msg/u_int8_multi_array.hpp
[12.333s] -- Up-to-date symlink: /home/ubuntu/microros_ws/install/std_msgs/include/std_msgs/std_msgs/msg/detail/bool__rosidl_typesupport_fastrtps_cpp.hpp
[12.334s] -- Up-to-date symlink: /home/ubuntu/microros_ws/install/std_msgs/include/std_msgs/std_msgs/msg/detail/byte__rosidl_typesupport_fastrtps_cpp.hpp
[12.336s] -- Up-to-date symlink: /home/ubuntu/microros_ws/install/std_msgs/include/std_msgs/std_msgs/msg/detail/byte_multi_array__rosidl_typesupport_fastrtps_cpp.hpp
[12.337s] -- Up-to-date symlink: /home/ubuntu/microros_ws/install/std_msgs/include/std_msgs/std_msgs/msg/detail/char__rosidl_typesupport_fastrtps_cpp.hpp
[12.339s] -- Up-to-date symlink: /home/ubuntu/microros_ws/install/std_msgs/include/std_msgs/std_msgs/msg/detail/color_rgba__rosidl_typesupport_fastrtps_cpp.hpp
[12.340s] -- Up-to-date symlink: /home/ubuntu/microros_ws/install/std_msgs/include/std_msgs/std_msgs/msg/detail/empty__rosidl_typesupport_fastrtps_cpp.hpp
[12.341s] -- Up-to-date symlink: /home/ubuntu/microros_ws/install/std_msgs/include/std_msgs/std_msgs/msg/detail/float32__rosidl_typesupport_fastrtps_cpp.hpp
[12.344s] -- Up-to-date symlink: /home/ubuntu/microros_ws/install/std_msgs/include/std_msgs/std_msgs/msg/detail/float32_multi_array__rosidl_typesupport_fastrtps_cpp.hpp
[12.345s] -- Up-to-date symlink: /home/ubuntu/microros_ws/install/std_msgs/include/std_msgs/std_msgs/msg/detail/float64__rosidl_typesupport_fastrtps_cpp.hpp
[12.346s] -- Up-to-date symlink: /home/ubuntu/microros_ws/install/std_msgs/include/std_msgs/std_msgs/msg/detail/float64_multi_array__rosidl_typesupport_fastrtps_cpp.hpp
[12.347s] -- Up-to-date symlink: /home/ubuntu/microros_ws/install/std_msgs/include/std_msgs/std_msgs/msg/detail/header__rosidl_typesupport_fastrtps_cpp.hpp
[12.349s] -- Up-to-date symlink: /home/ubuntu/microros_ws/install/std_msgs/include/std_msgs/std_msgs/msg/detail/int16__rosidl_typesupport_fastrtps_cpp.hpp
[12.351s] -- Up-to-date symlink: /home/ubuntu/microros_ws/install/std_msgs/include/std_msgs/std_msgs/msg/detail/int16_multi_array__rosidl_typesupport_fastrtps_cpp.hpp
[12.355s] -- Up-to-date symlink: /home/ubuntu/microros_ws/install/std_msgs/include/std_msgs/std_msgs/msg/detail/int32__rosidl_typesupport_fastrtps_cpp.hpp
[12.367s] -- Up-to-date symlink: /home/ubuntu/microros_ws/install/std_msgs/include/std_msgs/std_msgs/msg/detail/int32_multi_array__rosidl_typesupport_fastrtps_cpp.hpp
[12.371s] -- Up-to-date symlink: /home/ubuntu/microros_ws/install/std_msgs/include/std_msgs/std_msgs/msg/detail/int64__rosidl_typesupport_fastrtps_cpp.hpp
[12.371s] -- Up-to-date symlink: /home/ubuntu/microros_ws/install/std_msgs/include/std_msgs/std_msgs/msg/detail/int64_multi_array__rosidl_typesupport_fastrtps_cpp.hpp
[12.372s] -- Up-to-date symlink: /home/ubuntu/microros_ws/install/std_msgs/include/std_msgs/std_msgs/msg/detail/int8__rosidl_typesupport_fastrtps_cpp.hpp
[12.372s] -- Up-to-date symlink: /home/ubuntu/microros_ws/install/std_msgs/include/std_msgs/std_msgs/msg/detail/int8_multi_array__rosidl_typesupport_fastrtps_cpp.hpp
[12.374s] -- Up-to-date symlink: /home/ubuntu/microros_ws/install/std_msgs/include/std_msgs/std_msgs/msg/detail/multi_array_dimension__rosidl_typesupport_fastrtps_cpp.hpp
[12.375s] -- Up-to-date symlink: /home/ubuntu/microros_ws/install/std_msgs/include/std_msgs/std_msgs/msg/detail/multi_array_layout__rosidl_typesupport_fastrtps_cpp.hpp
[12.375s] -- Up-to-date symlink: /home/ubuntu/microros_ws/install/std_msgs/include/std_msgs/std_msgs/msg/detail/string__rosidl_typesupport_fastrtps_cpp.hpp
[12.376s] -- Up-to-date symlink: /home/ubuntu/microros_ws/install/std_msgs/include/std_msgs/std_msgs/msg/detail/u_int16__rosidl_typesupport_fastrtps_cpp.hpp
[12.376s] -- Up-to-date symlink: /home/ubuntu/microros_ws/install/std_msgs/include/std_msgs/std_msgs/msg/detail/u_int16_multi_array__rosidl_typesupport_fastrtps_cpp.hpp
[12.377s] -- Up-to-date symlink: /home/ubuntu/microros_ws/install/std_msgs/include/std_msgs/std_msgs/msg/detail/u_int32__rosidl_typesupport_fastrtps_cpp.hpp
[12.377s] -- Up-to-date symlink: /home/ubuntu/microros_ws/install/std_msgs/include/std_msgs/std_msgs/msg/detail/u_int32_multi_array__rosidl_typesupport_fastrtps_cpp.hpp
[12.378s] -- Up-to-date symlink: /home/ubuntu/microros_ws/install/std_msgs/include/std_msgs/std_msgs/msg/detail/u_int64__rosidl_typesupport_fastrtps_cpp.hpp
[12.379s] -- Up-to-date symlink: /home/ubuntu/microros_ws/install/std_msgs/include/std_msgs/std_msgs/msg/detail/u_int64_multi_array__rosidl_typesupport_fastrtps_cpp.hpp
[12.379s] -- Up-to-date symlink: /home/ubuntu/microros_ws/install/std_msgs/include/std_msgs/std_msgs/msg/detail/u_int8__rosidl_typesupport_fastrtps_cpp.hpp
[12.379s] -- Up-to-date symlink: /home/ubuntu/microros_ws/install/std_msgs/include/std_msgs/std_msgs/msg/detail/u_int8_multi_array__rosidl_typesupport_fastrtps_cpp.hpp
[12.380s] -- Up-to-date symlink: /home/ubuntu/microros_ws/install/std_msgs/include/std_msgs/std_msgs/msg/rosidl_typesupport_fastrtps_cpp__visibility_control.h
[12.385s] -- Up-to-date symlink: /home/ubuntu/microros_ws/install/std_msgs/include/std_msgs/std_msgs/msg/detail/bool__rosidl_typesupport_introspection_c.h
[12.385s] -- Up-to-date symlink: /home/ubuntu/microros_ws/install/std_msgs/include/std_msgs/std_msgs/msg/detail/byte__rosidl_typesupport_introspection_c.h
[12.386s] -- Up-to-date symlink: /home/ubuntu/microros_ws/install/std_msgs/include/std_msgs/std_msgs/msg/detail/byte_multi_array__rosidl_typesupport_introspection_c.h
[12.387s] -- Up-to-date symlink: /home/ubuntu/microros_ws/install/std_msgs/include/std_msgs/std_msgs/msg/detail/char__rosidl_typesupport_introspection_c.h
[12.388s] -- Up-to-date symlink: /home/ubuntu/microros_ws/install/std_msgs/include/std_msgs/std_msgs/msg/detail/color_rgba__rosidl_typesupport_introspection_c.h
[12.390s] -- Up-to-date symlink: /home/ubuntu/microros_ws/install/std_msgs/include/std_msgs/std_msgs/msg/detail/empty__rosidl_typesupport_introspection_c.h
[12.391s] -- Up-to-date symlink: /home/ubuntu/microros_ws/install/std_msgs/include/std_msgs/std_msgs/msg/detail/float32__rosidl_typesupport_introspection_c.h
[12.392s] -- Up-to-date symlink: /home/ubuntu/microros_ws/install/std_msgs/include/std_msgs/std_msgs/msg/detail/float32_multi_array__rosidl_typesupport_introspection_c.h
[12.394s] -- Up-to-date symlink: /home/ubuntu/microros_ws/install/std_msgs/include/std_msgs/std_msgs/msg/detail/float64__rosidl_typesupport_introspection_c.h
[12.395s] -- Up-to-date symlink: /home/ubuntu/microros_ws/install/std_msgs/include/std_msgs/std_msgs/msg/detail/float64_multi_array__rosidl_typesupport_introspection_c.h
[12.397s] -- Up-to-date symlink: /home/ubuntu/microros_ws/install/std_msgs/include/std_msgs/std_msgs/msg/detail/header__rosidl_typesupport_introspection_c.h
[12.398s] -- Up-to-date symlink: /home/ubuntu/microros_ws/install/std_msgs/include/std_msgs/std_msgs/msg/detail/int16__rosidl_typesupport_introspection_c.h
[12.400s] -- Up-to-date symlink: /home/ubuntu/microros_ws/install/std_msgs/include/std_msgs/std_msgs/msg/detail/int16_multi_array__rosidl_typesupport_introspection_c.h
[12.401s] -- Up-to-date symlink: /home/ubuntu/microros_ws/install/std_msgs/include/std_msgs/std_msgs/msg/detail/int32__rosidl_typesupport_introspection_c.h
[12.402s] -- Up-to-date symlink: /home/ubuntu/microros_ws/install/std_msgs/include/std_msgs/std_msgs/msg/detail/int32_multi_array__rosidl_typesupport_introspection_c.h
[12.404s] -- Up-to-date symlink: /home/ubuntu/microros_ws/install/std_msgs/include/std_msgs/std_msgs/msg/detail/int64__rosidl_typesupport_introspection_c.h
[12.405s] -- Up-to-date symlink: /home/ubuntu/microros_ws/install/std_msgs/include/std_msgs/std_msgs/msg/detail/int64_multi_array__rosidl_typesupport_introspection_c.h
[12.407s] -- Up-to-date symlink: /home/ubuntu/microros_ws/install/std_msgs/include/std_msgs/std_msgs/msg/detail/int8__rosidl_typesupport_introspection_c.h
[12.408s] -- Up-to-date symlink: /home/ubuntu/microros_ws/install/std_msgs/include/std_msgs/std_msgs/msg/detail/int8_multi_array__rosidl_typesupport_introspection_c.h
[12.409s] -- Up-to-date symlink: /home/ubuntu/microros_ws/install/std_msgs/include/std_msgs/std_msgs/msg/detail/multi_array_dimension__rosidl_typesupport_introspection_c.h
[12.411s] -- Up-to-date symlink: /home/ubuntu/microros_ws/install/std_msgs/include/std_msgs/std_msgs/msg/detail/multi_array_layout__rosidl_typesupport_introspection_c.h
[12.412s] -- Up-to-date symlink: /home/ubuntu/microros_ws/install/std_msgs/include/std_msgs/std_msgs/msg/detail/string__rosidl_typesupport_introspection_c.h
[12.416s] -- Up-to-date symlink: /home/ubuntu/microros_ws/install/std_msgs/include/std_msgs/std_msgs/msg/detail/u_int16__rosidl_typesupport_introspection_c.h
[12.418s] -- Up-to-date symlink: /home/ubuntu/microros_ws/install/std_msgs/include/std_msgs/std_msgs/msg/detail/u_int16_multi_array__rosidl_typesupport_introspection_c.h
[12.419s] -- Up-to-date symlink: /home/ubuntu/microros_ws/install/std_msgs/include/std_msgs/std_msgs/msg/detail/u_int32__rosidl_typesupport_introspection_c.h
[12.419s] -- Up-to-date symlink: /home/ubuntu/microros_ws/install/std_msgs/include/std_msgs/std_msgs/msg/detail/u_int32_multi_array__rosidl_typesupport_introspection_c.h
[12.419s] -- Up-to-date symlink: /home/ubuntu/microros_ws/install/std_msgs/include/std_msgs/std_msgs/msg/detail/u_int64__rosidl_typesupport_introspection_c.h
[12.420s] -- Up-to-date symlink: /home/ubuntu/microros_ws/install/std_msgs/include/std_msgs/std_msgs/msg/detail/u_int64_multi_array__rosidl_typesupport_introspection_c.h
[12.421s] -- Up-to-date symlink: /home/ubuntu/microros_ws/install/std_msgs/include/std_msgs/std_msgs/msg/detail/u_int8__rosidl_typesupport_introspection_c.h
[12.423s] -- Up-to-date symlink: /home/ubuntu/microros_ws/install/std_msgs/include/std_msgs/std_msgs/msg/detail/u_int8_multi_array__rosidl_typesupport_introspection_c.h
[12.424s] -- Up-to-date symlink: /home/ubuntu/microros_ws/install/std_msgs/include/std_msgs/std_msgs/msg/rosidl_typesupport_introspection_c__visibility_control.h
[12.431s] -- Up-to-date symlink: /home/ubuntu/microros_ws/install/std_msgs/include/std_msgs/std_msgs/msg/detail/bool__rosidl_typesupport_introspection_cpp.hpp
[12.432s] -- Up-to-date symlink: /home/ubuntu/microros_ws/install/std_msgs/include/std_msgs/std_msgs/msg/detail/byte__rosidl_typesupport_introspection_cpp.hpp
[12.434s] -- Up-to-date symlink: /home/ubuntu/microros_ws/install/std_msgs/include/std_msgs/std_msgs/msg/detail/byte_multi_array__rosidl_typesupport_introspection_cpp.hpp
[12.435s] -- Up-to-date symlink: /home/ubuntu/microros_ws/install/std_msgs/include/std_msgs/std_msgs/msg/detail/char__rosidl_typesupport_introspection_cpp.hpp
[12.437s] -- Up-to-date symlink: /home/ubuntu/microros_ws/install/std_msgs/include/std_msgs/std_msgs/msg/detail/color_rgba__rosidl_typesupport_introspection_cpp.hpp
[12.439s] -- Up-to-date symlink: /home/ubuntu/microros_ws/install/std_msgs/include/std_msgs/std_msgs/msg/detail/empty__rosidl_typesupport_introspection_cpp.hpp
[12.440s] -- Up-to-date symlink: /home/ubuntu/microros_ws/install/std_msgs/include/std_msgs/std_msgs/msg/detail/float32__rosidl_typesupport_introspection_cpp.hpp
[12.441s] -- Up-to-date symlink: /home/ubuntu/microros_ws/install/std_msgs/include/std_msgs/std_msgs/msg/detail/float32_multi_array__rosidl_typesupport_introspection_cpp.hpp
[12.442s] -- Up-to-date symlink: /home/ubuntu/microros_ws/install/std_msgs/include/std_msgs/std_msgs/msg/detail/float64__rosidl_typesupport_introspection_cpp.hpp
[12.445s] -- Up-to-date symlink: /home/ubuntu/microros_ws/install/std_msgs/include/std_msgs/std_msgs/msg/detail/float64_multi_array__rosidl_typesupport_introspection_cpp.hpp
[12.446s] -- Up-to-date symlink: /home/ubuntu/microros_ws/install/std_msgs/include/std_msgs/std_msgs/msg/detail/header__rosidl_typesupport_introspection_cpp.hpp
[12.447s] -- Up-to-date symlink: /home/ubuntu/microros_ws/install/std_msgs/include/std_msgs/std_msgs/msg/detail/int16__rosidl_typesupport_introspection_cpp.hpp
[12.448s] -- Up-to-date symlink: /home/ubuntu/microros_ws/install/std_msgs/include/std_msgs/std_msgs/msg/detail/int16_multi_array__rosidl_typesupport_introspection_cpp.hpp
[12.448s] -- Up-to-date symlink: /home/ubuntu/microros_ws/install/std_msgs/include/std_msgs/std_msgs/msg/detail/int32__rosidl_typesupport_introspection_cpp.hpp
[12.451s] -- Up-to-date symlink: /home/ubuntu/microros_ws/install/std_msgs/include/std_msgs/std_msgs/msg/detail/int32_multi_array__rosidl_typesupport_introspection_cpp.hpp
[12.452s] -- Up-to-date symlink: /home/ubuntu/microros_ws/install/std_msgs/include/std_msgs/std_msgs/msg/detail/int64__rosidl_typesupport_introspection_cpp.hpp
[12.455s] -- Up-to-date symlink: /home/ubuntu/microros_ws/install/std_msgs/include/std_msgs/std_msgs/msg/detail/int64_multi_array__rosidl_typesupport_introspection_cpp.hpp
[12.467s] -- Up-to-date symlink: /home/ubuntu/microros_ws/install/std_msgs/include/std_msgs/std_msgs/msg/detail/int8__rosidl_typesupport_introspection_cpp.hpp
[12.468s] -- Up-to-date symlink: /home/ubuntu/microros_ws/install/std_msgs/include/std_msgs/std_msgs/msg/detail/int8_multi_array__rosidl_typesupport_introspection_cpp.hpp
[12.470s] -- Up-to-date symlink: /home/ubuntu/microros_ws/install/std_msgs/include/std_msgs/std_msgs/msg/detail/multi_array_dimension__rosidl_typesupport_introspection_cpp.hpp
[12.472s] -- Up-to-date symlink: /home/ubuntu/microros_ws/install/std_msgs/include/std_msgs/std_msgs/msg/detail/multi_array_layout__rosidl_typesupport_introspection_cpp.hpp
[12.473s] -- Up-to-date symlink: /home/ubuntu/microros_ws/install/std_msgs/include/std_msgs/std_msgs/msg/detail/string__rosidl_typesupport_introspection_cpp.hpp
[12.473s] -- Up-to-date symlink: /home/ubuntu/microros_ws/install/std_msgs/include/std_msgs/std_msgs/msg/detail/u_int16__rosidl_typesupport_introspection_cpp.hpp
[12.474s] -- Up-to-date symlink: /home/ubuntu/microros_ws/install/std_msgs/include/std_msgs/std_msgs/msg/detail/u_int16_multi_array__rosidl_typesupport_introspection_cpp.hpp
[12.475s] -- Up-to-date symlink: /home/ubuntu/microros_ws/install/std_msgs/include/std_msgs/std_msgs/msg/detail/u_int32__rosidl_typesupport_introspection_cpp.hpp
[12.475s] -- Up-to-date symlink: /home/ubuntu/microros_ws/install/std_msgs/include/std_msgs/std_msgs/msg/detail/u_int32_multi_array__rosidl_typesupport_introspection_cpp.hpp
[12.476s] -- Up-to-date symlink: /home/ubuntu/microros_ws/install/std_msgs/include/std_msgs/std_msgs/msg/detail/u_int64__rosidl_typesupport_introspection_cpp.hpp
[12.477s] -- Up-to-date symlink: /home/ubuntu/microros_ws/install/std_msgs/include/std_msgs/std_msgs/msg/detail/u_int64_multi_array__rosidl_typesupport_introspection_cpp.hpp
[12.478s] -- Up-to-date symlink: /home/ubuntu/microros_ws/install/std_msgs/include/std_msgs/std_msgs/msg/detail/u_int8__rosidl_typesupport_introspection_cpp.hpp
[12.479s] -- Up-to-date symlink: /home/ubuntu/microros_ws/install/std_msgs/include/std_msgs/std_msgs/msg/detail/u_int8_multi_array__rosidl_typesupport_introspection_cpp.hpp
[12.479s] -- Up-to-date symlink: /home/ubuntu/microros_ws/install/std_msgs/share/std_msgs/environment/pythonpath.sh
[12.480s] -- Up-to-date symlink: /home/ubuntu/microros_ws/install/std_msgs/share/std_msgs/environment/pythonpath.dsv
[12.480s] -- Up-to-date symlink: /home/ubuntu/microros_ws/install/std_msgs/local/lib/python3.10/dist-packages/std_msgs-4.2.4-py3.10.egg-info/PKG-INFO
[12.481s] -- Up-to-date symlink: /home/ubuntu/microros_ws/install/std_msgs/local/lib/python3.10/dist-packages/std_msgs-4.2.4-py3.10.egg-info/SOURCES.txt
[12.481s] -- Up-to-date symlink: /home/ubuntu/microros_ws/install/std_msgs/local/lib/python3.10/dist-packages/std_msgs-4.2.4-py3.10.egg-info/dependency_links.txt
[12.481s] -- Up-to-date symlink: /home/ubuntu/microros_ws/install/std_msgs/local/lib/python3.10/dist-packages/std_msgs-4.2.4-py3.10.egg-info/top_level.txt
[12.497s] -- Up-to-date symlink: /home/ubuntu/microros_ws/install/std_msgs/local/lib/python3.10/dist-packages/std_msgs/__init__.py
[12.498s] -- Up-to-date symlink: /home/ubuntu/microros_ws/install/std_msgs/local/lib/python3.10/dist-packages/std_msgs/_std_msgs_s.ep.rosidl_typesupport_c.c
[12.499s] -- Up-to-date symlink: /home/ubuntu/microros_ws/install/std_msgs/local/lib/python3.10/dist-packages/std_msgs/_std_msgs_s.ep.rosidl_typesupport_fastrtps_c.c
[12.501s] -- Up-to-date symlink: /home/ubuntu/microros_ws/install/std_msgs/local/lib/python3.10/dist-packages/std_msgs/_std_msgs_s.ep.rosidl_typesupport_introspection_c.c
[12.502s] -- Up-to-date symlink: /home/ubuntu/microros_ws/install/std_msgs/local/lib/python3.10/dist-packages/std_msgs/_std_msgs_s.ep.rosidl_typesupport_microxrcedds_c.c
[12.503s] -- Up-to-date symlink: /home/ubuntu/microros_ws/install/std_msgs/local/lib/python3.10/dist-packages/std_msgs/libstd_msgs__rosidl_generator_py.so
[12.504s] -- Up-to-date symlink: /home/ubuntu/microros_ws/install/std_msgs/local/lib/python3.10/dist-packages/std_msgs/msg/__init__.py
[12.506s] -- Up-to-date symlink: /home/ubuntu/microros_ws/install/std_msgs/local/lib/python3.10/dist-packages/std_msgs/msg/_bool.py
[12.507s] -- Up-to-date symlink: /home/ubuntu/microros_ws/install/std_msgs/local/lib/python3.10/dist-packages/std_msgs/msg/_bool_s.c
[12.509s] -- Up-to-date symlink: /home/ubuntu/microros_ws/install/std_msgs/local/lib/python3.10/dist-packages/std_msgs/msg/_byte.py
[12.509s] -- Up-to-date symlink: /home/ubuntu/microros_ws/install/std_msgs/local/lib/python3.10/dist-packages/std_msgs/msg/_byte_multi_array.py
[12.511s] -- Up-to-date symlink: /home/ubuntu/microros_ws/install/std_msgs/local/lib/python3.10/dist-packages/std_msgs/msg/_byte_multi_array_s.c
[12.512s] -- Up-to-date symlink: /home/ubuntu/microros_ws/install/std_msgs/local/lib/python3.10/dist-packages/std_msgs/msg/_byte_s.c
[12.513s] -- Up-to-date symlink: /home/ubuntu/microros_ws/install/std_msgs/local/lib/python3.10/dist-packages/std_msgs/msg/_char.py
[12.514s] -- Up-to-date symlink: /home/ubuntu/microros_ws/install/std_msgs/local/lib/python3.10/dist-packages/std_msgs/msg/_char_s.c
[12.516s] -- Up-to-date symlink: /home/ubuntu/microros_ws/install/std_msgs/local/lib/python3.10/dist-packages/std_msgs/msg/_color_rgba.py
[12.519s] -- Up-to-date symlink: /home/ubuntu/microros_ws/install/std_msgs/local/lib/python3.10/dist-packages/std_msgs/msg/_color_rgba_s.c
[12.519s] -- Up-to-date symlink: /home/ubuntu/microros_ws/install/std_msgs/local/lib/python3.10/dist-packages/std_msgs/msg/_empty.py
[12.520s] -- Up-to-date symlink: /home/ubuntu/microros_ws/install/std_msgs/local/lib/python3.10/dist-packages/std_msgs/msg/_empty_s.c
[12.521s] -- Up-to-date symlink: /home/ubuntu/microros_ws/install/std_msgs/local/lib/python3.10/dist-packages/std_msgs/msg/_float32.py
[12.523s] -- Up-to-date symlink: /home/ubuntu/microros_ws/install/std_msgs/local/lib/python3.10/dist-packages/std_msgs/msg/_float32_multi_array.py
[12.523s] -- Up-to-date symlink: /home/ubuntu/microros_ws/install/std_msgs/local/lib/python3.10/dist-packages/std_msgs/msg/_float32_multi_array_s.c
[12.525s] -- Up-to-date symlink: /home/ubuntu/microros_ws/install/std_msgs/local/lib/python3.10/dist-packages/std_msgs/msg/_float32_s.c
[12.526s] -- Up-to-date symlink: /home/ubuntu/microros_ws/install/std_msgs/local/lib/python3.10/dist-packages/std_msgs/msg/_float64.py
[12.527s] -- Up-to-date symlink: /home/ubuntu/microros_ws/install/std_msgs/local/lib/python3.10/dist-packages/std_msgs/msg/_float64_multi_array.py
[12.528s] -- Up-to-date symlink: /home/ubuntu/microros_ws/install/std_msgs/local/lib/python3.10/dist-packages/std_msgs/msg/_float64_multi_array_s.c
[12.530s] -- Up-to-date symlink: /home/ubuntu/microros_ws/install/std_msgs/local/lib/python3.10/dist-packages/std_msgs/msg/_float64_s.c
[12.532s] -- Up-to-date symlink: /home/ubuntu/microros_ws/install/std_msgs/local/lib/python3.10/dist-packages/std_msgs/msg/_header.py
[12.532s] -- Up-to-date symlink: /home/ubuntu/microros_ws/install/std_msgs/local/lib/python3.10/dist-packages/std_msgs/msg/_header_s.c
[12.533s] -- Up-to-date symlink: /home/ubuntu/microros_ws/install/std_msgs/local/lib/python3.10/dist-packages/std_msgs/msg/_int16.py
[12.533s] -- Up-to-date symlink: /home/ubuntu/microros_ws/install/std_msgs/local/lib/python3.10/dist-packages/std_msgs/msg/_int16_multi_array.py
[12.535s] -- Up-to-date symlink: /home/ubuntu/microros_ws/install/std_msgs/local/lib/python3.10/dist-packages/std_msgs/msg/_int16_multi_array_s.c
[12.537s] -- Up-to-date symlink: /home/ubuntu/microros_ws/install/std_msgs/local/lib/python3.10/dist-packages/std_msgs/msg/_int16_s.c
[12.537s] -- Up-to-date symlink: /home/ubuntu/microros_ws/install/std_msgs/local/lib/python3.10/dist-packages/std_msgs/msg/_int32.py
[12.538s] -- Up-to-date symlink: /home/ubuntu/microros_ws/install/std_msgs/local/lib/python3.10/dist-packages/std_msgs/msg/_int32_multi_array.py
[12.540s] -- Up-to-date symlink: /home/ubuntu/microros_ws/install/std_msgs/local/lib/python3.10/dist-packages/std_msgs/msg/_int32_multi_array_s.c
[12.541s] -- Up-to-date symlink: /home/ubuntu/microros_ws/install/std_msgs/local/lib/python3.10/dist-packages/std_msgs/msg/_int32_s.c
[12.542s] -- Up-to-date symlink: /home/ubuntu/microros_ws/install/std_msgs/local/lib/python3.10/dist-packages/std_msgs/msg/_int64.py
[12.543s] -- Up-to-date symlink: /home/ubuntu/microros_ws/install/std_msgs/local/lib/python3.10/dist-packages/std_msgs/msg/_int64_multi_array.py
[12.547s] -- Up-to-date symlink: /home/ubuntu/microros_ws/install/std_msgs/local/lib/python3.10/dist-packages/std_msgs/msg/_int64_multi_array_s.c
[12.548s] -- Up-to-date symlink: /home/ubuntu/microros_ws/install/std_msgs/local/lib/python3.10/dist-packages/std_msgs/msg/_int64_s.c
[12.548s] -- Up-to-date symlink: /home/ubuntu/microros_ws/install/std_msgs/local/lib/python3.10/dist-packages/std_msgs/msg/_int8.py
[12.549s] -- Up-to-date symlink: /home/ubuntu/microros_ws/install/std_msgs/local/lib/python3.10/dist-packages/std_msgs/msg/_int8_multi_array.py
[12.551s] -- Up-to-date symlink: /home/ubuntu/microros_ws/install/std_msgs/local/lib/python3.10/dist-packages/std_msgs/msg/_int8_multi_array_s.c
[12.552s] -- Up-to-date symlink: /home/ubuntu/microros_ws/install/std_msgs/local/lib/python3.10/dist-packages/std_msgs/msg/_int8_s.c
[12.554s] -- Up-to-date symlink: /home/ubuntu/microros_ws/install/std_msgs/local/lib/python3.10/dist-packages/std_msgs/msg/_multi_array_dimension.py
[12.557s] -- Up-to-date symlink: /home/ubuntu/microros_ws/install/std_msgs/local/lib/python3.10/dist-packages/std_msgs/msg/_multi_array_dimension_s.c
[12.573s] -- Up-to-date symlink: /home/ubuntu/microros_ws/install/std_msgs/local/lib/python3.10/dist-packages/std_msgs/msg/_multi_array_layout.py
[12.573s] -- Up-to-date symlink: /home/ubuntu/microros_ws/install/std_msgs/local/lib/python3.10/dist-packages/std_msgs/msg/_multi_array_layout_s.c
[12.574s] -- Up-to-date symlink: /home/ubuntu/microros_ws/install/std_msgs/local/lib/python3.10/dist-packages/std_msgs/msg/_string.py
[12.574s] -- Up-to-date symlink: /home/ubuntu/microros_ws/install/std_msgs/local/lib/python3.10/dist-packages/std_msgs/msg/_string_s.c
[12.575s] -- Up-to-date symlink: /home/ubuntu/microros_ws/install/std_msgs/local/lib/python3.10/dist-packages/std_msgs/msg/_u_int16.py
[12.578s] -- Up-to-date symlink: /home/ubuntu/microros_ws/install/std_msgs/local/lib/python3.10/dist-packages/std_msgs/msg/_u_int16_multi_array.py
[12.578s] -- Up-to-date symlink: /home/ubuntu/microros_ws/install/std_msgs/local/lib/python3.10/dist-packages/std_msgs/msg/_u_int16_multi_array_s.c
[12.579s] -- Up-to-date symlink: /home/ubuntu/microros_ws/install/std_msgs/local/lib/python3.10/dist-packages/std_msgs/msg/_u_int16_s.c
[12.580s] -- Up-to-date symlink: /home/ubuntu/microros_ws/install/std_msgs/local/lib/python3.10/dist-packages/std_msgs/msg/_u_int32.py
[12.582s] -- Up-to-date symlink: /home/ubuntu/microros_ws/install/std_msgs/local/lib/python3.10/dist-packages/std_msgs/msg/_u_int32_multi_array.py
[12.585s] -- Up-to-date symlink: /home/ubuntu/microros_ws/install/std_msgs/local/lib/python3.10/dist-packages/std_msgs/msg/_u_int32_multi_array_s.c
[12.587s] -- Up-to-date symlink: /home/ubuntu/microros_ws/install/std_msgs/local/lib/python3.10/dist-packages/std_msgs/msg/_u_int32_s.c
[12.587s] -- Up-to-date symlink: /home/ubuntu/microros_ws/install/std_msgs/local/lib/python3.10/dist-packages/std_msgs/msg/_u_int64.py
[12.588s] -- Up-to-date symlink: /home/ubuntu/microros_ws/install/std_msgs/local/lib/python3.10/dist-packages/std_msgs/msg/_u_int64_multi_array.py
[12.589s] -- Up-to-date symlink: /home/ubuntu/microros_ws/install/std_msgs/local/lib/python3.10/dist-packages/std_msgs/msg/_u_int64_multi_array_s.c
[12.589s] -- Up-to-date symlink: /home/ubuntu/microros_ws/install/std_msgs/local/lib/python3.10/dist-packages/std_msgs/msg/_u_int64_s.c
[12.590s] -- Up-to-date symlink: /home/ubuntu/microros_ws/install/std_msgs/local/lib/python3.10/dist-packages/std_msgs/msg/_u_int8.py
[12.590s] -- Up-to-date symlink: /home/ubuntu/microros_ws/install/std_msgs/local/lib/python3.10/dist-packages/std_msgs/msg/_u_int8_multi_array.py
[12.591s] -- Up-to-date symlink: /home/ubuntu/microros_ws/install/std_msgs/local/lib/python3.10/dist-packages/std_msgs/msg/_u_int8_multi_array_s.c
[12.592s] -- Up-to-date symlink: /home/ubuntu/microros_ws/install/std_msgs/local/lib/python3.10/dist-packages/std_msgs/msg/_u_int8_s.c
[12.592s] -- Up-to-date symlink: /home/ubuntu/microros_ws/install/std_msgs/local/lib/python3.10/dist-packages/std_msgs/std_msgs_s__rosidl_typesupport_c.cpython-310-aarch64-linux-gnu.so
[12.593s] -- Up-to-date symlink: /home/ubuntu/microros_ws/install/std_msgs/local/lib/python3.10/dist-packages/std_msgs/std_msgs_s__rosidl_typesupport_fastrtps_c.cpython-310-aarch64-linux-gnu.so
[12.594s] -- Up-to-date symlink: /home/ubuntu/microros_ws/install/std_msgs/local/lib/python3.10/dist-packages/std_msgs/std_msgs_s__rosidl_typesupport_introspection_c.cpython-310-aarch64-linux-gnu.so
[12.594s] -- Up-to-date symlink: /home/ubuntu/microros_ws/install/std_msgs/local/lib/python3.10/dist-packages/std_msgs/std_msgs_s__rosidl_typesupport_microxrcedds_c.cpython-310-aarch64-linux-gnu.so
[12.595s] -- Up-to-date symlink: /home/ubuntu/microros_ws/install/std_msgs/local/lib/python3.10/dist-packages/std_msgs/std_msgs_s__rosidl_typesupport_fastrtps_c.cpython-310-aarch64-linux-gnu.so
[12.596s] -- Up-to-date symlink: /home/ubuntu/microros_ws/install/std_msgs/local/lib/python3.10/dist-packages/std_msgs/std_msgs_s__rosidl_typesupport_introspection_c.cpython-310-aarch64-linux-gnu.so
[12.598s] -- Up-to-date symlink: /home/ubuntu/microros_ws/install/std_msgs/local/lib/python3.10/dist-packages/std_msgs/std_msgs_s__rosidl_typesupport_c.cpython-310-aarch64-linux-gnu.so
[12.600s] -- Up-to-date symlink: /home/ubuntu/microros_ws/install/std_msgs/share/std_msgs/msg/Bool.idl
[12.602s] -- Up-to-date symlink: /home/ubuntu/microros_ws/install/std_msgs/share/std_msgs/msg/Byte.idl
[12.603s] -- Up-to-date symlink: /home/ubuntu/microros_ws/install/std_msgs/share/std_msgs/msg/ByteMultiArray.idl
[12.604s] -- Up-to-date symlink: /home/ubuntu/microros_ws/install/std_msgs/share/std_msgs/msg/Char.idl
[12.608s] -- Up-to-date symlink: /home/ubuntu/microros_ws/install/std_msgs/share/std_msgs/msg/ColorRGBA.idl
[12.608s] -- Up-to-date symlink: /home/ubuntu/microros_ws/install/std_msgs/share/std_msgs/msg/Empty.idl
[12.609s] -- Up-to-date symlink: /home/ubuntu/microros_ws/install/std_msgs/share/std_msgs/msg/Float32.idl
[12.610s] -- Up-to-date symlink: /home/ubuntu/microros_ws/install/std_msgs/share/std_msgs/msg/Float32MultiArray.idl
[12.611s] -- Up-to-date symlink: /home/ubuntu/microros_ws/install/std_msgs/share/std_msgs/msg/Float64.idl
[12.612s] -- Up-to-date symlink: /home/ubuntu/microros_ws/install/std_msgs/share/std_msgs/msg/Float64MultiArray.idl
[12.613s] -- Up-to-date symlink: /home/ubuntu/microros_ws/install/std_msgs/share/std_msgs/msg/Header.idl
[12.615s] -- Up-to-date symlink: /home/ubuntu/microros_ws/install/std_msgs/share/std_msgs/msg/Int16.idl
[12.617s] -- Up-to-date symlink: /home/ubuntu/microros_ws/install/std_msgs/share/std_msgs/msg/Int16MultiArray.idl
[12.618s] -- Up-to-date symlink: /home/ubuntu/microros_ws/install/std_msgs/share/std_msgs/msg/Int32.idl
[12.619s] -- Up-to-date symlink: /home/ubuntu/microros_ws/install/std_msgs/share/std_msgs/msg/Int32MultiArray.idl
[12.621s] -- Up-to-date symlink: /home/ubuntu/microros_ws/install/std_msgs/share/std_msgs/msg/Int64.idl
[12.622s] -- Up-to-date symlink: /home/ubuntu/microros_ws/install/std_msgs/share/std_msgs/msg/Int64MultiArray.idl
[12.623s] -- Up-to-date symlink: /home/ubuntu/microros_ws/install/std_msgs/share/std_msgs/msg/Int8.idl
[12.624s] -- Up-to-date symlink: /home/ubuntu/microros_ws/install/std_msgs/share/std_msgs/msg/Int8MultiArray.idl
[12.625s] -- Up-to-date symlink: /home/ubuntu/microros_ws/install/std_msgs/share/std_msgs/msg/MultiArrayDimension.idl
[12.627s] -- Up-to-date symlink: /home/ubuntu/microros_ws/install/std_msgs/share/std_msgs/msg/MultiArrayLayout.idl
[12.628s] -- Up-to-date symlink: /home/ubuntu/microros_ws/install/std_msgs/share/std_msgs/msg/String.idl
[12.629s] -- Up-to-date symlink: /home/ubuntu/microros_ws/install/std_msgs/share/std_msgs/msg/UInt16.idl
[12.630s] -- Up-to-date symlink: /home/ubuntu/microros_ws/install/std_msgs/share/std_msgs/msg/UInt16MultiArray.idl
[12.631s] -- Up-to-date symlink: /home/ubuntu/microros_ws/install/std_msgs/share/std_msgs/msg/UInt32.idl
[12.632s] -- Up-to-date symlink: /home/ubuntu/microros_ws/install/std_msgs/share/std_msgs/msg/UInt32MultiArray.idl
[12.634s] -- Up-to-date symlink: /home/ubuntu/microros_ws/install/std_msgs/share/std_msgs/msg/UInt64.idl
[12.635s] -- Up-to-date symlink: /home/ubuntu/microros_ws/install/std_msgs/share/std_msgs/msg/UInt64MultiArray.idl
[12.636s] -- Up-to-date symlink: /home/ubuntu/microros_ws/install/std_msgs/share/std_msgs/msg/UInt8.idl
[12.637s] -- Up-to-date symlink: /home/ubuntu/microros_ws/install/std_msgs/share/std_msgs/msg/UInt8MultiArray.idl
[12.638s] -- Up-to-date symlink: /home/ubuntu/microros_ws/install/std_msgs/share/std_msgs/msg/Bool.msg
[12.640s] -- Up-to-date symlink: /home/ubuntu/microros_ws/install/std_msgs/share/std_msgs/msg/Byte.msg
[12.640s] -- Up-to-date symlink: /home/ubuntu/microros_ws/install/std_msgs/share/std_msgs/msg/ByteMultiArray.msg
[12.642s] -- Up-to-date symlink: /home/ubuntu/microros_ws/install/std_msgs/share/std_msgs/msg/Char.msg
[12.643s] -- Up-to-date symlink: /home/ubuntu/microros_ws/install/std_msgs/share/std_msgs/msg/ColorRGBA.msg
[12.644s] -- Up-to-date symlink: /home/ubuntu/microros_ws/install/std_msgs/share/std_msgs/msg/Empty.msg
[12.667s] -- Up-to-date symlink: /home/ubuntu/microros_ws/install/std_msgs/share/std_msgs/msg/Float32.msg
[12.668s] -- Up-to-date symlink: /home/ubuntu/microros_ws/install/std_msgs/share/std_msgs/msg/Float32MultiArray.msg
[12.669s] -- Up-to-date symlink: /home/ubuntu/microros_ws/install/std_msgs/share/std_msgs/msg/Float64.msg
[12.673s] -- Up-to-date symlink: /home/ubuntu/microros_ws/install/std_msgs/share/std_msgs/msg/Float64MultiArray.msg
[12.674s] -- Up-to-date symlink: /home/ubuntu/microros_ws/install/std_msgs/share/std_msgs/msg/Header.msg
[12.674s] -- Up-to-date symlink: /home/ubuntu/microros_ws/install/std_msgs/share/std_msgs/msg/Int16.msg
[12.675s] -- Up-to-date symlink: /home/ubuntu/microros_ws/install/std_msgs/share/std_msgs/msg/Int16MultiArray.msg
[12.675s] -- Up-to-date symlink: /home/ubuntu/microros_ws/install/std_msgs/share/std_msgs/msg/Int32.msg
[12.677s] -- Up-to-date symlink: /home/ubuntu/microros_ws/install/std_msgs/share/std_msgs/msg/Int32MultiArray.msg
[12.677s] -- Up-to-date symlink: /home/ubuntu/microros_ws/install/std_msgs/share/std_msgs/msg/Int64.msg
[12.678s] -- Up-to-date symlink: /home/ubuntu/microros_ws/install/std_msgs/share/std_msgs/msg/Int64MultiArray.msg
[12.679s] -- Up-to-date symlink: /home/ubuntu/microros_ws/install/std_msgs/share/std_msgs/msg/Int8.msg
[12.680s] -- Up-to-date symlink: /home/ubuntu/microros_ws/install/std_msgs/share/std_msgs/msg/Int8MultiArray.msg
[12.681s] -- Up-to-date symlink: /home/ubuntu/microros_ws/install/std_msgs/share/std_msgs/msg/MultiArrayDimension.msg
[12.682s] -- Up-to-date symlink: /home/ubuntu/microros_ws/install/std_msgs/share/std_msgs/msg/MultiArrayLayout.msg
[12.684s] -- Up-to-date symlink: /home/ubuntu/microros_ws/install/std_msgs/share/std_msgs/msg/String.msg
[12.685s] -- Up-to-date symlink: /home/ubuntu/microros_ws/install/std_msgs/share/std_msgs/msg/UInt16.msg
[12.686s] -- Up-to-date symlink: /home/ubuntu/microros_ws/install/std_msgs/share/std_msgs/msg/UInt16MultiArray.msg
[12.686s] -- Up-to-date symlink: /home/ubuntu/microros_ws/install/std_msgs/share/std_msgs/msg/UInt32.msg
[12.687s] -- Up-to-date symlink: /home/ubuntu/microros_ws/install/std_msgs/share/std_msgs/msg/UInt32MultiArray.msg
[12.688s] -- Up-to-date symlink: /home/ubuntu/microros_ws/install/std_msgs/share/std_msgs/msg/UInt64.msg
[12.689s] -- Up-to-date symlink: /home/ubuntu/microros_ws/install/std_msgs/share/std_msgs/msg/UInt64MultiArray.msg
[12.690s] -- Up-to-date symlink: /home/ubuntu/microros_ws/install/std_msgs/share/std_msgs/msg/UInt8.msg
[12.691s] -- Up-to-date symlink: /home/ubuntu/microros_ws/install/std_msgs/share/std_msgs/msg/UInt8MultiArray.msg
[12.692s] -- Up-to-date symlink: /home/ubuntu/microros_ws/install/std_msgs/share/ament_index/resource_index/package_run_dependencies/std_msgs
[12.692s] -- Up-to-date symlink: /home/ubuntu/microros_ws/install/std_msgs/share/ament_index/resource_index/parent_prefix_path/std_msgs
[12.692s] -- Up-to-date symlink: /home/ubuntu/microros_ws/install/std_msgs/share/std_msgs/environment/ament_prefix_path.sh
[12.693s] -- Up-to-date symlink: /home/ubuntu/microros_ws/install/std_msgs/share/std_msgs/environment/ament_prefix_path.dsv
[12.695s] -- Up-to-date symlink: /home/ubuntu/microros_ws/install/std_msgs/share/std_msgs/environment/path.sh
[12.695s] -- Up-to-date symlink: /home/ubuntu/microros_ws/install/std_msgs/share/std_msgs/environment/path.dsv
[12.696s] -- Up-to-date symlink: /home/ubuntu/microros_ws/install/std_msgs/share/std_msgs/local_setup.bash
[12.697s] -- Up-to-date symlink: /home/ubuntu/microros_ws/install/std_msgs/share/std_msgs/local_setup.sh
[12.698s] -- Up-to-date symlink: /home/ubuntu/microros_ws/install/std_msgs/share/std_msgs/local_setup.zsh
[12.699s] -- Up-to-date symlink: /home/ubuntu/microros_ws/install/std_msgs/share/std_msgs/local_setup.dsv
[12.699s] -- Symlinking: /home/ubuntu/microros_ws/install/std_msgs/share/std_msgs/package.dsv
[12.725s] -- Up-to-date symlink: /home/ubuntu/microros_ws/install/std_msgs/share/ament_index/resource_index/packages/std_msgs
[12.726s] -- Up-to-date symlink: /home/ubuntu/microros_ws/install/std_msgs/share/std_msgs/cmake/rosidl_cmake-extras.cmake
[12.727s] -- Up-to-date symlink: /home/ubuntu/microros_ws/install/std_msgs/share/std_msgs/cmake/ament_cmake_export_dependencies-extras.cmake
[12.729s] -- Up-to-date symlink: /home/ubuntu/microros_ws/install/std_msgs/share/std_msgs/cmake/ament_cmake_export_include_directories-extras.cmake
[12.730s] -- Up-to-date symlink: /home/ubuntu/microros_ws/install/std_msgs/share/std_msgs/cmake/ament_cmake_export_libraries-extras.cmake
[12.732s] -- Up-to-date symlink: /home/ubuntu/microros_ws/install/std_msgs/share/std_msgs/cmake/ament_cmake_export_targets-extras.cmake
[12.733s] -- Up-to-date symlink: /home/ubuntu/microros_ws/install/std_msgs/share/std_msgs/cmake/rosidl_cmake_export_typesupport_targets-extras.cmake
[12.735s] -- Up-to-date symlink: /home/ubuntu/microros_ws/install/std_msgs/share/std_msgs/cmake/rosidl_cmake_export_typesupport_libraries-extras.cmake
[12.736s] -- Up-to-date symlink: /home/ubuntu/microros_ws/install/std_msgs/share/std_msgs/cmake/std_msgsConfig.cmake
[12.737s] -- Up-to-date symlink: /home/ubuntu/microros_ws/install/std_msgs/share/std_msgs/cmake/std_msgsConfig-version.cmake
[12.740s] -- Up-to-date symlink: /home/ubuntu/microros_ws/install/std_msgs/share/std_msgs/package.xml
[12.742s] -- Up-to-date: /home/ubuntu/microros_ws/install/std_msgs/lib/libstd_msgs__rosidl_generator_c.so
[12.747s] -- Up-to-date: /home/ubuntu/microros_ws/install/std_msgs/lib/libstd_msgs__rosidl_typesupport_fastrtps_c.so
[12.751s] -- Up-to-date: /home/ubuntu/microros_ws/install/std_msgs/lib/libstd_msgs__rosidl_typesupport_fastrtps_cpp.so
[12.757s] -- Up-to-date: /home/ubuntu/microros_ws/install/std_msgs/lib/libstd_msgs__rosidl_typesupport_introspection_c.so
[12.760s] -- Up-to-date: /home/ubuntu/microros_ws/install/std_msgs/lib/libstd_msgs__rosidl_typesupport_c.so
[12.764s] -- Up-to-date: /home/ubuntu/microros_ws/install/std_msgs/lib/libstd_msgs__rosidl_typesupport_introspection_cpp.so
[12.767s] -- Up-to-date: /home/ubuntu/microros_ws/install/std_msgs/lib/libstd_msgs__rosidl_typesupport_cpp.so
[12.985s] Listing '/home/ubuntu/microros_ws/install/std_msgs/local/lib/python3.10/dist-packages/std_msgs'...
[12.986s] Listing '/home/ubuntu/microros_ws/install/std_msgs/local/lib/python3.10/dist-packages/std_msgs/msg'...
[13.018s] -- Up-to-date: /home/ubuntu/microros_ws/install/std_msgs/lib/libstd_msgs__rosidl_generator_py.so
[13.022s] -- Up-to-date: /home/ubuntu/microros_ws/install/std_msgs/share/std_msgs/cmake/export_std_msgs__rosidl_generator_cExport.cmake
[13.024s] -- Up-to-date: /home/ubuntu/microros_ws/install/std_msgs/share/std_msgs/cmake/export_std_msgs__rosidl_generator_cExport-noconfig.cmake
[13.026s] -- Up-to-date: /home/ubuntu/microros_ws/install/std_msgs/share/std_msgs/cmake/export_std_msgs__rosidl_typesupport_fastrtps_cExport.cmake
[13.027s] -- Up-to-date: /home/ubuntu/microros_ws/install/std_msgs/share/std_msgs/cmake/export_std_msgs__rosidl_typesupport_fastrtps_cExport-noconfig.cmake
[13.029s] -- Up-to-date: /home/ubuntu/microros_ws/install/std_msgs/share/std_msgs/cmake/export_std_msgs__rosidl_generator_cppExport.cmake
[13.031s] -- Up-to-date: /home/ubuntu/microros_ws/install/std_msgs/share/std_msgs/cmake/export_std_msgs__rosidl_typesupport_fastrtps_cppExport.cmake
[13.033s] -- Up-to-date: /home/ubuntu/microros_ws/install/std_msgs/share/std_msgs/cmake/export_std_msgs__rosidl_typesupport_fastrtps_cppExport-noconfig.cmake
[13.036s] -- Up-to-date: /home/ubuntu/microros_ws/install/std_msgs/share/std_msgs/cmake/std_msgs__rosidl_typesupport_introspection_cExport.cmake
[13.037s] -- Up-to-date: /home/ubuntu/microros_ws/install/std_msgs/share/std_msgs/cmake/std_msgs__rosidl_typesupport_introspection_cExport-noconfig.cmake
[13.040s] -- Up-to-date: /home/ubuntu/microros_ws/install/std_msgs/share/std_msgs/cmake/std_msgs__rosidl_typesupport_cExport.cmake
[13.042s] -- Up-to-date: /home/ubuntu/microros_ws/install/std_msgs/share/std_msgs/cmake/std_msgs__rosidl_typesupport_cExport-noconfig.cmake
[13.043s] -- Up-to-date: /home/ubuntu/microros_ws/install/std_msgs/share/std_msgs/cmake/std_msgs__rosidl_typesupport_introspection_cppExport.cmake
[13.046s] -- Up-to-date: /home/ubuntu/microros_ws/install/std_msgs/share/std_msgs/cmake/std_msgs__rosidl_typesupport_introspection_cppExport-noconfig.cmake
[13.049s] -- Up-to-date: /home/ubuntu/microros_ws/install/std_msgs/share/std_msgs/cmake/std_msgs__rosidl_typesupport_cppExport.cmake
[13.050s] -- Up-to-date: /home/ubuntu/microros_ws/install/std_msgs/share/std_msgs/cmake/std_msgs__rosidl_typesupport_cppExport-noconfig.cmake
[13.050s] -- Up-to-date: /home/ubuntu/microros_ws/install/std_msgs/share/std_msgs/cmake/export_std_msgs__rosidl_generator_pyExport.cmake
[13.051s] -- Up-to-date: /home/ubuntu/microros_ws/install/std_msgs/share/std_msgs/cmake/export_std_msgs__rosidl_generator_pyExport-noconfig.cmake
[13.083s] Invoked command in '/home/ubuntu/microros_ws/build/std_msgs' returned '0': AMENT_PREFIX_PATH=/home/ubuntu/microros_ws/install/builtin_interfaces:${AMENT_PREFIX_PATH} CMAKE_PREFIX_PATH=/home/ubuntu/microros_ws/install/builtin_interfaces:/opt/ros/humble LD_LIBRARY_PATH=/home/ubuntu/microros_ws/install/builtin_interfaces/lib:${LD_LIBRARY_PATH} PYTHONPATH=/home/ubuntu/microros_ws/install/builtin_interfaces/local/lib/python3.10/dist-packages:${PYTHONPATH} /usr/bin/cmake --install /home/ubuntu/microros_ws/build/std_msgs
