[0.105s] Invoking command in '/home/ubuntu/microros_ws/build/rcl_interfaces': AMENT_PREFIX_PATH=/home/ubuntu/microros_ws/install/builtin_interfaces:${AMENT_PREFIX_PATH} CMAKE_PREFIX_PATH=/home/ubuntu/microros_ws/install/builtin_interfaces:/opt/ros/humble LD_LIBRARY_PATH=/home/ubuntu/microros_ws/install/builtin_interfaces/lib:${LD_LIBRARY_PATH} PYTHONPATH=/home/ubuntu/microros_ws/install/builtin_interfaces/local/lib/python3.10/dist-packages:${PYTHONPATH} /usr/bin/cmake --build /home/ubuntu/microros_ws/build/rcl_interfaces -- -j4 -l4
[0.575s] [  0%] Built target rcl_interfaces__cpp
[0.627s] [ 12%] Built target rcl_interfaces__rosidl_generator_c
[0.903s] [ 12%] Built target ament_cmake_python_symlink_rcl_interfaces
[1.076s] [ 24%] Built target rcl_interfaces__rosidl_typesupport_fastrtps_cpp
[1.219s] [ 36%] Built target rcl_interfaces__rosidl_typesupport_introspection_cpp
[1.390s] [ 48%] Built target rcl_interfaces__rosidl_typesupport_fastrtps_c
[1.685s] [ 60%] Built target rcl_interfaces__rosidl_typesupport_c
[4.403s] running egg_info
[4.408s] writing rcl_interfaces.egg-info/PKG-INFO
[4.410s] writing dependency_links to rcl_interfaces.egg-info/dependency_links.txt
[4.414s] writing top-level names to rcl_interfaces.egg-info/top_level.txt
[4.448s] reading manifest file 'rcl_interfaces.egg-info/SOURCES.txt'
[4.453s] writing manifest file 'rcl_interfaces.egg-info/SOURCES.txt'
[4.746s] [ 60%] Built target ament_cmake_python_build_rcl_interfaces_egg
[4.970s] [ 72%] Built target rcl_interfaces__rosidl_typesupport_introspection_c
[5.136s] [ 84%] Built target rcl_interfaces__rosidl_typesupport_cpp
[5.264s] [ 84%] Built target rcl_interfaces
[5.404s] [ 85%] Built target rcl_interfaces__py
[5.581s] [ 96%] Built target rcl_interfaces__rosidl_generator_py
[5.703s] [ 97%] Built target rcl_interfaces__rosidl_typesupport_fastrtps_c__pyext
[5.817s] [ 98%] Built target rcl_interfaces__rosidl_typesupport_c__pyext
[5.938s] [100%] Built target rcl_interfaces__rosidl_typesupport_introspection_c__pyext
[6.005s] Invoked command in '/home/ubuntu/microros_ws/build/rcl_interfaces' returned '0': AMENT_PREFIX_PATH=/home/ubuntu/microros_ws/install/builtin_interfaces:${AMENT_PREFIX_PATH} CMAKE_PREFIX_PATH=/home/ubuntu/microros_ws/install/builtin_interfaces:/opt/ros/humble LD_LIBRARY_PATH=/home/ubuntu/microros_ws/install/builtin_interfaces/lib:${LD_LIBRARY_PATH} PYTHONPATH=/home/ubuntu/microros_ws/install/builtin_interfaces/local/lib/python3.10/dist-packages:${PYTHONPATH} /usr/bin/cmake --build /home/ubuntu/microros_ws/build/rcl_interfaces -- -j4 -l4
[9.560s] Invoking command in '/home/ubuntu/microros_ws/build/rcl_interfaces': AMENT_PREFIX_PATH=/home/ubuntu/microros_ws/install/builtin_interfaces:${AMENT_PREFIX_PATH} CMAKE_PREFIX_PATH=/home/ubuntu/microros_ws/install/builtin_interfaces:/opt/ros/humble LD_LIBRARY_PATH=/home/ubuntu/microros_ws/install/builtin_interfaces/lib:${LD_LIBRARY_PATH} PYTHONPATH=/home/ubuntu/microros_ws/install/builtin_interfaces/local/lib/python3.10/dist-packages:${PYTHONPATH} /usr/bin/cmake --install /home/ubuntu/microros_ws/build/rcl_interfaces
[9.606s] -- Install configuration: ""
[9.612s] -- Execute custom install script
[9.615s] -- Up-to-date symlink: /home/ubuntu/microros_ws/install/rcl_interfaces/share/ament_index/resource_index/rosidl_interfaces/rcl_interfaces
[9.626s] -- Up-to-date symlink: /home/ubuntu/microros_ws/install/rcl_interfaces/include/rcl_interfaces/rcl_interfaces/msg/detail/floating_point_range__functions.h
[9.627s] -- Up-to-date symlink: /home/ubuntu/microros_ws/install/rcl_interfaces/include/rcl_interfaces/rcl_interfaces/msg/detail/floating_point_range__struct.h
[9.628s] -- Up-to-date symlink: /home/ubuntu/microros_ws/install/rcl_interfaces/include/rcl_interfaces/rcl_interfaces/msg/detail/floating_point_range__type_support.h
[9.629s] -- Up-to-date symlink: /home/ubuntu/microros_ws/install/rcl_interfaces/include/rcl_interfaces/rcl_interfaces/msg/detail/integer_range__functions.h
[9.630s] -- Up-to-date symlink: /home/ubuntu/microros_ws/install/rcl_interfaces/include/rcl_interfaces/rcl_interfaces/msg/detail/integer_range__struct.h
[9.632s] -- Up-to-date symlink: /home/ubuntu/microros_ws/install/rcl_interfaces/include/rcl_interfaces/rcl_interfaces/msg/detail/integer_range__type_support.h
[9.633s] -- Up-to-date symlink: /home/ubuntu/microros_ws/install/rcl_interfaces/include/rcl_interfaces/rcl_interfaces/msg/detail/list_parameters_result__functions.h
[9.635s] -- Up-to-date symlink: /home/ubuntu/microros_ws/install/rcl_interfaces/include/rcl_interfaces/rcl_interfaces/msg/detail/list_parameters_result__struct.h
[9.636s] -- Up-to-date symlink: /home/ubuntu/microros_ws/install/rcl_interfaces/include/rcl_interfaces/rcl_interfaces/msg/detail/list_parameters_result__type_support.h
[9.637s] -- Up-to-date symlink: /home/ubuntu/microros_ws/install/rcl_interfaces/include/rcl_interfaces/rcl_interfaces/msg/detail/log__functions.h
[9.639s] -- Up-to-date symlink: /home/ubuntu/microros_ws/install/rcl_interfaces/include/rcl_interfaces/rcl_interfaces/msg/detail/log__struct.h
[9.640s] -- Up-to-date symlink: /home/ubuntu/microros_ws/install/rcl_interfaces/include/rcl_interfaces/rcl_interfaces/msg/detail/log__type_support.h
[9.642s] -- Up-to-date symlink: /home/ubuntu/microros_ws/install/rcl_interfaces/include/rcl_interfaces/rcl_interfaces/msg/detail/parameter__functions.h
[9.643s] -- Up-to-date symlink: /home/ubuntu/microros_ws/install/rcl_interfaces/include/rcl_interfaces/rcl_interfaces/msg/detail/parameter__struct.h
[9.645s] -- Up-to-date symlink: /home/ubuntu/microros_ws/install/rcl_interfaces/include/rcl_interfaces/rcl_interfaces/msg/detail/parameter__type_support.h
[9.646s] -- Up-to-date symlink: /home/ubuntu/microros_ws/install/rcl_interfaces/include/rcl_interfaces/rcl_interfaces/msg/detail/parameter_descriptor__functions.h
[9.648s] -- Up-to-date symlink: /home/ubuntu/microros_ws/install/rcl_interfaces/include/rcl_interfaces/rcl_interfaces/msg/detail/parameter_descriptor__struct.h
[9.649s] -- Up-to-date symlink: /home/ubuntu/microros_ws/install/rcl_interfaces/include/rcl_interfaces/rcl_interfaces/msg/detail/parameter_descriptor__type_support.h
[9.651s] -- Up-to-date symlink: /home/ubuntu/microros_ws/install/rcl_interfaces/include/rcl_interfaces/rcl_interfaces/msg/detail/parameter_event__functions.h
[9.652s] -- Up-to-date symlink: /home/ubuntu/microros_ws/install/rcl_interfaces/include/rcl_interfaces/rcl_interfaces/msg/detail/parameter_event__struct.h
[9.653s] -- Up-to-date symlink: /home/ubuntu/microros_ws/install/rcl_interfaces/include/rcl_interfaces/rcl_interfaces/msg/detail/parameter_event__type_support.h
[9.655s] -- Up-to-date symlink: /home/ubuntu/microros_ws/install/rcl_interfaces/include/rcl_interfaces/rcl_interfaces/msg/detail/parameter_event_descriptors__functions.h
[9.657s] -- Up-to-date symlink: /home/ubuntu/microros_ws/install/rcl_interfaces/include/rcl_interfaces/rcl_interfaces/msg/detail/parameter_event_descriptors__struct.h
[9.659s] -- Up-to-date symlink: /home/ubuntu/microros_ws/install/rcl_interfaces/include/rcl_interfaces/rcl_interfaces/msg/detail/parameter_event_descriptors__type_support.h
[9.661s] -- Up-to-date symlink: /home/ubuntu/microros_ws/install/rcl_interfaces/include/rcl_interfaces/rcl_interfaces/msg/detail/parameter_type__functions.h
[9.663s] -- Up-to-date symlink: /home/ubuntu/microros_ws/install/rcl_interfaces/include/rcl_interfaces/rcl_interfaces/msg/detail/parameter_type__struct.h
[9.664s] -- Up-to-date symlink: /home/ubuntu/microros_ws/install/rcl_interfaces/include/rcl_interfaces/rcl_interfaces/msg/detail/parameter_type__type_support.h
[9.665s] -- Up-to-date symlink: /home/ubuntu/microros_ws/install/rcl_interfaces/include/rcl_interfaces/rcl_interfaces/msg/detail/parameter_value__functions.h
[9.667s] -- Up-to-date symlink: /home/ubuntu/microros_ws/install/rcl_interfaces/include/rcl_interfaces/rcl_interfaces/msg/detail/parameter_value__struct.h
[9.668s] -- Up-to-date symlink: /home/ubuntu/microros_ws/install/rcl_interfaces/include/rcl_interfaces/rcl_interfaces/msg/detail/parameter_value__type_support.h
[9.670s] -- Up-to-date symlink: /home/ubuntu/microros_ws/install/rcl_interfaces/include/rcl_interfaces/rcl_interfaces/msg/detail/set_parameters_result__functions.h
[9.680s] -- Up-to-date symlink: /home/ubuntu/microros_ws/install/rcl_interfaces/include/rcl_interfaces/rcl_interfaces/msg/detail/set_parameters_result__struct.h
[9.680s] -- Up-to-date symlink: /home/ubuntu/microros_ws/install/rcl_interfaces/include/rcl_interfaces/rcl_interfaces/msg/detail/set_parameters_result__type_support.h
[9.681s] -- Up-to-date symlink: /home/ubuntu/microros_ws/install/rcl_interfaces/include/rcl_interfaces/rcl_interfaces/msg/floating_point_range.h
[9.682s] -- Up-to-date symlink: /home/ubuntu/microros_ws/install/rcl_interfaces/include/rcl_interfaces/rcl_interfaces/msg/integer_range.h
[9.682s] -- Up-to-date symlink: /home/ubuntu/microros_ws/install/rcl_interfaces/include/rcl_interfaces/rcl_interfaces/msg/list_parameters_result.h
[9.683s] -- Up-to-date symlink: /home/ubuntu/microros_ws/install/rcl_interfaces/include/rcl_interfaces/rcl_interfaces/msg/log.h
[9.683s] -- Up-to-date symlink: /home/ubuntu/microros_ws/install/rcl_interfaces/include/rcl_interfaces/rcl_interfaces/msg/parameter.h
[9.684s] -- Up-to-date symlink: /home/ubuntu/microros_ws/install/rcl_interfaces/include/rcl_interfaces/rcl_interfaces/msg/parameter_descriptor.h
[9.685s] -- Up-to-date symlink: /home/ubuntu/microros_ws/install/rcl_interfaces/include/rcl_interfaces/rcl_interfaces/msg/parameter_event.h
[9.686s] -- Up-to-date symlink: /home/ubuntu/microros_ws/install/rcl_interfaces/include/rcl_interfaces/rcl_interfaces/msg/parameter_event_descriptors.h
[9.687s] -- Up-to-date symlink: /home/ubuntu/microros_ws/install/rcl_interfaces/include/rcl_interfaces/rcl_interfaces/msg/parameter_type.h
[9.689s] -- Up-to-date symlink: /home/ubuntu/microros_ws/install/rcl_interfaces/include/rcl_interfaces/rcl_interfaces/msg/parameter_value.h
[9.691s] -- Up-to-date symlink: /home/ubuntu/microros_ws/install/rcl_interfaces/include/rcl_interfaces/rcl_interfaces/msg/rosidl_generator_c__visibility_control.h
[9.692s] -- Up-to-date symlink: /home/ubuntu/microros_ws/install/rcl_interfaces/include/rcl_interfaces/rcl_interfaces/msg/set_parameters_result.h
[9.693s] -- Up-to-date symlink: /home/ubuntu/microros_ws/install/rcl_interfaces/include/rcl_interfaces/rcl_interfaces/srv/describe_parameters.h
[9.695s] -- Up-to-date symlink: /home/ubuntu/microros_ws/install/rcl_interfaces/include/rcl_interfaces/rcl_interfaces/srv/detail/describe_parameters__functions.h
[9.703s] -- Up-to-date symlink: /home/ubuntu/microros_ws/install/rcl_interfaces/include/rcl_interfaces/rcl_interfaces/srv/detail/describe_parameters__struct.h
[9.704s] -- Up-to-date symlink: /home/ubuntu/microros_ws/install/rcl_interfaces/include/rcl_interfaces/rcl_interfaces/srv/detail/describe_parameters__type_support.h
[9.706s] -- Up-to-date symlink: /home/ubuntu/microros_ws/install/rcl_interfaces/include/rcl_interfaces/rcl_interfaces/srv/detail/get_parameter_types__functions.h
[9.706s] -- Up-to-date symlink: /home/ubuntu/microros_ws/install/rcl_interfaces/include/rcl_interfaces/rcl_interfaces/srv/detail/get_parameter_types__struct.h
[9.707s] -- Up-to-date symlink: /home/ubuntu/microros_ws/install/rcl_interfaces/include/rcl_interfaces/rcl_interfaces/srv/detail/get_parameter_types__type_support.h
[9.708s] -- Up-to-date symlink: /home/ubuntu/microros_ws/install/rcl_interfaces/include/rcl_interfaces/rcl_interfaces/srv/detail/get_parameters__functions.h
[9.710s] -- Up-to-date symlink: /home/ubuntu/microros_ws/install/rcl_interfaces/include/rcl_interfaces/rcl_interfaces/srv/detail/get_parameters__struct.h
[9.719s] -- Up-to-date symlink: /home/ubuntu/microros_ws/install/rcl_interfaces/include/rcl_interfaces/rcl_interfaces/srv/detail/get_parameters__type_support.h
[9.720s] -- Up-to-date symlink: /home/ubuntu/microros_ws/install/rcl_interfaces/include/rcl_interfaces/rcl_interfaces/srv/detail/list_parameters__functions.h
[9.720s] -- Up-to-date symlink: /home/ubuntu/microros_ws/install/rcl_interfaces/include/rcl_interfaces/rcl_interfaces/srv/detail/list_parameters__struct.h
[9.727s] -- Up-to-date symlink: /home/ubuntu/microros_ws/install/rcl_interfaces/include/rcl_interfaces/rcl_interfaces/srv/detail/list_parameters__type_support.h
[9.728s] -- Up-to-date symlink: /home/ubuntu/microros_ws/install/rcl_interfaces/include/rcl_interfaces/rcl_interfaces/srv/detail/set_parameters__functions.h
[9.728s] -- Up-to-date symlink: /home/ubuntu/microros_ws/install/rcl_interfaces/include/rcl_interfaces/rcl_interfaces/srv/detail/set_parameters__struct.h
[9.729s] -- Up-to-date symlink: /home/ubuntu/microros_ws/install/rcl_interfaces/include/rcl_interfaces/rcl_interfaces/srv/detail/set_parameters__type_support.h
[9.730s] -- Up-to-date symlink: /home/ubuntu/microros_ws/install/rcl_interfaces/include/rcl_interfaces/rcl_interfaces/srv/detail/set_parameters_atomically__functions.h
[9.730s] -- Up-to-date symlink: /home/ubuntu/microros_ws/install/rcl_interfaces/include/rcl_interfaces/rcl_interfaces/srv/detail/set_parameters_atomically__struct.h
[9.732s] -- Up-to-date symlink: /home/ubuntu/microros_ws/install/rcl_interfaces/include/rcl_interfaces/rcl_interfaces/srv/detail/set_parameters_atomically__type_support.h
[9.733s] -- Up-to-date symlink: /home/ubuntu/microros_ws/install/rcl_interfaces/include/rcl_interfaces/rcl_interfaces/srv/get_parameter_types.h
[9.734s] -- Up-to-date symlink: /home/ubuntu/microros_ws/install/rcl_interfaces/include/rcl_interfaces/rcl_interfaces/srv/get_parameters.h
[9.734s] -- Up-to-date symlink: /home/ubuntu/microros_ws/install/rcl_interfaces/include/rcl_interfaces/rcl_interfaces/srv/list_parameters.h
[9.738s] -- Up-to-date symlink: /home/ubuntu/microros_ws/install/rcl_interfaces/include/rcl_interfaces/rcl_interfaces/srv/set_parameters.h
[9.739s] -- Up-to-date symlink: /home/ubuntu/microros_ws/install/rcl_interfaces/include/rcl_interfaces/rcl_interfaces/srv/set_parameters_atomically.h
[9.740s] -- Up-to-date symlink: /home/ubuntu/microros_ws/install/rcl_interfaces/share/rcl_interfaces/environment/library_path.sh
[9.740s] -- Up-to-date symlink: /home/ubuntu/microros_ws/install/rcl_interfaces/share/rcl_interfaces/environment/library_path.dsv
[9.747s] -- Up-to-date symlink: /home/ubuntu/microros_ws/install/rcl_interfaces/include/rcl_interfaces/rcl_interfaces/msg/detail/floating_point_range__rosidl_typesupport_fastrtps_c.h
[9.749s] -- Up-to-date symlink: /home/ubuntu/microros_ws/install/rcl_interfaces/include/rcl_interfaces/rcl_interfaces/msg/detail/integer_range__rosidl_typesupport_fastrtps_c.h
[9.752s] -- Up-to-date symlink: /home/ubuntu/microros_ws/install/rcl_interfaces/include/rcl_interfaces/rcl_interfaces/msg/detail/list_parameters_result__rosidl_typesupport_fastrtps_c.h
[9.755s] -- Up-to-date symlink: /home/ubuntu/microros_ws/install/rcl_interfaces/include/rcl_interfaces/rcl_interfaces/msg/detail/log__rosidl_typesupport_fastrtps_c.h
[9.759s] -- Up-to-date symlink: /home/ubuntu/microros_ws/install/rcl_interfaces/include/rcl_interfaces/rcl_interfaces/msg/detail/parameter__rosidl_typesupport_fastrtps_c.h
[9.761s] -- Up-to-date symlink: /home/ubuntu/microros_ws/install/rcl_interfaces/include/rcl_interfaces/rcl_interfaces/msg/detail/parameter_descriptor__rosidl_typesupport_fastrtps_c.h
[9.763s] -- Up-to-date symlink: /home/ubuntu/microros_ws/install/rcl_interfaces/include/rcl_interfaces/rcl_interfaces/msg/detail/parameter_event__rosidl_typesupport_fastrtps_c.h
[9.766s] -- Up-to-date symlink: /home/ubuntu/microros_ws/install/rcl_interfaces/include/rcl_interfaces/rcl_interfaces/msg/detail/parameter_event_descriptors__rosidl_typesupport_fastrtps_c.h
[9.768s] -- Up-to-date symlink: /home/ubuntu/microros_ws/install/rcl_interfaces/include/rcl_interfaces/rcl_interfaces/msg/detail/parameter_type__rosidl_typesupport_fastrtps_c.h
[9.770s] -- Up-to-date symlink: /home/ubuntu/microros_ws/install/rcl_interfaces/include/rcl_interfaces/rcl_interfaces/msg/detail/parameter_value__rosidl_typesupport_fastrtps_c.h
[9.774s] -- Up-to-date symlink: /home/ubuntu/microros_ws/install/rcl_interfaces/include/rcl_interfaces/rcl_interfaces/msg/detail/set_parameters_result__rosidl_typesupport_fastrtps_c.h
[9.776s] -- Up-to-date symlink: /home/ubuntu/microros_ws/install/rcl_interfaces/include/rcl_interfaces/rcl_interfaces/msg/rosidl_typesupport_fastrtps_c__visibility_control.h
[9.779s] -- Up-to-date symlink: /home/ubuntu/microros_ws/install/rcl_interfaces/include/rcl_interfaces/rcl_interfaces/srv/detail/describe_parameters__rosidl_typesupport_fastrtps_c.h
[9.781s] -- Up-to-date symlink: /home/ubuntu/microros_ws/install/rcl_interfaces/include/rcl_interfaces/rcl_interfaces/srv/detail/get_parameter_types__rosidl_typesupport_fastrtps_c.h
[9.785s] -- Up-to-date symlink: /home/ubuntu/microros_ws/install/rcl_interfaces/include/rcl_interfaces/rcl_interfaces/srv/detail/get_parameters__rosidl_typesupport_fastrtps_c.h
[9.787s] -- Up-to-date symlink: /home/ubuntu/microros_ws/install/rcl_interfaces/include/rcl_interfaces/rcl_interfaces/srv/detail/list_parameters__rosidl_typesupport_fastrtps_c.h
[9.790s] -- Up-to-date symlink: /home/ubuntu/microros_ws/install/rcl_interfaces/include/rcl_interfaces/rcl_interfaces/srv/detail/set_parameters__rosidl_typesupport_fastrtps_c.h
[9.792s] -- Up-to-date symlink: /home/ubuntu/microros_ws/install/rcl_interfaces/include/rcl_interfaces/rcl_interfaces/srv/detail/set_parameters_atomically__rosidl_typesupport_fastrtps_c.h
[9.802s] -- Up-to-date symlink: /home/ubuntu/microros_ws/install/rcl_interfaces/include/rcl_interfaces/rcl_interfaces/msg/detail/floating_point_range__rosidl_typesupport_introspection_c.h
[9.805s] -- Up-to-date symlink: /home/ubuntu/microros_ws/install/rcl_interfaces/include/rcl_interfaces/rcl_interfaces/msg/detail/integer_range__rosidl_typesupport_introspection_c.h
[9.808s] -- Up-to-date symlink: /home/ubuntu/microros_ws/install/rcl_interfaces/include/rcl_interfaces/rcl_interfaces/msg/detail/list_parameters_result__rosidl_typesupport_introspection_c.h
[9.813s] -- Up-to-date symlink: /home/ubuntu/microros_ws/install/rcl_interfaces/include/rcl_interfaces/rcl_interfaces/msg/detail/log__rosidl_typesupport_introspection_c.h
[9.815s] -- Up-to-date symlink: /home/ubuntu/microros_ws/install/rcl_interfaces/include/rcl_interfaces/rcl_interfaces/msg/detail/parameter__rosidl_typesupport_introspection_c.h
[9.818s] -- Up-to-date symlink: /home/ubuntu/microros_ws/install/rcl_interfaces/include/rcl_interfaces/rcl_interfaces/msg/detail/parameter_descriptor__rosidl_typesupport_introspection_c.h
[9.820s] -- Up-to-date symlink: /home/ubuntu/microros_ws/install/rcl_interfaces/include/rcl_interfaces/rcl_interfaces/msg/detail/parameter_event__rosidl_typesupport_introspection_c.h
[9.824s] -- Up-to-date symlink: /home/ubuntu/microros_ws/install/rcl_interfaces/include/rcl_interfaces/rcl_interfaces/msg/detail/parameter_event_descriptors__rosidl_typesupport_introspection_c.h
[9.826s] -- Up-to-date symlink: /home/ubuntu/microros_ws/install/rcl_interfaces/include/rcl_interfaces/rcl_interfaces/msg/detail/parameter_type__rosidl_typesupport_introspection_c.h
[9.829s] -- Up-to-date symlink: /home/ubuntu/microros_ws/install/rcl_interfaces/include/rcl_interfaces/rcl_interfaces/msg/detail/parameter_value__rosidl_typesupport_introspection_c.h
[9.830s] -- Up-to-date symlink: /home/ubuntu/microros_ws/install/rcl_interfaces/include/rcl_interfaces/rcl_interfaces/msg/detail/set_parameters_result__rosidl_typesupport_introspection_c.h
[9.831s] -- Up-to-date symlink: /home/ubuntu/microros_ws/install/rcl_interfaces/include/rcl_interfaces/rcl_interfaces/msg/rosidl_typesupport_introspection_c__visibility_control.h
[9.833s] -- Up-to-date symlink: /home/ubuntu/microros_ws/install/rcl_interfaces/include/rcl_interfaces/rcl_interfaces/srv/detail/describe_parameters__rosidl_typesupport_introspection_c.h
[9.834s] -- Up-to-date symlink: /home/ubuntu/microros_ws/install/rcl_interfaces/include/rcl_interfaces/rcl_interfaces/srv/detail/get_parameter_types__rosidl_typesupport_introspection_c.h
[9.835s] -- Up-to-date symlink: /home/ubuntu/microros_ws/install/rcl_interfaces/include/rcl_interfaces/rcl_interfaces/srv/detail/get_parameters__rosidl_typesupport_introspection_c.h
[9.837s] -- Up-to-date symlink: /home/ubuntu/microros_ws/install/rcl_interfaces/include/rcl_interfaces/rcl_interfaces/srv/detail/list_parameters__rosidl_typesupport_introspection_c.h
[9.838s] -- Up-to-date symlink: /home/ubuntu/microros_ws/install/rcl_interfaces/include/rcl_interfaces/rcl_interfaces/srv/detail/set_parameters__rosidl_typesupport_introspection_c.h
[9.839s] -- Up-to-date symlink: /home/ubuntu/microros_ws/install/rcl_interfaces/include/rcl_interfaces/rcl_interfaces/srv/detail/set_parameters_atomically__rosidl_typesupport_introspection_c.h
[9.849s] -- Up-to-date symlink: /home/ubuntu/microros_ws/install/rcl_interfaces/include/rcl_interfaces/rcl_interfaces/msg/detail/floating_point_range__builder.hpp
[9.850s] -- Up-to-date symlink: /home/ubuntu/microros_ws/install/rcl_interfaces/include/rcl_interfaces/rcl_interfaces/msg/detail/floating_point_range__struct.hpp
[9.852s] -- Up-to-date symlink: /home/ubuntu/microros_ws/install/rcl_interfaces/include/rcl_interfaces/rcl_interfaces/msg/detail/floating_point_range__traits.hpp
[9.854s] -- Up-to-date symlink: /home/ubuntu/microros_ws/install/rcl_interfaces/include/rcl_interfaces/rcl_interfaces/msg/detail/integer_range__builder.hpp
[9.855s] -- Up-to-date symlink: /home/ubuntu/microros_ws/install/rcl_interfaces/include/rcl_interfaces/rcl_interfaces/msg/detail/integer_range__struct.hpp
[9.857s] -- Up-to-date symlink: /home/ubuntu/microros_ws/install/rcl_interfaces/include/rcl_interfaces/rcl_interfaces/msg/detail/integer_range__traits.hpp
[9.859s] -- Up-to-date symlink: /home/ubuntu/microros_ws/install/rcl_interfaces/include/rcl_interfaces/rcl_interfaces/msg/detail/list_parameters_result__builder.hpp
[9.862s] -- Up-to-date symlink: /home/ubuntu/microros_ws/install/rcl_interfaces/include/rcl_interfaces/rcl_interfaces/msg/detail/list_parameters_result__struct.hpp
[9.862s] -- Up-to-date symlink: /home/ubuntu/microros_ws/install/rcl_interfaces/include/rcl_interfaces/rcl_interfaces/msg/detail/list_parameters_result__traits.hpp
[9.864s] -- Up-to-date symlink: /home/ubuntu/microros_ws/install/rcl_interfaces/include/rcl_interfaces/rcl_interfaces/msg/detail/log__builder.hpp
[9.865s] -- Up-to-date symlink: /home/ubuntu/microros_ws/install/rcl_interfaces/include/rcl_interfaces/rcl_interfaces/msg/detail/log__struct.hpp
[9.867s] -- Up-to-date symlink: /home/ubuntu/microros_ws/install/rcl_interfaces/include/rcl_interfaces/rcl_interfaces/msg/detail/log__traits.hpp
[9.868s] -- Up-to-date symlink: /home/ubuntu/microros_ws/install/rcl_interfaces/include/rcl_interfaces/rcl_interfaces/msg/detail/parameter__builder.hpp
[9.870s] -- Up-to-date symlink: /home/ubuntu/microros_ws/install/rcl_interfaces/include/rcl_interfaces/rcl_interfaces/msg/detail/parameter__struct.hpp
[9.872s] -- Up-to-date symlink: /home/ubuntu/microros_ws/install/rcl_interfaces/include/rcl_interfaces/rcl_interfaces/msg/detail/parameter__traits.hpp
[9.873s] -- Up-to-date symlink: /home/ubuntu/microros_ws/install/rcl_interfaces/include/rcl_interfaces/rcl_interfaces/msg/detail/parameter_descriptor__builder.hpp
[9.876s] -- Up-to-date symlink: /home/ubuntu/microros_ws/install/rcl_interfaces/include/rcl_interfaces/rcl_interfaces/msg/detail/parameter_descriptor__struct.hpp
[9.877s] -- Up-to-date symlink: /home/ubuntu/microros_ws/install/rcl_interfaces/include/rcl_interfaces/rcl_interfaces/msg/detail/parameter_descriptor__traits.hpp
[9.879s] -- Up-to-date symlink: /home/ubuntu/microros_ws/install/rcl_interfaces/include/rcl_interfaces/rcl_interfaces/msg/detail/parameter_event__builder.hpp
[9.880s] -- Up-to-date symlink: /home/ubuntu/microros_ws/install/rcl_interfaces/include/rcl_interfaces/rcl_interfaces/msg/detail/parameter_event__struct.hpp
[9.881s] -- Up-to-date symlink: /home/ubuntu/microros_ws/install/rcl_interfaces/include/rcl_interfaces/rcl_interfaces/msg/detail/parameter_event__traits.hpp
[9.883s] -- Up-to-date symlink: /home/ubuntu/microros_ws/install/rcl_interfaces/include/rcl_interfaces/rcl_interfaces/msg/detail/parameter_event_descriptors__builder.hpp
[9.885s] -- Up-to-date symlink: /home/ubuntu/microros_ws/install/rcl_interfaces/include/rcl_interfaces/rcl_interfaces/msg/detail/parameter_event_descriptors__struct.hpp
[9.886s] -- Up-to-date symlink: /home/ubuntu/microros_ws/install/rcl_interfaces/include/rcl_interfaces/rcl_interfaces/msg/detail/parameter_event_descriptors__traits.hpp
[9.888s] -- Up-to-date symlink: /home/ubuntu/microros_ws/install/rcl_interfaces/include/rcl_interfaces/rcl_interfaces/msg/detail/parameter_type__builder.hpp
[9.889s] -- Up-to-date symlink: /home/ubuntu/microros_ws/install/rcl_interfaces/include/rcl_interfaces/rcl_interfaces/msg/detail/parameter_type__struct.hpp
[9.891s] -- Up-to-date symlink: /home/ubuntu/microros_ws/install/rcl_interfaces/include/rcl_interfaces/rcl_interfaces/msg/detail/parameter_type__traits.hpp
[9.892s] -- Up-to-date symlink: /home/ubuntu/microros_ws/install/rcl_interfaces/include/rcl_interfaces/rcl_interfaces/msg/detail/parameter_value__builder.hpp
[9.894s] -- Up-to-date symlink: /home/ubuntu/microros_ws/install/rcl_interfaces/include/rcl_interfaces/rcl_interfaces/msg/detail/parameter_value__struct.hpp
[9.896s] -- Up-to-date symlink: /home/ubuntu/microros_ws/install/rcl_interfaces/include/rcl_interfaces/rcl_interfaces/msg/detail/parameter_value__traits.hpp
[9.898s] -- Up-to-date symlink: /home/ubuntu/microros_ws/install/rcl_interfaces/include/rcl_interfaces/rcl_interfaces/msg/detail/set_parameters_result__builder.hpp
[9.899s] -- Up-to-date symlink: /home/ubuntu/microros_ws/install/rcl_interfaces/include/rcl_interfaces/rcl_interfaces/msg/detail/set_parameters_result__struct.hpp
[9.916s] -- Up-to-date symlink: /home/ubuntu/microros_ws/install/rcl_interfaces/include/rcl_interfaces/rcl_interfaces/msg/detail/set_parameters_result__traits.hpp
[9.918s] -- Up-to-date symlink: /home/ubuntu/microros_ws/install/rcl_interfaces/include/rcl_interfaces/rcl_interfaces/msg/floating_point_range.hpp
[9.920s] -- Up-to-date symlink: /home/ubuntu/microros_ws/install/rcl_interfaces/include/rcl_interfaces/rcl_interfaces/msg/integer_range.hpp
[9.923s] -- Up-to-date symlink: /home/ubuntu/microros_ws/install/rcl_interfaces/include/rcl_interfaces/rcl_interfaces/msg/list_parameters_result.hpp
[9.925s] -- Up-to-date symlink: /home/ubuntu/microros_ws/install/rcl_interfaces/include/rcl_interfaces/rcl_interfaces/msg/log.hpp
[9.927s] -- Up-to-date symlink: /home/ubuntu/microros_ws/install/rcl_interfaces/include/rcl_interfaces/rcl_interfaces/msg/parameter.hpp
[9.930s] -- Up-to-date symlink: /home/ubuntu/microros_ws/install/rcl_interfaces/include/rcl_interfaces/rcl_interfaces/msg/parameter_descriptor.hpp
[9.932s] -- Up-to-date symlink: /home/ubuntu/microros_ws/install/rcl_interfaces/include/rcl_interfaces/rcl_interfaces/msg/parameter_event.hpp
[9.935s] -- Up-to-date symlink: /home/ubuntu/microros_ws/install/rcl_interfaces/include/rcl_interfaces/rcl_interfaces/msg/parameter_event_descriptors.hpp
[9.941s] -- Up-to-date symlink: /home/ubuntu/microros_ws/install/rcl_interfaces/include/rcl_interfaces/rcl_interfaces/msg/parameter_type.hpp
[9.943s] -- Up-to-date symlink: /home/ubuntu/microros_ws/install/rcl_interfaces/include/rcl_interfaces/rcl_interfaces/msg/parameter_value.hpp
[9.946s] -- Up-to-date symlink: /home/ubuntu/microros_ws/install/rcl_interfaces/include/rcl_interfaces/rcl_interfaces/msg/set_parameters_result.hpp
[9.948s] -- Up-to-date symlink: /home/ubuntu/microros_ws/install/rcl_interfaces/include/rcl_interfaces/rcl_interfaces/srv/describe_parameters.hpp
[9.951s] -- Up-to-date symlink: /home/ubuntu/microros_ws/install/rcl_interfaces/include/rcl_interfaces/rcl_interfaces/srv/detail/describe_parameters__builder.hpp
[9.954s] -- Up-to-date symlink: /home/ubuntu/microros_ws/install/rcl_interfaces/include/rcl_interfaces/rcl_interfaces/srv/detail/describe_parameters__struct.hpp
[9.956s] -- Up-to-date symlink: /home/ubuntu/microros_ws/install/rcl_interfaces/include/rcl_interfaces/rcl_interfaces/srv/detail/describe_parameters__traits.hpp
[9.959s] -- Up-to-date symlink: /home/ubuntu/microros_ws/install/rcl_interfaces/include/rcl_interfaces/rcl_interfaces/srv/detail/get_parameter_types__builder.hpp
[9.961s] -- Up-to-date symlink: /home/ubuntu/microros_ws/install/rcl_interfaces/include/rcl_interfaces/rcl_interfaces/srv/detail/get_parameter_types__struct.hpp
[9.964s] -- Up-to-date symlink: /home/ubuntu/microros_ws/install/rcl_interfaces/include/rcl_interfaces/rcl_interfaces/srv/detail/get_parameter_types__traits.hpp
[9.967s] -- Up-to-date symlink: /home/ubuntu/microros_ws/install/rcl_interfaces/include/rcl_interfaces/rcl_interfaces/srv/detail/get_parameters__builder.hpp
[9.969s] -- Up-to-date symlink: /home/ubuntu/microros_ws/install/rcl_interfaces/include/rcl_interfaces/rcl_interfaces/srv/detail/get_parameters__struct.hpp
[9.973s] -- Up-to-date symlink: /home/ubuntu/microros_ws/install/rcl_interfaces/include/rcl_interfaces/rcl_interfaces/srv/detail/get_parameters__traits.hpp
[9.975s] -- Up-to-date symlink: /home/ubuntu/microros_ws/install/rcl_interfaces/include/rcl_interfaces/rcl_interfaces/srv/detail/list_parameters__builder.hpp
[9.978s] -- Up-to-date symlink: /home/ubuntu/microros_ws/install/rcl_interfaces/include/rcl_interfaces/rcl_interfaces/srv/detail/list_parameters__struct.hpp
[9.980s] -- Up-to-date symlink: /home/ubuntu/microros_ws/install/rcl_interfaces/include/rcl_interfaces/rcl_interfaces/srv/detail/list_parameters__traits.hpp
[9.982s] -- Up-to-date symlink: /home/ubuntu/microros_ws/install/rcl_interfaces/include/rcl_interfaces/rcl_interfaces/srv/detail/set_parameters__builder.hpp
[9.985s] -- Up-to-date symlink: /home/ubuntu/microros_ws/install/rcl_interfaces/include/rcl_interfaces/rcl_interfaces/srv/detail/set_parameters__struct.hpp
[9.987s] -- Up-to-date symlink: /home/ubuntu/microros_ws/install/rcl_interfaces/include/rcl_interfaces/rcl_interfaces/srv/detail/set_parameters__traits.hpp
[9.989s] -- Up-to-date symlink: /home/ubuntu/microros_ws/install/rcl_interfaces/include/rcl_interfaces/rcl_interfaces/srv/detail/set_parameters_atomically__builder.hpp
[9.992s] -- Up-to-date symlink: /home/ubuntu/microros_ws/install/rcl_interfaces/include/rcl_interfaces/rcl_interfaces/srv/detail/set_parameters_atomically__struct.hpp
[9.995s] -- Up-to-date symlink: /home/ubuntu/microros_ws/install/rcl_interfaces/include/rcl_interfaces/rcl_interfaces/srv/detail/set_parameters_atomically__traits.hpp
[9.997s] -- Up-to-date symlink: /home/ubuntu/microros_ws/install/rcl_interfaces/include/rcl_interfaces/rcl_interfaces/srv/get_parameter_types.hpp
[9.999s] -- Up-to-date symlink: /home/ubuntu/microros_ws/install/rcl_interfaces/include/rcl_interfaces/rcl_interfaces/srv/get_parameters.hpp
[10.012s] -- Up-to-date symlink: /home/ubuntu/microros_ws/install/rcl_interfaces/include/rcl_interfaces/rcl_interfaces/srv/list_parameters.hpp
[10.014s] -- Up-to-date symlink: /home/ubuntu/microros_ws/install/rcl_interfaces/include/rcl_interfaces/rcl_interfaces/srv/set_parameters.hpp
[10.017s] -- Up-to-date symlink: /home/ubuntu/microros_ws/install/rcl_interfaces/include/rcl_interfaces/rcl_interfaces/srv/set_parameters_atomically.hpp
[10.032s] -- Up-to-date symlink: /home/ubuntu/microros_ws/install/rcl_interfaces/include/rcl_interfaces/rcl_interfaces/msg/detail/floating_point_range__rosidl_typesupport_fastrtps_cpp.hpp
[10.035s] -- Up-to-date symlink: /home/ubuntu/microros_ws/install/rcl_interfaces/include/rcl_interfaces/rcl_interfaces/msg/detail/integer_range__rosidl_typesupport_fastrtps_cpp.hpp
[10.038s] -- Up-to-date symlink: /home/ubuntu/microros_ws/install/rcl_interfaces/include/rcl_interfaces/rcl_interfaces/msg/detail/list_parameters_result__rosidl_typesupport_fastrtps_cpp.hpp
[10.040s] -- Up-to-date symlink: /home/ubuntu/microros_ws/install/rcl_interfaces/include/rcl_interfaces/rcl_interfaces/msg/detail/log__rosidl_typesupport_fastrtps_cpp.hpp
[10.043s] -- Up-to-date symlink: /home/ubuntu/microros_ws/install/rcl_interfaces/include/rcl_interfaces/rcl_interfaces/msg/detail/parameter__rosidl_typesupport_fastrtps_cpp.hpp
[10.045s] -- Up-to-date symlink: /home/ubuntu/microros_ws/install/rcl_interfaces/include/rcl_interfaces/rcl_interfaces/msg/detail/parameter_descriptor__rosidl_typesupport_fastrtps_cpp.hpp
[10.048s] -- Up-to-date symlink: /home/ubuntu/microros_ws/install/rcl_interfaces/include/rcl_interfaces/rcl_interfaces/msg/detail/parameter_event__rosidl_typesupport_fastrtps_cpp.hpp
[10.050s] -- Up-to-date symlink: /home/ubuntu/microros_ws/install/rcl_interfaces/include/rcl_interfaces/rcl_interfaces/msg/detail/parameter_event_descriptors__rosidl_typesupport_fastrtps_cpp.hpp
[10.053s] -- Up-to-date symlink: /home/ubuntu/microros_ws/install/rcl_interfaces/include/rcl_interfaces/rcl_interfaces/msg/detail/parameter_type__rosidl_typesupport_fastrtps_cpp.hpp
[10.056s] -- Up-to-date symlink: /home/ubuntu/microros_ws/install/rcl_interfaces/include/rcl_interfaces/rcl_interfaces/msg/detail/parameter_value__rosidl_typesupport_fastrtps_cpp.hpp
[10.059s] -- Up-to-date symlink: /home/ubuntu/microros_ws/install/rcl_interfaces/include/rcl_interfaces/rcl_interfaces/msg/detail/set_parameters_result__rosidl_typesupport_fastrtps_cpp.hpp
[10.061s] -- Up-to-date symlink: /home/ubuntu/microros_ws/install/rcl_interfaces/include/rcl_interfaces/rcl_interfaces/msg/rosidl_typesupport_fastrtps_cpp__visibility_control.h
[10.064s] -- Up-to-date symlink: /home/ubuntu/microros_ws/install/rcl_interfaces/include/rcl_interfaces/rcl_interfaces/srv/detail/describe_parameters__rosidl_typesupport_fastrtps_cpp.hpp
[10.066s] -- Up-to-date symlink: /home/ubuntu/microros_ws/install/rcl_interfaces/include/rcl_interfaces/rcl_interfaces/srv/detail/get_parameter_types__rosidl_typesupport_fastrtps_cpp.hpp
[10.069s] -- Up-to-date symlink: /home/ubuntu/microros_ws/install/rcl_interfaces/include/rcl_interfaces/rcl_interfaces/srv/detail/get_parameters__rosidl_typesupport_fastrtps_cpp.hpp
[10.071s] -- Up-to-date symlink: /home/ubuntu/microros_ws/install/rcl_interfaces/include/rcl_interfaces/rcl_interfaces/srv/detail/list_parameters__rosidl_typesupport_fastrtps_cpp.hpp
[10.072s] -- Up-to-date symlink: /home/ubuntu/microros_ws/install/rcl_interfaces/include/rcl_interfaces/rcl_interfaces/srv/detail/set_parameters__rosidl_typesupport_fastrtps_cpp.hpp
[10.074s] -- Up-to-date symlink: /home/ubuntu/microros_ws/install/rcl_interfaces/include/rcl_interfaces/rcl_interfaces/srv/detail/set_parameters_atomically__rosidl_typesupport_fastrtps_cpp.hpp
[10.080s] -- Up-to-date symlink: /home/ubuntu/microros_ws/install/rcl_interfaces/include/rcl_interfaces/rcl_interfaces/msg/detail/floating_point_range__rosidl_typesupport_introspection_cpp.hpp
[10.082s] -- Up-to-date symlink: /home/ubuntu/microros_ws/install/rcl_interfaces/include/rcl_interfaces/rcl_interfaces/msg/detail/integer_range__rosidl_typesupport_introspection_cpp.hpp
[10.084s] -- Up-to-date symlink: /home/ubuntu/microros_ws/install/rcl_interfaces/include/rcl_interfaces/rcl_interfaces/msg/detail/list_parameters_result__rosidl_typesupport_introspection_cpp.hpp
[10.086s] -- Up-to-date symlink: /home/ubuntu/microros_ws/install/rcl_interfaces/include/rcl_interfaces/rcl_interfaces/msg/detail/log__rosidl_typesupport_introspection_cpp.hpp
[10.087s] -- Up-to-date symlink: /home/ubuntu/microros_ws/install/rcl_interfaces/include/rcl_interfaces/rcl_interfaces/msg/detail/parameter__rosidl_typesupport_introspection_cpp.hpp
[10.089s] -- Up-to-date symlink: /home/ubuntu/microros_ws/install/rcl_interfaces/include/rcl_interfaces/rcl_interfaces/msg/detail/parameter_descriptor__rosidl_typesupport_introspection_cpp.hpp
[10.090s] -- Up-to-date symlink: /home/ubuntu/microros_ws/install/rcl_interfaces/include/rcl_interfaces/rcl_interfaces/msg/detail/parameter_event__rosidl_typesupport_introspection_cpp.hpp
[10.092s] -- Up-to-date symlink: /home/ubuntu/microros_ws/install/rcl_interfaces/include/rcl_interfaces/rcl_interfaces/msg/detail/parameter_event_descriptors__rosidl_typesupport_introspection_cpp.hpp
[10.093s] -- Up-to-date symlink: /home/ubuntu/microros_ws/install/rcl_interfaces/include/rcl_interfaces/rcl_interfaces/msg/detail/parameter_type__rosidl_typesupport_introspection_cpp.hpp
[10.095s] -- Up-to-date symlink: /home/ubuntu/microros_ws/install/rcl_interfaces/include/rcl_interfaces/rcl_interfaces/msg/detail/parameter_value__rosidl_typesupport_introspection_cpp.hpp
[10.097s] -- Up-to-date symlink: /home/ubuntu/microros_ws/install/rcl_interfaces/include/rcl_interfaces/rcl_interfaces/msg/detail/set_parameters_result__rosidl_typesupport_introspection_cpp.hpp
[10.100s] -- Up-to-date symlink: /home/ubuntu/microros_ws/install/rcl_interfaces/include/rcl_interfaces/rcl_interfaces/srv/detail/describe_parameters__rosidl_typesupport_introspection_cpp.hpp
[10.101s] -- Up-to-date symlink: /home/ubuntu/microros_ws/install/rcl_interfaces/include/rcl_interfaces/rcl_interfaces/srv/detail/get_parameter_types__rosidl_typesupport_introspection_cpp.hpp
[10.112s] -- Up-to-date symlink: /home/ubuntu/microros_ws/install/rcl_interfaces/include/rcl_interfaces/rcl_interfaces/srv/detail/get_parameters__rosidl_typesupport_introspection_cpp.hpp
[10.113s] -- Up-to-date symlink: /home/ubuntu/microros_ws/install/rcl_interfaces/include/rcl_interfaces/rcl_interfaces/srv/detail/list_parameters__rosidl_typesupport_introspection_cpp.hpp
[10.114s] -- Up-to-date symlink: /home/ubuntu/microros_ws/install/rcl_interfaces/include/rcl_interfaces/rcl_interfaces/srv/detail/set_parameters__rosidl_typesupport_introspection_cpp.hpp
[10.116s] -- Up-to-date symlink: /home/ubuntu/microros_ws/install/rcl_interfaces/include/rcl_interfaces/rcl_interfaces/srv/detail/set_parameters_atomically__rosidl_typesupport_introspection_cpp.hpp
[10.117s] -- Up-to-date symlink: /home/ubuntu/microros_ws/install/rcl_interfaces/share/rcl_interfaces/environment/pythonpath.sh
[10.119s] -- Up-to-date symlink: /home/ubuntu/microros_ws/install/rcl_interfaces/share/rcl_interfaces/environment/pythonpath.dsv
[10.121s] -- Up-to-date symlink: /home/ubuntu/microros_ws/install/rcl_interfaces/local/lib/python3.10/dist-packages/rcl_interfaces-1.2.1-py3.10.egg-info/PKG-INFO
[10.124s] -- Up-to-date symlink: /home/ubuntu/microros_ws/install/rcl_interfaces/local/lib/python3.10/dist-packages/rcl_interfaces-1.2.1-py3.10.egg-info/SOURCES.txt
[10.127s] -- Up-to-date symlink: /home/ubuntu/microros_ws/install/rcl_interfaces/local/lib/python3.10/dist-packages/rcl_interfaces-1.2.1-py3.10.egg-info/dependency_links.txt
[10.129s] -- Up-to-date symlink: /home/ubuntu/microros_ws/install/rcl_interfaces/local/lib/python3.10/dist-packages/rcl_interfaces-1.2.1-py3.10.egg-info/top_level.txt
[10.142s] -- Up-to-date symlink: /home/ubuntu/microros_ws/install/rcl_interfaces/local/lib/python3.10/dist-packages/rcl_interfaces/__init__.py
[10.143s] -- Up-to-date symlink: /home/ubuntu/microros_ws/install/rcl_interfaces/local/lib/python3.10/dist-packages/rcl_interfaces/_rcl_interfaces_s.ep.rosidl_typesupport_c.c
[10.145s] -- Up-to-date symlink: /home/ubuntu/microros_ws/install/rcl_interfaces/local/lib/python3.10/dist-packages/rcl_interfaces/_rcl_interfaces_s.ep.rosidl_typesupport_fastrtps_c.c
[10.146s] -- Up-to-date symlink: /home/ubuntu/microros_ws/install/rcl_interfaces/local/lib/python3.10/dist-packages/rcl_interfaces/_rcl_interfaces_s.ep.rosidl_typesupport_introspection_c.c
[10.148s] -- Up-to-date symlink: /home/ubuntu/microros_ws/install/rcl_interfaces/local/lib/python3.10/dist-packages/rcl_interfaces/_rcl_interfaces_s.ep.rosidl_typesupport_microxrcedds_c.c
[10.149s] -- Up-to-date symlink: /home/ubuntu/microros_ws/install/rcl_interfaces/local/lib/python3.10/dist-packages/rcl_interfaces/librcl_interfaces__rosidl_generator_py.so
[10.150s] -- Up-to-date symlink: /home/ubuntu/microros_ws/install/rcl_interfaces/local/lib/python3.10/dist-packages/rcl_interfaces/msg/__init__.py
[10.152s] -- Up-to-date symlink: /home/ubuntu/microros_ws/install/rcl_interfaces/local/lib/python3.10/dist-packages/rcl_interfaces/msg/_floating_point_range.py
[10.154s] -- Up-to-date symlink: /home/ubuntu/microros_ws/install/rcl_interfaces/local/lib/python3.10/dist-packages/rcl_interfaces/msg/_floating_point_range_s.c
[10.155s] -- Up-to-date symlink: /home/ubuntu/microros_ws/install/rcl_interfaces/local/lib/python3.10/dist-packages/rcl_interfaces/msg/_integer_range.py
[10.157s] -- Up-to-date symlink: /home/ubuntu/microros_ws/install/rcl_interfaces/local/lib/python3.10/dist-packages/rcl_interfaces/msg/_integer_range_s.c
[10.158s] -- Up-to-date symlink: /home/ubuntu/microros_ws/install/rcl_interfaces/local/lib/python3.10/dist-packages/rcl_interfaces/msg/_list_parameters_result.py
[10.160s] -- Up-to-date symlink: /home/ubuntu/microros_ws/install/rcl_interfaces/local/lib/python3.10/dist-packages/rcl_interfaces/msg/_list_parameters_result_s.c
[10.161s] -- Up-to-date symlink: /home/ubuntu/microros_ws/install/rcl_interfaces/local/lib/python3.10/dist-packages/rcl_interfaces/msg/_log.py
[10.163s] -- Up-to-date symlink: /home/ubuntu/microros_ws/install/rcl_interfaces/local/lib/python3.10/dist-packages/rcl_interfaces/msg/_log_s.c
[10.164s] -- Up-to-date symlink: /home/ubuntu/microros_ws/install/rcl_interfaces/local/lib/python3.10/dist-packages/rcl_interfaces/msg/_parameter.py
[10.166s] -- Up-to-date symlink: /home/ubuntu/microros_ws/install/rcl_interfaces/local/lib/python3.10/dist-packages/rcl_interfaces/msg/_parameter_descriptor.py
[10.167s] -- Up-to-date symlink: /home/ubuntu/microros_ws/install/rcl_interfaces/local/lib/python3.10/dist-packages/rcl_interfaces/msg/_parameter_descriptor_s.c
[10.169s] -- Up-to-date symlink: /home/ubuntu/microros_ws/install/rcl_interfaces/local/lib/python3.10/dist-packages/rcl_interfaces/msg/_parameter_event.py
[10.170s] -- Up-to-date symlink: /home/ubuntu/microros_ws/install/rcl_interfaces/local/lib/python3.10/dist-packages/rcl_interfaces/msg/_parameter_event_descriptors.py
[10.172s] -- Up-to-date symlink: /home/ubuntu/microros_ws/install/rcl_interfaces/local/lib/python3.10/dist-packages/rcl_interfaces/msg/_parameter_event_descriptors_s.c
[10.173s] -- Up-to-date symlink: /home/ubuntu/microros_ws/install/rcl_interfaces/local/lib/python3.10/dist-packages/rcl_interfaces/msg/_parameter_event_s.c
[10.175s] -- Up-to-date symlink: /home/ubuntu/microros_ws/install/rcl_interfaces/local/lib/python3.10/dist-packages/rcl_interfaces/msg/_parameter_s.c
[10.176s] -- Up-to-date symlink: /home/ubuntu/microros_ws/install/rcl_interfaces/local/lib/python3.10/dist-packages/rcl_interfaces/msg/_parameter_type.py
[10.178s] -- Up-to-date symlink: /home/ubuntu/microros_ws/install/rcl_interfaces/local/lib/python3.10/dist-packages/rcl_interfaces/msg/_parameter_type_s.c
[10.179s] -- Up-to-date symlink: /home/ubuntu/microros_ws/install/rcl_interfaces/local/lib/python3.10/dist-packages/rcl_interfaces/msg/_parameter_value.py
[10.180s] -- Up-to-date symlink: /home/ubuntu/microros_ws/install/rcl_interfaces/local/lib/python3.10/dist-packages/rcl_interfaces/msg/_parameter_value_s.c
[10.182s] -- Up-to-date symlink: /home/ubuntu/microros_ws/install/rcl_interfaces/local/lib/python3.10/dist-packages/rcl_interfaces/msg/_set_parameters_result.py
[10.184s] -- Up-to-date symlink: /home/ubuntu/microros_ws/install/rcl_interfaces/local/lib/python3.10/dist-packages/rcl_interfaces/msg/_set_parameters_result_s.c
[10.185s] -- Up-to-date symlink: /home/ubuntu/microros_ws/install/rcl_interfaces/local/lib/python3.10/dist-packages/rcl_interfaces/rcl_interfaces_s__rosidl_typesupport_c.cpython-310-aarch64-linux-gnu.so
[10.186s] -- Up-to-date symlink: /home/ubuntu/microros_ws/install/rcl_interfaces/local/lib/python3.10/dist-packages/rcl_interfaces/rcl_interfaces_s__rosidl_typesupport_fastrtps_c.cpython-310-aarch64-linux-gnu.so
[10.188s] -- Up-to-date symlink: /home/ubuntu/microros_ws/install/rcl_interfaces/local/lib/python3.10/dist-packages/rcl_interfaces/rcl_interfaces_s__rosidl_typesupport_introspection_c.cpython-310-aarch64-linux-gnu.so
[10.190s] -- Up-to-date symlink: /home/ubuntu/microros_ws/install/rcl_interfaces/local/lib/python3.10/dist-packages/rcl_interfaces/rcl_interfaces_s__rosidl_typesupport_microxrcedds_c.cpython-310-aarch64-linux-gnu.so
[10.191s] -- Up-to-date symlink: /home/ubuntu/microros_ws/install/rcl_interfaces/local/lib/python3.10/dist-packages/rcl_interfaces/srv/__init__.py
[10.192s] -- Up-to-date symlink: /home/ubuntu/microros_ws/install/rcl_interfaces/local/lib/python3.10/dist-packages/rcl_interfaces/srv/_describe_parameters.py
[10.194s] -- Up-to-date symlink: /home/ubuntu/microros_ws/install/rcl_interfaces/local/lib/python3.10/dist-packages/rcl_interfaces/srv/_describe_parameters_s.c
[10.195s] -- Up-to-date symlink: /home/ubuntu/microros_ws/install/rcl_interfaces/local/lib/python3.10/dist-packages/rcl_interfaces/srv/_get_parameter_types.py
[10.196s] -- Up-to-date symlink: /home/ubuntu/microros_ws/install/rcl_interfaces/local/lib/python3.10/dist-packages/rcl_interfaces/srv/_get_parameter_types_s.c
[10.198s] -- Up-to-date symlink: /home/ubuntu/microros_ws/install/rcl_interfaces/local/lib/python3.10/dist-packages/rcl_interfaces/srv/_get_parameters.py
[10.208s] -- Up-to-date symlink: /home/ubuntu/microros_ws/install/rcl_interfaces/local/lib/python3.10/dist-packages/rcl_interfaces/srv/_get_parameters_s.c
[10.212s] -- Up-to-date symlink: /home/ubuntu/microros_ws/install/rcl_interfaces/local/lib/python3.10/dist-packages/rcl_interfaces/srv/_list_parameters.py
[10.213s] -- Up-to-date symlink: /home/ubuntu/microros_ws/install/rcl_interfaces/local/lib/python3.10/dist-packages/rcl_interfaces/srv/_list_parameters_s.c
[10.215s] -- Up-to-date symlink: /home/ubuntu/microros_ws/install/rcl_interfaces/local/lib/python3.10/dist-packages/rcl_interfaces/srv/_set_parameters.py
[10.216s] -- Up-to-date symlink: /home/ubuntu/microros_ws/install/rcl_interfaces/local/lib/python3.10/dist-packages/rcl_interfaces/srv/_set_parameters_atomically.py
[10.218s] -- Up-to-date symlink: /home/ubuntu/microros_ws/install/rcl_interfaces/local/lib/python3.10/dist-packages/rcl_interfaces/srv/_set_parameters_atomically_s.c
[10.219s] -- Up-to-date symlink: /home/ubuntu/microros_ws/install/rcl_interfaces/local/lib/python3.10/dist-packages/rcl_interfaces/srv/_set_parameters_s.c
[10.221s] -- Up-to-date symlink: /home/ubuntu/microros_ws/install/rcl_interfaces/local/lib/python3.10/dist-packages/rcl_interfaces/rcl_interfaces_s__rosidl_typesupport_fastrtps_c.cpython-310-aarch64-linux-gnu.so
[10.227s] -- Up-to-date symlink: /home/ubuntu/microros_ws/install/rcl_interfaces/local/lib/python3.10/dist-packages/rcl_interfaces/rcl_interfaces_s__rosidl_typesupport_introspection_c.cpython-310-aarch64-linux-gnu.so
[10.230s] -- Up-to-date symlink: /home/ubuntu/microros_ws/install/rcl_interfaces/local/lib/python3.10/dist-packages/rcl_interfaces/rcl_interfaces_s__rosidl_typesupport_c.cpython-310-aarch64-linux-gnu.so
[10.232s] -- Up-to-date symlink: /home/ubuntu/microros_ws/install/rcl_interfaces/share/rcl_interfaces/msg/FloatingPointRange.idl
[10.235s] -- Up-to-date symlink: /home/ubuntu/microros_ws/install/rcl_interfaces/share/rcl_interfaces/msg/IntegerRange.idl
[10.237s] -- Up-to-date symlink: /home/ubuntu/microros_ws/install/rcl_interfaces/share/rcl_interfaces/msg/ListParametersResult.idl
[10.238s] -- Up-to-date symlink: /home/ubuntu/microros_ws/install/rcl_interfaces/share/rcl_interfaces/msg/Log.idl
[10.240s] -- Up-to-date symlink: /home/ubuntu/microros_ws/install/rcl_interfaces/share/rcl_interfaces/msg/ParameterDescriptor.idl
[10.242s] -- Up-to-date symlink: /home/ubuntu/microros_ws/install/rcl_interfaces/share/rcl_interfaces/msg/ParameterEventDescriptors.idl
[10.244s] -- Up-to-date symlink: /home/ubuntu/microros_ws/install/rcl_interfaces/share/rcl_interfaces/msg/ParameterEvent.idl
[10.245s] -- Up-to-date symlink: /home/ubuntu/microros_ws/install/rcl_interfaces/share/rcl_interfaces/msg/Parameter.idl
[10.247s] -- Up-to-date symlink: /home/ubuntu/microros_ws/install/rcl_interfaces/share/rcl_interfaces/msg/ParameterType.idl
[10.249s] -- Up-to-date symlink: /home/ubuntu/microros_ws/install/rcl_interfaces/share/rcl_interfaces/msg/ParameterValue.idl
[10.250s] -- Up-to-date symlink: /home/ubuntu/microros_ws/install/rcl_interfaces/share/rcl_interfaces/msg/SetParametersResult.idl
[10.252s] -- Up-to-date symlink: /home/ubuntu/microros_ws/install/rcl_interfaces/share/rcl_interfaces/srv/DescribeParameters.idl
[10.254s] -- Up-to-date symlink: /home/ubuntu/microros_ws/install/rcl_interfaces/share/rcl_interfaces/srv/GetParameters.idl
[10.256s] -- Up-to-date symlink: /home/ubuntu/microros_ws/install/rcl_interfaces/share/rcl_interfaces/srv/GetParameterTypes.idl
[10.258s] -- Up-to-date symlink: /home/ubuntu/microros_ws/install/rcl_interfaces/share/rcl_interfaces/srv/ListParameters.idl
[10.259s] -- Up-to-date symlink: /home/ubuntu/microros_ws/install/rcl_interfaces/share/rcl_interfaces/srv/SetParametersAtomically.idl
[10.261s] -- Up-to-date symlink: /home/ubuntu/microros_ws/install/rcl_interfaces/share/rcl_interfaces/srv/SetParameters.idl
[10.262s] -- Up-to-date symlink: /home/ubuntu/microros_ws/install/rcl_interfaces/share/rcl_interfaces/msg/FloatingPointRange.msg
[10.264s] -- Up-to-date symlink: /home/ubuntu/microros_ws/install/rcl_interfaces/share/rcl_interfaces/msg/IntegerRange.msg
[10.266s] -- Up-to-date symlink: /home/ubuntu/microros_ws/install/rcl_interfaces/share/rcl_interfaces/msg/ListParametersResult.msg
[10.268s] -- Up-to-date symlink: /home/ubuntu/microros_ws/install/rcl_interfaces/share/rcl_interfaces/msg/Log.msg
[10.269s] -- Up-to-date symlink: /home/ubuntu/microros_ws/install/rcl_interfaces/share/rcl_interfaces/msg/ParameterDescriptor.msg
[10.271s] -- Up-to-date symlink: /home/ubuntu/microros_ws/install/rcl_interfaces/share/rcl_interfaces/msg/ParameterEventDescriptors.msg
[10.273s] -- Up-to-date symlink: /home/ubuntu/microros_ws/install/rcl_interfaces/share/rcl_interfaces/msg/ParameterEvent.msg
[10.274s] -- Up-to-date symlink: /home/ubuntu/microros_ws/install/rcl_interfaces/share/rcl_interfaces/msg/Parameter.msg
[10.276s] -- Up-to-date symlink: /home/ubuntu/microros_ws/install/rcl_interfaces/share/rcl_interfaces/msg/ParameterType.msg
[10.278s] -- Up-to-date symlink: /home/ubuntu/microros_ws/install/rcl_interfaces/share/rcl_interfaces/msg/ParameterValue.msg
[10.280s] -- Up-to-date symlink: /home/ubuntu/microros_ws/install/rcl_interfaces/share/rcl_interfaces/msg/SetParametersResult.msg
[10.282s] -- Up-to-date symlink: /home/ubuntu/microros_ws/install/rcl_interfaces/share/rcl_interfaces/srv/DescribeParameters.srv
[10.283s] -- Up-to-date symlink: /home/ubuntu/microros_ws/install/rcl_interfaces/share/rcl_interfaces/srv/DescribeParameters_Request.msg
[10.285s] -- Up-to-date symlink: /home/ubuntu/microros_ws/install/rcl_interfaces/share/rcl_interfaces/srv/DescribeParameters_Response.msg
[10.287s] -- Up-to-date symlink: /home/ubuntu/microros_ws/install/rcl_interfaces/share/rcl_interfaces/srv/GetParameters.srv
[10.289s] -- Up-to-date symlink: /home/ubuntu/microros_ws/install/rcl_interfaces/share/rcl_interfaces/srv/GetParameters_Request.msg
[10.290s] -- Up-to-date symlink: /home/ubuntu/microros_ws/install/rcl_interfaces/share/rcl_interfaces/srv/GetParameters_Response.msg
[10.292s] -- Up-to-date symlink: /home/ubuntu/microros_ws/install/rcl_interfaces/share/rcl_interfaces/srv/GetParameterTypes.srv
[10.293s] -- Up-to-date symlink: /home/ubuntu/microros_ws/install/rcl_interfaces/share/rcl_interfaces/srv/GetParameterTypes_Request.msg
[10.295s] -- Up-to-date symlink: /home/ubuntu/microros_ws/install/rcl_interfaces/share/rcl_interfaces/srv/GetParameterTypes_Response.msg
[10.296s] -- Up-to-date symlink: /home/ubuntu/microros_ws/install/rcl_interfaces/share/rcl_interfaces/srv/ListParameters.srv
[10.298s] -- Up-to-date symlink: /home/ubuntu/microros_ws/install/rcl_interfaces/share/rcl_interfaces/srv/ListParameters_Request.msg
[10.308s] -- Up-to-date symlink: /home/ubuntu/microros_ws/install/rcl_interfaces/share/rcl_interfaces/srv/ListParameters_Response.msg
[10.311s] -- Up-to-date symlink: /home/ubuntu/microros_ws/install/rcl_interfaces/share/rcl_interfaces/srv/SetParametersAtomically.srv
[10.313s] -- Up-to-date symlink: /home/ubuntu/microros_ws/install/rcl_interfaces/share/rcl_interfaces/srv/SetParametersAtomically_Request.msg
[10.316s] -- Up-to-date symlink: /home/ubuntu/microros_ws/install/rcl_interfaces/share/rcl_interfaces/srv/SetParametersAtomically_Response.msg
[10.318s] -- Up-to-date symlink: /home/ubuntu/microros_ws/install/rcl_interfaces/share/rcl_interfaces/srv/SetParameters.srv
[10.320s] -- Up-to-date symlink: /home/ubuntu/microros_ws/install/rcl_interfaces/share/rcl_interfaces/srv/SetParameters_Request.msg
[10.323s] -- Up-to-date symlink: /home/ubuntu/microros_ws/install/rcl_interfaces/share/rcl_interfaces/srv/SetParameters_Response.msg
[10.325s] -- Up-to-date symlink: /home/ubuntu/microros_ws/install/rcl_interfaces/share/rcl_interfaces/mapping_rules.yaml
[10.328s] -- Up-to-date symlink: /home/ubuntu/microros_ws/install/rcl_interfaces/share/ament_index/resource_index/package_run_dependencies/rcl_interfaces
[10.331s] -- Up-to-date symlink: /home/ubuntu/microros_ws/install/rcl_interfaces/share/ament_index/resource_index/parent_prefix_path/rcl_interfaces
[10.333s] -- Up-to-date symlink: /home/ubuntu/microros_ws/install/rcl_interfaces/share/rcl_interfaces/environment/ament_prefix_path.sh
[10.336s] -- Up-to-date symlink: /home/ubuntu/microros_ws/install/rcl_interfaces/share/rcl_interfaces/environment/ament_prefix_path.dsv
[10.341s] -- Up-to-date symlink: /home/ubuntu/microros_ws/install/rcl_interfaces/share/rcl_interfaces/environment/path.sh
[10.343s] -- Up-to-date symlink: /home/ubuntu/microros_ws/install/rcl_interfaces/share/rcl_interfaces/environment/path.dsv
[10.346s] -- Up-to-date symlink: /home/ubuntu/microros_ws/install/rcl_interfaces/share/rcl_interfaces/local_setup.bash
[10.348s] -- Up-to-date symlink: /home/ubuntu/microros_ws/install/rcl_interfaces/share/rcl_interfaces/local_setup.sh
[10.351s] -- Up-to-date symlink: /home/ubuntu/microros_ws/install/rcl_interfaces/share/rcl_interfaces/local_setup.zsh
[10.353s] -- Up-to-date symlink: /home/ubuntu/microros_ws/install/rcl_interfaces/share/rcl_interfaces/local_setup.dsv
[10.355s] -- Symlinking: /home/ubuntu/microros_ws/install/rcl_interfaces/share/rcl_interfaces/package.dsv
[10.415s] -- Up-to-date symlink: /home/ubuntu/microros_ws/install/rcl_interfaces/share/ament_index/resource_index/packages/rcl_interfaces
[10.416s] -- Up-to-date symlink: /home/ubuntu/microros_ws/install/rcl_interfaces/share/rcl_interfaces/cmake/rosidl_cmake-extras.cmake
[10.418s] -- Up-to-date symlink: /home/ubuntu/microros_ws/install/rcl_interfaces/share/rcl_interfaces/cmake/ament_cmake_export_dependencies-extras.cmake
[10.419s] -- Up-to-date symlink: /home/ubuntu/microros_ws/install/rcl_interfaces/share/rcl_interfaces/cmake/ament_cmake_export_include_directories-extras.cmake
[10.421s] -- Up-to-date symlink: /home/ubuntu/microros_ws/install/rcl_interfaces/share/rcl_interfaces/cmake/ament_cmake_export_libraries-extras.cmake
[10.433s] -- Up-to-date symlink: /home/ubuntu/microros_ws/install/rcl_interfaces/share/rcl_interfaces/cmake/ament_cmake_export_targets-extras.cmake
[10.434s] -- Up-to-date symlink: /home/ubuntu/microros_ws/install/rcl_interfaces/share/rcl_interfaces/cmake/rosidl_cmake_export_typesupport_targets-extras.cmake
[10.437s] -- Up-to-date symlink: /home/ubuntu/microros_ws/install/rcl_interfaces/share/rcl_interfaces/cmake/rosidl_cmake_export_typesupport_libraries-extras.cmake
[10.440s] -- Up-to-date symlink: /home/ubuntu/microros_ws/install/rcl_interfaces/share/rcl_interfaces/cmake/rcl_interfacesConfig.cmake
[10.441s] -- Up-to-date symlink: /home/ubuntu/microros_ws/install/rcl_interfaces/share/rcl_interfaces/cmake/rcl_interfacesConfig-version.cmake
[10.443s] -- Up-to-date symlink: /home/ubuntu/microros_ws/install/rcl_interfaces/share/rcl_interfaces/package.xml
[10.445s] -- Up-to-date: /home/ubuntu/microros_ws/install/rcl_interfaces/lib/librcl_interfaces__rosidl_generator_c.so
[10.450s] -- Up-to-date: /home/ubuntu/microros_ws/install/rcl_interfaces/lib/librcl_interfaces__rosidl_typesupport_fastrtps_c.so
[10.453s] -- Up-to-date: /home/ubuntu/microros_ws/install/rcl_interfaces/lib/librcl_interfaces__rosidl_typesupport_introspection_c.so
[10.457s] -- Up-to-date: /home/ubuntu/microros_ws/install/rcl_interfaces/lib/librcl_interfaces__rosidl_typesupport_c.so
[10.461s] -- Up-to-date: /home/ubuntu/microros_ws/install/rcl_interfaces/lib/librcl_interfaces__rosidl_typesupport_fastrtps_cpp.so
[10.465s] -- Up-to-date: /home/ubuntu/microros_ws/install/rcl_interfaces/lib/librcl_interfaces__rosidl_typesupport_introspection_cpp.so
[10.469s] -- Up-to-date: /home/ubuntu/microros_ws/install/rcl_interfaces/lib/librcl_interfaces__rosidl_typesupport_cpp.so
[10.699s] Listing '/home/ubuntu/microros_ws/install/rcl_interfaces/local/lib/python3.10/dist-packages/rcl_interfaces'...
[10.701s] Listing '/home/ubuntu/microros_ws/install/rcl_interfaces/local/lib/python3.10/dist-packages/rcl_interfaces/msg'...
[10.703s] Listing '/home/ubuntu/microros_ws/install/rcl_interfaces/local/lib/python3.10/dist-packages/rcl_interfaces/srv'...
[10.762s] -- Up-to-date: /home/ubuntu/microros_ws/install/rcl_interfaces/lib/librcl_interfaces__rosidl_generator_py.so
[10.767s] -- Up-to-date: /home/ubuntu/microros_ws/install/rcl_interfaces/share/rcl_interfaces/cmake/export_rcl_interfaces__rosidl_generator_cExport.cmake
[10.768s] -- Up-to-date: /home/ubuntu/microros_ws/install/rcl_interfaces/share/rcl_interfaces/cmake/export_rcl_interfaces__rosidl_generator_cExport-noconfig.cmake
[10.770s] -- Up-to-date: /home/ubuntu/microros_ws/install/rcl_interfaces/share/rcl_interfaces/cmake/export_rcl_interfaces__rosidl_typesupport_fastrtps_cExport.cmake
[10.772s] -- Up-to-date: /home/ubuntu/microros_ws/install/rcl_interfaces/share/rcl_interfaces/cmake/export_rcl_interfaces__rosidl_typesupport_fastrtps_cExport-noconfig.cmake
[10.776s] -- Up-to-date: /home/ubuntu/microros_ws/install/rcl_interfaces/share/rcl_interfaces/cmake/rcl_interfaces__rosidl_typesupport_introspection_cExport.cmake
[10.779s] -- Up-to-date: /home/ubuntu/microros_ws/install/rcl_interfaces/share/rcl_interfaces/cmake/rcl_interfaces__rosidl_typesupport_introspection_cExport-noconfig.cmake
[10.781s] -- Up-to-date: /home/ubuntu/microros_ws/install/rcl_interfaces/share/rcl_interfaces/cmake/rcl_interfaces__rosidl_typesupport_cExport.cmake
[10.782s] -- Up-to-date: /home/ubuntu/microros_ws/install/rcl_interfaces/share/rcl_interfaces/cmake/rcl_interfaces__rosidl_typesupport_cExport-noconfig.cmake
[10.784s] -- Up-to-date: /home/ubuntu/microros_ws/install/rcl_interfaces/share/rcl_interfaces/cmake/export_rcl_interfaces__rosidl_generator_cppExport.cmake
[10.785s] -- Up-to-date: /home/ubuntu/microros_ws/install/rcl_interfaces/share/rcl_interfaces/cmake/export_rcl_interfaces__rosidl_typesupport_fastrtps_cppExport.cmake
[10.792s] -- Up-to-date: /home/ubuntu/microros_ws/install/rcl_interfaces/share/rcl_interfaces/cmake/export_rcl_interfaces__rosidl_typesupport_fastrtps_cppExport-noconfig.cmake
[10.794s] -- Up-to-date: /home/ubuntu/microros_ws/install/rcl_interfaces/share/rcl_interfaces/cmake/rcl_interfaces__rosidl_typesupport_introspection_cppExport.cmake
[10.799s] -- Up-to-date: /home/ubuntu/microros_ws/install/rcl_interfaces/share/rcl_interfaces/cmake/rcl_interfaces__rosidl_typesupport_introspection_cppExport-noconfig.cmake
[10.800s] -- Up-to-date: /home/ubuntu/microros_ws/install/rcl_interfaces/share/rcl_interfaces/cmake/rcl_interfaces__rosidl_typesupport_cppExport.cmake
[10.802s] -- Up-to-date: /home/ubuntu/microros_ws/install/rcl_interfaces/share/rcl_interfaces/cmake/rcl_interfaces__rosidl_typesupport_cppExport-noconfig.cmake
[10.806s] -- Up-to-date: /home/ubuntu/microros_ws/install/rcl_interfaces/share/rcl_interfaces/cmake/export_rcl_interfaces__rosidl_generator_pyExport.cmake
[10.814s] -- Up-to-date: /home/ubuntu/microros_ws/install/rcl_interfaces/share/rcl_interfaces/cmake/export_rcl_interfaces__rosidl_generator_pyExport-noconfig.cmake
[10.837s] Invoked command in '/home/ubuntu/microros_ws/build/rcl_interfaces' returned '0': AMENT_PREFIX_PATH=/home/ubuntu/microros_ws/install/builtin_interfaces:${AMENT_PREFIX_PATH} CMAKE_PREFIX_PATH=/home/ubuntu/microros_ws/install/builtin_interfaces:/opt/ros/humble LD_LIBRARY_PATH=/home/ubuntu/microros_ws/install/builtin_interfaces/lib:${LD_LIBRARY_PATH} PYTHONPATH=/home/ubuntu/microros_ws/install/builtin_interfaces/local/lib/python3.10/dist-packages:${PYTHONPATH} /usr/bin/cmake --install /home/ubuntu/microros_ws/build/rcl_interfaces
