[0.122s] Invoking command in '/home/ubuntu/microros_ws/build/micro_ros_msgs': CMAKE_PREFIX_PATH=/opt/ros/humble /usr/bin/cmake --build /home/ubuntu/microros_ws/build/micro_ros_msgs -- -j4 -l4
[0.658s] [  8%] Built target micro_ros_msgs__rosidl_generator_c
[0.661s] [ 10%] Built target micro_ros_msgs__cpp
[0.702s] [ 10%] Built target ament_cmake_python_symlink_micro_ros_msgs
[1.025s] [ 18%] Built target micro_ros_msgs__rosidl_typesupport_microxrcedds_c
[1.055s] [ 27%] Built target micro_ros_msgs__rosidl_typesupport_introspection_c
[1.078s] [ 35%] Built target micro_ros_msgs__rosidl_typesupport_c
[1.114s] [ 44%] Built target micro_ros_msgs__rosidl_typesupport_fastrtps_c
[1.416s] [ 52%] Built target micro_ros_msgs__rosidl_typesupport_microxrcedds_cpp
[1.512s] [ 61%] Built target micro_ros_msgs__rosidl_typesupport_fastrtps_cpp
[1.529s] [ 69%] Built target micro_ros_msgs__rosidl_typesupport_introspection_cpp
[1.690s] [ 77%] Built target micro_ros_msgs__rosidl_typesupport_cpp
[1.954s] [ 77%] Built target micro_ros_msgs
[2.261s] [ 79%] Built target micro_ros_msgs__py
[2.655s] [ 86%] Built target micro_ros_msgs__rosidl_generator_py
[2.963s] [ 89%] Built target micro_ros_msgs__rosidl_typesupport_introspection_c__pyext
[3.014s] [ 93%] Built target micro_ros_msgs__rosidl_typesupport_microxrcedds_c__pyext
[3.108s] [ 96%] Built target micro_ros_msgs__rosidl_typesupport_fastrtps_c__pyext
[3.226s] [100%] Built target micro_ros_msgs__rosidl_typesupport_c__pyext
[4.541s] running egg_info
[4.547s] writing micro_ros_msgs.egg-info/PKG-INFO
[4.548s] writing dependency_links to micro_ros_msgs.egg-info/dependency_links.txt
[4.555s] writing top-level names to micro_ros_msgs.egg-info/top_level.txt
[4.565s] reading manifest file 'micro_ros_msgs.egg-info/SOURCES.txt'
[4.567s] writing manifest file 'micro_ros_msgs.egg-info/SOURCES.txt'
[4.775s] [100%] Built target ament_cmake_python_build_micro_ros_msgs_egg
[4.845s] Invoked command in '/home/ubuntu/microros_ws/build/micro_ros_msgs' returned '0': CMAKE_PREFIX_PATH=/opt/ros/humble /usr/bin/cmake --build /home/ubuntu/microros_ws/build/micro_ros_msgs -- -j4 -l4
[5.993s] Invoking command in '/home/ubuntu/microros_ws/build/micro_ros_msgs': CMAKE_PREFIX_PATH=/opt/ros/humble /usr/bin/cmake --install /home/ubuntu/microros_ws/build/micro_ros_msgs
[6.079s] -- Install configuration: ""
[6.088s] -- Execute custom install script
[6.097s] -- Up-to-date symlink: /home/ubuntu/microros_ws/install/micro_ros_msgs/share/ament_index/resource_index/rosidl_interfaces/micro_ros_msgs
[6.099s] -- Up-to-date symlink: /home/ubuntu/microros_ws/install/micro_ros_msgs/include/micro_ros_msgs/micro_ros_msgs/msg/detail/entity__functions.h
[6.101s] -- Up-to-date symlink: /home/ubuntu/microros_ws/install/micro_ros_msgs/include/micro_ros_msgs/micro_ros_msgs/msg/detail/entity__struct.h
[6.103s] -- Up-to-date symlink: /home/ubuntu/microros_ws/install/micro_ros_msgs/include/micro_ros_msgs/micro_ros_msgs/msg/detail/entity__type_support.h
[6.104s] -- Up-to-date symlink: /home/ubuntu/microros_ws/install/micro_ros_msgs/include/micro_ros_msgs/micro_ros_msgs/msg/detail/graph__functions.h
[6.105s] -- Up-to-date symlink: /home/ubuntu/microros_ws/install/micro_ros_msgs/include/micro_ros_msgs/micro_ros_msgs/msg/detail/graph__struct.h
[6.107s] -- Up-to-date symlink: /home/ubuntu/microros_ws/install/micro_ros_msgs/include/micro_ros_msgs/micro_ros_msgs/msg/detail/graph__type_support.h
[6.108s] -- Up-to-date symlink: /home/ubuntu/microros_ws/install/micro_ros_msgs/include/micro_ros_msgs/micro_ros_msgs/msg/detail/node__functions.h
[6.110s] -- Up-to-date symlink: /home/ubuntu/microros_ws/install/micro_ros_msgs/include/micro_ros_msgs/micro_ros_msgs/msg/detail/node__struct.h
[6.111s] -- Up-to-date symlink: /home/ubuntu/microros_ws/install/micro_ros_msgs/include/micro_ros_msgs/micro_ros_msgs/msg/detail/node__type_support.h
[6.142s] -- Up-to-date symlink: /home/ubuntu/microros_ws/install/micro_ros_msgs/include/micro_ros_msgs/micro_ros_msgs/msg/entity.h
[6.145s] -- Up-to-date symlink: /home/ubuntu/microros_ws/install/micro_ros_msgs/include/micro_ros_msgs/micro_ros_msgs/msg/graph.h
[6.145s] -- Up-to-date symlink: /home/ubuntu/microros_ws/install/micro_ros_msgs/include/micro_ros_msgs/micro_ros_msgs/msg/node.h
[6.147s] -- Up-to-date symlink: /home/ubuntu/microros_ws/install/micro_ros_msgs/include/micro_ros_msgs/micro_ros_msgs/msg/rosidl_generator_c__visibility_control.h
[6.148s] -- Up-to-date symlink: /home/ubuntu/microros_ws/install/micro_ros_msgs/share/micro_ros_msgs/environment/library_path.sh
[6.149s] -- Up-to-date symlink: /home/ubuntu/microros_ws/install/micro_ros_msgs/share/micro_ros_msgs/environment/library_path.dsv
[6.151s] -- Up-to-date symlink: /home/ubuntu/microros_ws/install/micro_ros_msgs/include/micro_ros_msgs/msg/detail/entity__rosidl_typesupport_microxrcedds_c.h
[6.152s] -- Up-to-date symlink: /home/ubuntu/microros_ws/install/micro_ros_msgs/include/micro_ros_msgs/msg/detail/graph__rosidl_typesupport_microxrcedds_c.h
[6.161s] -- Up-to-date symlink: /home/ubuntu/microros_ws/install/micro_ros_msgs/include/micro_ros_msgs/msg/detail/node__rosidl_typesupport_microxrcedds_c.h
[6.161s] -- Up-to-date symlink: /home/ubuntu/microros_ws/install/micro_ros_msgs/include/micro_ros_msgs/msg/rosidl_typesupport_microxrcedds_c__visibility_control.h
[6.163s] -- Up-to-date symlink: /home/ubuntu/microros_ws/install/micro_ros_msgs/lib/libmicro_ros_msgs__rosidl_typesupport_microxrcedds_c.so
[6.163s] -- Up-to-date symlink: /home/ubuntu/microros_ws/install/micro_ros_msgs/include/micro_ros_msgs/micro_ros_msgs/msg/detail/entity__rosidl_typesupport_fastrtps_c.h
[6.167s] -- Up-to-date symlink: /home/ubuntu/microros_ws/install/micro_ros_msgs/include/micro_ros_msgs/micro_ros_msgs/msg/detail/graph__rosidl_typesupport_fastrtps_c.h
[6.168s] -- Up-to-date symlink: /home/ubuntu/microros_ws/install/micro_ros_msgs/include/micro_ros_msgs/micro_ros_msgs/msg/detail/node__rosidl_typesupport_fastrtps_c.h
[6.168s] -- Up-to-date symlink: /home/ubuntu/microros_ws/install/micro_ros_msgs/include/micro_ros_msgs/micro_ros_msgs/msg/rosidl_typesupport_fastrtps_c__visibility_control.h
[6.171s] -- Up-to-date symlink: /home/ubuntu/microros_ws/install/micro_ros_msgs/include/micro_ros_msgs/micro_ros_msgs/msg/detail/entity__rosidl_typesupport_introspection_c.h
[6.173s] -- Up-to-date symlink: /home/ubuntu/microros_ws/install/micro_ros_msgs/include/micro_ros_msgs/micro_ros_msgs/msg/detail/graph__rosidl_typesupport_introspection_c.h
[6.176s] -- Up-to-date symlink: /home/ubuntu/microros_ws/install/micro_ros_msgs/include/micro_ros_msgs/micro_ros_msgs/msg/detail/node__rosidl_typesupport_introspection_c.h
[6.177s] -- Up-to-date symlink: /home/ubuntu/microros_ws/install/micro_ros_msgs/include/micro_ros_msgs/micro_ros_msgs/msg/rosidl_typesupport_introspection_c__visibility_control.h
[6.179s] -- Up-to-date symlink: /home/ubuntu/microros_ws/install/micro_ros_msgs/include/micro_ros_msgs/micro_ros_msgs/msg/detail/entity__builder.hpp
[6.180s] -- Up-to-date symlink: /home/ubuntu/microros_ws/install/micro_ros_msgs/include/micro_ros_msgs/micro_ros_msgs/msg/detail/entity__struct.hpp
[6.181s] -- Up-to-date symlink: /home/ubuntu/microros_ws/install/micro_ros_msgs/include/micro_ros_msgs/micro_ros_msgs/msg/detail/entity__traits.hpp
[6.182s] -- Up-to-date symlink: /home/ubuntu/microros_ws/install/micro_ros_msgs/include/micro_ros_msgs/micro_ros_msgs/msg/detail/graph__builder.hpp
[6.183s] -- Up-to-date symlink: /home/ubuntu/microros_ws/install/micro_ros_msgs/include/micro_ros_msgs/micro_ros_msgs/msg/detail/graph__struct.hpp
[6.186s] -- Up-to-date symlink: /home/ubuntu/microros_ws/install/micro_ros_msgs/include/micro_ros_msgs/micro_ros_msgs/msg/detail/graph__traits.hpp
[6.189s] -- Up-to-date symlink: /home/ubuntu/microros_ws/install/micro_ros_msgs/include/micro_ros_msgs/micro_ros_msgs/msg/detail/node__builder.hpp
[6.191s] -- Up-to-date symlink: /home/ubuntu/microros_ws/install/micro_ros_msgs/include/micro_ros_msgs/micro_ros_msgs/msg/detail/node__struct.hpp
[6.192s] -- Up-to-date symlink: /home/ubuntu/microros_ws/install/micro_ros_msgs/include/micro_ros_msgs/micro_ros_msgs/msg/detail/node__traits.hpp
[6.193s] -- Up-to-date symlink: /home/ubuntu/microros_ws/install/micro_ros_msgs/include/micro_ros_msgs/micro_ros_msgs/msg/entity.hpp
[6.194s] -- Up-to-date symlink: /home/ubuntu/microros_ws/install/micro_ros_msgs/include/micro_ros_msgs/micro_ros_msgs/msg/graph.hpp
[6.195s] -- Up-to-date symlink: /home/ubuntu/microros_ws/install/micro_ros_msgs/include/micro_ros_msgs/micro_ros_msgs/msg/node.hpp
[6.195s] -- Up-to-date symlink: /home/ubuntu/microros_ws/install/micro_ros_msgs/include/micro_ros_msgs/msg/detail/entity__rosidl_typesupport_microxrcedds_cpp.hpp
[6.197s] -- Up-to-date symlink: /home/ubuntu/microros_ws/install/micro_ros_msgs/include/micro_ros_msgs/msg/detail/graph__rosidl_typesupport_microxrcedds_cpp.hpp
[6.200s] -- Up-to-date symlink: /home/ubuntu/microros_ws/install/micro_ros_msgs/include/micro_ros_msgs/msg/detail/microxrcedds/entity__type_support_cpp.cpp
[6.202s] -- Up-to-date symlink: /home/ubuntu/microros_ws/install/micro_ros_msgs/include/micro_ros_msgs/msg/detail/microxrcedds/graph__type_support_cpp.cpp
[6.202s] -- Up-to-date symlink: /home/ubuntu/microros_ws/install/micro_ros_msgs/include/micro_ros_msgs/msg/detail/microxrcedds/node__type_support_cpp.cpp
[6.204s] -- Up-to-date symlink: /home/ubuntu/microros_ws/install/micro_ros_msgs/include/micro_ros_msgs/msg/detail/node__rosidl_typesupport_microxrcedds_cpp.hpp
[6.210s] -- Up-to-date symlink: /home/ubuntu/microros_ws/install/micro_ros_msgs/include/micro_ros_msgs/msg/rosidl_typesupport_microxrcedds_cpp__visibility_control.h
[6.212s] -- Up-to-date symlink: /home/ubuntu/microros_ws/install/micro_ros_msgs/lib/libmicro_ros_msgs__rosidl_typesupport_microxrcedds_cpp.so
[6.212s] -- Up-to-date symlink: /home/ubuntu/microros_ws/install/micro_ros_msgs/include/micro_ros_msgs/micro_ros_msgs/msg/detail/entity__rosidl_typesupport_fastrtps_cpp.hpp
[6.212s] -- Up-to-date symlink: /home/ubuntu/microros_ws/install/micro_ros_msgs/include/micro_ros_msgs/micro_ros_msgs/msg/detail/graph__rosidl_typesupport_fastrtps_cpp.hpp
[6.213s] -- Up-to-date symlink: /home/ubuntu/microros_ws/install/micro_ros_msgs/include/micro_ros_msgs/micro_ros_msgs/msg/detail/node__rosidl_typesupport_fastrtps_cpp.hpp
[6.213s] -- Up-to-date symlink: /home/ubuntu/microros_ws/install/micro_ros_msgs/include/micro_ros_msgs/micro_ros_msgs/msg/rosidl_typesupport_fastrtps_cpp__visibility_control.h
[6.213s] -- Up-to-date symlink: /home/ubuntu/microros_ws/install/micro_ros_msgs/include/micro_ros_msgs/micro_ros_msgs/msg/detail/entity__rosidl_typesupport_introspection_cpp.hpp
[6.214s] -- Up-to-date symlink: /home/ubuntu/microros_ws/install/micro_ros_msgs/include/micro_ros_msgs/micro_ros_msgs/msg/detail/graph__rosidl_typesupport_introspection_cpp.hpp
[6.215s] -- Up-to-date symlink: /home/ubuntu/microros_ws/install/micro_ros_msgs/include/micro_ros_msgs/micro_ros_msgs/msg/detail/node__rosidl_typesupport_introspection_cpp.hpp
[6.215s] -- Up-to-date symlink: /home/ubuntu/microros_ws/install/micro_ros_msgs/share/micro_ros_msgs/environment/pythonpath.sh
[6.216s] -- Up-to-date symlink: /home/ubuntu/microros_ws/install/micro_ros_msgs/share/micro_ros_msgs/environment/pythonpath.dsv
[6.216s] -- Up-to-date symlink: /home/ubuntu/microros_ws/install/micro_ros_msgs/local/lib/python3.10/dist-packages/micro_ros_msgs-3.0.1-py3.10.egg-info/PKG-INFO
[6.216s] -- Up-to-date symlink: /home/ubuntu/microros_ws/install/micro_ros_msgs/local/lib/python3.10/dist-packages/micro_ros_msgs-3.0.1-py3.10.egg-info/SOURCES.txt
[6.216s] -- Up-to-date symlink: /home/ubuntu/microros_ws/install/micro_ros_msgs/local/lib/python3.10/dist-packages/micro_ros_msgs-3.0.1-py3.10.egg-info/dependency_links.txt
[6.217s] -- Up-to-date symlink: /home/ubuntu/microros_ws/install/micro_ros_msgs/local/lib/python3.10/dist-packages/micro_ros_msgs-3.0.1-py3.10.egg-info/top_level.txt
[6.219s] -- Up-to-date symlink: /home/ubuntu/microros_ws/install/micro_ros_msgs/local/lib/python3.10/dist-packages/micro_ros_msgs/__init__.py
[6.221s] -- Up-to-date symlink: /home/ubuntu/microros_ws/install/micro_ros_msgs/local/lib/python3.10/dist-packages/micro_ros_msgs/_micro_ros_msgs_s.ep.rosidl_typesupport_c.c
[6.221s] -- Up-to-date symlink: /home/ubuntu/microros_ws/install/micro_ros_msgs/local/lib/python3.10/dist-packages/micro_ros_msgs/_micro_ros_msgs_s.ep.rosidl_typesupport_fastrtps_c.c
[6.222s] -- Up-to-date symlink: /home/ubuntu/microros_ws/install/micro_ros_msgs/local/lib/python3.10/dist-packages/micro_ros_msgs/_micro_ros_msgs_s.ep.rosidl_typesupport_introspection_c.c
[6.229s] -- Up-to-date symlink: /home/ubuntu/microros_ws/install/micro_ros_msgs/local/lib/python3.10/dist-packages/micro_ros_msgs/_micro_ros_msgs_s.ep.rosidl_typesupport_microxrcedds_c.c
[6.231s] -- Up-to-date symlink: /home/ubuntu/microros_ws/install/micro_ros_msgs/local/lib/python3.10/dist-packages/micro_ros_msgs/libmicro_ros_msgs__rosidl_generator_py.so
[6.232s] -- Up-to-date symlink: /home/ubuntu/microros_ws/install/micro_ros_msgs/local/lib/python3.10/dist-packages/micro_ros_msgs/micro_ros_msgs_s__rosidl_typesupport_c.cpython-310-aarch64-linux-gnu.so
[6.234s] -- Up-to-date symlink: /home/ubuntu/microros_ws/install/micro_ros_msgs/local/lib/python3.10/dist-packages/micro_ros_msgs/micro_ros_msgs_s__rosidl_typesupport_fastrtps_c.cpython-310-aarch64-linux-gnu.so
[6.235s] -- Up-to-date symlink: /home/ubuntu/microros_ws/install/micro_ros_msgs/local/lib/python3.10/dist-packages/micro_ros_msgs/micro_ros_msgs_s__rosidl_typesupport_introspection_c.cpython-310-aarch64-linux-gnu.so
[6.235s] -- Up-to-date symlink: /home/ubuntu/microros_ws/install/micro_ros_msgs/local/lib/python3.10/dist-packages/micro_ros_msgs/micro_ros_msgs_s__rosidl_typesupport_microxrcedds_c.cpython-310-aarch64-linux-gnu.so
[6.238s] -- Up-to-date symlink: /home/ubuntu/microros_ws/install/micro_ros_msgs/local/lib/python3.10/dist-packages/micro_ros_msgs/msg/__init__.py
[6.242s] -- Up-to-date symlink: /home/ubuntu/microros_ws/install/micro_ros_msgs/local/lib/python3.10/dist-packages/micro_ros_msgs/msg/_entity.py
[6.243s] -- Up-to-date symlink: /home/ubuntu/microros_ws/install/micro_ros_msgs/local/lib/python3.10/dist-packages/micro_ros_msgs/msg/_entity_s.c
[6.245s] -- Up-to-date symlink: /home/ubuntu/microros_ws/install/micro_ros_msgs/local/lib/python3.10/dist-packages/micro_ros_msgs/msg/_graph.py
[6.246s] -- Up-to-date symlink: /home/ubuntu/microros_ws/install/micro_ros_msgs/local/lib/python3.10/dist-packages/micro_ros_msgs/msg/_graph_s.c
[6.246s] -- Up-to-date symlink: /home/ubuntu/microros_ws/install/micro_ros_msgs/local/lib/python3.10/dist-packages/micro_ros_msgs/msg/_node.py
[6.247s] -- Up-to-date symlink: /home/ubuntu/microros_ws/install/micro_ros_msgs/local/lib/python3.10/dist-packages/micro_ros_msgs/msg/_node_s.c
[6.248s] -- Up-to-date symlink: /home/ubuntu/microros_ws/install/micro_ros_msgs/local/lib/python3.10/dist-packages/micro_ros_msgs/micro_ros_msgs_s__rosidl_typesupport_microxrcedds_c.cpython-310-aarch64-linux-gnu.so
[6.248s] -- Up-to-date symlink: /home/ubuntu/microros_ws/install/micro_ros_msgs/local/lib/python3.10/dist-packages/micro_ros_msgs/micro_ros_msgs_s__rosidl_typesupport_fastrtps_c.cpython-310-aarch64-linux-gnu.so
[6.250s] -- Up-to-date symlink: /home/ubuntu/microros_ws/install/micro_ros_msgs/local/lib/python3.10/dist-packages/micro_ros_msgs/micro_ros_msgs_s__rosidl_typesupport_introspection_c.cpython-310-aarch64-linux-gnu.so
[6.251s] -- Up-to-date symlink: /home/ubuntu/microros_ws/install/micro_ros_msgs/local/lib/python3.10/dist-packages/micro_ros_msgs/micro_ros_msgs_s__rosidl_typesupport_c.cpython-310-aarch64-linux-gnu.so
[6.252s] -- Up-to-date symlink: /home/ubuntu/microros_ws/install/micro_ros_msgs/share/micro_ros_msgs/msg/Graph.idl
[6.252s] -- Up-to-date symlink: /home/ubuntu/microros_ws/install/micro_ros_msgs/share/micro_ros_msgs/msg/Node.idl
[6.253s] -- Up-to-date symlink: /home/ubuntu/microros_ws/install/micro_ros_msgs/share/micro_ros_msgs/msg/Entity.idl
[6.255s] -- Up-to-date symlink: /home/ubuntu/microros_ws/install/micro_ros_msgs/share/micro_ros_msgs/msg/Graph.msg
[6.258s] -- Up-to-date symlink: /home/ubuntu/microros_ws/install/micro_ros_msgs/share/micro_ros_msgs/msg/Node.msg
[6.261s] -- Up-to-date symlink: /home/ubuntu/microros_ws/install/micro_ros_msgs/share/micro_ros_msgs/msg/Entity.msg
[6.262s] -- Up-to-date symlink: /home/ubuntu/microros_ws/install/micro_ros_msgs/share/ament_index/resource_index/package_run_dependencies/micro_ros_msgs
[6.263s] -- Up-to-date symlink: /home/ubuntu/microros_ws/install/micro_ros_msgs/share/ament_index/resource_index/parent_prefix_path/micro_ros_msgs
[6.266s] -- Up-to-date symlink: /home/ubuntu/microros_ws/install/micro_ros_msgs/share/micro_ros_msgs/environment/ament_prefix_path.sh
[6.268s] -- Up-to-date symlink: /home/ubuntu/microros_ws/install/micro_ros_msgs/share/micro_ros_msgs/environment/ament_prefix_path.dsv
[6.273s] -- Up-to-date symlink: /home/ubuntu/microros_ws/install/micro_ros_msgs/share/micro_ros_msgs/environment/path.sh
[6.274s] -- Up-to-date symlink: /home/ubuntu/microros_ws/install/micro_ros_msgs/share/micro_ros_msgs/environment/path.dsv
[6.275s] -- Up-to-date symlink: /home/ubuntu/microros_ws/install/micro_ros_msgs/share/micro_ros_msgs/local_setup.bash
[6.275s] -- Up-to-date symlink: /home/ubuntu/microros_ws/install/micro_ros_msgs/share/micro_ros_msgs/local_setup.sh
[6.276s] -- Up-to-date symlink: /home/ubuntu/microros_ws/install/micro_ros_msgs/share/micro_ros_msgs/local_setup.zsh
[6.276s] -- Up-to-date symlink: /home/ubuntu/microros_ws/install/micro_ros_msgs/share/micro_ros_msgs/local_setup.dsv
[6.276s] -- Symlinking: /home/ubuntu/microros_ws/install/micro_ros_msgs/share/micro_ros_msgs/package.dsv
[6.308s] -- Up-to-date symlink: /home/ubuntu/microros_ws/install/micro_ros_msgs/share/ament_index/resource_index/packages/micro_ros_msgs
[6.309s] -- Up-to-date symlink: /home/ubuntu/microros_ws/install/micro_ros_msgs/share/micro_ros_msgs/cmake/rosidl_cmake-extras.cmake
[6.310s] -- Up-to-date symlink: /home/ubuntu/microros_ws/install/micro_ros_msgs/share/micro_ros_msgs/cmake/ament_cmake_export_include_directories-extras.cmake
[6.312s] -- Up-to-date symlink: /home/ubuntu/microros_ws/install/micro_ros_msgs/share/micro_ros_msgs/cmake/ament_cmake_export_libraries-extras.cmake
[6.313s] -- Up-to-date symlink: /home/ubuntu/microros_ws/install/micro_ros_msgs/share/micro_ros_msgs/cmake/ament_cmake_export_targets-extras.cmake
[6.315s] -- Up-to-date symlink: /home/ubuntu/microros_ws/install/micro_ros_msgs/share/micro_ros_msgs/cmake/rosidl_cmake_export_typesupport_targets-extras.cmake
[6.317s] -- Up-to-date symlink: /home/ubuntu/microros_ws/install/micro_ros_msgs/share/micro_ros_msgs/cmake/ament_cmake_export_dependencies-extras.cmake
[6.318s] -- Up-to-date symlink: /home/ubuntu/microros_ws/install/micro_ros_msgs/share/micro_ros_msgs/cmake/rosidl_cmake_export_typesupport_libraries-extras.cmake
[6.319s] -- Up-to-date symlink: /home/ubuntu/microros_ws/install/micro_ros_msgs/share/micro_ros_msgs/cmake/micro_ros_msgsConfig.cmake
[6.320s] -- Up-to-date symlink: /home/ubuntu/microros_ws/install/micro_ros_msgs/share/micro_ros_msgs/cmake/micro_ros_msgsConfig-version.cmake
[6.323s] -- Up-to-date symlink: /home/ubuntu/microros_ws/install/micro_ros_msgs/share/micro_ros_msgs/package.xml
[6.324s] -- Up-to-date: /home/ubuntu/microros_ws/install/micro_ros_msgs/lib/libmicro_ros_msgs__rosidl_generator_c.so
[6.340s] -- Up-to-date: /home/ubuntu/microros_ws/install/micro_ros_msgs/lib/libmicro_ros_msgs__rosidl_typesupport_fastrtps_c.so
[6.342s] -- Up-to-date: /home/ubuntu/microros_ws/install/micro_ros_msgs/lib/libmicro_ros_msgs__rosidl_typesupport_introspection_c.so
[6.343s] -- Up-to-date: /home/ubuntu/microros_ws/install/micro_ros_msgs/lib/libmicro_ros_msgs__rosidl_typesupport_c.so
[6.344s] -- Up-to-date: /home/ubuntu/microros_ws/install/micro_ros_msgs/lib/libmicro_ros_msgs__rosidl_typesupport_fastrtps_cpp.so
[6.346s] -- Up-to-date: /home/ubuntu/microros_ws/install/micro_ros_msgs/lib/libmicro_ros_msgs__rosidl_typesupport_introspection_cpp.so
[6.347s] -- Up-to-date: /home/ubuntu/microros_ws/install/micro_ros_msgs/lib/libmicro_ros_msgs__rosidl_typesupport_cpp.so
[6.557s] Listing '/home/ubuntu/microros_ws/install/micro_ros_msgs/local/lib/python3.10/dist-packages/micro_ros_msgs'...
[6.558s] Listing '/home/ubuntu/microros_ws/install/micro_ros_msgs/local/lib/python3.10/dist-packages/micro_ros_msgs/msg'...
[6.589s] -- Up-to-date: /home/ubuntu/microros_ws/install/micro_ros_msgs/lib/libmicro_ros_msgs__rosidl_generator_py.so
[6.594s] -- Up-to-date: /home/ubuntu/microros_ws/install/micro_ros_msgs/share/micro_ros_msgs/cmake/export_micro_ros_msgs__rosidl_generator_cExport.cmake
[6.600s] -- Up-to-date: /home/ubuntu/microros_ws/install/micro_ros_msgs/share/micro_ros_msgs/cmake/export_micro_ros_msgs__rosidl_generator_cExport-noconfig.cmake
[6.601s] -- Up-to-date: /home/ubuntu/microros_ws/install/micro_ros_msgs/share/micro_ros_msgs/cmake/export_micro_ros_msgs__rosidl_typesupport_fastrtps_cExport.cmake
[6.602s] -- Up-to-date: /home/ubuntu/microros_ws/install/micro_ros_msgs/share/micro_ros_msgs/cmake/export_micro_ros_msgs__rosidl_typesupport_fastrtps_cExport-noconfig.cmake
[6.603s] -- Up-to-date: /home/ubuntu/microros_ws/install/micro_ros_msgs/share/micro_ros_msgs/cmake/micro_ros_msgs__rosidl_typesupport_introspection_cExport.cmake
[6.604s] -- Up-to-date: /home/ubuntu/microros_ws/install/micro_ros_msgs/share/micro_ros_msgs/cmake/micro_ros_msgs__rosidl_typesupport_introspection_cExport-noconfig.cmake
[6.605s] -- Up-to-date: /home/ubuntu/microros_ws/install/micro_ros_msgs/share/micro_ros_msgs/cmake/micro_ros_msgs__rosidl_typesupport_cExport.cmake
[6.606s] -- Up-to-date: /home/ubuntu/microros_ws/install/micro_ros_msgs/share/micro_ros_msgs/cmake/micro_ros_msgs__rosidl_typesupport_cExport-noconfig.cmake
[6.607s] -- Up-to-date: /home/ubuntu/microros_ws/install/micro_ros_msgs/share/micro_ros_msgs/cmake/export_micro_ros_msgs__rosidl_generator_cppExport.cmake
[6.608s] -- Up-to-date: /home/ubuntu/microros_ws/install/micro_ros_msgs/share/micro_ros_msgs/cmake/export_micro_ros_msgs__rosidl_typesupport_fastrtps_cppExport.cmake
[6.608s] -- Up-to-date: /home/ubuntu/microros_ws/install/micro_ros_msgs/share/micro_ros_msgs/cmake/export_micro_ros_msgs__rosidl_typesupport_fastrtps_cppExport-noconfig.cmake
[6.609s] -- Up-to-date: /home/ubuntu/microros_ws/install/micro_ros_msgs/share/micro_ros_msgs/cmake/micro_ros_msgs__rosidl_typesupport_introspection_cppExport.cmake
[6.613s] -- Up-to-date: /home/ubuntu/microros_ws/install/micro_ros_msgs/share/micro_ros_msgs/cmake/micro_ros_msgs__rosidl_typesupport_introspection_cppExport-noconfig.cmake
[6.614s] -- Up-to-date: /home/ubuntu/microros_ws/install/micro_ros_msgs/share/micro_ros_msgs/cmake/micro_ros_msgs__rosidl_typesupport_cppExport.cmake
[6.615s] -- Up-to-date: /home/ubuntu/microros_ws/install/micro_ros_msgs/share/micro_ros_msgs/cmake/micro_ros_msgs__rosidl_typesupport_cppExport-noconfig.cmake
[6.616s] -- Up-to-date: /home/ubuntu/microros_ws/install/micro_ros_msgs/share/micro_ros_msgs/cmake/export_micro_ros_msgs__rosidl_generator_pyExport.cmake
[6.616s] -- Up-to-date: /home/ubuntu/microros_ws/install/micro_ros_msgs/share/micro_ros_msgs/cmake/export_micro_ros_msgs__rosidl_generator_pyExport-noconfig.cmake
[6.741s] Invoked command in '/home/ubuntu/microros_ws/build/micro_ros_msgs' returned '0': CMAKE_PREFIX_PATH=/opt/ros/humble /usr/bin/cmake --install /home/ubuntu/microros_ws/build/micro_ros_msgs
