[0.159s] Invoking command in '/home/ubuntu/microros_ws/build/microxrcedds_client': CMAKE_PREFIX_PATH=/home/ubuntu/microros_ws/install/microcdr LD_LIBRARY_PATH=/home/ubuntu/microros_ws/install/microcdr/lib:${LD_LIBRARY_PATH} /usr/bin/cmake --build /home/ubuntu/microros_ws/build/microxrcedds_client -- -j4 -l4
[0.447s] [100%] Built target microxrcedds_client
[0.511s] Invoked command in '/home/ubuntu/microros_ws/build/microxrcedds_client' returned '0': CMAKE_PREFIX_PATH=/home/ubuntu/microros_ws/install/microcdr LD_LIBRARY_PATH=/home/ubuntu/microros_ws/install/microcdr/lib:${LD_LIBRARY_PATH} /usr/bin/cmake --build /home/ubuntu/microros_ws/build/microxrcedds_client -- -j4 -l4
[1.924s] Invoking command in '/home/ubuntu/microros_ws/build/microxrcedds_client': CMAKE_PREFIX_PATH=/home/ubuntu/microros_ws/install/microcdr LD_LIBRARY_PATH=/home/ubuntu/microros_ws/install/microcdr/lib:${LD_LIBRARY_PATH} /usr/bin/cmake --install /home/ubuntu/microros_ws/build/microxrcedds_client
[1.999s] -- Install configuration: "Release"
[2.001s] -- Up-to-date: /home/ubuntu/microros_ws/install/microxrcedds_client/lib/libmicroxrcedds_client.so.2.4.2
[2.002s] -- Up-to-date: /home/ubuntu/microros_ws/install/microxrcedds_client/lib/libmicroxrcedds_client.so.2.4
[2.005s] -- Up-to-date: /home/ubuntu/microros_ws/install/microxrcedds_client/lib/libmicroxrcedds_client.so
[2.017s] -- Up-to-date: /home/ubuntu/microros_ws/install/microxrcedds_client/include/uxr/client
[2.018s] -- Up-to-date: /home/ubuntu/microros_ws/install/microxrcedds_client/include/uxr/client/profile
[2.018s] -- Up-to-date: /home/ubuntu/microros_ws/install/microxrcedds_client/include/uxr/client/profile/multithread
[2.019s] -- Up-to-date: /home/ubuntu/microros_ws/install/microxrcedds_client/include/uxr/client/profile/multithread/multithread.h
[2.019s] -- Up-to-date: /home/ubuntu/microros_ws/install/microxrcedds_client/include/uxr/client/profile/discovery
[2.020s] -- Up-to-date: /home/ubuntu/microros_ws/install/microxrcedds_client/include/uxr/client/profile/discovery/discovery.h
[2.021s] -- Up-to-date: /home/ubuntu/microros_ws/install/microxrcedds_client/include/uxr/client/profile/transport
[2.022s] -- Up-to-date: /home/ubuntu/microros_ws/install/microxrcedds_client/include/uxr/client/profile/transport/custom
[2.022s] -- Up-to-date: /home/ubuntu/microros_ws/install/microxrcedds_client/include/uxr/client/profile/transport/custom/custom_transport.h
[2.022s] -- Up-to-date: /home/ubuntu/microros_ws/install/microxrcedds_client/include/uxr/client/profile/transport/ip
[2.023s] -- Up-to-date: /home/ubuntu/microros_ws/install/microxrcedds_client/include/uxr/client/profile/transport/ip/tcp
[2.023s] -- Up-to-date: /home/ubuntu/microros_ws/install/microxrcedds_client/include/uxr/client/profile/transport/ip/tcp/tcp_transport_windows.h
[2.024s] -- Up-to-date: /home/ubuntu/microros_ws/install/microxrcedds_client/include/uxr/client/profile/transport/ip/tcp/tcp_transport_freertos_plus_tcp.h
[2.033s] -- Up-to-date: /home/ubuntu/microros_ws/install/microxrcedds_client/include/uxr/client/profile/transport/ip/tcp/tcp_transport.h
[2.034s] -- Up-to-date: /home/ubuntu/microros_ws/install/microxrcedds_client/include/uxr/client/profile/transport/ip/tcp/tcp_transport_posix.h
[2.035s] -- Up-to-date: /home/ubuntu/microros_ws/install/microxrcedds_client/include/uxr/client/profile/transport/ip/tcp/tcp_transport_posix_nopoll.h
[2.036s] -- Up-to-date: /home/ubuntu/microros_ws/install/microxrcedds_client/include/uxr/client/profile/transport/ip/tcp/tcp_transport_rtems_bsd_net.h
[2.037s] -- Up-to-date: /home/ubuntu/microros_ws/install/microxrcedds_client/include/uxr/client/profile/transport/ip/udp
[2.037s] -- Up-to-date: /home/ubuntu/microros_ws/install/microxrcedds_client/include/uxr/client/profile/transport/ip/udp/udp_transport_posix_nopoll.h
[2.038s] -- Up-to-date: /home/ubuntu/microros_ws/install/microxrcedds_client/include/uxr/client/profile/transport/ip/udp/udp_transport_freertos_plus_tcp.h
[2.039s] -- Up-to-date: /home/ubuntu/microros_ws/install/microxrcedds_client/include/uxr/client/profile/transport/ip/udp/udp_transport_posix.h
[2.039s] -- Up-to-date: /home/ubuntu/microros_ws/install/microxrcedds_client/include/uxr/client/profile/transport/ip/udp/udp_transport_windows.h
[2.040s] -- Up-to-date: /home/ubuntu/microros_ws/install/microxrcedds_client/include/uxr/client/profile/transport/ip/udp/udp_transport.h
[2.049s] -- Up-to-date: /home/ubuntu/microros_ws/install/microxrcedds_client/include/uxr/client/profile/transport/ip/udp/udp_transport_rtems_bsd_net.h
[2.049s] -- Up-to-date: /home/ubuntu/microros_ws/install/microxrcedds_client/include/uxr/client/profile/transport/ip/ip.h
[2.050s] -- Up-to-date: /home/ubuntu/microros_ws/install/microxrcedds_client/include/uxr/client/profile/transport/serial
[2.051s] -- Up-to-date: /home/ubuntu/microros_ws/install/microxrcedds_client/include/uxr/client/profile/transport/serial/serial_transport_rtems_bsd_net.h
[2.052s] -- Up-to-date: /home/ubuntu/microros_ws/install/microxrcedds_client/include/uxr/client/profile/transport/serial/serial_transport_platform.h
[2.053s] -- Up-to-date: /home/ubuntu/microros_ws/install/microxrcedds_client/include/uxr/client/profile/transport/serial/serial_transport_posix.h
[2.054s] -- Up-to-date: /home/ubuntu/microros_ws/install/microxrcedds_client/include/uxr/client/profile/transport/serial/serial_transport.h
[2.055s] -- Up-to-date: /home/ubuntu/microros_ws/install/microxrcedds_client/include/uxr/client/profile/transport/can
[2.062s] -- Up-to-date: /home/ubuntu/microros_ws/install/microxrcedds_client/include/uxr/client/profile/transport/can/can_transport.h
[2.079s] -- Up-to-date: /home/ubuntu/microros_ws/install/microxrcedds_client/include/uxr/client/profile/transport/can/can_transport_posix.h
[2.080s] -- Up-to-date: /home/ubuntu/microros_ws/install/microxrcedds_client/include/uxr/client/profile/transport/stream_framing
[2.081s] -- Up-to-date: /home/ubuntu/microros_ws/install/microxrcedds_client/include/uxr/client/profile/transport/stream_framing/stream_framing_protocol.h
[2.082s] -- Up-to-date: /home/ubuntu/microros_ws/install/microxrcedds_client/include/uxr/client/util
[2.083s] -- Up-to-date: /home/ubuntu/microros_ws/install/microxrcedds_client/include/uxr/client/util/time.h
[2.083s] -- Up-to-date: /home/ubuntu/microros_ws/install/microxrcedds_client/include/uxr/client/util/ping.h
[2.084s] -- Up-to-date: /home/ubuntu/microros_ws/install/microxrcedds_client/include/uxr/client/core
[2.093s] -- Up-to-date: /home/ubuntu/microros_ws/install/microxrcedds_client/include/uxr/client/core/session
[2.094s] -- Up-to-date: /home/ubuntu/microros_ws/install/microxrcedds_client/include/uxr/client/core/session/create_entities_bin.h
[2.095s] -- Up-to-date: /home/ubuntu/microros_ws/install/microxrcedds_client/include/uxr/client/core/session/time_sync.h
[2.095s] -- Up-to-date: /home/ubuntu/microros_ws/install/microxrcedds_client/include/uxr/client/core/session/object_id.h
[2.096s] -- Up-to-date: /home/ubuntu/microros_ws/install/microxrcedds_client/include/uxr/client/core/session/session.h
[2.097s] -- Up-to-date: /home/ubuntu/microros_ws/install/microxrcedds_client/include/uxr/client/core/session/read_access.h
[2.097s] -- Up-to-date: /home/ubuntu/microros_ws/install/microxrcedds_client/include/uxr/client/core/session/stream
[2.097s] -- Up-to-date: /home/ubuntu/microros_ws/install/microxrcedds_client/include/uxr/client/core/session/stream/input_best_effort_stream.h
[2.098s] -- Up-to-date: /home/ubuntu/microros_ws/install/microxrcedds_client/include/uxr/client/core/session/stream/reliable_stream.h
[2.098s] -- Up-to-date: /home/ubuntu/microros_ws/install/microxrcedds_client/include/uxr/client/core/session/stream/input_reliable_stream.h
[2.099s] -- Up-to-date: /home/ubuntu/microros_ws/install/microxrcedds_client/include/uxr/client/core/session/stream/seq_num.h
[2.099s] -- Up-to-date: /home/ubuntu/microros_ws/install/microxrcedds_client/include/uxr/client/core/session/stream/output_best_effort_stream.h
[2.100s] -- Up-to-date: /home/ubuntu/microros_ws/install/microxrcedds_client/include/uxr/client/core/session/stream/stream_id.h
[2.101s] -- Up-to-date: /home/ubuntu/microros_ws/install/microxrcedds_client/include/uxr/client/core/session/stream/output_reliable_stream.h
[2.101s] -- Up-to-date: /home/ubuntu/microros_ws/install/microxrcedds_client/include/uxr/client/core/session/stream/stream_storage.h
[2.102s] -- Up-to-date: /home/ubuntu/microros_ws/install/microxrcedds_client/include/uxr/client/core/session/write_access.h
[2.102s] -- Up-to-date: /home/ubuntu/microros_ws/install/microxrcedds_client/include/uxr/client/core/session/common_create_entities.h
[2.103s] -- Up-to-date: /home/ubuntu/microros_ws/install/microxrcedds_client/include/uxr/client/core/session/create_entities_ref.h
[2.103s] -- Up-to-date: /home/ubuntu/microros_ws/install/microxrcedds_client/include/uxr/client/core/session/session_info.h
[2.136s] -- Up-to-date: /home/ubuntu/microros_ws/install/microxrcedds_client/include/uxr/client/core/session/create_entities_xml.h
[2.137s] -- Up-to-date: /home/ubuntu/microros_ws/install/microxrcedds_client/include/uxr/client/core/type
[2.137s] -- Up-to-date: /home/ubuntu/microros_ws/install/microxrcedds_client/include/uxr/client/core/type/xrce_types.h
[2.138s] -- Up-to-date: /home/ubuntu/microros_ws/install/microxrcedds_client/include/uxr/client/core/communication
[2.138s] -- Up-to-date: /home/ubuntu/microros_ws/install/microxrcedds_client/include/uxr/client/core/communication/communication.h
[2.138s] -- Up-to-date: /home/ubuntu/microros_ws/install/microxrcedds_client/include/uxr/client/visibility.h
[2.139s] -- Up-to-date: /home/ubuntu/microros_ws/install/microxrcedds_client/include/uxr/client/transport.h
[2.143s] -- Up-to-date: /home/ubuntu/microros_ws/install/microxrcedds_client/include/uxr/client/defines.h
[2.144s] -- Up-to-date: /home/ubuntu/microros_ws/install/microxrcedds_client/include/uxr/client/client.h
[2.145s] -- Up-to-date: /home/ubuntu/microros_ws/install/microxrcedds_client/include/uxr/client/config.h
[2.145s] -- Up-to-date: /home/ubuntu/microros_ws/install/microxrcedds_client/share/microxrcedds_client/cmake/microxrcedds_clientTargets.cmake
[2.146s] -- Up-to-date: /home/ubuntu/microros_ws/install/microxrcedds_client/share/microxrcedds_client/cmake/microxrcedds_clientTargets-release.cmake
[2.146s] -- Up-to-date: /home/ubuntu/microros_ws/install/microxrcedds_client/share/microxrcedds_client/cmake/microxrcedds_clientConfig.cmake
[2.147s] -- Up-to-date: /home/ubuntu/microros_ws/install/microxrcedds_client/share/microxrcedds_client/cmake/microxrcedds_clientConfigVersion.cmake
[2.148s] Invoked command in '/home/ubuntu/microros_ws/build/microxrcedds_client' returned '0': CMAKE_PREFIX_PATH=/home/ubuntu/microros_ws/install/microcdr LD_LIBRARY_PATH=/home/ubuntu/microros_ws/install/microcdr/lib:${LD_LIBRARY_PATH} /usr/bin/cmake --install /home/ubuntu/microros_ws/build/microxrcedds_client
