gmake: Warning: File 'Makefile' has modification time 18359399 s in the future
gmake[1]: Warning: File 'CMakeFiles/Makefile2' has modification time 18359398 s in the future
gmake[2]: Warning: File 'CMakeFiles/shape_msgs__cpp.dir/progress.make' has modification time 18359398 s in the future
gmake[2]: warning:  Clock skew detected.  Your build may be incomplete.
gmake[2]: Warning: File 'CMakeFiles/shape_msgs__cpp.dir/progress.make' has modification time 18359398 s in the future
gmake[2]: warning:  Clock skew detected.  Your build may be incomplete.
gmake[2]: Warning: File 'CMakeFiles/ament_cmake_python_symlink_shape_msgs.dir/progress.make' has modification time 18359397 s in the future
gmake[2]: warning:  Clock skew detected.  Your build may be incomplete.
gmake[2]: Warning: File 'CMakeFiles/ament_cmake_python_symlink_shape_msgs.dir/progress.make' has modification time 18359397 s in the future
gmake[2]: warning:  Clock skew detected.  Your build may be incomplete.
gmake[2]: Warning: File 'CMakeFiles/shape_msgs__rosidl_typesupport_fastrtps_cpp.dir/flags.make' has modification time 18359396 s in the future
gmake[2]: warning:  Clock skew detected.  Your build may be incomplete.
gmake[2]: Warning: File 'CMakeFiles/shape_msgs__rosidl_typesupport_fastrtps_cpp.dir/flags.make' has modification time 18359396 s in the future
gmake[2]: warning:  Clock skew detected.  Your build may be incomplete.
gmake[2]: Warning: File 'CMakeFiles/shape_msgs__rosidl_typesupport_microxrcedds_cpp.dir/flags.make' has modification time 18359396 s in the future
gmake[2]: warning:  Clock skew detected.  Your build may be incomplete.
gmake[2]: Warning: File 'CMakeFiles/shape_msgs__rosidl_typesupport_microxrcedds_cpp.dir/flags.make' has modification time 18359395 s in the future
gmake[2]: warning:  Clock skew detected.  Your build may be incomplete.
gmake[2]: Warning: File 'CMakeFiles/shape_msgs__rosidl_typesupport_introspection_cpp.dir/flags.make' has modification time 18359395 s in the future
gmake[2]: warning:  Clock skew detected.  Your build may be incomplete.
gmake[2]: Warning: File 'CMakeFiles/shape_msgs__rosidl_typesupport_introspection_cpp.dir/flags.make' has modification time 18359395 s in the future
gmake[2]: warning:  Clock skew detected.  Your build may be incomplete.
gmake[2]: Warning: File 'CMakeFiles/ament_cmake_python_build_shape_msgs_egg.dir/progress.make' has modification time 18359395 s in the future
gmake[2]: warning:  Clock skew detected.  Your build may be incomplete.
gmake[2]: Warning: File 'CMakeFiles/ament_cmake_python_build_shape_msgs_egg.dir/progress.make' has modification time 18359395 s in the future
gmake[2]: warning:  Clock skew detected.  Your build may be incomplete.
gmake[2]: Warning: File 'CMakeFiles/shape_msgs__rosidl_typesupport_cpp.dir/flags.make' has modification time 18359391 s in the future
gmake[2]: warning:  Clock skew detected.  Your build may be incomplete.
gmake[2]: Warning: File 'CMakeFiles/shape_msgs__rosidl_typesupport_cpp.dir/flags.make' has modification time 18359391 s in the future
gmake[2]: warning:  Clock skew detected.  Your build may be incomplete.
gmake[2]: Warning: File 'CMakeFiles/shape_msgs__rosidl_generator_c.dir/flags.make' has modification time 18359391 s in the future
gmake[2]: warning:  Clock skew detected.  Your build may be incomplete.
gmake[2]: Warning: File 'CMakeFiles/shape_msgs__rosidl_generator_c.dir/flags.make' has modification time 18359391 s in the future
gmake[2]: warning:  Clock skew detected.  Your build may be incomplete.
gmake[2]: Warning: File 'CMakeFiles/shape_msgs__rosidl_typesupport_fastrtps_c.dir/flags.make' has modification time 18359390 s in the future
gmake[2]: warning:  Clock skew detected.  Your build may be incomplete.
gmake[2]: Warning: File 'CMakeFiles/shape_msgs__rosidl_typesupport_fastrtps_c.dir/flags.make' has modification time 18359390 s in the future
gmake[2]: warning:  Clock skew detected.  Your build may be incomplete.
gmake[2]: Warning: File 'CMakeFiles/shape_msgs__rosidl_typesupport_c.dir/flags.make' has modification time 18359390 s in the future
gmake[2]: warning:  Clock skew detected.  Your build may be incomplete.
gmake[2]: Warning: File 'CMakeFiles/shape_msgs__rosidl_typesupport_c.dir/flags.make' has modification time 18359390 s in the future
gmake[2]: warning:  Clock skew detected.  Your build may be incomplete.
gmake[2]: Warning: File 'CMakeFiles/shape_msgs__rosidl_typesupport_introspection_c.dir/flags.make' has modification time 18359390 s in the future
gmake[2]: warning:  Clock skew detected.  Your build may be incomplete.
gmake[2]: Warning: File 'CMakeFiles/shape_msgs__rosidl_typesupport_introspection_c.dir/flags.make' has modification time 18359389 s in the future
gmake[2]: warning:  Clock skew detected.  Your build may be incomplete.
gmake[2]: Warning: File 'CMakeFiles/shape_msgs__rosidl_typesupport_microxrcedds_c.dir/flags.make' has modification time 18359389 s in the future
gmake[2]: warning:  Clock skew detected.  Your build may be incomplete.
gmake[2]: Warning: File 'CMakeFiles/shape_msgs__rosidl_typesupport_microxrcedds_c.dir/flags.make' has modification time 18359389 s in the future
gmake[2]: warning:  Clock skew detected.  Your build may be incomplete.
gmake[2]: Warning: File 'CMakeFiles/shape_msgs.dir/progress.make' has modification time 18359389 s in the future
gmake[2]: warning:  Clock skew detected.  Your build may be incomplete.
gmake[2]: Warning: File 'CMakeFiles/shape_msgs.dir/progress.make' has modification time 18359389 s in the future
gmake[2]: warning:  Clock skew detected.  Your build may be incomplete.
gmake[2]: Warning: File 'shape_msgs__py/CMakeFiles/shape_msgs__py.dir/progress.make' has modification time 18359389 s in the future
gmake[2]: warning:  Clock skew detected.  Your build may be incomplete.
gmake[2]: Warning: File 'shape_msgs__py/CMakeFiles/shape_msgs__py.dir/progress.make' has modification time 18359388 s in the future
gmake[2]: warning:  Clock skew detected.  Your build may be incomplete.
gmake[2]: Warning: File 'CMakeFiles/shape_msgs__rosidl_generator_py.dir/flags.make' has modification time 18359388 s in the future
gmake[2]: warning:  Clock skew detected.  Your build may be incomplete.
gmake[2]: Warning: File 'CMakeFiles/shape_msgs__rosidl_generator_py.dir/flags.make' has modification time 18359388 s in the future
gmake[2]: warning:  Clock skew detected.  Your build may be incomplete.
gmake[2]: Warning: File 'CMakeFiles/shape_msgs__rosidl_typesupport_microxrcedds_c__pyext.dir/flags.make' has modification time 18359388 s in the future
gmake[2]: warning:  Clock skew detected.  Your build may be incomplete.
gmake[2]: Warning: File 'CMakeFiles/shape_msgs__rosidl_typesupport_microxrcedds_c__pyext.dir/flags.make' has modification time 18359388 s in the future
gmake[2]: warning:  Clock skew detected.  Your build may be incomplete.
gmake[2]: Warning: File 'CMakeFiles/shape_msgs__rosidl_typesupport_c__pyext.dir/flags.make' has modification time 18359387 s in the future
gmake[2]: warning:  Clock skew detected.  Your build may be incomplete.
gmake[2]: Warning: File 'CMakeFiles/shape_msgs__rosidl_typesupport_c__pyext.dir/flags.make' has modification time 18359387 s in the future
gmake[2]: warning:  Clock skew detected.  Your build may be incomplete.
gmake[2]: Warning: File 'CMakeFiles/shape_msgs__rosidl_typesupport_introspection_c__pyext.dir/flags.make' has modification time 18359387 s in the future
gmake[2]: warning:  Clock skew detected.  Your build may be incomplete.
gmake[2]: Warning: File 'CMakeFiles/shape_msgs__rosidl_typesupport_introspection_c__pyext.dir/flags.make' has modification time 18359387 s in the future
gmake[2]: warning:  Clock skew detected.  Your build may be incomplete.
gmake[2]: Warning: File 'CMakeFiles/shape_msgs__rosidl_typesupport_fastrtps_c__pyext.dir/flags.make' has modification time 18359387 s in the future
gmake[2]: warning:  Clock skew detected.  Your build may be incomplete.
gmake[2]: Warning: File 'CMakeFiles/shape_msgs__rosidl_typesupport_fastrtps_c__pyext.dir/flags.make' has modification time 18359387 s in the future
gmake[2]: warning:  Clock skew detected.  Your build may be incomplete.
gmake[1]: warning:  Clock skew detected.  Your build may be incomplete.
gmake: warning:  Clock skew detected.  Your build may be incomplete.
