[0.146s] Invoking command in '/home/ubuntu/microros_ws/build/microxrcedds_client': CMAKE_PREFIX_PATH=/home/ubuntu/microros_ws/install/microcdr LD_LIBRARY_PATH=/home/ubuntu/microros_ws/install/microcdr/lib:${LD_LIBRARY_PATH} /usr/bin/cmake --build /home/ubuntu/microros_ws/build/microxrcedds_client -- -j4 -l4
[0.496s] [100%] Built target microxrcedds_client
[0.549s] Invoked command in '/home/ubuntu/microros_ws/build/microxrcedds_client' returned '0': CMAKE_PREFIX_PATH=/home/ubuntu/microros_ws/install/microcdr LD_LIBRARY_PATH=/home/ubuntu/microros_ws/install/microcdr/lib:${LD_LIBRARY_PATH} /usr/bin/cmake --build /home/ubuntu/microros_ws/build/microxrcedds_client -- -j4 -l4
[1.401s] Invoking command in '/home/ubuntu/microros_ws/build/microxrcedds_client': CMAKE_PREFIX_PATH=/home/ubuntu/microros_ws/install/microcdr LD_LIBRARY_PATH=/home/ubuntu/microros_ws/install/microcdr/lib:${LD_LIBRARY_PATH} /usr/bin/cmake --install /home/ubuntu/microros_ws/build/microxrcedds_client
[1.460s] -- Install configuration: "Release"
[1.460s] -- Up-to-date: /home/ubuntu/microros_ws/install/microxrcedds_client/lib/libmicroxrcedds_client.so.2.4.2
[1.462s] -- Up-to-date: /home/ubuntu/microros_ws/install/microxrcedds_client/lib/libmicroxrcedds_client.so.2.4
[1.462s] -- Up-to-date: /home/ubuntu/microros_ws/install/microxrcedds_client/lib/libmicroxrcedds_client.so
[1.463s] -- Up-to-date: /home/ubuntu/microros_ws/install/microxrcedds_client/include/uxr/client
[1.464s] -- Up-to-date: /home/ubuntu/microros_ws/install/microxrcedds_client/include/uxr/client/profile
[1.465s] -- Up-to-date: /home/ubuntu/microros_ws/install/microxrcedds_client/include/uxr/client/profile/multithread
[1.466s] -- Up-to-date: /home/ubuntu/microros_ws/install/microxrcedds_client/include/uxr/client/profile/multithread/multithread.h
[1.466s] -- Up-to-date: /home/ubuntu/microros_ws/install/microxrcedds_client/include/uxr/client/profile/discovery
[1.492s] -- Up-to-date: /home/ubuntu/microros_ws/install/microxrcedds_client/include/uxr/client/profile/discovery/discovery.h
[1.493s] -- Up-to-date: /home/ubuntu/microros_ws/install/microxrcedds_client/include/uxr/client/profile/transport
[1.493s] -- Up-to-date: /home/ubuntu/microros_ws/install/microxrcedds_client/include/uxr/client/profile/transport/custom
[1.494s] -- Up-to-date: /home/ubuntu/microros_ws/install/microxrcedds_client/include/uxr/client/profile/transport/custom/custom_transport.h
[1.495s] -- Up-to-date: /home/ubuntu/microros_ws/install/microxrcedds_client/include/uxr/client/profile/transport/ip
[1.495s] -- Up-to-date: /home/ubuntu/microros_ws/install/microxrcedds_client/include/uxr/client/profile/transport/ip/tcp
[1.496s] -- Up-to-date: /home/ubuntu/microros_ws/install/microxrcedds_client/include/uxr/client/profile/transport/ip/tcp/tcp_transport_windows.h
[1.496s] -- Up-to-date: /home/ubuntu/microros_ws/install/microxrcedds_client/include/uxr/client/profile/transport/ip/tcp/tcp_transport_freertos_plus_tcp.h
[1.497s] -- Up-to-date: /home/ubuntu/microros_ws/install/microxrcedds_client/include/uxr/client/profile/transport/ip/tcp/tcp_transport.h
[1.498s] -- Up-to-date: /home/ubuntu/microros_ws/install/microxrcedds_client/include/uxr/client/profile/transport/ip/tcp/tcp_transport_posix.h
[1.499s] -- Up-to-date: /home/ubuntu/microros_ws/install/microxrcedds_client/include/uxr/client/profile/transport/ip/tcp/tcp_transport_posix_nopoll.h
[1.501s] -- Up-to-date: /home/ubuntu/microros_ws/install/microxrcedds_client/include/uxr/client/profile/transport/ip/tcp/tcp_transport_rtems_bsd_net.h
[1.502s] -- Up-to-date: /home/ubuntu/microros_ws/install/microxrcedds_client/include/uxr/client/profile/transport/ip/udp
[1.504s] -- Up-to-date: /home/ubuntu/microros_ws/install/microxrcedds_client/include/uxr/client/profile/transport/ip/udp/udp_transport_posix_nopoll.h
[1.505s] -- Up-to-date: /home/ubuntu/microros_ws/install/microxrcedds_client/include/uxr/client/profile/transport/ip/udp/udp_transport_freertos_plus_tcp.h
[1.506s] -- Up-to-date: /home/ubuntu/microros_ws/install/microxrcedds_client/include/uxr/client/profile/transport/ip/udp/udp_transport_posix.h
[1.507s] -- Up-to-date: /home/ubuntu/microros_ws/install/microxrcedds_client/include/uxr/client/profile/transport/ip/udp/udp_transport_windows.h
[1.508s] -- Up-to-date: /home/ubuntu/microros_ws/install/microxrcedds_client/include/uxr/client/profile/transport/ip/udp/udp_transport.h
[1.509s] -- Up-to-date: /home/ubuntu/microros_ws/install/microxrcedds_client/include/uxr/client/profile/transport/ip/udp/udp_transport_rtems_bsd_net.h
[1.510s] -- Up-to-date: /home/ubuntu/microros_ws/install/microxrcedds_client/include/uxr/client/profile/transport/ip/ip.h
[1.516s] -- Up-to-date: /home/ubuntu/microros_ws/install/microxrcedds_client/include/uxr/client/profile/transport/serial
[1.517s] -- Up-to-date: /home/ubuntu/microros_ws/install/microxrcedds_client/include/uxr/client/profile/transport/serial/serial_transport_rtems_bsd_net.h
[1.518s] -- Up-to-date: /home/ubuntu/microros_ws/install/microxrcedds_client/include/uxr/client/profile/transport/serial/serial_transport_platform.h
[1.519s] -- Up-to-date: /home/ubuntu/microros_ws/install/microxrcedds_client/include/uxr/client/profile/transport/serial/serial_transport_posix.h
[1.520s] -- Up-to-date: /home/ubuntu/microros_ws/install/microxrcedds_client/include/uxr/client/profile/transport/serial/serial_transport.h
[1.521s] -- Up-to-date: /home/ubuntu/microros_ws/install/microxrcedds_client/include/uxr/client/profile/transport/can
[1.523s] -- Up-to-date: /home/ubuntu/microros_ws/install/microxrcedds_client/include/uxr/client/profile/transport/can/can_transport.h
[1.524s] -- Up-to-date: /home/ubuntu/microros_ws/install/microxrcedds_client/include/uxr/client/profile/transport/can/can_transport_posix.h
[1.525s] -- Up-to-date: /home/ubuntu/microros_ws/install/microxrcedds_client/include/uxr/client/profile/transport/stream_framing
[1.526s] -- Up-to-date: /home/ubuntu/microros_ws/install/microxrcedds_client/include/uxr/client/profile/transport/stream_framing/stream_framing_protocol.h
[1.527s] -- Up-to-date: /home/ubuntu/microros_ws/install/microxrcedds_client/include/uxr/client/util
[1.528s] -- Up-to-date: /home/ubuntu/microros_ws/install/microxrcedds_client/include/uxr/client/util/time.h
[1.529s] -- Up-to-date: /home/ubuntu/microros_ws/install/microxrcedds_client/include/uxr/client/util/ping.h
[1.530s] -- Up-to-date: /home/ubuntu/microros_ws/install/microxrcedds_client/include/uxr/client/core
[1.531s] -- Up-to-date: /home/ubuntu/microros_ws/install/microxrcedds_client/include/uxr/client/core/session
[1.532s] -- Up-to-date: /home/ubuntu/microros_ws/install/microxrcedds_client/include/uxr/client/core/session/create_entities_bin.h
[1.534s] -- Up-to-date: /home/ubuntu/microros_ws/install/microxrcedds_client/include/uxr/client/core/session/time_sync.h
[1.547s] -- Up-to-date: /home/ubuntu/microros_ws/install/microxrcedds_client/include/uxr/client/core/session/object_id.h
[1.550s] -- Up-to-date: /home/ubuntu/microros_ws/install/microxrcedds_client/include/uxr/client/core/session/session.h
[1.550s] -- Up-to-date: /home/ubuntu/microros_ws/install/microxrcedds_client/include/uxr/client/core/session/read_access.h
[1.551s] -- Up-to-date: /home/ubuntu/microros_ws/install/microxrcedds_client/include/uxr/client/core/session/stream
[1.553s] -- Up-to-date: /home/ubuntu/microros_ws/install/microxrcedds_client/include/uxr/client/core/session/stream/input_best_effort_stream.h
[1.553s] -- Up-to-date: /home/ubuntu/microros_ws/install/microxrcedds_client/include/uxr/client/core/session/stream/reliable_stream.h
[1.554s] -- Up-to-date: /home/ubuntu/microros_ws/install/microxrcedds_client/include/uxr/client/core/session/stream/input_reliable_stream.h
[1.555s] -- Up-to-date: /home/ubuntu/microros_ws/install/microxrcedds_client/include/uxr/client/core/session/stream/seq_num.h
[1.562s] -- Up-to-date: /home/ubuntu/microros_ws/install/microxrcedds_client/include/uxr/client/core/session/stream/output_best_effort_stream.h
[1.563s] -- Up-to-date: /home/ubuntu/microros_ws/install/microxrcedds_client/include/uxr/client/core/session/stream/stream_id.h
[1.564s] -- Up-to-date: /home/ubuntu/microros_ws/install/microxrcedds_client/include/uxr/client/core/session/stream/output_reliable_stream.h
[1.564s] -- Up-to-date: /home/ubuntu/microros_ws/install/microxrcedds_client/include/uxr/client/core/session/stream/stream_storage.h
[1.565s] -- Up-to-date: /home/ubuntu/microros_ws/install/microxrcedds_client/include/uxr/client/core/session/write_access.h
[1.565s] -- Up-to-date: /home/ubuntu/microros_ws/install/microxrcedds_client/include/uxr/client/core/session/common_create_entities.h
[1.566s] -- Up-to-date: /home/ubuntu/microros_ws/install/microxrcedds_client/include/uxr/client/core/session/create_entities_ref.h
[1.566s] -- Up-to-date: /home/ubuntu/microros_ws/install/microxrcedds_client/include/uxr/client/core/session/session_info.h
[1.567s] -- Up-to-date: /home/ubuntu/microros_ws/install/microxrcedds_client/include/uxr/client/core/session/create_entities_xml.h
[1.567s] -- Up-to-date: /home/ubuntu/microros_ws/install/microxrcedds_client/include/uxr/client/core/type
[1.568s] -- Up-to-date: /home/ubuntu/microros_ws/install/microxrcedds_client/include/uxr/client/core/type/xrce_types.h
[1.568s] -- Up-to-date: /home/ubuntu/microros_ws/install/microxrcedds_client/include/uxr/client/core/communication
[1.569s] -- Up-to-date: /home/ubuntu/microros_ws/install/microxrcedds_client/include/uxr/client/core/communication/communication.h
[1.570s] -- Up-to-date: /home/ubuntu/microros_ws/install/microxrcedds_client/include/uxr/client/visibility.h
[1.570s] -- Up-to-date: /home/ubuntu/microros_ws/install/microxrcedds_client/include/uxr/client/transport.h
[1.571s] -- Up-to-date: /home/ubuntu/microros_ws/install/microxrcedds_client/include/uxr/client/defines.h
[1.588s] -- Up-to-date: /home/ubuntu/microros_ws/install/microxrcedds_client/include/uxr/client/client.h
[1.590s] -- Up-to-date: /home/ubuntu/microros_ws/install/microxrcedds_client/include/uxr/client/config.h
[1.590s] -- Up-to-date: /home/ubuntu/microros_ws/install/microxrcedds_client/share/microxrcedds_client/cmake/microxrcedds_clientTargets.cmake
[1.591s] -- Up-to-date: /home/ubuntu/microros_ws/install/microxrcedds_client/share/microxrcedds_client/cmake/microxrcedds_clientTargets-release.cmake
[1.591s] -- Up-to-date: /home/ubuntu/microros_ws/install/microxrcedds_client/share/microxrcedds_client/cmake/microxrcedds_clientConfig.cmake
[1.591s] -- Up-to-date: /home/ubuntu/microros_ws/install/microxrcedds_client/share/microxrcedds_client/cmake/microxrcedds_clientConfigVersion.cmake
[1.592s] Invoked command in '/home/ubuntu/microros_ws/build/microxrcedds_client' returned '0': CMAKE_PREFIX_PATH=/home/ubuntu/microros_ws/install/microcdr LD_LIBRARY_PATH=/home/ubuntu/microros_ws/install/microcdr/lib:${LD_LIBRARY_PATH} /usr/bin/cmake --install /home/ubuntu/microros_ws/build/microxrcedds_client
