[0.077s] Invoking command in '/home/ubuntu/microros_ws/build/complex_msgs': AMENT_PREFIX_PATH=/home/ubuntu/microros_ws/install/builtin_interfaces:${AMENT_PREFIX_PATH} CMAKE_PREFIX_PATH=/home/ubuntu/microros_ws/install/builtin_interfaces:/opt/ros/humble LD_LIBRARY_PATH=/home/ubuntu/microros_ws/install/builtin_interfaces/lib:${LD_LIBRARY_PATH} PYTHONPATH=/home/ubuntu/microros_ws/install/builtin_interfaces/local/lib/python3.10/dist-packages:${PYTHONPATH} /usr/bin/cmake --build /home/ubuntu/microros_ws/build/complex_msgs -- -j4 -l4
[0.389s] [  2%] Built target complex_msgs__cpp
[0.537s] [  2%] Built target ament_cmake_python_symlink_complex_msgs
[0.663s] [ 12%] Built target complex_msgs__rosidl_typesupport_fastrtps_cpp
[0.771s] [ 23%] Built target complex_msgs__rosidl_typesupport_introspection_cpp
[2.615s] running egg_info
[2.622s] writing complex_msgs.egg-info/PKG-INFO
[2.624s] writing dependency_links to complex_msgs.egg-info/dependency_links.txt
[2.626s] writing top-level names to complex_msgs.egg-info/top_level.txt
[2.642s] reading manifest file 'complex_msgs.egg-info/SOURCES.txt'
[2.646s] writing manifest file 'complex_msgs.egg-info/SOURCES.txt'
[2.877s] [ 23%] Built target ament_cmake_python_build_complex_msgs_egg
[3.018s] [ 33%] Built target complex_msgs__rosidl_typesupport_cpp
[3.147s] [ 43%] Built target complex_msgs__rosidl_generator_c
[3.269s] [ 53%] Built target complex_msgs__rosidl_typesupport_fastrtps_c
[3.395s] [ 64%] Built target complex_msgs__rosidl_typesupport_c
[3.554s] [ 74%] Built target complex_msgs__rosidl_typesupport_introspection_c
[3.704s] [ 74%] Built target complex_msgs
[3.817s] [ 76%] Built target complex_msgs__py
[3.940s] [ 84%] Built target complex_msgs__rosidl_generator_py
[4.103s] [ 89%] Built target complex_msgs__rosidl_typesupport_fastrtps_c__pyext
[4.230s] [ 94%] Built target complex_msgs__rosidl_typesupport_c__pyext
[4.355s] [100%] Built target complex_msgs__rosidl_typesupport_introspection_c__pyext
[4.416s] Invoked command in '/home/ubuntu/microros_ws/build/complex_msgs' returned '0': AMENT_PREFIX_PATH=/home/ubuntu/microros_ws/install/builtin_interfaces:${AMENT_PREFIX_PATH} CMAKE_PREFIX_PATH=/home/ubuntu/microros_ws/install/builtin_interfaces:/opt/ros/humble LD_LIBRARY_PATH=/home/ubuntu/microros_ws/install/builtin_interfaces/lib:${LD_LIBRARY_PATH} PYTHONPATH=/home/ubuntu/microros_ws/install/builtin_interfaces/local/lib/python3.10/dist-packages:${PYTHONPATH} /usr/bin/cmake --build /home/ubuntu/microros_ws/build/complex_msgs -- -j4 -l4
[5.089s] Invoking command in '/home/ubuntu/microros_ws/build/complex_msgs': AMENT_PREFIX_PATH=/home/ubuntu/microros_ws/install/builtin_interfaces:${AMENT_PREFIX_PATH} CMAKE_PREFIX_PATH=/home/ubuntu/microros_ws/install/builtin_interfaces:/opt/ros/humble LD_LIBRARY_PATH=/home/ubuntu/microros_ws/install/builtin_interfaces/lib:${LD_LIBRARY_PATH} PYTHONPATH=/home/ubuntu/microros_ws/install/builtin_interfaces/local/lib/python3.10/dist-packages:${PYTHONPATH} /usr/bin/cmake --install /home/ubuntu/microros_ws/build/complex_msgs
[5.132s] -- Install configuration: ""
[5.134s] -- Execute custom install script
[5.136s] -- Up-to-date symlink: /home/ubuntu/microros_ws/install/complex_msgs/share/ament_index/resource_index/rosidl_interfaces/complex_msgs
[5.139s] -- Up-to-date symlink: /home/ubuntu/microros_ws/install/complex_msgs/include/complex_msgs/complex_msgs/msg/detail/multi_string_test__functions.h
[5.140s] -- Up-to-date symlink: /home/ubuntu/microros_ws/install/complex_msgs/include/complex_msgs/complex_msgs/msg/detail/multi_string_test__struct.h
[5.142s] -- Up-to-date symlink: /home/ubuntu/microros_ws/install/complex_msgs/include/complex_msgs/complex_msgs/msg/detail/multi_string_test__type_support.h
[5.142s] -- Up-to-date symlink: /home/ubuntu/microros_ws/install/complex_msgs/include/complex_msgs/complex_msgs/msg/detail/nested_msg_test__functions.h
[5.145s] -- Up-to-date symlink: /home/ubuntu/microros_ws/install/complex_msgs/include/complex_msgs/complex_msgs/msg/detail/nested_msg_test__struct.h
[5.145s] -- Up-to-date symlink: /home/ubuntu/microros_ws/install/complex_msgs/include/complex_msgs/complex_msgs/msg/detail/nested_msg_test__type_support.h
[5.147s] -- Up-to-date symlink: /home/ubuntu/microros_ws/install/complex_msgs/include/complex_msgs/complex_msgs/msg/multi_string_test.h
[5.148s] -- Up-to-date symlink: /home/ubuntu/microros_ws/install/complex_msgs/include/complex_msgs/complex_msgs/msg/nested_msg_test.h
[5.149s] -- Up-to-date symlink: /home/ubuntu/microros_ws/install/complex_msgs/include/complex_msgs/complex_msgs/msg/rosidl_generator_c__visibility_control.h
[5.150s] -- Up-to-date symlink: /home/ubuntu/microros_ws/install/complex_msgs/share/complex_msgs/environment/library_path.sh
[5.151s] -- Up-to-date symlink: /home/ubuntu/microros_ws/install/complex_msgs/share/complex_msgs/environment/library_path.dsv
[5.156s] -- Up-to-date symlink: /home/ubuntu/microros_ws/install/complex_msgs/include/complex_msgs/complex_msgs/msg/detail/multi_string_test__rosidl_typesupport_fastrtps_c.h
[5.157s] -- Up-to-date symlink: /home/ubuntu/microros_ws/install/complex_msgs/include/complex_msgs/complex_msgs/msg/detail/nested_msg_test__rosidl_typesupport_fastrtps_c.h
[5.158s] -- Up-to-date symlink: /home/ubuntu/microros_ws/install/complex_msgs/include/complex_msgs/complex_msgs/msg/rosidl_typesupport_fastrtps_c__visibility_control.h
[5.162s] -- Up-to-date symlink: /home/ubuntu/microros_ws/install/complex_msgs/include/complex_msgs/complex_msgs/msg/detail/multi_string_test__builder.hpp
[5.167s] -- Up-to-date symlink: /home/ubuntu/microros_ws/install/complex_msgs/include/complex_msgs/complex_msgs/msg/detail/multi_string_test__struct.hpp
[5.168s] -- Up-to-date symlink: /home/ubuntu/microros_ws/install/complex_msgs/include/complex_msgs/complex_msgs/msg/detail/multi_string_test__traits.hpp
[5.169s] -- Up-to-date symlink: /home/ubuntu/microros_ws/install/complex_msgs/include/complex_msgs/complex_msgs/msg/detail/nested_msg_test__builder.hpp
[5.170s] -- Up-to-date symlink: /home/ubuntu/microros_ws/install/complex_msgs/include/complex_msgs/complex_msgs/msg/detail/nested_msg_test__struct.hpp
[5.171s] -- Up-to-date symlink: /home/ubuntu/microros_ws/install/complex_msgs/include/complex_msgs/complex_msgs/msg/detail/nested_msg_test__traits.hpp
[5.172s] -- Up-to-date symlink: /home/ubuntu/microros_ws/install/complex_msgs/include/complex_msgs/complex_msgs/msg/multi_string_test.hpp
[5.174s] -- Up-to-date symlink: /home/ubuntu/microros_ws/install/complex_msgs/include/complex_msgs/complex_msgs/msg/nested_msg_test.hpp
[5.188s] -- Up-to-date symlink: /home/ubuntu/microros_ws/install/complex_msgs/include/complex_msgs/complex_msgs/msg/detail/multi_string_test__rosidl_typesupport_fastrtps_cpp.hpp
[5.188s] -- Up-to-date symlink: /home/ubuntu/microros_ws/install/complex_msgs/include/complex_msgs/complex_msgs/msg/detail/nested_msg_test__rosidl_typesupport_fastrtps_cpp.hpp
[5.190s] -- Up-to-date symlink: /home/ubuntu/microros_ws/install/complex_msgs/include/complex_msgs/complex_msgs/msg/rosidl_typesupport_fastrtps_cpp__visibility_control.h
[5.193s] -- Up-to-date symlink: /home/ubuntu/microros_ws/install/complex_msgs/include/complex_msgs/complex_msgs/msg/detail/multi_string_test__rosidl_typesupport_introspection_c.h
[5.195s] -- Up-to-date symlink: /home/ubuntu/microros_ws/install/complex_msgs/include/complex_msgs/complex_msgs/msg/detail/nested_msg_test__rosidl_typesupport_introspection_c.h
[5.197s] -- Up-to-date symlink: /home/ubuntu/microros_ws/install/complex_msgs/include/complex_msgs/complex_msgs/msg/rosidl_typesupport_introspection_c__visibility_control.h
[5.199s] -- Up-to-date symlink: /home/ubuntu/microros_ws/install/complex_msgs/include/complex_msgs/complex_msgs/msg/detail/multi_string_test__rosidl_typesupport_introspection_cpp.hpp
[5.201s] -- Up-to-date symlink: /home/ubuntu/microros_ws/install/complex_msgs/include/complex_msgs/complex_msgs/msg/detail/nested_msg_test__rosidl_typesupport_introspection_cpp.hpp
[5.202s] -- Up-to-date symlink: /home/ubuntu/microros_ws/install/complex_msgs/share/complex_msgs/environment/pythonpath.sh
[5.204s] -- Up-to-date symlink: /home/ubuntu/microros_ws/install/complex_msgs/share/complex_msgs/environment/pythonpath.dsv
[5.207s] -- Up-to-date symlink: /home/ubuntu/microros_ws/install/complex_msgs/local/lib/python3.10/dist-packages/complex_msgs-3.0.2-py3.10.egg-info/PKG-INFO
[5.208s] -- Up-to-date symlink: /home/ubuntu/microros_ws/install/complex_msgs/local/lib/python3.10/dist-packages/complex_msgs-3.0.2-py3.10.egg-info/SOURCES.txt
[5.208s] -- Up-to-date symlink: /home/ubuntu/microros_ws/install/complex_msgs/local/lib/python3.10/dist-packages/complex_msgs-3.0.2-py3.10.egg-info/dependency_links.txt
[5.210s] -- Up-to-date symlink: /home/ubuntu/microros_ws/install/complex_msgs/local/lib/python3.10/dist-packages/complex_msgs-3.0.2-py3.10.egg-info/top_level.txt
[5.226s] -- Up-to-date symlink: /home/ubuntu/microros_ws/install/complex_msgs/local/lib/python3.10/dist-packages/complex_msgs/__init__.py
[5.234s] -- Up-to-date symlink: /home/ubuntu/microros_ws/install/complex_msgs/local/lib/python3.10/dist-packages/complex_msgs/_complex_msgs_s.ep.rosidl_typesupport_c.c
[5.236s] -- Up-to-date symlink: /home/ubuntu/microros_ws/install/complex_msgs/local/lib/python3.10/dist-packages/complex_msgs/_complex_msgs_s.ep.rosidl_typesupport_fastrtps_c.c
[5.237s] -- Up-to-date symlink: /home/ubuntu/microros_ws/install/complex_msgs/local/lib/python3.10/dist-packages/complex_msgs/_complex_msgs_s.ep.rosidl_typesupport_introspection_c.c
[5.237s] -- Up-to-date symlink: /home/ubuntu/microros_ws/install/complex_msgs/local/lib/python3.10/dist-packages/complex_msgs/_complex_msgs_s.ep.rosidl_typesupport_microxrcedds_c.c
[5.238s] -- Up-to-date symlink: /home/ubuntu/microros_ws/install/complex_msgs/local/lib/python3.10/dist-packages/complex_msgs/complex_msgs_s__rosidl_typesupport_c.cpython-310-aarch64-linux-gnu.so
[5.240s] -- Up-to-date symlink: /home/ubuntu/microros_ws/install/complex_msgs/local/lib/python3.10/dist-packages/complex_msgs/complex_msgs_s__rosidl_typesupport_fastrtps_c.cpython-310-aarch64-linux-gnu.so
[5.240s] -- Up-to-date symlink: /home/ubuntu/microros_ws/install/complex_msgs/local/lib/python3.10/dist-packages/complex_msgs/complex_msgs_s__rosidl_typesupport_introspection_c.cpython-310-aarch64-linux-gnu.so
[5.241s] -- Up-to-date symlink: /home/ubuntu/microros_ws/install/complex_msgs/local/lib/python3.10/dist-packages/complex_msgs/complex_msgs_s__rosidl_typesupport_microxrcedds_c.cpython-310-aarch64-linux-gnu.so
[5.242s] -- Up-to-date symlink: /home/ubuntu/microros_ws/install/complex_msgs/local/lib/python3.10/dist-packages/complex_msgs/libcomplex_msgs__rosidl_generator_py.so
[5.243s] -- Up-to-date symlink: /home/ubuntu/microros_ws/install/complex_msgs/local/lib/python3.10/dist-packages/complex_msgs/msg/__init__.py
[5.244s] -- Up-to-date symlink: /home/ubuntu/microros_ws/install/complex_msgs/local/lib/python3.10/dist-packages/complex_msgs/msg/_multi_string_test.py
[5.245s] -- Up-to-date symlink: /home/ubuntu/microros_ws/install/complex_msgs/local/lib/python3.10/dist-packages/complex_msgs/msg/_multi_string_test_s.c
[5.248s] -- Up-to-date symlink: /home/ubuntu/microros_ws/install/complex_msgs/local/lib/python3.10/dist-packages/complex_msgs/msg/_nested_msg_test.py
[5.249s] -- Up-to-date symlink: /home/ubuntu/microros_ws/install/complex_msgs/local/lib/python3.10/dist-packages/complex_msgs/msg/_nested_msg_test_s.c
[5.251s] -- Up-to-date symlink: /home/ubuntu/microros_ws/install/complex_msgs/local/lib/python3.10/dist-packages/complex_msgs/complex_msgs_s__rosidl_typesupport_fastrtps_c.cpython-310-aarch64-linux-gnu.so
[5.252s] -- Up-to-date symlink: /home/ubuntu/microros_ws/install/complex_msgs/local/lib/python3.10/dist-packages/complex_msgs/complex_msgs_s__rosidl_typesupport_introspection_c.cpython-310-aarch64-linux-gnu.so
[5.254s] -- Up-to-date symlink: /home/ubuntu/microros_ws/install/complex_msgs/local/lib/python3.10/dist-packages/complex_msgs/complex_msgs_s__rosidl_typesupport_c.cpython-310-aarch64-linux-gnu.so
[5.255s] -- Up-to-date symlink: /home/ubuntu/microros_ws/install/complex_msgs/share/complex_msgs/msg/MultiStringTest.idl
[5.256s] -- Up-to-date symlink: /home/ubuntu/microros_ws/install/complex_msgs/share/complex_msgs/msg/NestedMsgTest.idl
[5.258s] -- Up-to-date symlink: /home/ubuntu/microros_ws/install/complex_msgs/share/complex_msgs/msg/MultiStringTest.msg
[5.259s] -- Up-to-date symlink: /home/ubuntu/microros_ws/install/complex_msgs/share/complex_msgs/msg/NestedMsgTest.msg
[5.260s] -- Up-to-date symlink: /home/ubuntu/microros_ws/install/complex_msgs/share/ament_index/resource_index/package_run_dependencies/complex_msgs
[5.261s] -- Up-to-date symlink: /home/ubuntu/microros_ws/install/complex_msgs/share/ament_index/resource_index/parent_prefix_path/complex_msgs
[5.263s] -- Up-to-date symlink: /home/ubuntu/microros_ws/install/complex_msgs/share/complex_msgs/environment/ament_prefix_path.sh
[5.264s] -- Up-to-date symlink: /home/ubuntu/microros_ws/install/complex_msgs/share/complex_msgs/environment/ament_prefix_path.dsv
[5.267s] -- Up-to-date symlink: /home/ubuntu/microros_ws/install/complex_msgs/share/complex_msgs/environment/path.sh
[5.268s] -- Up-to-date symlink: /home/ubuntu/microros_ws/install/complex_msgs/share/complex_msgs/environment/path.dsv
[5.268s] -- Up-to-date symlink: /home/ubuntu/microros_ws/install/complex_msgs/share/complex_msgs/local_setup.bash
[5.268s] -- Up-to-date symlink: /home/ubuntu/microros_ws/install/complex_msgs/share/complex_msgs/local_setup.sh
[5.269s] -- Up-to-date symlink: /home/ubuntu/microros_ws/install/complex_msgs/share/complex_msgs/local_setup.zsh
[5.269s] -- Up-to-date symlink: /home/ubuntu/microros_ws/install/complex_msgs/share/complex_msgs/local_setup.dsv
[5.270s] -- Symlinking: /home/ubuntu/microros_ws/install/complex_msgs/share/complex_msgs/package.dsv
[5.308s] -- Up-to-date symlink: /home/ubuntu/microros_ws/install/complex_msgs/share/ament_index/resource_index/packages/complex_msgs
[5.310s] -- Up-to-date symlink: /home/ubuntu/microros_ws/install/complex_msgs/share/complex_msgs/cmake/rosidl_cmake-extras.cmake
[5.314s] -- Up-to-date symlink: /home/ubuntu/microros_ws/install/complex_msgs/share/complex_msgs/cmake/ament_cmake_export_dependencies-extras.cmake
[5.317s] -- Up-to-date symlink: /home/ubuntu/microros_ws/install/complex_msgs/share/complex_msgs/cmake/ament_cmake_export_include_directories-extras.cmake
[5.320s] -- Up-to-date symlink: /home/ubuntu/microros_ws/install/complex_msgs/share/complex_msgs/cmake/ament_cmake_export_libraries-extras.cmake
[5.322s] -- Up-to-date symlink: /home/ubuntu/microros_ws/install/complex_msgs/share/complex_msgs/cmake/ament_cmake_export_targets-extras.cmake
[5.323s] -- Up-to-date symlink: /home/ubuntu/microros_ws/install/complex_msgs/share/complex_msgs/cmake/rosidl_cmake_export_typesupport_targets-extras.cmake
[5.335s] -- Up-to-date symlink: /home/ubuntu/microros_ws/install/complex_msgs/share/complex_msgs/cmake/rosidl_cmake_export_typesupport_libraries-extras.cmake
[5.340s] -- Up-to-date symlink: /home/ubuntu/microros_ws/install/complex_msgs/share/complex_msgs/cmake/complex_msgsConfig.cmake
[5.340s] -- Up-to-date symlink: /home/ubuntu/microros_ws/install/complex_msgs/share/complex_msgs/cmake/complex_msgsConfig-version.cmake
[5.353s] -- Up-to-date symlink: /home/ubuntu/microros_ws/install/complex_msgs/share/complex_msgs/package.xml
[5.361s] -- Up-to-date: /home/ubuntu/microros_ws/install/complex_msgs/lib/libcomplex_msgs__rosidl_generator_c.so
[5.374s] -- Up-to-date: /home/ubuntu/microros_ws/install/complex_msgs/lib/libcomplex_msgs__rosidl_typesupport_fastrtps_c.so
[5.376s] -- Up-to-date: /home/ubuntu/microros_ws/install/complex_msgs/lib/libcomplex_msgs__rosidl_typesupport_fastrtps_cpp.so
[5.379s] -- Up-to-date: /home/ubuntu/microros_ws/install/complex_msgs/lib/libcomplex_msgs__rosidl_typesupport_introspection_c.so
[5.385s] -- Up-to-date: /home/ubuntu/microros_ws/install/complex_msgs/lib/libcomplex_msgs__rosidl_typesupport_c.so
[5.386s] -- Up-to-date: /home/ubuntu/microros_ws/install/complex_msgs/lib/libcomplex_msgs__rosidl_typesupport_introspection_cpp.so
[5.394s] -- Up-to-date: /home/ubuntu/microros_ws/install/complex_msgs/lib/libcomplex_msgs__rosidl_typesupport_cpp.so
[5.636s] Listing '/home/ubuntu/microros_ws/install/complex_msgs/local/lib/python3.10/dist-packages/complex_msgs'...
[5.637s] Listing '/home/ubuntu/microros_ws/install/complex_msgs/local/lib/python3.10/dist-packages/complex_msgs/msg'...
[5.689s] -- Up-to-date: /home/ubuntu/microros_ws/install/complex_msgs/lib/libcomplex_msgs__rosidl_generator_py.so
[5.689s] -- Up-to-date: /home/ubuntu/microros_ws/install/complex_msgs/share/complex_msgs/cmake/export_complex_msgs__rosidl_generator_cExport.cmake
[5.690s] -- Up-to-date: /home/ubuntu/microros_ws/install/complex_msgs/share/complex_msgs/cmake/export_complex_msgs__rosidl_generator_cExport-noconfig.cmake
[5.690s] -- Up-to-date: /home/ubuntu/microros_ws/install/complex_msgs/share/complex_msgs/cmake/export_complex_msgs__rosidl_typesupport_fastrtps_cExport.cmake
[5.691s] -- Up-to-date: /home/ubuntu/microros_ws/install/complex_msgs/share/complex_msgs/cmake/export_complex_msgs__rosidl_typesupport_fastrtps_cExport-noconfig.cmake
[5.692s] -- Up-to-date: /home/ubuntu/microros_ws/install/complex_msgs/share/complex_msgs/cmake/export_complex_msgs__rosidl_generator_cppExport.cmake
[5.709s] -- Up-to-date: /home/ubuntu/microros_ws/install/complex_msgs/share/complex_msgs/cmake/export_complex_msgs__rosidl_typesupport_fastrtps_cppExport.cmake
[5.710s] -- Up-to-date: /home/ubuntu/microros_ws/install/complex_msgs/share/complex_msgs/cmake/export_complex_msgs__rosidl_typesupport_fastrtps_cppExport-noconfig.cmake
[5.710s] -- Up-to-date: /home/ubuntu/microros_ws/install/complex_msgs/share/complex_msgs/cmake/complex_msgs__rosidl_typesupport_introspection_cExport.cmake
[5.717s] -- Up-to-date: /home/ubuntu/microros_ws/install/complex_msgs/share/complex_msgs/cmake/complex_msgs__rosidl_typesupport_introspection_cExport-noconfig.cmake
[5.719s] -- Up-to-date: /home/ubuntu/microros_ws/install/complex_msgs/share/complex_msgs/cmake/complex_msgs__rosidl_typesupport_cExport.cmake
[5.720s] -- Up-to-date: /home/ubuntu/microros_ws/install/complex_msgs/share/complex_msgs/cmake/complex_msgs__rosidl_typesupport_cExport-noconfig.cmake
[5.722s] -- Up-to-date: /home/ubuntu/microros_ws/install/complex_msgs/share/complex_msgs/cmake/complex_msgs__rosidl_typesupport_introspection_cppExport.cmake
[5.732s] -- Up-to-date: /home/ubuntu/microros_ws/install/complex_msgs/share/complex_msgs/cmake/complex_msgs__rosidl_typesupport_introspection_cppExport-noconfig.cmake
[5.732s] -- Up-to-date: /home/ubuntu/microros_ws/install/complex_msgs/share/complex_msgs/cmake/complex_msgs__rosidl_typesupport_cppExport.cmake
[5.732s] -- Up-to-date: /home/ubuntu/microros_ws/install/complex_msgs/share/complex_msgs/cmake/complex_msgs__rosidl_typesupport_cppExport-noconfig.cmake
[5.733s] -- Up-to-date: /home/ubuntu/microros_ws/install/complex_msgs/share/complex_msgs/cmake/export_complex_msgs__rosidl_generator_pyExport.cmake
[5.733s] -- Up-to-date: /home/ubuntu/microros_ws/install/complex_msgs/share/complex_msgs/cmake/export_complex_msgs__rosidl_generator_pyExport-noconfig.cmake
[5.749s] Invoked command in '/home/ubuntu/microros_ws/build/complex_msgs' returned '0': AMENT_PREFIX_PATH=/home/ubuntu/microros_ws/install/builtin_interfaces:${AMENT_PREFIX_PATH} CMAKE_PREFIX_PATH=/home/ubuntu/microros_ws/install/builtin_interfaces:/opt/ros/humble LD_LIBRARY_PATH=/home/ubuntu/microros_ws/install/builtin_interfaces/lib:${LD_LIBRARY_PATH} PYTHONPATH=/home/ubuntu/microros_ws/install/builtin_interfaces/local/lib/python3.10/dist-packages:${PYTHONPATH} /usr/bin/cmake --install /home/ubuntu/microros_ws/build/complex_msgs
