[0.047s] Invoking command in '/home/ubuntu/microros_ws/build/micro_ros_setup': CMAKE_PREFIX_PATH=/opt/ros/humble /usr/bin/cmake --build /home/ubuntu/microros_ws/build/micro_ros_setup -- -j4 -l4
[0.329s] Invoked command in '/home/ubuntu/microros_ws/build/micro_ros_setup' returned '0': CMAKE_PREFIX_PATH=/opt/ros/humble /usr/bin/cmake --build /home/ubuntu/microros_ws/build/micro_ros_setup -- -j4 -l4
[0.517s] Invoking command in '/home/ubuntu/microros_ws/build/micro_ros_setup': CMAKE_PREFIX_PATH=/opt/ros/humble /usr/bin/cmake --install /home/ubuntu/microros_ws/build/micro_ros_setup
[0.555s] -- Install configuration: ""
[0.558s] -- Execute custom install script
[0.561s] -- Up-to-date symlink: /home/ubuntu/microros_ws/install/micro_ros_setup/share/ament_index/resource_index/package_run_dependencies/micro_ros_setup
[0.563s] -- Up-to-date symlink: /home/ubuntu/microros_ws/install/micro_ros_setup/share/ament_index/resource_index/parent_prefix_path/micro_ros_setup
[0.566s] -- Up-to-date symlink: /home/ubuntu/microros_ws/install/micro_ros_setup/share/micro_ros_setup/environment/ament_prefix_path.sh
[0.568s] -- Up-to-date symlink: /home/ubuntu/microros_ws/install/micro_ros_setup/share/micro_ros_setup/environment/ament_prefix_path.dsv
[0.568s] -- Up-to-date symlink: /home/ubuntu/microros_ws/install/micro_ros_setup/share/micro_ros_setup/environment/path.sh
[0.569s] -- Up-to-date symlink: /home/ubuntu/microros_ws/install/micro_ros_setup/share/micro_ros_setup/environment/path.dsv
[0.570s] -- Up-to-date symlink: /home/ubuntu/microros_ws/install/micro_ros_setup/share/micro_ros_setup/local_setup.bash
[0.570s] -- Up-to-date symlink: /home/ubuntu/microros_ws/install/micro_ros_setup/share/micro_ros_setup/local_setup.sh
[0.571s] -- Up-to-date symlink: /home/ubuntu/microros_ws/install/micro_ros_setup/share/micro_ros_setup/local_setup.zsh
[0.573s] -- Up-to-date symlink: /home/ubuntu/microros_ws/install/micro_ros_setup/share/micro_ros_setup/local_setup.dsv
[0.574s] -- Symlinking: /home/ubuntu/microros_ws/install/micro_ros_setup/share/micro_ros_setup/package.dsv
[0.624s] -- Up-to-date symlink: /home/ubuntu/microros_ws/install/micro_ros_setup/share/ament_index/resource_index/packages/micro_ros_setup
[0.626s] -- Up-to-date symlink: /home/ubuntu/microros_ws/install/micro_ros_setup/share/micro_ros_setup/cmake/micro_ros_setupConfig.cmake
[0.627s] -- Up-to-date symlink: /home/ubuntu/microros_ws/install/micro_ros_setup/share/micro_ros_setup/cmake/micro_ros_setupConfig-version.cmake
[0.628s] -- Up-to-date symlink: /home/ubuntu/microros_ws/install/micro_ros_setup/share/micro_ros_setup/package.xml
[0.630s] -- Up-to-date symlink: /home/ubuntu/microros_ws/install/micro_ros_setup/lib/micro_ros_setup/create_ws.sh
[0.632s] -- Up-to-date symlink: /home/ubuntu/microros_ws/install/micro_ros_setup/lib/micro_ros_setup/create_agent_ws.sh
[0.633s] -- Up-to-date symlink: /home/ubuntu/microros_ws/install/micro_ros_setup/lib/micro_ros_setup/create_firmware_ws.sh
[0.634s] -- Up-to-date symlink: /home/ubuntu/microros_ws/install/micro_ros_setup/lib/micro_ros_setup/configure_firmware.sh
[0.635s] -- Up-to-date symlink: /home/ubuntu/microros_ws/install/micro_ros_setup/lib/micro_ros_setup/flash_firmware.sh
[0.637s] -- Up-to-date symlink: /home/ubuntu/microros_ws/install/micro_ros_setup/lib/micro_ros_setup/build_firmware.sh
[0.638s] -- Up-to-date symlink: /home/ubuntu/microros_ws/install/micro_ros_setup/lib/micro_ros_setup/build_agent.sh
[0.639s] -- Up-to-date symlink: /home/ubuntu/microros_ws/install/micro_ros_setup/lib/micro_ros_setup/yaml_filter.py
[0.641s] -- Up-to-date symlink: /home/ubuntu/microros_ws/install/micro_ros_setup/lib/micro_ros_setup/clean_env.sh
[0.642s] -- Up-to-date symlink: /home/ubuntu/microros_ws/install/micro_ros_setup/lib/micro_ros_setup/component
[0.643s] -- Up-to-date: /home/ubuntu/microros_ws/install/micro_ros_setup/./config
[0.643s] -- Up-to-date: /home/ubuntu/microros_ws/install/micro_ros_setup/./config/generate_lib
[0.645s] -- Up-to-date: /home/ubuntu/microros_ws/install/micro_ros_setup/./config/generate_lib/generic
[0.646s] -- Up-to-date: /home/ubuntu/microros_ws/install/micro_ros_setup/./config/generate_lib/generic/create.sh
[0.647s] -- Up-to-date: /home/ubuntu/microros_ws/install/micro_ros_setup/./config/generate_lib/generic/package.xml
[0.648s] -- Up-to-date: /home/ubuntu/microros_ws/install/micro_ros_setup/./config/generate_lib/generic/demo_toolchain.cmake
[0.649s] -- Up-to-date: /home/ubuntu/microros_ws/install/micro_ros_setup/./config/generate_lib/generic/flash.sh
[0.650s] -- Up-to-date: /home/ubuntu/microros_ws/install/micro_ros_setup/./config/generate_lib/generic/client_uros_packages.repos
[0.650s] -- Up-to-date: /home/ubuntu/microros_ws/install/micro_ros_setup/./config/generate_lib/generic/build.sh
[0.651s] -- Up-to-date: /home/ubuntu/microros_ws/install/micro_ros_setup/./config/generate_lib/generic/client-colcon.meta
[0.651s] -- Up-to-date: /home/ubuntu/microros_ws/install/micro_ros_setup/./config/generate_lib/dev_uros_packages.repos
[0.652s] -- Up-to-date: /home/ubuntu/microros_ws/install/micro_ros_setup/./config/generate_lib/dev_ros2_packages.txt
[0.654s] -- Up-to-date: /home/ubuntu/microros_ws/install/micro_ros_setup/./config/raspbian
[0.656s] -- Up-to-date: /home/ubuntu/microros_ws/install/micro_ros_setup/./config/raspbian/generic
[0.656s] -- Up-to-date: /home/ubuntu/microros_ws/install/micro_ros_setup/./config/raspbian/generic/create.sh
[0.657s] -- Up-to-date: /home/ubuntu/microros_ws/install/micro_ros_setup/./config/raspbian/generic/flash.sh
[0.658s] -- Up-to-date: /home/ubuntu/microros_ws/install/micro_ros_setup/./config/raspbian/generic/client_uros_packages.repos
[0.659s] -- Up-to-date: /home/ubuntu/microros_ws/install/micro_ros_setup/./config/raspbian/generic/build.sh
[0.660s] -- Up-to-date: /home/ubuntu/microros_ws/install/micro_ros_setup/./config/raspbian/generic/client-colcon.meta
[0.660s] -- Up-to-date: /home/ubuntu/microros_ws/install/micro_ros_setup/./config/raspbian/generic/configure.sh
[0.661s] -- Up-to-date: /home/ubuntu/microros_ws/install/micro_ros_setup/./config/raspbian/generic/supported_platforms
[0.662s] -- Up-to-date: /home/ubuntu/microros_ws/install/micro_ros_setup/./config/raspbian/dev_uros_packages.repos
[0.662s] -- Up-to-date: /home/ubuntu/microros_ws/install/micro_ros_setup/./config/raspbian/dev_ros2_packages.txt
[0.663s] -- Up-to-date: /home/ubuntu/microros_ws/install/micro_ros_setup/./config/renesas_ra
[0.664s] -- Up-to-date: /home/ubuntu/microros_ws/install/micro_ros_setup/./config/renesas_ra/ra6m5
[0.666s] -- Up-to-date: /home/ubuntu/microros_ws/install/micro_ros_setup/./config/renesas_ra/ra6m5/create.sh
[0.667s] -- Up-to-date: /home/ubuntu/microros_ws/install/micro_ros_setup/./config/renesas_ra/ra6m5/board.repos
[0.667s] -- Up-to-date: /home/ubuntu/microros_ws/install/micro_ros_setup/./config/renesas_ra/ra6m5/flash.sh
[0.668s] -- Up-to-date: /home/ubuntu/microros_ws/install/micro_ros_setup/./config/renesas_ra/ra6m5/client_uros_packages.repos
[0.668s] -- Up-to-date: /home/ubuntu/microros_ws/install/micro_ros_setup/./config/renesas_ra/ra6m5/build.sh
[0.669s] -- Up-to-date: /home/ubuntu/microros_ws/install/micro_ros_setup/./config/renesas_ra/ra6m5/client-colcon.meta
[0.670s] -- Up-to-date: /home/ubuntu/microros_ws/install/micro_ros_setup/./config/renesas_ra/ra6m5/configure.sh
[0.670s] -- Up-to-date: /home/ubuntu/microros_ws/install/micro_ros_setup/./config/renesas_ra/dev_uros_packages.repos
[0.671s] -- Up-to-date: /home/ubuntu/microros_ws/install/micro_ros_setup/./config/renesas_ra/dev_ros2_packages.txt
[0.672s] -- Up-to-date: /home/ubuntu/microros_ws/install/micro_ros_setup/./config/renesas_ra/list_apps.sh
[0.673s] -- Up-to-date: /home/ubuntu/microros_ws/install/micro_ros_setup/./config/freertos
[0.673s] -- Up-to-date: /home/ubuntu/microros_ws/install/micro_ros_setup/./config/freertos/nucleo_f767zi
[0.674s] -- Up-to-date: /home/ubuntu/microros_ws/install/micro_ros_setup/./config/freertos/nucleo_f767zi/create.sh
[0.674s] -- Up-to-date: /home/ubuntu/microros_ws/install/micro_ros_setup/./config/freertos/nucleo_f767zi/package.xml
[0.675s] -- Up-to-date: /home/ubuntu/microros_ws/install/micro_ros_setup/./config/freertos/nucleo_f767zi/board.repos
[0.676s] -- Up-to-date: /home/ubuntu/microros_ws/install/micro_ros_setup/./config/freertos/nucleo_f767zi/flash.sh
[0.677s] -- Up-to-date: /home/ubuntu/microros_ws/install/micro_ros_setup/./config/freertos/nucleo_f767zi/client_uros_packages.repos
[0.678s] -- Up-to-date: /home/ubuntu/microros_ws/install/micro_ros_setup/./config/freertos/nucleo_f767zi/build.sh
[0.679s] -- Up-to-date: /home/ubuntu/microros_ws/install/micro_ros_setup/./config/freertos/nucleo_f767zi/client-colcon.meta
[0.680s] -- Up-to-date: /home/ubuntu/microros_ws/install/micro_ros_setup/./config/freertos/nucleo_f767zi/configure.sh
[0.681s] -- Up-to-date: /home/ubuntu/microros_ws/install/micro_ros_setup/./config/freertos/nucleo_f746zg
[0.684s] -- Up-to-date: /home/ubuntu/microros_ws/install/micro_ros_setup/./config/freertos/nucleo_f746zg/create.sh
[0.685s] -- Up-to-date: /home/ubuntu/microros_ws/install/micro_ros_setup/./config/freertos/nucleo_f746zg/package.xml
[0.686s] -- Up-to-date: /home/ubuntu/microros_ws/install/micro_ros_setup/./config/freertos/nucleo_f746zg/board.repos
[0.687s] -- Up-to-date: /home/ubuntu/microros_ws/install/micro_ros_setup/./config/freertos/nucleo_f746zg/flash.sh
[0.687s] -- Up-to-date: /home/ubuntu/microros_ws/install/micro_ros_setup/./config/freertos/nucleo_f746zg/client_uros_packages.repos
[0.688s] -- Up-to-date: /home/ubuntu/microros_ws/install/micro_ros_setup/./config/freertos/nucleo_f746zg/build.sh
[0.689s] -- Up-to-date: /home/ubuntu/microros_ws/install/micro_ros_setup/./config/freertos/nucleo_f746zg/client-colcon.meta
[0.689s] -- Up-to-date: /home/ubuntu/microros_ws/install/micro_ros_setup/./config/freertos/nucleo_f746zg/configure.sh
[0.691s] -- Up-to-date: /home/ubuntu/microros_ws/install/micro_ros_setup/./config/freertos/olimex-stm32-e407
[0.692s] -- Up-to-date: /home/ubuntu/microros_ws/install/micro_ros_setup/./config/freertos/olimex-stm32-e407/create.sh
[0.698s] -- Up-to-date: /home/ubuntu/microros_ws/install/micro_ros_setup/./config/freertos/olimex-stm32-e407/package.xml
[0.699s] -- Up-to-date: /home/ubuntu/microros_ws/install/micro_ros_setup/./config/freertos/olimex-stm32-e407/board.repos
[0.700s] -- Up-to-date: /home/ubuntu/microros_ws/install/micro_ros_setup/./config/freertos/olimex-stm32-e407/flash.sh
[0.701s] -- Up-to-date: /home/ubuntu/microros_ws/install/micro_ros_setup/./config/freertos/olimex-stm32-e407/client_uros_packages.repos
[0.704s] -- Up-to-date: /home/ubuntu/microros_ws/install/micro_ros_setup/./config/freertos/olimex-stm32-e407/build.sh
[0.705s] -- Up-to-date: /home/ubuntu/microros_ws/install/micro_ros_setup/./config/freertos/olimex-stm32-e407/client-colcon.meta
[0.706s] -- Up-to-date: /home/ubuntu/microros_ws/install/micro_ros_setup/./config/freertos/olimex-stm32-e407/configure.sh
[0.706s] -- Up-to-date: /home/ubuntu/microros_ws/install/micro_ros_setup/./config/freertos/esp32
[0.706s] -- Up-to-date: /home/ubuntu/microros_ws/install/micro_ros_setup/./config/freertos/esp32/README.md
[0.706s] -- Up-to-date: /home/ubuntu/microros_ws/install/micro_ros_setup/./config/freertos/esp32/create.sh
[0.707s] -- Up-to-date: /home/ubuntu/microros_ws/install/micro_ros_setup/./config/freertos/esp32/package.xml
[0.707s] -- Up-to-date: /home/ubuntu/microros_ws/install/micro_ros_setup/./config/freertos/esp32/board.repos
[0.707s] -- Up-to-date: /home/ubuntu/microros_ws/install/micro_ros_setup/./config/freertos/esp32/flash.sh
[0.708s] -- Up-to-date: /home/ubuntu/microros_ws/install/micro_ros_setup/./config/freertos/esp32/client_uros_packages.repos
[0.708s] -- Up-to-date: /home/ubuntu/microros_ws/install/micro_ros_setup/./config/freertos/esp32/build.sh
[0.708s] -- Up-to-date: /home/ubuntu/microros_ws/install/micro_ros_setup/./config/freertos/esp32/client-colcon.meta
[0.709s] -- Up-to-date: /home/ubuntu/microros_ws/install/micro_ros_setup/./config/freertos/esp32/configure.sh
[0.709s] -- Up-to-date: /home/ubuntu/microros_ws/install/micro_ros_setup/./config/freertos/nucleo_f446ze
[0.709s] -- Up-to-date: /home/ubuntu/microros_ws/install/micro_ros_setup/./config/freertos/nucleo_f446ze/create.sh
[0.710s] -- Up-to-date: /home/ubuntu/microros_ws/install/micro_ros_setup/./config/freertos/nucleo_f446ze/package.xml
[0.710s] -- Up-to-date: /home/ubuntu/microros_ws/install/micro_ros_setup/./config/freertos/nucleo_f446ze/board.repos
[0.710s] -- Up-to-date: /home/ubuntu/microros_ws/install/micro_ros_setup/./config/freertos/nucleo_f446ze/flash.sh
[0.710s] -- Up-to-date: /home/ubuntu/microros_ws/install/micro_ros_setup/./config/freertos/nucleo_f446ze/client_uros_packages.repos
[0.711s] -- Up-to-date: /home/ubuntu/microros_ws/install/micro_ros_setup/./config/freertos/nucleo_f446ze/build.sh
[0.711s] -- Up-to-date: /home/ubuntu/microros_ws/install/micro_ros_setup/./config/freertos/nucleo_f446ze/client-colcon.meta
[0.712s] -- Up-to-date: /home/ubuntu/microros_ws/install/micro_ros_setup/./config/freertos/nucleo_f446ze/configure.sh
[0.712s] -- Up-to-date: /home/ubuntu/microros_ws/install/micro_ros_setup/./config/freertos/dev_uros_packages.repos
[0.712s] -- Up-to-date: /home/ubuntu/microros_ws/install/micro_ros_setup/./config/freertos/dev_ros2_packages.txt
[0.713s] -- Up-to-date: /home/ubuntu/microros_ws/install/micro_ros_setup/./config/freertos/list_apps.sh
[0.713s] -- Up-to-date: /home/ubuntu/microros_ws/install/micro_ros_setup/./config/freertos/crazyflie21
[0.713s] -- Up-to-date: /home/ubuntu/microros_ws/install/micro_ros_setup/./config/freertos/crazyflie21/create.sh
[0.714s] -- Up-to-date: /home/ubuntu/microros_ws/install/micro_ros_setup/./config/freertos/crazyflie21/package.xml
[0.714s] -- Up-to-date: /home/ubuntu/microros_ws/install/micro_ros_setup/./config/freertos/crazyflie21/board.repos
[0.714s] -- Up-to-date: /home/ubuntu/microros_ws/install/micro_ros_setup/./config/freertos/crazyflie21/flash.sh
[0.715s] -- Up-to-date: /home/ubuntu/microros_ws/install/micro_ros_setup/./config/freertos/crazyflie21/client_uros_packages.repos
[0.728s] -- Up-to-date: /home/ubuntu/microros_ws/install/micro_ros_setup/./config/freertos/crazyflie21/build.sh
[0.728s] -- Up-to-date: /home/ubuntu/microros_ws/install/micro_ros_setup/./config/freertos/crazyflie21/client-colcon.meta
[0.729s] -- Up-to-date: /home/ubuntu/microros_ws/install/micro_ros_setup/./config/freertos/crazyflie21/configure.sh
[0.729s] -- Up-to-date: /home/ubuntu/microros_ws/install/micro_ros_setup/./config/freertos/nucleo_f446re
[0.730s] -- Up-to-date: /home/ubuntu/microros_ws/install/micro_ros_setup/./config/freertos/nucleo_f446re/create.sh
[0.730s] -- Up-to-date: /home/ubuntu/microros_ws/install/micro_ros_setup/./config/freertos/nucleo_f446re/package.xml
[0.732s] -- Up-to-date: /home/ubuntu/microros_ws/install/micro_ros_setup/./config/freertos/nucleo_f446re/board.repos
[0.733s] -- Up-to-date: /home/ubuntu/microros_ws/install/micro_ros_setup/./config/freertos/nucleo_f446re/flash.sh
[0.733s] -- Up-to-date: /home/ubuntu/microros_ws/install/micro_ros_setup/./config/freertos/nucleo_f446re/client_uros_packages.repos
[0.734s] -- Up-to-date: /home/ubuntu/microros_ws/install/micro_ros_setup/./config/freertos/nucleo_f446re/build.sh
[0.735s] -- Up-to-date: /home/ubuntu/microros_ws/install/micro_ros_setup/./config/freertos/nucleo_f446re/client-colcon.meta
[0.737s] -- Up-to-date: /home/ubuntu/microros_ws/install/micro_ros_setup/./config/freertos/nucleo_f446re/configure.sh
[0.738s] -- Up-to-date: /home/ubuntu/microros_ws/install/micro_ros_setup/./config/mbed
[0.740s] -- Up-to-date: /home/ubuntu/microros_ws/install/micro_ros_setup/./config/mbed/generic
[0.753s] -- Up-to-date: /home/ubuntu/microros_ws/install/micro_ros_setup/./config/mbed/generic/create.sh
[0.754s] -- Up-to-date: /home/ubuntu/microros_ws/install/micro_ros_setup/./config/mbed/generic/package.xml
[0.755s] -- Up-to-date: /home/ubuntu/microros_ws/install/micro_ros_setup/./config/mbed/generic/board.repos
[0.756s] -- Up-to-date: /home/ubuntu/microros_ws/install/micro_ros_setup/./config/mbed/generic/flash.sh
[0.756s] -- Up-to-date: /home/ubuntu/microros_ws/install/micro_ros_setup/./config/mbed/generic/client_uros_packages.repos
[0.757s] -- Up-to-date: /home/ubuntu/microros_ws/install/micro_ros_setup/./config/mbed/generic/build.sh
[0.758s] -- Up-to-date: /home/ubuntu/microros_ws/install/micro_ros_setup/./config/mbed/generic/supported_platforms
[0.758s] -- Up-to-date: /home/ubuntu/microros_ws/install/micro_ros_setup/./config/mbed/dev_uros_packages.repos
[0.759s] -- Up-to-date: /home/ubuntu/microros_ws/install/micro_ros_setup/./config/mbed/dev_ros2_packages.txt
[0.760s] -- Up-to-date: /home/ubuntu/microros_ws/install/micro_ros_setup/./config/mbed/list_apps.sh
[0.760s] -- Up-to-date: /home/ubuntu/microros_ws/install/micro_ros_setup/./config/host
[0.761s] -- Up-to-date: /home/ubuntu/microros_ws/install/micro_ros_setup/./config/host/generic
[0.761s] -- Up-to-date: /home/ubuntu/microros_ws/install/micro_ros_setup/./config/host/generic/client_host_packages.repos
[0.761s] -- Up-to-date: /home/ubuntu/microros_ws/install/micro_ros_setup/./config/host/generic/create.sh
[0.762s] -- Up-to-date: /home/ubuntu/microros_ws/install/micro_ros_setup/./config/host/generic/client-host-colcon.meta
[0.762s] -- Up-to-date: /home/ubuntu/microros_ws/install/micro_ros_setup/./config/host/generic/package.xml
[0.771s] -- Up-to-date: /home/ubuntu/microros_ws/install/micro_ros_setup/./config/host/generic/flash.sh
[0.773s] -- Up-to-date: /home/ubuntu/microros_ws/install/micro_ros_setup/./config/host/generic/build.sh
[0.773s] -- Up-to-date: /home/ubuntu/microros_ws/install/micro_ros_setup/./config/host/client_ros2_packages.txt
[0.774s] -- Up-to-date: /home/ubuntu/microros_ws/install/micro_ros_setup/./config/host/dev_uros_packages.repos
[0.774s] -- Up-to-date: /home/ubuntu/microros_ws/install/micro_ros_setup/./config/host/dev_ros2_packages.txt
[0.775s] -- Up-to-date: /home/ubuntu/microros_ws/install/micro_ros_setup/./config/client_uros_packages.repos
[0.775s] -- Up-to-date: /home/ubuntu/microros_ws/install/micro_ros_setup/./config/client_ros2_packages.txt
[0.781s] -- Up-to-date: /home/ubuntu/microros_ws/install/micro_ros_setup/./config/agent_ros2_packages.txt
[0.781s] -- Up-to-date: /home/ubuntu/microros_ws/install/micro_ros_setup/./config/utils.sh
[0.782s] -- Up-to-date: /home/ubuntu/microros_ws/install/micro_ros_setup/./config/agent_uros_packages.repos
[0.782s] -- Up-to-date: /home/ubuntu/microros_ws/install/micro_ros_setup/./config/android
[0.783s] -- Up-to-date: /home/ubuntu/microros_ws/install/micro_ros_setup/./config/android/generic
[0.783s] -- Up-to-date: /home/ubuntu/microros_ws/install/micro_ros_setup/./config/android/generic/create.sh
[0.784s] -- Up-to-date: /home/ubuntu/microros_ws/install/micro_ros_setup/./config/android/generic/package.xml
[0.785s] -- Up-to-date: /home/ubuntu/microros_ws/install/micro_ros_setup/./config/android/generic/flash.sh
[0.786s] -- Up-to-date: /home/ubuntu/microros_ws/install/micro_ros_setup/./config/android/generic/client_uros_packages.repos
[0.793s] -- Up-to-date: /home/ubuntu/microros_ws/install/micro_ros_setup/./config/android/generic/build.sh
[0.794s] -- Up-to-date: /home/ubuntu/microros_ws/install/micro_ros_setup/./config/android/generic/client-colcon.meta
[0.794s] -- Up-to-date: /home/ubuntu/microros_ws/install/micro_ros_setup/./config/android/dev_uros_packages.repos
[0.795s] -- Up-to-date: /home/ubuntu/microros_ws/install/micro_ros_setup/./config/android/dev_ros2_packages.txt
[0.795s] -- Up-to-date: /home/ubuntu/microros_ws/install/micro_ros_setup/./config/zephyr
[0.798s] -- Up-to-date: /home/ubuntu/microros_ws/install/micro_ros_setup/./config/zephyr/generic
[0.800s] -- Up-to-date: /home/ubuntu/microros_ws/install/micro_ros_setup/./config/zephyr/generic/create.sh
[0.801s] -- Up-to-date: /home/ubuntu/microros_ws/install/micro_ros_setup/./config/zephyr/generic/package.xml
[0.802s] -- Up-to-date: /home/ubuntu/microros_ws/install/micro_ros_setup/./config/zephyr/generic/board.repos
[0.802s] -- Up-to-date: /home/ubuntu/microros_ws/install/micro_ros_setup/./config/zephyr/generic/flash.sh
[0.804s] -- Up-to-date: /home/ubuntu/microros_ws/install/micro_ros_setup/./config/zephyr/generic/client_uros_packages.repos
[0.805s] -- Up-to-date: /home/ubuntu/microros_ws/install/micro_ros_setup/./config/zephyr/generic/build.sh
[0.807s] -- Up-to-date: /home/ubuntu/microros_ws/install/micro_ros_setup/./config/zephyr/generic/client-colcon.meta
[0.808s] -- Up-to-date: /home/ubuntu/microros_ws/install/micro_ros_setup/./config/zephyr/generic/configure.sh
[0.815s] -- Up-to-date: /home/ubuntu/microros_ws/install/micro_ros_setup/./config/zephyr/generic/supported_platforms
[0.815s] -- Up-to-date: /home/ubuntu/microros_ws/install/micro_ros_setup/./config/zephyr/dev_uros_packages.repos
[0.816s] -- Up-to-date: /home/ubuntu/microros_ws/install/micro_ros_setup/./config/zephyr/dev_ros2_packages.txt
[0.816s] -- Up-to-date: /home/ubuntu/microros_ws/install/micro_ros_setup/./config/zephyr/list_apps.sh
[0.817s] Invoked command in '/home/ubuntu/microros_ws/build/micro_ros_setup' returned '0': CMAKE_PREFIX_PATH=/opt/ros/humble /usr/bin/cmake --install /home/ubuntu/microros_ws/build/micro_ros_setup
