[0.065s] Invoking command in '/home/ubuntu/microros_ws/build/lifecycle_msgs': CMAKE_PREFIX_PATH=/opt/ros/humble /usr/bin/cmake --build /home/ubuntu/microros_ws/build/lifecycle_msgs -- -j4 -l4
[0.318s] [35m[1mConsolidate compiler generated dependencies of target lifecycle_msgs__rosidl_generator_c[0m
[0.424s] [ 11%] Built target lifecycle_msgs__rosidl_generator_c
[0.582s] [ 11%] Built target ament_cmake_python_symlink_lifecycle_msgs
[0.662s] [35m[1mConsolidate compiler generated dependencies of target lifecycle_msgs__rosidl_typesupport_introspection_c[0m
[0.739s] [ 22%] Built target lifecycle_msgs__rosidl_typesupport_introspection_c
[0.831s] [ 24%] [34m[1mGenerating C type support dispatch for ROS interfaces[0m
[7.337s] [35m[1mConsolidate compiler generated dependencies of target lifecycle_msgs__rosidl_typesupport_c[0m
[7.413s] [ 25%] [32mBuilding CXX object CMakeFiles/lifecycle_msgs__rosidl_typesupport_c.dir/rosidl_typesupport_c/lifecycle_msgs/msg/state__type_support.cpp.o[0m
[7.645s] [ 26%] [32mBuilding CXX object CMakeFiles/lifecycle_msgs__rosidl_typesupport_c.dir/rosidl_typesupport_c/lifecycle_msgs/msg/transition__type_support.cpp.o[0m
[7.891s] [ 27%] [32mBuilding CXX object CMakeFiles/lifecycle_msgs__rosidl_typesupport_c.dir/rosidl_typesupport_c/lifecycle_msgs/msg/transition_description__type_support.cpp.o[0m
[8.115s] [ 28%] [32mBuilding CXX object CMakeFiles/lifecycle_msgs__rosidl_typesupport_c.dir/rosidl_typesupport_c/lifecycle_msgs/msg/transition_event__type_support.cpp.o[0m
[8.320s] [ 29%] [32mBuilding CXX object CMakeFiles/lifecycle_msgs__rosidl_typesupport_c.dir/rosidl_typesupport_c/lifecycle_msgs/srv/change_state__type_support.cpp.o[0m
[8.562s] [ 31%] [32mBuilding CXX object CMakeFiles/lifecycle_msgs__rosidl_typesupport_c.dir/rosidl_typesupport_c/lifecycle_msgs/srv/get_available_states__type_support.cpp.o[0m
[8.775s] [ 32%] [32mBuilding CXX object CMakeFiles/lifecycle_msgs__rosidl_typesupport_c.dir/rosidl_typesupport_c/lifecycle_msgs/srv/get_available_transitions__type_support.cpp.o[0m
[8.987s] [ 33%] [32mBuilding CXX object CMakeFiles/lifecycle_msgs__rosidl_typesupport_c.dir/rosidl_typesupport_c/lifecycle_msgs/srv/get_state__type_support.cpp.o[0m
[9.318s] [ 34%] [32m[1mLinking CXX shared library liblifecycle_msgs__rosidl_typesupport_c.so[0m
[9.588s] [ 34%] Built target lifecycle_msgs__rosidl_typesupport_c
[11.743s] running egg_info
[11.749s] writing lifecycle_msgs.egg-info/PKG-INFO
[11.751s] writing dependency_links to lifecycle_msgs.egg-info/dependency_links.txt
[11.754s] writing top-level names to lifecycle_msgs.egg-info/top_level.txt
[11.769s] reading manifest file 'lifecycle_msgs.egg-info/SOURCES.txt'
[11.776s] writing manifest file 'lifecycle_msgs.egg-info/SOURCES.txt'
[11.999s] [ 34%] Built target ament_cmake_python_build_lifecycle_msgs_egg
[12.075s] [35m[1mConsolidate compiler generated dependencies of target lifecycle_msgs__rosidl_typesupport_fastrtps_c[0m
[12.224s] [ 45%] Built target lifecycle_msgs__rosidl_typesupport_fastrtps_c
[12.367s] [ 47%] Built target lifecycle_msgs__cpp
[12.439s] [35m[1mConsolidate compiler generated dependencies of target lifecycle_msgs__rosidl_typesupport_fastrtps_cpp[0m
[12.602s] [ 58%] Built target lifecycle_msgs__rosidl_typesupport_fastrtps_cpp
[12.663s] [ 59%] [34m[1mGenerating C++ type support dispatch for ROS interfaces[0m
[19.052s] [35m[1mConsolidate compiler generated dependencies of target lifecycle_msgs__rosidl_typesupport_cpp[0m
[19.185s] [ 60%] [32mBuilding CXX object CMakeFiles/lifecycle_msgs__rosidl_typesupport_cpp.dir/rosidl_typesupport_cpp/lifecycle_msgs/msg/state__type_support.cpp.o[0m
[21.158s] [ 62%] [32mBuilding CXX object CMakeFiles/lifecycle_msgs__rosidl_typesupport_cpp.dir/rosidl_typesupport_cpp/lifecycle_msgs/msg/transition_description__type_support.cpp.o[0m
[23.223s] [ 63%] [32mBuilding CXX object CMakeFiles/lifecycle_msgs__rosidl_typesupport_cpp.dir/rosidl_typesupport_cpp/lifecycle_msgs/msg/transition_event__type_support.cpp.o[0m
[25.470s] [ 64%] [32mBuilding CXX object CMakeFiles/lifecycle_msgs__rosidl_typesupport_cpp.dir/rosidl_typesupport_cpp/lifecycle_msgs/srv/change_state__type_support.cpp.o[0m
[28.404s] [ 65%] [32mBuilding CXX object CMakeFiles/lifecycle_msgs__rosidl_typesupport_cpp.dir/rosidl_typesupport_cpp/lifecycle_msgs/srv/get_available_states__type_support.cpp.o[0m
[30.551s] [ 66%] [32mBuilding CXX object CMakeFiles/lifecycle_msgs__rosidl_typesupport_cpp.dir/rosidl_typesupport_cpp/lifecycle_msgs/srv/get_available_transitions__type_support.cpp.o[0m
[32.279s] [ 67%] [32mBuilding CXX object CMakeFiles/lifecycle_msgs__rosidl_typesupport_cpp.dir/rosidl_typesupport_cpp/lifecycle_msgs/srv/get_state__type_support.cpp.o[0m
[34.041s] [ 68%] [32mBuilding CXX object CMakeFiles/lifecycle_msgs__rosidl_typesupport_cpp.dir/rosidl_typesupport_cpp/lifecycle_msgs/msg/transition__type_support.cpp.o[0m
[35.705s] [ 70%] [32m[1mLinking CXX shared library liblifecycle_msgs__rosidl_typesupport_cpp.so[0m
[35.909s] [ 70%] Built target lifecycle_msgs__rosidl_typesupport_cpp
[35.991s] [35m[1mConsolidate compiler generated dependencies of target lifecycle_msgs__rosidl_typesupport_introspection_cpp[0m
[36.089s] [ 81%] Built target lifecycle_msgs__rosidl_typesupport_introspection_cpp
[36.189s] [ 81%] Built target lifecycle_msgs
[36.288s] [ 82%] Built target lifecycle_msgs__py
[36.351s] [35m[1mConsolidate compiler generated dependencies of target lifecycle_msgs__rosidl_generator_py[0m
[36.448s] [ 83%] [32m[1mLinking C shared library rosidl_generator_py/lifecycle_msgs/liblifecycle_msgs__rosidl_generator_py.so[0m
[36.692s] [ 93%] Built target lifecycle_msgs__rosidl_generator_py
[36.737s] [35m[1mConsolidate compiler generated dependencies of target lifecycle_msgs__rosidl_typesupport_fastrtps_c__pyext[0m
[36.802s] [ 94%] [32m[1mLinking C shared library rosidl_generator_py/lifecycle_msgs/lifecycle_msgs_s__rosidl_typesupport_fastrtps_c.cpython-310-aarch64-linux-gnu.so[0m
[36.986s] [ 95%] Built target lifecycle_msgs__rosidl_typesupport_fastrtps_c__pyext
[37.035s] [35m[1mConsolidate compiler generated dependencies of target lifecycle_msgs__rosidl_typesupport_c__pyext[0m
[37.099s] [ 96%] [32m[1mLinking C shared library rosidl_generator_py/lifecycle_msgs/lifecycle_msgs_s__rosidl_typesupport_c.cpython-310-aarch64-linux-gnu.so[0m
[37.284s] [ 97%] Built target lifecycle_msgs__rosidl_typesupport_c__pyext
[37.332s] [35m[1mConsolidate compiler generated dependencies of target lifecycle_msgs__rosidl_typesupport_introspection_c__pyext[0m
[37.395s] [ 98%] [32m[1mLinking C shared library rosidl_generator_py/lifecycle_msgs/lifecycle_msgs_s__rosidl_typesupport_introspection_c.cpython-310-aarch64-linux-gnu.so[0m
[37.566s] [100%] Built target lifecycle_msgs__rosidl_typesupport_introspection_c__pyext
