[0.080s] Invoking command in '/home/ubuntu/microros_ws/build/std_msgs': AMENT_PREFIX_PATH=/home/ubuntu/microros_ws/install/builtin_interfaces:${AMENT_PREFIX_PATH} CMAKE_PREFIX_PATH=/home/ubuntu/microros_ws/install/builtin_interfaces:/opt/ros/humble LD_LIBRARY_PATH=/home/ubuntu/microros_ws/install/builtin_interfaces/lib:${LD_LIBRARY_PATH} PYTHONPATH=/home/ubuntu/microros_ws/install/builtin_interfaces/local/lib/python3.10/dist-packages:${PYTHONPATH} /usr/bin/cmake --build /home/ubuntu/microros_ws/build/std_msgs -- -j4 -l4
[0.403s] [  0%] Built target std_msgs__cpp
[0.620s] [  0%] Built target ament_cmake_python_symlink_std_msgs
[0.828s] [ 12%] Built target std_msgs__rosidl_typesupport_fastrtps_cpp
[1.020s] [ 25%] Built target std_msgs__rosidl_typesupport_introspection_cpp
[3.076s] running egg_info
[3.081s] writing std_msgs.egg-info/PKG-INFO
[3.083s] writing dependency_links to std_msgs.egg-info/dependency_links.txt
[3.085s] writing top-level names to std_msgs.egg-info/top_level.txt
[3.101s] reading manifest file 'std_msgs.egg-info/SOURCES.txt'
[3.115s] writing manifest file 'std_msgs.egg-info/SOURCES.txt'
[3.322s] [ 25%] Built target ament_cmake_python_build_std_msgs_egg
[3.438s] [35m[1mConsolidate compiler generated dependencies of target std_msgs__rosidl_typesupport_cpp[0m
[3.663s] [ 37%] Built target std_msgs__rosidl_typesupport_cpp
[3.869s] [ 49%] Built target std_msgs__rosidl_generator_c
[4.133s] [ 61%] Built target std_msgs__rosidl_typesupport_fastrtps_c
[4.206s] [35m[1mConsolidate compiler generated dependencies of target std_msgs__rosidl_typesupport_c[0m
[4.313s] [ 73%] Built target std_msgs__rosidl_typesupport_c
[4.505s] [ 86%] Built target std_msgs__rosidl_typesupport_introspection_c
[4.625s] [ 86%] Built target std_msgs
[4.749s] [ 86%] Built target std_msgs__py
[4.899s] [35m[1mConsolidate compiler generated dependencies of target std_msgs__rosidl_generator_py[0m
[5.113s] [ 98%] Built target std_msgs__rosidl_generator_py
[5.242s] [ 99%] Built target std_msgs__rosidl_typesupport_fastrtps_c__pyext
[5.302s] [35m[1mConsolidate compiler generated dependencies of target std_msgs__rosidl_typesupport_c__pyext[0m
[5.380s] [100%] Built target std_msgs__rosidl_typesupport_c__pyext
[5.461s] [35m[1mConsolidate compiler generated dependencies of target std_msgs__rosidl_typesupport_introspection_c__pyext[0m
[5.541s] [100%] Built target std_msgs__rosidl_typesupport_introspection_c__pyext
[5.611s] Invoked command in '/home/ubuntu/microros_ws/build/std_msgs' returned '0': AMENT_PREFIX_PATH=/home/ubuntu/microros_ws/install/builtin_interfaces:${AMENT_PREFIX_PATH} CMAKE_PREFIX_PATH=/home/ubuntu/microros_ws/install/builtin_interfaces:/opt/ros/humble LD_LIBRARY_PATH=/home/ubuntu/microros_ws/install/builtin_interfaces/lib:${LD_LIBRARY_PATH} PYTHONPATH=/home/ubuntu/microros_ws/install/builtin_interfaces/local/lib/python3.10/dist-packages:${PYTHONPATH} /usr/bin/cmake --build /home/ubuntu/microros_ws/build/std_msgs -- -j4 -l4
[10.951s] Invoking command in '/home/ubuntu/microros_ws/build/std_msgs': AMENT_PREFIX_PATH=/home/ubuntu/microros_ws/install/builtin_interfaces:${AMENT_PREFIX_PATH} CMAKE_PREFIX_PATH=/home/ubuntu/microros_ws/install/builtin_interfaces:/opt/ros/humble LD_LIBRARY_PATH=/home/ubuntu/microros_ws/install/builtin_interfaces/lib:${LD_LIBRARY_PATH} PYTHONPATH=/home/ubuntu/microros_ws/install/builtin_interfaces/local/lib/python3.10/dist-packages:${PYTHONPATH} /usr/bin/cmake --install /home/ubuntu/microros_ws/build/std_msgs
[11.007s] -- Install configuration: ""
[11.011s] -- Execute custom install script
[11.012s] -- Symlinking: /home/ubuntu/microros_ws/install/std_msgs/share/ament_index/resource_index/rosidl_interfaces/std_msgs
[11.077s] -- Symlinking: /home/ubuntu/microros_ws/install/std_msgs/include/std_msgs/std_msgs/msg/bool.h
[11.126s] -- Symlinking: /home/ubuntu/microros_ws/install/std_msgs/include/std_msgs/std_msgs/msg/byte.h
[11.169s] -- Symlinking: /home/ubuntu/microros_ws/install/std_msgs/include/std_msgs/std_msgs/msg/byte_multi_array.h
[11.218s] -- Symlinking: /home/ubuntu/microros_ws/install/std_msgs/include/std_msgs/std_msgs/msg/char.h
[11.258s] -- Symlinking: /home/ubuntu/microros_ws/install/std_msgs/include/std_msgs/std_msgs/msg/color_rgba.h
[11.307s] -- Symlinking: /home/ubuntu/microros_ws/install/std_msgs/include/std_msgs/std_msgs/msg/detail/bool__functions.h
[11.359s] -- Symlinking: /home/ubuntu/microros_ws/install/std_msgs/include/std_msgs/std_msgs/msg/detail/bool__struct.h
[11.408s] -- Symlinking: /home/ubuntu/microros_ws/install/std_msgs/include/std_msgs/std_msgs/msg/detail/bool__type_support.h
[11.459s] -- Symlinking: /home/ubuntu/microros_ws/install/std_msgs/include/std_msgs/std_msgs/msg/detail/byte__functions.h
[11.508s] -- Symlinking: /home/ubuntu/microros_ws/install/std_msgs/include/std_msgs/std_msgs/msg/detail/byte__struct.h
[11.560s] -- Symlinking: /home/ubuntu/microros_ws/install/std_msgs/include/std_msgs/std_msgs/msg/detail/byte__type_support.h
[11.618s] -- Symlinking: /home/ubuntu/microros_ws/install/std_msgs/include/std_msgs/std_msgs/msg/detail/byte_multi_array__functions.h
[11.663s] -- Symlinking: /home/ubuntu/microros_ws/install/std_msgs/include/std_msgs/std_msgs/msg/detail/byte_multi_array__struct.h
[11.746s] -- Symlinking: /home/ubuntu/microros_ws/install/std_msgs/include/std_msgs/std_msgs/msg/detail/byte_multi_array__type_support.h
[11.792s] -- Symlinking: /home/ubuntu/microros_ws/install/std_msgs/include/std_msgs/std_msgs/msg/detail/char__functions.h
[11.861s] -- Symlinking: /home/ubuntu/microros_ws/install/std_msgs/include/std_msgs/std_msgs/msg/detail/char__struct.h
[11.918s] -- Symlinking: /home/ubuntu/microros_ws/install/std_msgs/include/std_msgs/std_msgs/msg/detail/char__type_support.h
[11.971s] -- Symlinking: /home/ubuntu/microros_ws/install/std_msgs/include/std_msgs/std_msgs/msg/detail/color_rgba__functions.h
[12.048s] -- Symlinking: /home/ubuntu/microros_ws/install/std_msgs/include/std_msgs/std_msgs/msg/detail/color_rgba__struct.h
[12.138s] -- Symlinking: /home/ubuntu/microros_ws/install/std_msgs/include/std_msgs/std_msgs/msg/detail/color_rgba__type_support.h
[12.218s] -- Symlinking: /home/ubuntu/microros_ws/install/std_msgs/include/std_msgs/std_msgs/msg/detail/empty__functions.h
[12.267s] -- Symlinking: /home/ubuntu/microros_ws/install/std_msgs/include/std_msgs/std_msgs/msg/detail/empty__struct.h
[12.315s] -- Symlinking: /home/ubuntu/microros_ws/install/std_msgs/include/std_msgs/std_msgs/msg/detail/empty__type_support.h
[12.359s] -- Symlinking: /home/ubuntu/microros_ws/install/std_msgs/include/std_msgs/std_msgs/msg/detail/float32__functions.h
[12.408s] -- Symlinking: /home/ubuntu/microros_ws/install/std_msgs/include/std_msgs/std_msgs/msg/detail/float32__struct.h
[12.454s] -- Symlinking: /home/ubuntu/microros_ws/install/std_msgs/include/std_msgs/std_msgs/msg/detail/float32__type_support.h
[12.521s] -- Symlinking: /home/ubuntu/microros_ws/install/std_msgs/include/std_msgs/std_msgs/msg/detail/float32_multi_array__functions.h
[12.613s] -- Symlinking: /home/ubuntu/microros_ws/install/std_msgs/include/std_msgs/std_msgs/msg/detail/float32_multi_array__struct.h
[12.685s] -- Symlinking: /home/ubuntu/microros_ws/install/std_msgs/include/std_msgs/std_msgs/msg/detail/float32_multi_array__type_support.h
[12.748s] -- Symlinking: /home/ubuntu/microros_ws/install/std_msgs/include/std_msgs/std_msgs/msg/detail/float64__functions.h
[12.816s] -- Symlinking: /home/ubuntu/microros_ws/install/std_msgs/include/std_msgs/std_msgs/msg/detail/float64__struct.h
[12.883s] -- Symlinking: /home/ubuntu/microros_ws/install/std_msgs/include/std_msgs/std_msgs/msg/detail/float64__type_support.h
[12.944s] -- Symlinking: /home/ubuntu/microros_ws/install/std_msgs/include/std_msgs/std_msgs/msg/detail/float64_multi_array__functions.h
[12.996s] -- Symlinking: /home/ubuntu/microros_ws/install/std_msgs/include/std_msgs/std_msgs/msg/detail/float64_multi_array__struct.h
[13.048s] -- Symlinking: /home/ubuntu/microros_ws/install/std_msgs/include/std_msgs/std_msgs/msg/detail/float64_multi_array__type_support.h
[13.096s] -- Symlinking: /home/ubuntu/microros_ws/install/std_msgs/include/std_msgs/std_msgs/msg/detail/header__functions.h
[13.148s] -- Symlinking: /home/ubuntu/microros_ws/install/std_msgs/include/std_msgs/std_msgs/msg/detail/header__struct.h
[13.194s] -- Symlinking: /home/ubuntu/microros_ws/install/std_msgs/include/std_msgs/std_msgs/msg/detail/header__type_support.h
[13.266s] -- Symlinking: /home/ubuntu/microros_ws/install/std_msgs/include/std_msgs/std_msgs/msg/detail/int16__functions.h
[13.340s] -- Symlinking: /home/ubuntu/microros_ws/install/std_msgs/include/std_msgs/std_msgs/msg/detail/int16__struct.h
[13.384s] -- Symlinking: /home/ubuntu/microros_ws/install/std_msgs/include/std_msgs/std_msgs/msg/detail/int16__type_support.h
[13.461s] -- Symlinking: /home/ubuntu/microros_ws/install/std_msgs/include/std_msgs/std_msgs/msg/detail/int16_multi_array__functions.h
[13.526s] -- Symlinking: /home/ubuntu/microros_ws/install/std_msgs/include/std_msgs/std_msgs/msg/detail/int16_multi_array__struct.h
[13.632s] -- Symlinking: /home/ubuntu/microros_ws/install/std_msgs/include/std_msgs/std_msgs/msg/detail/int16_multi_array__type_support.h
[13.678s] -- Symlinking: /home/ubuntu/microros_ws/install/std_msgs/include/std_msgs/std_msgs/msg/detail/int32__functions.h
[13.749s] -- Symlinking: /home/ubuntu/microros_ws/install/std_msgs/include/std_msgs/std_msgs/msg/detail/int32__struct.h
[13.798s] -- Symlinking: /home/ubuntu/microros_ws/install/std_msgs/include/std_msgs/std_msgs/msg/detail/int32__type_support.h
[13.847s] -- Symlinking: /home/ubuntu/microros_ws/install/std_msgs/include/std_msgs/std_msgs/msg/detail/int32_multi_array__functions.h
[13.901s] -- Symlinking: /home/ubuntu/microros_ws/install/std_msgs/include/std_msgs/std_msgs/msg/detail/int32_multi_array__struct.h
[13.979s] -- Symlinking: /home/ubuntu/microros_ws/install/std_msgs/include/std_msgs/std_msgs/msg/detail/int32_multi_array__type_support.h
[14.054s] -- Symlinking: /home/ubuntu/microros_ws/install/std_msgs/include/std_msgs/std_msgs/msg/detail/int64__functions.h
[14.128s] -- Symlinking: /home/ubuntu/microros_ws/install/std_msgs/include/std_msgs/std_msgs/msg/detail/int64__struct.h
[14.180s] -- Symlinking: /home/ubuntu/microros_ws/install/std_msgs/include/std_msgs/std_msgs/msg/detail/int64__type_support.h
[14.235s] -- Symlinking: /home/ubuntu/microros_ws/install/std_msgs/include/std_msgs/std_msgs/msg/detail/int64_multi_array__functions.h
[14.287s] -- Symlinking: /home/ubuntu/microros_ws/install/std_msgs/include/std_msgs/std_msgs/msg/detail/int64_multi_array__struct.h
[14.343s] -- Symlinking: /home/ubuntu/microros_ws/install/std_msgs/include/std_msgs/std_msgs/msg/detail/int64_multi_array__type_support.h
[14.385s] -- Symlinking: /home/ubuntu/microros_ws/install/std_msgs/include/std_msgs/std_msgs/msg/detail/int8__functions.h
[14.434s] -- Symlinking: /home/ubuntu/microros_ws/install/std_msgs/include/std_msgs/std_msgs/msg/detail/int8__struct.h
[14.489s] -- Symlinking: /home/ubuntu/microros_ws/install/std_msgs/include/std_msgs/std_msgs/msg/detail/int8__type_support.h
[14.547s] -- Symlinking: /home/ubuntu/microros_ws/install/std_msgs/include/std_msgs/std_msgs/msg/detail/int8_multi_array__functions.h
[14.589s] -- Symlinking: /home/ubuntu/microros_ws/install/std_msgs/include/std_msgs/std_msgs/msg/detail/int8_multi_array__struct.h
[14.646s] -- Symlinking: /home/ubuntu/microros_ws/install/std_msgs/include/std_msgs/std_msgs/msg/detail/int8_multi_array__type_support.h
[14.687s] -- Symlinking: /home/ubuntu/microros_ws/install/std_msgs/include/std_msgs/std_msgs/msg/detail/multi_array_dimension__functions.h
[14.753s] -- Symlinking: /home/ubuntu/microros_ws/install/std_msgs/include/std_msgs/std_msgs/msg/detail/multi_array_dimension__struct.h
[14.797s] -- Symlinking: /home/ubuntu/microros_ws/install/std_msgs/include/std_msgs/std_msgs/msg/detail/multi_array_dimension__type_support.h
[14.855s] -- Symlinking: /home/ubuntu/microros_ws/install/std_msgs/include/std_msgs/std_msgs/msg/detail/multi_array_layout__functions.h
[14.898s] -- Symlinking: /home/ubuntu/microros_ws/install/std_msgs/include/std_msgs/std_msgs/msg/detail/multi_array_layout__struct.h
[14.943s] -- Symlinking: /home/ubuntu/microros_ws/install/std_msgs/include/std_msgs/std_msgs/msg/detail/multi_array_layout__type_support.h
[14.998s] -- Symlinking: /home/ubuntu/microros_ws/install/std_msgs/include/std_msgs/std_msgs/msg/detail/string__functions.h
[15.068s] -- Symlinking: /home/ubuntu/microros_ws/install/std_msgs/include/std_msgs/std_msgs/msg/detail/string__struct.h
[15.117s] -- Symlinking: /home/ubuntu/microros_ws/install/std_msgs/include/std_msgs/std_msgs/msg/detail/string__type_support.h
[15.181s] -- Symlinking: /home/ubuntu/microros_ws/install/std_msgs/include/std_msgs/std_msgs/msg/detail/u_int16__functions.h
[15.256s] -- Symlinking: /home/ubuntu/microros_ws/install/std_msgs/include/std_msgs/std_msgs/msg/detail/u_int16__struct.h
[15.298s] -- Symlinking: /home/ubuntu/microros_ws/install/std_msgs/include/std_msgs/std_msgs/msg/detail/u_int16__type_support.h
[15.363s] -- Symlinking: /home/ubuntu/microros_ws/install/std_msgs/include/std_msgs/std_msgs/msg/detail/u_int16_multi_array__functions.h
[15.407s] -- Symlinking: /home/ubuntu/microros_ws/install/std_msgs/include/std_msgs/std_msgs/msg/detail/u_int16_multi_array__struct.h
[15.462s] -- Symlinking: /home/ubuntu/microros_ws/install/std_msgs/include/std_msgs/std_msgs/msg/detail/u_int16_multi_array__type_support.h
[15.509s] -- Symlinking: /home/ubuntu/microros_ws/install/std_msgs/include/std_msgs/std_msgs/msg/detail/u_int32__functions.h
[15.556s] -- Symlinking: /home/ubuntu/microros_ws/install/std_msgs/include/std_msgs/std_msgs/msg/detail/u_int32__struct.h
[15.600s] -- Symlinking: /home/ubuntu/microros_ws/install/std_msgs/include/std_msgs/std_msgs/msg/detail/u_int32__type_support.h
[15.653s] -- Symlinking: /home/ubuntu/microros_ws/install/std_msgs/include/std_msgs/std_msgs/msg/detail/u_int32_multi_array__functions.h
[15.703s] -- Symlinking: /home/ubuntu/microros_ws/install/std_msgs/include/std_msgs/std_msgs/msg/detail/u_int32_multi_array__struct.h
[15.748s] -- Symlinking: /home/ubuntu/microros_ws/install/std_msgs/include/std_msgs/std_msgs/msg/detail/u_int32_multi_array__type_support.h
[15.794s] -- Symlinking: /home/ubuntu/microros_ws/install/std_msgs/include/std_msgs/std_msgs/msg/detail/u_int64__functions.h
[15.842s] -- Symlinking: /home/ubuntu/microros_ws/install/std_msgs/include/std_msgs/std_msgs/msg/detail/u_int64__struct.h
[15.885s] -- Symlinking: /home/ubuntu/microros_ws/install/std_msgs/include/std_msgs/std_msgs/msg/detail/u_int64__type_support.h
[15.931s] -- Symlinking: /home/ubuntu/microros_ws/install/std_msgs/include/std_msgs/std_msgs/msg/detail/u_int64_multi_array__functions.h
[15.982s] -- Symlinking: /home/ubuntu/microros_ws/install/std_msgs/include/std_msgs/std_msgs/msg/detail/u_int64_multi_array__struct.h
[16.030s] -- Symlinking: /home/ubuntu/microros_ws/install/std_msgs/include/std_msgs/std_msgs/msg/detail/u_int64_multi_array__type_support.h
[16.073s] -- Symlinking: /home/ubuntu/microros_ws/install/std_msgs/include/std_msgs/std_msgs/msg/detail/u_int8__functions.h
[16.124s] -- Symlinking: /home/ubuntu/microros_ws/install/std_msgs/include/std_msgs/std_msgs/msg/detail/u_int8__struct.h
[16.169s] -- Symlinking: /home/ubuntu/microros_ws/install/std_msgs/include/std_msgs/std_msgs/msg/detail/u_int8__type_support.h
[16.217s] -- Symlinking: /home/ubuntu/microros_ws/install/std_msgs/include/std_msgs/std_msgs/msg/detail/u_int8_multi_array__functions.h
[16.261s] -- Symlinking: /home/ubuntu/microros_ws/install/std_msgs/include/std_msgs/std_msgs/msg/detail/u_int8_multi_array__struct.h
[16.305s] -- Symlinking: /home/ubuntu/microros_ws/install/std_msgs/include/std_msgs/std_msgs/msg/detail/u_int8_multi_array__type_support.h
[16.350s] -- Symlinking: /home/ubuntu/microros_ws/install/std_msgs/include/std_msgs/std_msgs/msg/empty.h
[16.396s] -- Symlinking: /home/ubuntu/microros_ws/install/std_msgs/include/std_msgs/std_msgs/msg/float32.h
[16.481s] -- Symlinking: /home/ubuntu/microros_ws/install/std_msgs/include/std_msgs/std_msgs/msg/float32_multi_array.h
[16.550s] -- Symlinking: /home/ubuntu/microros_ws/install/std_msgs/include/std_msgs/std_msgs/msg/float64.h
[16.605s] -- Symlinking: /home/ubuntu/microros_ws/install/std_msgs/include/std_msgs/std_msgs/msg/float64_multi_array.h
[16.667s] -- Symlinking: /home/ubuntu/microros_ws/install/std_msgs/include/std_msgs/std_msgs/msg/header.h
[16.751s] -- Symlinking: /home/ubuntu/microros_ws/install/std_msgs/include/std_msgs/std_msgs/msg/int16.h
[16.797s] -- Symlinking: /home/ubuntu/microros_ws/install/std_msgs/include/std_msgs/std_msgs/msg/int16_multi_array.h
[16.872s] -- Symlinking: /home/ubuntu/microros_ws/install/std_msgs/include/std_msgs/std_msgs/msg/int32.h
[16.953s] -- Symlinking: /home/ubuntu/microros_ws/install/std_msgs/include/std_msgs/std_msgs/msg/int32_multi_array.h
[16.997s] -- Symlinking: /home/ubuntu/microros_ws/install/std_msgs/include/std_msgs/std_msgs/msg/int64.h
[17.064s] -- Symlinking: /home/ubuntu/microros_ws/install/std_msgs/include/std_msgs/std_msgs/msg/int64_multi_array.h
[17.108s] -- Symlinking: /home/ubuntu/microros_ws/install/std_msgs/include/std_msgs/std_msgs/msg/int8.h
[17.165s] -- Symlinking: /home/ubuntu/microros_ws/install/std_msgs/include/std_msgs/std_msgs/msg/int8_multi_array.h
[17.206s] -- Symlinking: /home/ubuntu/microros_ws/install/std_msgs/include/std_msgs/std_msgs/msg/multi_array_dimension.h
[17.273s] -- Symlinking: /home/ubuntu/microros_ws/install/std_msgs/include/std_msgs/std_msgs/msg/multi_array_layout.h
[17.326s] -- Symlinking: /home/ubuntu/microros_ws/install/std_msgs/include/std_msgs/std_msgs/msg/rosidl_generator_c__visibility_control.h
[17.370s] -- Symlinking: /home/ubuntu/microros_ws/install/std_msgs/include/std_msgs/std_msgs/msg/string.h
[17.417s] -- Symlinking: /home/ubuntu/microros_ws/install/std_msgs/include/std_msgs/std_msgs/msg/u_int16.h
[17.466s] -- Symlinking: /home/ubuntu/microros_ws/install/std_msgs/include/std_msgs/std_msgs/msg/u_int16_multi_array.h
[17.517s] -- Symlinking: /home/ubuntu/microros_ws/install/std_msgs/include/std_msgs/std_msgs/msg/u_int32.h
[17.566s] -- Symlinking: /home/ubuntu/microros_ws/install/std_msgs/include/std_msgs/std_msgs/msg/u_int32_multi_array.h
[17.617s] -- Symlinking: /home/ubuntu/microros_ws/install/std_msgs/include/std_msgs/std_msgs/msg/u_int64.h
[17.683s] -- Symlinking: /home/ubuntu/microros_ws/install/std_msgs/include/std_msgs/std_msgs/msg/u_int64_multi_array.h
[17.751s] -- Symlinking: /home/ubuntu/microros_ws/install/std_msgs/include/std_msgs/std_msgs/msg/u_int8.h
[17.801s] -- Symlinking: /home/ubuntu/microros_ws/install/std_msgs/include/std_msgs/std_msgs/msg/u_int8_multi_array.h
[17.865s] -- Symlinking: /home/ubuntu/microros_ws/install/std_msgs/share/std_msgs/environment/library_path.sh
[17.940s] -- Symlinking: /home/ubuntu/microros_ws/install/std_msgs/share/std_msgs/environment/library_path.dsv
[17.998s] -- Symlinking: /home/ubuntu/microros_ws/install/std_msgs/include/std_msgs/std_msgs/msg/detail/bool__rosidl_typesupport_fastrtps_c.h
[18.059s] -- Symlinking: /home/ubuntu/microros_ws/install/std_msgs/include/std_msgs/std_msgs/msg/detail/byte__rosidl_typesupport_fastrtps_c.h
[18.119s] -- Symlinking: /home/ubuntu/microros_ws/install/std_msgs/include/std_msgs/std_msgs/msg/detail/byte_multi_array__rosidl_typesupport_fastrtps_c.h
[18.177s] -- Symlinking: /home/ubuntu/microros_ws/install/std_msgs/include/std_msgs/std_msgs/msg/detail/char__rosidl_typesupport_fastrtps_c.h
[18.250s] -- Symlinking: /home/ubuntu/microros_ws/install/std_msgs/include/std_msgs/std_msgs/msg/detail/color_rgba__rosidl_typesupport_fastrtps_c.h
[18.295s] -- Symlinking: /home/ubuntu/microros_ws/install/std_msgs/include/std_msgs/std_msgs/msg/detail/empty__rosidl_typesupport_fastrtps_c.h
[18.353s] -- Symlinking: /home/ubuntu/microros_ws/install/std_msgs/include/std_msgs/std_msgs/msg/detail/float32__rosidl_typesupport_fastrtps_c.h
[18.397s] -- Symlinking: /home/ubuntu/microros_ws/install/std_msgs/include/std_msgs/std_msgs/msg/detail/float32_multi_array__rosidl_typesupport_fastrtps_c.h
[18.444s] -- Symlinking: /home/ubuntu/microros_ws/install/std_msgs/include/std_msgs/std_msgs/msg/detail/float64__rosidl_typesupport_fastrtps_c.h
[18.489s] -- Symlinking: /home/ubuntu/microros_ws/install/std_msgs/include/std_msgs/std_msgs/msg/detail/float64_multi_array__rosidl_typesupport_fastrtps_c.h
[18.549s] -- Symlinking: /home/ubuntu/microros_ws/install/std_msgs/include/std_msgs/std_msgs/msg/detail/header__rosidl_typesupport_fastrtps_c.h
[18.636s] -- Symlinking: /home/ubuntu/microros_ws/install/std_msgs/include/std_msgs/std_msgs/msg/detail/int16__rosidl_typesupport_fastrtps_c.h
[18.754s] -- Symlinking: /home/ubuntu/microros_ws/install/std_msgs/include/std_msgs/std_msgs/msg/detail/int16_multi_array__rosidl_typesupport_fastrtps_c.h
[18.808s] -- Symlinking: /home/ubuntu/microros_ws/install/std_msgs/include/std_msgs/std_msgs/msg/detail/int32__rosidl_typesupport_fastrtps_c.h
[18.870s] -- Symlinking: /home/ubuntu/microros_ws/install/std_msgs/include/std_msgs/std_msgs/msg/detail/int32_multi_array__rosidl_typesupport_fastrtps_c.h
[18.920s] -- Symlinking: /home/ubuntu/microros_ws/install/std_msgs/include/std_msgs/std_msgs/msg/detail/int64__rosidl_typesupport_fastrtps_c.h
[18.962s] -- Symlinking: /home/ubuntu/microros_ws/install/std_msgs/include/std_msgs/std_msgs/msg/detail/int64_multi_array__rosidl_typesupport_fastrtps_c.h
[19.008s] -- Symlinking: /home/ubuntu/microros_ws/install/std_msgs/include/std_msgs/std_msgs/msg/detail/int8__rosidl_typesupport_fastrtps_c.h
[19.062s] -- Symlinking: /home/ubuntu/microros_ws/install/std_msgs/include/std_msgs/std_msgs/msg/detail/int8_multi_array__rosidl_typesupport_fastrtps_c.h
[19.108s] -- Symlinking: /home/ubuntu/microros_ws/install/std_msgs/include/std_msgs/std_msgs/msg/detail/multi_array_dimension__rosidl_typesupport_fastrtps_c.h
[19.162s] -- Symlinking: /home/ubuntu/microros_ws/install/std_msgs/include/std_msgs/std_msgs/msg/detail/multi_array_layout__rosidl_typesupport_fastrtps_c.h
[19.206s] -- Symlinking: /home/ubuntu/microros_ws/install/std_msgs/include/std_msgs/std_msgs/msg/detail/string__rosidl_typesupport_fastrtps_c.h
[19.286s] -- Symlinking: /home/ubuntu/microros_ws/install/std_msgs/include/std_msgs/std_msgs/msg/detail/u_int16__rosidl_typesupport_fastrtps_c.h
[19.348s] -- Symlinking: /home/ubuntu/microros_ws/install/std_msgs/include/std_msgs/std_msgs/msg/detail/u_int16_multi_array__rosidl_typesupport_fastrtps_c.h
[19.391s] -- Symlinking: /home/ubuntu/microros_ws/install/std_msgs/include/std_msgs/std_msgs/msg/detail/u_int32__rosidl_typesupport_fastrtps_c.h
[19.441s] -- Symlinking: /home/ubuntu/microros_ws/install/std_msgs/include/std_msgs/std_msgs/msg/detail/u_int32_multi_array__rosidl_typesupport_fastrtps_c.h
[19.489s] -- Symlinking: /home/ubuntu/microros_ws/install/std_msgs/include/std_msgs/std_msgs/msg/detail/u_int64__rosidl_typesupport_fastrtps_c.h
[19.538s] -- Symlinking: /home/ubuntu/microros_ws/install/std_msgs/include/std_msgs/std_msgs/msg/detail/u_int64_multi_array__rosidl_typesupport_fastrtps_c.h
[19.585s] -- Symlinking: /home/ubuntu/microros_ws/install/std_msgs/include/std_msgs/std_msgs/msg/detail/u_int8__rosidl_typesupport_fastrtps_c.h
[19.636s] -- Symlinking: /home/ubuntu/microros_ws/install/std_msgs/include/std_msgs/std_msgs/msg/detail/u_int8_multi_array__rosidl_typesupport_fastrtps_c.h
[19.682s] -- Symlinking: /home/ubuntu/microros_ws/install/std_msgs/include/std_msgs/std_msgs/msg/rosidl_typesupport_fastrtps_c__visibility_control.h
[19.739s] -- Symlinking: /home/ubuntu/microros_ws/install/std_msgs/include/std_msgs/std_msgs/msg/bool.hpp
[19.787s] -- Symlinking: /home/ubuntu/microros_ws/install/std_msgs/include/std_msgs/std_msgs/msg/byte.hpp
[19.842s] -- Symlinking: /home/ubuntu/microros_ws/install/std_msgs/include/std_msgs/std_msgs/msg/byte_multi_array.hpp
[19.896s] -- Symlinking: /home/ubuntu/microros_ws/install/std_msgs/include/std_msgs/std_msgs/msg/char.hpp
[19.944s] -- Symlinking: /home/ubuntu/microros_ws/install/std_msgs/include/std_msgs/std_msgs/msg/color_rgba.hpp
[19.992s] -- Symlinking: /home/ubuntu/microros_ws/install/std_msgs/include/std_msgs/std_msgs/msg/detail/bool__builder.hpp
[20.036s] -- Symlinking: /home/ubuntu/microros_ws/install/std_msgs/include/std_msgs/std_msgs/msg/detail/bool__struct.hpp
[20.088s] -- Symlinking: /home/ubuntu/microros_ws/install/std_msgs/include/std_msgs/std_msgs/msg/detail/bool__traits.hpp
[20.135s] -- Symlinking: /home/ubuntu/microros_ws/install/std_msgs/include/std_msgs/std_msgs/msg/detail/byte__builder.hpp
[20.189s] -- Symlinking: /home/ubuntu/microros_ws/install/std_msgs/include/std_msgs/std_msgs/msg/detail/byte__struct.hpp
[20.235s] -- Symlinking: /home/ubuntu/microros_ws/install/std_msgs/include/std_msgs/std_msgs/msg/detail/byte__traits.hpp
[20.280s] -- Symlinking: /home/ubuntu/microros_ws/install/std_msgs/include/std_msgs/std_msgs/msg/detail/byte_multi_array__builder.hpp
[20.325s] -- Symlinking: /home/ubuntu/microros_ws/install/std_msgs/include/std_msgs/std_msgs/msg/detail/byte_multi_array__struct.hpp
[20.388s] -- Symlinking: /home/ubuntu/microros_ws/install/std_msgs/include/std_msgs/std_msgs/msg/detail/byte_multi_array__traits.hpp
[20.432s] -- Symlinking: /home/ubuntu/microros_ws/install/std_msgs/include/std_msgs/std_msgs/msg/detail/char__builder.hpp
[20.498s] -- Symlinking: /home/ubuntu/microros_ws/install/std_msgs/include/std_msgs/std_msgs/msg/detail/char__struct.hpp
[20.569s] -- Symlinking: /home/ubuntu/microros_ws/install/std_msgs/include/std_msgs/std_msgs/msg/detail/char__traits.hpp
[20.617s] -- Symlinking: /home/ubuntu/microros_ws/install/std_msgs/include/std_msgs/std_msgs/msg/detail/color_rgba__builder.hpp
[20.678s] -- Symlinking: /home/ubuntu/microros_ws/install/std_msgs/include/std_msgs/std_msgs/msg/detail/color_rgba__struct.hpp
[20.752s] -- Symlinking: /home/ubuntu/microros_ws/install/std_msgs/include/std_msgs/std_msgs/msg/detail/color_rgba__traits.hpp
[20.796s] -- Symlinking: /home/ubuntu/microros_ws/install/std_msgs/include/std_msgs/std_msgs/msg/detail/empty__builder.hpp
[20.862s] -- Symlinking: /home/ubuntu/microros_ws/install/std_msgs/include/std_msgs/std_msgs/msg/detail/empty__struct.hpp
[20.904s] -- Symlinking: /home/ubuntu/microros_ws/install/std_msgs/include/std_msgs/std_msgs/msg/detail/empty__traits.hpp
[20.974s] -- Symlinking: /home/ubuntu/microros_ws/install/std_msgs/include/std_msgs/std_msgs/msg/detail/float32__builder.hpp
[21.031s] -- Symlinking: /home/ubuntu/microros_ws/install/std_msgs/include/std_msgs/std_msgs/msg/detail/float32__struct.hpp
[21.100s] -- Symlinking: /home/ubuntu/microros_ws/install/std_msgs/include/std_msgs/std_msgs/msg/detail/float32__traits.hpp
[21.156s] -- Symlinking: /home/ubuntu/microros_ws/install/std_msgs/include/std_msgs/std_msgs/msg/detail/float32_multi_array__builder.hpp
[21.212s] -- Symlinking: /home/ubuntu/microros_ws/install/std_msgs/include/std_msgs/std_msgs/msg/detail/float32_multi_array__struct.hpp
[21.275s] -- Symlinking: /home/ubuntu/microros_ws/install/std_msgs/include/std_msgs/std_msgs/msg/detail/float32_multi_array__traits.hpp
[21.316s] -- Symlinking: /home/ubuntu/microros_ws/install/std_msgs/include/std_msgs/std_msgs/msg/detail/float64__builder.hpp
[21.366s] -- Symlinking: /home/ubuntu/microros_ws/install/std_msgs/include/std_msgs/std_msgs/msg/detail/float64__struct.hpp
[21.412s] -- Symlinking: /home/ubuntu/microros_ws/install/std_msgs/include/std_msgs/std_msgs/msg/detail/float64__traits.hpp
[21.483s] -- Symlinking: /home/ubuntu/microros_ws/install/std_msgs/include/std_msgs/std_msgs/msg/detail/float64_multi_array__builder.hpp
[21.557s] -- Symlinking: /home/ubuntu/microros_ws/install/std_msgs/include/std_msgs/std_msgs/msg/detail/float64_multi_array__struct.hpp
[21.608s] -- Symlinking: /home/ubuntu/microros_ws/install/std_msgs/include/std_msgs/std_msgs/msg/detail/float64_multi_array__traits.hpp
[21.653s] -- Symlinking: /home/ubuntu/microros_ws/install/std_msgs/include/std_msgs/std_msgs/msg/detail/header__builder.hpp
[21.703s] -- Symlinking: /home/ubuntu/microros_ws/install/std_msgs/include/std_msgs/std_msgs/msg/detail/header__struct.hpp
[21.751s] -- Symlinking: /home/ubuntu/microros_ws/install/std_msgs/include/std_msgs/std_msgs/msg/detail/header__traits.hpp
[21.803s] -- Symlinking: /home/ubuntu/microros_ws/install/std_msgs/include/std_msgs/std_msgs/msg/detail/int16__builder.hpp
[21.852s] -- Symlinking: /home/ubuntu/microros_ws/install/std_msgs/include/std_msgs/std_msgs/msg/detail/int16__struct.hpp
[21.905s] -- Symlinking: /home/ubuntu/microros_ws/install/std_msgs/include/std_msgs/std_msgs/msg/detail/int16__traits.hpp
[21.956s] -- Symlinking: /home/ubuntu/microros_ws/install/std_msgs/include/std_msgs/std_msgs/msg/detail/int16_multi_array__builder.hpp
[22.008s] -- Symlinking: /home/ubuntu/microros_ws/install/std_msgs/include/std_msgs/std_msgs/msg/detail/int16_multi_array__struct.hpp
[22.053s] -- Symlinking: /home/ubuntu/microros_ws/install/std_msgs/include/std_msgs/std_msgs/msg/detail/int16_multi_array__traits.hpp
[22.099s] -- Symlinking: /home/ubuntu/microros_ws/install/std_msgs/include/std_msgs/std_msgs/msg/detail/int32__builder.hpp
[22.151s] -- Symlinking: /home/ubuntu/microros_ws/install/std_msgs/include/std_msgs/std_msgs/msg/detail/int32__struct.hpp
[22.207s] -- Symlinking: /home/ubuntu/microros_ws/install/std_msgs/include/std_msgs/std_msgs/msg/detail/int32__traits.hpp
[22.272s] -- Symlinking: /home/ubuntu/microros_ws/install/std_msgs/include/std_msgs/std_msgs/msg/detail/int32_multi_array__builder.hpp
[22.327s] -- Symlinking: /home/ubuntu/microros_ws/install/std_msgs/include/std_msgs/std_msgs/msg/detail/int32_multi_array__struct.hpp
[22.401s] -- Symlinking: /home/ubuntu/microros_ws/install/std_msgs/include/std_msgs/std_msgs/msg/detail/int32_multi_array__traits.hpp
[22.450s] -- Symlinking: /home/ubuntu/microros_ws/install/std_msgs/include/std_msgs/std_msgs/msg/detail/int64__builder.hpp
[22.508s] -- Symlinking: /home/ubuntu/microros_ws/install/std_msgs/include/std_msgs/std_msgs/msg/detail/int64__struct.hpp
[22.590s] -- Symlinking: /home/ubuntu/microros_ws/install/std_msgs/include/std_msgs/std_msgs/msg/detail/int64__traits.hpp
[22.640s] -- Symlinking: /home/ubuntu/microros_ws/install/std_msgs/include/std_msgs/std_msgs/msg/detail/int64_multi_array__builder.hpp
[22.693s] -- Symlinking: /home/ubuntu/microros_ws/install/std_msgs/include/std_msgs/std_msgs/msg/detail/int64_multi_array__struct.hpp
[22.751s] -- Symlinking: /home/ubuntu/microros_ws/install/std_msgs/include/std_msgs/std_msgs/msg/detail/int64_multi_array__traits.hpp
[22.815s] -- Symlinking: /home/ubuntu/microros_ws/install/std_msgs/include/std_msgs/std_msgs/msg/detail/int8__builder.hpp
[22.878s] -- Symlinking: /home/ubuntu/microros_ws/install/std_msgs/include/std_msgs/std_msgs/msg/detail/int8__struct.hpp
[22.925s] -- Symlinking: /home/ubuntu/microros_ws/install/std_msgs/include/std_msgs/std_msgs/msg/detail/int8__traits.hpp
[22.975s] -- Symlinking: /home/ubuntu/microros_ws/install/std_msgs/include/std_msgs/std_msgs/msg/detail/int8_multi_array__builder.hpp
[23.019s] -- Symlinking: /home/ubuntu/microros_ws/install/std_msgs/include/std_msgs/std_msgs/msg/detail/int8_multi_array__struct.hpp
[23.067s] -- Symlinking: /home/ubuntu/microros_ws/install/std_msgs/include/std_msgs/std_msgs/msg/detail/int8_multi_array__traits.hpp
[23.113s] -- Symlinking: /home/ubuntu/microros_ws/install/std_msgs/include/std_msgs/std_msgs/msg/detail/multi_array_dimension__builder.hpp
[23.163s] -- Symlinking: /home/ubuntu/microros_ws/install/std_msgs/include/std_msgs/std_msgs/msg/detail/multi_array_dimension__struct.hpp
[23.212s] -- Symlinking: /home/ubuntu/microros_ws/install/std_msgs/include/std_msgs/std_msgs/msg/detail/multi_array_dimension__traits.hpp
[23.276s] -- Symlinking: /home/ubuntu/microros_ws/install/std_msgs/include/std_msgs/std_msgs/msg/detail/multi_array_layout__builder.hpp
[23.318s] -- Symlinking: /home/ubuntu/microros_ws/install/std_msgs/include/std_msgs/std_msgs/msg/detail/multi_array_layout__struct.hpp
[23.378s] -- Symlinking: /home/ubuntu/microros_ws/install/std_msgs/include/std_msgs/std_msgs/msg/detail/multi_array_layout__traits.hpp
[23.428s] -- Symlinking: /home/ubuntu/microros_ws/install/std_msgs/include/std_msgs/std_msgs/msg/detail/string__builder.hpp
[23.505s] -- Symlinking: /home/ubuntu/microros_ws/install/std_msgs/include/std_msgs/std_msgs/msg/detail/string__struct.hpp
[23.552s] -- Symlinking: /home/ubuntu/microros_ws/install/std_msgs/include/std_msgs/std_msgs/msg/detail/string__traits.hpp
[23.624s] -- Symlinking: /home/ubuntu/microros_ws/install/std_msgs/include/std_msgs/std_msgs/msg/detail/u_int16__builder.hpp
[23.681s] -- Symlinking: /home/ubuntu/microros_ws/install/std_msgs/include/std_msgs/std_msgs/msg/detail/u_int16__struct.hpp
[23.746s] -- Symlinking: /home/ubuntu/microros_ws/install/std_msgs/include/std_msgs/std_msgs/msg/detail/u_int16__traits.hpp
[23.802s] -- Symlinking: /home/ubuntu/microros_ws/install/std_msgs/include/std_msgs/std_msgs/msg/detail/u_int16_multi_array__builder.hpp
[23.855s] -- Symlinking: /home/ubuntu/microros_ws/install/std_msgs/include/std_msgs/std_msgs/msg/detail/u_int16_multi_array__struct.hpp
[23.908s] -- Symlinking: /home/ubuntu/microros_ws/install/std_msgs/include/std_msgs/std_msgs/msg/detail/u_int16_multi_array__traits.hpp
[23.953s] -- Symlinking: /home/ubuntu/microros_ws/install/std_msgs/include/std_msgs/std_msgs/msg/detail/u_int32__builder.hpp
[24.013s] -- Symlinking: /home/ubuntu/microros_ws/install/std_msgs/include/std_msgs/std_msgs/msg/detail/u_int32__struct.hpp
[24.092s] -- Symlinking: /home/ubuntu/microros_ws/install/std_msgs/include/std_msgs/std_msgs/msg/detail/u_int32__traits.hpp
[24.135s] -- Symlinking: /home/ubuntu/microros_ws/install/std_msgs/include/std_msgs/std_msgs/msg/detail/u_int32_multi_array__builder.hpp
[24.201s] -- Symlinking: /home/ubuntu/microros_ws/install/std_msgs/include/std_msgs/std_msgs/msg/detail/u_int32_multi_array__struct.hpp
[24.244s] -- Symlinking: /home/ubuntu/microros_ws/install/std_msgs/include/std_msgs/std_msgs/msg/detail/u_int32_multi_array__traits.hpp
[24.298s] -- Symlinking: /home/ubuntu/microros_ws/install/std_msgs/include/std_msgs/std_msgs/msg/detail/u_int64__builder.hpp
[24.349s] -- Symlinking: /home/ubuntu/microros_ws/install/std_msgs/include/std_msgs/std_msgs/msg/detail/u_int64__struct.hpp
[24.402s] -- Symlinking: /home/ubuntu/microros_ws/install/std_msgs/include/std_msgs/std_msgs/msg/detail/u_int64__traits.hpp
[24.447s] -- Symlinking: /home/ubuntu/microros_ws/install/std_msgs/include/std_msgs/std_msgs/msg/detail/u_int64_multi_array__builder.hpp
[24.507s] -- Symlinking: /home/ubuntu/microros_ws/install/std_msgs/include/std_msgs/std_msgs/msg/detail/u_int64_multi_array__struct.hpp
[24.548s] -- Symlinking: /home/ubuntu/microros_ws/install/std_msgs/include/std_msgs/std_msgs/msg/detail/u_int64_multi_array__traits.hpp
[24.600s] -- Symlinking: /home/ubuntu/microros_ws/install/std_msgs/include/std_msgs/std_msgs/msg/detail/u_int8__builder.hpp
[24.639s] -- Symlinking: /home/ubuntu/microros_ws/install/std_msgs/include/std_msgs/std_msgs/msg/detail/u_int8__struct.hpp
[24.696s] -- Symlinking: /home/ubuntu/microros_ws/install/std_msgs/include/std_msgs/std_msgs/msg/detail/u_int8__traits.hpp
[24.738s] -- Symlinking: /home/ubuntu/microros_ws/install/std_msgs/include/std_msgs/std_msgs/msg/detail/u_int8_multi_array__builder.hpp
[24.792s] -- Symlinking: /home/ubuntu/microros_ws/install/std_msgs/include/std_msgs/std_msgs/msg/detail/u_int8_multi_array__struct.hpp
[24.835s] -- Symlinking: /home/ubuntu/microros_ws/install/std_msgs/include/std_msgs/std_msgs/msg/detail/u_int8_multi_array__traits.hpp
[24.895s] -- Symlinking: /home/ubuntu/microros_ws/install/std_msgs/include/std_msgs/std_msgs/msg/empty.hpp
[24.935s] -- Symlinking: /home/ubuntu/microros_ws/install/std_msgs/include/std_msgs/std_msgs/msg/float32.hpp
[24.989s] -- Symlinking: /home/ubuntu/microros_ws/install/std_msgs/include/std_msgs/std_msgs/msg/float32_multi_array.hpp
[25.033s] -- Symlinking: /home/ubuntu/microros_ws/install/std_msgs/include/std_msgs/std_msgs/msg/float64.hpp
[25.078s] -- Symlinking: /home/ubuntu/microros_ws/install/std_msgs/include/std_msgs/std_msgs/msg/float64_multi_array.hpp
[25.120s] -- Symlinking: /home/ubuntu/microros_ws/install/std_msgs/include/std_msgs/std_msgs/msg/header.hpp
[25.188s] -- Symlinking: /home/ubuntu/microros_ws/install/std_msgs/include/std_msgs/std_msgs/msg/int16.hpp
[25.228s] -- Symlinking: /home/ubuntu/microros_ws/install/std_msgs/include/std_msgs/std_msgs/msg/int16_multi_array.hpp
[25.300s] -- Symlinking: /home/ubuntu/microros_ws/install/std_msgs/include/std_msgs/std_msgs/msg/int32.hpp
[25.377s] -- Symlinking: /home/ubuntu/microros_ws/install/std_msgs/include/std_msgs/std_msgs/msg/int32_multi_array.hpp
[25.422s] -- Symlinking: /home/ubuntu/microros_ws/install/std_msgs/include/std_msgs/std_msgs/msg/int64.hpp
[25.493s] -- Symlinking: /home/ubuntu/microros_ws/install/std_msgs/include/std_msgs/std_msgs/msg/int64_multi_array.hpp
[25.550s] -- Symlinking: /home/ubuntu/microros_ws/install/std_msgs/include/std_msgs/std_msgs/msg/int8.hpp
[25.594s] -- Symlinking: /home/ubuntu/microros_ws/install/std_msgs/include/std_msgs/std_msgs/msg/int8_multi_array.hpp
[25.643s] -- Symlinking: /home/ubuntu/microros_ws/install/std_msgs/include/std_msgs/std_msgs/msg/multi_array_dimension.hpp
[25.694s] -- Symlinking: /home/ubuntu/microros_ws/install/std_msgs/include/std_msgs/std_msgs/msg/multi_array_layout.hpp
[25.745s] -- Symlinking: /home/ubuntu/microros_ws/install/std_msgs/include/std_msgs/std_msgs/msg/string.hpp
[25.797s] -- Symlinking: /home/ubuntu/microros_ws/install/std_msgs/include/std_msgs/std_msgs/msg/u_int16.hpp
[25.845s] -- Symlinking: /home/ubuntu/microros_ws/install/std_msgs/include/std_msgs/std_msgs/msg/u_int16_multi_array.hpp
[25.896s] -- Symlinking: /home/ubuntu/microros_ws/install/std_msgs/include/std_msgs/std_msgs/msg/u_int32.hpp
[25.948s] -- Symlinking: /home/ubuntu/microros_ws/install/std_msgs/include/std_msgs/std_msgs/msg/u_int32_multi_array.hpp
[25.997s] -- Symlinking: /home/ubuntu/microros_ws/install/std_msgs/include/std_msgs/std_msgs/msg/u_int64.hpp
[26.047s] -- Symlinking: /home/ubuntu/microros_ws/install/std_msgs/include/std_msgs/std_msgs/msg/u_int64_multi_array.hpp
[26.116s] -- Symlinking: /home/ubuntu/microros_ws/install/std_msgs/include/std_msgs/std_msgs/msg/u_int8.hpp
[26.163s] -- Symlinking: /home/ubuntu/microros_ws/install/std_msgs/include/std_msgs/std_msgs/msg/u_int8_multi_array.hpp
[26.227s] -- Symlinking: /home/ubuntu/microros_ws/install/std_msgs/include/std_msgs/std_msgs/msg/detail/bool__rosidl_typesupport_fastrtps_cpp.hpp
[26.275s] -- Symlinking: /home/ubuntu/microros_ws/install/std_msgs/include/std_msgs/std_msgs/msg/detail/byte__rosidl_typesupport_fastrtps_cpp.hpp
[26.329s] -- Symlinking: /home/ubuntu/microros_ws/install/std_msgs/include/std_msgs/std_msgs/msg/detail/byte_multi_array__rosidl_typesupport_fastrtps_cpp.hpp
[26.390s] -- Symlinking: /home/ubuntu/microros_ws/install/std_msgs/include/std_msgs/std_msgs/msg/detail/char__rosidl_typesupport_fastrtps_cpp.hpp
[26.442s] -- Symlinking: /home/ubuntu/microros_ws/install/std_msgs/include/std_msgs/std_msgs/msg/detail/color_rgba__rosidl_typesupport_fastrtps_cpp.hpp
[26.499s] -- Symlinking: /home/ubuntu/microros_ws/install/std_msgs/include/std_msgs/std_msgs/msg/detail/empty__rosidl_typesupport_fastrtps_cpp.hpp
[26.552s] -- Symlinking: /home/ubuntu/microros_ws/install/std_msgs/include/std_msgs/std_msgs/msg/detail/float32__rosidl_typesupport_fastrtps_cpp.hpp
[26.625s] -- Symlinking: /home/ubuntu/microros_ws/install/std_msgs/include/std_msgs/std_msgs/msg/detail/float32_multi_array__rosidl_typesupport_fastrtps_cpp.hpp
[26.694s] -- Symlinking: /home/ubuntu/microros_ws/install/std_msgs/include/std_msgs/std_msgs/msg/detail/float64__rosidl_typesupport_fastrtps_cpp.hpp
[26.741s] -- Symlinking: /home/ubuntu/microros_ws/install/std_msgs/include/std_msgs/std_msgs/msg/detail/float64_multi_array__rosidl_typesupport_fastrtps_cpp.hpp
[26.786s] -- Symlinking: /home/ubuntu/microros_ws/install/std_msgs/include/std_msgs/std_msgs/msg/detail/header__rosidl_typesupport_fastrtps_cpp.hpp
[26.834s] -- Symlinking: /home/ubuntu/microros_ws/install/std_msgs/include/std_msgs/std_msgs/msg/detail/int16__rosidl_typesupport_fastrtps_cpp.hpp
[26.901s] -- Symlinking: /home/ubuntu/microros_ws/install/std_msgs/include/std_msgs/std_msgs/msg/detail/int16_multi_array__rosidl_typesupport_fastrtps_cpp.hpp
[26.952s] -- Symlinking: /home/ubuntu/microros_ws/install/std_msgs/include/std_msgs/std_msgs/msg/detail/int32__rosidl_typesupport_fastrtps_cpp.hpp
[26.998s] -- Symlinking: /home/ubuntu/microros_ws/install/std_msgs/include/std_msgs/std_msgs/msg/detail/int32_multi_array__rosidl_typesupport_fastrtps_cpp.hpp
[27.041s] -- Symlinking: /home/ubuntu/microros_ws/install/std_msgs/include/std_msgs/std_msgs/msg/detail/int64__rosidl_typesupport_fastrtps_cpp.hpp
[27.090s] -- Symlinking: /home/ubuntu/microros_ws/install/std_msgs/include/std_msgs/std_msgs/msg/detail/int64_multi_array__rosidl_typesupport_fastrtps_cpp.hpp
[27.139s] -- Symlinking: /home/ubuntu/microros_ws/install/std_msgs/include/std_msgs/std_msgs/msg/detail/int8__rosidl_typesupport_fastrtps_cpp.hpp
[27.198s] -- Symlinking: /home/ubuntu/microros_ws/install/std_msgs/include/std_msgs/std_msgs/msg/detail/int8_multi_array__rosidl_typesupport_fastrtps_cpp.hpp
[27.247s] -- Symlinking: /home/ubuntu/microros_ws/install/std_msgs/include/std_msgs/std_msgs/msg/detail/multi_array_dimension__rosidl_typesupport_fastrtps_cpp.hpp
[27.298s] -- Symlinking: /home/ubuntu/microros_ws/install/std_msgs/include/std_msgs/std_msgs/msg/detail/multi_array_layout__rosidl_typesupport_fastrtps_cpp.hpp
[27.350s] -- Symlinking: /home/ubuntu/microros_ws/install/std_msgs/include/std_msgs/std_msgs/msg/detail/string__rosidl_typesupport_fastrtps_cpp.hpp
[27.401s] -- Symlinking: /home/ubuntu/microros_ws/install/std_msgs/include/std_msgs/std_msgs/msg/detail/u_int16__rosidl_typesupport_fastrtps_cpp.hpp
[27.445s] -- Symlinking: /home/ubuntu/microros_ws/install/std_msgs/include/std_msgs/std_msgs/msg/detail/u_int16_multi_array__rosidl_typesupport_fastrtps_cpp.hpp
[27.503s] -- Symlinking: /home/ubuntu/microros_ws/install/std_msgs/include/std_msgs/std_msgs/msg/detail/u_int32__rosidl_typesupport_fastrtps_cpp.hpp
[27.556s] -- Symlinking: /home/ubuntu/microros_ws/install/std_msgs/include/std_msgs/std_msgs/msg/detail/u_int32_multi_array__rosidl_typesupport_fastrtps_cpp.hpp
[27.602s] -- Symlinking: /home/ubuntu/microros_ws/install/std_msgs/include/std_msgs/std_msgs/msg/detail/u_int64__rosidl_typesupport_fastrtps_cpp.hpp
[27.662s] -- Symlinking: /home/ubuntu/microros_ws/install/std_msgs/include/std_msgs/std_msgs/msg/detail/u_int64_multi_array__rosidl_typesupport_fastrtps_cpp.hpp
[27.723s] -- Symlinking: /home/ubuntu/microros_ws/install/std_msgs/include/std_msgs/std_msgs/msg/detail/u_int8__rosidl_typesupport_fastrtps_cpp.hpp
[27.789s] -- Symlinking: /home/ubuntu/microros_ws/install/std_msgs/include/std_msgs/std_msgs/msg/detail/u_int8_multi_array__rosidl_typesupport_fastrtps_cpp.hpp
[27.883s] -- Symlinking: /home/ubuntu/microros_ws/install/std_msgs/include/std_msgs/std_msgs/msg/rosidl_typesupport_fastrtps_cpp__visibility_control.h
[27.954s] -- Symlinking: /home/ubuntu/microros_ws/install/std_msgs/include/std_msgs/std_msgs/msg/detail/bool__rosidl_typesupport_introspection_c.h
[27.999s] -- Symlinking: /home/ubuntu/microros_ws/install/std_msgs/include/std_msgs/std_msgs/msg/detail/byte__rosidl_typesupport_introspection_c.h
[28.051s] -- Symlinking: /home/ubuntu/microros_ws/install/std_msgs/include/std_msgs/std_msgs/msg/detail/byte_multi_array__rosidl_typesupport_introspection_c.h
[28.104s] -- Symlinking: /home/ubuntu/microros_ws/install/std_msgs/include/std_msgs/std_msgs/msg/detail/char__rosidl_typesupport_introspection_c.h
[28.151s] -- Symlinking: /home/ubuntu/microros_ws/install/std_msgs/include/std_msgs/std_msgs/msg/detail/color_rgba__rosidl_typesupport_introspection_c.h
[28.200s] -- Symlinking: /home/ubuntu/microros_ws/install/std_msgs/include/std_msgs/std_msgs/msg/detail/empty__rosidl_typesupport_introspection_c.h
[28.241s] -- Symlinking: /home/ubuntu/microros_ws/install/std_msgs/include/std_msgs/std_msgs/msg/detail/float32__rosidl_typesupport_introspection_c.h
[28.317s] -- Symlinking: /home/ubuntu/microros_ws/install/std_msgs/include/std_msgs/std_msgs/msg/detail/float32_multi_array__rosidl_typesupport_introspection_c.h
[28.361s] -- Symlinking: /home/ubuntu/microros_ws/install/std_msgs/include/std_msgs/std_msgs/msg/detail/float64__rosidl_typesupport_introspection_c.h
[28.417s] -- Symlinking: /home/ubuntu/microros_ws/install/std_msgs/include/std_msgs/std_msgs/msg/detail/float64_multi_array__rosidl_typesupport_introspection_c.h
[28.467s] -- Symlinking: /home/ubuntu/microros_ws/install/std_msgs/include/std_msgs/std_msgs/msg/detail/header__rosidl_typesupport_introspection_c.h
[28.517s] -- Symlinking: /home/ubuntu/microros_ws/install/std_msgs/include/std_msgs/std_msgs/msg/detail/int16__rosidl_typesupport_introspection_c.h
[28.576s] -- Symlinking: /home/ubuntu/microros_ws/install/std_msgs/include/std_msgs/std_msgs/msg/detail/int16_multi_array__rosidl_typesupport_introspection_c.h
[28.670s] -- Symlinking: /home/ubuntu/microros_ws/install/std_msgs/include/std_msgs/std_msgs/msg/detail/int32__rosidl_typesupport_introspection_c.h
[28.725s] -- Symlinking: /home/ubuntu/microros_ws/install/std_msgs/include/std_msgs/std_msgs/msg/detail/int32_multi_array__rosidl_typesupport_introspection_c.h
[28.786s] -- Symlinking: /home/ubuntu/microros_ws/install/std_msgs/include/std_msgs/std_msgs/msg/detail/int64__rosidl_typesupport_introspection_c.h
[28.830s] -- Symlinking: /home/ubuntu/microros_ws/install/std_msgs/include/std_msgs/std_msgs/msg/detail/int64_multi_array__rosidl_typesupport_introspection_c.h
[28.872s] -- Symlinking: /home/ubuntu/microros_ws/install/std_msgs/include/std_msgs/std_msgs/msg/detail/int8__rosidl_typesupport_introspection_c.h
[28.930s] -- Symlinking: /home/ubuntu/microros_ws/install/std_msgs/include/std_msgs/std_msgs/msg/detail/int8_multi_array__rosidl_typesupport_introspection_c.h
[28.995s] -- Symlinking: /home/ubuntu/microros_ws/install/std_msgs/include/std_msgs/std_msgs/msg/detail/multi_array_dimension__rosidl_typesupport_introspection_c.h
[29.036s] -- Symlinking: /home/ubuntu/microros_ws/install/std_msgs/include/std_msgs/std_msgs/msg/detail/multi_array_layout__rosidl_typesupport_introspection_c.h
[29.108s] -- Symlinking: /home/ubuntu/microros_ws/install/std_msgs/include/std_msgs/std_msgs/msg/detail/string__rosidl_typesupport_introspection_c.h
[29.149s] -- Symlinking: /home/ubuntu/microros_ws/install/std_msgs/include/std_msgs/std_msgs/msg/detail/u_int16__rosidl_typesupport_introspection_c.h
[29.208s] -- Symlinking: /home/ubuntu/microros_ws/install/std_msgs/include/std_msgs/std_msgs/msg/detail/u_int16_multi_array__rosidl_typesupport_introspection_c.h
[29.247s] -- Symlinking: /home/ubuntu/microros_ws/install/std_msgs/include/std_msgs/std_msgs/msg/detail/u_int32__rosidl_typesupport_introspection_c.h
[29.289s] -- Symlinking: /home/ubuntu/microros_ws/install/std_msgs/include/std_msgs/std_msgs/msg/detail/u_int32_multi_array__rosidl_typesupport_introspection_c.h
[29.333s] -- Symlinking: /home/ubuntu/microros_ws/install/std_msgs/include/std_msgs/std_msgs/msg/detail/u_int64__rosidl_typesupport_introspection_c.h
[29.377s] -- Symlinking: /home/ubuntu/microros_ws/install/std_msgs/include/std_msgs/std_msgs/msg/detail/u_int64_multi_array__rosidl_typesupport_introspection_c.h
[29.422s] -- Symlinking: /home/ubuntu/microros_ws/install/std_msgs/include/std_msgs/std_msgs/msg/detail/u_int8__rosidl_typesupport_introspection_c.h
[29.463s] -- Symlinking: /home/ubuntu/microros_ws/install/std_msgs/include/std_msgs/std_msgs/msg/detail/u_int8_multi_array__rosidl_typesupport_introspection_c.h
[29.512s] -- Symlinking: /home/ubuntu/microros_ws/install/std_msgs/include/std_msgs/std_msgs/msg/rosidl_typesupport_introspection_c__visibility_control.h
[29.562s] -- Symlinking: /home/ubuntu/microros_ws/install/std_msgs/include/std_msgs/std_msgs/msg/detail/bool__rosidl_typesupport_introspection_cpp.hpp
[29.632s] -- Symlinking: /home/ubuntu/microros_ws/install/std_msgs/include/std_msgs/std_msgs/msg/detail/byte__rosidl_typesupport_introspection_cpp.hpp
[29.675s] -- Symlinking: /home/ubuntu/microros_ws/install/std_msgs/include/std_msgs/std_msgs/msg/detail/byte_multi_array__rosidl_typesupport_introspection_cpp.hpp
[29.720s] -- Symlinking: /home/ubuntu/microros_ws/install/std_msgs/include/std_msgs/std_msgs/msg/detail/char__rosidl_typesupport_introspection_cpp.hpp
[29.763s] -- Symlinking: /home/ubuntu/microros_ws/install/std_msgs/include/std_msgs/std_msgs/msg/detail/color_rgba__rosidl_typesupport_introspection_cpp.hpp
[29.817s] -- Symlinking: /home/ubuntu/microros_ws/install/std_msgs/include/std_msgs/std_msgs/msg/detail/empty__rosidl_typesupport_introspection_cpp.hpp
[29.858s] -- Symlinking: /home/ubuntu/microros_ws/install/std_msgs/include/std_msgs/std_msgs/msg/detail/float32__rosidl_typesupport_introspection_cpp.hpp
[29.906s] -- Symlinking: /home/ubuntu/microros_ws/install/std_msgs/include/std_msgs/std_msgs/msg/detail/float32_multi_array__rosidl_typesupport_introspection_cpp.hpp
[29.955s] -- Symlinking: /home/ubuntu/microros_ws/install/std_msgs/include/std_msgs/std_msgs/msg/detail/float64__rosidl_typesupport_introspection_cpp.hpp
[30.003s] -- Symlinking: /home/ubuntu/microros_ws/install/std_msgs/include/std_msgs/std_msgs/msg/detail/float64_multi_array__rosidl_typesupport_introspection_cpp.hpp
[30.046s] -- Symlinking: /home/ubuntu/microros_ws/install/std_msgs/include/std_msgs/std_msgs/msg/detail/header__rosidl_typesupport_introspection_cpp.hpp
[30.125s] -- Symlinking: /home/ubuntu/microros_ws/install/std_msgs/include/std_msgs/std_msgs/msg/detail/int16__rosidl_typesupport_introspection_cpp.hpp
[30.196s] -- Symlinking: /home/ubuntu/microros_ws/install/std_msgs/include/std_msgs/std_msgs/msg/detail/int16_multi_array__rosidl_typesupport_introspection_cpp.hpp
[30.252s] -- Symlinking: /home/ubuntu/microros_ws/install/std_msgs/include/std_msgs/std_msgs/msg/detail/int32__rosidl_typesupport_introspection_cpp.hpp
[30.298s] -- Symlinking: /home/ubuntu/microros_ws/install/std_msgs/include/std_msgs/std_msgs/msg/detail/int32_multi_array__rosidl_typesupport_introspection_cpp.hpp
[30.342s] -- Symlinking: /home/ubuntu/microros_ws/install/std_msgs/include/std_msgs/std_msgs/msg/detail/int64__rosidl_typesupport_introspection_cpp.hpp
[30.393s] -- Symlinking: /home/ubuntu/microros_ws/install/std_msgs/include/std_msgs/std_msgs/msg/detail/int64_multi_array__rosidl_typesupport_introspection_cpp.hpp
[30.432s] -- Symlinking: /home/ubuntu/microros_ws/install/std_msgs/include/std_msgs/std_msgs/msg/detail/int8__rosidl_typesupport_introspection_cpp.hpp
[30.478s] -- Symlinking: /home/ubuntu/microros_ws/install/std_msgs/include/std_msgs/std_msgs/msg/detail/int8_multi_array__rosidl_typesupport_introspection_cpp.hpp
[30.526s] -- Symlinking: /home/ubuntu/microros_ws/install/std_msgs/include/std_msgs/std_msgs/msg/detail/multi_array_dimension__rosidl_typesupport_introspection_cpp.hpp
[30.573s] -- Symlinking: /home/ubuntu/microros_ws/install/std_msgs/include/std_msgs/std_msgs/msg/detail/multi_array_layout__rosidl_typesupport_introspection_cpp.hpp
[30.627s] -- Symlinking: /home/ubuntu/microros_ws/install/std_msgs/include/std_msgs/std_msgs/msg/detail/string__rosidl_typesupport_introspection_cpp.hpp
[30.667s] -- Symlinking: /home/ubuntu/microros_ws/install/std_msgs/include/std_msgs/std_msgs/msg/detail/u_int16__rosidl_typesupport_introspection_cpp.hpp
[30.716s] -- Symlinking: /home/ubuntu/microros_ws/install/std_msgs/include/std_msgs/std_msgs/msg/detail/u_int16_multi_array__rosidl_typesupport_introspection_cpp.hpp
[30.759s] -- Symlinking: /home/ubuntu/microros_ws/install/std_msgs/include/std_msgs/std_msgs/msg/detail/u_int32__rosidl_typesupport_introspection_cpp.hpp
[30.804s] -- Symlinking: /home/ubuntu/microros_ws/install/std_msgs/include/std_msgs/std_msgs/msg/detail/u_int32_multi_array__rosidl_typesupport_introspection_cpp.hpp
[30.844s] -- Symlinking: /home/ubuntu/microros_ws/install/std_msgs/include/std_msgs/std_msgs/msg/detail/u_int64__rosidl_typesupport_introspection_cpp.hpp
[30.891s] -- Symlinking: /home/ubuntu/microros_ws/install/std_msgs/include/std_msgs/std_msgs/msg/detail/u_int64_multi_array__rosidl_typesupport_introspection_cpp.hpp
[30.931s] -- Symlinking: /home/ubuntu/microros_ws/install/std_msgs/include/std_msgs/std_msgs/msg/detail/u_int8__rosidl_typesupport_introspection_cpp.hpp
[30.976s] -- Symlinking: /home/ubuntu/microros_ws/install/std_msgs/include/std_msgs/std_msgs/msg/detail/u_int8_multi_array__rosidl_typesupport_introspection_cpp.hpp
[31.019s] -- Symlinking: /home/ubuntu/microros_ws/install/std_msgs/share/std_msgs/environment/pythonpath.sh
[31.061s] -- Symlinking: /home/ubuntu/microros_ws/install/std_msgs/share/std_msgs/environment/pythonpath.dsv
[31.109s] -- Symlinking: /home/ubuntu/microros_ws/install/std_msgs/local/lib/python3.10/dist-packages/std_msgs-4.2.4-py3.10.egg-info/PKG-INFO
[31.151s] -- Symlinking: /home/ubuntu/microros_ws/install/std_msgs/local/lib/python3.10/dist-packages/std_msgs-4.2.4-py3.10.egg-info/SOURCES.txt
[31.198s] -- Symlinking: /home/ubuntu/microros_ws/install/std_msgs/local/lib/python3.10/dist-packages/std_msgs-4.2.4-py3.10.egg-info/dependency_links.txt
[31.244s] -- Symlinking: /home/ubuntu/microros_ws/install/std_msgs/local/lib/python3.10/dist-packages/std_msgs-4.2.4-py3.10.egg-info/top_level.txt
[31.310s] -- Symlinking: /home/ubuntu/microros_ws/install/std_msgs/local/lib/python3.10/dist-packages/std_msgs/__init__.py
[31.366s] -- Symlinking: /home/ubuntu/microros_ws/install/std_msgs/local/lib/python3.10/dist-packages/std_msgs/_std_msgs_s.ep.rosidl_typesupport_c.c
[31.422s] -- Symlinking: /home/ubuntu/microros_ws/install/std_msgs/local/lib/python3.10/dist-packages/std_msgs/_std_msgs_s.ep.rosidl_typesupport_fastrtps_c.c
[31.463s] -- Symlinking: /home/ubuntu/microros_ws/install/std_msgs/local/lib/python3.10/dist-packages/std_msgs/_std_msgs_s.ep.rosidl_typesupport_introspection_c.c
[31.512s] -- Symlinking: /home/ubuntu/microros_ws/install/std_msgs/local/lib/python3.10/dist-packages/std_msgs/_std_msgs_s.ep.rosidl_typesupport_microxrcedds_c.c
[31.555s] -- Symlinking: /home/ubuntu/microros_ws/install/std_msgs/local/lib/python3.10/dist-packages/std_msgs/libstd_msgs__rosidl_generator_py.so
[31.600s] -- Symlinking: /home/ubuntu/microros_ws/install/std_msgs/local/lib/python3.10/dist-packages/std_msgs/msg/__init__.py
[31.647s] -- Symlinking: /home/ubuntu/microros_ws/install/std_msgs/local/lib/python3.10/dist-packages/std_msgs/msg/_bool.py
[31.700s] -- Symlinking: /home/ubuntu/microros_ws/install/std_msgs/local/lib/python3.10/dist-packages/std_msgs/msg/_bool_s.c
[31.739s] -- Symlinking: /home/ubuntu/microros_ws/install/std_msgs/local/lib/python3.10/dist-packages/std_msgs/msg/_byte.py
[31.781s] -- Symlinking: /home/ubuntu/microros_ws/install/std_msgs/local/lib/python3.10/dist-packages/std_msgs/msg/_byte_multi_array.py
[31.845s] -- Symlinking: /home/ubuntu/microros_ws/install/std_msgs/local/lib/python3.10/dist-packages/std_msgs/msg/_byte_multi_array_s.c
[31.891s] -- Symlinking: /home/ubuntu/microros_ws/install/std_msgs/local/lib/python3.10/dist-packages/std_msgs/msg/_byte_s.c
[31.936s] -- Symlinking: /home/ubuntu/microros_ws/install/std_msgs/local/lib/python3.10/dist-packages/std_msgs/msg/_char.py
[31.984s] -- Symlinking: /home/ubuntu/microros_ws/install/std_msgs/local/lib/python3.10/dist-packages/std_msgs/msg/_char_s.c
[32.043s] -- Symlinking: /home/ubuntu/microros_ws/install/std_msgs/local/lib/python3.10/dist-packages/std_msgs/msg/_color_rgba.py
[32.096s] -- Symlinking: /home/ubuntu/microros_ws/install/std_msgs/local/lib/python3.10/dist-packages/std_msgs/msg/_color_rgba_s.c
[32.170s] -- Symlinking: /home/ubuntu/microros_ws/install/std_msgs/local/lib/python3.10/dist-packages/std_msgs/msg/_empty.py
[32.225s] -- Symlinking: /home/ubuntu/microros_ws/install/std_msgs/local/lib/python3.10/dist-packages/std_msgs/msg/_empty_s.c
[32.293s] -- Symlinking: /home/ubuntu/microros_ws/install/std_msgs/local/lib/python3.10/dist-packages/std_msgs/msg/_float32.py
[32.350s] -- Symlinking: /home/ubuntu/microros_ws/install/std_msgs/local/lib/python3.10/dist-packages/std_msgs/msg/_float32_multi_array.py
[32.400s] -- Symlinking: /home/ubuntu/microros_ws/install/std_msgs/local/lib/python3.10/dist-packages/std_msgs/msg/_float32_multi_array_s.c
[32.455s] -- Symlinking: /home/ubuntu/microros_ws/install/std_msgs/local/lib/python3.10/dist-packages/std_msgs/msg/_float32_s.c
[32.496s] -- Symlinking: /home/ubuntu/microros_ws/install/std_msgs/local/lib/python3.10/dist-packages/std_msgs/msg/_float64.py
[32.575s] -- Symlinking: /home/ubuntu/microros_ws/install/std_msgs/local/lib/python3.10/dist-packages/std_msgs/msg/_float64_multi_array.py
[32.661s] -- Symlinking: /home/ubuntu/microros_ws/install/std_msgs/local/lib/python3.10/dist-packages/std_msgs/msg/_float64_multi_array_s.c
[32.748s] -- Symlinking: /home/ubuntu/microros_ws/install/std_msgs/local/lib/python3.10/dist-packages/std_msgs/msg/_float64_s.c
[32.803s] -- Symlinking: /home/ubuntu/microros_ws/install/std_msgs/local/lib/python3.10/dist-packages/std_msgs/msg/_header.py
[32.851s] -- Symlinking: /home/ubuntu/microros_ws/install/std_msgs/local/lib/python3.10/dist-packages/std_msgs/msg/_header_s.c
[32.934s] -- Symlinking: /home/ubuntu/microros_ws/install/std_msgs/local/lib/python3.10/dist-packages/std_msgs/msg/_int16.py
[32.975s] -- Symlinking: /home/ubuntu/microros_ws/install/std_msgs/local/lib/python3.10/dist-packages/std_msgs/msg/_int16_multi_array.py
[33.039s] -- Symlinking: /home/ubuntu/microros_ws/install/std_msgs/local/lib/python3.10/dist-packages/std_msgs/msg/_int16_multi_array_s.c
[33.081s] -- Symlinking: /home/ubuntu/microros_ws/install/std_msgs/local/lib/python3.10/dist-packages/std_msgs/msg/_int16_s.c
[33.125s] -- Symlinking: /home/ubuntu/microros_ws/install/std_msgs/local/lib/python3.10/dist-packages/std_msgs/msg/_int32.py
[33.168s] -- Symlinking: /home/ubuntu/microros_ws/install/std_msgs/local/lib/python3.10/dist-packages/std_msgs/msg/_int32_multi_array.py
[33.210s] -- Symlinking: /home/ubuntu/microros_ws/install/std_msgs/local/lib/python3.10/dist-packages/std_msgs/msg/_int32_multi_array_s.c
[33.251s] -- Symlinking: /home/ubuntu/microros_ws/install/std_msgs/local/lib/python3.10/dist-packages/std_msgs/msg/_int32_s.c
[33.291s] -- Symlinking: /home/ubuntu/microros_ws/install/std_msgs/local/lib/python3.10/dist-packages/std_msgs/msg/_int64.py
[33.343s] -- Symlinking: /home/ubuntu/microros_ws/install/std_msgs/local/lib/python3.10/dist-packages/std_msgs/msg/_int64_multi_array.py
[33.395s] -- Symlinking: /home/ubuntu/microros_ws/install/std_msgs/local/lib/python3.10/dist-packages/std_msgs/msg/_int64_multi_array_s.c
[33.479s] -- Symlinking: /home/ubuntu/microros_ws/install/std_msgs/local/lib/python3.10/dist-packages/std_msgs/msg/_int64_s.c
[33.571s] -- Symlinking: /home/ubuntu/microros_ws/install/std_msgs/local/lib/python3.10/dist-packages/std_msgs/msg/_int8.py
[33.683s] -- Symlinking: /home/ubuntu/microros_ws/install/std_msgs/local/lib/python3.10/dist-packages/std_msgs/msg/_int8_multi_array.py
[33.770s] -- Symlinking: /home/ubuntu/microros_ws/install/std_msgs/local/lib/python3.10/dist-packages/std_msgs/msg/_int8_multi_array_s.c
[33.831s] -- Symlinking: /home/ubuntu/microros_ws/install/std_msgs/local/lib/python3.10/dist-packages/std_msgs/msg/_int8_s.c
[33.878s] -- Symlinking: /home/ubuntu/microros_ws/install/std_msgs/local/lib/python3.10/dist-packages/std_msgs/msg/_multi_array_dimension.py
[33.944s] -- Symlinking: /home/ubuntu/microros_ws/install/std_msgs/local/lib/python3.10/dist-packages/std_msgs/msg/_multi_array_dimension_s.c
[33.994s] -- Symlinking: /home/ubuntu/microros_ws/install/std_msgs/local/lib/python3.10/dist-packages/std_msgs/msg/_multi_array_layout.py
[34.061s] -- Symlinking: /home/ubuntu/microros_ws/install/std_msgs/local/lib/python3.10/dist-packages/std_msgs/msg/_multi_array_layout_s.c
[34.137s] -- Symlinking: /home/ubuntu/microros_ws/install/std_msgs/local/lib/python3.10/dist-packages/std_msgs/msg/_string.py
[34.184s] -- Symlinking: /home/ubuntu/microros_ws/install/std_msgs/local/lib/python3.10/dist-packages/std_msgs/msg/_string_s.c
[34.277s] -- Symlinking: /home/ubuntu/microros_ws/install/std_msgs/local/lib/python3.10/dist-packages/std_msgs/msg/_u_int16.py
[34.379s] -- Symlinking: /home/ubuntu/microros_ws/install/std_msgs/local/lib/python3.10/dist-packages/std_msgs/msg/_u_int16_multi_array.py
[34.437s] -- Symlinking: /home/ubuntu/microros_ws/install/std_msgs/local/lib/python3.10/dist-packages/std_msgs/msg/_u_int16_multi_array_s.c
[36.570s] -- Symlinking: /home/ubuntu/microros_ws/install/std_msgs/local/lib/python3.10/dist-packages/std_msgs/msg/_u_int16_s.c
[36.611s] -- Symlinking: /home/ubuntu/microros_ws/install/std_msgs/local/lib/python3.10/dist-packages/std_msgs/msg/_u_int32.py
[36.680s] -- Symlinking: /home/ubuntu/microros_ws/install/std_msgs/local/lib/python3.10/dist-packages/std_msgs/msg/_u_int32_multi_array.py
[36.722s] -- Symlinking: /home/ubuntu/microros_ws/install/std_msgs/local/lib/python3.10/dist-packages/std_msgs/msg/_u_int32_multi_array_s.c
[36.784s] -- Symlinking: /home/ubuntu/microros_ws/install/std_msgs/local/lib/python3.10/dist-packages/std_msgs/msg/_u_int32_s.c
[36.828s] -- Symlinking: /home/ubuntu/microros_ws/install/std_msgs/local/lib/python3.10/dist-packages/std_msgs/msg/_u_int64.py
[36.885s] -- Symlinking: /home/ubuntu/microros_ws/install/std_msgs/local/lib/python3.10/dist-packages/std_msgs/msg/_u_int64_multi_array.py
[36.938s] -- Symlinking: /home/ubuntu/microros_ws/install/std_msgs/local/lib/python3.10/dist-packages/std_msgs/msg/_u_int64_multi_array_s.c
[36.987s] -- Symlinking: /home/ubuntu/microros_ws/install/std_msgs/local/lib/python3.10/dist-packages/std_msgs/msg/_u_int64_s.c
[37.059s] -- Symlinking: /home/ubuntu/microros_ws/install/std_msgs/local/lib/python3.10/dist-packages/std_msgs/msg/_u_int8.py
[37.105s] -- Symlinking: /home/ubuntu/microros_ws/install/std_msgs/local/lib/python3.10/dist-packages/std_msgs/msg/_u_int8_multi_array.py
[37.183s] -- Symlinking: /home/ubuntu/microros_ws/install/std_msgs/local/lib/python3.10/dist-packages/std_msgs/msg/_u_int8_multi_array_s.c
[37.228s] -- Symlinking: /home/ubuntu/microros_ws/install/std_msgs/local/lib/python3.10/dist-packages/std_msgs/msg/_u_int8_s.c
[37.299s] -- Symlinking: /home/ubuntu/microros_ws/install/std_msgs/local/lib/python3.10/dist-packages/std_msgs/std_msgs_s__rosidl_typesupport_c.cpython-310-aarch64-linux-gnu.so
[37.349s] -- Symlinking: /home/ubuntu/microros_ws/install/std_msgs/local/lib/python3.10/dist-packages/std_msgs/std_msgs_s__rosidl_typesupport_fastrtps_c.cpython-310-aarch64-linux-gnu.so
[37.404s] -- Symlinking: /home/ubuntu/microros_ws/install/std_msgs/local/lib/python3.10/dist-packages/std_msgs/std_msgs_s__rosidl_typesupport_introspection_c.cpython-310-aarch64-linux-gnu.so
[37.452s] -- Symlinking: /home/ubuntu/microros_ws/install/std_msgs/local/lib/python3.10/dist-packages/std_msgs/std_msgs_s__rosidl_typesupport_microxrcedds_c.cpython-310-aarch64-linux-gnu.so
[37.504s] -- Up-to-date symlink: /home/ubuntu/microros_ws/install/std_msgs/local/lib/python3.10/dist-packages/std_msgs/std_msgs_s__rosidl_typesupport_fastrtps_c.cpython-310-aarch64-linux-gnu.so
[37.508s] -- Up-to-date symlink: /home/ubuntu/microros_ws/install/std_msgs/local/lib/python3.10/dist-packages/std_msgs/std_msgs_s__rosidl_typesupport_introspection_c.cpython-310-aarch64-linux-gnu.so
[37.511s] -- Up-to-date symlink: /home/ubuntu/microros_ws/install/std_msgs/local/lib/python3.10/dist-packages/std_msgs/std_msgs_s__rosidl_typesupport_c.cpython-310-aarch64-linux-gnu.so
[37.516s] -- Symlinking: /home/ubuntu/microros_ws/install/std_msgs/share/std_msgs/msg/Bool.idl
[37.568s] -- Symlinking: /home/ubuntu/microros_ws/install/std_msgs/share/std_msgs/msg/Byte.idl
[37.619s] -- Symlinking: /home/ubuntu/microros_ws/install/std_msgs/share/std_msgs/msg/ByteMultiArray.idl
[37.686s] -- Symlinking: /home/ubuntu/microros_ws/install/std_msgs/share/std_msgs/msg/Char.idl
[37.734s] -- Symlinking: /home/ubuntu/microros_ws/install/std_msgs/share/std_msgs/msg/ColorRGBA.idl
[37.797s] -- Symlinking: /home/ubuntu/microros_ws/install/std_msgs/share/std_msgs/msg/Empty.idl
[37.852s] -- Symlinking: /home/ubuntu/microros_ws/install/std_msgs/share/std_msgs/msg/Float32.idl
[37.899s] -- Symlinking: /home/ubuntu/microros_ws/install/std_msgs/share/std_msgs/msg/Float32MultiArray.idl
[37.952s] -- Symlinking: /home/ubuntu/microros_ws/install/std_msgs/share/std_msgs/msg/Float64.idl
[38.001s] -- Symlinking: /home/ubuntu/microros_ws/install/std_msgs/share/std_msgs/msg/Float64MultiArray.idl
[38.061s] -- Symlinking: /home/ubuntu/microros_ws/install/std_msgs/share/std_msgs/msg/Header.idl
[38.107s] -- Symlinking: /home/ubuntu/microros_ws/install/std_msgs/share/std_msgs/msg/Int16.idl
[38.178s] -- Symlinking: /home/ubuntu/microros_ws/install/std_msgs/share/std_msgs/msg/Int16MultiArray.idl
[38.222s] -- Symlinking: /home/ubuntu/microros_ws/install/std_msgs/share/std_msgs/msg/Int32.idl
[38.289s] -- Symlinking: /home/ubuntu/microros_ws/install/std_msgs/share/std_msgs/msg/Int32MultiArray.idl
[38.333s] -- Symlinking: /home/ubuntu/microros_ws/install/std_msgs/share/std_msgs/msg/Int64.idl
[38.401s] -- Symlinking: /home/ubuntu/microros_ws/install/std_msgs/share/std_msgs/msg/Int64MultiArray.idl
[38.449s] -- Symlinking: /home/ubuntu/microros_ws/install/std_msgs/share/std_msgs/msg/Int8.idl
[38.513s] -- Symlinking: /home/ubuntu/microros_ws/install/std_msgs/share/std_msgs/msg/Int8MultiArray.idl
[38.576s] -- Symlinking: /home/ubuntu/microros_ws/install/std_msgs/share/std_msgs/msg/MultiArrayDimension.idl
[38.623s] -- Symlinking: /home/ubuntu/microros_ws/install/std_msgs/share/std_msgs/msg/MultiArrayLayout.idl
[38.691s] -- Symlinking: /home/ubuntu/microros_ws/install/std_msgs/share/std_msgs/msg/String.idl
[38.780s] -- Symlinking: /home/ubuntu/microros_ws/install/std_msgs/share/std_msgs/msg/UInt16.idl
[38.821s] -- Symlinking: /home/ubuntu/microros_ws/install/std_msgs/share/std_msgs/msg/UInt16MultiArray.idl
[38.879s] -- Symlinking: /home/ubuntu/microros_ws/install/std_msgs/share/std_msgs/msg/UInt32.idl
[38.923s] -- Symlinking: /home/ubuntu/microros_ws/install/std_msgs/share/std_msgs/msg/UInt32MultiArray.idl
[38.980s] -- Symlinking: /home/ubuntu/microros_ws/install/std_msgs/share/std_msgs/msg/UInt64.idl
[39.048s] -- Symlinking: /home/ubuntu/microros_ws/install/std_msgs/share/std_msgs/msg/UInt64MultiArray.idl
[39.126s] -- Symlinking: /home/ubuntu/microros_ws/install/std_msgs/share/std_msgs/msg/UInt8.idl
[39.175s] -- Symlinking: /home/ubuntu/microros_ws/install/std_msgs/share/std_msgs/msg/UInt8MultiArray.idl
[39.220s] -- Symlinking: /home/ubuntu/microros_ws/install/std_msgs/share/std_msgs/msg/Bool.msg
[39.271s] -- Symlinking: /home/ubuntu/microros_ws/install/std_msgs/share/std_msgs/msg/Byte.msg
[39.338s] -- Symlinking: /home/ubuntu/microros_ws/install/std_msgs/share/std_msgs/msg/ByteMultiArray.msg
[39.388s] -- Symlinking: /home/ubuntu/microros_ws/install/std_msgs/share/std_msgs/msg/Char.msg
[39.435s] -- Symlinking: /home/ubuntu/microros_ws/install/std_msgs/share/std_msgs/msg/ColorRGBA.msg
[39.483s] -- Symlinking: /home/ubuntu/microros_ws/install/std_msgs/share/std_msgs/msg/Empty.msg
[39.536s] -- Symlinking: /home/ubuntu/microros_ws/install/std_msgs/share/std_msgs/msg/Float32.msg
[39.606s] -- Symlinking: /home/ubuntu/microros_ws/install/std_msgs/share/std_msgs/msg/Float32MultiArray.msg
[39.663s] -- Symlinking: /home/ubuntu/microros_ws/install/std_msgs/share/std_msgs/msg/Float64.msg
[39.756s] -- Symlinking: /home/ubuntu/microros_ws/install/std_msgs/share/std_msgs/msg/Float64MultiArray.msg
[39.825s] -- Symlinking: /home/ubuntu/microros_ws/install/std_msgs/share/std_msgs/msg/Header.msg
[39.901s] -- Symlinking: /home/ubuntu/microros_ws/install/std_msgs/share/std_msgs/msg/Int16.msg
[39.984s] -- Symlinking: /home/ubuntu/microros_ws/install/std_msgs/share/std_msgs/msg/Int16MultiArray.msg
[40.048s] -- Symlinking: /home/ubuntu/microros_ws/install/std_msgs/share/std_msgs/msg/Int32.msg
[40.132s] -- Symlinking: /home/ubuntu/microros_ws/install/std_msgs/share/std_msgs/msg/Int32MultiArray.msg
[40.224s] -- Symlinking: /home/ubuntu/microros_ws/install/std_msgs/share/std_msgs/msg/Int64.msg
[40.289s] -- Symlinking: /home/ubuntu/microros_ws/install/std_msgs/share/std_msgs/msg/Int64MultiArray.msg
[40.346s] -- Symlinking: /home/ubuntu/microros_ws/install/std_msgs/share/std_msgs/msg/Int8.msg
[40.460s] -- Symlinking: /home/ubuntu/microros_ws/install/std_msgs/share/std_msgs/msg/Int8MultiArray.msg
[40.515s] -- Symlinking: /home/ubuntu/microros_ws/install/std_msgs/share/std_msgs/msg/MultiArrayDimension.msg
[40.580s] -- Symlinking: /home/ubuntu/microros_ws/install/std_msgs/share/std_msgs/msg/MultiArrayLayout.msg
[40.671s] -- Symlinking: /home/ubuntu/microros_ws/install/std_msgs/share/std_msgs/msg/String.msg
[40.740s] -- Symlinking: /home/ubuntu/microros_ws/install/std_msgs/share/std_msgs/msg/UInt16.msg
[40.820s] -- Symlinking: /home/ubuntu/microros_ws/install/std_msgs/share/std_msgs/msg/UInt16MultiArray.msg
[40.879s] -- Symlinking: /home/ubuntu/microros_ws/install/std_msgs/share/std_msgs/msg/UInt32.msg
[40.948s] -- Symlinking: /home/ubuntu/microros_ws/install/std_msgs/share/std_msgs/msg/UInt32MultiArray.msg
[41.024s] -- Symlinking: /home/ubuntu/microros_ws/install/std_msgs/share/std_msgs/msg/UInt64.msg
[41.071s] -- Symlinking: /home/ubuntu/microros_ws/install/std_msgs/share/std_msgs/msg/UInt64MultiArray.msg
[41.133s] -- Symlinking: /home/ubuntu/microros_ws/install/std_msgs/share/std_msgs/msg/UInt8.msg
[41.189s] -- Symlinking: /home/ubuntu/microros_ws/install/std_msgs/share/std_msgs/msg/UInt8MultiArray.msg
[41.257s] -- Symlinking: /home/ubuntu/microros_ws/install/std_msgs/share/ament_index/resource_index/package_run_dependencies/std_msgs
[41.316s] -- Symlinking: /home/ubuntu/microros_ws/install/std_msgs/share/ament_index/resource_index/parent_prefix_path/std_msgs
[41.369s] -- Symlinking: /home/ubuntu/microros_ws/install/std_msgs/share/std_msgs/environment/ament_prefix_path.sh
[41.442s] -- Symlinking: /home/ubuntu/microros_ws/install/std_msgs/share/std_msgs/environment/ament_prefix_path.dsv
[41.490s] -- Symlinking: /home/ubuntu/microros_ws/install/std_msgs/share/std_msgs/environment/path.sh
[41.533s] -- Symlinking: /home/ubuntu/microros_ws/install/std_msgs/share/std_msgs/environment/path.dsv
[41.586s] -- Symlinking: /home/ubuntu/microros_ws/install/std_msgs/share/std_msgs/local_setup.bash
[41.626s] -- Symlinking: /home/ubuntu/microros_ws/install/std_msgs/share/std_msgs/local_setup.sh
[41.673s] -- Symlinking: /home/ubuntu/microros_ws/install/std_msgs/share/std_msgs/local_setup.zsh
[41.726s] -- Symlinking: /home/ubuntu/microros_ws/install/std_msgs/share/std_msgs/local_setup.dsv
[41.779s] -- Symlinking: /home/ubuntu/microros_ws/install/std_msgs/share/std_msgs/package.dsv
[41.843s] -- Symlinking: /home/ubuntu/microros_ws/install/std_msgs/share/ament_index/resource_index/packages/std_msgs
[41.910s] -- Symlinking: /home/ubuntu/microros_ws/install/std_msgs/share/std_msgs/cmake/rosidl_cmake-extras.cmake
[41.962s] -- Symlinking: /home/ubuntu/microros_ws/install/std_msgs/share/std_msgs/cmake/ament_cmake_export_dependencies-extras.cmake
[42.025s] -- Symlinking: /home/ubuntu/microros_ws/install/std_msgs/share/std_msgs/cmake/ament_cmake_export_include_directories-extras.cmake
[42.074s] -- Symlinking: /home/ubuntu/microros_ws/install/std_msgs/share/std_msgs/cmake/ament_cmake_export_libraries-extras.cmake
[42.125s] -- Symlinking: /home/ubuntu/microros_ws/install/std_msgs/share/std_msgs/cmake/ament_cmake_export_targets-extras.cmake
[42.170s] -- Symlinking: /home/ubuntu/microros_ws/install/std_msgs/share/std_msgs/cmake/rosidl_cmake_export_typesupport_targets-extras.cmake
[42.248s] -- Symlinking: /home/ubuntu/microros_ws/install/std_msgs/share/std_msgs/cmake/rosidl_cmake_export_typesupport_libraries-extras.cmake
[42.321s] -- Symlinking: /home/ubuntu/microros_ws/install/std_msgs/share/std_msgs/cmake/std_msgsConfig.cmake
[42.395s] -- Symlinking: /home/ubuntu/microros_ws/install/std_msgs/share/std_msgs/cmake/std_msgsConfig-version.cmake
[42.453s] -- Symlinking: /home/ubuntu/microros_ws/install/std_msgs/share/std_msgs/package.xml
[42.512s] -- Up-to-date: /home/ubuntu/microros_ws/install/std_msgs/lib/libstd_msgs__rosidl_generator_c.so
[42.519s] -- Up-to-date: /home/ubuntu/microros_ws/install/std_msgs/lib/libstd_msgs__rosidl_typesupport_fastrtps_c.so
[42.524s] -- Up-to-date: /home/ubuntu/microros_ws/install/std_msgs/lib/libstd_msgs__rosidl_typesupport_fastrtps_cpp.so
[42.529s] -- Up-to-date: /home/ubuntu/microros_ws/install/std_msgs/lib/libstd_msgs__rosidl_typesupport_introspection_c.so
[42.534s] -- Installing: /home/ubuntu/microros_ws/install/std_msgs/lib/libstd_msgs__rosidl_typesupport_c.so
[42.537s] -- Set runtime path of "/home/ubuntu/microros_ws/install/std_msgs/lib/libstd_msgs__rosidl_typesupport_c.so" to ""
[42.541s] -- Up-to-date: /home/ubuntu/microros_ws/install/std_msgs/lib/libstd_msgs__rosidl_typesupport_introspection_cpp.so
[42.548s] -- Installing: /home/ubuntu/microros_ws/install/std_msgs/lib/libstd_msgs__rosidl_typesupport_cpp.so
[42.551s] -- Set runtime path of "/home/ubuntu/microros_ws/install/std_msgs/lib/libstd_msgs__rosidl_typesupport_cpp.so" to ""
[43.122s] Listing '/home/ubuntu/microros_ws/install/std_msgs/local/lib/python3.10/dist-packages/std_msgs'...
[43.124s] Compiling '/home/ubuntu/microros_ws/install/std_msgs/local/lib/python3.10/dist-packages/std_msgs/__init__.py'...
[43.125s] Listing '/home/ubuntu/microros_ws/install/std_msgs/local/lib/python3.10/dist-packages/std_msgs/msg'...
[43.142s] Compiling '/home/ubuntu/microros_ws/install/std_msgs/local/lib/python3.10/dist-packages/std_msgs/msg/__init__.py'...
[43.150s] Compiling '/home/ubuntu/microros_ws/install/std_msgs/local/lib/python3.10/dist-packages/std_msgs/msg/_bool.py'...
[43.152s] Compiling '/home/ubuntu/microros_ws/install/std_msgs/local/lib/python3.10/dist-packages/std_msgs/msg/_byte.py'...
[43.155s] Compiling '/home/ubuntu/microros_ws/install/std_msgs/local/lib/python3.10/dist-packages/std_msgs/msg/_byte_multi_array.py'...
[43.157s] Compiling '/home/ubuntu/microros_ws/install/std_msgs/local/lib/python3.10/dist-packages/std_msgs/msg/_char.py'...
[43.160s] Compiling '/home/ubuntu/microros_ws/install/std_msgs/local/lib/python3.10/dist-packages/std_msgs/msg/_color_rgba.py'...
[43.162s] Compiling '/home/ubuntu/microros_ws/install/std_msgs/local/lib/python3.10/dist-packages/std_msgs/msg/_empty.py'...
[43.163s] Compiling '/home/ubuntu/microros_ws/install/std_msgs/local/lib/python3.10/dist-packages/std_msgs/msg/_float32.py'...
[43.165s] Compiling '/home/ubuntu/microros_ws/install/std_msgs/local/lib/python3.10/dist-packages/std_msgs/msg/_float32_multi_array.py'...
[43.166s] Compiling '/home/ubuntu/microros_ws/install/std_msgs/local/lib/python3.10/dist-packages/std_msgs/msg/_float64.py'...
[43.167s] Compiling '/home/ubuntu/microros_ws/install/std_msgs/local/lib/python3.10/dist-packages/std_msgs/msg/_float64_multi_array.py'...
[43.168s] Compiling '/home/ubuntu/microros_ws/install/std_msgs/local/lib/python3.10/dist-packages/std_msgs/msg/_header.py'...
[43.168s] Compiling '/home/ubuntu/microros_ws/install/std_msgs/local/lib/python3.10/dist-packages/std_msgs/msg/_int16.py'...
[43.169s] Compiling '/home/ubuntu/microros_ws/install/std_msgs/local/lib/python3.10/dist-packages/std_msgs/msg/_int16_multi_array.py'...
[43.169s] Compiling '/home/ubuntu/microros_ws/install/std_msgs/local/lib/python3.10/dist-packages/std_msgs/msg/_int32.py'...
[43.170s] Compiling '/home/ubuntu/microros_ws/install/std_msgs/local/lib/python3.10/dist-packages/std_msgs/msg/_int32_multi_array.py'...
[43.170s] Compiling '/home/ubuntu/microros_ws/install/std_msgs/local/lib/python3.10/dist-packages/std_msgs/msg/_int64.py'...
[43.171s] Compiling '/home/ubuntu/microros_ws/install/std_msgs/local/lib/python3.10/dist-packages/std_msgs/msg/_int64_multi_array.py'...
[43.171s] Compiling '/home/ubuntu/microros_ws/install/std_msgs/local/lib/python3.10/dist-packages/std_msgs/msg/_int8.py'...
[43.172s] Compiling '/home/ubuntu/microros_ws/install/std_msgs/local/lib/python3.10/dist-packages/std_msgs/msg/_int8_multi_array.py'...
[43.172s] Compiling '/home/ubuntu/microros_ws/install/std_msgs/local/lib/python3.10/dist-packages/std_msgs/msg/_multi_array_dimension.py'...
[43.173s] Compiling '/home/ubuntu/microros_ws/install/std_msgs/local/lib/python3.10/dist-packages/std_msgs/msg/_multi_array_layout.py'...
[43.174s] Compiling '/home/ubuntu/microros_ws/install/std_msgs/local/lib/python3.10/dist-packages/std_msgs/msg/_string.py'...
[43.175s] Compiling '/home/ubuntu/microros_ws/install/std_msgs/local/lib/python3.10/dist-packages/std_msgs/msg/_u_int16.py'...
[43.177s] Compiling '/home/ubuntu/microros_ws/install/std_msgs/local/lib/python3.10/dist-packages/std_msgs/msg/_u_int16_multi_array.py'...
[43.177s] Compiling '/home/ubuntu/microros_ws/install/std_msgs/local/lib/python3.10/dist-packages/std_msgs/msg/_u_int32.py'...
[43.177s] Compiling '/home/ubuntu/microros_ws/install/std_msgs/local/lib/python3.10/dist-packages/std_msgs/msg/_u_int32_multi_array.py'...
[43.191s] Compiling '/home/ubuntu/microros_ws/install/std_msgs/local/lib/python3.10/dist-packages/std_msgs/msg/_u_int64.py'...
[43.196s] Compiling '/home/ubuntu/microros_ws/install/std_msgs/local/lib/python3.10/dist-packages/std_msgs/msg/_u_int64_multi_array.py'...
[43.197s] Compiling '/home/ubuntu/microros_ws/install/std_msgs/local/lib/python3.10/dist-packages/std_msgs/msg/_u_int8.py'...
[43.199s] Compiling '/home/ubuntu/microros_ws/install/std_msgs/local/lib/python3.10/dist-packages/std_msgs/msg/_u_int8_multi_array.py'...
[43.200s] -- Installing: /home/ubuntu/microros_ws/install/std_msgs/lib/libstd_msgs__rosidl_generator_py.so
[43.200s] -- Set runtime path of "/home/ubuntu/microros_ws/install/std_msgs/lib/libstd_msgs__rosidl_generator_py.so" to ""
[43.236s] -- Up-to-date: /home/ubuntu/microros_ws/install/std_msgs/share/std_msgs/cmake/export_std_msgs__rosidl_generator_cExport.cmake
[43.237s] -- Up-to-date: /home/ubuntu/microros_ws/install/std_msgs/share/std_msgs/cmake/export_std_msgs__rosidl_generator_cExport-noconfig.cmake
[43.238s] -- Up-to-date: /home/ubuntu/microros_ws/install/std_msgs/share/std_msgs/cmake/export_std_msgs__rosidl_typesupport_fastrtps_cExport.cmake
[43.239s] -- Up-to-date: /home/ubuntu/microros_ws/install/std_msgs/share/std_msgs/cmake/export_std_msgs__rosidl_typesupport_fastrtps_cExport-noconfig.cmake
[43.239s] -- Up-to-date: /home/ubuntu/microros_ws/install/std_msgs/share/std_msgs/cmake/export_std_msgs__rosidl_generator_cppExport.cmake
[43.240s] -- Up-to-date: /home/ubuntu/microros_ws/install/std_msgs/share/std_msgs/cmake/export_std_msgs__rosidl_typesupport_fastrtps_cppExport.cmake
[43.247s] -- Up-to-date: /home/ubuntu/microros_ws/install/std_msgs/share/std_msgs/cmake/export_std_msgs__rosidl_typesupport_fastrtps_cppExport-noconfig.cmake
[43.248s] -- Up-to-date: /home/ubuntu/microros_ws/install/std_msgs/share/std_msgs/cmake/std_msgs__rosidl_typesupport_introspection_cExport.cmake
[43.249s] -- Up-to-date: /home/ubuntu/microros_ws/install/std_msgs/share/std_msgs/cmake/std_msgs__rosidl_typesupport_introspection_cExport-noconfig.cmake
[43.249s] -- Up-to-date: /home/ubuntu/microros_ws/install/std_msgs/share/std_msgs/cmake/std_msgs__rosidl_typesupport_cExport.cmake
[43.250s] -- Up-to-date: /home/ubuntu/microros_ws/install/std_msgs/share/std_msgs/cmake/std_msgs__rosidl_typesupport_cExport-noconfig.cmake
[43.251s] -- Up-to-date: /home/ubuntu/microros_ws/install/std_msgs/share/std_msgs/cmake/std_msgs__rosidl_typesupport_introspection_cppExport.cmake
[43.252s] -- Up-to-date: /home/ubuntu/microros_ws/install/std_msgs/share/std_msgs/cmake/std_msgs__rosidl_typesupport_introspection_cppExport-noconfig.cmake
[43.252s] -- Up-to-date: /home/ubuntu/microros_ws/install/std_msgs/share/std_msgs/cmake/std_msgs__rosidl_typesupport_cppExport.cmake
[43.253s] -- Up-to-date: /home/ubuntu/microros_ws/install/std_msgs/share/std_msgs/cmake/std_msgs__rosidl_typesupport_cppExport-noconfig.cmake
[43.270s] -- Up-to-date: /home/ubuntu/microros_ws/install/std_msgs/share/std_msgs/cmake/export_std_msgs__rosidl_generator_pyExport.cmake
[43.271s] -- Up-to-date: /home/ubuntu/microros_ws/install/std_msgs/share/std_msgs/cmake/export_std_msgs__rosidl_generator_pyExport-noconfig.cmake
[43.272s] Invoked command in '/home/ubuntu/microros_ws/build/std_msgs' returned '0': AMENT_PREFIX_PATH=/home/ubuntu/microros_ws/install/builtin_interfaces:${AMENT_PREFIX_PATH} CMAKE_PREFIX_PATH=/home/ubuntu/microros_ws/install/builtin_interfaces:/opt/ros/humble LD_LIBRARY_PATH=/home/ubuntu/microros_ws/install/builtin_interfaces/lib:${LD_LIBRARY_PATH} PYTHONPATH=/home/ubuntu/microros_ws/install/builtin_interfaces/local/lib/python3.10/dist-packages:${PYTHONPATH} /usr/bin/cmake --install /home/ubuntu/microros_ws/build/std_msgs
