gmake: Warning: File 'Makefile' has modification time 18358780 s in the future
gmake[1]: Warning: File 'CMakeFiles/Makefile2' has modification time 18358780 s in the future
gmake[2]: Warning: File 'CMakeFiles/complex_msgs__cpp.dir/progress.make' has modification time 18358780 s in the future
gmake[2]: warning:  Clock skew detected.  Your build may be incomplete.
gmake[2]: Warning: File 'CMakeFiles/complex_msgs__cpp.dir/progress.make' has modification time 18358779 s in the future
gmake[2]: warning:  Clock skew detected.  Your build may be incomplete.
gmake[2]: Warning: File 'CMakeFiles/ament_cmake_python_symlink_complex_msgs.dir/progress.make' has modification time 18358779 s in the future
gmake[2]: warning:  Clock skew detected.  Your build may be incomplete.
gmake[2]: Warning: File 'CMakeFiles/ament_cmake_python_symlink_complex_msgs.dir/progress.make' has modification time 18358779 s in the future
gmake[2]: warning:  Clock skew detected.  Your build may be incomplete.
gmake[2]: Warning: File 'CMakeFiles/complex_msgs__rosidl_typesupport_introspection_cpp.dir/flags.make' has modification time 18358778 s in the future
gmake[2]: warning:  Clock skew detected.  Your build may be incomplete.
gmake[2]: Warning: File 'CMakeFiles/complex_msgs__rosidl_typesupport_introspection_cpp.dir/flags.make' has modification time 18358778 s in the future
gmake[2]: warning:  Clock skew detected.  Your build may be incomplete.
gmake[2]: Warning: File 'CMakeFiles/complex_msgs__rosidl_typesupport_cpp.dir/flags.make' has modification time 18358778 s in the future
gmake[2]: warning:  Clock skew detected.  Your build may be incomplete.
gmake[2]: Warning: File 'CMakeFiles/complex_msgs__rosidl_typesupport_cpp.dir/flags.make' has modification time 18358778 s in the future
gmake[2]: warning:  Clock skew detected.  Your build may be incomplete.
gmake[2]: Warning: File 'CMakeFiles/complex_msgs__rosidl_typesupport_fastrtps_cpp.dir/flags.make' has modification time 18358778 s in the future
gmake[2]: warning:  Clock skew detected.  Your build may be incomplete.
gmake[2]: Warning: File 'CMakeFiles/complex_msgs__rosidl_typesupport_fastrtps_cpp.dir/flags.make' has modification time 18358777 s in the future
gmake[2]: warning:  Clock skew detected.  Your build may be incomplete.
gmake[2]: Warning: File 'CMakeFiles/ament_cmake_python_build_complex_msgs_egg.dir/progress.make' has modification time 18358777 s in the future
gmake[2]: warning:  Clock skew detected.  Your build may be incomplete.
gmake[2]: Warning: File 'CMakeFiles/ament_cmake_python_build_complex_msgs_egg.dir/progress.make' has modification time 18358777 s in the future
gmake[2]: warning:  Clock skew detected.  Your build may be incomplete.
gmake[2]: Warning: File 'CMakeFiles/complex_msgs__rosidl_typesupport_microxrcedds_cpp.dir/flags.make' has modification time 18358774 s in the future
gmake[2]: warning:  Clock skew detected.  Your build may be incomplete.
gmake[2]: Warning: File 'CMakeFiles/complex_msgs__rosidl_typesupport_microxrcedds_cpp.dir/flags.make' has modification time 18358773 s in the future
gmake[2]: warning:  Clock skew detected.  Your build may be incomplete.
gmake[2]: Warning: File 'CMakeFiles/complex_msgs__rosidl_generator_c.dir/flags.make' has modification time 18358773 s in the future
gmake[2]: warning:  Clock skew detected.  Your build may be incomplete.
gmake[2]: Warning: File 'CMakeFiles/complex_msgs__rosidl_generator_c.dir/flags.make' has modification time 18358773 s in the future
gmake[2]: warning:  Clock skew detected.  Your build may be incomplete.
gmake[2]: Warning: File 'CMakeFiles/complex_msgs__rosidl_typesupport_fastrtps_c.dir/flags.make' has modification time 18358773 s in the future
gmake[2]: warning:  Clock skew detected.  Your build may be incomplete.
gmake[2]: Warning: File 'CMakeFiles/complex_msgs__rosidl_typesupport_fastrtps_c.dir/flags.make' has modification time 18358772 s in the future
gmake[2]: warning:  Clock skew detected.  Your build may be incomplete.
gmake[2]: Warning: File 'CMakeFiles/complex_msgs__rosidl_typesupport_c.dir/flags.make' has modification time 18358772 s in the future
gmake[2]: warning:  Clock skew detected.  Your build may be incomplete.
gmake[2]: Warning: File 'CMakeFiles/complex_msgs__rosidl_typesupport_c.dir/flags.make' has modification time 18358772 s in the future
gmake[2]: warning:  Clock skew detected.  Your build may be incomplete.
gmake[2]: Warning: File 'CMakeFiles/complex_msgs__rosidl_typesupport_introspection_c.dir/flags.make' has modification time 18358772 s in the future
gmake[2]: warning:  Clock skew detected.  Your build may be incomplete.
gmake[2]: Warning: File 'CMakeFiles/complex_msgs__rosidl_typesupport_introspection_c.dir/flags.make' has modification time 18358772 s in the future
gmake[2]: warning:  Clock skew detected.  Your build may be incomplete.
gmake[2]: Warning: File 'CMakeFiles/complex_msgs__rosidl_typesupport_microxrcedds_c.dir/flags.make' has modification time 18358772 s in the future
gmake[2]: warning:  Clock skew detected.  Your build may be incomplete.
gmake[2]: Warning: File 'CMakeFiles/complex_msgs__rosidl_typesupport_microxrcedds_c.dir/flags.make' has modification time 18358772 s in the future
gmake[2]: warning:  Clock skew detected.  Your build may be incomplete.
gmake[2]: Warning: File 'CMakeFiles/complex_msgs.dir/progress.make' has modification time 18358772 s in the future
gmake[2]: warning:  Clock skew detected.  Your build may be incomplete.
gmake[2]: Warning: File 'CMakeFiles/complex_msgs.dir/progress.make' has modification time 18358771 s in the future
gmake[2]: warning:  Clock skew detected.  Your build may be incomplete.
gmake[2]: Warning: File 'complex_msgs__py/CMakeFiles/complex_msgs__py.dir/progress.make' has modification time 18358771 s in the future
gmake[2]: warning:  Clock skew detected.  Your build may be incomplete.
gmake[2]: Warning: File 'complex_msgs__py/CMakeFiles/complex_msgs__py.dir/progress.make' has modification time 18358771 s in the future
gmake[2]: warning:  Clock skew detected.  Your build may be incomplete.
gmake[2]: Warning: File 'CMakeFiles/complex_msgs__rosidl_generator_py.dir/flags.make' has modification time 18358771 s in the future
gmake[2]: warning:  Clock skew detected.  Your build may be incomplete.
gmake[2]: Warning: File 'CMakeFiles/complex_msgs__rosidl_generator_py.dir/flags.make' has modification time 18358771 s in the future
gmake[2]: warning:  Clock skew detected.  Your build may be incomplete.
gmake[2]: Warning: File 'CMakeFiles/complex_msgs__rosidl_typesupport_microxrcedds_c__pyext.dir/flags.make' has modification time 18358770 s in the future
gmake[2]: warning:  Clock skew detected.  Your build may be incomplete.
gmake[2]: Warning: File 'CMakeFiles/complex_msgs__rosidl_typesupport_microxrcedds_c__pyext.dir/flags.make' has modification time 18358770 s in the future
gmake[2]: warning:  Clock skew detected.  Your build may be incomplete.
gmake[2]: Warning: File 'CMakeFiles/complex_msgs__rosidl_typesupport_c__pyext.dir/flags.make' has modification time 18358770 s in the future
gmake[2]: warning:  Clock skew detected.  Your build may be incomplete.
gmake[2]: Warning: File 'CMakeFiles/complex_msgs__rosidl_typesupport_c__pyext.dir/flags.make' has modification time 18358770 s in the future
gmake[2]: warning:  Clock skew detected.  Your build may be incomplete.
gmake[2]: Warning: File 'CMakeFiles/complex_msgs__rosidl_typesupport_introspection_c__pyext.dir/flags.make' has modification time 18358770 s in the future
gmake[2]: warning:  Clock skew detected.  Your build may be incomplete.
gmake[2]: Warning: File 'CMakeFiles/complex_msgs__rosidl_typesupport_introspection_c__pyext.dir/flags.make' has modification time 18358770 s in the future
gmake[2]: warning:  Clock skew detected.  Your build may be incomplete.
gmake[2]: Warning: File 'CMakeFiles/complex_msgs__rosidl_typesupport_fastrtps_c__pyext.dir/flags.make' has modification time 18358769 s in the future
gmake[2]: warning:  Clock skew detected.  Your build may be incomplete.
gmake[2]: Warning: File 'CMakeFiles/complex_msgs__rosidl_typesupport_fastrtps_c__pyext.dir/flags.make' has modification time 18358769 s in the future
gmake[2]: warning:  Clock skew detected.  Your build may be incomplete.
gmake[1]: warning:  Clock skew detected.  Your build may be incomplete.
gmake: warning:  Clock skew detected.  Your build may be incomplete.
