gmake: Warning: File 'Makefile' has modification time 18358780 s in the future
gmake[1]: Warning: File 'CMakeFiles/Makefile2' has modification time 18358780 s in the future
gmake[2]: Warning: File 'CMakeFiles/complex_msgs__cpp.dir/progress.make' has modification time 18358780 s in the future
gmake[2]: warning:  Clock skew detected.  Your build may be incomplete.
gmake[2]: Warning: File 'CMakeFiles/complex_msgs__cpp.dir/progress.make' has modification time 18358779 s in the future
gmake[2]: warning:  Clock skew detected.  Your build may be incomplete.
[  2%] Built target complex_msgs__cpp
gmake[2]: Warning: File 'CMakeFiles/ament_cmake_python_symlink_complex_msgs.dir/progress.make' has modification time 18358779 s in the future
gmake[2]: warning:  Clock skew detected.  Your build may be incomplete.
gmake[2]: Warning: File 'CMakeFiles/ament_cmake_python_symlink_complex_msgs.dir/progress.make' has modification time 18358779 s in the future
gmake[2]: warning:  Clock skew detected.  Your build may be incomplete.
[  2%] Built target ament_cmake_python_symlink_complex_msgs
gmake[2]: Warning: File 'CMakeFiles/complex_msgs__rosidl_typesupport_introspection_cpp.dir/flags.make' has modification time 18358778 s in the future
[35m[1mConsolidate compiler generated dependencies of target complex_msgs__rosidl_typesupport_introspection_cpp[0m
gmake[2]: warning:  Clock skew detected.  Your build may be incomplete.
gmake[2]: Warning: File 'CMakeFiles/complex_msgs__rosidl_typesupport_introspection_cpp.dir/flags.make' has modification time 18358778 s in the future
gmake[2]: warning:  Clock skew detected.  Your build may be incomplete.
[ 10%] Built target complex_msgs__rosidl_typesupport_introspection_cpp
gmake[2]: Warning: File 'CMakeFiles/complex_msgs__rosidl_typesupport_cpp.dir/flags.make' has modification time 18358778 s in the future
[35m[1mConsolidate compiler generated dependencies of target complex_msgs__rosidl_typesupport_cpp[0m
gmake[2]: warning:  Clock skew detected.  Your build may be incomplete.
gmake[2]: Warning: File 'CMakeFiles/complex_msgs__rosidl_typesupport_cpp.dir/flags.make' has modification time 18358778 s in the future
gmake[2]: warning:  Clock skew detected.  Your build may be incomplete.
[ 18%] Built target complex_msgs__rosidl_typesupport_cpp
gmake[2]: Warning: File 'CMakeFiles/complex_msgs__rosidl_typesupport_fastrtps_cpp.dir/flags.make' has modification time 18358778 s in the future
[35m[1mConsolidate compiler generated dependencies of target complex_msgs__rosidl_typesupport_fastrtps_cpp[0m
gmake[2]: warning:  Clock skew detected.  Your build may be incomplete.
gmake[2]: Warning: File 'CMakeFiles/complex_msgs__rosidl_typesupport_fastrtps_cpp.dir/flags.make' has modification time 18358777 s in the future
gmake[2]: warning:  Clock skew detected.  Your build may be incomplete.
[ 26%] Built target complex_msgs__rosidl_typesupport_fastrtps_cpp
gmake[2]: Warning: File 'CMakeFiles/ament_cmake_python_build_complex_msgs_egg.dir/progress.make' has modification time 18358777 s in the future
gmake[2]: warning:  Clock skew detected.  Your build may be incomplete.
gmake[2]: Warning: File 'CMakeFiles/ament_cmake_python_build_complex_msgs_egg.dir/progress.make' has modification time 18358777 s in the future
running egg_info
writing complex_msgs.egg-info/PKG-INFO
writing dependency_links to complex_msgs.egg-info/dependency_links.txt
writing top-level names to complex_msgs.egg-info/top_level.txt
reading manifest file 'complex_msgs.egg-info/SOURCES.txt'
writing manifest file 'complex_msgs.egg-info/SOURCES.txt'
gmake[2]: warning:  Clock skew detected.  Your build may be incomplete.
[ 26%] Built target ament_cmake_python_build_complex_msgs_egg
gmake[2]: Warning: File 'CMakeFiles/complex_msgs__rosidl_typesupport_microxrcedds_cpp.dir/flags.make' has modification time 18358774 s in the future
[35m[1mConsolidate compiler generated dependencies of target complex_msgs__rosidl_typesupport_microxrcedds_cpp[0m
gmake[2]: warning:  Clock skew detected.  Your build may be incomplete.
gmake[2]: Warning: File 'CMakeFiles/complex_msgs__rosidl_typesupport_microxrcedds_cpp.dir/flags.make' has modification time 18358773 s in the future
gmake[2]: warning:  Clock skew detected.  Your build may be incomplete.
[ 34%] Built target complex_msgs__rosidl_typesupport_microxrcedds_cpp
gmake[2]: Warning: File 'CMakeFiles/complex_msgs__rosidl_generator_c.dir/flags.make' has modification time 18358773 s in the future
[35m[1mConsolidate compiler generated dependencies of target complex_msgs__rosidl_generator_c[0m
gmake[2]: warning:  Clock skew detected.  Your build may be incomplete.
gmake[2]: Warning: File 'CMakeFiles/complex_msgs__rosidl_generator_c.dir/flags.make' has modification time 18358773 s in the future
gmake[2]: warning:  Clock skew detected.  Your build may be incomplete.
[ 42%] Built target complex_msgs__rosidl_generator_c
gmake[2]: Warning: File 'CMakeFiles/complex_msgs__rosidl_typesupport_fastrtps_c.dir/flags.make' has modification time 18358773 s in the future
[35m[1mConsolidate compiler generated dependencies of target complex_msgs__rosidl_typesupport_fastrtps_c[0m
gmake[2]: warning:  Clock skew detected.  Your build may be incomplete.
gmake[2]: Warning: File 'CMakeFiles/complex_msgs__rosidl_typesupport_fastrtps_c.dir/flags.make' has modification time 18358772 s in the future
gmake[2]: warning:  Clock skew detected.  Your build may be incomplete.
[ 51%] Built target complex_msgs__rosidl_typesupport_fastrtps_c
gmake[2]: Warning: File 'CMakeFiles/complex_msgs__rosidl_typesupport_c.dir/flags.make' has modification time 18358772 s in the future
[35m[1mConsolidate compiler generated dependencies of target complex_msgs__rosidl_typesupport_c[0m
gmake[2]: warning:  Clock skew detected.  Your build may be incomplete.
gmake[2]: Warning: File 'CMakeFiles/complex_msgs__rosidl_typesupport_c.dir/flags.make' has modification time 18358772 s in the future
gmake[2]: warning:  Clock skew detected.  Your build may be incomplete.
[ 59%] Built target complex_msgs__rosidl_typesupport_c
gmake[2]: Warning: File 'CMakeFiles/complex_msgs__rosidl_typesupport_introspection_c.dir/flags.make' has modification time 18358772 s in the future
[35m[1mConsolidate compiler generated dependencies of target complex_msgs__rosidl_typesupport_introspection_c[0m
gmake[2]: warning:  Clock skew detected.  Your build may be incomplete.
gmake[2]: Warning: File 'CMakeFiles/complex_msgs__rosidl_typesupport_introspection_c.dir/flags.make' has modification time 18358772 s in the future
gmake[2]: warning:  Clock skew detected.  Your build may be incomplete.
[ 67%] Built target complex_msgs__rosidl_typesupport_introspection_c
gmake[2]: Warning: File 'CMakeFiles/complex_msgs__rosidl_typesupport_microxrcedds_c.dir/flags.make' has modification time 18358772 s in the future
[35m[1mConsolidate compiler generated dependencies of target complex_msgs__rosidl_typesupport_microxrcedds_c[0m
gmake[2]: warning:  Clock skew detected.  Your build may be incomplete.
gmake[2]: Warning: File 'CMakeFiles/complex_msgs__rosidl_typesupport_microxrcedds_c.dir/flags.make' has modification time 18358772 s in the future
gmake[2]: warning:  Clock skew detected.  Your build may be incomplete.
[ 75%] Built target complex_msgs__rosidl_typesupport_microxrcedds_c
gmake[2]: Warning: File 'CMakeFiles/complex_msgs.dir/progress.make' has modification time 18358772 s in the future
gmake[2]: warning:  Clock skew detected.  Your build may be incomplete.
gmake[2]: Warning: File 'CMakeFiles/complex_msgs.dir/progress.make' has modification time 18358771 s in the future
gmake[2]: warning:  Clock skew detected.  Your build may be incomplete.
[ 75%] Built target complex_msgs
gmake[2]: Warning: File 'complex_msgs__py/CMakeFiles/complex_msgs__py.dir/progress.make' has modification time 18358771 s in the future
gmake[2]: warning:  Clock skew detected.  Your build may be incomplete.
gmake[2]: Warning: File 'complex_msgs__py/CMakeFiles/complex_msgs__py.dir/progress.make' has modification time 18358771 s in the future
gmake[2]: warning:  Clock skew detected.  Your build may be incomplete.
[ 77%] Built target complex_msgs__py
gmake[2]: Warning: File 'CMakeFiles/complex_msgs__rosidl_generator_py.dir/flags.make' has modification time 18358771 s in the future
[35m[1mConsolidate compiler generated dependencies of target complex_msgs__rosidl_generator_py[0m
gmake[2]: warning:  Clock skew detected.  Your build may be incomplete.
gmake[2]: Warning: File 'CMakeFiles/complex_msgs__rosidl_generator_py.dir/flags.make' has modification time 18358771 s in the future
gmake[2]: warning:  Clock skew detected.  Your build may be incomplete.
[ 83%] Built target complex_msgs__rosidl_generator_py
gmake[2]: Warning: File 'CMakeFiles/complex_msgs__rosidl_typesupport_microxrcedds_c__pyext.dir/flags.make' has modification time 18358770 s in the future
[35m[1mConsolidate compiler generated dependencies of target complex_msgs__rosidl_typesupport_microxrcedds_c__pyext[0m
gmake[2]: warning:  Clock skew detected.  Your build may be incomplete.
gmake[2]: Warning: File 'CMakeFiles/complex_msgs__rosidl_typesupport_microxrcedds_c__pyext.dir/flags.make' has modification time 18358770 s in the future
gmake[2]: warning:  Clock skew detected.  Your build may be incomplete.
[ 87%] Built target complex_msgs__rosidl_typesupport_microxrcedds_c__pyext
gmake[2]: Warning: File 'CMakeFiles/complex_msgs__rosidl_typesupport_c__pyext.dir/flags.make' has modification time 18358770 s in the future
[35m[1mConsolidate compiler generated dependencies of target complex_msgs__rosidl_typesupport_c__pyext[0m
gmake[2]: warning:  Clock skew detected.  Your build may be incomplete.
gmake[2]: Warning: File 'CMakeFiles/complex_msgs__rosidl_typesupport_c__pyext.dir/flags.make' has modification time 18358770 s in the future
gmake[2]: warning:  Clock skew detected.  Your build may be incomplete.
[ 91%] Built target complex_msgs__rosidl_typesupport_c__pyext
gmake[2]: Warning: File 'CMakeFiles/complex_msgs__rosidl_typesupport_introspection_c__pyext.dir/flags.make' has modification time 18358770 s in the future
[35m[1mConsolidate compiler generated dependencies of target complex_msgs__rosidl_typesupport_introspection_c__pyext[0m
gmake[2]: warning:  Clock skew detected.  Your build may be incomplete.
gmake[2]: Warning: File 'CMakeFiles/complex_msgs__rosidl_typesupport_introspection_c__pyext.dir/flags.make' has modification time 18358770 s in the future
gmake[2]: warning:  Clock skew detected.  Your build may be incomplete.
[ 95%] Built target complex_msgs__rosidl_typesupport_introspection_c__pyext
gmake[2]: Warning: File 'CMakeFiles/complex_msgs__rosidl_typesupport_fastrtps_c__pyext.dir/flags.make' has modification time 18358769 s in the future
[35m[1mConsolidate compiler generated dependencies of target complex_msgs__rosidl_typesupport_fastrtps_c__pyext[0m
gmake[2]: warning:  Clock skew detected.  Your build may be incomplete.
gmake[2]: Warning: File 'CMakeFiles/complex_msgs__rosidl_typesupport_fastrtps_c__pyext.dir/flags.make' has modification time 18358769 s in the future
gmake[2]: warning:  Clock skew detected.  Your build may be incomplete.
[100%] Built target complex_msgs__rosidl_typesupport_fastrtps_c__pyext
gmake[1]: warning:  Clock skew detected.  Your build may be incomplete.
gmake: warning:  Clock skew detected.  Your build may be incomplete.
-- Install configuration: "Release"
-- Execute custom install script
-- Up-to-date symlink: /home/ubuntu/microros_ws/install/complex_msgs/share/ament_index/resource_index/rosidl_interfaces/complex_msgs
-- Up-to-date symlink: /home/ubuntu/microros_ws/install/complex_msgs/include/complex_msgs/complex_msgs/msg/detail/multi_string_test__functions.h
-- Up-to-date symlink: /home/ubuntu/microros_ws/install/complex_msgs/include/complex_msgs/complex_msgs/msg/detail/multi_string_test__struct.h
-- Up-to-date symlink: /home/ubuntu/microros_ws/install/complex_msgs/include/complex_msgs/complex_msgs/msg/detail/multi_string_test__type_support.h
-- Up-to-date symlink: /home/ubuntu/microros_ws/install/complex_msgs/include/complex_msgs/complex_msgs/msg/detail/nested_msg_test__functions.h
-- Up-to-date symlink: /home/ubuntu/microros_ws/install/complex_msgs/include/complex_msgs/complex_msgs/msg/detail/nested_msg_test__struct.h
-- Up-to-date symlink: /home/ubuntu/microros_ws/install/complex_msgs/include/complex_msgs/complex_msgs/msg/detail/nested_msg_test__type_support.h
-- Up-to-date symlink: /home/ubuntu/microros_ws/install/complex_msgs/include/complex_msgs/complex_msgs/msg/multi_string_test.h
-- Up-to-date symlink: /home/ubuntu/microros_ws/install/complex_msgs/include/complex_msgs/complex_msgs/msg/nested_msg_test.h
-- Up-to-date symlink: /home/ubuntu/microros_ws/install/complex_msgs/include/complex_msgs/complex_msgs/msg/rosidl_generator_c__visibility_control.h
-- Up-to-date symlink: /home/ubuntu/microros_ws/install/complex_msgs/share/complex_msgs/environment/library_path.sh
-- Up-to-date symlink: /home/ubuntu/microros_ws/install/complex_msgs/share/complex_msgs/environment/library_path.dsv
-- Up-to-date symlink: /home/ubuntu/microros_ws/install/complex_msgs/include/complex_msgs/complex_msgs/msg/detail/multi_string_test__rosidl_typesupport_fastrtps_c.h
-- Up-to-date symlink: /home/ubuntu/microros_ws/install/complex_msgs/include/complex_msgs/complex_msgs/msg/detail/nested_msg_test__rosidl_typesupport_fastrtps_c.h
-- Up-to-date symlink: /home/ubuntu/microros_ws/install/complex_msgs/include/complex_msgs/complex_msgs/msg/rosidl_typesupport_fastrtps_c__visibility_control.h
-- Up-to-date symlink: /home/ubuntu/microros_ws/install/complex_msgs/include/complex_msgs/complex_msgs/msg/detail/multi_string_test__builder.hpp
-- Up-to-date symlink: /home/ubuntu/microros_ws/install/complex_msgs/include/complex_msgs/complex_msgs/msg/detail/multi_string_test__struct.hpp
-- Up-to-date symlink: /home/ubuntu/microros_ws/install/complex_msgs/include/complex_msgs/complex_msgs/msg/detail/multi_string_test__traits.hpp
-- Up-to-date symlink: /home/ubuntu/microros_ws/install/complex_msgs/include/complex_msgs/complex_msgs/msg/detail/nested_msg_test__builder.hpp
-- Up-to-date symlink: /home/ubuntu/microros_ws/install/complex_msgs/include/complex_msgs/complex_msgs/msg/detail/nested_msg_test__struct.hpp
-- Up-to-date symlink: /home/ubuntu/microros_ws/install/complex_msgs/include/complex_msgs/complex_msgs/msg/detail/nested_msg_test__traits.hpp
-- Up-to-date symlink: /home/ubuntu/microros_ws/install/complex_msgs/include/complex_msgs/complex_msgs/msg/multi_string_test.hpp
-- Up-to-date symlink: /home/ubuntu/microros_ws/install/complex_msgs/include/complex_msgs/complex_msgs/msg/nested_msg_test.hpp
-- Up-to-date symlink: /home/ubuntu/microros_ws/install/complex_msgs/include/complex_msgs/complex_msgs/msg/detail/multi_string_test__rosidl_typesupport_fastrtps_cpp.hpp
-- Up-to-date symlink: /home/ubuntu/microros_ws/install/complex_msgs/include/complex_msgs/complex_msgs/msg/detail/nested_msg_test__rosidl_typesupport_fastrtps_cpp.hpp
-- Up-to-date symlink: /home/ubuntu/microros_ws/install/complex_msgs/include/complex_msgs/complex_msgs/msg/rosidl_typesupport_fastrtps_cpp__visibility_control.h
-- Up-to-date symlink: /home/ubuntu/microros_ws/install/complex_msgs/include/complex_msgs/msg/detail/multi_string_test__rosidl_typesupport_microxrcedds_c.h
-- Up-to-date symlink: /home/ubuntu/microros_ws/install/complex_msgs/include/complex_msgs/msg/detail/nested_msg_test__rosidl_typesupport_microxrcedds_c.h
-- Up-to-date symlink: /home/ubuntu/microros_ws/install/complex_msgs/include/complex_msgs/msg/rosidl_typesupport_microxrcedds_c__visibility_control.h
-- Up-to-date symlink: /home/ubuntu/microros_ws/install/complex_msgs/lib/libcomplex_msgs__rosidl_typesupport_microxrcedds_c.so
-- Up-to-date symlink: /home/ubuntu/microros_ws/install/complex_msgs/include/complex_msgs/complex_msgs/msg/detail/multi_string_test__rosidl_typesupport_introspection_c.h
-- Up-to-date symlink: /home/ubuntu/microros_ws/install/complex_msgs/include/complex_msgs/complex_msgs/msg/detail/nested_msg_test__rosidl_typesupport_introspection_c.h
-- Up-to-date symlink: /home/ubuntu/microros_ws/install/complex_msgs/include/complex_msgs/complex_msgs/msg/rosidl_typesupport_introspection_c__visibility_control.h
-- Up-to-date symlink: /home/ubuntu/microros_ws/install/complex_msgs/include/complex_msgs/msg/detail/microxrcedds/multi_string_test__type_support_cpp.cpp
-- Up-to-date symlink: /home/ubuntu/microros_ws/install/complex_msgs/include/complex_msgs/msg/detail/microxrcedds/nested_msg_test__type_support_cpp.cpp
-- Up-to-date symlink: /home/ubuntu/microros_ws/install/complex_msgs/include/complex_msgs/msg/detail/multi_string_test__rosidl_typesupport_microxrcedds_cpp.hpp
-- Up-to-date symlink: /home/ubuntu/microros_ws/install/complex_msgs/include/complex_msgs/msg/detail/nested_msg_test__rosidl_typesupport_microxrcedds_cpp.hpp
-- Up-to-date symlink: /home/ubuntu/microros_ws/install/complex_msgs/include/complex_msgs/msg/rosidl_typesupport_microxrcedds_cpp__visibility_control.h
-- Up-to-date symlink: /home/ubuntu/microros_ws/install/complex_msgs/lib/libcomplex_msgs__rosidl_typesupport_microxrcedds_cpp.so
-- Up-to-date symlink: /home/ubuntu/microros_ws/install/complex_msgs/include/complex_msgs/complex_msgs/msg/detail/multi_string_test__rosidl_typesupport_introspection_cpp.hpp
-- Up-to-date symlink: /home/ubuntu/microros_ws/install/complex_msgs/include/complex_msgs/complex_msgs/msg/detail/nested_msg_test__rosidl_typesupport_introspection_cpp.hpp
-- Up-to-date symlink: /home/ubuntu/microros_ws/install/complex_msgs/share/complex_msgs/environment/pythonpath.sh
-- Up-to-date symlink: /home/ubuntu/microros_ws/install/complex_msgs/share/complex_msgs/environment/pythonpath.dsv
-- Up-to-date symlink: /home/ubuntu/microros_ws/install/complex_msgs/local/lib/python3.10/dist-packages/complex_msgs-3.0.2-py3.10.egg-info/PKG-INFO
-- Up-to-date symlink: /home/ubuntu/microros_ws/install/complex_msgs/local/lib/python3.10/dist-packages/complex_msgs-3.0.2-py3.10.egg-info/SOURCES.txt
-- Up-to-date symlink: /home/ubuntu/microros_ws/install/complex_msgs/local/lib/python3.10/dist-packages/complex_msgs-3.0.2-py3.10.egg-info/dependency_links.txt
-- Up-to-date symlink: /home/ubuntu/microros_ws/install/complex_msgs/local/lib/python3.10/dist-packages/complex_msgs-3.0.2-py3.10.egg-info/top_level.txt
-- Up-to-date symlink: /home/ubuntu/microros_ws/install/complex_msgs/local/lib/python3.10/dist-packages/complex_msgs/__init__.py
-- Up-to-date symlink: /home/ubuntu/microros_ws/install/complex_msgs/local/lib/python3.10/dist-packages/complex_msgs/_complex_msgs_s.ep.rosidl_typesupport_c.c
-- Up-to-date symlink: /home/ubuntu/microros_ws/install/complex_msgs/local/lib/python3.10/dist-packages/complex_msgs/_complex_msgs_s.ep.rosidl_typesupport_fastrtps_c.c
-- Up-to-date symlink: /home/ubuntu/microros_ws/install/complex_msgs/local/lib/python3.10/dist-packages/complex_msgs/_complex_msgs_s.ep.rosidl_typesupport_introspection_c.c
-- Up-to-date symlink: /home/ubuntu/microros_ws/install/complex_msgs/local/lib/python3.10/dist-packages/complex_msgs/_complex_msgs_s.ep.rosidl_typesupport_microxrcedds_c.c
-- Up-to-date symlink: /home/ubuntu/microros_ws/install/complex_msgs/local/lib/python3.10/dist-packages/complex_msgs/complex_msgs_s__rosidl_typesupport_c.cpython-310-aarch64-linux-gnu.so
-- Up-to-date symlink: /home/ubuntu/microros_ws/install/complex_msgs/local/lib/python3.10/dist-packages/complex_msgs/complex_msgs_s__rosidl_typesupport_fastrtps_c.cpython-310-aarch64-linux-gnu.so
-- Up-to-date symlink: /home/ubuntu/microros_ws/install/complex_msgs/local/lib/python3.10/dist-packages/complex_msgs/complex_msgs_s__rosidl_typesupport_introspection_c.cpython-310-aarch64-linux-gnu.so
-- Up-to-date symlink: /home/ubuntu/microros_ws/install/complex_msgs/local/lib/python3.10/dist-packages/complex_msgs/complex_msgs_s__rosidl_typesupport_microxrcedds_c.cpython-310-aarch64-linux-gnu.so
-- Up-to-date symlink: /home/ubuntu/microros_ws/install/complex_msgs/local/lib/python3.10/dist-packages/complex_msgs/libcomplex_msgs__rosidl_generator_py.so
-- Up-to-date symlink: /home/ubuntu/microros_ws/install/complex_msgs/local/lib/python3.10/dist-packages/complex_msgs/msg/__init__.py
-- Up-to-date symlink: /home/ubuntu/microros_ws/install/complex_msgs/local/lib/python3.10/dist-packages/complex_msgs/msg/_multi_string_test.py
-- Up-to-date symlink: /home/ubuntu/microros_ws/install/complex_msgs/local/lib/python3.10/dist-packages/complex_msgs/msg/_multi_string_test_s.c
-- Up-to-date symlink: /home/ubuntu/microros_ws/install/complex_msgs/local/lib/python3.10/dist-packages/complex_msgs/msg/_nested_msg_test.py
-- Up-to-date symlink: /home/ubuntu/microros_ws/install/complex_msgs/local/lib/python3.10/dist-packages/complex_msgs/msg/_nested_msg_test_s.c
-- Up-to-date symlink: /home/ubuntu/microros_ws/install/complex_msgs/local/lib/python3.10/dist-packages/complex_msgs/complex_msgs_s__rosidl_typesupport_microxrcedds_c.cpython-310-aarch64-linux-gnu.so
-- Up-to-date symlink: /home/ubuntu/microros_ws/install/complex_msgs/local/lib/python3.10/dist-packages/complex_msgs/complex_msgs_s__rosidl_typesupport_fastrtps_c.cpython-310-aarch64-linux-gnu.so
-- Up-to-date symlink: /home/ubuntu/microros_ws/install/complex_msgs/local/lib/python3.10/dist-packages/complex_msgs/complex_msgs_s__rosidl_typesupport_introspection_c.cpython-310-aarch64-linux-gnu.so
-- Up-to-date symlink: /home/ubuntu/microros_ws/install/complex_msgs/local/lib/python3.10/dist-packages/complex_msgs/complex_msgs_s__rosidl_typesupport_c.cpython-310-aarch64-linux-gnu.so
-- Up-to-date symlink: /home/ubuntu/microros_ws/install/complex_msgs/share/complex_msgs/msg/MultiStringTest.idl
-- Up-to-date symlink: /home/ubuntu/microros_ws/install/complex_msgs/share/complex_msgs/msg/NestedMsgTest.idl
-- Up-to-date symlink: /home/ubuntu/microros_ws/install/complex_msgs/share/complex_msgs/msg/MultiStringTest.msg
-- Up-to-date symlink: /home/ubuntu/microros_ws/install/complex_msgs/share/complex_msgs/msg/NestedMsgTest.msg
-- Up-to-date symlink: /home/ubuntu/microros_ws/install/complex_msgs/share/ament_index/resource_index/package_run_dependencies/complex_msgs
-- Up-to-date symlink: /home/ubuntu/microros_ws/install/complex_msgs/share/ament_index/resource_index/parent_prefix_path/complex_msgs
-- Up-to-date symlink: /home/ubuntu/microros_ws/install/complex_msgs/share/complex_msgs/environment/ament_prefix_path.sh
-- Up-to-date symlink: /home/ubuntu/microros_ws/install/complex_msgs/share/complex_msgs/environment/ament_prefix_path.dsv
-- Up-to-date symlink: /home/ubuntu/microros_ws/install/complex_msgs/share/complex_msgs/environment/path.sh
-- Up-to-date symlink: /home/ubuntu/microros_ws/install/complex_msgs/share/complex_msgs/environment/path.dsv
-- Up-to-date symlink: /home/ubuntu/microros_ws/install/complex_msgs/share/complex_msgs/local_setup.bash
-- Up-to-date symlink: /home/ubuntu/microros_ws/install/complex_msgs/share/complex_msgs/local_setup.sh
-- Up-to-date symlink: /home/ubuntu/microros_ws/install/complex_msgs/share/complex_msgs/local_setup.zsh
-- Up-to-date symlink: /home/ubuntu/microros_ws/install/complex_msgs/share/complex_msgs/local_setup.dsv
-- Symlinking: /home/ubuntu/microros_ws/install/complex_msgs/share/complex_msgs/package.dsv
-- Up-to-date symlink: /home/ubuntu/microros_ws/install/complex_msgs/share/ament_index/resource_index/packages/complex_msgs
-- Up-to-date symlink: /home/ubuntu/microros_ws/install/complex_msgs/share/complex_msgs/cmake/rosidl_cmake-extras.cmake
-- Up-to-date symlink: /home/ubuntu/microros_ws/install/complex_msgs/share/complex_msgs/cmake/ament_cmake_export_dependencies-extras.cmake
-- Up-to-date symlink: /home/ubuntu/microros_ws/install/complex_msgs/share/complex_msgs/cmake/ament_cmake_export_include_directories-extras.cmake
-- Up-to-date symlink: /home/ubuntu/microros_ws/install/complex_msgs/share/complex_msgs/cmake/ament_cmake_export_libraries-extras.cmake
-- Up-to-date symlink: /home/ubuntu/microros_ws/install/complex_msgs/share/complex_msgs/cmake/ament_cmake_export_targets-extras.cmake
-- Up-to-date symlink: /home/ubuntu/microros_ws/install/complex_msgs/share/complex_msgs/cmake/rosidl_cmake_export_typesupport_targets-extras.cmake
-- Up-to-date symlink: /home/ubuntu/microros_ws/install/complex_msgs/share/complex_msgs/cmake/rosidl_cmake_export_typesupport_libraries-extras.cmake
-- Up-to-date symlink: /home/ubuntu/microros_ws/install/complex_msgs/share/complex_msgs/cmake/complex_msgsConfig.cmake
-- Up-to-date symlink: /home/ubuntu/microros_ws/install/complex_msgs/share/complex_msgs/cmake/complex_msgsConfig-version.cmake
-- Up-to-date symlink: /home/ubuntu/microros_ws/install/complex_msgs/share/complex_msgs/package.xml
-- Up-to-date: /home/ubuntu/microros_ws/install/complex_msgs/lib/libcomplex_msgs__rosidl_generator_c.so
-- Up-to-date: /home/ubuntu/microros_ws/install/complex_msgs/lib/libcomplex_msgs__rosidl_typesupport_fastrtps_c.so
-- Up-to-date: /home/ubuntu/microros_ws/install/complex_msgs/lib/libcomplex_msgs__rosidl_typesupport_fastrtps_cpp.so
-- Up-to-date: /home/ubuntu/microros_ws/install/complex_msgs/lib/libcomplex_msgs__rosidl_typesupport_introspection_c.so
-- Up-to-date: /home/ubuntu/microros_ws/install/complex_msgs/lib/libcomplex_msgs__rosidl_typesupport_c.so
-- Up-to-date: /home/ubuntu/microros_ws/install/complex_msgs/lib/libcomplex_msgs__rosidl_typesupport_introspection_cpp.so
-- Up-to-date: /home/ubuntu/microros_ws/install/complex_msgs/lib/libcomplex_msgs__rosidl_typesupport_cpp.so
Listing '/home/ubuntu/microros_ws/install/complex_msgs/local/lib/python3.10/dist-packages/complex_msgs'...
Listing '/home/ubuntu/microros_ws/install/complex_msgs/local/lib/python3.10/dist-packages/complex_msgs/msg'...
-- Up-to-date: /home/ubuntu/microros_ws/install/complex_msgs/lib/libcomplex_msgs__rosidl_generator_py.so
-- Up-to-date: /home/ubuntu/microros_ws/install/complex_msgs/share/complex_msgs/cmake/export_complex_msgs__rosidl_generator_cExport.cmake
-- Up-to-date: /home/ubuntu/microros_ws/install/complex_msgs/share/complex_msgs/cmake/export_complex_msgs__rosidl_generator_cExport-release.cmake
-- Up-to-date: /home/ubuntu/microros_ws/install/complex_msgs/share/complex_msgs/cmake/export_complex_msgs__rosidl_typesupport_fastrtps_cExport.cmake
-- Up-to-date: /home/ubuntu/microros_ws/install/complex_msgs/share/complex_msgs/cmake/export_complex_msgs__rosidl_typesupport_fastrtps_cExport-release.cmake
-- Up-to-date: /home/ubuntu/microros_ws/install/complex_msgs/share/complex_msgs/cmake/export_complex_msgs__rosidl_generator_cppExport.cmake
-- Up-to-date: /home/ubuntu/microros_ws/install/complex_msgs/share/complex_msgs/cmake/export_complex_msgs__rosidl_typesupport_fastrtps_cppExport.cmake
-- Up-to-date: /home/ubuntu/microros_ws/install/complex_msgs/share/complex_msgs/cmake/export_complex_msgs__rosidl_typesupport_fastrtps_cppExport-release.cmake
-- Up-to-date: /home/ubuntu/microros_ws/install/complex_msgs/share/complex_msgs/cmake/complex_msgs__rosidl_typesupport_introspection_cExport.cmake
-- Up-to-date: /home/ubuntu/microros_ws/install/complex_msgs/share/complex_msgs/cmake/complex_msgs__rosidl_typesupport_introspection_cExport-release.cmake
-- Up-to-date: /home/ubuntu/microros_ws/install/complex_msgs/share/complex_msgs/cmake/complex_msgs__rosidl_typesupport_cExport.cmake
-- Up-to-date: /home/ubuntu/microros_ws/install/complex_msgs/share/complex_msgs/cmake/complex_msgs__rosidl_typesupport_cExport-release.cmake
-- Up-to-date: /home/ubuntu/microros_ws/install/complex_msgs/share/complex_msgs/cmake/complex_msgs__rosidl_typesupport_introspection_cppExport.cmake
-- Up-to-date: /home/ubuntu/microros_ws/install/complex_msgs/share/complex_msgs/cmake/complex_msgs__rosidl_typesupport_introspection_cppExport-release.cmake
-- Up-to-date: /home/ubuntu/microros_ws/install/complex_msgs/share/complex_msgs/cmake/complex_msgs__rosidl_typesupport_cppExport.cmake
-- Up-to-date: /home/ubuntu/microros_ws/install/complex_msgs/share/complex_msgs/cmake/complex_msgs__rosidl_typesupport_cppExport-release.cmake
-- Up-to-date: /home/ubuntu/microros_ws/install/complex_msgs/share/complex_msgs/cmake/export_complex_msgs__rosidl_generator_pyExport.cmake
-- Up-to-date: /home/ubuntu/microros_ws/install/complex_msgs/share/complex_msgs/cmake/export_complex_msgs__rosidl_generator_pyExport-release.cmake
