gmake: Warning: File 'Makefile' has modification time 18358059 s in the future
gmake[1]: Warning: File 'CMakeFiles/Makefile2' has modification time 18358059 s in the future
gmake[2]: Warning: File 'CMakeFiles/micro_ros_msgs__cpp.dir/progress.make' has modification time 18358059 s in the future
gmake[2]: Warning: File 'CMakeFiles/micro_ros_msgs__rosidl_generator_c.dir/flags.make' has modification time 18358059 s in the future
gmake[2]: Warning: File 'CMakeFiles/ament_cmake_python_symlink_micro_ros_msgs.dir/progress.make' has modification time 18358059 s in the future
gmake[2]: warning:  Clock skew detected.  Your build may be incomplete.
gmake[2]: Warning: File 'CMakeFiles/micro_ros_msgs__cpp.dir/progress.make' has modification time 18358059 s in the future
gmake[2]: warning:  Clock skew detected.  Your build may be incomplete.
gmake[2]: warning:  Clock skew detected.  Your build may be incomplete.
gmake[2]: Warning: File 'CMakeFiles/ament_cmake_python_symlink_micro_ros_msgs.dir/progress.make' has modification time 18358059 s in the future
gmake[2]: warning:  Clock skew detected.  Your build may be incomplete.
gmake[2]: Warning: File 'CMakeFiles/micro_ros_msgs__rosidl_generator_c.dir/flags.make' has modification time 18358058 s in the future
gmake[2]: warning:  Clock skew detected.  Your build may be incomplete.
gmake[2]: Warning: File 'CMakeFiles/micro_ros_msgs__rosidl_typesupport_introspection_cpp.dir/flags.make' has modification time 18358058 s in the future
gmake[2]: Warning: File 'CMakeFiles/micro_ros_msgs__rosidl_typesupport_cpp.dir/flags.make' has modification time 18358058 s in the future
gmake[2]: Warning: File 'CMakeFiles/micro_ros_msgs__rosidl_typesupport_microxrcedds_cpp.dir/flags.make' has modification time 18358058 s in the future
gmake[2]: warning:  Clock skew detected.  Your build may be incomplete.
gmake[2]: warning:  Clock skew detected.  Your build may be incomplete.
gmake[2]: warning:  Clock skew detected.  Your build may be incomplete.
gmake[2]: warning:  Clock skew detected.  Your build may be incomplete.
gmake[2]: Warning: File 'CMakeFiles/micro_ros_msgs__rosidl_typesupport_introspection_cpp.dir/flags.make' has modification time 18358058 s in the future
gmake[2]: warning:  Clock skew detected.  Your build may be incomplete.
gmake[2]: Warning: File 'CMakeFiles/micro_ros_msgs__rosidl_typesupport_cpp.dir/flags.make' has modification time 18358058 s in the future
gmake[2]: warning:  Clock skew detected.  Your build may be incomplete.
gmake[2]: Warning: File 'CMakeFiles/micro_ros_msgs__rosidl_typesupport_microxrcedds_cpp.dir/flags.make' has modification time 18358058 s in the future
gmake[2]: warning:  Clock skew detected.  Your build may be incomplete.
gmake[2]: Warning: File 'CMakeFiles/micro_ros_msgs__rosidl_typesupport_fastrtps_cpp.dir/flags.make' has modification time 18358057 s in the future
gmake[2]: Warning: File 'CMakeFiles/ament_cmake_python_build_micro_ros_msgs_egg.dir/progress.make' has modification time 18358057 s in the future
gmake[2]: warning:  Clock skew detected.  Your build may be incomplete.
gmake[2]: Warning: File 'CMakeFiles/micro_ros_msgs__rosidl_typesupport_microxrcedds_c.dir/flags.make' has modification time 18358057 s in the future
gmake[2]: warning:  Clock skew detected.  Your build may be incomplete.
gmake[2]: Warning: File 'CMakeFiles/ament_cmake_python_build_micro_ros_msgs_egg.dir/progress.make' has modification time 18358057 s in the future
gmake[2]: Warning: File 'CMakeFiles/micro_ros_msgs__rosidl_typesupport_fastrtps_cpp.dir/flags.make' has modification time 18358057 s in the future
gmake[2]: warning:  Clock skew detected.  Your build may be incomplete.
gmake[2]: Warning: File 'CMakeFiles/micro_ros_msgs__rosidl_typesupport_fastrtps_c.dir/flags.make' has modification time 18358057 s in the future
gmake[2]: warning:  Clock skew detected.  Your build may be incomplete.
gmake[2]: Warning: File 'CMakeFiles/micro_ros_msgs__rosidl_typesupport_microxrcedds_c.dir/flags.make' has modification time 18358057 s in the future
gmake[2]: warning:  Clock skew detected.  Your build may be incomplete.
gmake[2]: Warning: File 'CMakeFiles/micro_ros_msgs__rosidl_typesupport_introspection_c.dir/flags.make' has modification time 18358056 s in the future
gmake[2]: warning:  Clock skew detected.  Your build may be incomplete.
gmake[2]: Warning: File 'CMakeFiles/micro_ros_msgs__rosidl_typesupport_fastrtps_c.dir/flags.make' has modification time 18358056 s in the future
gmake[2]: warning:  Clock skew detected.  Your build may be incomplete.
gmake[2]: Warning: File 'CMakeFiles/micro_ros_msgs__rosidl_typesupport_c.dir/flags.make' has modification time 18358056 s in the future
gmake[2]: warning:  Clock skew detected.  Your build may be incomplete.
gmake[2]: Warning: File 'CMakeFiles/micro_ros_msgs__rosidl_typesupport_introspection_c.dir/flags.make' has modification time 18358056 s in the future
gmake[2]: warning:  Clock skew detected.  Your build may be incomplete.
gmake[2]: warning:  Clock skew detected.  Your build may be incomplete.
gmake[2]: Warning: File 'CMakeFiles/micro_ros_msgs__rosidl_typesupport_c.dir/flags.make' has modification time 18358056 s in the future
gmake[2]: warning:  Clock skew detected.  Your build may be incomplete.
gmake[2]: Warning: File 'CMakeFiles/micro_ros_msgs.dir/progress.make' has modification time 18358056 s in the future
gmake[2]: warning:  Clock skew detected.  Your build may be incomplete.
gmake[2]: Warning: File 'CMakeFiles/micro_ros_msgs.dir/progress.make' has modification time 18358055 s in the future
gmake[2]: warning:  Clock skew detected.  Your build may be incomplete.
gmake[2]: Warning: File 'micro_ros_msgs__py/CMakeFiles/micro_ros_msgs__py.dir/progress.make' has modification time 18358055 s in the future
gmake[2]: warning:  Clock skew detected.  Your build may be incomplete.
gmake[2]: Warning: File 'micro_ros_msgs__py/CMakeFiles/micro_ros_msgs__py.dir/progress.make' has modification time 18358055 s in the future
gmake[2]: warning:  Clock skew detected.  Your build may be incomplete.
gmake[2]: Warning: File 'CMakeFiles/micro_ros_msgs__rosidl_generator_py.dir/flags.make' has modification time 18358055 s in the future
gmake[2]: warning:  Clock skew detected.  Your build may be incomplete.
gmake[2]: Warning: File 'CMakeFiles/micro_ros_msgs__rosidl_generator_py.dir/flags.make' has modification time 18358054 s in the future
gmake[2]: warning:  Clock skew detected.  Your build may be incomplete.
gmake[2]: Warning: File 'CMakeFiles/micro_ros_msgs__rosidl_typesupport_microxrcedds_c__pyext.dir/flags.make' has modification time 18358054 s in the future
gmake[2]: Warning: File 'CMakeFiles/micro_ros_msgs__rosidl_typesupport_fastrtps_c__pyext.dir/flags.make' has modification time 18358054 s in the future
gmake[2]: Warning: File 'CMakeFiles/micro_ros_msgs__rosidl_typesupport_introspection_c__pyext.dir/flags.make' has modification time 18358054 s in the future
gmake[2]: warning:  Clock skew detected.  Your build may be incomplete.
gmake[2]: Warning: File 'CMakeFiles/micro_ros_msgs__rosidl_typesupport_fastrtps_c__pyext.dir/flags.make' has modification time 18358053 s in the future
gmake[2]: warning:  Clock skew detected.  Your build may be incomplete.
gmake[2]: warning:  Clock skew detected.  Your build may be incomplete.
gmake[2]: Warning: File 'CMakeFiles/micro_ros_msgs__rosidl_typesupport_microxrcedds_c__pyext.dir/flags.make' has modification time 18358053 s in the future
gmake[2]: warning:  Clock skew detected.  Your build may be incomplete.
gmake[2]: Warning: File 'CMakeFiles/micro_ros_msgs__rosidl_typesupport_c__pyext.dir/flags.make' has modification time 18358053 s in the future
gmake[2]: warning:  Clock skew detected.  Your build may be incomplete.
gmake[2]: Warning: File 'CMakeFiles/micro_ros_msgs__rosidl_typesupport_introspection_c__pyext.dir/flags.make' has modification time 18358053 s in the future
gmake[2]: warning:  Clock skew detected.  Your build may be incomplete.
gmake[2]: warning:  Clock skew detected.  Your build may be incomplete.
gmake[2]: Warning: File 'CMakeFiles/micro_ros_msgs__rosidl_typesupport_c__pyext.dir/flags.make' has modification time 18358053 s in the future
gmake[2]: warning:  Clock skew detected.  Your build may be incomplete.
gmake[2]: warning:  Clock skew detected.  Your build may be incomplete.
gmake[1]: warning:  Clock skew detected.  Your build may be incomplete.
gmake: warning:  Clock skew detected.  Your build may be incomplete.
