[0.111s] Invoking command in '/home/ubuntu/microros_ws/build/micro_ros_setup': CMAKE_PREFIX_PATH=/opt/ros/humble /usr/bin/cmake --build /home/ubuntu/microros_ws/build/micro_ros_setup -- -j4 -l4
[0.394s] Invoked command in '/home/ubuntu/microros_ws/build/micro_ros_setup' returned '0': CMAKE_PREFIX_PATH=/opt/ros/humble /usr/bin/cmake --build /home/ubuntu/microros_ws/build/micro_ros_setup -- -j4 -l4
[0.535s] Invoking command in '/home/ubuntu/microros_ws/build/micro_ros_setup': CMAKE_PREFIX_PATH=/opt/ros/humble /usr/bin/cmake --install /home/ubuntu/microros_ws/build/micro_ros_setup
[0.587s] -- Install configuration: ""
[0.592s] -- Execute custom install script
[0.595s] -- Up-to-date symlink: /home/ubuntu/microros_ws/install/micro_ros_setup/share/ament_index/resource_index/package_run_dependencies/micro_ros_setup
[0.598s] -- Up-to-date symlink: /home/ubuntu/microros_ws/install/micro_ros_setup/share/ament_index/resource_index/parent_prefix_path/micro_ros_setup
[0.600s] -- Up-to-date symlink: /home/ubuntu/microros_ws/install/micro_ros_setup/share/micro_ros_setup/environment/ament_prefix_path.sh
[0.605s] -- Up-to-date symlink: /home/ubuntu/microros_ws/install/micro_ros_setup/share/micro_ros_setup/environment/ament_prefix_path.dsv
[0.608s] -- Up-to-date symlink: /home/ubuntu/microros_ws/install/micro_ros_setup/share/micro_ros_setup/environment/path.sh
[0.610s] -- Up-to-date symlink: /home/ubuntu/microros_ws/install/micro_ros_setup/share/micro_ros_setup/environment/path.dsv
[0.612s] -- Up-to-date symlink: /home/ubuntu/microros_ws/install/micro_ros_setup/share/micro_ros_setup/local_setup.bash
[0.614s] -- Up-to-date symlink: /home/ubuntu/microros_ws/install/micro_ros_setup/share/micro_ros_setup/local_setup.sh
[0.616s] -- Up-to-date symlink: /home/ubuntu/microros_ws/install/micro_ros_setup/share/micro_ros_setup/local_setup.zsh
[0.618s] -- Up-to-date symlink: /home/ubuntu/microros_ws/install/micro_ros_setup/share/micro_ros_setup/local_setup.dsv
[0.619s] -- Symlinking: /home/ubuntu/microros_ws/install/micro_ros_setup/share/micro_ros_setup/package.dsv
[0.671s] -- Up-to-date symlink: /home/ubuntu/microros_ws/install/micro_ros_setup/share/ament_index/resource_index/packages/micro_ros_setup
[0.672s] -- Up-to-date symlink: /home/ubuntu/microros_ws/install/micro_ros_setup/share/micro_ros_setup/cmake/micro_ros_setupConfig.cmake
[0.674s] -- Up-to-date symlink: /home/ubuntu/microros_ws/install/micro_ros_setup/share/micro_ros_setup/cmake/micro_ros_setupConfig-version.cmake
[0.675s] -- Up-to-date symlink: /home/ubuntu/microros_ws/install/micro_ros_setup/share/micro_ros_setup/package.xml
[0.676s] -- Up-to-date symlink: /home/ubuntu/microros_ws/install/micro_ros_setup/lib/micro_ros_setup/create_ws.sh
[0.677s] -- Up-to-date symlink: /home/ubuntu/microros_ws/install/micro_ros_setup/lib/micro_ros_setup/create_agent_ws.sh
[0.678s] -- Up-to-date symlink: /home/ubuntu/microros_ws/install/micro_ros_setup/lib/micro_ros_setup/create_firmware_ws.sh
[0.680s] -- Up-to-date symlink: /home/ubuntu/microros_ws/install/micro_ros_setup/lib/micro_ros_setup/configure_firmware.sh
[0.680s] -- Up-to-date symlink: /home/ubuntu/microros_ws/install/micro_ros_setup/lib/micro_ros_setup/flash_firmware.sh
[0.681s] -- Up-to-date symlink: /home/ubuntu/microros_ws/install/micro_ros_setup/lib/micro_ros_setup/build_firmware.sh
[0.682s] -- Up-to-date symlink: /home/ubuntu/microros_ws/install/micro_ros_setup/lib/micro_ros_setup/build_agent.sh
[0.683s] -- Up-to-date symlink: /home/ubuntu/microros_ws/install/micro_ros_setup/lib/micro_ros_setup/yaml_filter.py
[0.684s] -- Up-to-date symlink: /home/ubuntu/microros_ws/install/micro_ros_setup/lib/micro_ros_setup/clean_env.sh
[0.688s] -- Up-to-date symlink: /home/ubuntu/microros_ws/install/micro_ros_setup/lib/micro_ros_setup/component
[0.689s] -- Up-to-date: /home/ubuntu/microros_ws/install/micro_ros_setup/./config
[0.690s] -- Up-to-date: /home/ubuntu/microros_ws/install/micro_ros_setup/./config/generate_lib
[0.691s] -- Up-to-date: /home/ubuntu/microros_ws/install/micro_ros_setup/./config/generate_lib/generic
[0.691s] -- Up-to-date: /home/ubuntu/microros_ws/install/micro_ros_setup/./config/generate_lib/generic/create.sh
[0.692s] -- Up-to-date: /home/ubuntu/microros_ws/install/micro_ros_setup/./config/generate_lib/generic/package.xml
[0.692s] -- Up-to-date: /home/ubuntu/microros_ws/install/micro_ros_setup/./config/generate_lib/generic/demo_toolchain.cmake
[0.693s] -- Up-to-date: /home/ubuntu/microros_ws/install/micro_ros_setup/./config/generate_lib/generic/flash.sh
[0.693s] -- Up-to-date: /home/ubuntu/microros_ws/install/micro_ros_setup/./config/generate_lib/generic/client_uros_packages.repos
[0.694s] -- Up-to-date: /home/ubuntu/microros_ws/install/micro_ros_setup/./config/generate_lib/generic/build.sh
[0.695s] -- Up-to-date: /home/ubuntu/microros_ws/install/micro_ros_setup/./config/generate_lib/generic/client-colcon.meta
[0.696s] -- Up-to-date: /home/ubuntu/microros_ws/install/micro_ros_setup/./config/generate_lib/dev_uros_packages.repos
[0.696s] -- Up-to-date: /home/ubuntu/microros_ws/install/micro_ros_setup/./config/generate_lib/dev_ros2_packages.txt
[0.697s] -- Up-to-date: /home/ubuntu/microros_ws/install/micro_ros_setup/./config/raspbian
[0.697s] -- Up-to-date: /home/ubuntu/microros_ws/install/micro_ros_setup/./config/raspbian/generic
[0.699s] -- Up-to-date: /home/ubuntu/microros_ws/install/micro_ros_setup/./config/raspbian/generic/create.sh
[0.700s] -- Up-to-date: /home/ubuntu/microros_ws/install/micro_ros_setup/./config/raspbian/generic/flash.sh
[0.701s] -- Up-to-date: /home/ubuntu/microros_ws/install/micro_ros_setup/./config/raspbian/generic/client_uros_packages.repos
[0.701s] -- Up-to-date: /home/ubuntu/microros_ws/install/micro_ros_setup/./config/raspbian/generic/build.sh
[0.702s] -- Up-to-date: /home/ubuntu/microros_ws/install/micro_ros_setup/./config/raspbian/generic/client-colcon.meta
[0.703s] -- Up-to-date: /home/ubuntu/microros_ws/install/micro_ros_setup/./config/raspbian/generic/configure.sh
[0.704s] -- Up-to-date: /home/ubuntu/microros_ws/install/micro_ros_setup/./config/raspbian/generic/supported_platforms
[0.705s] -- Up-to-date: /home/ubuntu/microros_ws/install/micro_ros_setup/./config/raspbian/dev_uros_packages.repos
[0.705s] -- Up-to-date: /home/ubuntu/microros_ws/install/micro_ros_setup/./config/raspbian/dev_ros2_packages.txt
[0.706s] -- Up-to-date: /home/ubuntu/microros_ws/install/micro_ros_setup/./config/renesas_ra
[0.707s] -- Up-to-date: /home/ubuntu/microros_ws/install/micro_ros_setup/./config/renesas_ra/ra6m5
[0.707s] -- Up-to-date: /home/ubuntu/microros_ws/install/micro_ros_setup/./config/renesas_ra/ra6m5/create.sh
[0.708s] -- Up-to-date: /home/ubuntu/microros_ws/install/micro_ros_setup/./config/renesas_ra/ra6m5/board.repos
[0.709s] -- Up-to-date: /home/ubuntu/microros_ws/install/micro_ros_setup/./config/renesas_ra/ra6m5/flash.sh
[0.709s] -- Up-to-date: /home/ubuntu/microros_ws/install/micro_ros_setup/./config/renesas_ra/ra6m5/client_uros_packages.repos
[0.711s] -- Up-to-date: /home/ubuntu/microros_ws/install/micro_ros_setup/./config/renesas_ra/ra6m5/build.sh
[0.712s] -- Up-to-date: /home/ubuntu/microros_ws/install/micro_ros_setup/./config/renesas_ra/ra6m5/client-colcon.meta
[0.713s] -- Up-to-date: /home/ubuntu/microros_ws/install/micro_ros_setup/./config/renesas_ra/ra6m5/configure.sh
[0.714s] -- Up-to-date: /home/ubuntu/microros_ws/install/micro_ros_setup/./config/renesas_ra/dev_uros_packages.repos
[0.715s] -- Up-to-date: /home/ubuntu/microros_ws/install/micro_ros_setup/./config/renesas_ra/dev_ros2_packages.txt
[0.716s] -- Up-to-date: /home/ubuntu/microros_ws/install/micro_ros_setup/./config/renesas_ra/list_apps.sh
[0.717s] -- Up-to-date: /home/ubuntu/microros_ws/install/micro_ros_setup/./config/freertos
[0.718s] -- Up-to-date: /home/ubuntu/microros_ws/install/micro_ros_setup/./config/freertos/nucleo_f767zi
[0.720s] -- Up-to-date: /home/ubuntu/microros_ws/install/micro_ros_setup/./config/freertos/nucleo_f767zi/create.sh
[0.725s] -- Up-to-date: /home/ubuntu/microros_ws/install/micro_ros_setup/./config/freertos/nucleo_f767zi/package.xml
[0.726s] -- Up-to-date: /home/ubuntu/microros_ws/install/micro_ros_setup/./config/freertos/nucleo_f767zi/board.repos
[0.727s] -- Up-to-date: /home/ubuntu/microros_ws/install/micro_ros_setup/./config/freertos/nucleo_f767zi/flash.sh
[0.729s] -- Up-to-date: /home/ubuntu/microros_ws/install/micro_ros_setup/./config/freertos/nucleo_f767zi/client_uros_packages.repos
[0.730s] -- Up-to-date: /home/ubuntu/microros_ws/install/micro_ros_setup/./config/freertos/nucleo_f767zi/build.sh
[0.731s] -- Up-to-date: /home/ubuntu/microros_ws/install/micro_ros_setup/./config/freertos/nucleo_f767zi/client-colcon.meta
[0.732s] -- Up-to-date: /home/ubuntu/microros_ws/install/micro_ros_setup/./config/freertos/nucleo_f767zi/configure.sh
[0.733s] -- Up-to-date: /home/ubuntu/microros_ws/install/micro_ros_setup/./config/freertos/nucleo_f746zg
[0.734s] -- Up-to-date: /home/ubuntu/microros_ws/install/micro_ros_setup/./config/freertos/nucleo_f746zg/create.sh
[0.735s] -- Up-to-date: /home/ubuntu/microros_ws/install/micro_ros_setup/./config/freertos/nucleo_f746zg/package.xml
[0.736s] -- Up-to-date: /home/ubuntu/microros_ws/install/micro_ros_setup/./config/freertos/nucleo_f746zg/board.repos
[0.737s] -- Up-to-date: /home/ubuntu/microros_ws/install/micro_ros_setup/./config/freertos/nucleo_f746zg/flash.sh
[0.738s] -- Up-to-date: /home/ubuntu/microros_ws/install/micro_ros_setup/./config/freertos/nucleo_f746zg/client_uros_packages.repos
[0.739s] -- Up-to-date: /home/ubuntu/microros_ws/install/micro_ros_setup/./config/freertos/nucleo_f746zg/build.sh
[0.742s] -- Up-to-date: /home/ubuntu/microros_ws/install/micro_ros_setup/./config/freertos/nucleo_f746zg/client-colcon.meta
[0.743s] -- Up-to-date: /home/ubuntu/microros_ws/install/micro_ros_setup/./config/freertos/nucleo_f746zg/configure.sh
[0.744s] -- Up-to-date: /home/ubuntu/microros_ws/install/micro_ros_setup/./config/freertos/olimex-stm32-e407
[0.745s] -- Up-to-date: /home/ubuntu/microros_ws/install/micro_ros_setup/./config/freertos/olimex-stm32-e407/create.sh
[0.745s] -- Up-to-date: /home/ubuntu/microros_ws/install/micro_ros_setup/./config/freertos/olimex-stm32-e407/package.xml
[0.746s] -- Up-to-date: /home/ubuntu/microros_ws/install/micro_ros_setup/./config/freertos/olimex-stm32-e407/board.repos
[0.747s] -- Up-to-date: /home/ubuntu/microros_ws/install/micro_ros_setup/./config/freertos/olimex-stm32-e407/flash.sh
[0.748s] -- Up-to-date: /home/ubuntu/microros_ws/install/micro_ros_setup/./config/freertos/olimex-stm32-e407/client_uros_packages.repos
[0.749s] -- Up-to-date: /home/ubuntu/microros_ws/install/micro_ros_setup/./config/freertos/olimex-stm32-e407/build.sh
[0.749s] -- Up-to-date: /home/ubuntu/microros_ws/install/micro_ros_setup/./config/freertos/olimex-stm32-e407/client-colcon.meta
[0.750s] -- Up-to-date: /home/ubuntu/microros_ws/install/micro_ros_setup/./config/freertos/olimex-stm32-e407/configure.sh
[0.751s] -- Up-to-date: /home/ubuntu/microros_ws/install/micro_ros_setup/./config/freertos/esp32
[0.752s] -- Up-to-date: /home/ubuntu/microros_ws/install/micro_ros_setup/./config/freertos/esp32/README.md
[0.753s] -- Up-to-date: /home/ubuntu/microros_ws/install/micro_ros_setup/./config/freertos/esp32/create.sh
[0.754s] -- Up-to-date: /home/ubuntu/microros_ws/install/micro_ros_setup/./config/freertos/esp32/package.xml
[0.755s] -- Up-to-date: /home/ubuntu/microros_ws/install/micro_ros_setup/./config/freertos/esp32/board.repos
[0.755s] -- Up-to-date: /home/ubuntu/microros_ws/install/micro_ros_setup/./config/freertos/esp32/flash.sh
[0.755s] -- Up-to-date: /home/ubuntu/microros_ws/install/micro_ros_setup/./config/freertos/esp32/client_uros_packages.repos
[0.756s] -- Up-to-date: /home/ubuntu/microros_ws/install/micro_ros_setup/./config/freertos/esp32/build.sh
[0.756s] -- Up-to-date: /home/ubuntu/microros_ws/install/micro_ros_setup/./config/freertos/esp32/client-colcon.meta
[0.757s] -- Up-to-date: /home/ubuntu/microros_ws/install/micro_ros_setup/./config/freertos/esp32/configure.sh
[0.757s] -- Up-to-date: /home/ubuntu/microros_ws/install/micro_ros_setup/./config/freertos/nucleo_f446ze
[0.758s] -- Up-to-date: /home/ubuntu/microros_ws/install/micro_ros_setup/./config/freertos/nucleo_f446ze/create.sh
[0.758s] -- Up-to-date: /home/ubuntu/microros_ws/install/micro_ros_setup/./config/freertos/nucleo_f446ze/package.xml
[0.759s] -- Up-to-date: /home/ubuntu/microros_ws/install/micro_ros_setup/./config/freertos/nucleo_f446ze/board.repos
[0.760s] -- Up-to-date: /home/ubuntu/microros_ws/install/micro_ros_setup/./config/freertos/nucleo_f446ze/flash.sh
[0.761s] -- Up-to-date: /home/ubuntu/microros_ws/install/micro_ros_setup/./config/freertos/nucleo_f446ze/client_uros_packages.repos
[0.784s] -- Up-to-date: /home/ubuntu/microros_ws/install/micro_ros_setup/./config/freertos/nucleo_f446ze/build.sh
[0.785s] -- Up-to-date: /home/ubuntu/microros_ws/install/micro_ros_setup/./config/freertos/nucleo_f446ze/client-colcon.meta
[0.785s] -- Up-to-date: /home/ubuntu/microros_ws/install/micro_ros_setup/./config/freertos/nucleo_f446ze/configure.sh
[0.786s] -- Up-to-date: /home/ubuntu/microros_ws/install/micro_ros_setup/./config/freertos/dev_uros_packages.repos
[0.788s] -- Up-to-date: /home/ubuntu/microros_ws/install/micro_ros_setup/./config/freertos/dev_ros2_packages.txt
[0.789s] -- Up-to-date: /home/ubuntu/microros_ws/install/micro_ros_setup/./config/freertos/list_apps.sh
[0.790s] -- Up-to-date: /home/ubuntu/microros_ws/install/micro_ros_setup/./config/freertos/crazyflie21
[0.791s] -- Up-to-date: /home/ubuntu/microros_ws/install/micro_ros_setup/./config/freertos/crazyflie21/create.sh
[0.793s] -- Up-to-date: /home/ubuntu/microros_ws/install/micro_ros_setup/./config/freertos/crazyflie21/package.xml
[0.794s] -- Up-to-date: /home/ubuntu/microros_ws/install/micro_ros_setup/./config/freertos/crazyflie21/board.repos
[0.795s] -- Up-to-date: /home/ubuntu/microros_ws/install/micro_ros_setup/./config/freertos/crazyflie21/flash.sh
[0.796s] -- Up-to-date: /home/ubuntu/microros_ws/install/micro_ros_setup/./config/freertos/crazyflie21/client_uros_packages.repos
[0.797s] -- Up-to-date: /home/ubuntu/microros_ws/install/micro_ros_setup/./config/freertos/crazyflie21/build.sh
[0.799s] -- Up-to-date: /home/ubuntu/microros_ws/install/micro_ros_setup/./config/freertos/crazyflie21/client-colcon.meta
[0.800s] -- Up-to-date: /home/ubuntu/microros_ws/install/micro_ros_setup/./config/freertos/crazyflie21/configure.sh
[0.809s] -- Up-to-date: /home/ubuntu/microros_ws/install/micro_ros_setup/./config/freertos/nucleo_f446re
[0.812s] -- Up-to-date: /home/ubuntu/microros_ws/install/micro_ros_setup/./config/freertos/nucleo_f446re/create.sh
[0.812s] -- Up-to-date: /home/ubuntu/microros_ws/install/micro_ros_setup/./config/freertos/nucleo_f446re/package.xml
[0.813s] -- Up-to-date: /home/ubuntu/microros_ws/install/micro_ros_setup/./config/freertos/nucleo_f446re/board.repos
[0.815s] -- Up-to-date: /home/ubuntu/microros_ws/install/micro_ros_setup/./config/freertos/nucleo_f446re/flash.sh
[0.817s] -- Up-to-date: /home/ubuntu/microros_ws/install/micro_ros_setup/./config/freertos/nucleo_f446re/client_uros_packages.repos
[0.818s] -- Up-to-date: /home/ubuntu/microros_ws/install/micro_ros_setup/./config/freertos/nucleo_f446re/build.sh
[0.819s] -- Up-to-date: /home/ubuntu/microros_ws/install/micro_ros_setup/./config/freertos/nucleo_f446re/client-colcon.meta
[0.820s] -- Up-to-date: /home/ubuntu/microros_ws/install/micro_ros_setup/./config/freertos/nucleo_f446re/configure.sh
[0.821s] -- Up-to-date: /home/ubuntu/microros_ws/install/micro_ros_setup/./config/mbed
[0.821s] -- Up-to-date: /home/ubuntu/microros_ws/install/micro_ros_setup/./config/mbed/generic
[0.822s] -- Up-to-date: /home/ubuntu/microros_ws/install/micro_ros_setup/./config/mbed/generic/create.sh
[0.824s] -- Up-to-date: /home/ubuntu/microros_ws/install/micro_ros_setup/./config/mbed/generic/package.xml
[0.828s] -- Up-to-date: /home/ubuntu/microros_ws/install/micro_ros_setup/./config/mbed/generic/board.repos
[0.829s] -- Up-to-date: /home/ubuntu/microros_ws/install/micro_ros_setup/./config/mbed/generic/flash.sh
[0.830s] -- Up-to-date: /home/ubuntu/microros_ws/install/micro_ros_setup/./config/mbed/generic/client_uros_packages.repos
[0.831s] -- Up-to-date: /home/ubuntu/microros_ws/install/micro_ros_setup/./config/mbed/generic/build.sh
[0.832s] -- Up-to-date: /home/ubuntu/microros_ws/install/micro_ros_setup/./config/mbed/generic/supported_platforms
[0.833s] -- Up-to-date: /home/ubuntu/microros_ws/install/micro_ros_setup/./config/mbed/dev_uros_packages.repos
[0.833s] -- Up-to-date: /home/ubuntu/microros_ws/install/micro_ros_setup/./config/mbed/dev_ros2_packages.txt
[0.835s] -- Up-to-date: /home/ubuntu/microros_ws/install/micro_ros_setup/./config/mbed/list_apps.sh
[0.836s] -- Up-to-date: /home/ubuntu/microros_ws/install/micro_ros_setup/./config/host
[0.836s] -- Up-to-date: /home/ubuntu/microros_ws/install/micro_ros_setup/./config/host/generic
[0.837s] -- Up-to-date: /home/ubuntu/microros_ws/install/micro_ros_setup/./config/host/generic/client_host_packages.repos
[0.837s] -- Up-to-date: /home/ubuntu/microros_ws/install/micro_ros_setup/./config/host/generic/create.sh
[0.838s] -- Up-to-date: /home/ubuntu/microros_ws/install/micro_ros_setup/./config/host/generic/client-host-colcon.meta
[0.839s] -- Up-to-date: /home/ubuntu/microros_ws/install/micro_ros_setup/./config/host/generic/package.xml
[0.845s] -- Up-to-date: /home/ubuntu/microros_ws/install/micro_ros_setup/./config/host/generic/flash.sh
[0.846s] -- Up-to-date: /home/ubuntu/microros_ws/install/micro_ros_setup/./config/host/generic/build.sh
[0.846s] -- Up-to-date: /home/ubuntu/microros_ws/install/micro_ros_setup/./config/host/client_ros2_packages.txt
[0.848s] -- Up-to-date: /home/ubuntu/microros_ws/install/micro_ros_setup/./config/host/dev_uros_packages.repos
[0.850s] -- Up-to-date: /home/ubuntu/microros_ws/install/micro_ros_setup/./config/host/dev_ros2_packages.txt
[0.851s] -- Up-to-date: /home/ubuntu/microros_ws/install/micro_ros_setup/./config/client_uros_packages.repos
[0.851s] -- Up-to-date: /home/ubuntu/microros_ws/install/micro_ros_setup/./config/client_ros2_packages.txt
[0.852s] -- Up-to-date: /home/ubuntu/microros_ws/install/micro_ros_setup/./config/agent_ros2_packages.txt
[0.852s] -- Up-to-date: /home/ubuntu/microros_ws/install/micro_ros_setup/./config/utils.sh
[0.853s] -- Up-to-date: /home/ubuntu/microros_ws/install/micro_ros_setup/./config/agent_uros_packages.repos
[0.853s] -- Up-to-date: /home/ubuntu/microros_ws/install/micro_ros_setup/./config/android
[0.853s] -- Up-to-date: /home/ubuntu/microros_ws/install/micro_ros_setup/./config/android/generic
[0.865s] -- Up-to-date: /home/ubuntu/microros_ws/install/micro_ros_setup/./config/android/generic/create.sh
[0.866s] -- Up-to-date: /home/ubuntu/microros_ws/install/micro_ros_setup/./config/android/generic/package.xml
[0.866s] -- Up-to-date: /home/ubuntu/microros_ws/install/micro_ros_setup/./config/android/generic/flash.sh
[0.867s] -- Up-to-date: /home/ubuntu/microros_ws/install/micro_ros_setup/./config/android/generic/client_uros_packages.repos
[0.868s] -- Up-to-date: /home/ubuntu/microros_ws/install/micro_ros_setup/./config/android/generic/build.sh
[0.868s] -- Up-to-date: /home/ubuntu/microros_ws/install/micro_ros_setup/./config/android/generic/client-colcon.meta
[0.869s] -- Up-to-date: /home/ubuntu/microros_ws/install/micro_ros_setup/./config/android/dev_uros_packages.repos
[0.870s] -- Up-to-date: /home/ubuntu/microros_ws/install/micro_ros_setup/./config/android/dev_ros2_packages.txt
[0.870s] -- Up-to-date: /home/ubuntu/microros_ws/install/micro_ros_setup/./config/zephyr
[0.872s] -- Up-to-date: /home/ubuntu/microros_ws/install/micro_ros_setup/./config/zephyr/generic
[0.879s] -- Up-to-date: /home/ubuntu/microros_ws/install/micro_ros_setup/./config/zephyr/generic/create.sh
[0.880s] -- Up-to-date: /home/ubuntu/microros_ws/install/micro_ros_setup/./config/zephyr/generic/package.xml
[0.881s] -- Up-to-date: /home/ubuntu/microros_ws/install/micro_ros_setup/./config/zephyr/generic/board.repos
[0.882s] -- Up-to-date: /home/ubuntu/microros_ws/install/micro_ros_setup/./config/zephyr/generic/flash.sh
[0.883s] -- Up-to-date: /home/ubuntu/microros_ws/install/micro_ros_setup/./config/zephyr/generic/client_uros_packages.repos
[0.883s] -- Up-to-date: /home/ubuntu/microros_ws/install/micro_ros_setup/./config/zephyr/generic/build.sh
[0.884s] -- Up-to-date: /home/ubuntu/microros_ws/install/micro_ros_setup/./config/zephyr/generic/client-colcon.meta
[0.885s] -- Up-to-date: /home/ubuntu/microros_ws/install/micro_ros_setup/./config/zephyr/generic/configure.sh
[0.885s] -- Up-to-date: /home/ubuntu/microros_ws/install/micro_ros_setup/./config/zephyr/generic/supported_platforms
[0.886s] -- Up-to-date: /home/ubuntu/microros_ws/install/micro_ros_setup/./config/zephyr/dev_uros_packages.repos
[0.887s] -- Up-to-date: /home/ubuntu/microros_ws/install/micro_ros_setup/./config/zephyr/dev_ros2_packages.txt
[0.888s] -- Up-to-date: /home/ubuntu/microros_ws/install/micro_ros_setup/./config/zephyr/list_apps.sh
[0.889s] Invoked command in '/home/ubuntu/microros_ws/build/micro_ros_setup' returned '0': CMAKE_PREFIX_PATH=/opt/ros/humble /usr/bin/cmake --install /home/ubuntu/microros_ws/build/micro_ros_setup
