[0.051s] Invoking command in '/home/ubuntu/microros_ws/build/std_srvs': CMAKE_PREFIX_PATH=/opt/ros/humble /usr/bin/cmake --build /home/ubuntu/microros_ws/build/std_srvs -- -j4 -l4
[0.300s] [  2%] Built target std_srvs__cpp
[0.424s] [  2%] Built target ament_cmake_python_symlink_std_srvs
[0.535s] [ 12%] Built target std_srvs__rosidl_typesupport_fastrtps_cpp
[0.660s] [ 23%] Built target std_srvs__rosidl_typesupport_introspection_cpp
[2.641s] running egg_info
[2.645s] writing std_srvs.egg-info/PKG-INFO
[2.647s] writing dependency_links to std_srvs.egg-info/dependency_links.txt
[2.649s] writing top-level names to std_srvs.egg-info/top_level.txt
[2.666s] reading manifest file 'std_srvs.egg-info/SOURCES.txt'
[2.669s] writing manifest file 'std_srvs.egg-info/SOURCES.txt'
[2.845s] [ 23%] Built target ament_cmake_python_build_std_srvs_egg
[2.947s] [ 34%] Built target std_srvs__rosidl_typesupport_cpp
[3.053s] [ 44%] Built target std_srvs__rosidl_generator_c
[3.164s] [ 55%] Built target std_srvs__rosidl_typesupport_fastrtps_c
[3.284s] [ 65%] Built target std_srvs__rosidl_typesupport_c
[3.383s] [ 76%] Built target std_srvs__rosidl_typesupport_introspection_c
[3.482s] [ 76%] Built target std_srvs
[3.581s] [ 78%] Built target std_srvs__py
[3.693s] [ 87%] Built target std_srvs__rosidl_generator_py
[3.845s] [ 91%] Built target std_srvs__rosidl_typesupport_fastrtps_c__pyext
[4.012s] [ 95%] Built target std_srvs__rosidl_typesupport_c__pyext
[4.150s] [100%] Built target std_srvs__rosidl_typesupport_introspection_c__pyext
[4.235s] Invoked command in '/home/ubuntu/microros_ws/build/std_srvs' returned '0': CMAKE_PREFIX_PATH=/opt/ros/humble /usr/bin/cmake --build /home/ubuntu/microros_ws/build/std_srvs -- -j4 -l4
[5.286s] Invoking command in '/home/ubuntu/microros_ws/build/std_srvs': CMAKE_PREFIX_PATH=/opt/ros/humble /usr/bin/cmake --install /home/ubuntu/microros_ws/build/std_srvs
[5.338s] -- Install configuration: ""
[5.341s] -- Execute custom install script
[5.344s] -- Up-to-date symlink: /home/ubuntu/microros_ws/install/std_srvs/share/ament_index/resource_index/rosidl_interfaces/std_srvs
[5.348s] -- Up-to-date symlink: /home/ubuntu/microros_ws/install/std_srvs/include/std_srvs/std_srvs/msg/rosidl_generator_c__visibility_control.h
[5.349s] -- Up-to-date symlink: /home/ubuntu/microros_ws/install/std_srvs/include/std_srvs/std_srvs/srv/detail/empty__functions.h
[5.351s] -- Up-to-date symlink: /home/ubuntu/microros_ws/install/std_srvs/include/std_srvs/std_srvs/srv/detail/empty__struct.h
[5.351s] -- Up-to-date symlink: /home/ubuntu/microros_ws/install/std_srvs/include/std_srvs/std_srvs/srv/detail/empty__type_support.h
[5.353s] -- Up-to-date symlink: /home/ubuntu/microros_ws/install/std_srvs/include/std_srvs/std_srvs/srv/detail/set_bool__functions.h
[5.354s] -- Up-to-date symlink: /home/ubuntu/microros_ws/install/std_srvs/include/std_srvs/std_srvs/srv/detail/set_bool__struct.h
[5.356s] -- Up-to-date symlink: /home/ubuntu/microros_ws/install/std_srvs/include/std_srvs/std_srvs/srv/detail/set_bool__type_support.h
[5.357s] -- Up-to-date symlink: /home/ubuntu/microros_ws/install/std_srvs/include/std_srvs/std_srvs/srv/detail/trigger__functions.h
[5.358s] -- Up-to-date symlink: /home/ubuntu/microros_ws/install/std_srvs/include/std_srvs/std_srvs/srv/detail/trigger__struct.h
[5.359s] -- Up-to-date symlink: /home/ubuntu/microros_ws/install/std_srvs/include/std_srvs/std_srvs/srv/detail/trigger__type_support.h
[5.361s] -- Up-to-date symlink: /home/ubuntu/microros_ws/install/std_srvs/include/std_srvs/std_srvs/srv/empty.h
[5.362s] -- Up-to-date symlink: /home/ubuntu/microros_ws/install/std_srvs/include/std_srvs/std_srvs/srv/set_bool.h
[5.363s] -- Up-to-date symlink: /home/ubuntu/microros_ws/install/std_srvs/include/std_srvs/std_srvs/srv/trigger.h
[5.364s] -- Up-to-date symlink: /home/ubuntu/microros_ws/install/std_srvs/share/std_srvs/environment/library_path.sh
[5.365s] -- Up-to-date symlink: /home/ubuntu/microros_ws/install/std_srvs/share/std_srvs/environment/library_path.dsv
[5.370s] -- Up-to-date symlink: /home/ubuntu/microros_ws/install/std_srvs/include/std_srvs/std_srvs/msg/rosidl_typesupport_fastrtps_c__visibility_control.h
[5.371s] -- Up-to-date symlink: /home/ubuntu/microros_ws/install/std_srvs/include/std_srvs/std_srvs/srv/detail/empty__rosidl_typesupport_fastrtps_c.h
[5.400s] -- Up-to-date symlink: /home/ubuntu/microros_ws/install/std_srvs/include/std_srvs/std_srvs/srv/detail/set_bool__rosidl_typesupport_fastrtps_c.h
[5.403s] -- Up-to-date symlink: /home/ubuntu/microros_ws/install/std_srvs/include/std_srvs/std_srvs/srv/detail/trigger__rosidl_typesupport_fastrtps_c.h
[5.412s] -- Up-to-date symlink: /home/ubuntu/microros_ws/install/std_srvs/include/std_srvs/std_srvs/msg/rosidl_typesupport_introspection_c__visibility_control.h
[5.423s] -- Up-to-date symlink: /home/ubuntu/microros_ws/install/std_srvs/include/std_srvs/std_srvs/srv/detail/empty__rosidl_typesupport_introspection_c.h
[5.424s] -- Up-to-date symlink: /home/ubuntu/microros_ws/install/std_srvs/include/std_srvs/std_srvs/srv/detail/set_bool__rosidl_typesupport_introspection_c.h
[5.424s] -- Up-to-date symlink: /home/ubuntu/microros_ws/install/std_srvs/include/std_srvs/std_srvs/srv/detail/trigger__rosidl_typesupport_introspection_c.h
[5.425s] -- Up-to-date symlink: /home/ubuntu/microros_ws/install/std_srvs/include/std_srvs/std_srvs/srv/detail/empty__builder.hpp
[5.425s] -- Up-to-date symlink: /home/ubuntu/microros_ws/install/std_srvs/include/std_srvs/std_srvs/srv/detail/empty__struct.hpp
[5.426s] -- Up-to-date symlink: /home/ubuntu/microros_ws/install/std_srvs/include/std_srvs/std_srvs/srv/detail/empty__traits.hpp
[5.427s] -- Up-to-date symlink: /home/ubuntu/microros_ws/install/std_srvs/include/std_srvs/std_srvs/srv/detail/set_bool__builder.hpp
[5.428s] -- Up-to-date symlink: /home/ubuntu/microros_ws/install/std_srvs/include/std_srvs/std_srvs/srv/detail/set_bool__struct.hpp
[5.430s] -- Up-to-date symlink: /home/ubuntu/microros_ws/install/std_srvs/include/std_srvs/std_srvs/srv/detail/set_bool__traits.hpp
[5.431s] -- Up-to-date symlink: /home/ubuntu/microros_ws/install/std_srvs/include/std_srvs/std_srvs/srv/detail/trigger__builder.hpp
[5.432s] -- Up-to-date symlink: /home/ubuntu/microros_ws/install/std_srvs/include/std_srvs/std_srvs/srv/detail/trigger__struct.hpp
[5.433s] -- Up-to-date symlink: /home/ubuntu/microros_ws/install/std_srvs/include/std_srvs/std_srvs/srv/detail/trigger__traits.hpp
[5.437s] -- Up-to-date symlink: /home/ubuntu/microros_ws/install/std_srvs/include/std_srvs/std_srvs/srv/empty.hpp
[5.441s] -- Up-to-date symlink: /home/ubuntu/microros_ws/install/std_srvs/include/std_srvs/std_srvs/srv/set_bool.hpp
[5.447s] -- Up-to-date symlink: /home/ubuntu/microros_ws/install/std_srvs/include/std_srvs/std_srvs/srv/trigger.hpp
[5.453s] -- Up-to-date symlink: /home/ubuntu/microros_ws/install/std_srvs/include/std_srvs/std_srvs/msg/rosidl_typesupport_fastrtps_cpp__visibility_control.h
[5.456s] -- Up-to-date symlink: /home/ubuntu/microros_ws/install/std_srvs/include/std_srvs/std_srvs/srv/detail/empty__rosidl_typesupport_fastrtps_cpp.hpp
[5.458s] -- Up-to-date symlink: /home/ubuntu/microros_ws/install/std_srvs/include/std_srvs/std_srvs/srv/detail/set_bool__rosidl_typesupport_fastrtps_cpp.hpp
[5.461s] -- Up-to-date symlink: /home/ubuntu/microros_ws/install/std_srvs/include/std_srvs/std_srvs/srv/detail/trigger__rosidl_typesupport_fastrtps_cpp.hpp
[5.464s] -- Up-to-date symlink: /home/ubuntu/microros_ws/install/std_srvs/include/std_srvs/std_srvs/srv/detail/empty__rosidl_typesupport_introspection_cpp.hpp
[5.465s] -- Up-to-date symlink: /home/ubuntu/microros_ws/install/std_srvs/include/std_srvs/std_srvs/srv/detail/set_bool__rosidl_typesupport_introspection_cpp.hpp
[5.467s] -- Up-to-date symlink: /home/ubuntu/microros_ws/install/std_srvs/include/std_srvs/std_srvs/srv/detail/trigger__rosidl_typesupport_introspection_cpp.hpp
[5.468s] -- Up-to-date symlink: /home/ubuntu/microros_ws/install/std_srvs/share/std_srvs/environment/pythonpath.sh
[5.469s] -- Up-to-date symlink: /home/ubuntu/microros_ws/install/std_srvs/share/std_srvs/environment/pythonpath.dsv
[5.471s] -- Up-to-date symlink: /home/ubuntu/microros_ws/install/std_srvs/local/lib/python3.10/dist-packages/std_srvs-4.2.4-py3.10.egg-info/PKG-INFO
[5.472s] -- Up-to-date symlink: /home/ubuntu/microros_ws/install/std_srvs/local/lib/python3.10/dist-packages/std_srvs-4.2.4-py3.10.egg-info/SOURCES.txt
[5.475s] -- Up-to-date symlink: /home/ubuntu/microros_ws/install/std_srvs/local/lib/python3.10/dist-packages/std_srvs-4.2.4-py3.10.egg-info/dependency_links.txt
[5.476s] -- Up-to-date symlink: /home/ubuntu/microros_ws/install/std_srvs/local/lib/python3.10/dist-packages/std_srvs-4.2.4-py3.10.egg-info/top_level.txt
[5.484s] -- Up-to-date symlink: /home/ubuntu/microros_ws/install/std_srvs/local/lib/python3.10/dist-packages/std_srvs/__init__.py
[5.497s] -- Up-to-date symlink: /home/ubuntu/microros_ws/install/std_srvs/local/lib/python3.10/dist-packages/std_srvs/_std_srvs_s.ep.rosidl_typesupport_c.c
[5.498s] -- Up-to-date symlink: /home/ubuntu/microros_ws/install/std_srvs/local/lib/python3.10/dist-packages/std_srvs/_std_srvs_s.ep.rosidl_typesupport_fastrtps_c.c
[5.499s] -- Up-to-date symlink: /home/ubuntu/microros_ws/install/std_srvs/local/lib/python3.10/dist-packages/std_srvs/_std_srvs_s.ep.rosidl_typesupport_introspection_c.c
[5.500s] -- Up-to-date symlink: /home/ubuntu/microros_ws/install/std_srvs/local/lib/python3.10/dist-packages/std_srvs/_std_srvs_s.ep.rosidl_typesupport_microxrcedds_c.c
[5.501s] -- Up-to-date symlink: /home/ubuntu/microros_ws/install/std_srvs/local/lib/python3.10/dist-packages/std_srvs/libstd_srvs__rosidl_generator_py.so
[5.502s] -- Up-to-date symlink: /home/ubuntu/microros_ws/install/std_srvs/local/lib/python3.10/dist-packages/std_srvs/srv/__init__.py
[5.504s] -- Up-to-date symlink: /home/ubuntu/microros_ws/install/std_srvs/local/lib/python3.10/dist-packages/std_srvs/srv/_empty.py
[5.505s] -- Up-to-date symlink: /home/ubuntu/microros_ws/install/std_srvs/local/lib/python3.10/dist-packages/std_srvs/srv/_empty_s.c
[5.506s] -- Up-to-date symlink: /home/ubuntu/microros_ws/install/std_srvs/local/lib/python3.10/dist-packages/std_srvs/srv/_set_bool.py
[5.507s] -- Up-to-date symlink: /home/ubuntu/microros_ws/install/std_srvs/local/lib/python3.10/dist-packages/std_srvs/srv/_set_bool_s.c
[5.508s] -- Up-to-date symlink: /home/ubuntu/microros_ws/install/std_srvs/local/lib/python3.10/dist-packages/std_srvs/srv/_trigger.py
[5.511s] -- Up-to-date symlink: /home/ubuntu/microros_ws/install/std_srvs/local/lib/python3.10/dist-packages/std_srvs/srv/_trigger_s.c
[5.512s] -- Up-to-date symlink: /home/ubuntu/microros_ws/install/std_srvs/local/lib/python3.10/dist-packages/std_srvs/std_srvs_s__rosidl_typesupport_c.cpython-310-aarch64-linux-gnu.so
[5.513s] -- Up-to-date symlink: /home/ubuntu/microros_ws/install/std_srvs/local/lib/python3.10/dist-packages/std_srvs/std_srvs_s__rosidl_typesupport_fastrtps_c.cpython-310-aarch64-linux-gnu.so
[5.514s] -- Up-to-date symlink: /home/ubuntu/microros_ws/install/std_srvs/local/lib/python3.10/dist-packages/std_srvs/std_srvs_s__rosidl_typesupport_introspection_c.cpython-310-aarch64-linux-gnu.so
[5.518s] -- Up-to-date symlink: /home/ubuntu/microros_ws/install/std_srvs/local/lib/python3.10/dist-packages/std_srvs/std_srvs_s__rosidl_typesupport_microxrcedds_c.cpython-310-aarch64-linux-gnu.so
[5.519s] -- Up-to-date symlink: /home/ubuntu/microros_ws/install/std_srvs/local/lib/python3.10/dist-packages/std_srvs/std_srvs_s__rosidl_typesupport_fastrtps_c.cpython-310-aarch64-linux-gnu.so
[5.520s] -- Up-to-date symlink: /home/ubuntu/microros_ws/install/std_srvs/local/lib/python3.10/dist-packages/std_srvs/std_srvs_s__rosidl_typesupport_introspection_c.cpython-310-aarch64-linux-gnu.so
[5.522s] -- Up-to-date symlink: /home/ubuntu/microros_ws/install/std_srvs/local/lib/python3.10/dist-packages/std_srvs/std_srvs_s__rosidl_typesupport_c.cpython-310-aarch64-linux-gnu.so
[5.524s] -- Up-to-date symlink: /home/ubuntu/microros_ws/install/std_srvs/share/std_srvs/srv/Empty.idl
[5.525s] -- Up-to-date symlink: /home/ubuntu/microros_ws/install/std_srvs/share/std_srvs/srv/SetBool.idl
[5.526s] -- Up-to-date symlink: /home/ubuntu/microros_ws/install/std_srvs/share/std_srvs/srv/Trigger.idl
[5.528s] -- Up-to-date symlink: /home/ubuntu/microros_ws/install/std_srvs/share/std_srvs/srv/Empty.srv
[5.530s] -- Up-to-date symlink: /home/ubuntu/microros_ws/install/std_srvs/share/std_srvs/srv/Empty_Request.msg
[5.531s] -- Up-to-date symlink: /home/ubuntu/microros_ws/install/std_srvs/share/std_srvs/srv/Empty_Response.msg
[5.532s] -- Up-to-date symlink: /home/ubuntu/microros_ws/install/std_srvs/share/std_srvs/srv/SetBool.srv
[5.534s] -- Up-to-date symlink: /home/ubuntu/microros_ws/install/std_srvs/share/std_srvs/srv/SetBool_Request.msg
[5.536s] -- Up-to-date symlink: /home/ubuntu/microros_ws/install/std_srvs/share/std_srvs/srv/SetBool_Response.msg
[5.537s] -- Up-to-date symlink: /home/ubuntu/microros_ws/install/std_srvs/share/std_srvs/srv/Trigger.srv
[5.538s] -- Up-to-date symlink: /home/ubuntu/microros_ws/install/std_srvs/share/std_srvs/srv/Trigger_Request.msg
[5.540s] -- Up-to-date symlink: /home/ubuntu/microros_ws/install/std_srvs/share/std_srvs/srv/Trigger_Response.msg
[5.542s] -- Up-to-date symlink: /home/ubuntu/microros_ws/install/std_srvs/share/ament_index/resource_index/package_run_dependencies/std_srvs
[5.543s] -- Up-to-date symlink: /home/ubuntu/microros_ws/install/std_srvs/share/ament_index/resource_index/parent_prefix_path/std_srvs
[5.545s] -- Up-to-date symlink: /home/ubuntu/microros_ws/install/std_srvs/share/std_srvs/environment/ament_prefix_path.sh
[5.547s] -- Up-to-date symlink: /home/ubuntu/microros_ws/install/std_srvs/share/std_srvs/environment/ament_prefix_path.dsv
[5.549s] -- Up-to-date symlink: /home/ubuntu/microros_ws/install/std_srvs/share/std_srvs/environment/path.sh
[5.550s] -- Up-to-date symlink: /home/ubuntu/microros_ws/install/std_srvs/share/std_srvs/environment/path.dsv
[5.552s] -- Up-to-date symlink: /home/ubuntu/microros_ws/install/std_srvs/share/std_srvs/local_setup.bash
[5.553s] -- Up-to-date symlink: /home/ubuntu/microros_ws/install/std_srvs/share/std_srvs/local_setup.sh
[5.555s] -- Up-to-date symlink: /home/ubuntu/microros_ws/install/std_srvs/share/std_srvs/local_setup.zsh
[5.556s] -- Up-to-date symlink: /home/ubuntu/microros_ws/install/std_srvs/share/std_srvs/local_setup.dsv
[5.558s] -- Symlinking: /home/ubuntu/microros_ws/install/std_srvs/share/std_srvs/package.dsv
[5.604s] -- Up-to-date symlink: /home/ubuntu/microros_ws/install/std_srvs/share/ament_index/resource_index/packages/std_srvs
[5.605s] -- Up-to-date symlink: /home/ubuntu/microros_ws/install/std_srvs/share/std_srvs/cmake/rosidl_cmake-extras.cmake
[5.608s] -- Up-to-date symlink: /home/ubuntu/microros_ws/install/std_srvs/share/std_srvs/cmake/ament_cmake_export_include_directories-extras.cmake
[5.610s] -- Up-to-date symlink: /home/ubuntu/microros_ws/install/std_srvs/share/std_srvs/cmake/ament_cmake_export_libraries-extras.cmake
[5.612s] -- Up-to-date symlink: /home/ubuntu/microros_ws/install/std_srvs/share/std_srvs/cmake/ament_cmake_export_targets-extras.cmake
[5.613s] -- Up-to-date symlink: /home/ubuntu/microros_ws/install/std_srvs/share/std_srvs/cmake/rosidl_cmake_export_typesupport_targets-extras.cmake
[5.614s] -- Up-to-date symlink: /home/ubuntu/microros_ws/install/std_srvs/share/std_srvs/cmake/ament_cmake_export_dependencies-extras.cmake
[5.615s] -- Up-to-date symlink: /home/ubuntu/microros_ws/install/std_srvs/share/std_srvs/cmake/rosidl_cmake_export_typesupport_libraries-extras.cmake
[5.617s] -- Up-to-date symlink: /home/ubuntu/microros_ws/install/std_srvs/share/std_srvs/cmake/std_srvsConfig.cmake
[5.618s] -- Up-to-date symlink: /home/ubuntu/microros_ws/install/std_srvs/share/std_srvs/cmake/std_srvsConfig-version.cmake
[5.619s] -- Up-to-date symlink: /home/ubuntu/microros_ws/install/std_srvs/share/std_srvs/package.xml
[5.620s] -- Up-to-date: /home/ubuntu/microros_ws/install/std_srvs/lib/libstd_srvs__rosidl_generator_c.so
[5.623s] -- Up-to-date: /home/ubuntu/microros_ws/install/std_srvs/lib/libstd_srvs__rosidl_typesupport_fastrtps_c.so
[5.625s] -- Up-to-date: /home/ubuntu/microros_ws/install/std_srvs/lib/libstd_srvs__rosidl_typesupport_introspection_c.so
[5.628s] -- Up-to-date: /home/ubuntu/microros_ws/install/std_srvs/lib/libstd_srvs__rosidl_typesupport_c.so
[5.632s] -- Up-to-date: /home/ubuntu/microros_ws/install/std_srvs/lib/libstd_srvs__rosidl_typesupport_fastrtps_cpp.so
[5.635s] -- Up-to-date: /home/ubuntu/microros_ws/install/std_srvs/lib/libstd_srvs__rosidl_typesupport_introspection_cpp.so
[5.638s] -- Up-to-date: /home/ubuntu/microros_ws/install/std_srvs/lib/libstd_srvs__rosidl_typesupport_cpp.so
[5.868s] Listing '/home/ubuntu/microros_ws/install/std_srvs/local/lib/python3.10/dist-packages/std_srvs'...
[5.880s] Listing '/home/ubuntu/microros_ws/install/std_srvs/local/lib/python3.10/dist-packages/std_srvs/srv'...
[5.906s] -- Up-to-date: /home/ubuntu/microros_ws/install/std_srvs/lib/libstd_srvs__rosidl_generator_py.so
[5.909s] -- Up-to-date: /home/ubuntu/microros_ws/install/std_srvs/share/std_srvs/cmake/export_std_srvs__rosidl_generator_cExport.cmake
[5.911s] -- Up-to-date: /home/ubuntu/microros_ws/install/std_srvs/share/std_srvs/cmake/export_std_srvs__rosidl_generator_cExport-noconfig.cmake
[5.913s] -- Up-to-date: /home/ubuntu/microros_ws/install/std_srvs/share/std_srvs/cmake/export_std_srvs__rosidl_typesupport_fastrtps_cExport.cmake
[5.915s] -- Up-to-date: /home/ubuntu/microros_ws/install/std_srvs/share/std_srvs/cmake/export_std_srvs__rosidl_typesupport_fastrtps_cExport-noconfig.cmake
[5.917s] -- Up-to-date: /home/ubuntu/microros_ws/install/std_srvs/share/std_srvs/cmake/std_srvs__rosidl_typesupport_introspection_cExport.cmake
[5.919s] -- Up-to-date: /home/ubuntu/microros_ws/install/std_srvs/share/std_srvs/cmake/std_srvs__rosidl_typesupport_introspection_cExport-noconfig.cmake
[5.921s] -- Up-to-date: /home/ubuntu/microros_ws/install/std_srvs/share/std_srvs/cmake/std_srvs__rosidl_typesupport_cExport.cmake
[5.927s] -- Up-to-date: /home/ubuntu/microros_ws/install/std_srvs/share/std_srvs/cmake/std_srvs__rosidl_typesupport_cExport-noconfig.cmake
[5.928s] -- Up-to-date: /home/ubuntu/microros_ws/install/std_srvs/share/std_srvs/cmake/export_std_srvs__rosidl_generator_cppExport.cmake
[5.929s] -- Up-to-date: /home/ubuntu/microros_ws/install/std_srvs/share/std_srvs/cmake/export_std_srvs__rosidl_typesupport_fastrtps_cppExport.cmake
[5.930s] -- Up-to-date: /home/ubuntu/microros_ws/install/std_srvs/share/std_srvs/cmake/export_std_srvs__rosidl_typesupport_fastrtps_cppExport-noconfig.cmake
[5.932s] -- Up-to-date: /home/ubuntu/microros_ws/install/std_srvs/share/std_srvs/cmake/std_srvs__rosidl_typesupport_introspection_cppExport.cmake
[5.938s] -- Up-to-date: /home/ubuntu/microros_ws/install/std_srvs/share/std_srvs/cmake/std_srvs__rosidl_typesupport_introspection_cppExport-noconfig.cmake
[5.939s] -- Up-to-date: /home/ubuntu/microros_ws/install/std_srvs/share/std_srvs/cmake/std_srvs__rosidl_typesupport_cppExport.cmake
[5.940s] -- Up-to-date: /home/ubuntu/microros_ws/install/std_srvs/share/std_srvs/cmake/std_srvs__rosidl_typesupport_cppExport-noconfig.cmake
[5.940s] -- Up-to-date: /home/ubuntu/microros_ws/install/std_srvs/share/std_srvs/cmake/export_std_srvs__rosidl_generator_pyExport.cmake
[5.941s] -- Up-to-date: /home/ubuntu/microros_ws/install/std_srvs/share/std_srvs/cmake/export_std_srvs__rosidl_generator_pyExport-noconfig.cmake
[6.021s] Invoked command in '/home/ubuntu/microros_ws/build/std_srvs' returned '0': CMAKE_PREFIX_PATH=/opt/ros/humble /usr/bin/cmake --install /home/ubuntu/microros_ws/build/std_srvs
