gmake: Warning: File 'Makefile' has modification time 18358040 s in the future
gmake[1]: Warning: File 'CMakeFiles/Makefile2' has modification time 18358039 s in the future
gmake[2]: Warning: File 'CMakeFiles/micro_ros_utilities.dir/flags.make' has modification time 18358039 s in the future
[35m[1mConsolidate compiler generated dependencies of target micro_ros_utilities[0m
gmake[2]: warning:  Clock skew detected.  Your build may be incomplete.
gmake[2]: Warning: File 'CMakeFiles/micro_ros_utilities.dir/flags.make' has modification time 18358039 s in the future
gmake[2]: warning:  Clock skew detected.  Your build may be incomplete.
[100%] Built target micro_ros_utilities
gmake[1]: warning:  Clock skew detected.  Your build may be incomplete.
gmake: warning:  Clock skew detected.  Your build may be incomplete.
-- Install configuration: "Release"
-- Execute custom install script
-- Up-to-date symlink: /home/ubuntu/microros_ws/install/micro_ros_utilities/include/micro_ros_utilities/string_utilities.h
-- Up-to-date symlink: /home/ubuntu/microros_ws/install/micro_ros_utilities/include/micro_ros_utilities/type_utilities.h
-- Up-to-date symlink: /home/ubuntu/microros_ws/install/micro_ros_utilities/include/micro_ros_utilities/visibility_control.h
-- Up-to-date symlink: /home/ubuntu/microros_ws/install/micro_ros_utilities/lib/libmicro_ros_utilities.so
-- Up-to-date symlink: /home/ubuntu/microros_ws/install/micro_ros_utilities/share/micro_ros_utilities/environment/library_path.sh
-- Up-to-date symlink: /home/ubuntu/microros_ws/install/micro_ros_utilities/share/micro_ros_utilities/environment/library_path.dsv
-- Up-to-date symlink: /home/ubuntu/microros_ws/install/micro_ros_utilities/share/ament_index/resource_index/package_run_dependencies/micro_ros_utilities
-- Up-to-date symlink: /home/ubuntu/microros_ws/install/micro_ros_utilities/share/ament_index/resource_index/parent_prefix_path/micro_ros_utilities
-- Up-to-date symlink: /home/ubuntu/microros_ws/install/micro_ros_utilities/share/micro_ros_utilities/environment/ament_prefix_path.sh
-- Up-to-date symlink: /home/ubuntu/microros_ws/install/micro_ros_utilities/share/micro_ros_utilities/environment/ament_prefix_path.dsv
-- Up-to-date symlink: /home/ubuntu/microros_ws/install/micro_ros_utilities/share/micro_ros_utilities/environment/path.sh
-- Up-to-date symlink: /home/ubuntu/microros_ws/install/micro_ros_utilities/share/micro_ros_utilities/environment/path.dsv
-- Up-to-date symlink: /home/ubuntu/microros_ws/install/micro_ros_utilities/share/micro_ros_utilities/local_setup.bash
-- Up-to-date symlink: /home/ubuntu/microros_ws/install/micro_ros_utilities/share/micro_ros_utilities/local_setup.sh
-- Up-to-date symlink: /home/ubuntu/microros_ws/install/micro_ros_utilities/share/micro_ros_utilities/local_setup.zsh
-- Up-to-date symlink: /home/ubuntu/microros_ws/install/micro_ros_utilities/share/micro_ros_utilities/local_setup.dsv
-- Symlinking: /home/ubuntu/microros_ws/install/micro_ros_utilities/share/micro_ros_utilities/package.dsv
-- Up-to-date symlink: /home/ubuntu/microros_ws/install/micro_ros_utilities/share/ament_index/resource_index/packages/micro_ros_utilities
-- Up-to-date symlink: /home/ubuntu/microros_ws/install/micro_ros_utilities/share/micro_ros_utilities/cmake/ament_cmake_export_include_directories-extras.cmake
-- Up-to-date symlink: /home/ubuntu/microros_ws/install/micro_ros_utilities/share/micro_ros_utilities/cmake/ament_cmake_export_libraries-extras.cmake
-- Up-to-date symlink: /home/ubuntu/microros_ws/install/micro_ros_utilities/share/micro_ros_utilities/cmake/ament_cmake_export_dependencies-extras.cmake
-- Up-to-date symlink: /home/ubuntu/microros_ws/install/micro_ros_utilities/share/micro_ros_utilities/cmake/micro_ros_utilitiesConfig.cmake
-- Up-to-date symlink: /home/ubuntu/microros_ws/install/micro_ros_utilities/share/micro_ros_utilities/cmake/micro_ros_utilitiesConfig-version.cmake
-- Up-to-date symlink: /home/ubuntu/microros_ws/install/micro_ros_utilities/share/micro_ros_utilities/package.xml
