[0.072s] Invoking command in '/home/ubuntu/microros_ws/build/actionlib_msgs': AMENT_PREFIX_PATH=/home/ubuntu/microros_ws/install/std_msgs:/home/ubuntu/microros_ws/install/builtin_interfaces:${AMENT_PREFIX_PATH} CMAKE_PREFIX_PATH=/home/ubuntu/microros_ws/install/std_msgs:/home/ubuntu/microros_ws/install/builtin_interfaces:/home/ubuntu/microros_ws/install/rosidl_typesupport_microxrcedds_cpp:/home/ubuntu/microros_ws/install/rosidl_typesupport_microxrcedds_c:/home/ubuntu/microros_ws/install/microcdr:/home/ubuntu/microros_ws/install/micro_ros_setup:/opt/ros/humble LD_LIBRARY_PATH=/home/ubuntu/microros_ws/install/std_msgs/lib:/home/ubuntu/microros_ws/install/builtin_interfaces/lib:${LD_LIBRARY_PATH} PYTHONPATH=/home/ubuntu/microros_ws/install/std_msgs/local/lib/python3.10/dist-packages:/home/ubuntu/microros_ws/install/builtin_interfaces/local/lib/python3.10/dist-packages:${PYTHONPATH} /usr/bin/cmake /home/ubuntu/microros_ws/src/ros2/common_interfaces/actionlib_msgs -DBUILD_TESTING=OFF -DBUILD_SHARED_LIBS=ON -DCMAKE_INSTALL_PREFIX=/home/ubuntu/microros_ws/install/actionlib_msgs
[0.386s] -- The C compiler identification is GNU 11.4.0
[0.704s] -- The CXX compiler identification is GNU 11.4.0
[0.744s] -- Detecting C compiler ABI info
[1.198s] -- Detecting C compiler ABI info - done
[1.225s] -- Check for working C compiler: /usr/bin/cc - skipped
[1.226s] -- Detecting C compile features
[1.228s] -- Detecting C compile features - done
[1.241s] -- Detecting CXX compiler ABI info
[1.752s] -- Detecting CXX compiler ABI info - done
[1.781s] -- Check for working CXX compiler: /usr/bin/c++ - skipped
[1.783s] -- Detecting CXX compile features
[1.787s] -- Detecting CXX compile features - done
[1.820s] -- Found ament_cmake: 1.3.9 (/opt/ros/humble/share/ament_cmake/cmake)
[2.949s] -- Found Python3: /usr/bin/python3 (found version "3.10.12") found components: Interpreter 
[3.767s] -- Found builtin_interfaces: 1.2.1 (/home/ubuntu/microros_ws/install/builtin_interfaces/share/builtin_interfaces/cmake)
[4.162s] -- Found rosidl_generator_c: 3.1.5 (/opt/ros/humble/share/rosidl_generator_c/cmake)
[4.234s] -- Found rosidl_adapter: 3.1.5 (/opt/ros/humble/share/rosidl_adapter/cmake)
[4.319s] -- Found rosidl_generator_cpp: 3.1.5 (/opt/ros/humble/share/rosidl_generator_cpp/cmake)
[4.442s] -- Using all available rosidl_typesupport_c: rosidl_typesupport_microxrcedds_c;rosidl_typesupport_fastrtps_c;rosidl_typesupport_introspection_c
[4.663s] -- Using all available rosidl_typesupport_cpp: rosidl_typesupport_microxrcedds_cpp;rosidl_typesupport_fastrtps_cpp;rosidl_typesupport_introspection_cpp
[4.853s] -- Found rosidl_default_generators: 1.2.0 (/opt/ros/humble/share/rosidl_default_generators/cmake)
[4.939s] -- Found std_msgs: 4.2.4 (/home/ubuntu/microros_ws/install/std_msgs/share/std_msgs/cmake)
[7.030s] -- Found ament_cmake_ros: 0.10.0 (/opt/ros/humble/share/ament_cmake_ros/cmake)
[9.785s] -- Using all available rosidl_typesupport_c: rosidl_typesupport_microxrcedds_c;rosidl_typesupport_fastrtps_c;rosidl_typesupport_introspection_c
[11.043s] -- Using all available rosidl_typesupport_cpp: rosidl_typesupport_microxrcedds_cpp;rosidl_typesupport_fastrtps_cpp;rosidl_typesupport_introspection_cpp
[11.191s] -- Found PythonInterp: /usr/bin/python3 (found suitable version "3.10.12", minimum required is "3.6") 
[11.217s] -- Found python_cmake_module: 0.10.0 (/opt/ros/humble/share/python_cmake_module/cmake)
[11.373s] -- Found PythonLibs: /usr/lib/aarch64-linux-gnu/libpython3.10.so (found suitable version "3.10.12", minimum required is "3.5") 
[11.375s] -- Using PYTHON_EXECUTABLE: /usr/bin/python3
[11.376s] -- Using PYTHON_INCLUDE_DIRS: /usr/include/python3.10
[11.377s] -- Using PYTHON_LIBRARIES: /usr/lib/aarch64-linux-gnu/libpython3.10.so
[11.531s] -- Found PythonExtra: .so  
[11.940s] -- Configuring done
[12.355s] -- Generating done
[12.377s] -- Build files have been written to: /home/ubuntu/microros_ws/build/actionlib_msgs
[12.417s] Invoked command in '/home/ubuntu/microros_ws/build/actionlib_msgs' returned '0': AMENT_PREFIX_PATH=/home/ubuntu/microros_ws/install/std_msgs:/home/ubuntu/microros_ws/install/builtin_interfaces:${AMENT_PREFIX_PATH} CMAKE_PREFIX_PATH=/home/ubuntu/microros_ws/install/std_msgs:/home/ubuntu/microros_ws/install/builtin_interfaces:/home/ubuntu/microros_ws/install/rosidl_typesupport_microxrcedds_cpp:/home/ubuntu/microros_ws/install/rosidl_typesupport_microxrcedds_c:/home/ubuntu/microros_ws/install/microcdr:/home/ubuntu/microros_ws/install/micro_ros_setup:/opt/ros/humble LD_LIBRARY_PATH=/home/ubuntu/microros_ws/install/std_msgs/lib:/home/ubuntu/microros_ws/install/builtin_interfaces/lib:${LD_LIBRARY_PATH} PYTHONPATH=/home/ubuntu/microros_ws/install/std_msgs/local/lib/python3.10/dist-packages:/home/ubuntu/microros_ws/install/builtin_interfaces/local/lib/python3.10/dist-packages:${PYTHONPATH} /usr/bin/cmake /home/ubuntu/microros_ws/src/ros2/common_interfaces/actionlib_msgs -DBUILD_TESTING=OFF -DBUILD_SHARED_LIBS=ON -DCMAKE_INSTALL_PREFIX=/home/ubuntu/microros_ws/install/actionlib_msgs
[12.419s] Invoking command in '/home/ubuntu/microros_ws/build/actionlib_msgs': AMENT_PREFIX_PATH=/home/ubuntu/microros_ws/install/std_msgs:/home/ubuntu/microros_ws/install/builtin_interfaces:${AMENT_PREFIX_PATH} CMAKE_PREFIX_PATH=/home/ubuntu/microros_ws/install/std_msgs:/home/ubuntu/microros_ws/install/builtin_interfaces:/home/ubuntu/microros_ws/install/rosidl_typesupport_microxrcedds_cpp:/home/ubuntu/microros_ws/install/rosidl_typesupport_microxrcedds_c:/home/ubuntu/microros_ws/install/microcdr:/home/ubuntu/microros_ws/install/micro_ros_setup:/opt/ros/humble LD_LIBRARY_PATH=/home/ubuntu/microros_ws/install/std_msgs/lib:/home/ubuntu/microros_ws/install/builtin_interfaces/lib:${LD_LIBRARY_PATH} PYTHONPATH=/home/ubuntu/microros_ws/install/std_msgs/local/lib/python3.10/dist-packages:/home/ubuntu/microros_ws/install/builtin_interfaces/local/lib/python3.10/dist-packages:${PYTHONPATH} /usr/bin/cmake --build /home/ubuntu/microros_ws/build/actionlib_msgs -- -j4 -l4
[12.637s] [  1%] [34m[1mGenerating C code for ROS interfaces[0m
[15.817s] [  3%] [32mBuilding C object CMakeFiles/actionlib_msgs__rosidl_generator_c.dir/rosidl_generator_c/actionlib_msgs/msg/detail/goal_id__functions.c.o[0m
[16.105s] [  5%] [32mBuilding C object CMakeFiles/actionlib_msgs__rosidl_generator_c.dir/rosidl_generator_c/actionlib_msgs/msg/detail/goal_status__functions.c.o[0m
[16.395s] [  6%] [32mBuilding C object CMakeFiles/actionlib_msgs__rosidl_generator_c.dir/rosidl_generator_c/actionlib_msgs/msg/detail/goal_status_array__functions.c.o[0m
[16.699s] [  8%] [32m[1mLinking C shared library libactionlib_msgs__rosidl_generator_c.so[0m
[16.990s] [  8%] Built target actionlib_msgs__rosidl_generator_c
[17.285s] [  8%] Built target ament_cmake_python_copy_actionlib_msgs
[17.343s] [ 10%] [34m[1mGenerating C introspection for ROS interfaces[0m
[20.150s] [ 11%] [32mBuilding C object CMakeFiles/actionlib_msgs__rosidl_typesupport_introspection_c.dir/rosidl_typesupport_introspection_c/actionlib_msgs/msg/detail/goal_id__type_support.c.o[0m
[20.398s] [ 13%] [32mBuilding C object CMakeFiles/actionlib_msgs__rosidl_typesupport_introspection_c.dir/rosidl_typesupport_introspection_c/actionlib_msgs/msg/detail/goal_status__type_support.c.o[0m
[20.643s] [ 15%] [32mBuilding C object CMakeFiles/actionlib_msgs__rosidl_typesupport_introspection_c.dir/rosidl_typesupport_introspection_c/actionlib_msgs/msg/detail/goal_status_array__type_support.c.o[0m
[20.919s] [ 16%] [32m[1mLinking C shared library libactionlib_msgs__rosidl_typesupport_introspection_c.so[0m
[21.127s] [ 16%] Built target actionlib_msgs__rosidl_typesupport_introspection_c
[21.206s] [ 18%] [34m[1mGenerating C type support dispatch for ROS interfaces[0m
[23.870s] [ 20%] [32mBuilding CXX object CMakeFiles/actionlib_msgs__rosidl_typesupport_c.dir/rosidl_typesupport_c/actionlib_msgs/msg/goal_id__type_support.cpp.o[0m
[24.069s] [ 22%] [32mBuilding CXX object CMakeFiles/actionlib_msgs__rosidl_typesupport_c.dir/rosidl_typesupport_c/actionlib_msgs/msg/goal_status__type_support.cpp.o[0m
[24.272s] [ 23%] [32mBuilding CXX object CMakeFiles/actionlib_msgs__rosidl_typesupport_c.dir/rosidl_typesupport_c/actionlib_msgs/msg/goal_status_array__type_support.cpp.o[0m
[24.500s] [ 25%] [32m[1mLinking CXX shared library libactionlib_msgs__rosidl_typesupport_c.so[0m
[24.728s] [ 25%] Built target actionlib_msgs__rosidl_typesupport_c
[24.788s] [ 27%] [34m[1mGenerating C type support for eProsima Fast-RTPS[0m
[27.577s] [ 28%] [32mBuilding CXX object CMakeFiles/actionlib_msgs__rosidl_typesupport_fastrtps_c.dir/rosidl_typesupport_fastrtps_c/actionlib_msgs/msg/detail/goal_id__type_support_c.cpp.o[0m
[29.768s] [ 30%] [32mBuilding CXX object CMakeFiles/actionlib_msgs__rosidl_typesupport_fastrtps_c.dir/rosidl_typesupport_fastrtps_c/actionlib_msgs/msg/detail/goal_status__type_support_c.cpp.o[0m
[31.926s] [ 32%] [32mBuilding CXX object CMakeFiles/actionlib_msgs__rosidl_typesupport_fastrtps_c.dir/rosidl_typesupport_fastrtps_c/actionlib_msgs/msg/detail/goal_status_array__type_support_c.cpp.o[0m
[34.139s] [ 33%] [32m[1mLinking CXX shared library libactionlib_msgs__rosidl_typesupport_fastrtps_c.so[0m
[34.556s] [ 33%] Built target actionlib_msgs__rosidl_typesupport_fastrtps_c
[36.575s] running egg_info
[36.579s] creating actionlib_msgs.egg-info
[36.580s] writing actionlib_msgs.egg-info/PKG-INFO
[36.581s] writing dependency_links to actionlib_msgs.egg-info/dependency_links.txt
[36.582s] writing top-level names to actionlib_msgs.egg-info/top_level.txt
[36.583s] writing manifest file 'actionlib_msgs.egg-info/SOURCES.txt'
[36.593s] reading manifest file 'actionlib_msgs.egg-info/SOURCES.txt'
[36.595s] writing manifest file 'actionlib_msgs.egg-info/SOURCES.txt'
[36.764s] [ 33%] Built target ament_cmake_python_build_actionlib_msgs_egg
[36.816s] [ 35%] [34m[1mGenerating C type support for eProsima Micro XRCE-DDS[0m
[39.692s] [ 37%] [32mBuilding C object CMakeFiles/actionlib_msgs__rosidl_typesupport_microxrcedds_c.dir/rosidl_typesupport_microxrcedds_c/actionlib_msgs/msg/detail/microxrcedds/goal_id__type_support_c.c.o[0m
[40.037s] [ 38%] [32mBuilding C object CMakeFiles/actionlib_msgs__rosidl_typesupport_microxrcedds_c.dir/rosidl_typesupport_microxrcedds_c/actionlib_msgs/msg/detail/microxrcedds/goal_status_array__type_support_c.c.o[0m
[40.382s] [ 40%] [32mBuilding C object CMakeFiles/actionlib_msgs__rosidl_typesupport_microxrcedds_c.dir/rosidl_typesupport_microxrcedds_c/actionlib_msgs/msg/detail/microxrcedds/goal_status__type_support_c.c.o[0m
[40.701s] [ 42%] [32m[1mLinking C shared library libactionlib_msgs__rosidl_typesupport_microxrcedds_c.so[0m
[40.980s] [ 42%] Built target actionlib_msgs__rosidl_typesupport_microxrcedds_c
[41.099s] [ 44%] [34m[1mGenerating C++ code for ROS interfaces[0m
[44.401s] [ 44%] Built target actionlib_msgs__cpp
[44.462s] [ 45%] [34m[1mGenerating C++ type support for eProsima Micro XRCE-DDS[0m
[47.363s] [ 47%] [32mBuilding CXX object CMakeFiles/actionlib_msgs__rosidl_typesupport_microxrcedds_cpp.dir/rosidl_typesupport_microxrcedds_cpp/actionlib_msgs/msg/detail/microxrcedds/goal_id__type_support_cpp.cpp.o[0m
[49.366s] [ 49%] [32mBuilding CXX object CMakeFiles/actionlib_msgs__rosidl_typesupport_microxrcedds_cpp.dir/rosidl_typesupport_microxrcedds_cpp/actionlib_msgs/msg/detail/microxrcedds/goal_status__type_support_cpp.cpp.o[0m
[51.374s] [ 50%] [32mBuilding CXX object CMakeFiles/actionlib_msgs__rosidl_typesupport_microxrcedds_cpp.dir/rosidl_typesupport_microxrcedds_cpp/actionlib_msgs/msg/detail/microxrcedds/goal_status_array__type_support_cpp.cpp.o[0m
[53.635s] [ 52%] [32m[1mLinking CXX shared library libactionlib_msgs__rosidl_typesupport_microxrcedds_cpp.so[0m
[54.116s] [ 52%] Built target actionlib_msgs__rosidl_typesupport_microxrcedds_cpp
[54.182s] [ 54%] [34m[1mGenerating C++ type support for eProsima Fast-RTPS[0m
[57.146s] [ 55%] [32mBuilding CXX object CMakeFiles/actionlib_msgs__rosidl_typesupport_fastrtps_cpp.dir/rosidl_typesupport_fastrtps_cpp/actionlib_msgs/msg/detail/dds_fastrtps/goal_id__type_support.cpp.o[0m
[59.744s] [ 57%] [32mBuilding CXX object CMakeFiles/actionlib_msgs__rosidl_typesupport_fastrtps_cpp.dir/rosidl_typesupport_fastrtps_cpp/actionlib_msgs/msg/detail/dds_fastrtps/goal_status__type_support.cpp.o[0m
[62.414s] [ 59%] [32mBuilding CXX object CMakeFiles/actionlib_msgs__rosidl_typesupport_fastrtps_cpp.dir/rosidl_typesupport_fastrtps_cpp/actionlib_msgs/msg/detail/dds_fastrtps/goal_status_array__type_support.cpp.o[0m
[65.185s] [ 61%] [32m[1mLinking CXX shared library libactionlib_msgs__rosidl_typesupport_fastrtps_cpp.so[0m
[65.590s] [ 61%] Built target actionlib_msgs__rosidl_typesupport_fastrtps_cpp
[65.651s] [ 62%] [34m[1mGenerating C++ type support dispatch for ROS interfaces[0m
[68.074s] [ 64%] [32mBuilding CXX object CMakeFiles/actionlib_msgs__rosidl_typesupport_cpp.dir/rosidl_typesupport_cpp/actionlib_msgs/msg/goal_id__type_support.cpp.o[0m
[69.774s] [ 66%] [32mBuilding CXX object CMakeFiles/actionlib_msgs__rosidl_typesupport_cpp.dir/rosidl_typesupport_cpp/actionlib_msgs/msg/goal_status_array__type_support.cpp.o[0m
[71.715s] [ 67%] [32mBuilding CXX object CMakeFiles/actionlib_msgs__rosidl_typesupport_cpp.dir/rosidl_typesupport_cpp/actionlib_msgs/msg/goal_status__type_support.cpp.o[0m
[73.480s] [ 69%] [32m[1mLinking CXX shared library libactionlib_msgs__rosidl_typesupport_cpp.so[0m
[73.730s] [ 69%] Built target actionlib_msgs__rosidl_typesupport_cpp
[73.793s] [ 71%] [34m[1mGenerating C++ introspection for ROS interfaces[0m
[76.745s] [ 72%] [32mBuilding CXX object CMakeFiles/actionlib_msgs__rosidl_typesupport_introspection_cpp.dir/rosidl_typesupport_introspection_cpp/actionlib_msgs/msg/detail/goal_id__type_support.cpp.o[0m
[79.148s] [ 74%] [32mBuilding CXX object CMakeFiles/actionlib_msgs__rosidl_typesupport_introspection_cpp.dir/rosidl_typesupport_introspection_cpp/actionlib_msgs/msg/detail/goal_status_array__type_support.cpp.o[0m
[81.889s] [ 76%] [32mBuilding CXX object CMakeFiles/actionlib_msgs__rosidl_typesupport_introspection_cpp.dir/rosidl_typesupport_introspection_cpp/actionlib_msgs/msg/detail/goal_status__type_support.cpp.o[0m
[84.345s] [ 77%] [32m[1mLinking CXX shared library libactionlib_msgs__rosidl_typesupport_introspection_cpp.so[0m
[84.800s] [ 77%] Built target actionlib_msgs__rosidl_typesupport_introspection_cpp
[84.935s] [ 77%] Built target actionlib_msgs
[85.068s] [ 79%] [34m[1mGenerating Python code for ROS interfaces[0m
[89.869s] [ 79%] Built target actionlib_msgs__py
[89.980s] [ 81%] [32mBuilding C object CMakeFiles/actionlib_msgs__rosidl_generator_py.dir/rosidl_generator_py/actionlib_msgs/msg/_goal_id_s.c.o[0m
[90.625s] [ 83%] [32mBuilding C object CMakeFiles/actionlib_msgs__rosidl_generator_py.dir/rosidl_generator_py/actionlib_msgs/msg/_goal_status_array_s.c.o[0m
[91.337s] [ 84%] [32mBuilding C object CMakeFiles/actionlib_msgs__rosidl_generator_py.dir/rosidl_generator_py/actionlib_msgs/msg/_goal_status_s.c.o[0m
[91.950s] [ 86%] [32m[1mLinking C shared library rosidl_generator_py/actionlib_msgs/libactionlib_msgs__rosidl_generator_py.so[0m
[92.192s] [ 86%] Built target actionlib_msgs__rosidl_generator_py
[92.311s] [ 88%] [32mBuilding C object CMakeFiles/actionlib_msgs__rosidl_typesupport_microxrcedds_c__pyext.dir/rosidl_generator_py/actionlib_msgs/_actionlib_msgs_s.ep.rosidl_typesupport_microxrcedds_c.c.o[0m
[93.099s] [ 89%] [32m[1mLinking C shared library rosidl_generator_py/actionlib_msgs/actionlib_msgs_s__rosidl_typesupport_microxrcedds_c.cpython-310-aarch64-linux-gnu.so[0m
[93.417s] [ 89%] Built target actionlib_msgs__rosidl_typesupport_microxrcedds_c__pyext
[93.543s] [ 91%] [32mBuilding C object CMakeFiles/actionlib_msgs__rosidl_typesupport_c__pyext.dir/rosidl_generator_py/actionlib_msgs/_actionlib_msgs_s.ep.rosidl_typesupport_c.c.o[0m
[94.195s] [ 93%] [32m[1mLinking C shared library rosidl_generator_py/actionlib_msgs/actionlib_msgs_s__rosidl_typesupport_c.cpython-310-aarch64-linux-gnu.so[0m
[94.457s] [ 93%] Built target actionlib_msgs__rosidl_typesupport_c__pyext
[94.583s] [ 94%] [32mBuilding C object CMakeFiles/actionlib_msgs__rosidl_typesupport_introspection_c__pyext.dir/rosidl_generator_py/actionlib_msgs/_actionlib_msgs_s.ep.rosidl_typesupport_introspection_c.c.o[0m
[95.309s] [ 96%] [32m[1mLinking C shared library rosidl_generator_py/actionlib_msgs/actionlib_msgs_s__rosidl_typesupport_introspection_c.cpython-310-aarch64-linux-gnu.so[0m
[95.607s] [ 96%] Built target actionlib_msgs__rosidl_typesupport_introspection_c__pyext
[95.722s] [ 98%] [32mBuilding C object CMakeFiles/actionlib_msgs__rosidl_typesupport_fastrtps_c__pyext.dir/rosidl_generator_py/actionlib_msgs/_actionlib_msgs_s.ep.rosidl_typesupport_fastrtps_c.c.o[0m
[96.448s] [100%] [32m[1mLinking C shared library rosidl_generator_py/actionlib_msgs/actionlib_msgs_s__rosidl_typesupport_fastrtps_c.cpython-310-aarch64-linux-gnu.so[0m
[96.730s] [100%] Built target actionlib_msgs__rosidl_typesupport_fastrtps_c__pyext
[96.798s] Invoked command in '/home/ubuntu/microros_ws/build/actionlib_msgs' returned '0': AMENT_PREFIX_PATH=/home/ubuntu/microros_ws/install/std_msgs:/home/ubuntu/microros_ws/install/builtin_interfaces:${AMENT_PREFIX_PATH} CMAKE_PREFIX_PATH=/home/ubuntu/microros_ws/install/std_msgs:/home/ubuntu/microros_ws/install/builtin_interfaces:/home/ubuntu/microros_ws/install/rosidl_typesupport_microxrcedds_cpp:/home/ubuntu/microros_ws/install/rosidl_typesupport_microxrcedds_c:/home/ubuntu/microros_ws/install/microcdr:/home/ubuntu/microros_ws/install/micro_ros_setup:/opt/ros/humble LD_LIBRARY_PATH=/home/ubuntu/microros_ws/install/std_msgs/lib:/home/ubuntu/microros_ws/install/builtin_interfaces/lib:${LD_LIBRARY_PATH} PYTHONPATH=/home/ubuntu/microros_ws/install/std_msgs/local/lib/python3.10/dist-packages:/home/ubuntu/microros_ws/install/builtin_interfaces/local/lib/python3.10/dist-packages:${PYTHONPATH} /usr/bin/cmake --build /home/ubuntu/microros_ws/build/actionlib_msgs -- -j4 -l4
[97.781s] Invoking command in '/home/ubuntu/microros_ws/build/actionlib_msgs': AMENT_PREFIX_PATH=/home/ubuntu/microros_ws/install/std_msgs:/home/ubuntu/microros_ws/install/builtin_interfaces:${AMENT_PREFIX_PATH} CMAKE_PREFIX_PATH=/home/ubuntu/microros_ws/install/std_msgs:/home/ubuntu/microros_ws/install/builtin_interfaces:/home/ubuntu/microros_ws/install/rosidl_typesupport_microxrcedds_cpp:/home/ubuntu/microros_ws/install/rosidl_typesupport_microxrcedds_c:/home/ubuntu/microros_ws/install/microcdr:/home/ubuntu/microros_ws/install/micro_ros_setup:/opt/ros/humble LD_LIBRARY_PATH=/home/ubuntu/microros_ws/install/std_msgs/lib:/home/ubuntu/microros_ws/install/builtin_interfaces/lib:${LD_LIBRARY_PATH} PYTHONPATH=/home/ubuntu/microros_ws/install/std_msgs/local/lib/python3.10/dist-packages:/home/ubuntu/microros_ws/install/builtin_interfaces/local/lib/python3.10/dist-packages:${PYTHONPATH} /usr/bin/cmake --install /home/ubuntu/microros_ws/build/actionlib_msgs
[97.836s] -- Install configuration: ""
[97.840s] -- Installing: /home/ubuntu/microros_ws/install/actionlib_msgs/share/ament_index/resource_index/rosidl_interfaces/actionlib_msgs
[97.844s] -- Installing: /home/ubuntu/microros_ws/install/actionlib_msgs/include/actionlib_msgs/actionlib_msgs
[97.846s] -- Installing: /home/ubuntu/microros_ws/install/actionlib_msgs/include/actionlib_msgs/actionlib_msgs/msg
[97.849s] -- Installing: /home/ubuntu/microros_ws/install/actionlib_msgs/include/actionlib_msgs/actionlib_msgs/msg/goal_status.h
[97.852s] -- Installing: /home/ubuntu/microros_ws/install/actionlib_msgs/include/actionlib_msgs/actionlib_msgs/msg/detail
[97.855s] -- Installing: /home/ubuntu/microros_ws/install/actionlib_msgs/include/actionlib_msgs/actionlib_msgs/msg/detail/goal_status__type_support.h
[97.858s] -- Installing: /home/ubuntu/microros_ws/install/actionlib_msgs/include/actionlib_msgs/actionlib_msgs/msg/detail/goal_status_array__type_support.h
[97.861s] -- Installing: /home/ubuntu/microros_ws/install/actionlib_msgs/include/actionlib_msgs/actionlib_msgs/msg/detail/goal_status_array__functions.h
[97.864s] -- Installing: /home/ubuntu/microros_ws/install/actionlib_msgs/include/actionlib_msgs/actionlib_msgs/msg/detail/goal_id__type_support.h
[97.868s] -- Installing: /home/ubuntu/microros_ws/install/actionlib_msgs/include/actionlib_msgs/actionlib_msgs/msg/detail/goal_id__struct.h
[97.872s] -- Installing: /home/ubuntu/microros_ws/install/actionlib_msgs/include/actionlib_msgs/actionlib_msgs/msg/detail/goal_status__functions.c
[97.875s] -- Installing: /home/ubuntu/microros_ws/install/actionlib_msgs/include/actionlib_msgs/actionlib_msgs/msg/detail/goal_id__functions.c
[97.880s] -- Installing: /home/ubuntu/microros_ws/install/actionlib_msgs/include/actionlib_msgs/actionlib_msgs/msg/detail/goal_status__functions.h
[97.884s] -- Installing: /home/ubuntu/microros_ws/install/actionlib_msgs/include/actionlib_msgs/actionlib_msgs/msg/detail/goal_id__functions.h
[97.887s] -- Installing: /home/ubuntu/microros_ws/install/actionlib_msgs/include/actionlib_msgs/actionlib_msgs/msg/detail/goal_status_array__functions.c
[97.891s] -- Installing: /home/ubuntu/microros_ws/install/actionlib_msgs/include/actionlib_msgs/actionlib_msgs/msg/detail/goal_status_array__struct.h
[97.894s] -- Installing: /home/ubuntu/microros_ws/install/actionlib_msgs/include/actionlib_msgs/actionlib_msgs/msg/detail/goal_status__struct.h
[97.897s] -- Installing: /home/ubuntu/microros_ws/install/actionlib_msgs/include/actionlib_msgs/actionlib_msgs/msg/goal_status_array.h
[97.901s] -- Installing: /home/ubuntu/microros_ws/install/actionlib_msgs/include/actionlib_msgs/actionlib_msgs/msg/rosidl_generator_c__visibility_control.h
[97.906s] -- Installing: /home/ubuntu/microros_ws/install/actionlib_msgs/include/actionlib_msgs/actionlib_msgs/msg/goal_id.h
[97.910s] -- Installing: /home/ubuntu/microros_ws/install/actionlib_msgs/share/actionlib_msgs/environment/library_path.sh
[97.914s] -- Installing: /home/ubuntu/microros_ws/install/actionlib_msgs/share/actionlib_msgs/environment/library_path.dsv
[97.918s] -- Installing: /home/ubuntu/microros_ws/install/actionlib_msgs/lib/libactionlib_msgs__rosidl_generator_c.so
[97.923s] -- Set runtime path of "/home/ubuntu/microros_ws/install/actionlib_msgs/lib/libactionlib_msgs__rosidl_generator_c.so" to ""
[97.925s] -- Up-to-date: /home/ubuntu/microros_ws/install/actionlib_msgs/include/actionlib_msgs/actionlib_msgs
[97.928s] -- Up-to-date: /home/ubuntu/microros_ws/install/actionlib_msgs/include/actionlib_msgs/actionlib_msgs/msg
[97.930s] -- Installing: /home/ubuntu/microros_ws/install/actionlib_msgs/include/actionlib_msgs/actionlib_msgs/msg/rosidl_typesupport_fastrtps_c__visibility_control.h
[97.935s] -- Up-to-date: /home/ubuntu/microros_ws/install/actionlib_msgs/include/actionlib_msgs/actionlib_msgs/msg/detail
[97.938s] -- Installing: /home/ubuntu/microros_ws/install/actionlib_msgs/include/actionlib_msgs/actionlib_msgs/msg/detail/goal_status__rosidl_typesupport_fastrtps_c.h
[97.942s] -- Installing: /home/ubuntu/microros_ws/install/actionlib_msgs/include/actionlib_msgs/actionlib_msgs/msg/detail/goal_status_array__rosidl_typesupport_fastrtps_c.h
[97.945s] -- Installing: /home/ubuntu/microros_ws/install/actionlib_msgs/include/actionlib_msgs/actionlib_msgs/msg/detail/goal_id__rosidl_typesupport_fastrtps_c.h
[97.950s] -- Installing: /home/ubuntu/microros_ws/install/actionlib_msgs/lib/libactionlib_msgs__rosidl_typesupport_fastrtps_c.so
[97.956s] -- Set runtime path of "/home/ubuntu/microros_ws/install/actionlib_msgs/lib/libactionlib_msgs__rosidl_typesupport_fastrtps_c.so" to ""
[97.958s] -- Up-to-date: /home/ubuntu/microros_ws/install/actionlib_msgs/include/actionlib_msgs/actionlib_msgs
[97.960s] -- Up-to-date: /home/ubuntu/microros_ws/install/actionlib_msgs/include/actionlib_msgs/actionlib_msgs/msg
[97.962s] -- Installing: /home/ubuntu/microros_ws/install/actionlib_msgs/include/actionlib_msgs/actionlib_msgs/msg/goal_status_array.hpp
[97.966s] -- Installing: /home/ubuntu/microros_ws/install/actionlib_msgs/include/actionlib_msgs/actionlib_msgs/msg/goal_id.hpp
[97.969s] -- Installing: /home/ubuntu/microros_ws/install/actionlib_msgs/include/actionlib_msgs/actionlib_msgs/msg/goal_status.hpp
[97.973s] -- Up-to-date: /home/ubuntu/microros_ws/install/actionlib_msgs/include/actionlib_msgs/actionlib_msgs/msg/detail
[97.976s] -- Installing: /home/ubuntu/microros_ws/install/actionlib_msgs/include/actionlib_msgs/actionlib_msgs/msg/detail/goal_id__traits.hpp
[97.979s] -- Installing: /home/ubuntu/microros_ws/install/actionlib_msgs/include/actionlib_msgs/actionlib_msgs/msg/detail/goal_status__builder.hpp
[97.983s] -- Installing: /home/ubuntu/microros_ws/install/actionlib_msgs/include/actionlib_msgs/actionlib_msgs/msg/detail/goal_status__struct.hpp
[97.987s] -- Installing: /home/ubuntu/microros_ws/install/actionlib_msgs/include/actionlib_msgs/actionlib_msgs/msg/detail/goal_status__traits.hpp
[97.991s] -- Installing: /home/ubuntu/microros_ws/install/actionlib_msgs/include/actionlib_msgs/actionlib_msgs/msg/detail/goal_id__struct.hpp
[97.995s] -- Installing: /home/ubuntu/microros_ws/install/actionlib_msgs/include/actionlib_msgs/actionlib_msgs/msg/detail/goal_status_array__builder.hpp
[97.998s] -- Installing: /home/ubuntu/microros_ws/install/actionlib_msgs/include/actionlib_msgs/actionlib_msgs/msg/detail/goal_id__builder.hpp
[98.001s] -- Installing: /home/ubuntu/microros_ws/install/actionlib_msgs/include/actionlib_msgs/actionlib_msgs/msg/detail/goal_status_array__struct.hpp
[98.005s] -- Installing: /home/ubuntu/microros_ws/install/actionlib_msgs/include/actionlib_msgs/actionlib_msgs/msg/detail/goal_status_array__traits.hpp
[98.008s] -- Up-to-date: /home/ubuntu/microros_ws/install/actionlib_msgs/include/actionlib_msgs/actionlib_msgs
[98.010s] -- Up-to-date: /home/ubuntu/microros_ws/install/actionlib_msgs/include/actionlib_msgs/actionlib_msgs/msg
[98.013s] -- Installing: /home/ubuntu/microros_ws/install/actionlib_msgs/include/actionlib_msgs/actionlib_msgs/msg/rosidl_typesupport_fastrtps_cpp__visibility_control.h
[98.016s] -- Up-to-date: /home/ubuntu/microros_ws/install/actionlib_msgs/include/actionlib_msgs/actionlib_msgs/msg/detail
[98.019s] -- Installing: /home/ubuntu/microros_ws/install/actionlib_msgs/include/actionlib_msgs/actionlib_msgs/msg/detail/goal_status_array__rosidl_typesupport_fastrtps_cpp.hpp
[98.022s] -- Installing: /home/ubuntu/microros_ws/install/actionlib_msgs/include/actionlib_msgs/actionlib_msgs/msg/detail/goal_status__rosidl_typesupport_fastrtps_cpp.hpp
[98.026s] -- Installing: /home/ubuntu/microros_ws/install/actionlib_msgs/include/actionlib_msgs/actionlib_msgs/msg/detail/dds_fastrtps
[98.029s] -- Installing: /home/ubuntu/microros_ws/install/actionlib_msgs/include/actionlib_msgs/actionlib_msgs/msg/detail/goal_id__rosidl_typesupport_fastrtps_cpp.hpp
[98.035s] -- Installing: /home/ubuntu/microros_ws/install/actionlib_msgs/lib/libactionlib_msgs__rosidl_typesupport_fastrtps_cpp.so
[98.041s] -- Set runtime path of "/home/ubuntu/microros_ws/install/actionlib_msgs/lib/libactionlib_msgs__rosidl_typesupport_fastrtps_cpp.so" to ""
[98.044s] -- Up-to-date: /home/ubuntu/microros_ws/install/actionlib_msgs/include/actionlib_msgs
[98.047s] -- Installing: /home/ubuntu/microros_ws/install/actionlib_msgs/include/actionlib_msgs/msg
[98.051s] -- Installing: /home/ubuntu/microros_ws/install/actionlib_msgs/include/actionlib_msgs/msg/rosidl_typesupport_microxrcedds_c__visibility_control.h
[98.055s] -- Installing: /home/ubuntu/microros_ws/install/actionlib_msgs/include/actionlib_msgs/msg/detail
[98.058s] -- Installing: /home/ubuntu/microros_ws/install/actionlib_msgs/include/actionlib_msgs/msg/detail/goal_status_array__rosidl_typesupport_microxrcedds_c.h
[98.062s] -- Installing: /home/ubuntu/microros_ws/install/actionlib_msgs/include/actionlib_msgs/msg/detail/goal_id__rosidl_typesupport_microxrcedds_c.h
[98.065s] -- Installing: /home/ubuntu/microros_ws/install/actionlib_msgs/include/actionlib_msgs/msg/detail/microxrcedds
[98.068s] -- Installing: /home/ubuntu/microros_ws/install/actionlib_msgs/include/actionlib_msgs/msg/detail/goal_status__rosidl_typesupport_microxrcedds_c.h
[98.074s] -- Installing: /home/ubuntu/microros_ws/install/actionlib_msgs/lib/libactionlib_msgs__rosidl_typesupport_microxrcedds_c.so
[98.079s] -- Set runtime path of "/home/ubuntu/microros_ws/install/actionlib_msgs/lib/libactionlib_msgs__rosidl_typesupport_microxrcedds_c.so" to ""
[98.080s] -- Up-to-date: /home/ubuntu/microros_ws/install/actionlib_msgs/include/actionlib_msgs/actionlib_msgs
[98.082s] -- Up-to-date: /home/ubuntu/microros_ws/install/actionlib_msgs/include/actionlib_msgs/actionlib_msgs/msg
[98.083s] -- Up-to-date: /home/ubuntu/microros_ws/install/actionlib_msgs/include/actionlib_msgs/actionlib_msgs/msg/detail
[98.084s] -- Installing: /home/ubuntu/microros_ws/install/actionlib_msgs/include/actionlib_msgs/actionlib_msgs/msg/detail/goal_status__rosidl_typesupport_introspection_c.h
[98.085s] -- Installing: /home/ubuntu/microros_ws/install/actionlib_msgs/include/actionlib_msgs/actionlib_msgs/msg/detail/goal_id__rosidl_typesupport_introspection_c.h
[98.087s] -- Installing: /home/ubuntu/microros_ws/install/actionlib_msgs/include/actionlib_msgs/actionlib_msgs/msg/detail/goal_status_array__rosidl_typesupport_introspection_c.h
[98.090s] -- Installing: /home/ubuntu/microros_ws/install/actionlib_msgs/include/actionlib_msgs/actionlib_msgs/msg/detail/goal_id__type_support.c
[98.092s] -- Installing: /home/ubuntu/microros_ws/install/actionlib_msgs/include/actionlib_msgs/actionlib_msgs/msg/detail/goal_status__type_support.c
[98.094s] -- Installing: /home/ubuntu/microros_ws/install/actionlib_msgs/include/actionlib_msgs/actionlib_msgs/msg/detail/goal_status_array__type_support.c
[98.097s] -- Installing: /home/ubuntu/microros_ws/install/actionlib_msgs/include/actionlib_msgs/actionlib_msgs/msg/rosidl_typesupport_introspection_c__visibility_control.h
[98.099s] -- Installing: /home/ubuntu/microros_ws/install/actionlib_msgs/lib/libactionlib_msgs__rosidl_typesupport_introspection_c.so
[98.104s] -- Set runtime path of "/home/ubuntu/microros_ws/install/actionlib_msgs/lib/libactionlib_msgs__rosidl_typesupport_introspection_c.so" to ""
[98.106s] -- Installing: /home/ubuntu/microros_ws/install/actionlib_msgs/lib/libactionlib_msgs__rosidl_typesupport_c.so
[98.110s] -- Set runtime path of "/home/ubuntu/microros_ws/install/actionlib_msgs/lib/libactionlib_msgs__rosidl_typesupport_c.so" to ""
[98.112s] -- Up-to-date: /home/ubuntu/microros_ws/install/actionlib_msgs/include/actionlib_msgs
[98.113s] -- Up-to-date: /home/ubuntu/microros_ws/install/actionlib_msgs/include/actionlib_msgs/msg
[98.113s] -- Installing: /home/ubuntu/microros_ws/install/actionlib_msgs/include/actionlib_msgs/msg/rosidl_typesupport_microxrcedds_cpp__visibility_control.h
[98.115s] -- Up-to-date: /home/ubuntu/microros_ws/install/actionlib_msgs/include/actionlib_msgs/msg/detail
[98.116s] -- Installing: /home/ubuntu/microros_ws/install/actionlib_msgs/include/actionlib_msgs/msg/detail/goal_status_array__rosidl_typesupport_microxrcedds_cpp.hpp
[98.118s] -- Installing: /home/ubuntu/microros_ws/install/actionlib_msgs/include/actionlib_msgs/msg/detail/goal_status__rosidl_typesupport_microxrcedds_cpp.hpp
[98.120s] -- Up-to-date: /home/ubuntu/microros_ws/install/actionlib_msgs/include/actionlib_msgs/msg/detail/microxrcedds
[98.121s] -- Installing: /home/ubuntu/microros_ws/install/actionlib_msgs/include/actionlib_msgs/msg/detail/microxrcedds/goal_status_array__type_support_cpp.cpp
[98.123s] -- Installing: /home/ubuntu/microros_ws/install/actionlib_msgs/include/actionlib_msgs/msg/detail/microxrcedds/goal_id__type_support_cpp.cpp
[98.126s] -- Installing: /home/ubuntu/microros_ws/install/actionlib_msgs/include/actionlib_msgs/msg/detail/microxrcedds/goal_status__type_support_cpp.cpp
[98.128s] -- Installing: /home/ubuntu/microros_ws/install/actionlib_msgs/include/actionlib_msgs/msg/detail/goal_id__rosidl_typesupport_microxrcedds_cpp.hpp
[98.131s] -- Installing: /home/ubuntu/microros_ws/install/actionlib_msgs/lib/libactionlib_msgs__rosidl_typesupport_microxrcedds_cpp.so
[98.135s] -- Set runtime path of "/home/ubuntu/microros_ws/install/actionlib_msgs/lib/libactionlib_msgs__rosidl_typesupport_microxrcedds_cpp.so" to ""
[98.136s] -- Up-to-date: /home/ubuntu/microros_ws/install/actionlib_msgs/include/actionlib_msgs/actionlib_msgs
[98.137s] -- Up-to-date: /home/ubuntu/microros_ws/install/actionlib_msgs/include/actionlib_msgs/actionlib_msgs/msg
[98.138s] -- Up-to-date: /home/ubuntu/microros_ws/install/actionlib_msgs/include/actionlib_msgs/actionlib_msgs/msg/detail
[98.138s] -- Installing: /home/ubuntu/microros_ws/install/actionlib_msgs/include/actionlib_msgs/actionlib_msgs/msg/detail/goal_id__type_support.cpp
[98.141s] -- Installing: /home/ubuntu/microros_ws/install/actionlib_msgs/include/actionlib_msgs/actionlib_msgs/msg/detail/goal_id__rosidl_typesupport_introspection_cpp.hpp
[98.142s] -- Installing: /home/ubuntu/microros_ws/install/actionlib_msgs/include/actionlib_msgs/actionlib_msgs/msg/detail/goal_status__type_support.cpp
[98.144s] -- Installing: /home/ubuntu/microros_ws/install/actionlib_msgs/include/actionlib_msgs/actionlib_msgs/msg/detail/goal_status_array__rosidl_typesupport_introspection_cpp.hpp
[98.147s] -- Installing: /home/ubuntu/microros_ws/install/actionlib_msgs/include/actionlib_msgs/actionlib_msgs/msg/detail/goal_status__rosidl_typesupport_introspection_cpp.hpp
[98.152s] -- Installing: /home/ubuntu/microros_ws/install/actionlib_msgs/include/actionlib_msgs/actionlib_msgs/msg/detail/goal_status_array__type_support.cpp
[98.153s] -- Installing: /home/ubuntu/microros_ws/install/actionlib_msgs/lib/libactionlib_msgs__rosidl_typesupport_introspection_cpp.so
[98.155s] -- Set runtime path of "/home/ubuntu/microros_ws/install/actionlib_msgs/lib/libactionlib_msgs__rosidl_typesupport_introspection_cpp.so" to ""
[98.156s] -- Installing: /home/ubuntu/microros_ws/install/actionlib_msgs/lib/libactionlib_msgs__rosidl_typesupport_cpp.so
[98.159s] -- Set runtime path of "/home/ubuntu/microros_ws/install/actionlib_msgs/lib/libactionlib_msgs__rosidl_typesupport_cpp.so" to ""
[98.160s] -- Installing: /home/ubuntu/microros_ws/install/actionlib_msgs/share/actionlib_msgs/environment/pythonpath.sh
[98.162s] -- Installing: /home/ubuntu/microros_ws/install/actionlib_msgs/share/actionlib_msgs/environment/pythonpath.dsv
[98.164s] -- Installing: /home/ubuntu/microros_ws/install/actionlib_msgs/local/lib/python3.10/dist-packages/actionlib_msgs-4.2.4-py3.10.egg-info
[98.166s] -- Installing: /home/ubuntu/microros_ws/install/actionlib_msgs/local/lib/python3.10/dist-packages/actionlib_msgs-4.2.4-py3.10.egg-info/SOURCES.txt
[98.168s] -- Installing: /home/ubuntu/microros_ws/install/actionlib_msgs/local/lib/python3.10/dist-packages/actionlib_msgs-4.2.4-py3.10.egg-info/dependency_links.txt
[98.170s] -- Installing: /home/ubuntu/microros_ws/install/actionlib_msgs/local/lib/python3.10/dist-packages/actionlib_msgs-4.2.4-py3.10.egg-info/PKG-INFO
[98.172s] -- Installing: /home/ubuntu/microros_ws/install/actionlib_msgs/local/lib/python3.10/dist-packages/actionlib_msgs-4.2.4-py3.10.egg-info/top_level.txt
[98.174s] -- Installing: /home/ubuntu/microros_ws/install/actionlib_msgs/local/lib/python3.10/dist-packages/actionlib_msgs
[98.176s] -- Installing: /home/ubuntu/microros_ws/install/actionlib_msgs/local/lib/python3.10/dist-packages/actionlib_msgs/__init__.py
[98.177s] -- Installing: /home/ubuntu/microros_ws/install/actionlib_msgs/local/lib/python3.10/dist-packages/actionlib_msgs/_actionlib_msgs_s.ep.rosidl_typesupport_fastrtps_c.c
[98.179s] -- Installing: /home/ubuntu/microros_ws/install/actionlib_msgs/local/lib/python3.10/dist-packages/actionlib_msgs/actionlib_msgs_s__rosidl_typesupport_microxrcedds_c.cpython-310-aarch64-linux-gnu.so
[98.189s] -- Installing: /home/ubuntu/microros_ws/install/actionlib_msgs/local/lib/python3.10/dist-packages/actionlib_msgs/actionlib_msgs_s__rosidl_typesupport_fastrtps_c.cpython-310-aarch64-linux-gnu.so
[98.190s] -- Installing: /home/ubuntu/microros_ws/install/actionlib_msgs/local/lib/python3.10/dist-packages/actionlib_msgs/_actionlib_msgs_s.ep.rosidl_typesupport_microxrcedds_c.c
[98.190s] -- Installing: /home/ubuntu/microros_ws/install/actionlib_msgs/local/lib/python3.10/dist-packages/actionlib_msgs/actionlib_msgs_s__rosidl_typesupport_introspection_c.cpython-310-aarch64-linux-gnu.so
[98.192s] -- Installing: /home/ubuntu/microros_ws/install/actionlib_msgs/local/lib/python3.10/dist-packages/actionlib_msgs/_actionlib_msgs_s.ep.rosidl_typesupport_introspection_c.c
[98.193s] -- Installing: /home/ubuntu/microros_ws/install/actionlib_msgs/local/lib/python3.10/dist-packages/actionlib_msgs/_actionlib_msgs_s.ep.rosidl_typesupport_c.c
[98.195s] -- Installing: /home/ubuntu/microros_ws/install/actionlib_msgs/local/lib/python3.10/dist-packages/actionlib_msgs/libactionlib_msgs__rosidl_generator_py.so
[98.196s] -- Installing: /home/ubuntu/microros_ws/install/actionlib_msgs/local/lib/python3.10/dist-packages/actionlib_msgs/msg
[98.197s] -- Installing: /home/ubuntu/microros_ws/install/actionlib_msgs/local/lib/python3.10/dist-packages/actionlib_msgs/msg/__init__.py
[98.199s] -- Installing: /home/ubuntu/microros_ws/install/actionlib_msgs/local/lib/python3.10/dist-packages/actionlib_msgs/msg/_goal_id.py
[98.200s] -- Installing: /home/ubuntu/microros_ws/install/actionlib_msgs/local/lib/python3.10/dist-packages/actionlib_msgs/msg/_goal_status_s.c
[98.202s] -- Installing: /home/ubuntu/microros_ws/install/actionlib_msgs/local/lib/python3.10/dist-packages/actionlib_msgs/msg/_goal_status_array_s.c
[98.203s] -- Installing: /home/ubuntu/microros_ws/install/actionlib_msgs/local/lib/python3.10/dist-packages/actionlib_msgs/msg/_goal_status.py
[98.205s] -- Installing: /home/ubuntu/microros_ws/install/actionlib_msgs/local/lib/python3.10/dist-packages/actionlib_msgs/msg/_goal_id_s.c
[98.206s] -- Installing: /home/ubuntu/microros_ws/install/actionlib_msgs/local/lib/python3.10/dist-packages/actionlib_msgs/msg/_goal_status_array.py
[98.208s] -- Installing: /home/ubuntu/microros_ws/install/actionlib_msgs/local/lib/python3.10/dist-packages/actionlib_msgs/actionlib_msgs_s__rosidl_typesupport_c.cpython-310-aarch64-linux-gnu.so
[98.468s] Listing '/home/ubuntu/microros_ws/install/actionlib_msgs/local/lib/python3.10/dist-packages/actionlib_msgs'...
[98.470s] Compiling '/home/ubuntu/microros_ws/install/actionlib_msgs/local/lib/python3.10/dist-packages/actionlib_msgs/__init__.py'...
[98.471s] Listing '/home/ubuntu/microros_ws/install/actionlib_msgs/local/lib/python3.10/dist-packages/actionlib_msgs/msg'...
[98.474s] Compiling '/home/ubuntu/microros_ws/install/actionlib_msgs/local/lib/python3.10/dist-packages/actionlib_msgs/msg/__init__.py'...
[98.475s] Compiling '/home/ubuntu/microros_ws/install/actionlib_msgs/local/lib/python3.10/dist-packages/actionlib_msgs/msg/_goal_id.py'...
[98.477s] Compiling '/home/ubuntu/microros_ws/install/actionlib_msgs/local/lib/python3.10/dist-packages/actionlib_msgs/msg/_goal_status.py'...
[98.478s] Compiling '/home/ubuntu/microros_ws/install/actionlib_msgs/local/lib/python3.10/dist-packages/actionlib_msgs/msg/_goal_status_array.py'...
[98.509s] -- Installing: /home/ubuntu/microros_ws/install/actionlib_msgs/local/lib/python3.10/dist-packages/actionlib_msgs/actionlib_msgs_s__rosidl_typesupport_microxrcedds_c.cpython-310-aarch64-linux-gnu.so
[98.513s] -- Set runtime path of "/home/ubuntu/microros_ws/install/actionlib_msgs/local/lib/python3.10/dist-packages/actionlib_msgs/actionlib_msgs_s__rosidl_typesupport_microxrcedds_c.cpython-310-aarch64-linux-gnu.so" to ""
[98.515s] -- Installing: /home/ubuntu/microros_ws/install/actionlib_msgs/local/lib/python3.10/dist-packages/actionlib_msgs/actionlib_msgs_s__rosidl_typesupport_fastrtps_c.cpython-310-aarch64-linux-gnu.so
[98.519s] -- Set runtime path of "/home/ubuntu/microros_ws/install/actionlib_msgs/local/lib/python3.10/dist-packages/actionlib_msgs/actionlib_msgs_s__rosidl_typesupport_fastrtps_c.cpython-310-aarch64-linux-gnu.so" to ""
[98.521s] -- Installing: /home/ubuntu/microros_ws/install/actionlib_msgs/local/lib/python3.10/dist-packages/actionlib_msgs/actionlib_msgs_s__rosidl_typesupport_introspection_c.cpython-310-aarch64-linux-gnu.so
[98.525s] -- Set runtime path of "/home/ubuntu/microros_ws/install/actionlib_msgs/local/lib/python3.10/dist-packages/actionlib_msgs/actionlib_msgs_s__rosidl_typesupport_introspection_c.cpython-310-aarch64-linux-gnu.so" to ""
[98.527s] -- Installing: /home/ubuntu/microros_ws/install/actionlib_msgs/local/lib/python3.10/dist-packages/actionlib_msgs/actionlib_msgs_s__rosidl_typesupport_c.cpython-310-aarch64-linux-gnu.so
[98.531s] -- Set runtime path of "/home/ubuntu/microros_ws/install/actionlib_msgs/local/lib/python3.10/dist-packages/actionlib_msgs/actionlib_msgs_s__rosidl_typesupport_c.cpython-310-aarch64-linux-gnu.so" to ""
[98.532s] -- Installing: /home/ubuntu/microros_ws/install/actionlib_msgs/lib/libactionlib_msgs__rosidl_generator_py.so
[98.537s] -- Set runtime path of "/home/ubuntu/microros_ws/install/actionlib_msgs/lib/libactionlib_msgs__rosidl_generator_py.so" to ""
[98.538s] -- Installing: /home/ubuntu/microros_ws/install/actionlib_msgs/share/actionlib_msgs/msg/GoalID.idl
[98.540s] -- Installing: /home/ubuntu/microros_ws/install/actionlib_msgs/share/actionlib_msgs/msg/GoalStatus.idl
[98.542s] -- Installing: /home/ubuntu/microros_ws/install/actionlib_msgs/share/actionlib_msgs/msg/GoalStatusArray.idl
[98.544s] -- Installing: /home/ubuntu/microros_ws/install/actionlib_msgs/share/actionlib_msgs/msg/GoalID.msg
[98.546s] -- Installing: /home/ubuntu/microros_ws/install/actionlib_msgs/share/actionlib_msgs/msg/GoalStatus.msg
[98.548s] -- Installing: /home/ubuntu/microros_ws/install/actionlib_msgs/share/actionlib_msgs/msg/GoalStatusArray.msg
[98.551s] -- Installing: /home/ubuntu/microros_ws/install/actionlib_msgs/share/ament_index/resource_index/package_run_dependencies/actionlib_msgs
[98.553s] -- Installing: /home/ubuntu/microros_ws/install/actionlib_msgs/share/ament_index/resource_index/parent_prefix_path/actionlib_msgs
[98.556s] -- Installing: /home/ubuntu/microros_ws/install/actionlib_msgs/share/actionlib_msgs/environment/ament_prefix_path.sh
[98.558s] -- Installing: /home/ubuntu/microros_ws/install/actionlib_msgs/share/actionlib_msgs/environment/ament_prefix_path.dsv
[98.560s] -- Installing: /home/ubuntu/microros_ws/install/actionlib_msgs/share/actionlib_msgs/environment/path.sh
[98.562s] -- Installing: /home/ubuntu/microros_ws/install/actionlib_msgs/share/actionlib_msgs/environment/path.dsv
[98.564s] -- Installing: /home/ubuntu/microros_ws/install/actionlib_msgs/share/actionlib_msgs/local_setup.bash
[98.566s] -- Installing: /home/ubuntu/microros_ws/install/actionlib_msgs/share/actionlib_msgs/local_setup.sh
[98.570s] -- Installing: /home/ubuntu/microros_ws/install/actionlib_msgs/share/actionlib_msgs/local_setup.zsh
[98.575s] -- Installing: /home/ubuntu/microros_ws/install/actionlib_msgs/share/actionlib_msgs/local_setup.dsv
[98.578s] -- Installing: /home/ubuntu/microros_ws/install/actionlib_msgs/share/actionlib_msgs/package.dsv
[98.582s] -- Installing: /home/ubuntu/microros_ws/install/actionlib_msgs/share/ament_index/resource_index/packages/actionlib_msgs
[98.585s] -- Installing: /home/ubuntu/microros_ws/install/actionlib_msgs/share/actionlib_msgs/cmake/export_actionlib_msgs__rosidl_generator_cExport.cmake
[98.588s] -- Installing: /home/ubuntu/microros_ws/install/actionlib_msgs/share/actionlib_msgs/cmake/export_actionlib_msgs__rosidl_generator_cExport-noconfig.cmake
[98.592s] -- Installing: /home/ubuntu/microros_ws/install/actionlib_msgs/share/actionlib_msgs/cmake/export_actionlib_msgs__rosidl_typesupport_fastrtps_cExport.cmake
[98.596s] -- Installing: /home/ubuntu/microros_ws/install/actionlib_msgs/share/actionlib_msgs/cmake/export_actionlib_msgs__rosidl_typesupport_fastrtps_cExport-noconfig.cmake
[98.600s] -- Installing: /home/ubuntu/microros_ws/install/actionlib_msgs/share/actionlib_msgs/cmake/export_actionlib_msgs__rosidl_generator_cppExport.cmake
[98.604s] -- Installing: /home/ubuntu/microros_ws/install/actionlib_msgs/share/actionlib_msgs/cmake/export_actionlib_msgs__rosidl_typesupport_fastrtps_cppExport.cmake
[98.607s] -- Installing: /home/ubuntu/microros_ws/install/actionlib_msgs/share/actionlib_msgs/cmake/export_actionlib_msgs__rosidl_typesupport_fastrtps_cppExport-noconfig.cmake
[98.611s] -- Installing: /home/ubuntu/microros_ws/install/actionlib_msgs/share/actionlib_msgs/cmake/actionlib_msgs__rosidl_typesupport_introspection_cExport.cmake
[98.615s] -- Installing: /home/ubuntu/microros_ws/install/actionlib_msgs/share/actionlib_msgs/cmake/actionlib_msgs__rosidl_typesupport_introspection_cExport-noconfig.cmake
[98.618s] -- Installing: /home/ubuntu/microros_ws/install/actionlib_msgs/share/actionlib_msgs/cmake/actionlib_msgs__rosidl_typesupport_cExport.cmake
[98.622s] -- Installing: /home/ubuntu/microros_ws/install/actionlib_msgs/share/actionlib_msgs/cmake/actionlib_msgs__rosidl_typesupport_cExport-noconfig.cmake
[98.626s] -- Installing: /home/ubuntu/microros_ws/install/actionlib_msgs/share/actionlib_msgs/cmake/actionlib_msgs__rosidl_typesupport_introspection_cppExport.cmake
[98.629s] -- Installing: /home/ubuntu/microros_ws/install/actionlib_msgs/share/actionlib_msgs/cmake/actionlib_msgs__rosidl_typesupport_introspection_cppExport-noconfig.cmake
[98.633s] -- Installing: /home/ubuntu/microros_ws/install/actionlib_msgs/share/actionlib_msgs/cmake/actionlib_msgs__rosidl_typesupport_cppExport.cmake
[98.636s] -- Installing: /home/ubuntu/microros_ws/install/actionlib_msgs/share/actionlib_msgs/cmake/actionlib_msgs__rosidl_typesupport_cppExport-noconfig.cmake
[98.639s] -- Installing: /home/ubuntu/microros_ws/install/actionlib_msgs/share/actionlib_msgs/cmake/export_actionlib_msgs__rosidl_generator_pyExport.cmake
[98.642s] -- Installing: /home/ubuntu/microros_ws/install/actionlib_msgs/share/actionlib_msgs/cmake/export_actionlib_msgs__rosidl_generator_pyExport-noconfig.cmake
[98.645s] -- Installing: /home/ubuntu/microros_ws/install/actionlib_msgs/share/actionlib_msgs/cmake/rosidl_cmake-extras.cmake
[98.648s] -- Installing: /home/ubuntu/microros_ws/install/actionlib_msgs/share/actionlib_msgs/cmake/ament_cmake_export_dependencies-extras.cmake
[98.651s] -- Installing: /home/ubuntu/microros_ws/install/actionlib_msgs/share/actionlib_msgs/cmake/ament_cmake_export_include_directories-extras.cmake
[98.654s] -- Installing: /home/ubuntu/microros_ws/install/actionlib_msgs/share/actionlib_msgs/cmake/ament_cmake_export_libraries-extras.cmake
[98.657s] -- Installing: /home/ubuntu/microros_ws/install/actionlib_msgs/share/actionlib_msgs/cmake/ament_cmake_export_targets-extras.cmake
[98.659s] -- Installing: /home/ubuntu/microros_ws/install/actionlib_msgs/share/actionlib_msgs/cmake/rosidl_cmake_export_typesupport_targets-extras.cmake
[98.662s] -- Installing: /home/ubuntu/microros_ws/install/actionlib_msgs/share/actionlib_msgs/cmake/rosidl_cmake_export_typesupport_libraries-extras.cmake
[98.665s] -- Installing: /home/ubuntu/microros_ws/install/actionlib_msgs/share/actionlib_msgs/cmake/actionlib_msgsConfig.cmake
[98.667s] -- Installing: /home/ubuntu/microros_ws/install/actionlib_msgs/share/actionlib_msgs/cmake/actionlib_msgsConfig-version.cmake
[98.670s] -- Installing: /home/ubuntu/microros_ws/install/actionlib_msgs/share/actionlib_msgs/package.xml
[98.689s] Invoked command in '/home/ubuntu/microros_ws/build/actionlib_msgs' returned '0': AMENT_PREFIX_PATH=/home/ubuntu/microros_ws/install/std_msgs:/home/ubuntu/microros_ws/install/builtin_interfaces:${AMENT_PREFIX_PATH} CMAKE_PREFIX_PATH=/home/ubuntu/microros_ws/install/std_msgs:/home/ubuntu/microros_ws/install/builtin_interfaces:/home/ubuntu/microros_ws/install/rosidl_typesupport_microxrcedds_cpp:/home/ubuntu/microros_ws/install/rosidl_typesupport_microxrcedds_c:/home/ubuntu/microros_ws/install/microcdr:/home/ubuntu/microros_ws/install/micro_ros_setup:/opt/ros/humble LD_LIBRARY_PATH=/home/ubuntu/microros_ws/install/std_msgs/lib:/home/ubuntu/microros_ws/install/builtin_interfaces/lib:${LD_LIBRARY_PATH} PYTHONPATH=/home/ubuntu/microros_ws/install/std_msgs/local/lib/python3.10/dist-packages:/home/ubuntu/microros_ws/install/builtin_interfaces/local/lib/python3.10/dist-packages:${PYTHONPATH} /usr/bin/cmake --install /home/ubuntu/microros_ws/build/actionlib_msgs
