[0.129s] Invoking command in '/home/ubuntu/microros_ws/build/geometry_msgs': AMENT_PREFIX_PATH=/home/ubuntu/microros_ws/install/std_msgs:/home/ubuntu/microros_ws/install/builtin_interfaces:${AMENT_PREFIX_PATH} CMAKE_PREFIX_PATH=/home/ubuntu/microros_ws/install/std_msgs:/home/ubuntu/microros_ws/install/builtin_interfaces:/opt/ros/humble LD_LIBRARY_PATH=/home/ubuntu/microros_ws/install/std_msgs/lib:/home/ubuntu/microros_ws/install/builtin_interfaces/lib:${LD_LIBRARY_PATH} PYTHONPATH=/home/ubuntu/microros_ws/install/std_msgs/local/lib/python3.10/dist-packages:/home/ubuntu/microros_ws/install/builtin_interfaces/local/lib/python3.10/dist-packages:${PYTHONPATH} /usr/bin/cmake --build /home/ubuntu/microros_ws/build/geometry_msgs -- -j4 -l4
[0.545s] [  0%] Built target geometry_msgs__cpp
[0.600s] [ 12%] Built target geometry_msgs__rosidl_generator_c
[0.653s] [ 12%] Built target ament_cmake_python_symlink_geometry_msgs
[0.806s] [ 24%] Built target geometry_msgs__rosidl_typesupport_fastrtps_cpp
[0.966s] [ 36%] Built target geometry_msgs__rosidl_typesupport_fastrtps_c
[0.984s] [ 48%] Built target geometry_msgs__rosidl_typesupport_cpp
[1.094s] [ 61%] Built target geometry_msgs__rosidl_typesupport_introspection_cpp
[1.100s] [ 74%] Built target geometry_msgs__rosidl_typesupport_introspection_c
[1.156s] [ 86%] Built target geometry_msgs__rosidl_typesupport_c
[1.307s] [ 86%] Built target geometry_msgs
[1.464s] [ 86%] Built target geometry_msgs__py
[1.682s] [ 98%] Built target geometry_msgs__rosidl_generator_py
[1.924s] [ 98%] Built target geometry_msgs__rosidl_typesupport_introspection_c__pyext
[2.008s] [ 99%] Built target geometry_msgs__rosidl_typesupport_fastrtps_c__pyext
[2.009s] [100%] Built target geometry_msgs__rosidl_typesupport_c__pyext
[3.117s] running egg_info
[3.123s] writing geometry_msgs.egg-info/PKG-INFO
[3.124s] writing dependency_links to geometry_msgs.egg-info/dependency_links.txt
[3.126s] writing top-level names to geometry_msgs.egg-info/top_level.txt
[3.141s] reading manifest file 'geometry_msgs.egg-info/SOURCES.txt'
[3.147s] writing manifest file 'geometry_msgs.egg-info/SOURCES.txt'
[3.419s] [100%] Built target ament_cmake_python_build_geometry_msgs_egg
[3.572s] Invoked command in '/home/ubuntu/microros_ws/build/geometry_msgs' returned '0': AMENT_PREFIX_PATH=/home/ubuntu/microros_ws/install/std_msgs:/home/ubuntu/microros_ws/install/builtin_interfaces:${AMENT_PREFIX_PATH} CMAKE_PREFIX_PATH=/home/ubuntu/microros_ws/install/std_msgs:/home/ubuntu/microros_ws/install/builtin_interfaces:/opt/ros/humble LD_LIBRARY_PATH=/home/ubuntu/microros_ws/install/std_msgs/lib:/home/ubuntu/microros_ws/install/builtin_interfaces/lib:${LD_LIBRARY_PATH} PYTHONPATH=/home/ubuntu/microros_ws/install/std_msgs/local/lib/python3.10/dist-packages:/home/ubuntu/microros_ws/install/builtin_interfaces/local/lib/python3.10/dist-packages:${PYTHONPATH} /usr/bin/cmake --build /home/ubuntu/microros_ws/build/geometry_msgs -- -j4 -l4
[10.698s] Invoking command in '/home/ubuntu/microros_ws/build/geometry_msgs': AMENT_PREFIX_PATH=/home/ubuntu/microros_ws/install/std_msgs:/home/ubuntu/microros_ws/install/builtin_interfaces:${AMENT_PREFIX_PATH} CMAKE_PREFIX_PATH=/home/ubuntu/microros_ws/install/std_msgs:/home/ubuntu/microros_ws/install/builtin_interfaces:/opt/ros/humble LD_LIBRARY_PATH=/home/ubuntu/microros_ws/install/std_msgs/lib:/home/ubuntu/microros_ws/install/builtin_interfaces/lib:${LD_LIBRARY_PATH} PYTHONPATH=/home/ubuntu/microros_ws/install/std_msgs/local/lib/python3.10/dist-packages:/home/ubuntu/microros_ws/install/builtin_interfaces/local/lib/python3.10/dist-packages:${PYTHONPATH} /usr/bin/cmake --install /home/ubuntu/microros_ws/build/geometry_msgs
[10.744s] -- Install configuration: ""
[10.749s] -- Execute custom install script
[10.752s] -- Up-to-date symlink: /home/ubuntu/microros_ws/install/geometry_msgs/share/ament_index/resource_index/rosidl_interfaces/geometry_msgs
[10.767s] -- Up-to-date symlink: /home/ubuntu/microros_ws/install/geometry_msgs/include/geometry_msgs/geometry_msgs/msg/accel.h
[10.770s] -- Up-to-date symlink: /home/ubuntu/microros_ws/install/geometry_msgs/include/geometry_msgs/geometry_msgs/msg/accel_stamped.h
[10.773s] -- Up-to-date symlink: /home/ubuntu/microros_ws/install/geometry_msgs/include/geometry_msgs/geometry_msgs/msg/accel_with_covariance.h
[10.775s] -- Up-to-date symlink: /home/ubuntu/microros_ws/install/geometry_msgs/include/geometry_msgs/geometry_msgs/msg/accel_with_covariance_stamped.h
[10.777s] -- Up-to-date symlink: /home/ubuntu/microros_ws/install/geometry_msgs/include/geometry_msgs/geometry_msgs/msg/detail/accel__functions.h
[10.781s] -- Up-to-date symlink: /home/ubuntu/microros_ws/install/geometry_msgs/include/geometry_msgs/geometry_msgs/msg/detail/accel__struct.h
[10.784s] -- Up-to-date symlink: /home/ubuntu/microros_ws/install/geometry_msgs/include/geometry_msgs/geometry_msgs/msg/detail/accel__type_support.h
[10.787s] -- Up-to-date symlink: /home/ubuntu/microros_ws/install/geometry_msgs/include/geometry_msgs/geometry_msgs/msg/detail/accel_stamped__functions.h
[10.793s] -- Up-to-date symlink: /home/ubuntu/microros_ws/install/geometry_msgs/include/geometry_msgs/geometry_msgs/msg/detail/accel_stamped__struct.h
[10.794s] -- Up-to-date symlink: /home/ubuntu/microros_ws/install/geometry_msgs/include/geometry_msgs/geometry_msgs/msg/detail/accel_stamped__type_support.h
[10.795s] -- Up-to-date symlink: /home/ubuntu/microros_ws/install/geometry_msgs/include/geometry_msgs/geometry_msgs/msg/detail/accel_with_covariance__functions.h
[10.796s] -- Up-to-date symlink: /home/ubuntu/microros_ws/install/geometry_msgs/include/geometry_msgs/geometry_msgs/msg/detail/accel_with_covariance__struct.h
[10.796s] -- Up-to-date symlink: /home/ubuntu/microros_ws/install/geometry_msgs/include/geometry_msgs/geometry_msgs/msg/detail/accel_with_covariance__type_support.h
[10.806s] -- Up-to-date symlink: /home/ubuntu/microros_ws/install/geometry_msgs/include/geometry_msgs/geometry_msgs/msg/detail/accel_with_covariance_stamped__functions.h
[10.810s] -- Up-to-date symlink: /home/ubuntu/microros_ws/install/geometry_msgs/include/geometry_msgs/geometry_msgs/msg/detail/accel_with_covariance_stamped__struct.h
[10.817s] -- Up-to-date symlink: /home/ubuntu/microros_ws/install/geometry_msgs/include/geometry_msgs/geometry_msgs/msg/detail/accel_with_covariance_stamped__type_support.h
[10.818s] -- Up-to-date symlink: /home/ubuntu/microros_ws/install/geometry_msgs/include/geometry_msgs/geometry_msgs/msg/detail/inertia__functions.h
[10.819s] -- Up-to-date symlink: /home/ubuntu/microros_ws/install/geometry_msgs/include/geometry_msgs/geometry_msgs/msg/detail/inertia__struct.h
[10.823s] -- Up-to-date symlink: /home/ubuntu/microros_ws/install/geometry_msgs/include/geometry_msgs/geometry_msgs/msg/detail/inertia__type_support.h
[10.825s] -- Up-to-date symlink: /home/ubuntu/microros_ws/install/geometry_msgs/include/geometry_msgs/geometry_msgs/msg/detail/inertia_stamped__functions.h
[10.826s] -- Up-to-date symlink: /home/ubuntu/microros_ws/install/geometry_msgs/include/geometry_msgs/geometry_msgs/msg/detail/inertia_stamped__struct.h
[10.826s] -- Up-to-date symlink: /home/ubuntu/microros_ws/install/geometry_msgs/include/geometry_msgs/geometry_msgs/msg/detail/inertia_stamped__type_support.h
[10.830s] -- Up-to-date symlink: /home/ubuntu/microros_ws/install/geometry_msgs/include/geometry_msgs/geometry_msgs/msg/detail/point32__functions.h
[10.831s] -- Up-to-date symlink: /home/ubuntu/microros_ws/install/geometry_msgs/include/geometry_msgs/geometry_msgs/msg/detail/point32__struct.h
[10.833s] -- Up-to-date symlink: /home/ubuntu/microros_ws/install/geometry_msgs/include/geometry_msgs/geometry_msgs/msg/detail/point32__type_support.h
[10.842s] -- Up-to-date symlink: /home/ubuntu/microros_ws/install/geometry_msgs/include/geometry_msgs/geometry_msgs/msg/detail/point__functions.h
[10.843s] -- Up-to-date symlink: /home/ubuntu/microros_ws/install/geometry_msgs/include/geometry_msgs/geometry_msgs/msg/detail/point__struct.h
[10.845s] -- Up-to-date symlink: /home/ubuntu/microros_ws/install/geometry_msgs/include/geometry_msgs/geometry_msgs/msg/detail/point__type_support.h
[10.846s] -- Up-to-date symlink: /home/ubuntu/microros_ws/install/geometry_msgs/include/geometry_msgs/geometry_msgs/msg/detail/point_stamped__functions.h
[10.847s] -- Up-to-date symlink: /home/ubuntu/microros_ws/install/geometry_msgs/include/geometry_msgs/geometry_msgs/msg/detail/point_stamped__struct.h
[10.848s] -- Up-to-date symlink: /home/ubuntu/microros_ws/install/geometry_msgs/include/geometry_msgs/geometry_msgs/msg/detail/point_stamped__type_support.h
[10.848s] -- Up-to-date symlink: /home/ubuntu/microros_ws/install/geometry_msgs/include/geometry_msgs/geometry_msgs/msg/detail/polygon__functions.h
[10.849s] -- Up-to-date symlink: /home/ubuntu/microros_ws/install/geometry_msgs/include/geometry_msgs/geometry_msgs/msg/detail/polygon__struct.h
[10.849s] -- Up-to-date symlink: /home/ubuntu/microros_ws/install/geometry_msgs/include/geometry_msgs/geometry_msgs/msg/detail/polygon__type_support.h
[10.849s] -- Up-to-date symlink: /home/ubuntu/microros_ws/install/geometry_msgs/include/geometry_msgs/geometry_msgs/msg/detail/polygon_stamped__functions.h
[10.850s] -- Up-to-date symlink: /home/ubuntu/microros_ws/install/geometry_msgs/include/geometry_msgs/geometry_msgs/msg/detail/polygon_stamped__struct.h
[10.850s] -- Up-to-date symlink: /home/ubuntu/microros_ws/install/geometry_msgs/include/geometry_msgs/geometry_msgs/msg/detail/polygon_stamped__type_support.h
[10.851s] -- Up-to-date symlink: /home/ubuntu/microros_ws/install/geometry_msgs/include/geometry_msgs/geometry_msgs/msg/detail/pose2_d__functions.h
[10.851s] -- Up-to-date symlink: /home/ubuntu/microros_ws/install/geometry_msgs/include/geometry_msgs/geometry_msgs/msg/detail/pose2_d__struct.h
[10.851s] -- Up-to-date symlink: /home/ubuntu/microros_ws/install/geometry_msgs/include/geometry_msgs/geometry_msgs/msg/detail/pose2_d__type_support.h
[10.852s] -- Up-to-date symlink: /home/ubuntu/microros_ws/install/geometry_msgs/include/geometry_msgs/geometry_msgs/msg/detail/pose__functions.h
[10.852s] -- Up-to-date symlink: /home/ubuntu/microros_ws/install/geometry_msgs/include/geometry_msgs/geometry_msgs/msg/detail/pose__struct.h
[10.852s] -- Up-to-date symlink: /home/ubuntu/microros_ws/install/geometry_msgs/include/geometry_msgs/geometry_msgs/msg/detail/pose__type_support.h
[10.853s] -- Up-to-date symlink: /home/ubuntu/microros_ws/install/geometry_msgs/include/geometry_msgs/geometry_msgs/msg/detail/pose_array__functions.h
[10.853s] -- Up-to-date symlink: /home/ubuntu/microros_ws/install/geometry_msgs/include/geometry_msgs/geometry_msgs/msg/detail/pose_array__struct.h
[10.853s] -- Up-to-date symlink: /home/ubuntu/microros_ws/install/geometry_msgs/include/geometry_msgs/geometry_msgs/msg/detail/pose_array__type_support.h
[10.854s] -- Up-to-date symlink: /home/ubuntu/microros_ws/install/geometry_msgs/include/geometry_msgs/geometry_msgs/msg/detail/pose_stamped__functions.h
[10.854s] -- Up-to-date symlink: /home/ubuntu/microros_ws/install/geometry_msgs/include/geometry_msgs/geometry_msgs/msg/detail/pose_stamped__struct.h
[10.870s] -- Up-to-date symlink: /home/ubuntu/microros_ws/install/geometry_msgs/include/geometry_msgs/geometry_msgs/msg/detail/pose_stamped__type_support.h
[10.871s] -- Up-to-date symlink: /home/ubuntu/microros_ws/install/geometry_msgs/include/geometry_msgs/geometry_msgs/msg/detail/pose_with_covariance__functions.h
[10.871s] -- Up-to-date symlink: /home/ubuntu/microros_ws/install/geometry_msgs/include/geometry_msgs/geometry_msgs/msg/detail/pose_with_covariance__struct.h
[10.872s] -- Up-to-date symlink: /home/ubuntu/microros_ws/install/geometry_msgs/include/geometry_msgs/geometry_msgs/msg/detail/pose_with_covariance__type_support.h
[10.876s] -- Up-to-date symlink: /home/ubuntu/microros_ws/install/geometry_msgs/include/geometry_msgs/geometry_msgs/msg/detail/pose_with_covariance_stamped__functions.h
[10.878s] -- Up-to-date symlink: /home/ubuntu/microros_ws/install/geometry_msgs/include/geometry_msgs/geometry_msgs/msg/detail/pose_with_covariance_stamped__struct.h
[10.879s] -- Up-to-date symlink: /home/ubuntu/microros_ws/install/geometry_msgs/include/geometry_msgs/geometry_msgs/msg/detail/pose_with_covariance_stamped__type_support.h
[10.881s] -- Up-to-date symlink: /home/ubuntu/microros_ws/install/geometry_msgs/include/geometry_msgs/geometry_msgs/msg/detail/quaternion__functions.h
[10.883s] -- Up-to-date symlink: /home/ubuntu/microros_ws/install/geometry_msgs/include/geometry_msgs/geometry_msgs/msg/detail/quaternion__struct.h
[10.884s] -- Up-to-date symlink: /home/ubuntu/microros_ws/install/geometry_msgs/include/geometry_msgs/geometry_msgs/msg/detail/quaternion__type_support.h
[10.885s] -- Up-to-date symlink: /home/ubuntu/microros_ws/install/geometry_msgs/include/geometry_msgs/geometry_msgs/msg/detail/quaternion_stamped__functions.h
[10.892s] -- Up-to-date symlink: /home/ubuntu/microros_ws/install/geometry_msgs/include/geometry_msgs/geometry_msgs/msg/detail/quaternion_stamped__struct.h
[10.894s] -- Up-to-date symlink: /home/ubuntu/microros_ws/install/geometry_msgs/include/geometry_msgs/geometry_msgs/msg/detail/quaternion_stamped__type_support.h
[10.895s] -- Up-to-date symlink: /home/ubuntu/microros_ws/install/geometry_msgs/include/geometry_msgs/geometry_msgs/msg/detail/transform__functions.h
[10.896s] -- Up-to-date symlink: /home/ubuntu/microros_ws/install/geometry_msgs/include/geometry_msgs/geometry_msgs/msg/detail/transform__struct.h
[10.897s] -- Up-to-date symlink: /home/ubuntu/microros_ws/install/geometry_msgs/include/geometry_msgs/geometry_msgs/msg/detail/transform__type_support.h
[10.900s] -- Up-to-date symlink: /home/ubuntu/microros_ws/install/geometry_msgs/include/geometry_msgs/geometry_msgs/msg/detail/transform_stamped__functions.h
[10.902s] -- Up-to-date symlink: /home/ubuntu/microros_ws/install/geometry_msgs/include/geometry_msgs/geometry_msgs/msg/detail/transform_stamped__struct.h
[10.903s] -- Up-to-date symlink: /home/ubuntu/microros_ws/install/geometry_msgs/include/geometry_msgs/geometry_msgs/msg/detail/transform_stamped__type_support.h
[10.908s] -- Up-to-date symlink: /home/ubuntu/microros_ws/install/geometry_msgs/include/geometry_msgs/geometry_msgs/msg/detail/twist__functions.h
[10.912s] -- Up-to-date symlink: /home/ubuntu/microros_ws/install/geometry_msgs/include/geometry_msgs/geometry_msgs/msg/detail/twist__struct.h
[10.913s] -- Up-to-date symlink: /home/ubuntu/microros_ws/install/geometry_msgs/include/geometry_msgs/geometry_msgs/msg/detail/twist__type_support.h
[10.914s] -- Up-to-date symlink: /home/ubuntu/microros_ws/install/geometry_msgs/include/geometry_msgs/geometry_msgs/msg/detail/twist_stamped__functions.h
[10.916s] -- Up-to-date symlink: /home/ubuntu/microros_ws/install/geometry_msgs/include/geometry_msgs/geometry_msgs/msg/detail/twist_stamped__struct.h
[10.917s] -- Up-to-date symlink: /home/ubuntu/microros_ws/install/geometry_msgs/include/geometry_msgs/geometry_msgs/msg/detail/twist_stamped__type_support.h
[10.918s] -- Up-to-date symlink: /home/ubuntu/microros_ws/install/geometry_msgs/include/geometry_msgs/geometry_msgs/msg/detail/twist_with_covariance__functions.h
[10.920s] -- Up-to-date symlink: /home/ubuntu/microros_ws/install/geometry_msgs/include/geometry_msgs/geometry_msgs/msg/detail/twist_with_covariance__struct.h
[10.924s] -- Up-to-date symlink: /home/ubuntu/microros_ws/install/geometry_msgs/include/geometry_msgs/geometry_msgs/msg/detail/twist_with_covariance__type_support.h
[10.928s] -- Up-to-date symlink: /home/ubuntu/microros_ws/install/geometry_msgs/include/geometry_msgs/geometry_msgs/msg/detail/twist_with_covariance_stamped__functions.h
[10.929s] -- Up-to-date symlink: /home/ubuntu/microros_ws/install/geometry_msgs/include/geometry_msgs/geometry_msgs/msg/detail/twist_with_covariance_stamped__struct.h
[10.930s] -- Up-to-date symlink: /home/ubuntu/microros_ws/install/geometry_msgs/include/geometry_msgs/geometry_msgs/msg/detail/twist_with_covariance_stamped__type_support.h
[10.932s] -- Up-to-date symlink: /home/ubuntu/microros_ws/install/geometry_msgs/include/geometry_msgs/geometry_msgs/msg/detail/vector3__functions.h
[10.932s] -- Up-to-date symlink: /home/ubuntu/microros_ws/install/geometry_msgs/include/geometry_msgs/geometry_msgs/msg/detail/vector3__struct.h
[10.932s] -- Up-to-date symlink: /home/ubuntu/microros_ws/install/geometry_msgs/include/geometry_msgs/geometry_msgs/msg/detail/vector3__type_support.h
[10.933s] -- Up-to-date symlink: /home/ubuntu/microros_ws/install/geometry_msgs/include/geometry_msgs/geometry_msgs/msg/detail/vector3_stamped__functions.h
[10.933s] -- Up-to-date symlink: /home/ubuntu/microros_ws/install/geometry_msgs/include/geometry_msgs/geometry_msgs/msg/detail/vector3_stamped__struct.h
[10.934s] -- Up-to-date symlink: /home/ubuntu/microros_ws/install/geometry_msgs/include/geometry_msgs/geometry_msgs/msg/detail/vector3_stamped__type_support.h
[10.934s] -- Up-to-date symlink: /home/ubuntu/microros_ws/install/geometry_msgs/include/geometry_msgs/geometry_msgs/msg/detail/velocity_stamped__functions.h
[10.935s] -- Up-to-date symlink: /home/ubuntu/microros_ws/install/geometry_msgs/include/geometry_msgs/geometry_msgs/msg/detail/velocity_stamped__struct.h
[10.935s] -- Up-to-date symlink: /home/ubuntu/microros_ws/install/geometry_msgs/include/geometry_msgs/geometry_msgs/msg/detail/velocity_stamped__type_support.h
[10.936s] -- Up-to-date symlink: /home/ubuntu/microros_ws/install/geometry_msgs/include/geometry_msgs/geometry_msgs/msg/detail/wrench__functions.h
[10.936s] -- Up-to-date symlink: /home/ubuntu/microros_ws/install/geometry_msgs/include/geometry_msgs/geometry_msgs/msg/detail/wrench__struct.h
[10.981s] -- Up-to-date symlink: /home/ubuntu/microros_ws/install/geometry_msgs/include/geometry_msgs/geometry_msgs/msg/detail/wrench__type_support.h
[10.981s] -- Up-to-date symlink: /home/ubuntu/microros_ws/install/geometry_msgs/include/geometry_msgs/geometry_msgs/msg/detail/wrench_stamped__functions.h
[10.986s] -- Up-to-date symlink: /home/ubuntu/microros_ws/install/geometry_msgs/include/geometry_msgs/geometry_msgs/msg/detail/wrench_stamped__struct.h
[10.986s] -- Up-to-date symlink: /home/ubuntu/microros_ws/install/geometry_msgs/include/geometry_msgs/geometry_msgs/msg/detail/wrench_stamped__type_support.h
[10.987s] -- Up-to-date symlink: /home/ubuntu/microros_ws/install/geometry_msgs/include/geometry_msgs/geometry_msgs/msg/inertia.h
[10.988s] -- Up-to-date symlink: /home/ubuntu/microros_ws/install/geometry_msgs/include/geometry_msgs/geometry_msgs/msg/inertia_stamped.h
[10.988s] -- Up-to-date symlink: /home/ubuntu/microros_ws/install/geometry_msgs/include/geometry_msgs/geometry_msgs/msg/point.h
[10.989s] -- Up-to-date symlink: /home/ubuntu/microros_ws/install/geometry_msgs/include/geometry_msgs/geometry_msgs/msg/point32.h
[10.990s] -- Up-to-date symlink: /home/ubuntu/microros_ws/install/geometry_msgs/include/geometry_msgs/geometry_msgs/msg/point_stamped.h
[10.992s] -- Up-to-date symlink: /home/ubuntu/microros_ws/install/geometry_msgs/include/geometry_msgs/geometry_msgs/msg/polygon.h
[10.993s] -- Up-to-date symlink: /home/ubuntu/microros_ws/install/geometry_msgs/include/geometry_msgs/geometry_msgs/msg/polygon_stamped.h
[10.993s] -- Up-to-date symlink: /home/ubuntu/microros_ws/install/geometry_msgs/include/geometry_msgs/geometry_msgs/msg/pose.h
[10.995s] -- Up-to-date symlink: /home/ubuntu/microros_ws/install/geometry_msgs/include/geometry_msgs/geometry_msgs/msg/pose2_d.h
[10.995s] -- Up-to-date symlink: /home/ubuntu/microros_ws/install/geometry_msgs/include/geometry_msgs/geometry_msgs/msg/pose_array.h
[10.996s] -- Up-to-date symlink: /home/ubuntu/microros_ws/install/geometry_msgs/include/geometry_msgs/geometry_msgs/msg/pose_stamped.h
[10.997s] -- Up-to-date symlink: /home/ubuntu/microros_ws/install/geometry_msgs/include/geometry_msgs/geometry_msgs/msg/pose_with_covariance.h
[10.998s] -- Up-to-date symlink: /home/ubuntu/microros_ws/install/geometry_msgs/include/geometry_msgs/geometry_msgs/msg/pose_with_covariance_stamped.h
[10.999s] -- Up-to-date symlink: /home/ubuntu/microros_ws/install/geometry_msgs/include/geometry_msgs/geometry_msgs/msg/quaternion.h
[10.999s] -- Up-to-date symlink: /home/ubuntu/microros_ws/install/geometry_msgs/include/geometry_msgs/geometry_msgs/msg/quaternion_stamped.h
[11.000s] -- Up-to-date symlink: /home/ubuntu/microros_ws/install/geometry_msgs/include/geometry_msgs/geometry_msgs/msg/rosidl_generator_c__visibility_control.h
[11.001s] -- Up-to-date symlink: /home/ubuntu/microros_ws/install/geometry_msgs/include/geometry_msgs/geometry_msgs/msg/transform.h
[11.002s] -- Up-to-date symlink: /home/ubuntu/microros_ws/install/geometry_msgs/include/geometry_msgs/geometry_msgs/msg/transform_stamped.h
[11.003s] -- Up-to-date symlink: /home/ubuntu/microros_ws/install/geometry_msgs/include/geometry_msgs/geometry_msgs/msg/twist.h
[11.003s] -- Up-to-date symlink: /home/ubuntu/microros_ws/install/geometry_msgs/include/geometry_msgs/geometry_msgs/msg/twist_stamped.h
[11.004s] -- Up-to-date symlink: /home/ubuntu/microros_ws/install/geometry_msgs/include/geometry_msgs/geometry_msgs/msg/twist_with_covariance.h
[11.004s] -- Up-to-date symlink: /home/ubuntu/microros_ws/install/geometry_msgs/include/geometry_msgs/geometry_msgs/msg/twist_with_covariance_stamped.h
[11.005s] -- Up-to-date symlink: /home/ubuntu/microros_ws/install/geometry_msgs/include/geometry_msgs/geometry_msgs/msg/vector3.h
[11.008s] -- Up-to-date symlink: /home/ubuntu/microros_ws/install/geometry_msgs/include/geometry_msgs/geometry_msgs/msg/vector3_stamped.h
[11.011s] -- Up-to-date symlink: /home/ubuntu/microros_ws/install/geometry_msgs/include/geometry_msgs/geometry_msgs/msg/velocity_stamped.h
[11.011s] -- Up-to-date symlink: /home/ubuntu/microros_ws/install/geometry_msgs/include/geometry_msgs/geometry_msgs/msg/wrench.h
[11.012s] -- Up-to-date symlink: /home/ubuntu/microros_ws/install/geometry_msgs/include/geometry_msgs/geometry_msgs/msg/wrench_stamped.h
[11.013s] -- Up-to-date symlink: /home/ubuntu/microros_ws/install/geometry_msgs/share/geometry_msgs/environment/library_path.sh
[11.013s] -- Up-to-date symlink: /home/ubuntu/microros_ws/install/geometry_msgs/share/geometry_msgs/environment/library_path.dsv
[11.014s] -- Up-to-date symlink: /home/ubuntu/microros_ws/install/geometry_msgs/include/geometry_msgs/geometry_msgs/msg/detail/accel__rosidl_typesupport_fastrtps_c.h
[11.014s] -- Up-to-date symlink: /home/ubuntu/microros_ws/install/geometry_msgs/include/geometry_msgs/geometry_msgs/msg/detail/accel_stamped__rosidl_typesupport_fastrtps_c.h
[11.015s] -- Up-to-date symlink: /home/ubuntu/microros_ws/install/geometry_msgs/include/geometry_msgs/geometry_msgs/msg/detail/accel_with_covariance__rosidl_typesupport_fastrtps_c.h
[11.016s] -- Up-to-date symlink: /home/ubuntu/microros_ws/install/geometry_msgs/include/geometry_msgs/geometry_msgs/msg/detail/accel_with_covariance_stamped__rosidl_typesupport_fastrtps_c.h
[11.016s] -- Up-to-date symlink: /home/ubuntu/microros_ws/install/geometry_msgs/include/geometry_msgs/geometry_msgs/msg/detail/inertia__rosidl_typesupport_fastrtps_c.h
[11.064s] -- Up-to-date symlink: /home/ubuntu/microros_ws/install/geometry_msgs/include/geometry_msgs/geometry_msgs/msg/detail/inertia_stamped__rosidl_typesupport_fastrtps_c.h
[11.065s] -- Up-to-date symlink: /home/ubuntu/microros_ws/install/geometry_msgs/include/geometry_msgs/geometry_msgs/msg/detail/point32__rosidl_typesupport_fastrtps_c.h
[11.068s] -- Up-to-date symlink: /home/ubuntu/microros_ws/install/geometry_msgs/include/geometry_msgs/geometry_msgs/msg/detail/point__rosidl_typesupport_fastrtps_c.h
[11.068s] -- Up-to-date symlink: /home/ubuntu/microros_ws/install/geometry_msgs/include/geometry_msgs/geometry_msgs/msg/detail/point_stamped__rosidl_typesupport_fastrtps_c.h
[11.072s] -- Up-to-date symlink: /home/ubuntu/microros_ws/install/geometry_msgs/include/geometry_msgs/geometry_msgs/msg/detail/polygon__rosidl_typesupport_fastrtps_c.h
[11.078s] -- Up-to-date symlink: /home/ubuntu/microros_ws/install/geometry_msgs/include/geometry_msgs/geometry_msgs/msg/detail/polygon_stamped__rosidl_typesupport_fastrtps_c.h
[11.079s] -- Up-to-date symlink: /home/ubuntu/microros_ws/install/geometry_msgs/include/geometry_msgs/geometry_msgs/msg/detail/pose2_d__rosidl_typesupport_fastrtps_c.h
[11.080s] -- Up-to-date symlink: /home/ubuntu/microros_ws/install/geometry_msgs/include/geometry_msgs/geometry_msgs/msg/detail/pose__rosidl_typesupport_fastrtps_c.h
[11.081s] -- Up-to-date symlink: /home/ubuntu/microros_ws/install/geometry_msgs/include/geometry_msgs/geometry_msgs/msg/detail/pose_array__rosidl_typesupport_fastrtps_c.h
[11.082s] -- Up-to-date symlink: /home/ubuntu/microros_ws/install/geometry_msgs/include/geometry_msgs/geometry_msgs/msg/detail/pose_stamped__rosidl_typesupport_fastrtps_c.h
[11.082s] -- Up-to-date symlink: /home/ubuntu/microros_ws/install/geometry_msgs/include/geometry_msgs/geometry_msgs/msg/detail/pose_with_covariance__rosidl_typesupport_fastrtps_c.h
[11.083s] -- Up-to-date symlink: /home/ubuntu/microros_ws/install/geometry_msgs/include/geometry_msgs/geometry_msgs/msg/detail/pose_with_covariance_stamped__rosidl_typesupport_fastrtps_c.h
[11.085s] -- Up-to-date symlink: /home/ubuntu/microros_ws/install/geometry_msgs/include/geometry_msgs/geometry_msgs/msg/detail/quaternion__rosidl_typesupport_fastrtps_c.h
[11.088s] -- Up-to-date symlink: /home/ubuntu/microros_ws/install/geometry_msgs/include/geometry_msgs/geometry_msgs/msg/detail/quaternion_stamped__rosidl_typesupport_fastrtps_c.h
[11.089s] -- Up-to-date symlink: /home/ubuntu/microros_ws/install/geometry_msgs/include/geometry_msgs/geometry_msgs/msg/detail/transform__rosidl_typesupport_fastrtps_c.h
[11.089s] -- Up-to-date symlink: /home/ubuntu/microros_ws/install/geometry_msgs/include/geometry_msgs/geometry_msgs/msg/detail/transform_stamped__rosidl_typesupport_fastrtps_c.h
[11.090s] -- Up-to-date symlink: /home/ubuntu/microros_ws/install/geometry_msgs/include/geometry_msgs/geometry_msgs/msg/detail/twist__rosidl_typesupport_fastrtps_c.h
[11.090s] -- Up-to-date symlink: /home/ubuntu/microros_ws/install/geometry_msgs/include/geometry_msgs/geometry_msgs/msg/detail/twist_stamped__rosidl_typesupport_fastrtps_c.h
[11.091s] -- Up-to-date symlink: /home/ubuntu/microros_ws/install/geometry_msgs/include/geometry_msgs/geometry_msgs/msg/detail/twist_with_covariance__rosidl_typesupport_fastrtps_c.h
[11.092s] -- Up-to-date symlink: /home/ubuntu/microros_ws/install/geometry_msgs/include/geometry_msgs/geometry_msgs/msg/detail/twist_with_covariance_stamped__rosidl_typesupport_fastrtps_c.h
[11.095s] -- Up-to-date symlink: /home/ubuntu/microros_ws/install/geometry_msgs/include/geometry_msgs/geometry_msgs/msg/detail/vector3__rosidl_typesupport_fastrtps_c.h
[11.096s] -- Up-to-date symlink: /home/ubuntu/microros_ws/install/geometry_msgs/include/geometry_msgs/geometry_msgs/msg/detail/vector3_stamped__rosidl_typesupport_fastrtps_c.h
[11.096s] -- Up-to-date symlink: /home/ubuntu/microros_ws/install/geometry_msgs/include/geometry_msgs/geometry_msgs/msg/detail/velocity_stamped__rosidl_typesupport_fastrtps_c.h
[11.097s] -- Up-to-date symlink: /home/ubuntu/microros_ws/install/geometry_msgs/include/geometry_msgs/geometry_msgs/msg/detail/wrench__rosidl_typesupport_fastrtps_c.h
[11.097s] -- Up-to-date symlink: /home/ubuntu/microros_ws/install/geometry_msgs/include/geometry_msgs/geometry_msgs/msg/detail/wrench_stamped__rosidl_typesupport_fastrtps_c.h
[11.098s] -- Up-to-date symlink: /home/ubuntu/microros_ws/install/geometry_msgs/include/geometry_msgs/geometry_msgs/msg/rosidl_typesupport_fastrtps_c__visibility_control.h
[11.100s] -- Up-to-date symlink: /home/ubuntu/microros_ws/install/geometry_msgs/include/geometry_msgs/geometry_msgs/msg/detail/accel__rosidl_typesupport_introspection_c.h
[11.100s] -- Up-to-date symlink: /home/ubuntu/microros_ws/install/geometry_msgs/include/geometry_msgs/geometry_msgs/msg/detail/accel_stamped__rosidl_typesupport_introspection_c.h
[11.101s] -- Up-to-date symlink: /home/ubuntu/microros_ws/install/geometry_msgs/include/geometry_msgs/geometry_msgs/msg/detail/accel_with_covariance__rosidl_typesupport_introspection_c.h
[11.102s] -- Up-to-date symlink: /home/ubuntu/microros_ws/install/geometry_msgs/include/geometry_msgs/geometry_msgs/msg/detail/accel_with_covariance_stamped__rosidl_typesupport_introspection_c.h
[11.102s] -- Up-to-date symlink: /home/ubuntu/microros_ws/install/geometry_msgs/include/geometry_msgs/geometry_msgs/msg/detail/inertia__rosidl_typesupport_introspection_c.h
[11.103s] -- Up-to-date symlink: /home/ubuntu/microros_ws/install/geometry_msgs/include/geometry_msgs/geometry_msgs/msg/detail/inertia_stamped__rosidl_typesupport_introspection_c.h
[11.103s] -- Up-to-date symlink: /home/ubuntu/microros_ws/install/geometry_msgs/include/geometry_msgs/geometry_msgs/msg/detail/point32__rosidl_typesupport_introspection_c.h
[11.104s] -- Up-to-date symlink: /home/ubuntu/microros_ws/install/geometry_msgs/include/geometry_msgs/geometry_msgs/msg/detail/point__rosidl_typesupport_introspection_c.h
[11.104s] -- Up-to-date symlink: /home/ubuntu/microros_ws/install/geometry_msgs/include/geometry_msgs/geometry_msgs/msg/detail/point_stamped__rosidl_typesupport_introspection_c.h
[11.105s] -- Up-to-date symlink: /home/ubuntu/microros_ws/install/geometry_msgs/include/geometry_msgs/geometry_msgs/msg/detail/polygon__rosidl_typesupport_introspection_c.h
[11.105s] -- Up-to-date symlink: /home/ubuntu/microros_ws/install/geometry_msgs/include/geometry_msgs/geometry_msgs/msg/detail/polygon_stamped__rosidl_typesupport_introspection_c.h
[11.106s] -- Up-to-date symlink: /home/ubuntu/microros_ws/install/geometry_msgs/include/geometry_msgs/geometry_msgs/msg/detail/pose2_d__rosidl_typesupport_introspection_c.h
[11.107s] -- Up-to-date symlink: /home/ubuntu/microros_ws/install/geometry_msgs/include/geometry_msgs/geometry_msgs/msg/detail/pose__rosidl_typesupport_introspection_c.h
[11.108s] -- Up-to-date symlink: /home/ubuntu/microros_ws/install/geometry_msgs/include/geometry_msgs/geometry_msgs/msg/detail/pose_array__rosidl_typesupport_introspection_c.h
[11.110s] -- Up-to-date symlink: /home/ubuntu/microros_ws/install/geometry_msgs/include/geometry_msgs/geometry_msgs/msg/detail/pose_stamped__rosidl_typesupport_introspection_c.h
[11.115s] -- Up-to-date symlink: /home/ubuntu/microros_ws/install/geometry_msgs/include/geometry_msgs/geometry_msgs/msg/detail/pose_with_covariance__rosidl_typesupport_introspection_c.h
[11.116s] -- Up-to-date symlink: /home/ubuntu/microros_ws/install/geometry_msgs/include/geometry_msgs/geometry_msgs/msg/detail/pose_with_covariance_stamped__rosidl_typesupport_introspection_c.h
[11.116s] -- Up-to-date symlink: /home/ubuntu/microros_ws/install/geometry_msgs/include/geometry_msgs/geometry_msgs/msg/detail/quaternion__rosidl_typesupport_introspection_c.h
[11.117s] -- Up-to-date symlink: /home/ubuntu/microros_ws/install/geometry_msgs/include/geometry_msgs/geometry_msgs/msg/detail/quaternion_stamped__rosidl_typesupport_introspection_c.h
[11.118s] -- Up-to-date symlink: /home/ubuntu/microros_ws/install/geometry_msgs/include/geometry_msgs/geometry_msgs/msg/detail/transform__rosidl_typesupport_introspection_c.h
[11.118s] -- Up-to-date symlink: /home/ubuntu/microros_ws/install/geometry_msgs/include/geometry_msgs/geometry_msgs/msg/detail/transform_stamped__rosidl_typesupport_introspection_c.h
[11.119s] -- Up-to-date symlink: /home/ubuntu/microros_ws/install/geometry_msgs/include/geometry_msgs/geometry_msgs/msg/detail/twist__rosidl_typesupport_introspection_c.h
[11.120s] -- Up-to-date symlink: /home/ubuntu/microros_ws/install/geometry_msgs/include/geometry_msgs/geometry_msgs/msg/detail/twist_stamped__rosidl_typesupport_introspection_c.h
[11.121s] -- Up-to-date symlink: /home/ubuntu/microros_ws/install/geometry_msgs/include/geometry_msgs/geometry_msgs/msg/detail/twist_with_covariance__rosidl_typesupport_introspection_c.h
[11.122s] -- Up-to-date symlink: /home/ubuntu/microros_ws/install/geometry_msgs/include/geometry_msgs/geometry_msgs/msg/detail/twist_with_covariance_stamped__rosidl_typesupport_introspection_c.h
[11.122s] -- Up-to-date symlink: /home/ubuntu/microros_ws/install/geometry_msgs/include/geometry_msgs/geometry_msgs/msg/detail/vector3__rosidl_typesupport_introspection_c.h
[11.123s] -- Up-to-date symlink: /home/ubuntu/microros_ws/install/geometry_msgs/include/geometry_msgs/geometry_msgs/msg/detail/vector3_stamped__rosidl_typesupport_introspection_c.h
[11.124s] -- Up-to-date symlink: /home/ubuntu/microros_ws/install/geometry_msgs/include/geometry_msgs/geometry_msgs/msg/detail/velocity_stamped__rosidl_typesupport_introspection_c.h
[11.125s] -- Up-to-date symlink: /home/ubuntu/microros_ws/install/geometry_msgs/include/geometry_msgs/geometry_msgs/msg/detail/wrench__rosidl_typesupport_introspection_c.h
[11.127s] -- Up-to-date symlink: /home/ubuntu/microros_ws/install/geometry_msgs/include/geometry_msgs/geometry_msgs/msg/detail/wrench_stamped__rosidl_typesupport_introspection_c.h
[11.128s] -- Up-to-date symlink: /home/ubuntu/microros_ws/install/geometry_msgs/include/geometry_msgs/geometry_msgs/msg/rosidl_typesupport_introspection_c__visibility_control.h
[11.129s] -- Up-to-date symlink: /home/ubuntu/microros_ws/install/geometry_msgs/include/geometry_msgs/geometry_msgs/msg/accel.hpp
[11.130s] -- Up-to-date symlink: /home/ubuntu/microros_ws/install/geometry_msgs/include/geometry_msgs/geometry_msgs/msg/accel_stamped.hpp
[11.130s] -- Up-to-date symlink: /home/ubuntu/microros_ws/install/geometry_msgs/include/geometry_msgs/geometry_msgs/msg/accel_with_covariance.hpp
[11.131s] -- Up-to-date symlink: /home/ubuntu/microros_ws/install/geometry_msgs/include/geometry_msgs/geometry_msgs/msg/accel_with_covariance_stamped.hpp
[11.132s] -- Up-to-date symlink: /home/ubuntu/microros_ws/install/geometry_msgs/include/geometry_msgs/geometry_msgs/msg/detail/accel__builder.hpp
[11.133s] -- Up-to-date symlink: /home/ubuntu/microros_ws/install/geometry_msgs/include/geometry_msgs/geometry_msgs/msg/detail/accel__struct.hpp
[11.134s] -- Up-to-date symlink: /home/ubuntu/microros_ws/install/geometry_msgs/include/geometry_msgs/geometry_msgs/msg/detail/accel__traits.hpp
[11.135s] -- Up-to-date symlink: /home/ubuntu/microros_ws/install/geometry_msgs/include/geometry_msgs/geometry_msgs/msg/detail/accel_stamped__builder.hpp
[11.136s] -- Up-to-date symlink: /home/ubuntu/microros_ws/install/geometry_msgs/include/geometry_msgs/geometry_msgs/msg/detail/accel_stamped__struct.hpp
[11.136s] -- Up-to-date symlink: /home/ubuntu/microros_ws/install/geometry_msgs/include/geometry_msgs/geometry_msgs/msg/detail/accel_stamped__traits.hpp
[11.137s] -- Up-to-date symlink: /home/ubuntu/microros_ws/install/geometry_msgs/include/geometry_msgs/geometry_msgs/msg/detail/accel_with_covariance__builder.hpp
[11.138s] -- Up-to-date symlink: /home/ubuntu/microros_ws/install/geometry_msgs/include/geometry_msgs/geometry_msgs/msg/detail/accel_with_covariance__struct.hpp
[11.139s] -- Up-to-date symlink: /home/ubuntu/microros_ws/install/geometry_msgs/include/geometry_msgs/geometry_msgs/msg/detail/accel_with_covariance__traits.hpp
[11.140s] -- Up-to-date symlink: /home/ubuntu/microros_ws/install/geometry_msgs/include/geometry_msgs/geometry_msgs/msg/detail/accel_with_covariance_stamped__builder.hpp
[11.140s] -- Up-to-date symlink: /home/ubuntu/microros_ws/install/geometry_msgs/include/geometry_msgs/geometry_msgs/msg/detail/accel_with_covariance_stamped__struct.hpp
[11.141s] -- Up-to-date symlink: /home/ubuntu/microros_ws/install/geometry_msgs/include/geometry_msgs/geometry_msgs/msg/detail/accel_with_covariance_stamped__traits.hpp
[11.141s] -- Up-to-date symlink: /home/ubuntu/microros_ws/install/geometry_msgs/include/geometry_msgs/geometry_msgs/msg/detail/inertia__builder.hpp
[11.141s] -- Up-to-date symlink: /home/ubuntu/microros_ws/install/geometry_msgs/include/geometry_msgs/geometry_msgs/msg/detail/inertia__struct.hpp
[11.142s] -- Up-to-date symlink: /home/ubuntu/microros_ws/install/geometry_msgs/include/geometry_msgs/geometry_msgs/msg/detail/inertia__traits.hpp
[11.142s] -- Up-to-date symlink: /home/ubuntu/microros_ws/install/geometry_msgs/include/geometry_msgs/geometry_msgs/msg/detail/inertia_stamped__builder.hpp
[11.143s] -- Up-to-date symlink: /home/ubuntu/microros_ws/install/geometry_msgs/include/geometry_msgs/geometry_msgs/msg/detail/inertia_stamped__struct.hpp
[11.144s] -- Up-to-date symlink: /home/ubuntu/microros_ws/install/geometry_msgs/include/geometry_msgs/geometry_msgs/msg/detail/inertia_stamped__traits.hpp
[11.145s] -- Up-to-date symlink: /home/ubuntu/microros_ws/install/geometry_msgs/include/geometry_msgs/geometry_msgs/msg/detail/point32__builder.hpp
[11.146s] -- Up-to-date symlink: /home/ubuntu/microros_ws/install/geometry_msgs/include/geometry_msgs/geometry_msgs/msg/detail/point32__struct.hpp
[11.148s] -- Up-to-date symlink: /home/ubuntu/microros_ws/install/geometry_msgs/include/geometry_msgs/geometry_msgs/msg/detail/point32__traits.hpp
[11.149s] -- Up-to-date symlink: /home/ubuntu/microros_ws/install/geometry_msgs/include/geometry_msgs/geometry_msgs/msg/detail/point__builder.hpp
[11.149s] -- Up-to-date symlink: /home/ubuntu/microros_ws/install/geometry_msgs/include/geometry_msgs/geometry_msgs/msg/detail/point__struct.hpp
[11.150s] -- Up-to-date symlink: /home/ubuntu/microros_ws/install/geometry_msgs/include/geometry_msgs/geometry_msgs/msg/detail/point__traits.hpp
[11.151s] -- Up-to-date symlink: /home/ubuntu/microros_ws/install/geometry_msgs/include/geometry_msgs/geometry_msgs/msg/detail/point_stamped__builder.hpp
[11.154s] -- Up-to-date symlink: /home/ubuntu/microros_ws/install/geometry_msgs/include/geometry_msgs/geometry_msgs/msg/detail/point_stamped__struct.hpp
[11.155s] -- Up-to-date symlink: /home/ubuntu/microros_ws/install/geometry_msgs/include/geometry_msgs/geometry_msgs/msg/detail/point_stamped__traits.hpp
[11.157s] -- Up-to-date symlink: /home/ubuntu/microros_ws/install/geometry_msgs/include/geometry_msgs/geometry_msgs/msg/detail/polygon__builder.hpp
[11.158s] -- Up-to-date symlink: /home/ubuntu/microros_ws/install/geometry_msgs/include/geometry_msgs/geometry_msgs/msg/detail/polygon__struct.hpp
[11.159s] -- Up-to-date symlink: /home/ubuntu/microros_ws/install/geometry_msgs/include/geometry_msgs/geometry_msgs/msg/detail/polygon__traits.hpp
[11.159s] -- Up-to-date symlink: /home/ubuntu/microros_ws/install/geometry_msgs/include/geometry_msgs/geometry_msgs/msg/detail/polygon_stamped__builder.hpp
[11.160s] -- Up-to-date symlink: /home/ubuntu/microros_ws/install/geometry_msgs/include/geometry_msgs/geometry_msgs/msg/detail/polygon_stamped__struct.hpp
[11.160s] -- Up-to-date symlink: /home/ubuntu/microros_ws/install/geometry_msgs/include/geometry_msgs/geometry_msgs/msg/detail/polygon_stamped__traits.hpp
[11.161s] -- Up-to-date symlink: /home/ubuntu/microros_ws/install/geometry_msgs/include/geometry_msgs/geometry_msgs/msg/detail/pose2_d__builder.hpp
[11.162s] -- Up-to-date symlink: /home/ubuntu/microros_ws/install/geometry_msgs/include/geometry_msgs/geometry_msgs/msg/detail/pose2_d__struct.hpp
[11.163s] -- Up-to-date symlink: /home/ubuntu/microros_ws/install/geometry_msgs/include/geometry_msgs/geometry_msgs/msg/detail/pose2_d__traits.hpp
[11.164s] -- Up-to-date symlink: /home/ubuntu/microros_ws/install/geometry_msgs/include/geometry_msgs/geometry_msgs/msg/detail/pose__builder.hpp
[11.164s] -- Up-to-date symlink: /home/ubuntu/microros_ws/install/geometry_msgs/include/geometry_msgs/geometry_msgs/msg/detail/pose__struct.hpp
[11.165s] -- Up-to-date symlink: /home/ubuntu/microros_ws/install/geometry_msgs/include/geometry_msgs/geometry_msgs/msg/detail/pose__traits.hpp
[11.166s] -- Up-to-date symlink: /home/ubuntu/microros_ws/install/geometry_msgs/include/geometry_msgs/geometry_msgs/msg/detail/pose_array__builder.hpp
[11.167s] -- Up-to-date symlink: /home/ubuntu/microros_ws/install/geometry_msgs/include/geometry_msgs/geometry_msgs/msg/detail/pose_array__struct.hpp
[11.168s] -- Up-to-date symlink: /home/ubuntu/microros_ws/install/geometry_msgs/include/geometry_msgs/geometry_msgs/msg/detail/pose_array__traits.hpp
[11.169s] -- Up-to-date symlink: /home/ubuntu/microros_ws/install/geometry_msgs/include/geometry_msgs/geometry_msgs/msg/detail/pose_stamped__builder.hpp
[11.169s] -- Up-to-date symlink: /home/ubuntu/microros_ws/install/geometry_msgs/include/geometry_msgs/geometry_msgs/msg/detail/pose_stamped__struct.hpp
[11.170s] -- Up-to-date symlink: /home/ubuntu/microros_ws/install/geometry_msgs/include/geometry_msgs/geometry_msgs/msg/detail/pose_stamped__traits.hpp
[11.170s] -- Up-to-date symlink: /home/ubuntu/microros_ws/install/geometry_msgs/include/geometry_msgs/geometry_msgs/msg/detail/pose_with_covariance__builder.hpp
[11.171s] -- Up-to-date symlink: /home/ubuntu/microros_ws/install/geometry_msgs/include/geometry_msgs/geometry_msgs/msg/detail/pose_with_covariance__struct.hpp
[11.171s] -- Up-to-date symlink: /home/ubuntu/microros_ws/install/geometry_msgs/include/geometry_msgs/geometry_msgs/msg/detail/pose_with_covariance__traits.hpp
[11.172s] -- Up-to-date symlink: /home/ubuntu/microros_ws/install/geometry_msgs/include/geometry_msgs/geometry_msgs/msg/detail/pose_with_covariance_stamped__builder.hpp
[11.173s] -- Up-to-date symlink: /home/ubuntu/microros_ws/install/geometry_msgs/include/geometry_msgs/geometry_msgs/msg/detail/pose_with_covariance_stamped__struct.hpp
[11.173s] -- Up-to-date symlink: /home/ubuntu/microros_ws/install/geometry_msgs/include/geometry_msgs/geometry_msgs/msg/detail/pose_with_covariance_stamped__traits.hpp
[11.174s] -- Up-to-date symlink: /home/ubuntu/microros_ws/install/geometry_msgs/include/geometry_msgs/geometry_msgs/msg/detail/quaternion__builder.hpp
[11.175s] -- Up-to-date symlink: /home/ubuntu/microros_ws/install/geometry_msgs/include/geometry_msgs/geometry_msgs/msg/detail/quaternion__struct.hpp
[11.181s] -- Up-to-date symlink: /home/ubuntu/microros_ws/install/geometry_msgs/include/geometry_msgs/geometry_msgs/msg/detail/quaternion__traits.hpp
[11.182s] -- Up-to-date symlink: /home/ubuntu/microros_ws/install/geometry_msgs/include/geometry_msgs/geometry_msgs/msg/detail/quaternion_stamped__builder.hpp
[11.183s] -- Up-to-date symlink: /home/ubuntu/microros_ws/install/geometry_msgs/include/geometry_msgs/geometry_msgs/msg/detail/quaternion_stamped__struct.hpp
[11.183s] -- Up-to-date symlink: /home/ubuntu/microros_ws/install/geometry_msgs/include/geometry_msgs/geometry_msgs/msg/detail/quaternion_stamped__traits.hpp
[11.184s] -- Up-to-date symlink: /home/ubuntu/microros_ws/install/geometry_msgs/include/geometry_msgs/geometry_msgs/msg/detail/transform__builder.hpp
[11.184s] -- Up-to-date symlink: /home/ubuntu/microros_ws/install/geometry_msgs/include/geometry_msgs/geometry_msgs/msg/detail/transform__struct.hpp
[11.185s] -- Up-to-date symlink: /home/ubuntu/microros_ws/install/geometry_msgs/include/geometry_msgs/geometry_msgs/msg/detail/transform__traits.hpp
[11.185s] -- Up-to-date symlink: /home/ubuntu/microros_ws/install/geometry_msgs/include/geometry_msgs/geometry_msgs/msg/detail/transform_stamped__builder.hpp
[11.186s] -- Up-to-date symlink: /home/ubuntu/microros_ws/install/geometry_msgs/include/geometry_msgs/geometry_msgs/msg/detail/transform_stamped__struct.hpp
[11.189s] -- Up-to-date symlink: /home/ubuntu/microros_ws/install/geometry_msgs/include/geometry_msgs/geometry_msgs/msg/detail/transform_stamped__traits.hpp
[11.189s] -- Up-to-date symlink: /home/ubuntu/microros_ws/install/geometry_msgs/include/geometry_msgs/geometry_msgs/msg/detail/twist__builder.hpp
[11.192s] -- Up-to-date symlink: /home/ubuntu/microros_ws/install/geometry_msgs/include/geometry_msgs/geometry_msgs/msg/detail/twist__struct.hpp
[11.193s] -- Up-to-date symlink: /home/ubuntu/microros_ws/install/geometry_msgs/include/geometry_msgs/geometry_msgs/msg/detail/twist__traits.hpp
[11.194s] -- Up-to-date symlink: /home/ubuntu/microros_ws/install/geometry_msgs/include/geometry_msgs/geometry_msgs/msg/detail/twist_stamped__builder.hpp
[11.194s] -- Up-to-date symlink: /home/ubuntu/microros_ws/install/geometry_msgs/include/geometry_msgs/geometry_msgs/msg/detail/twist_stamped__struct.hpp
[11.195s] -- Up-to-date symlink: /home/ubuntu/microros_ws/install/geometry_msgs/include/geometry_msgs/geometry_msgs/msg/detail/twist_stamped__traits.hpp
[11.195s] -- Up-to-date symlink: /home/ubuntu/microros_ws/install/geometry_msgs/include/geometry_msgs/geometry_msgs/msg/detail/twist_with_covariance__builder.hpp
[11.196s] -- Up-to-date symlink: /home/ubuntu/microros_ws/install/geometry_msgs/include/geometry_msgs/geometry_msgs/msg/detail/twist_with_covariance__struct.hpp
[11.197s] -- Up-to-date symlink: /home/ubuntu/microros_ws/install/geometry_msgs/include/geometry_msgs/geometry_msgs/msg/detail/twist_with_covariance__traits.hpp
[11.198s] -- Up-to-date symlink: /home/ubuntu/microros_ws/install/geometry_msgs/include/geometry_msgs/geometry_msgs/msg/detail/twist_with_covariance_stamped__builder.hpp
[11.199s] -- Up-to-date symlink: /home/ubuntu/microros_ws/install/geometry_msgs/include/geometry_msgs/geometry_msgs/msg/detail/twist_with_covariance_stamped__struct.hpp
[11.199s] -- Up-to-date symlink: /home/ubuntu/microros_ws/install/geometry_msgs/include/geometry_msgs/geometry_msgs/msg/detail/twist_with_covariance_stamped__traits.hpp
[11.200s] -- Up-to-date symlink: /home/ubuntu/microros_ws/install/geometry_msgs/include/geometry_msgs/geometry_msgs/msg/detail/vector3__builder.hpp
[11.200s] -- Up-to-date symlink: /home/ubuntu/microros_ws/install/geometry_msgs/include/geometry_msgs/geometry_msgs/msg/detail/vector3__struct.hpp
[11.201s] -- Up-to-date symlink: /home/ubuntu/microros_ws/install/geometry_msgs/include/geometry_msgs/geometry_msgs/msg/detail/vector3__traits.hpp
[11.201s] -- Up-to-date symlink: /home/ubuntu/microros_ws/install/geometry_msgs/include/geometry_msgs/geometry_msgs/msg/detail/vector3_stamped__builder.hpp
[11.202s] -- Up-to-date symlink: /home/ubuntu/microros_ws/install/geometry_msgs/include/geometry_msgs/geometry_msgs/msg/detail/vector3_stamped__struct.hpp
[11.203s] -- Up-to-date symlink: /home/ubuntu/microros_ws/install/geometry_msgs/include/geometry_msgs/geometry_msgs/msg/detail/vector3_stamped__traits.hpp
[11.214s] -- Up-to-date symlink: /home/ubuntu/microros_ws/install/geometry_msgs/include/geometry_msgs/geometry_msgs/msg/detail/velocity_stamped__builder.hpp
[11.223s] -- Up-to-date symlink: /home/ubuntu/microros_ws/install/geometry_msgs/include/geometry_msgs/geometry_msgs/msg/detail/velocity_stamped__struct.hpp
[11.224s] -- Up-to-date symlink: /home/ubuntu/microros_ws/install/geometry_msgs/include/geometry_msgs/geometry_msgs/msg/detail/velocity_stamped__traits.hpp
[11.224s] -- Up-to-date symlink: /home/ubuntu/microros_ws/install/geometry_msgs/include/geometry_msgs/geometry_msgs/msg/detail/wrench__builder.hpp
[11.225s] -- Up-to-date symlink: /home/ubuntu/microros_ws/install/geometry_msgs/include/geometry_msgs/geometry_msgs/msg/detail/wrench__struct.hpp
[11.228s] -- Up-to-date symlink: /home/ubuntu/microros_ws/install/geometry_msgs/include/geometry_msgs/geometry_msgs/msg/detail/wrench__traits.hpp
[11.229s] -- Up-to-date symlink: /home/ubuntu/microros_ws/install/geometry_msgs/include/geometry_msgs/geometry_msgs/msg/detail/wrench_stamped__builder.hpp
[11.230s] -- Up-to-date symlink: /home/ubuntu/microros_ws/install/geometry_msgs/include/geometry_msgs/geometry_msgs/msg/detail/wrench_stamped__struct.hpp
[11.231s] -- Up-to-date symlink: /home/ubuntu/microros_ws/install/geometry_msgs/include/geometry_msgs/geometry_msgs/msg/detail/wrench_stamped__traits.hpp
[11.235s] -- Up-to-date symlink: /home/ubuntu/microros_ws/install/geometry_msgs/include/geometry_msgs/geometry_msgs/msg/inertia.hpp
[11.235s] -- Up-to-date symlink: /home/ubuntu/microros_ws/install/geometry_msgs/include/geometry_msgs/geometry_msgs/msg/inertia_stamped.hpp
[11.236s] -- Up-to-date symlink: /home/ubuntu/microros_ws/install/geometry_msgs/include/geometry_msgs/geometry_msgs/msg/point.hpp
[11.268s] -- Up-to-date symlink: /home/ubuntu/microros_ws/install/geometry_msgs/include/geometry_msgs/geometry_msgs/msg/point32.hpp
[11.268s] -- Up-to-date symlink: /home/ubuntu/microros_ws/install/geometry_msgs/include/geometry_msgs/geometry_msgs/msg/point_stamped.hpp
[11.270s] -- Up-to-date symlink: /home/ubuntu/microros_ws/install/geometry_msgs/include/geometry_msgs/geometry_msgs/msg/polygon.hpp
[11.270s] -- Up-to-date symlink: /home/ubuntu/microros_ws/install/geometry_msgs/include/geometry_msgs/geometry_msgs/msg/polygon_stamped.hpp
[11.271s] -- Up-to-date symlink: /home/ubuntu/microros_ws/install/geometry_msgs/include/geometry_msgs/geometry_msgs/msg/pose.hpp
[11.277s] -- Up-to-date symlink: /home/ubuntu/microros_ws/install/geometry_msgs/include/geometry_msgs/geometry_msgs/msg/pose2_d.hpp
[11.278s] -- Up-to-date symlink: /home/ubuntu/microros_ws/install/geometry_msgs/include/geometry_msgs/geometry_msgs/msg/pose_array.hpp
[11.278s] -- Up-to-date symlink: /home/ubuntu/microros_ws/install/geometry_msgs/include/geometry_msgs/geometry_msgs/msg/pose_stamped.hpp
[11.279s] -- Up-to-date symlink: /home/ubuntu/microros_ws/install/geometry_msgs/include/geometry_msgs/geometry_msgs/msg/pose_with_covariance.hpp
[11.280s] -- Up-to-date symlink: /home/ubuntu/microros_ws/install/geometry_msgs/include/geometry_msgs/geometry_msgs/msg/pose_with_covariance_stamped.hpp
[11.281s] -- Up-to-date symlink: /home/ubuntu/microros_ws/install/geometry_msgs/include/geometry_msgs/geometry_msgs/msg/quaternion.hpp
[11.281s] -- Up-to-date symlink: /home/ubuntu/microros_ws/install/geometry_msgs/include/geometry_msgs/geometry_msgs/msg/quaternion_stamped.hpp
[11.282s] -- Up-to-date symlink: /home/ubuntu/microros_ws/install/geometry_msgs/include/geometry_msgs/geometry_msgs/msg/transform.hpp
[11.283s] -- Up-to-date symlink: /home/ubuntu/microros_ws/install/geometry_msgs/include/geometry_msgs/geometry_msgs/msg/transform_stamped.hpp
[11.284s] -- Up-to-date symlink: /home/ubuntu/microros_ws/install/geometry_msgs/include/geometry_msgs/geometry_msgs/msg/twist.hpp
[11.284s] -- Up-to-date symlink: /home/ubuntu/microros_ws/install/geometry_msgs/include/geometry_msgs/geometry_msgs/msg/twist_stamped.hpp
[11.285s] -- Up-to-date symlink: /home/ubuntu/microros_ws/install/geometry_msgs/include/geometry_msgs/geometry_msgs/msg/twist_with_covariance.hpp
[11.285s] -- Up-to-date symlink: /home/ubuntu/microros_ws/install/geometry_msgs/include/geometry_msgs/geometry_msgs/msg/twist_with_covariance_stamped.hpp
[11.286s] -- Up-to-date symlink: /home/ubuntu/microros_ws/install/geometry_msgs/include/geometry_msgs/geometry_msgs/msg/vector3.hpp
[11.287s] -- Up-to-date symlink: /home/ubuntu/microros_ws/install/geometry_msgs/include/geometry_msgs/geometry_msgs/msg/vector3_stamped.hpp
[11.288s] -- Up-to-date symlink: /home/ubuntu/microros_ws/install/geometry_msgs/include/geometry_msgs/geometry_msgs/msg/velocity_stamped.hpp
[11.288s] -- Up-to-date symlink: /home/ubuntu/microros_ws/install/geometry_msgs/include/geometry_msgs/geometry_msgs/msg/wrench.hpp
[11.289s] -- Up-to-date symlink: /home/ubuntu/microros_ws/install/geometry_msgs/include/geometry_msgs/geometry_msgs/msg/wrench_stamped.hpp
[11.290s] -- Up-to-date symlink: /home/ubuntu/microros_ws/install/geometry_msgs/include/geometry_msgs/geometry_msgs/msg/detail/accel__rosidl_typesupport_fastrtps_cpp.hpp
[11.291s] -- Up-to-date symlink: /home/ubuntu/microros_ws/install/geometry_msgs/include/geometry_msgs/geometry_msgs/msg/detail/accel_stamped__rosidl_typesupport_fastrtps_cpp.hpp
[11.292s] -- Up-to-date symlink: /home/ubuntu/microros_ws/install/geometry_msgs/include/geometry_msgs/geometry_msgs/msg/detail/accel_with_covariance__rosidl_typesupport_fastrtps_cpp.hpp
[11.293s] -- Up-to-date symlink: /home/ubuntu/microros_ws/install/geometry_msgs/include/geometry_msgs/geometry_msgs/msg/detail/accel_with_covariance_stamped__rosidl_typesupport_fastrtps_cpp.hpp
[11.294s] -- Up-to-date symlink: /home/ubuntu/microros_ws/install/geometry_msgs/include/geometry_msgs/geometry_msgs/msg/detail/inertia__rosidl_typesupport_fastrtps_cpp.hpp
[11.295s] -- Up-to-date symlink: /home/ubuntu/microros_ws/install/geometry_msgs/include/geometry_msgs/geometry_msgs/msg/detail/inertia_stamped__rosidl_typesupport_fastrtps_cpp.hpp
[11.295s] -- Up-to-date symlink: /home/ubuntu/microros_ws/install/geometry_msgs/include/geometry_msgs/geometry_msgs/msg/detail/point32__rosidl_typesupport_fastrtps_cpp.hpp
[11.296s] -- Up-to-date symlink: /home/ubuntu/microros_ws/install/geometry_msgs/include/geometry_msgs/geometry_msgs/msg/detail/point__rosidl_typesupport_fastrtps_cpp.hpp
[11.297s] -- Up-to-date symlink: /home/ubuntu/microros_ws/install/geometry_msgs/include/geometry_msgs/geometry_msgs/msg/detail/point_stamped__rosidl_typesupport_fastrtps_cpp.hpp
[11.297s] -- Up-to-date symlink: /home/ubuntu/microros_ws/install/geometry_msgs/include/geometry_msgs/geometry_msgs/msg/detail/polygon__rosidl_typesupport_fastrtps_cpp.hpp
[11.298s] -- Up-to-date symlink: /home/ubuntu/microros_ws/install/geometry_msgs/include/geometry_msgs/geometry_msgs/msg/detail/polygon_stamped__rosidl_typesupport_fastrtps_cpp.hpp
[11.298s] -- Up-to-date symlink: /home/ubuntu/microros_ws/install/geometry_msgs/include/geometry_msgs/geometry_msgs/msg/detail/pose2_d__rosidl_typesupport_fastrtps_cpp.hpp
[11.299s] -- Up-to-date symlink: /home/ubuntu/microros_ws/install/geometry_msgs/include/geometry_msgs/geometry_msgs/msg/detail/pose__rosidl_typesupport_fastrtps_cpp.hpp
[11.300s] -- Up-to-date symlink: /home/ubuntu/microros_ws/install/geometry_msgs/include/geometry_msgs/geometry_msgs/msg/detail/pose_array__rosidl_typesupport_fastrtps_cpp.hpp
[11.300s] -- Up-to-date symlink: /home/ubuntu/microros_ws/install/geometry_msgs/include/geometry_msgs/geometry_msgs/msg/detail/pose_stamped__rosidl_typesupport_fastrtps_cpp.hpp
[11.301s] -- Up-to-date symlink: /home/ubuntu/microros_ws/install/geometry_msgs/include/geometry_msgs/geometry_msgs/msg/detail/pose_with_covariance__rosidl_typesupport_fastrtps_cpp.hpp
[11.301s] -- Up-to-date symlink: /home/ubuntu/microros_ws/install/geometry_msgs/include/geometry_msgs/geometry_msgs/msg/detail/pose_with_covariance_stamped__rosidl_typesupport_fastrtps_cpp.hpp
[11.303s] -- Up-to-date symlink: /home/ubuntu/microros_ws/install/geometry_msgs/include/geometry_msgs/geometry_msgs/msg/detail/quaternion__rosidl_typesupport_fastrtps_cpp.hpp
[11.303s] -- Up-to-date symlink: /home/ubuntu/microros_ws/install/geometry_msgs/include/geometry_msgs/geometry_msgs/msg/detail/quaternion_stamped__rosidl_typesupport_fastrtps_cpp.hpp
[11.304s] -- Up-to-date symlink: /home/ubuntu/microros_ws/install/geometry_msgs/include/geometry_msgs/geometry_msgs/msg/detail/transform__rosidl_typesupport_fastrtps_cpp.hpp
[11.305s] -- Up-to-date symlink: /home/ubuntu/microros_ws/install/geometry_msgs/include/geometry_msgs/geometry_msgs/msg/detail/transform_stamped__rosidl_typesupport_fastrtps_cpp.hpp
[11.305s] -- Up-to-date symlink: /home/ubuntu/microros_ws/install/geometry_msgs/include/geometry_msgs/geometry_msgs/msg/detail/twist__rosidl_typesupport_fastrtps_cpp.hpp
[11.306s] -- Up-to-date symlink: /home/ubuntu/microros_ws/install/geometry_msgs/include/geometry_msgs/geometry_msgs/msg/detail/twist_stamped__rosidl_typesupport_fastrtps_cpp.hpp
[11.307s] -- Up-to-date symlink: /home/ubuntu/microros_ws/install/geometry_msgs/include/geometry_msgs/geometry_msgs/msg/detail/twist_with_covariance__rosidl_typesupport_fastrtps_cpp.hpp
[11.308s] -- Up-to-date symlink: /home/ubuntu/microros_ws/install/geometry_msgs/include/geometry_msgs/geometry_msgs/msg/detail/twist_with_covariance_stamped__rosidl_typesupport_fastrtps_cpp.hpp
[11.308s] -- Up-to-date symlink: /home/ubuntu/microros_ws/install/geometry_msgs/include/geometry_msgs/geometry_msgs/msg/detail/vector3__rosidl_typesupport_fastrtps_cpp.hpp
[11.310s] -- Up-to-date symlink: /home/ubuntu/microros_ws/install/geometry_msgs/include/geometry_msgs/geometry_msgs/msg/detail/vector3_stamped__rosidl_typesupport_fastrtps_cpp.hpp
[11.310s] -- Up-to-date symlink: /home/ubuntu/microros_ws/install/geometry_msgs/include/geometry_msgs/geometry_msgs/msg/detail/velocity_stamped__rosidl_typesupport_fastrtps_cpp.hpp
[11.311s] -- Up-to-date symlink: /home/ubuntu/microros_ws/install/geometry_msgs/include/geometry_msgs/geometry_msgs/msg/detail/wrench__rosidl_typesupport_fastrtps_cpp.hpp
[11.311s] -- Up-to-date symlink: /home/ubuntu/microros_ws/install/geometry_msgs/include/geometry_msgs/geometry_msgs/msg/detail/wrench_stamped__rosidl_typesupport_fastrtps_cpp.hpp
[11.312s] -- Up-to-date symlink: /home/ubuntu/microros_ws/install/geometry_msgs/include/geometry_msgs/geometry_msgs/msg/rosidl_typesupport_fastrtps_cpp__visibility_control.h
[11.313s] -- Up-to-date symlink: /home/ubuntu/microros_ws/install/geometry_msgs/include/geometry_msgs/geometry_msgs/msg/detail/accel__rosidl_typesupport_introspection_cpp.hpp
[11.313s] -- Up-to-date symlink: /home/ubuntu/microros_ws/install/geometry_msgs/include/geometry_msgs/geometry_msgs/msg/detail/accel_stamped__rosidl_typesupport_introspection_cpp.hpp
[11.314s] -- Up-to-date symlink: /home/ubuntu/microros_ws/install/geometry_msgs/include/geometry_msgs/geometry_msgs/msg/detail/accel_with_covariance__rosidl_typesupport_introspection_cpp.hpp
[11.315s] -- Up-to-date symlink: /home/ubuntu/microros_ws/install/geometry_msgs/include/geometry_msgs/geometry_msgs/msg/detail/accel_with_covariance_stamped__rosidl_typesupport_introspection_cpp.hpp
[11.316s] -- Up-to-date symlink: /home/ubuntu/microros_ws/install/geometry_msgs/include/geometry_msgs/geometry_msgs/msg/detail/inertia__rosidl_typesupport_introspection_cpp.hpp
[11.318s] -- Up-to-date symlink: /home/ubuntu/microros_ws/install/geometry_msgs/include/geometry_msgs/geometry_msgs/msg/detail/inertia_stamped__rosidl_typesupport_introspection_cpp.hpp
[11.321s] -- Up-to-date symlink: /home/ubuntu/microros_ws/install/geometry_msgs/include/geometry_msgs/geometry_msgs/msg/detail/point32__rosidl_typesupport_introspection_cpp.hpp
[11.321s] -- Up-to-date symlink: /home/ubuntu/microros_ws/install/geometry_msgs/include/geometry_msgs/geometry_msgs/msg/detail/point__rosidl_typesupport_introspection_cpp.hpp
[11.322s] -- Up-to-date symlink: /home/ubuntu/microros_ws/install/geometry_msgs/include/geometry_msgs/geometry_msgs/msg/detail/point_stamped__rosidl_typesupport_introspection_cpp.hpp
[11.322s] -- Up-to-date symlink: /home/ubuntu/microros_ws/install/geometry_msgs/include/geometry_msgs/geometry_msgs/msg/detail/polygon__rosidl_typesupport_introspection_cpp.hpp
[11.324s] -- Up-to-date symlink: /home/ubuntu/microros_ws/install/geometry_msgs/include/geometry_msgs/geometry_msgs/msg/detail/polygon_stamped__rosidl_typesupport_introspection_cpp.hpp
[11.330s] -- Up-to-date symlink: /home/ubuntu/microros_ws/install/geometry_msgs/include/geometry_msgs/geometry_msgs/msg/detail/pose2_d__rosidl_typesupport_introspection_cpp.hpp
[11.331s] -- Up-to-date symlink: /home/ubuntu/microros_ws/install/geometry_msgs/include/geometry_msgs/geometry_msgs/msg/detail/pose__rosidl_typesupport_introspection_cpp.hpp
[11.333s] -- Up-to-date symlink: /home/ubuntu/microros_ws/install/geometry_msgs/include/geometry_msgs/geometry_msgs/msg/detail/pose_array__rosidl_typesupport_introspection_cpp.hpp
[11.334s] -- Up-to-date symlink: /home/ubuntu/microros_ws/install/geometry_msgs/include/geometry_msgs/geometry_msgs/msg/detail/pose_stamped__rosidl_typesupport_introspection_cpp.hpp
[11.334s] -- Up-to-date symlink: /home/ubuntu/microros_ws/install/geometry_msgs/include/geometry_msgs/geometry_msgs/msg/detail/pose_with_covariance__rosidl_typesupport_introspection_cpp.hpp
[11.335s] -- Up-to-date symlink: /home/ubuntu/microros_ws/install/geometry_msgs/include/geometry_msgs/geometry_msgs/msg/detail/pose_with_covariance_stamped__rosidl_typesupport_introspection_cpp.hpp
[11.336s] -- Up-to-date symlink: /home/ubuntu/microros_ws/install/geometry_msgs/include/geometry_msgs/geometry_msgs/msg/detail/quaternion__rosidl_typesupport_introspection_cpp.hpp
[11.337s] -- Up-to-date symlink: /home/ubuntu/microros_ws/install/geometry_msgs/include/geometry_msgs/geometry_msgs/msg/detail/quaternion_stamped__rosidl_typesupport_introspection_cpp.hpp
[11.338s] -- Up-to-date symlink: /home/ubuntu/microros_ws/install/geometry_msgs/include/geometry_msgs/geometry_msgs/msg/detail/transform__rosidl_typesupport_introspection_cpp.hpp
[11.339s] -- Up-to-date symlink: /home/ubuntu/microros_ws/install/geometry_msgs/include/geometry_msgs/geometry_msgs/msg/detail/transform_stamped__rosidl_typesupport_introspection_cpp.hpp
[11.339s] -- Up-to-date symlink: /home/ubuntu/microros_ws/install/geometry_msgs/include/geometry_msgs/geometry_msgs/msg/detail/twist__rosidl_typesupport_introspection_cpp.hpp
[11.340s] -- Up-to-date symlink: /home/ubuntu/microros_ws/install/geometry_msgs/include/geometry_msgs/geometry_msgs/msg/detail/twist_stamped__rosidl_typesupport_introspection_cpp.hpp
[11.342s] -- Up-to-date symlink: /home/ubuntu/microros_ws/install/geometry_msgs/include/geometry_msgs/geometry_msgs/msg/detail/twist_with_covariance__rosidl_typesupport_introspection_cpp.hpp
[11.382s] -- Up-to-date symlink: /home/ubuntu/microros_ws/install/geometry_msgs/include/geometry_msgs/geometry_msgs/msg/detail/twist_with_covariance_stamped__rosidl_typesupport_introspection_cpp.hpp
[11.383s] -- Up-to-date symlink: /home/ubuntu/microros_ws/install/geometry_msgs/include/geometry_msgs/geometry_msgs/msg/detail/vector3__rosidl_typesupport_introspection_cpp.hpp
[11.384s] -- Up-to-date symlink: /home/ubuntu/microros_ws/install/geometry_msgs/include/geometry_msgs/geometry_msgs/msg/detail/vector3_stamped__rosidl_typesupport_introspection_cpp.hpp
[11.386s] -- Up-to-date symlink: /home/ubuntu/microros_ws/install/geometry_msgs/include/geometry_msgs/geometry_msgs/msg/detail/velocity_stamped__rosidl_typesupport_introspection_cpp.hpp
[11.386s] -- Up-to-date symlink: /home/ubuntu/microros_ws/install/geometry_msgs/include/geometry_msgs/geometry_msgs/msg/detail/wrench__rosidl_typesupport_introspection_cpp.hpp
[11.389s] -- Up-to-date symlink: /home/ubuntu/microros_ws/install/geometry_msgs/include/geometry_msgs/geometry_msgs/msg/detail/wrench_stamped__rosidl_typesupport_introspection_cpp.hpp
[11.390s] -- Up-to-date symlink: /home/ubuntu/microros_ws/install/geometry_msgs/share/geometry_msgs/environment/pythonpath.sh
[11.412s] -- Up-to-date symlink: /home/ubuntu/microros_ws/install/geometry_msgs/share/geometry_msgs/environment/pythonpath.dsv
[11.414s] -- Up-to-date symlink: /home/ubuntu/microros_ws/install/geometry_msgs/local/lib/python3.10/dist-packages/geometry_msgs-4.2.4-py3.10.egg-info/PKG-INFO
[11.417s] -- Up-to-date symlink: /home/ubuntu/microros_ws/install/geometry_msgs/local/lib/python3.10/dist-packages/geometry_msgs-4.2.4-py3.10.egg-info/SOURCES.txt
[11.418s] -- Up-to-date symlink: /home/ubuntu/microros_ws/install/geometry_msgs/local/lib/python3.10/dist-packages/geometry_msgs-4.2.4-py3.10.egg-info/dependency_links.txt
[11.419s] -- Up-to-date symlink: /home/ubuntu/microros_ws/install/geometry_msgs/local/lib/python3.10/dist-packages/geometry_msgs-4.2.4-py3.10.egg-info/top_level.txt
[11.420s] -- Up-to-date symlink: /home/ubuntu/microros_ws/install/geometry_msgs/local/lib/python3.10/dist-packages/geometry_msgs/__init__.py
[11.421s] -- Up-to-date symlink: /home/ubuntu/microros_ws/install/geometry_msgs/local/lib/python3.10/dist-packages/geometry_msgs/_geometry_msgs_s.ep.rosidl_typesupport_c.c
[11.423s] -- Up-to-date symlink: /home/ubuntu/microros_ws/install/geometry_msgs/local/lib/python3.10/dist-packages/geometry_msgs/_geometry_msgs_s.ep.rosidl_typesupport_fastrtps_c.c
[11.424s] -- Up-to-date symlink: /home/ubuntu/microros_ws/install/geometry_msgs/local/lib/python3.10/dist-packages/geometry_msgs/_geometry_msgs_s.ep.rosidl_typesupport_introspection_c.c
[11.426s] -- Up-to-date symlink: /home/ubuntu/microros_ws/install/geometry_msgs/local/lib/python3.10/dist-packages/geometry_msgs/_geometry_msgs_s.ep.rosidl_typesupport_microxrcedds_c.c
[11.431s] -- Up-to-date symlink: /home/ubuntu/microros_ws/install/geometry_msgs/local/lib/python3.10/dist-packages/geometry_msgs/geometry_msgs_s__rosidl_typesupport_c.cpython-310-aarch64-linux-gnu.so
[11.457s] -- Up-to-date symlink: /home/ubuntu/microros_ws/install/geometry_msgs/local/lib/python3.10/dist-packages/geometry_msgs/geometry_msgs_s__rosidl_typesupport_fastrtps_c.cpython-310-aarch64-linux-gnu.so
[11.459s] -- Up-to-date symlink: /home/ubuntu/microros_ws/install/geometry_msgs/local/lib/python3.10/dist-packages/geometry_msgs/geometry_msgs_s__rosidl_typesupport_introspection_c.cpython-310-aarch64-linux-gnu.so
[11.461s] -- Up-to-date symlink: /home/ubuntu/microros_ws/install/geometry_msgs/local/lib/python3.10/dist-packages/geometry_msgs/geometry_msgs_s__rosidl_typesupport_microxrcedds_c.cpython-310-aarch64-linux-gnu.so
[11.464s] -- Up-to-date symlink: /home/ubuntu/microros_ws/install/geometry_msgs/local/lib/python3.10/dist-packages/geometry_msgs/libgeometry_msgs__rosidl_generator_py.so
[11.465s] -- Up-to-date symlink: /home/ubuntu/microros_ws/install/geometry_msgs/local/lib/python3.10/dist-packages/geometry_msgs/msg/__init__.py
[11.476s] -- Up-to-date symlink: /home/ubuntu/microros_ws/install/geometry_msgs/local/lib/python3.10/dist-packages/geometry_msgs/msg/_accel.py
[11.477s] -- Up-to-date symlink: /home/ubuntu/microros_ws/install/geometry_msgs/local/lib/python3.10/dist-packages/geometry_msgs/msg/_accel_s.c
[11.477s] -- Up-to-date symlink: /home/ubuntu/microros_ws/install/geometry_msgs/local/lib/python3.10/dist-packages/geometry_msgs/msg/_accel_stamped.py
[11.478s] -- Up-to-date symlink: /home/ubuntu/microros_ws/install/geometry_msgs/local/lib/python3.10/dist-packages/geometry_msgs/msg/_accel_stamped_s.c
[11.479s] -- Up-to-date symlink: /home/ubuntu/microros_ws/install/geometry_msgs/local/lib/python3.10/dist-packages/geometry_msgs/msg/_accel_with_covariance.py
[11.480s] -- Up-to-date symlink: /home/ubuntu/microros_ws/install/geometry_msgs/local/lib/python3.10/dist-packages/geometry_msgs/msg/_accel_with_covariance_s.c
[11.480s] -- Up-to-date symlink: /home/ubuntu/microros_ws/install/geometry_msgs/local/lib/python3.10/dist-packages/geometry_msgs/msg/_accel_with_covariance_stamped.py
[11.482s] -- Up-to-date symlink: /home/ubuntu/microros_ws/install/geometry_msgs/local/lib/python3.10/dist-packages/geometry_msgs/msg/_accel_with_covariance_stamped_s.c
[11.484s] -- Up-to-date symlink: /home/ubuntu/microros_ws/install/geometry_msgs/local/lib/python3.10/dist-packages/geometry_msgs/msg/_inertia.py
[11.486s] -- Up-to-date symlink: /home/ubuntu/microros_ws/install/geometry_msgs/local/lib/python3.10/dist-packages/geometry_msgs/msg/_inertia_s.c
[11.505s] -- Up-to-date symlink: /home/ubuntu/microros_ws/install/geometry_msgs/local/lib/python3.10/dist-packages/geometry_msgs/msg/_inertia_stamped.py
[11.506s] -- Up-to-date symlink: /home/ubuntu/microros_ws/install/geometry_msgs/local/lib/python3.10/dist-packages/geometry_msgs/msg/_inertia_stamped_s.c
[11.508s] -- Up-to-date symlink: /home/ubuntu/microros_ws/install/geometry_msgs/local/lib/python3.10/dist-packages/geometry_msgs/msg/_point.py
[11.508s] -- Up-to-date symlink: /home/ubuntu/microros_ws/install/geometry_msgs/local/lib/python3.10/dist-packages/geometry_msgs/msg/_point32.py
[11.509s] -- Up-to-date symlink: /home/ubuntu/microros_ws/install/geometry_msgs/local/lib/python3.10/dist-packages/geometry_msgs/msg/_point32_s.c
[11.510s] -- Up-to-date symlink: /home/ubuntu/microros_ws/install/geometry_msgs/local/lib/python3.10/dist-packages/geometry_msgs/msg/_point_s.c
[11.510s] -- Up-to-date symlink: /home/ubuntu/microros_ws/install/geometry_msgs/local/lib/python3.10/dist-packages/geometry_msgs/msg/_point_stamped.py
[11.511s] -- Up-to-date symlink: /home/ubuntu/microros_ws/install/geometry_msgs/local/lib/python3.10/dist-packages/geometry_msgs/msg/_point_stamped_s.c
[11.512s] -- Up-to-date symlink: /home/ubuntu/microros_ws/install/geometry_msgs/local/lib/python3.10/dist-packages/geometry_msgs/msg/_polygon.py
[11.513s] -- Up-to-date symlink: /home/ubuntu/microros_ws/install/geometry_msgs/local/lib/python3.10/dist-packages/geometry_msgs/msg/_polygon_s.c
[11.513s] -- Up-to-date symlink: /home/ubuntu/microros_ws/install/geometry_msgs/local/lib/python3.10/dist-packages/geometry_msgs/msg/_polygon_stamped.py
[11.514s] -- Up-to-date symlink: /home/ubuntu/microros_ws/install/geometry_msgs/local/lib/python3.10/dist-packages/geometry_msgs/msg/_polygon_stamped_s.c
[11.516s] -- Up-to-date symlink: /home/ubuntu/microros_ws/install/geometry_msgs/local/lib/python3.10/dist-packages/geometry_msgs/msg/_pose.py
[11.516s] -- Up-to-date symlink: /home/ubuntu/microros_ws/install/geometry_msgs/local/lib/python3.10/dist-packages/geometry_msgs/msg/_pose2_d.py
[11.517s] -- Up-to-date symlink: /home/ubuntu/microros_ws/install/geometry_msgs/local/lib/python3.10/dist-packages/geometry_msgs/msg/_pose2_d_s.c
[11.518s] -- Up-to-date symlink: /home/ubuntu/microros_ws/install/geometry_msgs/local/lib/python3.10/dist-packages/geometry_msgs/msg/_pose_array.py
[11.518s] -- Up-to-date symlink: /home/ubuntu/microros_ws/install/geometry_msgs/local/lib/python3.10/dist-packages/geometry_msgs/msg/_pose_array_s.c
[11.533s] -- Up-to-date symlink: /home/ubuntu/microros_ws/install/geometry_msgs/local/lib/python3.10/dist-packages/geometry_msgs/msg/_pose_s.c
[11.534s] -- Up-to-date symlink: /home/ubuntu/microros_ws/install/geometry_msgs/local/lib/python3.10/dist-packages/geometry_msgs/msg/_pose_stamped.py
[11.535s] -- Up-to-date symlink: /home/ubuntu/microros_ws/install/geometry_msgs/local/lib/python3.10/dist-packages/geometry_msgs/msg/_pose_stamped_s.c
[11.536s] -- Up-to-date symlink: /home/ubuntu/microros_ws/install/geometry_msgs/local/lib/python3.10/dist-packages/geometry_msgs/msg/_pose_with_covariance.py
[11.538s] -- Up-to-date symlink: /home/ubuntu/microros_ws/install/geometry_msgs/local/lib/python3.10/dist-packages/geometry_msgs/msg/_pose_with_covariance_s.c
[11.539s] -- Up-to-date symlink: /home/ubuntu/microros_ws/install/geometry_msgs/local/lib/python3.10/dist-packages/geometry_msgs/msg/_pose_with_covariance_stamped.py
[11.541s] -- Up-to-date symlink: /home/ubuntu/microros_ws/install/geometry_msgs/local/lib/python3.10/dist-packages/geometry_msgs/msg/_pose_with_covariance_stamped_s.c
[11.542s] -- Up-to-date symlink: /home/ubuntu/microros_ws/install/geometry_msgs/local/lib/python3.10/dist-packages/geometry_msgs/msg/_quaternion.py
[11.543s] -- Up-to-date symlink: /home/ubuntu/microros_ws/install/geometry_msgs/local/lib/python3.10/dist-packages/geometry_msgs/msg/_quaternion_s.c
[11.544s] -- Up-to-date symlink: /home/ubuntu/microros_ws/install/geometry_msgs/local/lib/python3.10/dist-packages/geometry_msgs/msg/_quaternion_stamped.py
[11.545s] -- Up-to-date symlink: /home/ubuntu/microros_ws/install/geometry_msgs/local/lib/python3.10/dist-packages/geometry_msgs/msg/_quaternion_stamped_s.c
[11.546s] -- Up-to-date symlink: /home/ubuntu/microros_ws/install/geometry_msgs/local/lib/python3.10/dist-packages/geometry_msgs/msg/_transform.py
[11.547s] -- Up-to-date symlink: /home/ubuntu/microros_ws/install/geometry_msgs/local/lib/python3.10/dist-packages/geometry_msgs/msg/_transform_s.c
[11.548s] -- Up-to-date symlink: /home/ubuntu/microros_ws/install/geometry_msgs/local/lib/python3.10/dist-packages/geometry_msgs/msg/_transform_stamped.py
[11.549s] -- Up-to-date symlink: /home/ubuntu/microros_ws/install/geometry_msgs/local/lib/python3.10/dist-packages/geometry_msgs/msg/_transform_stamped_s.c
[11.550s] -- Up-to-date symlink: /home/ubuntu/microros_ws/install/geometry_msgs/local/lib/python3.10/dist-packages/geometry_msgs/msg/_twist.py
[11.551s] -- Up-to-date symlink: /home/ubuntu/microros_ws/install/geometry_msgs/local/lib/python3.10/dist-packages/geometry_msgs/msg/_twist_s.c
[11.553s] -- Up-to-date symlink: /home/ubuntu/microros_ws/install/geometry_msgs/local/lib/python3.10/dist-packages/geometry_msgs/msg/_twist_stamped.py
[11.556s] -- Up-to-date symlink: /home/ubuntu/microros_ws/install/geometry_msgs/local/lib/python3.10/dist-packages/geometry_msgs/msg/_twist_stamped_s.c
[11.556s] -- Up-to-date symlink: /home/ubuntu/microros_ws/install/geometry_msgs/local/lib/python3.10/dist-packages/geometry_msgs/msg/_twist_with_covariance.py
[11.557s] -- Up-to-date symlink: /home/ubuntu/microros_ws/install/geometry_msgs/local/lib/python3.10/dist-packages/geometry_msgs/msg/_twist_with_covariance_s.c
[11.557s] -- Up-to-date symlink: /home/ubuntu/microros_ws/install/geometry_msgs/local/lib/python3.10/dist-packages/geometry_msgs/msg/_twist_with_covariance_stamped.py
[11.557s] -- Up-to-date symlink: /home/ubuntu/microros_ws/install/geometry_msgs/local/lib/python3.10/dist-packages/geometry_msgs/msg/_twist_with_covariance_stamped_s.c
[11.558s] -- Up-to-date symlink: /home/ubuntu/microros_ws/install/geometry_msgs/local/lib/python3.10/dist-packages/geometry_msgs/msg/_vector3.py
[11.558s] -- Up-to-date symlink: /home/ubuntu/microros_ws/install/geometry_msgs/local/lib/python3.10/dist-packages/geometry_msgs/msg/_vector3_s.c
[11.558s] -- Up-to-date symlink: /home/ubuntu/microros_ws/install/geometry_msgs/local/lib/python3.10/dist-packages/geometry_msgs/msg/_vector3_stamped.py
[11.565s] -- Up-to-date symlink: /home/ubuntu/microros_ws/install/geometry_msgs/local/lib/python3.10/dist-packages/geometry_msgs/msg/_vector3_stamped_s.c
[11.566s] -- Up-to-date symlink: /home/ubuntu/microros_ws/install/geometry_msgs/local/lib/python3.10/dist-packages/geometry_msgs/msg/_velocity_stamped.py
[11.568s] -- Up-to-date symlink: /home/ubuntu/microros_ws/install/geometry_msgs/local/lib/python3.10/dist-packages/geometry_msgs/msg/_velocity_stamped_s.c
[11.568s] -- Up-to-date symlink: /home/ubuntu/microros_ws/install/geometry_msgs/local/lib/python3.10/dist-packages/geometry_msgs/msg/_wrench.py
[11.569s] -- Up-to-date symlink: /home/ubuntu/microros_ws/install/geometry_msgs/local/lib/python3.10/dist-packages/geometry_msgs/msg/_wrench_s.c
[11.572s] -- Up-to-date symlink: /home/ubuntu/microros_ws/install/geometry_msgs/local/lib/python3.10/dist-packages/geometry_msgs/msg/_wrench_stamped.py
[11.572s] -- Up-to-date symlink: /home/ubuntu/microros_ws/install/geometry_msgs/local/lib/python3.10/dist-packages/geometry_msgs/msg/_wrench_stamped_s.c
[11.573s] -- Up-to-date symlink: /home/ubuntu/microros_ws/install/geometry_msgs/local/lib/python3.10/dist-packages/geometry_msgs/geometry_msgs_s__rosidl_typesupport_fastrtps_c.cpython-310-aarch64-linux-gnu.so
[11.576s] -- Up-to-date symlink: /home/ubuntu/microros_ws/install/geometry_msgs/local/lib/python3.10/dist-packages/geometry_msgs/geometry_msgs_s__rosidl_typesupport_introspection_c.cpython-310-aarch64-linux-gnu.so
[11.578s] -- Up-to-date symlink: /home/ubuntu/microros_ws/install/geometry_msgs/local/lib/python3.10/dist-packages/geometry_msgs/geometry_msgs_s__rosidl_typesupport_c.cpython-310-aarch64-linux-gnu.so
[11.579s] -- Up-to-date symlink: /home/ubuntu/microros_ws/install/geometry_msgs/share/geometry_msgs/msg/Accel.idl
[11.580s] -- Up-to-date symlink: /home/ubuntu/microros_ws/install/geometry_msgs/share/geometry_msgs/msg/AccelStamped.idl
[11.581s] -- Up-to-date symlink: /home/ubuntu/microros_ws/install/geometry_msgs/share/geometry_msgs/msg/AccelWithCovariance.idl
[11.582s] -- Up-to-date symlink: /home/ubuntu/microros_ws/install/geometry_msgs/share/geometry_msgs/msg/AccelWithCovarianceStamped.idl
[11.584s] -- Up-to-date symlink: /home/ubuntu/microros_ws/install/geometry_msgs/share/geometry_msgs/msg/Inertia.idl
[11.585s] -- Up-to-date symlink: /home/ubuntu/microros_ws/install/geometry_msgs/share/geometry_msgs/msg/InertiaStamped.idl
[11.588s] -- Up-to-date symlink: /home/ubuntu/microros_ws/install/geometry_msgs/share/geometry_msgs/msg/Point.idl
[11.591s] -- Up-to-date symlink: /home/ubuntu/microros_ws/install/geometry_msgs/share/geometry_msgs/msg/Point32.idl
[11.593s] -- Up-to-date symlink: /home/ubuntu/microros_ws/install/geometry_msgs/share/geometry_msgs/msg/PointStamped.idl
[11.594s] -- Up-to-date symlink: /home/ubuntu/microros_ws/install/geometry_msgs/share/geometry_msgs/msg/Polygon.idl
[11.596s] -- Up-to-date symlink: /home/ubuntu/microros_ws/install/geometry_msgs/share/geometry_msgs/msg/PolygonStamped.idl
[11.599s] -- Up-to-date symlink: /home/ubuntu/microros_ws/install/geometry_msgs/share/geometry_msgs/msg/Pose.idl
[11.601s] -- Up-to-date symlink: /home/ubuntu/microros_ws/install/geometry_msgs/share/geometry_msgs/msg/Pose2D.idl
[11.603s] -- Up-to-date symlink: /home/ubuntu/microros_ws/install/geometry_msgs/share/geometry_msgs/msg/PoseArray.idl
[11.604s] -- Up-to-date symlink: /home/ubuntu/microros_ws/install/geometry_msgs/share/geometry_msgs/msg/PoseStamped.idl
[11.605s] -- Up-to-date symlink: /home/ubuntu/microros_ws/install/geometry_msgs/share/geometry_msgs/msg/PoseWithCovariance.idl
[11.608s] -- Up-to-date symlink: /home/ubuntu/microros_ws/install/geometry_msgs/share/geometry_msgs/msg/PoseWithCovarianceStamped.idl
[11.614s] -- Up-to-date symlink: /home/ubuntu/microros_ws/install/geometry_msgs/share/geometry_msgs/msg/Quaternion.idl
[11.634s] -- Up-to-date symlink: /home/ubuntu/microros_ws/install/geometry_msgs/share/geometry_msgs/msg/QuaternionStamped.idl
[11.635s] -- Up-to-date symlink: /home/ubuntu/microros_ws/install/geometry_msgs/share/geometry_msgs/msg/Transform.idl
[11.636s] -- Up-to-date symlink: /home/ubuntu/microros_ws/install/geometry_msgs/share/geometry_msgs/msg/TransformStamped.idl
[11.638s] -- Up-to-date symlink: /home/ubuntu/microros_ws/install/geometry_msgs/share/geometry_msgs/msg/Twist.idl
[11.639s] -- Up-to-date symlink: /home/ubuntu/microros_ws/install/geometry_msgs/share/geometry_msgs/msg/TwistStamped.idl
[11.640s] -- Up-to-date symlink: /home/ubuntu/microros_ws/install/geometry_msgs/share/geometry_msgs/msg/TwistWithCovariance.idl
[11.641s] -- Up-to-date symlink: /home/ubuntu/microros_ws/install/geometry_msgs/share/geometry_msgs/msg/TwistWithCovarianceStamped.idl
[11.641s] -- Up-to-date symlink: /home/ubuntu/microros_ws/install/geometry_msgs/share/geometry_msgs/msg/Vector3.idl
[11.642s] -- Up-to-date symlink: /home/ubuntu/microros_ws/install/geometry_msgs/share/geometry_msgs/msg/Vector3Stamped.idl
[11.642s] -- Up-to-date symlink: /home/ubuntu/microros_ws/install/geometry_msgs/share/geometry_msgs/msg/VelocityStamped.idl
[11.643s] -- Up-to-date symlink: /home/ubuntu/microros_ws/install/geometry_msgs/share/geometry_msgs/msg/Wrench.idl
[11.644s] -- Up-to-date symlink: /home/ubuntu/microros_ws/install/geometry_msgs/share/geometry_msgs/msg/WrenchStamped.idl
[11.645s] -- Up-to-date symlink: /home/ubuntu/microros_ws/install/geometry_msgs/share/geometry_msgs/msg/Accel.msg
[11.679s] -- Up-to-date symlink: /home/ubuntu/microros_ws/install/geometry_msgs/share/geometry_msgs/msg/AccelStamped.msg
[11.680s] -- Up-to-date symlink: /home/ubuntu/microros_ws/install/geometry_msgs/share/geometry_msgs/msg/AccelWithCovariance.msg
[11.681s] -- Up-to-date symlink: /home/ubuntu/microros_ws/install/geometry_msgs/share/geometry_msgs/msg/AccelWithCovarianceStamped.msg
[11.681s] -- Up-to-date symlink: /home/ubuntu/microros_ws/install/geometry_msgs/share/geometry_msgs/msg/Inertia.msg
[11.682s] -- Up-to-date symlink: /home/ubuntu/microros_ws/install/geometry_msgs/share/geometry_msgs/msg/InertiaStamped.msg
[11.684s] -- Up-to-date symlink: /home/ubuntu/microros_ws/install/geometry_msgs/share/geometry_msgs/msg/Point.msg
[11.694s] -- Up-to-date symlink: /home/ubuntu/microros_ws/install/geometry_msgs/share/geometry_msgs/msg/Point32.msg
[11.695s] -- Up-to-date symlink: /home/ubuntu/microros_ws/install/geometry_msgs/share/geometry_msgs/msg/PointStamped.msg
[11.697s] -- Up-to-date symlink: /home/ubuntu/microros_ws/install/geometry_msgs/share/geometry_msgs/msg/Polygon.msg
[11.698s] -- Up-to-date symlink: /home/ubuntu/microros_ws/install/geometry_msgs/share/geometry_msgs/msg/PolygonStamped.msg
[11.698s] -- Up-to-date symlink: /home/ubuntu/microros_ws/install/geometry_msgs/share/geometry_msgs/msg/Pose.msg
[11.699s] -- Up-to-date symlink: /home/ubuntu/microros_ws/install/geometry_msgs/share/geometry_msgs/msg/Pose2D.msg
[11.700s] -- Up-to-date symlink: /home/ubuntu/microros_ws/install/geometry_msgs/share/geometry_msgs/msg/PoseArray.msg
[11.700s] -- Up-to-date symlink: /home/ubuntu/microros_ws/install/geometry_msgs/share/geometry_msgs/msg/PoseStamped.msg
[11.701s] -- Up-to-date symlink: /home/ubuntu/microros_ws/install/geometry_msgs/share/geometry_msgs/msg/PoseWithCovariance.msg
[11.702s] -- Up-to-date symlink: /home/ubuntu/microros_ws/install/geometry_msgs/share/geometry_msgs/msg/PoseWithCovarianceStamped.msg
[11.702s] -- Up-to-date symlink: /home/ubuntu/microros_ws/install/geometry_msgs/share/geometry_msgs/msg/Quaternion.msg
[11.703s] -- Up-to-date symlink: /home/ubuntu/microros_ws/install/geometry_msgs/share/geometry_msgs/msg/QuaternionStamped.msg
[11.703s] -- Up-to-date symlink: /home/ubuntu/microros_ws/install/geometry_msgs/share/geometry_msgs/msg/Transform.msg
[11.704s] -- Up-to-date symlink: /home/ubuntu/microros_ws/install/geometry_msgs/share/geometry_msgs/msg/TransformStamped.msg
[11.705s] -- Up-to-date symlink: /home/ubuntu/microros_ws/install/geometry_msgs/share/geometry_msgs/msg/Twist.msg
[11.706s] -- Up-to-date symlink: /home/ubuntu/microros_ws/install/geometry_msgs/share/geometry_msgs/msg/TwistStamped.msg
[11.707s] -- Up-to-date symlink: /home/ubuntu/microros_ws/install/geometry_msgs/share/geometry_msgs/msg/TwistWithCovariance.msg
[11.708s] -- Up-to-date symlink: /home/ubuntu/microros_ws/install/geometry_msgs/share/geometry_msgs/msg/TwistWithCovarianceStamped.msg
[11.709s] -- Up-to-date symlink: /home/ubuntu/microros_ws/install/geometry_msgs/share/geometry_msgs/msg/Vector3.msg
[11.710s] -- Up-to-date symlink: /home/ubuntu/microros_ws/install/geometry_msgs/share/geometry_msgs/msg/Vector3Stamped.msg
[11.710s] -- Up-to-date symlink: /home/ubuntu/microros_ws/install/geometry_msgs/share/geometry_msgs/msg/VelocityStamped.msg
[11.719s] -- Up-to-date symlink: /home/ubuntu/microros_ws/install/geometry_msgs/share/geometry_msgs/msg/Wrench.msg
[11.721s] -- Up-to-date symlink: /home/ubuntu/microros_ws/install/geometry_msgs/share/geometry_msgs/msg/WrenchStamped.msg
[11.725s] -- Up-to-date symlink: /home/ubuntu/microros_ws/install/geometry_msgs/share/ament_index/resource_index/package_run_dependencies/geometry_msgs
[11.728s] -- Up-to-date symlink: /home/ubuntu/microros_ws/install/geometry_msgs/share/ament_index/resource_index/parent_prefix_path/geometry_msgs
[11.728s] -- Up-to-date symlink: /home/ubuntu/microros_ws/install/geometry_msgs/share/geometry_msgs/environment/ament_prefix_path.sh
[11.728s] -- Up-to-date symlink: /home/ubuntu/microros_ws/install/geometry_msgs/share/geometry_msgs/environment/ament_prefix_path.dsv
[11.729s] -- Up-to-date symlink: /home/ubuntu/microros_ws/install/geometry_msgs/share/geometry_msgs/environment/path.sh
[11.730s] -- Up-to-date symlink: /home/ubuntu/microros_ws/install/geometry_msgs/share/geometry_msgs/environment/path.dsv
[11.730s] -- Up-to-date symlink: /home/ubuntu/microros_ws/install/geometry_msgs/share/geometry_msgs/local_setup.bash
[11.735s] -- Up-to-date symlink: /home/ubuntu/microros_ws/install/geometry_msgs/share/geometry_msgs/local_setup.sh
[11.736s] -- Up-to-date symlink: /home/ubuntu/microros_ws/install/geometry_msgs/share/geometry_msgs/local_setup.zsh
[11.737s] -- Up-to-date symlink: /home/ubuntu/microros_ws/install/geometry_msgs/share/geometry_msgs/local_setup.dsv
[11.737s] -- Symlinking: /home/ubuntu/microros_ws/install/geometry_msgs/share/geometry_msgs/package.dsv
[11.740s] -- Up-to-date symlink: /home/ubuntu/microros_ws/install/geometry_msgs/share/ament_index/resource_index/packages/geometry_msgs
[11.740s] -- Up-to-date symlink: /home/ubuntu/microros_ws/install/geometry_msgs/share/geometry_msgs/cmake/rosidl_cmake-extras.cmake
[11.741s] -- Up-to-date symlink: /home/ubuntu/microros_ws/install/geometry_msgs/share/geometry_msgs/cmake/ament_cmake_export_dependencies-extras.cmake
[11.744s] -- Up-to-date symlink: /home/ubuntu/microros_ws/install/geometry_msgs/share/geometry_msgs/cmake/ament_cmake_export_include_directories-extras.cmake
[11.745s] -- Up-to-date symlink: /home/ubuntu/microros_ws/install/geometry_msgs/share/geometry_msgs/cmake/ament_cmake_export_libraries-extras.cmake
[11.750s] -- Up-to-date symlink: /home/ubuntu/microros_ws/install/geometry_msgs/share/geometry_msgs/cmake/ament_cmake_export_targets-extras.cmake
[11.751s] -- Up-to-date symlink: /home/ubuntu/microros_ws/install/geometry_msgs/share/geometry_msgs/cmake/rosidl_cmake_export_typesupport_targets-extras.cmake
[11.752s] -- Up-to-date symlink: /home/ubuntu/microros_ws/install/geometry_msgs/share/geometry_msgs/cmake/rosidl_cmake_export_typesupport_libraries-extras.cmake
[11.752s] -- Up-to-date symlink: /home/ubuntu/microros_ws/install/geometry_msgs/share/geometry_msgs/cmake/geometry_msgsConfig.cmake
[11.753s] -- Up-to-date symlink: /home/ubuntu/microros_ws/install/geometry_msgs/share/geometry_msgs/cmake/geometry_msgsConfig-version.cmake
[11.753s] -- Up-to-date symlink: /home/ubuntu/microros_ws/install/geometry_msgs/share/geometry_msgs/package.xml
[11.774s] -- Up-to-date: /home/ubuntu/microros_ws/install/geometry_msgs/lib/libgeometry_msgs__rosidl_generator_c.so
[11.779s] -- Up-to-date: /home/ubuntu/microros_ws/install/geometry_msgs/lib/libgeometry_msgs__rosidl_typesupport_fastrtps_c.so
[11.782s] -- Up-to-date: /home/ubuntu/microros_ws/install/geometry_msgs/lib/libgeometry_msgs__rosidl_typesupport_introspection_c.so
[11.793s] -- Up-to-date: /home/ubuntu/microros_ws/install/geometry_msgs/lib/libgeometry_msgs__rosidl_typesupport_c.so
[11.794s] -- Up-to-date: /home/ubuntu/microros_ws/install/geometry_msgs/lib/libgeometry_msgs__rosidl_typesupport_fastrtps_cpp.so
[11.795s] -- Up-to-date: /home/ubuntu/microros_ws/install/geometry_msgs/lib/libgeometry_msgs__rosidl_typesupport_introspection_cpp.so
[11.796s] -- Up-to-date: /home/ubuntu/microros_ws/install/geometry_msgs/lib/libgeometry_msgs__rosidl_typesupport_cpp.so
[12.024s] Listing '/home/ubuntu/microros_ws/install/geometry_msgs/local/lib/python3.10/dist-packages/geometry_msgs'...
[12.025s] Listing '/home/ubuntu/microros_ws/install/geometry_msgs/local/lib/python3.10/dist-packages/geometry_msgs/msg'...
[12.065s] -- Up-to-date: /home/ubuntu/microros_ws/install/geometry_msgs/lib/libgeometry_msgs__rosidl_generator_py.so
[12.067s] -- Up-to-date: /home/ubuntu/microros_ws/install/geometry_msgs/share/geometry_msgs/cmake/export_geometry_msgs__rosidl_generator_cExport.cmake
[12.068s] -- Up-to-date: /home/ubuntu/microros_ws/install/geometry_msgs/share/geometry_msgs/cmake/export_geometry_msgs__rosidl_generator_cExport-noconfig.cmake
[12.069s] -- Up-to-date: /home/ubuntu/microros_ws/install/geometry_msgs/share/geometry_msgs/cmake/export_geometry_msgs__rosidl_typesupport_fastrtps_cExport.cmake
[12.070s] -- Up-to-date: /home/ubuntu/microros_ws/install/geometry_msgs/share/geometry_msgs/cmake/export_geometry_msgs__rosidl_typesupport_fastrtps_cExport-noconfig.cmake
[12.071s] -- Up-to-date: /home/ubuntu/microros_ws/install/geometry_msgs/share/geometry_msgs/cmake/geometry_msgs__rosidl_typesupport_introspection_cExport.cmake
[12.073s] -- Up-to-date: /home/ubuntu/microros_ws/install/geometry_msgs/share/geometry_msgs/cmake/geometry_msgs__rosidl_typesupport_introspection_cExport-noconfig.cmake
[12.074s] -- Up-to-date: /home/ubuntu/microros_ws/install/geometry_msgs/share/geometry_msgs/cmake/geometry_msgs__rosidl_typesupport_cExport.cmake
[12.078s] -- Up-to-date: /home/ubuntu/microros_ws/install/geometry_msgs/share/geometry_msgs/cmake/geometry_msgs__rosidl_typesupport_cExport-noconfig.cmake
[12.079s] -- Up-to-date: /home/ubuntu/microros_ws/install/geometry_msgs/share/geometry_msgs/cmake/export_geometry_msgs__rosidl_generator_cppExport.cmake
[12.082s] -- Up-to-date: /home/ubuntu/microros_ws/install/geometry_msgs/share/geometry_msgs/cmake/export_geometry_msgs__rosidl_typesupport_fastrtps_cppExport.cmake
[12.082s] -- Up-to-date: /home/ubuntu/microros_ws/install/geometry_msgs/share/geometry_msgs/cmake/export_geometry_msgs__rosidl_typesupport_fastrtps_cppExport-noconfig.cmake
[12.085s] -- Up-to-date: /home/ubuntu/microros_ws/install/geometry_msgs/share/geometry_msgs/cmake/geometry_msgs__rosidl_typesupport_introspection_cppExport.cmake
[12.089s] -- Up-to-date: /home/ubuntu/microros_ws/install/geometry_msgs/share/geometry_msgs/cmake/geometry_msgs__rosidl_typesupport_introspection_cppExport-noconfig.cmake
[12.092s] -- Up-to-date: /home/ubuntu/microros_ws/install/geometry_msgs/share/geometry_msgs/cmake/geometry_msgs__rosidl_typesupport_cppExport.cmake
[12.094s] -- Up-to-date: /home/ubuntu/microros_ws/install/geometry_msgs/share/geometry_msgs/cmake/geometry_msgs__rosidl_typesupport_cppExport-noconfig.cmake
[12.103s] -- Up-to-date: /home/ubuntu/microros_ws/install/geometry_msgs/share/geometry_msgs/cmake/export_geometry_msgs__rosidl_generator_pyExport.cmake
[12.107s] -- Up-to-date: /home/ubuntu/microros_ws/install/geometry_msgs/share/geometry_msgs/cmake/export_geometry_msgs__rosidl_generator_pyExport-noconfig.cmake
[12.175s] Invoked command in '/home/ubuntu/microros_ws/build/geometry_msgs' returned '0': AMENT_PREFIX_PATH=/home/ubuntu/microros_ws/install/std_msgs:/home/ubuntu/microros_ws/install/builtin_interfaces:${AMENT_PREFIX_PATH} CMAKE_PREFIX_PATH=/home/ubuntu/microros_ws/install/std_msgs:/home/ubuntu/microros_ws/install/builtin_interfaces:/opt/ros/humble LD_LIBRARY_PATH=/home/ubuntu/microros_ws/install/std_msgs/lib:/home/ubuntu/microros_ws/install/builtin_interfaces/lib:${LD_LIBRARY_PATH} PYTHONPATH=/home/ubuntu/microros_ws/install/std_msgs/local/lib/python3.10/dist-packages:/home/ubuntu/microros_ws/install/builtin_interfaces/local/lib/python3.10/dist-packages:${PYTHONPATH} /usr/bin/cmake --install /home/ubuntu/microros_ws/build/geometry_msgs
