[  1%] Built target shape_msgs__cpp
[  1%] Built target ament_cmake_python_symlink_shape_msgs
[ 12%] Built target shape_msgs__rosidl_typesupport_fastrtps_cpp
[ 23%] Built target shape_msgs__rosidl_typesupport_introspection_cpp
running egg_info
writing shape_msgs.egg-info/PKG-INFO
writing dependency_links to shape_msgs.egg-info/dependency_links.txt
writing top-level names to shape_msgs.egg-info/top_level.txt
reading manifest file 'shape_msgs.egg-info/SOURCES.txt'
writing manifest file 'shape_msgs.egg-info/SOURCES.txt'
[ 23%] Built target ament_cmake_python_build_shape_msgs_egg
[35m[1mConsolidate compiler generated dependencies of target shape_msgs__rosidl_typesupport_cpp[0m
[ 34%] Built target shape_msgs__rosidl_typesupport_cpp
[ 45%] Built target shape_msgs__rosidl_generator_c
[ 56%] Built target shape_msgs__rosidl_typesupport_fastrtps_c
[35m[1mConsolidate compiler generated dependencies of target shape_msgs__rosidl_typesupport_c[0m
[ 67%] Built target shape_msgs__rosidl_typesupport_c
[ 78%] Built target shape_msgs__rosidl_typesupport_introspection_c
[ 78%] Built target shape_msgs
[ 80%] Built target shape_msgs__py
[35m[1mConsolidate compiler generated dependencies of target shape_msgs__rosidl_generator_py[0m
[ 89%] Built target shape_msgs__rosidl_generator_py
[ 92%] Built target shape_msgs__rosidl_typesupport_fastrtps_c__pyext
[35m[1mConsolidate compiler generated dependencies of target shape_msgs__rosidl_typesupport_c__pyext[0m
[ 96%] Built target shape_msgs__rosidl_typesupport_c__pyext
[35m[1mConsolidate compiler generated dependencies of target shape_msgs__rosidl_typesupport_introspection_c__pyext[0m
[100%] Built target shape_msgs__rosidl_typesupport_introspection_c__pyext
-- Install configuration: ""
-- Execute custom install script
-- Symlinking: /home/ubuntu/microros_ws/install/shape_msgs/share/ament_index/resource_index/rosidl_interfaces/shape_msgs
-- Symlinking: /home/ubuntu/microros_ws/install/shape_msgs/include/shape_msgs/shape_msgs/msg/detail/mesh__functions.h
-- Symlinking: /home/ubuntu/microros_ws/install/shape_msgs/include/shape_msgs/shape_msgs/msg/detail/mesh__struct.h
-- Symlinking: /home/ubuntu/microros_ws/install/shape_msgs/include/shape_msgs/shape_msgs/msg/detail/mesh__type_support.h
-- Symlinking: /home/ubuntu/microros_ws/install/shape_msgs/include/shape_msgs/shape_msgs/msg/detail/mesh_triangle__functions.h
-- Symlinking: /home/ubuntu/microros_ws/install/shape_msgs/include/shape_msgs/shape_msgs/msg/detail/mesh_triangle__struct.h
-- Symlinking: /home/ubuntu/microros_ws/install/shape_msgs/include/shape_msgs/shape_msgs/msg/detail/mesh_triangle__type_support.h
-- Symlinking: /home/ubuntu/microros_ws/install/shape_msgs/include/shape_msgs/shape_msgs/msg/detail/plane__functions.h
-- Symlinking: /home/ubuntu/microros_ws/install/shape_msgs/include/shape_msgs/shape_msgs/msg/detail/plane__struct.h
-- Symlinking: /home/ubuntu/microros_ws/install/shape_msgs/include/shape_msgs/shape_msgs/msg/detail/plane__type_support.h
-- Symlinking: /home/ubuntu/microros_ws/install/shape_msgs/include/shape_msgs/shape_msgs/msg/detail/solid_primitive__functions.h
-- Symlinking: /home/ubuntu/microros_ws/install/shape_msgs/include/shape_msgs/shape_msgs/msg/detail/solid_primitive__struct.h
-- Symlinking: /home/ubuntu/microros_ws/install/shape_msgs/include/shape_msgs/shape_msgs/msg/detail/solid_primitive__type_support.h
-- Symlinking: /home/ubuntu/microros_ws/install/shape_msgs/include/shape_msgs/shape_msgs/msg/mesh.h
-- Symlinking: /home/ubuntu/microros_ws/install/shape_msgs/include/shape_msgs/shape_msgs/msg/mesh_triangle.h
-- Symlinking: /home/ubuntu/microros_ws/install/shape_msgs/include/shape_msgs/shape_msgs/msg/plane.h
-- Symlinking: /home/ubuntu/microros_ws/install/shape_msgs/include/shape_msgs/shape_msgs/msg/rosidl_generator_c__visibility_control.h
-- Symlinking: /home/ubuntu/microros_ws/install/shape_msgs/include/shape_msgs/shape_msgs/msg/solid_primitive.h
-- Symlinking: /home/ubuntu/microros_ws/install/shape_msgs/share/shape_msgs/environment/library_path.sh
-- Symlinking: /home/ubuntu/microros_ws/install/shape_msgs/share/shape_msgs/environment/library_path.dsv
-- Symlinking: /home/ubuntu/microros_ws/install/shape_msgs/include/shape_msgs/shape_msgs/msg/detail/mesh__rosidl_typesupport_fastrtps_c.h
-- Symlinking: /home/ubuntu/microros_ws/install/shape_msgs/include/shape_msgs/shape_msgs/msg/detail/mesh_triangle__rosidl_typesupport_fastrtps_c.h
-- Symlinking: /home/ubuntu/microros_ws/install/shape_msgs/include/shape_msgs/shape_msgs/msg/detail/plane__rosidl_typesupport_fastrtps_c.h
-- Symlinking: /home/ubuntu/microros_ws/install/shape_msgs/include/shape_msgs/shape_msgs/msg/detail/solid_primitive__rosidl_typesupport_fastrtps_c.h
-- Symlinking: /home/ubuntu/microros_ws/install/shape_msgs/include/shape_msgs/shape_msgs/msg/rosidl_typesupport_fastrtps_c__visibility_control.h
-- Symlinking: /home/ubuntu/microros_ws/install/shape_msgs/include/shape_msgs/shape_msgs/msg/detail/mesh__builder.hpp
-- Symlinking: /home/ubuntu/microros_ws/install/shape_msgs/include/shape_msgs/shape_msgs/msg/detail/mesh__struct.hpp
-- Symlinking: /home/ubuntu/microros_ws/install/shape_msgs/include/shape_msgs/shape_msgs/msg/detail/mesh__traits.hpp
-- Symlinking: /home/ubuntu/microros_ws/install/shape_msgs/include/shape_msgs/shape_msgs/msg/detail/mesh_triangle__builder.hpp
-- Symlinking: /home/ubuntu/microros_ws/install/shape_msgs/include/shape_msgs/shape_msgs/msg/detail/mesh_triangle__struct.hpp
-- Symlinking: /home/ubuntu/microros_ws/install/shape_msgs/include/shape_msgs/shape_msgs/msg/detail/mesh_triangle__traits.hpp
-- Symlinking: /home/ubuntu/microros_ws/install/shape_msgs/include/shape_msgs/shape_msgs/msg/detail/plane__builder.hpp
-- Symlinking: /home/ubuntu/microros_ws/install/shape_msgs/include/shape_msgs/shape_msgs/msg/detail/plane__struct.hpp
-- Symlinking: /home/ubuntu/microros_ws/install/shape_msgs/include/shape_msgs/shape_msgs/msg/detail/plane__traits.hpp
-- Symlinking: /home/ubuntu/microros_ws/install/shape_msgs/include/shape_msgs/shape_msgs/msg/detail/solid_primitive__builder.hpp
-- Symlinking: /home/ubuntu/microros_ws/install/shape_msgs/include/shape_msgs/shape_msgs/msg/detail/solid_primitive__struct.hpp
-- Symlinking: /home/ubuntu/microros_ws/install/shape_msgs/include/shape_msgs/shape_msgs/msg/detail/solid_primitive__traits.hpp
-- Symlinking: /home/ubuntu/microros_ws/install/shape_msgs/include/shape_msgs/shape_msgs/msg/mesh.hpp
-- Symlinking: /home/ubuntu/microros_ws/install/shape_msgs/include/shape_msgs/shape_msgs/msg/mesh_triangle.hpp
-- Symlinking: /home/ubuntu/microros_ws/install/shape_msgs/include/shape_msgs/shape_msgs/msg/plane.hpp
-- Symlinking: /home/ubuntu/microros_ws/install/shape_msgs/include/shape_msgs/shape_msgs/msg/solid_primitive.hpp
-- Symlinking: /home/ubuntu/microros_ws/install/shape_msgs/include/shape_msgs/shape_msgs/msg/detail/mesh__rosidl_typesupport_fastrtps_cpp.hpp
-- Symlinking: /home/ubuntu/microros_ws/install/shape_msgs/include/shape_msgs/shape_msgs/msg/detail/mesh_triangle__rosidl_typesupport_fastrtps_cpp.hpp
-- Symlinking: /home/ubuntu/microros_ws/install/shape_msgs/include/shape_msgs/shape_msgs/msg/detail/plane__rosidl_typesupport_fastrtps_cpp.hpp
-- Symlinking: /home/ubuntu/microros_ws/install/shape_msgs/include/shape_msgs/shape_msgs/msg/detail/solid_primitive__rosidl_typesupport_fastrtps_cpp.hpp
-- Symlinking: /home/ubuntu/microros_ws/install/shape_msgs/include/shape_msgs/shape_msgs/msg/rosidl_typesupport_fastrtps_cpp__visibility_control.h
-- Symlinking: /home/ubuntu/microros_ws/install/shape_msgs/include/shape_msgs/shape_msgs/msg/detail/mesh__rosidl_typesupport_introspection_c.h
-- Symlinking: /home/ubuntu/microros_ws/install/shape_msgs/include/shape_msgs/shape_msgs/msg/detail/mesh_triangle__rosidl_typesupport_introspection_c.h
-- Symlinking: /home/ubuntu/microros_ws/install/shape_msgs/include/shape_msgs/shape_msgs/msg/detail/plane__rosidl_typesupport_introspection_c.h
-- Symlinking: /home/ubuntu/microros_ws/install/shape_msgs/include/shape_msgs/shape_msgs/msg/detail/solid_primitive__rosidl_typesupport_introspection_c.h
-- Symlinking: /home/ubuntu/microros_ws/install/shape_msgs/include/shape_msgs/shape_msgs/msg/rosidl_typesupport_introspection_c__visibility_control.h
-- Symlinking: /home/ubuntu/microros_ws/install/shape_msgs/include/shape_msgs/shape_msgs/msg/detail/mesh__rosidl_typesupport_introspection_cpp.hpp
-- Symlinking: /home/ubuntu/microros_ws/install/shape_msgs/include/shape_msgs/shape_msgs/msg/detail/mesh_triangle__rosidl_typesupport_introspection_cpp.hpp
-- Symlinking: /home/ubuntu/microros_ws/install/shape_msgs/include/shape_msgs/shape_msgs/msg/detail/plane__rosidl_typesupport_introspection_cpp.hpp
-- Symlinking: /home/ubuntu/microros_ws/install/shape_msgs/include/shape_msgs/shape_msgs/msg/detail/solid_primitive__rosidl_typesupport_introspection_cpp.hpp
-- Symlinking: /home/ubuntu/microros_ws/install/shape_msgs/share/shape_msgs/environment/pythonpath.sh
-- Symlinking: /home/ubuntu/microros_ws/install/shape_msgs/share/shape_msgs/environment/pythonpath.dsv
-- Symlinking: /home/ubuntu/microros_ws/install/shape_msgs/local/lib/python3.10/dist-packages/shape_msgs-4.2.4-py3.10.egg-info/PKG-INFO
-- Symlinking: /home/ubuntu/microros_ws/install/shape_msgs/local/lib/python3.10/dist-packages/shape_msgs-4.2.4-py3.10.egg-info/SOURCES.txt
-- Symlinking: /home/ubuntu/microros_ws/install/shape_msgs/local/lib/python3.10/dist-packages/shape_msgs-4.2.4-py3.10.egg-info/dependency_links.txt
-- Symlinking: /home/ubuntu/microros_ws/install/shape_msgs/local/lib/python3.10/dist-packages/shape_msgs-4.2.4-py3.10.egg-info/top_level.txt
-- Symlinking: /home/ubuntu/microros_ws/install/shape_msgs/local/lib/python3.10/dist-packages/shape_msgs/__init__.py
-- Symlinking: /home/ubuntu/microros_ws/install/shape_msgs/local/lib/python3.10/dist-packages/shape_msgs/_shape_msgs_s.ep.rosidl_typesupport_c.c
-- Symlinking: /home/ubuntu/microros_ws/install/shape_msgs/local/lib/python3.10/dist-packages/shape_msgs/_shape_msgs_s.ep.rosidl_typesupport_fastrtps_c.c
-- Symlinking: /home/ubuntu/microros_ws/install/shape_msgs/local/lib/python3.10/dist-packages/shape_msgs/_shape_msgs_s.ep.rosidl_typesupport_introspection_c.c
-- Symlinking: /home/ubuntu/microros_ws/install/shape_msgs/local/lib/python3.10/dist-packages/shape_msgs/_shape_msgs_s.ep.rosidl_typesupport_microxrcedds_c.c
-- Symlinking: /home/ubuntu/microros_ws/install/shape_msgs/local/lib/python3.10/dist-packages/shape_msgs/libshape_msgs__rosidl_generator_py.so
-- Symlinking: /home/ubuntu/microros_ws/install/shape_msgs/local/lib/python3.10/dist-packages/shape_msgs/msg/__init__.py
-- Symlinking: /home/ubuntu/microros_ws/install/shape_msgs/local/lib/python3.10/dist-packages/shape_msgs/msg/_mesh.py
-- Symlinking: /home/ubuntu/microros_ws/install/shape_msgs/local/lib/python3.10/dist-packages/shape_msgs/msg/_mesh_s.c
-- Symlinking: /home/ubuntu/microros_ws/install/shape_msgs/local/lib/python3.10/dist-packages/shape_msgs/msg/_mesh_triangle.py
-- Symlinking: /home/ubuntu/microros_ws/install/shape_msgs/local/lib/python3.10/dist-packages/shape_msgs/msg/_mesh_triangle_s.c
-- Symlinking: /home/ubuntu/microros_ws/install/shape_msgs/local/lib/python3.10/dist-packages/shape_msgs/msg/_plane.py
-- Symlinking: /home/ubuntu/microros_ws/install/shape_msgs/local/lib/python3.10/dist-packages/shape_msgs/msg/_plane_s.c
-- Symlinking: /home/ubuntu/microros_ws/install/shape_msgs/local/lib/python3.10/dist-packages/shape_msgs/msg/_solid_primitive.py
-- Symlinking: /home/ubuntu/microros_ws/install/shape_msgs/local/lib/python3.10/dist-packages/shape_msgs/msg/_solid_primitive_s.c
-- Symlinking: /home/ubuntu/microros_ws/install/shape_msgs/local/lib/python3.10/dist-packages/shape_msgs/shape_msgs_s__rosidl_typesupport_c.cpython-310-aarch64-linux-gnu.so
-- Symlinking: /home/ubuntu/microros_ws/install/shape_msgs/local/lib/python3.10/dist-packages/shape_msgs/shape_msgs_s__rosidl_typesupport_fastrtps_c.cpython-310-aarch64-linux-gnu.so
-- Symlinking: /home/ubuntu/microros_ws/install/shape_msgs/local/lib/python3.10/dist-packages/shape_msgs/shape_msgs_s__rosidl_typesupport_introspection_c.cpython-310-aarch64-linux-gnu.so
-- Symlinking: /home/ubuntu/microros_ws/install/shape_msgs/local/lib/python3.10/dist-packages/shape_msgs/shape_msgs_s__rosidl_typesupport_microxrcedds_c.cpython-310-aarch64-linux-gnu.so
-- Up-to-date symlink: /home/ubuntu/microros_ws/install/shape_msgs/local/lib/python3.10/dist-packages/shape_msgs/shape_msgs_s__rosidl_typesupport_fastrtps_c.cpython-310-aarch64-linux-gnu.so
-- Up-to-date symlink: /home/ubuntu/microros_ws/install/shape_msgs/local/lib/python3.10/dist-packages/shape_msgs/shape_msgs_s__rosidl_typesupport_introspection_c.cpython-310-aarch64-linux-gnu.so
-- Up-to-date symlink: /home/ubuntu/microros_ws/install/shape_msgs/local/lib/python3.10/dist-packages/shape_msgs/shape_msgs_s__rosidl_typesupport_c.cpython-310-aarch64-linux-gnu.so
-- Symlinking: /home/ubuntu/microros_ws/install/shape_msgs/share/shape_msgs/msg/Mesh.idl
-- Symlinking: /home/ubuntu/microros_ws/install/shape_msgs/share/shape_msgs/msg/MeshTriangle.idl
-- Symlinking: /home/ubuntu/microros_ws/install/shape_msgs/share/shape_msgs/msg/Plane.idl
-- Symlinking: /home/ubuntu/microros_ws/install/shape_msgs/share/shape_msgs/msg/SolidPrimitive.idl
-- Symlinking: /home/ubuntu/microros_ws/install/shape_msgs/share/shape_msgs/msg/Mesh.msg
-- Symlinking: /home/ubuntu/microros_ws/install/shape_msgs/share/shape_msgs/msg/MeshTriangle.msg
-- Symlinking: /home/ubuntu/microros_ws/install/shape_msgs/share/shape_msgs/msg/Plane.msg
-- Symlinking: /home/ubuntu/microros_ws/install/shape_msgs/share/shape_msgs/msg/SolidPrimitive.msg
-- Symlinking: /home/ubuntu/microros_ws/install/shape_msgs/share/ament_index/resource_index/package_run_dependencies/shape_msgs
-- Symlinking: /home/ubuntu/microros_ws/install/shape_msgs/share/ament_index/resource_index/parent_prefix_path/shape_msgs
-- Symlinking: /home/ubuntu/microros_ws/install/shape_msgs/share/shape_msgs/environment/ament_prefix_path.sh
-- Symlinking: /home/ubuntu/microros_ws/install/shape_msgs/share/shape_msgs/environment/ament_prefix_path.dsv
-- Symlinking: /home/ubuntu/microros_ws/install/shape_msgs/share/shape_msgs/environment/path.sh
-- Symlinking: /home/ubuntu/microros_ws/install/shape_msgs/share/shape_msgs/environment/path.dsv
-- Symlinking: /home/ubuntu/microros_ws/install/shape_msgs/share/shape_msgs/local_setup.bash
-- Symlinking: /home/ubuntu/microros_ws/install/shape_msgs/share/shape_msgs/local_setup.sh
-- Symlinking: /home/ubuntu/microros_ws/install/shape_msgs/share/shape_msgs/local_setup.zsh
-- Symlinking: /home/ubuntu/microros_ws/install/shape_msgs/share/shape_msgs/local_setup.dsv
-- Symlinking: /home/ubuntu/microros_ws/install/shape_msgs/share/shape_msgs/package.dsv
-- Symlinking: /home/ubuntu/microros_ws/install/shape_msgs/share/ament_index/resource_index/packages/shape_msgs
-- Symlinking: /home/ubuntu/microros_ws/install/shape_msgs/share/shape_msgs/cmake/rosidl_cmake-extras.cmake
-- Symlinking: /home/ubuntu/microros_ws/install/shape_msgs/share/shape_msgs/cmake/ament_cmake_export_dependencies-extras.cmake
-- Symlinking: /home/ubuntu/microros_ws/install/shape_msgs/share/shape_msgs/cmake/ament_cmake_export_include_directories-extras.cmake
-- Symlinking: /home/ubuntu/microros_ws/install/shape_msgs/share/shape_msgs/cmake/ament_cmake_export_libraries-extras.cmake
-- Symlinking: /home/ubuntu/microros_ws/install/shape_msgs/share/shape_msgs/cmake/ament_cmake_export_targets-extras.cmake
-- Symlinking: /home/ubuntu/microros_ws/install/shape_msgs/share/shape_msgs/cmake/rosidl_cmake_export_typesupport_targets-extras.cmake
-- Symlinking: /home/ubuntu/microros_ws/install/shape_msgs/share/shape_msgs/cmake/rosidl_cmake_export_typesupport_libraries-extras.cmake
-- Symlinking: /home/ubuntu/microros_ws/install/shape_msgs/share/shape_msgs/cmake/shape_msgsConfig.cmake
-- Symlinking: /home/ubuntu/microros_ws/install/shape_msgs/share/shape_msgs/cmake/shape_msgsConfig-version.cmake
-- Symlinking: /home/ubuntu/microros_ws/install/shape_msgs/share/shape_msgs/package.xml
-- Up-to-date: /home/ubuntu/microros_ws/install/shape_msgs/lib/libshape_msgs__rosidl_generator_c.so
-- Up-to-date: /home/ubuntu/microros_ws/install/shape_msgs/lib/libshape_msgs__rosidl_typesupport_fastrtps_c.so
-- Up-to-date: /home/ubuntu/microros_ws/install/shape_msgs/lib/libshape_msgs__rosidl_typesupport_fastrtps_cpp.so
-- Up-to-date: /home/ubuntu/microros_ws/install/shape_msgs/lib/libshape_msgs__rosidl_typesupport_introspection_c.so
-- Installing: /home/ubuntu/microros_ws/install/shape_msgs/lib/libshape_msgs__rosidl_typesupport_c.so
-- Set runtime path of "/home/ubuntu/microros_ws/install/shape_msgs/lib/libshape_msgs__rosidl_typesupport_c.so" to ""
-- Up-to-date: /home/ubuntu/microros_ws/install/shape_msgs/lib/libshape_msgs__rosidl_typesupport_introspection_cpp.so
-- Installing: /home/ubuntu/microros_ws/install/shape_msgs/lib/libshape_msgs__rosidl_typesupport_cpp.so
-- Set runtime path of "/home/ubuntu/microros_ws/install/shape_msgs/lib/libshape_msgs__rosidl_typesupport_cpp.so" to ""
Listing '/home/ubuntu/microros_ws/install/shape_msgs/local/lib/python3.10/dist-packages/shape_msgs'...
Compiling '/home/ubuntu/microros_ws/install/shape_msgs/local/lib/python3.10/dist-packages/shape_msgs/__init__.py'...
Listing '/home/ubuntu/microros_ws/install/shape_msgs/local/lib/python3.10/dist-packages/shape_msgs/msg'...
Compiling '/home/ubuntu/microros_ws/install/shape_msgs/local/lib/python3.10/dist-packages/shape_msgs/msg/__init__.py'...
Compiling '/home/ubuntu/microros_ws/install/shape_msgs/local/lib/python3.10/dist-packages/shape_msgs/msg/_mesh.py'...
Compiling '/home/ubuntu/microros_ws/install/shape_msgs/local/lib/python3.10/dist-packages/shape_msgs/msg/_mesh_triangle.py'...
Compiling '/home/ubuntu/microros_ws/install/shape_msgs/local/lib/python3.10/dist-packages/shape_msgs/msg/_plane.py'...
Compiling '/home/ubuntu/microros_ws/install/shape_msgs/local/lib/python3.10/dist-packages/shape_msgs/msg/_solid_primitive.py'...
-- Installing: /home/ubuntu/microros_ws/install/shape_msgs/lib/libshape_msgs__rosidl_generator_py.so
-- Set runtime path of "/home/ubuntu/microros_ws/install/shape_msgs/lib/libshape_msgs__rosidl_generator_py.so" to ""
-- Up-to-date: /home/ubuntu/microros_ws/install/shape_msgs/share/shape_msgs/cmake/export_shape_msgs__rosidl_generator_cExport.cmake
-- Up-to-date: /home/ubuntu/microros_ws/install/shape_msgs/share/shape_msgs/cmake/export_shape_msgs__rosidl_generator_cExport-noconfig.cmake
-- Up-to-date: /home/ubuntu/microros_ws/install/shape_msgs/share/shape_msgs/cmake/export_shape_msgs__rosidl_typesupport_fastrtps_cExport.cmake
-- Up-to-date: /home/ubuntu/microros_ws/install/shape_msgs/share/shape_msgs/cmake/export_shape_msgs__rosidl_typesupport_fastrtps_cExport-noconfig.cmake
-- Up-to-date: /home/ubuntu/microros_ws/install/shape_msgs/share/shape_msgs/cmake/export_shape_msgs__rosidl_generator_cppExport.cmake
-- Up-to-date: /home/ubuntu/microros_ws/install/shape_msgs/share/shape_msgs/cmake/export_shape_msgs__rosidl_typesupport_fastrtps_cppExport.cmake
-- Up-to-date: /home/ubuntu/microros_ws/install/shape_msgs/share/shape_msgs/cmake/export_shape_msgs__rosidl_typesupport_fastrtps_cppExport-noconfig.cmake
-- Up-to-date: /home/ubuntu/microros_ws/install/shape_msgs/share/shape_msgs/cmake/shape_msgs__rosidl_typesupport_introspection_cExport.cmake
-- Up-to-date: /home/ubuntu/microros_ws/install/shape_msgs/share/shape_msgs/cmake/shape_msgs__rosidl_typesupport_introspection_cExport-noconfig.cmake
-- Up-to-date: /home/ubuntu/microros_ws/install/shape_msgs/share/shape_msgs/cmake/shape_msgs__rosidl_typesupport_cExport.cmake
-- Up-to-date: /home/ubuntu/microros_ws/install/shape_msgs/share/shape_msgs/cmake/shape_msgs__rosidl_typesupport_cExport-noconfig.cmake
-- Up-to-date: /home/ubuntu/microros_ws/install/shape_msgs/share/shape_msgs/cmake/shape_msgs__rosidl_typesupport_introspection_cppExport.cmake
-- Up-to-date: /home/ubuntu/microros_ws/install/shape_msgs/share/shape_msgs/cmake/shape_msgs__rosidl_typesupport_introspection_cppExport-noconfig.cmake
-- Up-to-date: /home/ubuntu/microros_ws/install/shape_msgs/share/shape_msgs/cmake/shape_msgs__rosidl_typesupport_cppExport.cmake
-- Up-to-date: /home/ubuntu/microros_ws/install/shape_msgs/share/shape_msgs/cmake/shape_msgs__rosidl_typesupport_cppExport-noconfig.cmake
-- Up-to-date: /home/ubuntu/microros_ws/install/shape_msgs/share/shape_msgs/cmake/export_shape_msgs__rosidl_generator_pyExport.cmake
-- Up-to-date: /home/ubuntu/microros_ws/install/shape_msgs/share/shape_msgs/cmake/export_shape_msgs__rosidl_generator_pyExport-noconfig.cmake
