[0.301s] Invoking command in '/home/ubuntu/microros_ws/build/stereo_msgs': CMAKE_PREFIX_PATH=/home/ubuntu/microros_ws/install/sensor_msgs:/home/ubuntu/microros_ws/install/geometry_msgs:/home/ubuntu/microros_ws/install/std_msgs:/home/ubuntu/microros_ws/install/builtin_interfaces:/home/ubuntu/microros_ws/install/micro_ros_demos_rclc:/home/ubuntu/microros_ws/install/common_interfaces:/home/ubuntu/microros_ws/install/visualization_msgs:/home/ubuntu/microros_ws/install/test_msgs:/home/ubuntu/microros_ws/install/example_interfaces:/home/ubuntu/microros_ws/install/action_msgs:/home/ubuntu/microros_ws/install/unique_identifier_msgs:/home/ubuntu/microros_ws/install/trajectory_msgs:/home/ubuntu/microros_ws/install/stereo_msgs:/home/ubuntu/microros_ws/install/sensor_msgs_py:/opt/ros/humble:/home/ubuntu/microros_ws/install/rplidar_ros:/home/ubuntu/microros_ws/install/std_srvs:/home/ubuntu/microros_ws/install/shape_msgs:/home/ubuntu/microros_ws/install/astra_camera_msgs:/home/ubuntu/microros_ws/install/nav_msgs:/home/ubuntu/microros_ws/install/diagnostic_msgs:/home/ubuntu/microros_ws/install/actionlib_msgs:/home/ubuntu/microros_ws/install/statistics_msgs:/home/ubuntu/microros_ws/install/rosidl_typesupport_microxrcedds_test_msg:/home/ubuntu/microros_ws/install/rosidl_typesupport_microxrcedds_cpp_tests:/home/ubuntu/microros_ws/install/rmw_microxrcedds:/home/ubuntu/microros_ws/install/rosidl_typesupport_microxrcedds_cpp:/home/ubuntu/microros_ws/install/rosidl_typesupport_microxrcedds_c_tests:/home/ubuntu/microros_ws/install/rosidl_typesupport_microxrcedds_c:/home/ubuntu/microros_ws/install/rosgraph_msgs:/home/ubuntu/microros_ws/install/rclc_parameter:/home/ubuntu/microros_ws/install/rclc:/home/ubuntu/microros_ws/install/composition_interfaces:/home/ubuntu/microros_ws/install/rcl_interfaces:/home/ubuntu/microros_ws/install/microxrcedds_client:/home/ubuntu/microros_ws/install/microcdr:/home/ubuntu/microros_ws/install/micro_ros_utilities:/home/ubuntu/microros_ws/install/micro_ros_setup:/home/ubuntu/microros_ws/install/micro_ros_agent:/home/ubuntu/microros_ws/install/micro_ros_msgs:/home/ubuntu/microros_ws/install/lifecycle_msgs:/home/ubuntu/microros_ws/install/complex_msgs LD_LIBRARY_PATH=/home/ubuntu/microros_ws/install/sensor_msgs/lib:/home/ubuntu/microros_ws/install/geometry_msgs/lib:/home/ubuntu/microros_ws/install/std_msgs/lib:/home/ubuntu/microros_ws/install/builtin_interfaces/lib:/home/ubuntu/microros_ws/install/visualization_msgs/lib:/home/ubuntu/microros_ws/install/test_msgs/lib:/home/ubuntu/microros_ws/install/example_interfaces/lib:/home/ubuntu/microros_ws/install/action_msgs/lib:/home/ubuntu/microros_ws/install/unique_identifier_msgs/lib:/home/ubuntu/microros_ws/install/trajectory_msgs/lib:/home/ubuntu/microros_ws/install/stereo_msgs/lib:/home/ubuntu/microros_ws/install/std_srvs/lib:/home/ubuntu/microros_ws/install/shape_msgs/lib:/home/ubuntu/microros_ws/install/astra_camera_msgs/lib:/home/ubuntu/microros_ws/install/nav_msgs/lib:/home/ubuntu/microros_ws/install/diagnostic_msgs/lib:/home/ubuntu/microros_ws/install/actionlib_msgs/lib:/home/ubuntu/microros_ws/install/statistics_msgs/lib:/home/ubuntu/microros_ws/install/rmw_microxrcedds/lib:/home/ubuntu/microros_ws/install/rosidl_typesupport_microxrcedds_cpp/lib:/home/ubuntu/microros_ws/install/rosidl_typesupport_microxrcedds_c/lib:/home/ubuntu/microros_ws/install/rosgraph_msgs/lib:/home/ubuntu/microros_ws/install/rclc_parameter/lib:/home/ubuntu/microros_ws/install/rclc/lib:/home/ubuntu/microros_ws/install/composition_interfaces/lib:/home/ubuntu/microros_ws/install/rcl_interfaces/lib:/home/ubuntu/microros_ws/install/microxrcedds_client/lib:/home/ubuntu/microros_ws/install/microcdr/lib:/home/ubuntu/microros_ws/install/micro_ros_utilities/lib:/home/ubuntu/microros_ws/install/micro_ros_agent/lib:/home/ubuntu/microros_ws/install/micro_ros_msgs/lib:/home/ubuntu/microros_ws/install/lifecycle_msgs/lib:/home/ubuntu/microros_ws/install/complex_msgs/lib:/opt/ros/humble/opt/rviz_ogre_vendor/lib:/opt/ros/humble/lib/aarch64-linux-gnu:/opt/ros/humble/lib /usr/bin/cmake --build /home/ubuntu/microros_ws/build/stereo_msgs -- -j4 -l4
[0.462s] gmake: Warning: File 'Makefile' has modification time 18359873 s in the future
[0.803s] gmake[1]: Warning: File 'CMakeFiles/Makefile2' has modification time 18359873 s in the future
[0.840s] gmake[2]: Warning: File 'CMakeFiles/stereo_msgs__cpp.dir/progress.make' has modification time 18359873 s in the future
[0.965s] gmake[2]: warning:  Clock skew detected.  Your build may be incomplete.
[1.006s] gmake[2]: Warning: File 'CMakeFiles/stereo_msgs__cpp.dir/progress.make' has modification time 18359872 s in the future
[1.016s] gmake[2]: warning:  Clock skew detected.  Your build may be incomplete.
[1.131s] [  2%] Built target stereo_msgs__cpp
[1.159s] gmake[2]: Warning: File 'CMakeFiles/ament_cmake_python_symlink_stereo_msgs.dir/progress.make' has modification time 18359872 s in the future
[1.340s] gmake[2]: warning:  Clock skew detected.  Your build may be incomplete.
[1.366s] gmake[2]: Warning: File 'CMakeFiles/ament_cmake_python_symlink_stereo_msgs.dir/progress.make' has modification time 18359872 s in the future
[1.467s] gmake[2]: warning:  Clock skew detected.  Your build may be incomplete.
[1.591s] [  2%] Built target ament_cmake_python_symlink_stereo_msgs
[1.653s] gmake[2]: Warning: File 'CMakeFiles/stereo_msgs__rosidl_typesupport_microxrcedds_cpp.dir/flags.make' has modification time 18359871 s in the future
[1.850s] [35m[1mConsolidate compiler generated dependencies of target stereo_msgs__rosidl_typesupport_microxrcedds_cpp[0m
[1.877s] gmake[2]: warning:  Clock skew detected.  Your build may be incomplete.
[1.896s] gmake[2]: Warning: File 'CMakeFiles/stereo_msgs__rosidl_typesupport_microxrcedds_cpp.dir/flags.make' has modification time 18359871 s in the future
[1.902s] gmake[2]: warning:  Clock skew detected.  Your build may be incomplete.
[2.036s] [ 10%] Built target stereo_msgs__rosidl_typesupport_microxrcedds_cpp
[2.097s] gmake[2]: Warning: File 'CMakeFiles/stereo_msgs__rosidl_typesupport_fastrtps_cpp.dir/flags.make' has modification time 18359871 s in the future
[2.276s] [35m[1mConsolidate compiler generated dependencies of target stereo_msgs__rosidl_typesupport_fastrtps_cpp[0m
[2.301s] gmake[2]: warning:  Clock skew detected.  Your build may be incomplete.
[2.328s] gmake[2]: Warning: File 'CMakeFiles/stereo_msgs__rosidl_typesupport_fastrtps_cpp.dir/flags.make' has modification time 18359871 s in the future
[2.335s] gmake[2]: warning:  Clock skew detected.  Your build may be incomplete.
[2.441s] [ 17%] Built target stereo_msgs__rosidl_typesupport_fastrtps_cpp
[2.469s] gmake[2]: Warning: File 'CMakeFiles/stereo_msgs__rosidl_typesupport_introspection_cpp.dir/flags.make' has modification time 18359871 s in the future
[2.585s] [35m[1mConsolidate compiler generated dependencies of target stereo_msgs__rosidl_typesupport_introspection_cpp[0m
[2.618s] gmake[2]: warning:  Clock skew detected.  Your build may be incomplete.
[2.657s] gmake[2]: Warning: File 'CMakeFiles/stereo_msgs__rosidl_typesupport_introspection_cpp.dir/flags.make' has modification time 18359870 s in the future
[2.671s] gmake[2]: warning:  Clock skew detected.  Your build may be incomplete.
[2.758s] [ 25%] Built target stereo_msgs__rosidl_typesupport_introspection_cpp
[2.803s] gmake[2]: Warning: File 'CMakeFiles/ament_cmake_python_build_stereo_msgs_egg.dir/progress.make' has modification time 18359871 s in the future
[2.988s] gmake[2]: warning:  Clock skew detected.  Your build may be incomplete.
[3.010s] gmake[2]: Warning: File 'CMakeFiles/ament_cmake_python_build_stereo_msgs_egg.dir/progress.make' has modification time 18359870 s in the future
[5.712s] running egg_info
[5.715s] writing stereo_msgs.egg-info/PKG-INFO
[5.718s] writing dependency_links to stereo_msgs.egg-info/dependency_links.txt
[5.720s] writing top-level names to stereo_msgs.egg-info/top_level.txt
[5.735s] reading manifest file 'stereo_msgs.egg-info/SOURCES.txt'
[5.743s] writing manifest file 'stereo_msgs.egg-info/SOURCES.txt'
[5.988s] gmake[2]: warning:  Clock skew detected.  Your build may be incomplete.
[6.177s] [ 25%] Built target ament_cmake_python_build_stereo_msgs_egg
[6.239s] gmake[2]: Warning: File 'CMakeFiles/stereo_msgs__rosidl_typesupport_cpp.dir/flags.make' has modification time 18359867 s in the future
[6.407s] [35m[1mConsolidate compiler generated dependencies of target stereo_msgs__rosidl_typesupport_cpp[0m
[6.436s] gmake[2]: warning:  Clock skew detected.  Your build may be incomplete.
[6.497s] gmake[2]: Warning: File 'CMakeFiles/stereo_msgs__rosidl_typesupport_cpp.dir/flags.make' has modification time 18359867 s in the future
[6.509s] gmake[2]: warning:  Clock skew detected.  Your build may be incomplete.
[6.618s] [ 33%] Built target stereo_msgs__rosidl_typesupport_cpp
[6.686s] gmake[2]: Warning: File 'CMakeFiles/stereo_msgs__rosidl_generator_c.dir/flags.make' has modification time 18359866 s in the future
[6.838s] [35m[1mConsolidate compiler generated dependencies of target stereo_msgs__rosidl_generator_c[0m
[6.852s] gmake[2]: warning:  Clock skew detected.  Your build may be incomplete.
[6.894s] gmake[2]: Warning: File 'CMakeFiles/stereo_msgs__rosidl_generator_c.dir/flags.make' has modification time 18359866 s in the future
[6.901s] gmake[2]: warning:  Clock skew detected.  Your build may be incomplete.
[7.105s] [ 41%] Built target stereo_msgs__rosidl_generator_c
[7.145s] gmake[2]: Warning: File 'CMakeFiles/stereo_msgs__rosidl_typesupport_microxrcedds_c.dir/flags.make' has modification time 18359866 s in the future
[7.289s] [35m[1mConsolidate compiler generated dependencies of target stereo_msgs__rosidl_typesupport_microxrcedds_c[0m
[7.300s] gmake[2]: warning:  Clock skew detected.  Your build may be incomplete.
[7.331s] gmake[2]: Warning: File 'CMakeFiles/stereo_msgs__rosidl_typesupport_microxrcedds_c.dir/flags.make' has modification time 18359866 s in the future
[7.348s] gmake[2]: warning:  Clock skew detected.  Your build may be incomplete.
[7.506s] [ 48%] Built target stereo_msgs__rosidl_typesupport_microxrcedds_c
[7.567s] gmake[2]: Warning: File 'CMakeFiles/stereo_msgs__rosidl_typesupport_c.dir/flags.make' has modification time 18359865 s in the future
[7.712s] [35m[1mConsolidate compiler generated dependencies of target stereo_msgs__rosidl_typesupport_c[0m
[7.719s] gmake[2]: warning:  Clock skew detected.  Your build may be incomplete.
[7.760s] gmake[2]: Warning: File 'CMakeFiles/stereo_msgs__rosidl_typesupport_c.dir/flags.make' has modification time 18359865 s in the future
[7.765s] gmake[2]: warning:  Clock skew detected.  Your build may be incomplete.
[7.905s] [ 56%] Built target stereo_msgs__rosidl_typesupport_c
[7.977s] gmake[2]: Warning: File 'CMakeFiles/stereo_msgs__rosidl_typesupport_introspection_c.dir/flags.make' has modification time 18359865 s in the future
[8.165s] [35m[1mConsolidate compiler generated dependencies of target stereo_msgs__rosidl_typesupport_introspection_c[0m
[8.167s] gmake[2]: warning:  Clock skew detected.  Your build may be incomplete.
[8.203s] gmake[2]: Warning: File 'CMakeFiles/stereo_msgs__rosidl_typesupport_introspection_c.dir/flags.make' has modification time 18359865 s in the future
[8.212s] gmake[2]: warning:  Clock skew detected.  Your build may be incomplete.
[8.370s] [ 64%] Built target stereo_msgs__rosidl_typesupport_introspection_c
[8.407s] gmake[2]: Warning: File 'CMakeFiles/stereo_msgs__rosidl_typesupport_fastrtps_c.dir/flags.make' has modification time 18359865 s in the future
[8.626s] [35m[1mConsolidate compiler generated dependencies of target stereo_msgs__rosidl_typesupport_fastrtps_c[0m
[8.647s] gmake[2]: warning:  Clock skew detected.  Your build may be incomplete.
[8.697s] gmake[2]: Warning: File 'CMakeFiles/stereo_msgs__rosidl_typesupport_fastrtps_c.dir/flags.make' has modification time 18359864 s in the future
[8.706s] gmake[2]: warning:  Clock skew detected.  Your build may be incomplete.
[8.853s] [ 71%] Built target stereo_msgs__rosidl_typesupport_fastrtps_c
[8.910s] gmake[2]: Warning: File 'CMakeFiles/stereo_msgs.dir/progress.make' has modification time 18359865 s in the future
[9.029s] gmake[2]: warning:  Clock skew detected.  Your build may be incomplete.
[9.070s] gmake[2]: Warning: File 'CMakeFiles/stereo_msgs.dir/progress.make' has modification time 18359864 s in the future
[9.073s] gmake[2]: warning:  Clock skew detected.  Your build may be incomplete.
[9.255s] [ 71%] Built target stereo_msgs
[9.314s] gmake[2]: Warning: File 'stereo_msgs__py/CMakeFiles/stereo_msgs__py.dir/progress.make' has modification time 18359864 s in the future
[9.462s] gmake[2]: warning:  Clock skew detected.  Your build may be incomplete.
[9.491s] gmake[2]: Warning: File 'stereo_msgs__py/CMakeFiles/stereo_msgs__py.dir/progress.make' has modification time 18359864 s in the future
[9.494s] gmake[2]: warning:  Clock skew detected.  Your build may be incomplete.
[9.622s] [ 74%] Built target stereo_msgs__py
[9.663s] gmake[2]: Warning: File 'CMakeFiles/stereo_msgs__rosidl_generator_py.dir/flags.make' has modification time 18359864 s in the future
[9.849s] [35m[1mConsolidate compiler generated dependencies of target stereo_msgs__rosidl_generator_py[0m
[9.866s] gmake[2]: warning:  Clock skew detected.  Your build may be incomplete.
[9.913s] gmake[2]: Warning: File 'CMakeFiles/stereo_msgs__rosidl_generator_py.dir/flags.make' has modification time 18359863 s in the future
[9.919s] gmake[2]: warning:  Clock skew detected.  Your build may be incomplete.
[10.040s] [ 79%] Built target stereo_msgs__rosidl_generator_py
[10.089s] gmake[2]: Warning: File 'CMakeFiles/stereo_msgs__rosidl_typesupport_microxrcedds_c__pyext.dir/flags.make' has modification time 18359863 s in the future
[10.246s] [35m[1mConsolidate compiler generated dependencies of target stereo_msgs__rosidl_typesupport_microxrcedds_c__pyext[0m
[10.268s] gmake[2]: warning:  Clock skew detected.  Your build may be incomplete.
[10.290s] gmake[2]: Warning: File 'CMakeFiles/stereo_msgs__rosidl_typesupport_microxrcedds_c__pyext.dir/flags.make' has modification time 18359863 s in the future
[10.296s] gmake[2]: warning:  Clock skew detected.  Your build may be incomplete.
[10.399s] [ 84%] Built target stereo_msgs__rosidl_typesupport_microxrcedds_c__pyext
[10.432s] gmake[2]: Warning: File 'CMakeFiles/stereo_msgs__rosidl_typesupport_c__pyext.dir/flags.make' has modification time 18359863 s in the future
[10.547s] [35m[1mConsolidate compiler generated dependencies of target stereo_msgs__rosidl_typesupport_c__pyext[0m
[10.581s] gmake[2]: warning:  Clock skew detected.  Your build may be incomplete.
[10.626s] gmake[2]: Warning: File 'CMakeFiles/stereo_msgs__rosidl_typesupport_c__pyext.dir/flags.make' has modification time 18359863 s in the future
[10.633s] gmake[2]: warning:  Clock skew detected.  Your build may be incomplete.
[10.750s] [ 89%] Built target stereo_msgs__rosidl_typesupport_c__pyext
[10.811s] gmake[2]: Warning: File 'CMakeFiles/stereo_msgs__rosidl_typesupport_introspection_c__pyext.dir/flags.make' has modification time 18359862 s in the future
[10.948s] [35m[1mConsolidate compiler generated dependencies of target stereo_msgs__rosidl_typesupport_introspection_c__pyext[0m
[10.975s] gmake[2]: warning:  Clock skew detected.  Your build may be incomplete.
[11.004s] gmake[2]: Warning: File 'CMakeFiles/stereo_msgs__rosidl_typesupport_introspection_c__pyext.dir/flags.make' has modification time 18359862 s in the future
[11.010s] gmake[2]: warning:  Clock skew detected.  Your build may be incomplete.
[11.108s] [ 94%] Built target stereo_msgs__rosidl_typesupport_introspection_c__pyext
[11.145s] gmake[2]: Warning: File 'CMakeFiles/stereo_msgs__rosidl_typesupport_fastrtps_c__pyext.dir/flags.make' has modification time 18359862 s in the future
[11.341s] [35m[1mConsolidate compiler generated dependencies of target stereo_msgs__rosidl_typesupport_fastrtps_c__pyext[0m
[11.373s] gmake[2]: warning:  Clock skew detected.  Your build may be incomplete.
[11.417s] gmake[2]: Warning: File 'CMakeFiles/stereo_msgs__rosidl_typesupport_fastrtps_c__pyext.dir/flags.make' has modification time 18359862 s in the future
[11.419s] gmake[2]: warning:  Clock skew detected.  Your build may be incomplete.
[11.505s] [100%] Built target stereo_msgs__rosidl_typesupport_fastrtps_c__pyext
[11.509s] gmake[1]: warning:  Clock skew detected.  Your build may be incomplete.
[11.617s] gmake: warning:  Clock skew detected.  Your build may be incomplete.
[11.630s] Invoked command in '/home/ubuntu/microros_ws/build/stereo_msgs' returned '0': CMAKE_PREFIX_PATH=/home/ubuntu/microros_ws/install/sensor_msgs:/home/ubuntu/microros_ws/install/geometry_msgs:/home/ubuntu/microros_ws/install/std_msgs:/home/ubuntu/microros_ws/install/builtin_interfaces:/home/ubuntu/microros_ws/install/micro_ros_demos_rclc:/home/ubuntu/microros_ws/install/common_interfaces:/home/ubuntu/microros_ws/install/visualization_msgs:/home/ubuntu/microros_ws/install/test_msgs:/home/ubuntu/microros_ws/install/example_interfaces:/home/ubuntu/microros_ws/install/action_msgs:/home/ubuntu/microros_ws/install/unique_identifier_msgs:/home/ubuntu/microros_ws/install/trajectory_msgs:/home/ubuntu/microros_ws/install/stereo_msgs:/home/ubuntu/microros_ws/install/sensor_msgs_py:/opt/ros/humble:/home/ubuntu/microros_ws/install/rplidar_ros:/home/ubuntu/microros_ws/install/std_srvs:/home/ubuntu/microros_ws/install/shape_msgs:/home/ubuntu/microros_ws/install/astra_camera_msgs:/home/ubuntu/microros_ws/install/nav_msgs:/home/ubuntu/microros_ws/install/diagnostic_msgs:/home/ubuntu/microros_ws/install/actionlib_msgs:/home/ubuntu/microros_ws/install/statistics_msgs:/home/ubuntu/microros_ws/install/rosidl_typesupport_microxrcedds_test_msg:/home/ubuntu/microros_ws/install/rosidl_typesupport_microxrcedds_cpp_tests:/home/ubuntu/microros_ws/install/rmw_microxrcedds:/home/ubuntu/microros_ws/install/rosidl_typesupport_microxrcedds_cpp:/home/ubuntu/microros_ws/install/rosidl_typesupport_microxrcedds_c_tests:/home/ubuntu/microros_ws/install/rosidl_typesupport_microxrcedds_c:/home/ubuntu/microros_ws/install/rosgraph_msgs:/home/ubuntu/microros_ws/install/rclc_parameter:/home/ubuntu/microros_ws/install/rclc:/home/ubuntu/microros_ws/install/composition_interfaces:/home/ubuntu/microros_ws/install/rcl_interfaces:/home/ubuntu/microros_ws/install/microxrcedds_client:/home/ubuntu/microros_ws/install/microcdr:/home/ubuntu/microros_ws/install/micro_ros_utilities:/home/ubuntu/microros_ws/install/micro_ros_setup:/home/ubuntu/microros_ws/install/micro_ros_agent:/home/ubuntu/microros_ws/install/micro_ros_msgs:/home/ubuntu/microros_ws/install/lifecycle_msgs:/home/ubuntu/microros_ws/install/complex_msgs LD_LIBRARY_PATH=/home/ubuntu/microros_ws/install/sensor_msgs/lib:/home/ubuntu/microros_ws/install/geometry_msgs/lib:/home/ubuntu/microros_ws/install/std_msgs/lib:/home/ubuntu/microros_ws/install/builtin_interfaces/lib:/home/ubuntu/microros_ws/install/visualization_msgs/lib:/home/ubuntu/microros_ws/install/test_msgs/lib:/home/ubuntu/microros_ws/install/example_interfaces/lib:/home/ubuntu/microros_ws/install/action_msgs/lib:/home/ubuntu/microros_ws/install/unique_identifier_msgs/lib:/home/ubuntu/microros_ws/install/trajectory_msgs/lib:/home/ubuntu/microros_ws/install/stereo_msgs/lib:/home/ubuntu/microros_ws/install/std_srvs/lib:/home/ubuntu/microros_ws/install/shape_msgs/lib:/home/ubuntu/microros_ws/install/astra_camera_msgs/lib:/home/ubuntu/microros_ws/install/nav_msgs/lib:/home/ubuntu/microros_ws/install/diagnostic_msgs/lib:/home/ubuntu/microros_ws/install/actionlib_msgs/lib:/home/ubuntu/microros_ws/install/statistics_msgs/lib:/home/ubuntu/microros_ws/install/rmw_microxrcedds/lib:/home/ubuntu/microros_ws/install/rosidl_typesupport_microxrcedds_cpp/lib:/home/ubuntu/microros_ws/install/rosidl_typesupport_microxrcedds_c/lib:/home/ubuntu/microros_ws/install/rosgraph_msgs/lib:/home/ubuntu/microros_ws/install/rclc_parameter/lib:/home/ubuntu/microros_ws/install/rclc/lib:/home/ubuntu/microros_ws/install/composition_interfaces/lib:/home/ubuntu/microros_ws/install/rcl_interfaces/lib:/home/ubuntu/microros_ws/install/microxrcedds_client/lib:/home/ubuntu/microros_ws/install/microcdr/lib:/home/ubuntu/microros_ws/install/micro_ros_utilities/lib:/home/ubuntu/microros_ws/install/micro_ros_agent/lib:/home/ubuntu/microros_ws/install/micro_ros_msgs/lib:/home/ubuntu/microros_ws/install/lifecycle_msgs/lib:/home/ubuntu/microros_ws/install/complex_msgs/lib:/opt/ros/humble/opt/rviz_ogre_vendor/lib:/opt/ros/humble/lib/aarch64-linux-gnu:/opt/ros/humble/lib /usr/bin/cmake --build /home/ubuntu/microros_ws/build/stereo_msgs -- -j4 -l4
[14.025s] Invoking command in '/home/ubuntu/microros_ws/build/stereo_msgs': CMAKE_PREFIX_PATH=/home/ubuntu/microros_ws/install/sensor_msgs:/home/ubuntu/microros_ws/install/geometry_msgs:/home/ubuntu/microros_ws/install/std_msgs:/home/ubuntu/microros_ws/install/builtin_interfaces:/home/ubuntu/microros_ws/install/micro_ros_demos_rclc:/home/ubuntu/microros_ws/install/common_interfaces:/home/ubuntu/microros_ws/install/visualization_msgs:/home/ubuntu/microros_ws/install/test_msgs:/home/ubuntu/microros_ws/install/example_interfaces:/home/ubuntu/microros_ws/install/action_msgs:/home/ubuntu/microros_ws/install/unique_identifier_msgs:/home/ubuntu/microros_ws/install/trajectory_msgs:/home/ubuntu/microros_ws/install/stereo_msgs:/home/ubuntu/microros_ws/install/sensor_msgs_py:/opt/ros/humble:/home/ubuntu/microros_ws/install/rplidar_ros:/home/ubuntu/microros_ws/install/std_srvs:/home/ubuntu/microros_ws/install/shape_msgs:/home/ubuntu/microros_ws/install/astra_camera_msgs:/home/ubuntu/microros_ws/install/nav_msgs:/home/ubuntu/microros_ws/install/diagnostic_msgs:/home/ubuntu/microros_ws/install/actionlib_msgs:/home/ubuntu/microros_ws/install/statistics_msgs:/home/ubuntu/microros_ws/install/rosidl_typesupport_microxrcedds_test_msg:/home/ubuntu/microros_ws/install/rosidl_typesupport_microxrcedds_cpp_tests:/home/ubuntu/microros_ws/install/rmw_microxrcedds:/home/ubuntu/microros_ws/install/rosidl_typesupport_microxrcedds_cpp:/home/ubuntu/microros_ws/install/rosidl_typesupport_microxrcedds_c_tests:/home/ubuntu/microros_ws/install/rosidl_typesupport_microxrcedds_c:/home/ubuntu/microros_ws/install/rosgraph_msgs:/home/ubuntu/microros_ws/install/rclc_parameter:/home/ubuntu/microros_ws/install/rclc:/home/ubuntu/microros_ws/install/composition_interfaces:/home/ubuntu/microros_ws/install/rcl_interfaces:/home/ubuntu/microros_ws/install/microxrcedds_client:/home/ubuntu/microros_ws/install/microcdr:/home/ubuntu/microros_ws/install/micro_ros_utilities:/home/ubuntu/microros_ws/install/micro_ros_setup:/home/ubuntu/microros_ws/install/micro_ros_agent:/home/ubuntu/microros_ws/install/micro_ros_msgs:/home/ubuntu/microros_ws/install/lifecycle_msgs:/home/ubuntu/microros_ws/install/complex_msgs LD_LIBRARY_PATH=/home/ubuntu/microros_ws/install/sensor_msgs/lib:/home/ubuntu/microros_ws/install/geometry_msgs/lib:/home/ubuntu/microros_ws/install/std_msgs/lib:/home/ubuntu/microros_ws/install/builtin_interfaces/lib:/home/ubuntu/microros_ws/install/visualization_msgs/lib:/home/ubuntu/microros_ws/install/test_msgs/lib:/home/ubuntu/microros_ws/install/example_interfaces/lib:/home/ubuntu/microros_ws/install/action_msgs/lib:/home/ubuntu/microros_ws/install/unique_identifier_msgs/lib:/home/ubuntu/microros_ws/install/trajectory_msgs/lib:/home/ubuntu/microros_ws/install/stereo_msgs/lib:/home/ubuntu/microros_ws/install/std_srvs/lib:/home/ubuntu/microros_ws/install/shape_msgs/lib:/home/ubuntu/microros_ws/install/astra_camera_msgs/lib:/home/ubuntu/microros_ws/install/nav_msgs/lib:/home/ubuntu/microros_ws/install/diagnostic_msgs/lib:/home/ubuntu/microros_ws/install/actionlib_msgs/lib:/home/ubuntu/microros_ws/install/statistics_msgs/lib:/home/ubuntu/microros_ws/install/rmw_microxrcedds/lib:/home/ubuntu/microros_ws/install/rosidl_typesupport_microxrcedds_cpp/lib:/home/ubuntu/microros_ws/install/rosidl_typesupport_microxrcedds_c/lib:/home/ubuntu/microros_ws/install/rosgraph_msgs/lib:/home/ubuntu/microros_ws/install/rclc_parameter/lib:/home/ubuntu/microros_ws/install/rclc/lib:/home/ubuntu/microros_ws/install/composition_interfaces/lib:/home/ubuntu/microros_ws/install/rcl_interfaces/lib:/home/ubuntu/microros_ws/install/microxrcedds_client/lib:/home/ubuntu/microros_ws/install/microcdr/lib:/home/ubuntu/microros_ws/install/micro_ros_utilities/lib:/home/ubuntu/microros_ws/install/micro_ros_agent/lib:/home/ubuntu/microros_ws/install/micro_ros_msgs/lib:/home/ubuntu/microros_ws/install/lifecycle_msgs/lib:/home/ubuntu/microros_ws/install/complex_msgs/lib:/opt/ros/humble/opt/rviz_ogre_vendor/lib:/opt/ros/humble/lib/aarch64-linux-gnu:/opt/ros/humble/lib /usr/bin/cmake --install /home/ubuntu/microros_ws/build/stereo_msgs
[14.154s] -- Install configuration: "Release"
[14.158s] -- Execute custom install script
[14.161s] -- Up-to-date symlink: /home/ubuntu/microros_ws/install/stereo_msgs/share/ament_index/resource_index/rosidl_interfaces/stereo_msgs
[14.176s] -- Up-to-date symlink: /home/ubuntu/microros_ws/install/stereo_msgs/include/stereo_msgs/stereo_msgs/msg/detail/disparity_image__functions.h
[14.178s] -- Up-to-date symlink: /home/ubuntu/microros_ws/install/stereo_msgs/include/stereo_msgs/stereo_msgs/msg/detail/disparity_image__struct.h
[14.180s] -- Up-to-date symlink: /home/ubuntu/microros_ws/install/stereo_msgs/include/stereo_msgs/stereo_msgs/msg/detail/disparity_image__type_support.h
[14.182s] -- Up-to-date symlink: /home/ubuntu/microros_ws/install/stereo_msgs/include/stereo_msgs/stereo_msgs/msg/disparity_image.h
[14.184s] -- Up-to-date symlink: /home/ubuntu/microros_ws/install/stereo_msgs/include/stereo_msgs/stereo_msgs/msg/rosidl_generator_c__visibility_control.h
[14.187s] -- Up-to-date symlink: /home/ubuntu/microros_ws/install/stereo_msgs/share/stereo_msgs/environment/library_path.sh
[14.188s] -- Up-to-date symlink: /home/ubuntu/microros_ws/install/stereo_msgs/share/stereo_msgs/environment/library_path.dsv
[14.195s] -- Up-to-date symlink: /home/ubuntu/microros_ws/install/stereo_msgs/include/stereo_msgs/msg/detail/disparity_image__rosidl_typesupport_microxrcedds_c.h
[14.197s] -- Up-to-date symlink: /home/ubuntu/microros_ws/install/stereo_msgs/include/stereo_msgs/msg/rosidl_typesupport_microxrcedds_c__visibility_control.h
[14.201s] -- Up-to-date symlink: /home/ubuntu/microros_ws/install/stereo_msgs/lib/libstereo_msgs__rosidl_typesupport_microxrcedds_c.so
[14.215s] -- Up-to-date symlink: /home/ubuntu/microros_ws/install/stereo_msgs/include/stereo_msgs/stereo_msgs/msg/detail/disparity_image__rosidl_typesupport_fastrtps_c.h
[14.224s] -- Up-to-date symlink: /home/ubuntu/microros_ws/install/stereo_msgs/include/stereo_msgs/stereo_msgs/msg/rosidl_typesupport_fastrtps_c__visibility_control.h
[14.225s] -- Up-to-date symlink: /home/ubuntu/microros_ws/install/stereo_msgs/include/stereo_msgs/stereo_msgs/msg/detail/disparity_image__rosidl_typesupport_introspection_c.h
[14.238s] -- Up-to-date symlink: /home/ubuntu/microros_ws/install/stereo_msgs/include/stereo_msgs/stereo_msgs/msg/rosidl_typesupport_introspection_c__visibility_control.h
[14.253s] -- Up-to-date symlink: /home/ubuntu/microros_ws/install/stereo_msgs/include/stereo_msgs/stereo_msgs/msg/detail/disparity_image__builder.hpp
[14.257s] -- Up-to-date symlink: /home/ubuntu/microros_ws/install/stereo_msgs/include/stereo_msgs/stereo_msgs/msg/detail/disparity_image__struct.hpp
[14.261s] -- Up-to-date symlink: /home/ubuntu/microros_ws/install/stereo_msgs/include/stereo_msgs/stereo_msgs/msg/detail/disparity_image__traits.hpp
[14.262s] -- Up-to-date symlink: /home/ubuntu/microros_ws/install/stereo_msgs/include/stereo_msgs/stereo_msgs/msg/disparity_image.hpp
[14.270s] -- Up-to-date symlink: /home/ubuntu/microros_ws/install/stereo_msgs/include/stereo_msgs/msg/detail/disparity_image__rosidl_typesupport_microxrcedds_cpp.hpp
[14.276s] -- Up-to-date symlink: /home/ubuntu/microros_ws/install/stereo_msgs/include/stereo_msgs/msg/detail/microxrcedds/disparity_image__type_support_cpp.cpp
[14.282s] -- Up-to-date symlink: /home/ubuntu/microros_ws/install/stereo_msgs/include/stereo_msgs/msg/rosidl_typesupport_microxrcedds_cpp__visibility_control.h
[14.300s] -- Up-to-date symlink: /home/ubuntu/microros_ws/install/stereo_msgs/lib/libstereo_msgs__rosidl_typesupport_microxrcedds_cpp.so
[14.306s] -- Up-to-date symlink: /home/ubuntu/microros_ws/install/stereo_msgs/include/stereo_msgs/stereo_msgs/msg/detail/disparity_image__rosidl_typesupport_fastrtps_cpp.hpp
[14.308s] -- Up-to-date symlink: /home/ubuntu/microros_ws/install/stereo_msgs/include/stereo_msgs/stereo_msgs/msg/rosidl_typesupport_fastrtps_cpp__visibility_control.h
[14.313s] -- Up-to-date symlink: /home/ubuntu/microros_ws/install/stereo_msgs/include/stereo_msgs/stereo_msgs/msg/detail/disparity_image__rosidl_typesupport_introspection_cpp.hpp
[14.314s] -- Up-to-date symlink: /home/ubuntu/microros_ws/install/stereo_msgs/share/stereo_msgs/environment/pythonpath.sh
[14.315s] -- Up-to-date symlink: /home/ubuntu/microros_ws/install/stereo_msgs/share/stereo_msgs/environment/pythonpath.dsv
[14.317s] -- Up-to-date symlink: /home/ubuntu/microros_ws/install/stereo_msgs/local/lib/python3.10/dist-packages/stereo_msgs-4.2.4-py3.10.egg-info/PKG-INFO
[14.319s] -- Up-to-date symlink: /home/ubuntu/microros_ws/install/stereo_msgs/local/lib/python3.10/dist-packages/stereo_msgs-4.2.4-py3.10.egg-info/SOURCES.txt
[14.322s] -- Up-to-date symlink: /home/ubuntu/microros_ws/install/stereo_msgs/local/lib/python3.10/dist-packages/stereo_msgs-4.2.4-py3.10.egg-info/dependency_links.txt
[14.326s] -- Up-to-date symlink: /home/ubuntu/microros_ws/install/stereo_msgs/local/lib/python3.10/dist-packages/stereo_msgs-4.2.4-py3.10.egg-info/top_level.txt
[14.336s] -- Up-to-date symlink: /home/ubuntu/microros_ws/install/stereo_msgs/local/lib/python3.10/dist-packages/stereo_msgs/__init__.py
[14.338s] -- Up-to-date symlink: /home/ubuntu/microros_ws/install/stereo_msgs/local/lib/python3.10/dist-packages/stereo_msgs/_stereo_msgs_s.ep.rosidl_typesupport_c.c
[14.340s] -- Up-to-date symlink: /home/ubuntu/microros_ws/install/stereo_msgs/local/lib/python3.10/dist-packages/stereo_msgs/_stereo_msgs_s.ep.rosidl_typesupport_fastrtps_c.c
[14.345s] -- Up-to-date symlink: /home/ubuntu/microros_ws/install/stereo_msgs/local/lib/python3.10/dist-packages/stereo_msgs/_stereo_msgs_s.ep.rosidl_typesupport_introspection_c.c
[14.347s] -- Up-to-date symlink: /home/ubuntu/microros_ws/install/stereo_msgs/local/lib/python3.10/dist-packages/stereo_msgs/_stereo_msgs_s.ep.rosidl_typesupport_microxrcedds_c.c
[14.349s] -- Up-to-date symlink: /home/ubuntu/microros_ws/install/stereo_msgs/local/lib/python3.10/dist-packages/stereo_msgs/libstereo_msgs__rosidl_generator_py.so
[14.352s] -- Up-to-date symlink: /home/ubuntu/microros_ws/install/stereo_msgs/local/lib/python3.10/dist-packages/stereo_msgs/msg/__init__.py
[14.356s] -- Up-to-date symlink: /home/ubuntu/microros_ws/install/stereo_msgs/local/lib/python3.10/dist-packages/stereo_msgs/msg/_disparity_image.py
[14.371s] -- Up-to-date symlink: /home/ubuntu/microros_ws/install/stereo_msgs/local/lib/python3.10/dist-packages/stereo_msgs/msg/_disparity_image_s.c
[14.376s] -- Up-to-date symlink: /home/ubuntu/microros_ws/install/stereo_msgs/local/lib/python3.10/dist-packages/stereo_msgs/stereo_msgs_s__rosidl_typesupport_c.cpython-310-aarch64-linux-gnu.so
[14.384s] -- Up-to-date symlink: /home/ubuntu/microros_ws/install/stereo_msgs/local/lib/python3.10/dist-packages/stereo_msgs/stereo_msgs_s__rosidl_typesupport_fastrtps_c.cpython-310-aarch64-linux-gnu.so
[14.386s] -- Up-to-date symlink: /home/ubuntu/microros_ws/install/stereo_msgs/local/lib/python3.10/dist-packages/stereo_msgs/stereo_msgs_s__rosidl_typesupport_introspection_c.cpython-310-aarch64-linux-gnu.so
[14.386s] -- Up-to-date symlink: /home/ubuntu/microros_ws/install/stereo_msgs/local/lib/python3.10/dist-packages/stereo_msgs/stereo_msgs_s__rosidl_typesupport_microxrcedds_c.cpython-310-aarch64-linux-gnu.so
[14.387s] -- Up-to-date symlink: /home/ubuntu/microros_ws/install/stereo_msgs/local/lib/python3.10/dist-packages/stereo_msgs/stereo_msgs_s__rosidl_typesupport_microxrcedds_c.cpython-310-aarch64-linux-gnu.so
[14.388s] -- Up-to-date symlink: /home/ubuntu/microros_ws/install/stereo_msgs/local/lib/python3.10/dist-packages/stereo_msgs/stereo_msgs_s__rosidl_typesupport_fastrtps_c.cpython-310-aarch64-linux-gnu.so
[14.394s] -- Up-to-date symlink: /home/ubuntu/microros_ws/install/stereo_msgs/local/lib/python3.10/dist-packages/stereo_msgs/stereo_msgs_s__rosidl_typesupport_introspection_c.cpython-310-aarch64-linux-gnu.so
[14.397s] -- Up-to-date symlink: /home/ubuntu/microros_ws/install/stereo_msgs/local/lib/python3.10/dist-packages/stereo_msgs/stereo_msgs_s__rosidl_typesupport_c.cpython-310-aarch64-linux-gnu.so
[14.399s] -- Up-to-date symlink: /home/ubuntu/microros_ws/install/stereo_msgs/share/stereo_msgs/msg/DisparityImage.idl
[14.406s] -- Up-to-date symlink: /home/ubuntu/microros_ws/install/stereo_msgs/share/stereo_msgs/msg/DisparityImage.msg
[14.407s] -- Up-to-date symlink: /home/ubuntu/microros_ws/install/stereo_msgs/share/ament_index/resource_index/package_run_dependencies/stereo_msgs
[14.424s] -- Up-to-date symlink: /home/ubuntu/microros_ws/install/stereo_msgs/share/ament_index/resource_index/parent_prefix_path/stereo_msgs
[14.426s] -- Up-to-date symlink: /home/ubuntu/microros_ws/install/stereo_msgs/share/stereo_msgs/environment/ament_prefix_path.sh
[14.427s] -- Up-to-date symlink: /home/ubuntu/microros_ws/install/stereo_msgs/share/stereo_msgs/environment/ament_prefix_path.dsv
[14.429s] -- Up-to-date symlink: /home/ubuntu/microros_ws/install/stereo_msgs/share/stereo_msgs/environment/path.sh
[14.430s] -- Up-to-date symlink: /home/ubuntu/microros_ws/install/stereo_msgs/share/stereo_msgs/environment/path.dsv
[14.432s] -- Up-to-date symlink: /home/ubuntu/microros_ws/install/stereo_msgs/share/stereo_msgs/local_setup.bash
[14.434s] -- Up-to-date symlink: /home/ubuntu/microros_ws/install/stereo_msgs/share/stereo_msgs/local_setup.sh
[14.437s] -- Up-to-date symlink: /home/ubuntu/microros_ws/install/stereo_msgs/share/stereo_msgs/local_setup.zsh
[14.438s] -- Up-to-date symlink: /home/ubuntu/microros_ws/install/stereo_msgs/share/stereo_msgs/local_setup.dsv
[14.439s] -- Symlinking: /home/ubuntu/microros_ws/install/stereo_msgs/share/stereo_msgs/package.dsv
[14.544s] -- Up-to-date symlink: /home/ubuntu/microros_ws/install/stereo_msgs/share/ament_index/resource_index/packages/stereo_msgs
[14.547s] -- Up-to-date symlink: /home/ubuntu/microros_ws/install/stereo_msgs/share/stereo_msgs/cmake/rosidl_cmake-extras.cmake
[14.550s] -- Up-to-date symlink: /home/ubuntu/microros_ws/install/stereo_msgs/share/stereo_msgs/cmake/ament_cmake_export_dependencies-extras.cmake
[14.554s] -- Up-to-date symlink: /home/ubuntu/microros_ws/install/stereo_msgs/share/stereo_msgs/cmake/ament_cmake_export_include_directories-extras.cmake
[14.555s] -- Up-to-date symlink: /home/ubuntu/microros_ws/install/stereo_msgs/share/stereo_msgs/cmake/ament_cmake_export_libraries-extras.cmake
[14.557s] -- Up-to-date symlink: /home/ubuntu/microros_ws/install/stereo_msgs/share/stereo_msgs/cmake/ament_cmake_export_targets-extras.cmake
[14.559s] -- Up-to-date symlink: /home/ubuntu/microros_ws/install/stereo_msgs/share/stereo_msgs/cmake/rosidl_cmake_export_typesupport_targets-extras.cmake
[14.563s] -- Up-to-date symlink: /home/ubuntu/microros_ws/install/stereo_msgs/share/stereo_msgs/cmake/rosidl_cmake_export_typesupport_libraries-extras.cmake
[14.566s] -- Up-to-date symlink: /home/ubuntu/microros_ws/install/stereo_msgs/share/stereo_msgs/cmake/stereo_msgsConfig.cmake
[14.569s] -- Up-to-date symlink: /home/ubuntu/microros_ws/install/stereo_msgs/share/stereo_msgs/cmake/stereo_msgsConfig-version.cmake
[14.577s] -- Up-to-date symlink: /home/ubuntu/microros_ws/install/stereo_msgs/share/stereo_msgs/package.xml
[14.578s] -- Up-to-date: /home/ubuntu/microros_ws/install/stereo_msgs/lib/libstereo_msgs__rosidl_generator_c.so
[14.581s] -- Up-to-date: /home/ubuntu/microros_ws/install/stereo_msgs/lib/libstereo_msgs__rosidl_typesupport_fastrtps_c.so
[14.587s] -- Up-to-date: /home/ubuntu/microros_ws/install/stereo_msgs/lib/libstereo_msgs__rosidl_typesupport_introspection_c.so
[14.597s] -- Up-to-date: /home/ubuntu/microros_ws/install/stereo_msgs/lib/libstereo_msgs__rosidl_typesupport_c.so
[14.608s] -- Up-to-date: /home/ubuntu/microros_ws/install/stereo_msgs/lib/libstereo_msgs__rosidl_typesupport_fastrtps_cpp.so
[14.615s] -- Up-to-date: /home/ubuntu/microros_ws/install/stereo_msgs/lib/libstereo_msgs__rosidl_typesupport_introspection_cpp.so
[14.618s] -- Up-to-date: /home/ubuntu/microros_ws/install/stereo_msgs/lib/libstereo_msgs__rosidl_typesupport_cpp.so
[14.988s] Listing '/home/ubuntu/microros_ws/install/stereo_msgs/local/lib/python3.10/dist-packages/stereo_msgs'...
[14.990s] Listing '/home/ubuntu/microros_ws/install/stereo_msgs/local/lib/python3.10/dist-packages/stereo_msgs/msg'...
[15.035s] -- Up-to-date: /home/ubuntu/microros_ws/install/stereo_msgs/lib/libstereo_msgs__rosidl_generator_py.so
[15.043s] -- Up-to-date: /home/ubuntu/microros_ws/install/stereo_msgs/share/stereo_msgs/cmake/export_stereo_msgs__rosidl_generator_cExport.cmake
[15.044s] -- Up-to-date: /home/ubuntu/microros_ws/install/stereo_msgs/share/stereo_msgs/cmake/export_stereo_msgs__rosidl_generator_cExport-release.cmake
[15.048s] -- Up-to-date: /home/ubuntu/microros_ws/install/stereo_msgs/share/stereo_msgs/cmake/export_stereo_msgs__rosidl_typesupport_fastrtps_cExport.cmake
[15.049s] -- Up-to-date: /home/ubuntu/microros_ws/install/stereo_msgs/share/stereo_msgs/cmake/export_stereo_msgs__rosidl_typesupport_fastrtps_cExport-release.cmake
[15.052s] -- Up-to-date: /home/ubuntu/microros_ws/install/stereo_msgs/share/stereo_msgs/cmake/stereo_msgs__rosidl_typesupport_introspection_cExport.cmake
[15.053s] -- Up-to-date: /home/ubuntu/microros_ws/install/stereo_msgs/share/stereo_msgs/cmake/stereo_msgs__rosidl_typesupport_introspection_cExport-release.cmake
[15.058s] -- Up-to-date: /home/ubuntu/microros_ws/install/stereo_msgs/share/stereo_msgs/cmake/stereo_msgs__rosidl_typesupport_cExport.cmake
[15.059s] -- Up-to-date: /home/ubuntu/microros_ws/install/stereo_msgs/share/stereo_msgs/cmake/stereo_msgs__rosidl_typesupport_cExport-release.cmake
[15.062s] -- Up-to-date: /home/ubuntu/microros_ws/install/stereo_msgs/share/stereo_msgs/cmake/export_stereo_msgs__rosidl_generator_cppExport.cmake
[15.065s] -- Up-to-date: /home/ubuntu/microros_ws/install/stereo_msgs/share/stereo_msgs/cmake/export_stereo_msgs__rosidl_typesupport_fastrtps_cppExport.cmake
[15.066s] -- Up-to-date: /home/ubuntu/microros_ws/install/stereo_msgs/share/stereo_msgs/cmake/export_stereo_msgs__rosidl_typesupport_fastrtps_cppExport-release.cmake
[15.069s] -- Up-to-date: /home/ubuntu/microros_ws/install/stereo_msgs/share/stereo_msgs/cmake/stereo_msgs__rosidl_typesupport_introspection_cppExport.cmake
[15.070s] -- Up-to-date: /home/ubuntu/microros_ws/install/stereo_msgs/share/stereo_msgs/cmake/stereo_msgs__rosidl_typesupport_introspection_cppExport-release.cmake
[15.074s] -- Up-to-date: /home/ubuntu/microros_ws/install/stereo_msgs/share/stereo_msgs/cmake/stereo_msgs__rosidl_typesupport_cppExport.cmake
[15.074s] -- Up-to-date: /home/ubuntu/microros_ws/install/stereo_msgs/share/stereo_msgs/cmake/stereo_msgs__rosidl_typesupport_cppExport-release.cmake
[15.077s] -- Up-to-date: /home/ubuntu/microros_ws/install/stereo_msgs/share/stereo_msgs/cmake/export_stereo_msgs__rosidl_generator_pyExport.cmake
[15.078s] -- Up-to-date: /home/ubuntu/microros_ws/install/stereo_msgs/share/stereo_msgs/cmake/export_stereo_msgs__rosidl_generator_pyExport-release.cmake
[15.092s] Invoked command in '/home/ubuntu/microros_ws/build/stereo_msgs' returned '0': CMAKE_PREFIX_PATH=/home/ubuntu/microros_ws/install/sensor_msgs:/home/ubuntu/microros_ws/install/geometry_msgs:/home/ubuntu/microros_ws/install/std_msgs:/home/ubuntu/microros_ws/install/builtin_interfaces:/home/ubuntu/microros_ws/install/micro_ros_demos_rclc:/home/ubuntu/microros_ws/install/common_interfaces:/home/ubuntu/microros_ws/install/visualization_msgs:/home/ubuntu/microros_ws/install/test_msgs:/home/ubuntu/microros_ws/install/example_interfaces:/home/ubuntu/microros_ws/install/action_msgs:/home/ubuntu/microros_ws/install/unique_identifier_msgs:/home/ubuntu/microros_ws/install/trajectory_msgs:/home/ubuntu/microros_ws/install/stereo_msgs:/home/ubuntu/microros_ws/install/sensor_msgs_py:/opt/ros/humble:/home/ubuntu/microros_ws/install/rplidar_ros:/home/ubuntu/microros_ws/install/std_srvs:/home/ubuntu/microros_ws/install/shape_msgs:/home/ubuntu/microros_ws/install/astra_camera_msgs:/home/ubuntu/microros_ws/install/nav_msgs:/home/ubuntu/microros_ws/install/diagnostic_msgs:/home/ubuntu/microros_ws/install/actionlib_msgs:/home/ubuntu/microros_ws/install/statistics_msgs:/home/ubuntu/microros_ws/install/rosidl_typesupport_microxrcedds_test_msg:/home/ubuntu/microros_ws/install/rosidl_typesupport_microxrcedds_cpp_tests:/home/ubuntu/microros_ws/install/rmw_microxrcedds:/home/ubuntu/microros_ws/install/rosidl_typesupport_microxrcedds_cpp:/home/ubuntu/microros_ws/install/rosidl_typesupport_microxrcedds_c_tests:/home/ubuntu/microros_ws/install/rosidl_typesupport_microxrcedds_c:/home/ubuntu/microros_ws/install/rosgraph_msgs:/home/ubuntu/microros_ws/install/rclc_parameter:/home/ubuntu/microros_ws/install/rclc:/home/ubuntu/microros_ws/install/composition_interfaces:/home/ubuntu/microros_ws/install/rcl_interfaces:/home/ubuntu/microros_ws/install/microxrcedds_client:/home/ubuntu/microros_ws/install/microcdr:/home/ubuntu/microros_ws/install/micro_ros_utilities:/home/ubuntu/microros_ws/install/micro_ros_setup:/home/ubuntu/microros_ws/install/micro_ros_agent:/home/ubuntu/microros_ws/install/micro_ros_msgs:/home/ubuntu/microros_ws/install/lifecycle_msgs:/home/ubuntu/microros_ws/install/complex_msgs LD_LIBRARY_PATH=/home/ubuntu/microros_ws/install/sensor_msgs/lib:/home/ubuntu/microros_ws/install/geometry_msgs/lib:/home/ubuntu/microros_ws/install/std_msgs/lib:/home/ubuntu/microros_ws/install/builtin_interfaces/lib:/home/ubuntu/microros_ws/install/visualization_msgs/lib:/home/ubuntu/microros_ws/install/test_msgs/lib:/home/ubuntu/microros_ws/install/example_interfaces/lib:/home/ubuntu/microros_ws/install/action_msgs/lib:/home/ubuntu/microros_ws/install/unique_identifier_msgs/lib:/home/ubuntu/microros_ws/install/trajectory_msgs/lib:/home/ubuntu/microros_ws/install/stereo_msgs/lib:/home/ubuntu/microros_ws/install/std_srvs/lib:/home/ubuntu/microros_ws/install/shape_msgs/lib:/home/ubuntu/microros_ws/install/astra_camera_msgs/lib:/home/ubuntu/microros_ws/install/nav_msgs/lib:/home/ubuntu/microros_ws/install/diagnostic_msgs/lib:/home/ubuntu/microros_ws/install/actionlib_msgs/lib:/home/ubuntu/microros_ws/install/statistics_msgs/lib:/home/ubuntu/microros_ws/install/rmw_microxrcedds/lib:/home/ubuntu/microros_ws/install/rosidl_typesupport_microxrcedds_cpp/lib:/home/ubuntu/microros_ws/install/rosidl_typesupport_microxrcedds_c/lib:/home/ubuntu/microros_ws/install/rosgraph_msgs/lib:/home/ubuntu/microros_ws/install/rclc_parameter/lib:/home/ubuntu/microros_ws/install/rclc/lib:/home/ubuntu/microros_ws/install/composition_interfaces/lib:/home/ubuntu/microros_ws/install/rcl_interfaces/lib:/home/ubuntu/microros_ws/install/microxrcedds_client/lib:/home/ubuntu/microros_ws/install/microcdr/lib:/home/ubuntu/microros_ws/install/micro_ros_utilities/lib:/home/ubuntu/microros_ws/install/micro_ros_agent/lib:/home/ubuntu/microros_ws/install/micro_ros_msgs/lib:/home/ubuntu/microros_ws/install/lifecycle_msgs/lib:/home/ubuntu/microros_ws/install/complex_msgs/lib:/opt/ros/humble/opt/rviz_ogre_vendor/lib:/opt/ros/humble/lib/aarch64-linux-gnu:/opt/ros/humble/lib /usr/bin/cmake --install /home/ubuntu/microros_ws/build/stereo_msgs
