[0.043s] Invoking command in '/home/ubuntu/microros_ws/build/microxrcedds_client': CMAKE_PREFIX_PATH=/home/ubuntu/microros_ws/install/microcdr LD_LIBRARY_PATH=/home/ubuntu/microros_ws/install/microcdr/lib:${LD_LIBRARY_PATH} /usr/bin/cmake --build /home/ubuntu/microros_ws/build/microxrcedds_client -- -j4 -l4
[0.413s] [100%] Built target microxrcedds_client
[0.501s] Invoked command in '/home/ubuntu/microros_ws/build/microxrcedds_client' returned '0': CMAKE_PREFIX_PATH=/home/ubuntu/microros_ws/install/microcdr LD_LIBRARY_PATH=/home/ubuntu/microros_ws/install/microcdr/lib:${LD_LIBRARY_PATH} /usr/bin/cmake --build /home/ubuntu/microros_ws/build/microxrcedds_client -- -j4 -l4
[1.396s] Invoking command in '/home/ubuntu/microros_ws/build/microxrcedds_client': CMAKE_PREFIX_PATH=/home/ubuntu/microros_ws/install/microcdr LD_LIBRARY_PATH=/home/ubuntu/microros_ws/install/microcdr/lib:${LD_LIBRARY_PATH} /usr/bin/cmake --install /home/ubuntu/microros_ws/build/microxrcedds_client
[1.429s] -- Install configuration: "Release"
[1.430s] -- Up-to-date: /home/ubuntu/microros_ws/install/microxrcedds_client/lib/libmicroxrcedds_client.so.2.4.2
[1.430s] -- Up-to-date: /home/ubuntu/microros_ws/install/microxrcedds_client/lib/libmicroxrcedds_client.so.2.4
[1.431s] -- Up-to-date: /home/ubuntu/microros_ws/install/microxrcedds_client/lib/libmicroxrcedds_client.so
[1.433s] -- Up-to-date: /home/ubuntu/microros_ws/install/microxrcedds_client/include/uxr/client
[1.435s] -- Up-to-date: /home/ubuntu/microros_ws/install/microxrcedds_client/include/uxr/client/profile
[1.436s] -- Up-to-date: /home/ubuntu/microros_ws/install/microxrcedds_client/include/uxr/client/profile/multithread
[1.436s] -- Up-to-date: /home/ubuntu/microros_ws/install/microxrcedds_client/include/uxr/client/profile/multithread/multithread.h
[1.437s] -- Up-to-date: /home/ubuntu/microros_ws/install/microxrcedds_client/include/uxr/client/profile/discovery
[1.438s] -- Up-to-date: /home/ubuntu/microros_ws/install/microxrcedds_client/include/uxr/client/profile/discovery/discovery.h
[1.439s] -- Up-to-date: /home/ubuntu/microros_ws/install/microxrcedds_client/include/uxr/client/profile/transport
[1.440s] -- Up-to-date: /home/ubuntu/microros_ws/install/microxrcedds_client/include/uxr/client/profile/transport/custom
[1.441s] -- Up-to-date: /home/ubuntu/microros_ws/install/microxrcedds_client/include/uxr/client/profile/transport/custom/custom_transport.h
[1.442s] -- Up-to-date: /home/ubuntu/microros_ws/install/microxrcedds_client/include/uxr/client/profile/transport/ip
[1.447s] -- Up-to-date: /home/ubuntu/microros_ws/install/microxrcedds_client/include/uxr/client/profile/transport/ip/tcp
[1.448s] -- Up-to-date: /home/ubuntu/microros_ws/install/microxrcedds_client/include/uxr/client/profile/transport/ip/tcp/tcp_transport_windows.h
[1.451s] -- Up-to-date: /home/ubuntu/microros_ws/install/microxrcedds_client/include/uxr/client/profile/transport/ip/tcp/tcp_transport_freertos_plus_tcp.h
[1.452s] -- Up-to-date: /home/ubuntu/microros_ws/install/microxrcedds_client/include/uxr/client/profile/transport/ip/tcp/tcp_transport.h
[1.453s] -- Up-to-date: /home/ubuntu/microros_ws/install/microxrcedds_client/include/uxr/client/profile/transport/ip/tcp/tcp_transport_posix.h
[1.464s] -- Up-to-date: /home/ubuntu/microros_ws/install/microxrcedds_client/include/uxr/client/profile/transport/ip/tcp/tcp_transport_posix_nopoll.h
[1.464s] -- Up-to-date: /home/ubuntu/microros_ws/install/microxrcedds_client/include/uxr/client/profile/transport/ip/tcp/tcp_transport_rtems_bsd_net.h
[1.469s] -- Up-to-date: /home/ubuntu/microros_ws/install/microxrcedds_client/include/uxr/client/profile/transport/ip/udp
[1.470s] -- Up-to-date: /home/ubuntu/microros_ws/install/microxrcedds_client/include/uxr/client/profile/transport/ip/udp/udp_transport_posix_nopoll.h
[1.472s] -- Up-to-date: /home/ubuntu/microros_ws/install/microxrcedds_client/include/uxr/client/profile/transport/ip/udp/udp_transport_freertos_plus_tcp.h
[1.473s] -- Up-to-date: /home/ubuntu/microros_ws/install/microxrcedds_client/include/uxr/client/profile/transport/ip/udp/udp_transport_posix.h
[1.474s] -- Up-to-date: /home/ubuntu/microros_ws/install/microxrcedds_client/include/uxr/client/profile/transport/ip/udp/udp_transport_windows.h
[1.474s] -- Up-to-date: /home/ubuntu/microros_ws/install/microxrcedds_client/include/uxr/client/profile/transport/ip/udp/udp_transport.h
[1.475s] -- Up-to-date: /home/ubuntu/microros_ws/install/microxrcedds_client/include/uxr/client/profile/transport/ip/udp/udp_transport_rtems_bsd_net.h
[1.476s] -- Up-to-date: /home/ubuntu/microros_ws/install/microxrcedds_client/include/uxr/client/profile/transport/ip/ip.h
[1.477s] -- Up-to-date: /home/ubuntu/microros_ws/install/microxrcedds_client/include/uxr/client/profile/transport/serial
[1.478s] -- Up-to-date: /home/ubuntu/microros_ws/install/microxrcedds_client/include/uxr/client/profile/transport/serial/serial_transport_rtems_bsd_net.h
[1.478s] -- Up-to-date: /home/ubuntu/microros_ws/install/microxrcedds_client/include/uxr/client/profile/transport/serial/serial_transport_platform.h
[1.478s] -- Up-to-date: /home/ubuntu/microros_ws/install/microxrcedds_client/include/uxr/client/profile/transport/serial/serial_transport_posix.h
[1.479s] -- Up-to-date: /home/ubuntu/microros_ws/install/microxrcedds_client/include/uxr/client/profile/transport/serial/serial_transport.h
[1.479s] -- Up-to-date: /home/ubuntu/microros_ws/install/microxrcedds_client/include/uxr/client/profile/transport/can
[1.480s] -- Up-to-date: /home/ubuntu/microros_ws/install/microxrcedds_client/include/uxr/client/profile/transport/can/can_transport.h
[1.480s] -- Up-to-date: /home/ubuntu/microros_ws/install/microxrcedds_client/include/uxr/client/profile/transport/can/can_transport_posix.h
[1.480s] -- Up-to-date: /home/ubuntu/microros_ws/install/microxrcedds_client/include/uxr/client/profile/transport/stream_framing
[1.482s] -- Up-to-date: /home/ubuntu/microros_ws/install/microxrcedds_client/include/uxr/client/profile/transport/stream_framing/stream_framing_protocol.h
[1.483s] -- Up-to-date: /home/ubuntu/microros_ws/install/microxrcedds_client/include/uxr/client/util
[1.484s] -- Up-to-date: /home/ubuntu/microros_ws/install/microxrcedds_client/include/uxr/client/util/time.h
[1.485s] -- Up-to-date: /home/ubuntu/microros_ws/install/microxrcedds_client/include/uxr/client/util/ping.h
[1.485s] -- Up-to-date: /home/ubuntu/microros_ws/install/microxrcedds_client/include/uxr/client/core
[1.487s] -- Up-to-date: /home/ubuntu/microros_ws/install/microxrcedds_client/include/uxr/client/core/session
[1.490s] -- Up-to-date: /home/ubuntu/microros_ws/install/microxrcedds_client/include/uxr/client/core/session/create_entities_bin.h
[1.493s] -- Up-to-date: /home/ubuntu/microros_ws/install/microxrcedds_client/include/uxr/client/core/session/time_sync.h
[1.493s] -- Up-to-date: /home/ubuntu/microros_ws/install/microxrcedds_client/include/uxr/client/core/session/object_id.h
[1.494s] -- Up-to-date: /home/ubuntu/microros_ws/install/microxrcedds_client/include/uxr/client/core/session/session.h
[1.494s] -- Up-to-date: /home/ubuntu/microros_ws/install/microxrcedds_client/include/uxr/client/core/session/read_access.h
[1.494s] -- Up-to-date: /home/ubuntu/microros_ws/install/microxrcedds_client/include/uxr/client/core/session/stream
[1.495s] -- Up-to-date: /home/ubuntu/microros_ws/install/microxrcedds_client/include/uxr/client/core/session/stream/input_best_effort_stream.h
[1.495s] -- Up-to-date: /home/ubuntu/microros_ws/install/microxrcedds_client/include/uxr/client/core/session/stream/reliable_stream.h
[1.497s] -- Up-to-date: /home/ubuntu/microros_ws/install/microxrcedds_client/include/uxr/client/core/session/stream/input_reliable_stream.h
[1.498s] -- Up-to-date: /home/ubuntu/microros_ws/install/microxrcedds_client/include/uxr/client/core/session/stream/seq_num.h
[1.498s] -- Up-to-date: /home/ubuntu/microros_ws/install/microxrcedds_client/include/uxr/client/core/session/stream/output_best_effort_stream.h
[1.500s] -- Up-to-date: /home/ubuntu/microros_ws/install/microxrcedds_client/include/uxr/client/core/session/stream/stream_id.h
[1.502s] -- Up-to-date: /home/ubuntu/microros_ws/install/microxrcedds_client/include/uxr/client/core/session/stream/output_reliable_stream.h
[1.502s] -- Up-to-date: /home/ubuntu/microros_ws/install/microxrcedds_client/include/uxr/client/core/session/stream/stream_storage.h
[1.503s] -- Up-to-date: /home/ubuntu/microros_ws/install/microxrcedds_client/include/uxr/client/core/session/write_access.h
[1.503s] -- Up-to-date: /home/ubuntu/microros_ws/install/microxrcedds_client/include/uxr/client/core/session/common_create_entities.h
[1.504s] -- Up-to-date: /home/ubuntu/microros_ws/install/microxrcedds_client/include/uxr/client/core/session/create_entities_ref.h
[1.507s] -- Up-to-date: /home/ubuntu/microros_ws/install/microxrcedds_client/include/uxr/client/core/session/session_info.h
[1.509s] -- Up-to-date: /home/ubuntu/microros_ws/install/microxrcedds_client/include/uxr/client/core/session/create_entities_xml.h
[1.509s] -- Up-to-date: /home/ubuntu/microros_ws/install/microxrcedds_client/include/uxr/client/core/type
[1.510s] -- Up-to-date: /home/ubuntu/microros_ws/install/microxrcedds_client/include/uxr/client/core/type/xrce_types.h
[1.511s] -- Up-to-date: /home/ubuntu/microros_ws/install/microxrcedds_client/include/uxr/client/core/communication
[1.511s] -- Up-to-date: /home/ubuntu/microros_ws/install/microxrcedds_client/include/uxr/client/core/communication/communication.h
[1.513s] -- Up-to-date: /home/ubuntu/microros_ws/install/microxrcedds_client/include/uxr/client/visibility.h
[1.513s] -- Up-to-date: /home/ubuntu/microros_ws/install/microxrcedds_client/include/uxr/client/transport.h
[1.514s] -- Up-to-date: /home/ubuntu/microros_ws/install/microxrcedds_client/include/uxr/client/defines.h
[1.514s] -- Up-to-date: /home/ubuntu/microros_ws/install/microxrcedds_client/include/uxr/client/client.h
[1.516s] -- Up-to-date: /home/ubuntu/microros_ws/install/microxrcedds_client/include/uxr/client/config.h
[1.516s] -- Up-to-date: /home/ubuntu/microros_ws/install/microxrcedds_client/share/microxrcedds_client/cmake/microxrcedds_clientTargets.cmake
[1.517s] -- Up-to-date: /home/ubuntu/microros_ws/install/microxrcedds_client/share/microxrcedds_client/cmake/microxrcedds_clientTargets-release.cmake
[1.519s] -- Up-to-date: /home/ubuntu/microros_ws/install/microxrcedds_client/share/microxrcedds_client/cmake/microxrcedds_clientConfig.cmake
[1.521s] -- Up-to-date: /home/ubuntu/microros_ws/install/microxrcedds_client/share/microxrcedds_client/cmake/microxrcedds_clientConfigVersion.cmake
[1.534s] Invoked command in '/home/ubuntu/microros_ws/build/microxrcedds_client' returned '0': CMAKE_PREFIX_PATH=/home/ubuntu/microros_ws/install/microcdr LD_LIBRARY_PATH=/home/ubuntu/microros_ws/install/microcdr/lib:${LD_LIBRARY_PATH} /usr/bin/cmake --install /home/ubuntu/microros_ws/build/microxrcedds_client
