-- Found ament_cmake: 1.3.9 (/opt/ros/humble/share/ament_cmake/cmake)
-- Override CMake install command with custom implementation using symlinks instead of copying resources
-- Found builtin_interfaces: 1.2.1 (/home/ubuntu/microros_ws/install/builtin_interfaces/share/builtin_interfaces/cmake)
-- Found rosidl_generator_c: 3.1.5 (/opt/ros/humble/share/rosidl_generator_c/cmake)
-- Found rosidl_adapter: 3.1.5 (/opt/ros/humble/share/rosidl_adapter/cmake)
-- Found rosidl_generator_cpp: 3.1.5 (/opt/ros/humble/share/rosidl_generator_cpp/cmake)
-- Using all available rosidl_typesupport_c: rosidl_typesupport_microxrcedds_c;rosidl_typesupport_fastrtps_c;rosidl_typesupport_introspection_c
-- Using all available rosidl_typesupport_cpp: rosidl_typesupport_microxrcedds_cpp;rosidl_typesupport_fastrtps_cpp;rosidl_typesupport_introspection_cpp
-- Found rosidl_default_generators: 1.2.0 (/opt/ros/humble/share/rosidl_default_generators/cmake)
-- Found ament_cmake_ros: 0.10.0 (/opt/ros/humble/share/ament_cmake_ros/cmake)
-- Using all available rosidl_typesupport_c: rosidl_typesupport_microxrcedds_c;rosidl_typesupport_fastrtps_c;rosidl_typesupport_introspection_c
-- Using all available rosidl_typesupport_cpp: rosidl_typesupport_microxrcedds_cpp;rosidl_typesupport_fastrtps_cpp;rosidl_typesupport_introspection_cpp
-- Found python_cmake_module: 0.10.0 (/opt/ros/humble/share/python_cmake_module/cmake)
-- Using PYTHON_EXECUTABLE: /usr/bin/python3
-- Using PYTHON_INCLUDE_DIRS: /usr/include/python3.10
-- Using PYTHON_LIBRARIES: /usr/lib/aarch64-linux-gnu/libpython3.10.so
-- Configuring done
-- Generating done
-- Build files have been written to: /home/ubuntu/microros_ws/build/statistics_msgs
[35m[1mConsolidate compiler generated dependencies of target statistics_msgs__rosidl_generator_c[0m
[  1%] [32mBuilding C object CMakeFiles/statistics_msgs__rosidl_generator_c.dir/rosidl_generator_c/statistics_msgs/msg/detail/metrics_message__functions.c.o[0m
[  3%] [32mBuilding C object CMakeFiles/statistics_msgs__rosidl_generator_c.dir/rosidl_generator_c/statistics_msgs/msg/detail/statistic_data_point__functions.c.o[0m
[  5%] [32mBuilding C object CMakeFiles/statistics_msgs__rosidl_generator_c.dir/rosidl_generator_c/statistics_msgs/msg/detail/statistic_data_type__functions.c.o[0m
[  6%] [32m[1mLinking C shared library libstatistics_msgs__rosidl_generator_c.so[0m
[  8%] Built target statistics_msgs__rosidl_generator_c
[  8%] Built target ament_cmake_python_symlink_statistics_msgs
[35m[1mConsolidate compiler generated dependencies of target statistics_msgs__rosidl_typesupport_introspection_c[0m
[ 10%] [32mBuilding C object CMakeFiles/statistics_msgs__rosidl_typesupport_introspection_c.dir/rosidl_typesupport_introspection_c/statistics_msgs/msg/detail/metrics_message__type_support.c.o[0m
[ 11%] [32mBuilding C object CMakeFiles/statistics_msgs__rosidl_typesupport_introspection_c.dir/rosidl_typesupport_introspection_c/statistics_msgs/msg/detail/statistic_data_point__type_support.c.o[0m
[ 13%] [32mBuilding C object CMakeFiles/statistics_msgs__rosidl_typesupport_introspection_c.dir/rosidl_typesupport_introspection_c/statistics_msgs/msg/detail/statistic_data_type__type_support.c.o[0m
[ 15%] [32m[1mLinking C shared library libstatistics_msgs__rosidl_typesupport_introspection_c.so[0m
[ 16%] Built target statistics_msgs__rosidl_typesupport_introspection_c
[ 18%] [34m[1mGenerating C type support dispatch for ROS interfaces[0m
[35m[1mConsolidate compiler generated dependencies of target statistics_msgs__rosidl_typesupport_c[0m
[ 20%] [32mBuilding CXX object CMakeFiles/statistics_msgs__rosidl_typesupport_c.dir/rosidl_typesupport_c/statistics_msgs/msg/metrics_message__type_support.cpp.o[0m
[ 22%] [32mBuilding CXX object CMakeFiles/statistics_msgs__rosidl_typesupport_c.dir/rosidl_typesupport_c/statistics_msgs/msg/statistic_data_point__type_support.cpp.o[0m
[ 23%] [32mBuilding CXX object CMakeFiles/statistics_msgs__rosidl_typesupport_c.dir/rosidl_typesupport_c/statistics_msgs/msg/statistic_data_type__type_support.cpp.o[0m
[ 25%] [32m[1mLinking CXX shared library libstatistics_msgs__rosidl_typesupport_c.so[0m
[ 25%] Built target statistics_msgs__rosidl_typesupport_c
[35m[1mConsolidate compiler generated dependencies of target statistics_msgs__rosidl_typesupport_fastrtps_c[0m
[ 27%] [32mBuilding CXX object CMakeFiles/statistics_msgs__rosidl_typesupport_fastrtps_c.dir/rosidl_typesupport_fastrtps_c/statistics_msgs/msg/detail/metrics_message__type_support_c.cpp.o[0m
[ 28%] [32mBuilding CXX object CMakeFiles/statistics_msgs__rosidl_typesupport_fastrtps_c.dir/rosidl_typesupport_fastrtps_c/statistics_msgs/msg/detail/statistic_data_point__type_support_c.cpp.o[0m
[ 30%] [32mBuilding CXX object CMakeFiles/statistics_msgs__rosidl_typesupport_fastrtps_c.dir/rosidl_typesupport_fastrtps_c/statistics_msgs/msg/detail/statistic_data_type__type_support_c.cpp.o[0m
[ 32%] [32m[1mLinking CXX shared library libstatistics_msgs__rosidl_typesupport_fastrtps_c.so[0m
[ 33%] Built target statistics_msgs__rosidl_typesupport_fastrtps_c
running egg_info
writing statistics_msgs.egg-info/PKG-INFO
writing dependency_links to statistics_msgs.egg-info/dependency_links.txt
writing top-level names to statistics_msgs.egg-info/top_level.txt
reading manifest file 'statistics_msgs.egg-info/SOURCES.txt'
writing manifest file 'statistics_msgs.egg-info/SOURCES.txt'
[ 33%] Built target ament_cmake_python_build_statistics_msgs_egg
[35m[1mConsolidate compiler generated dependencies of target statistics_msgs__rosidl_typesupport_microxrcedds_c[0m
[ 35%] [32mBuilding C object CMakeFiles/statistics_msgs__rosidl_typesupport_microxrcedds_c.dir/rosidl_typesupport_microxrcedds_c/statistics_msgs/msg/detail/microxrcedds/metrics_message__type_support_c.c.o[0m
[ 37%] [32mBuilding C object CMakeFiles/statistics_msgs__rosidl_typesupport_microxrcedds_c.dir/rosidl_typesupport_microxrcedds_c/statistics_msgs/msg/detail/microxrcedds/statistic_data_type__type_support_c.c.o[0m
[ 38%] [32mBuilding C object CMakeFiles/statistics_msgs__rosidl_typesupport_microxrcedds_c.dir/rosidl_typesupport_microxrcedds_c/statistics_msgs/msg/detail/microxrcedds/statistic_data_point__type_support_c.c.o[0m
[ 40%] [32m[1mLinking C shared library libstatistics_msgs__rosidl_typesupport_microxrcedds_c.so[0m
[ 42%] Built target statistics_msgs__rosidl_typesupport_microxrcedds_c
[ 44%] Built target statistics_msgs__cpp
[35m[1mConsolidate compiler generated dependencies of target statistics_msgs__rosidl_typesupport_microxrcedds_cpp[0m
[ 45%] [32mBuilding CXX object CMakeFiles/statistics_msgs__rosidl_typesupport_microxrcedds_cpp.dir/rosidl_typesupport_microxrcedds_cpp/statistics_msgs/msg/detail/microxrcedds/metrics_message__type_support_cpp.cpp.o[0m
[ 47%] [32mBuilding CXX object CMakeFiles/statistics_msgs__rosidl_typesupport_microxrcedds_cpp.dir/rosidl_typesupport_microxrcedds_cpp/statistics_msgs/msg/detail/microxrcedds/statistic_data_point__type_support_cpp.cpp.o[0m
[ 49%] [32mBuilding CXX object CMakeFiles/statistics_msgs__rosidl_typesupport_microxrcedds_cpp.dir/rosidl_typesupport_microxrcedds_cpp/statistics_msgs/msg/detail/microxrcedds/statistic_data_type__type_support_cpp.cpp.o[0m
[ 50%] [32m[1mLinking CXX shared library libstatistics_msgs__rosidl_typesupport_microxrcedds_cpp.so[0m
[ 52%] Built target statistics_msgs__rosidl_typesupport_microxrcedds_cpp
[35m[1mConsolidate compiler generated dependencies of target statistics_msgs__rosidl_typesupport_fastrtps_cpp[0m
[ 54%] [32mBuilding CXX object CMakeFiles/statistics_msgs__rosidl_typesupport_fastrtps_cpp.dir/rosidl_typesupport_fastrtps_cpp/statistics_msgs/msg/detail/dds_fastrtps/metrics_message__type_support.cpp.o[0m
[ 55%] [32mBuilding CXX object CMakeFiles/statistics_msgs__rosidl_typesupport_fastrtps_cpp.dir/rosidl_typesupport_fastrtps_cpp/statistics_msgs/msg/detail/dds_fastrtps/statistic_data_point__type_support.cpp.o[0m
[ 57%] [32mBuilding CXX object CMakeFiles/statistics_msgs__rosidl_typesupport_fastrtps_cpp.dir/rosidl_typesupport_fastrtps_cpp/statistics_msgs/msg/detail/dds_fastrtps/statistic_data_type__type_support.cpp.o[0m
[ 59%] [32m[1mLinking CXX shared library libstatistics_msgs__rosidl_typesupport_fastrtps_cpp.so[0m
[ 61%] Built target statistics_msgs__rosidl_typesupport_fastrtps_cpp
[ 62%] [34m[1mGenerating C++ type support dispatch for ROS interfaces[0m
[35m[1mConsolidate compiler generated dependencies of target statistics_msgs__rosidl_typesupport_cpp[0m
[ 64%] [32mBuilding CXX object CMakeFiles/statistics_msgs__rosidl_typesupport_cpp.dir/rosidl_typesupport_cpp/statistics_msgs/msg/metrics_message__type_support.cpp.o[0m
[ 66%] [32mBuilding CXX object CMakeFiles/statistics_msgs__rosidl_typesupport_cpp.dir/rosidl_typesupport_cpp/statistics_msgs/msg/statistic_data_type__type_support.cpp.o[0m
[ 67%] [32mBuilding CXX object CMakeFiles/statistics_msgs__rosidl_typesupport_cpp.dir/rosidl_typesupport_cpp/statistics_msgs/msg/statistic_data_point__type_support.cpp.o[0m
[ 69%] [32m[1mLinking CXX shared library libstatistics_msgs__rosidl_typesupport_cpp.so[0m
[ 69%] Built target statistics_msgs__rosidl_typesupport_cpp
[35m[1mConsolidate compiler generated dependencies of target statistics_msgs__rosidl_typesupport_introspection_cpp[0m
[ 71%] [32mBuilding CXX object CMakeFiles/statistics_msgs__rosidl_typesupport_introspection_cpp.dir/rosidl_typesupport_introspection_cpp/statistics_msgs/msg/detail/metrics_message__type_support.cpp.o[0m
[ 72%] [32mBuilding CXX object CMakeFiles/statistics_msgs__rosidl_typesupport_introspection_cpp.dir/rosidl_typesupport_introspection_cpp/statistics_msgs/msg/detail/statistic_data_type__type_support.cpp.o[0m
[ 74%] [32mBuilding CXX object CMakeFiles/statistics_msgs__rosidl_typesupport_introspection_cpp.dir/rosidl_typesupport_introspection_cpp/statistics_msgs/msg/detail/statistic_data_point__type_support.cpp.o[0m
[ 76%] [32m[1mLinking CXX shared library libstatistics_msgs__rosidl_typesupport_introspection_cpp.so[0m
[ 77%] Built target statistics_msgs__rosidl_typesupport_introspection_cpp
[ 77%] Built target statistics_msgs
[ 79%] Built target statistics_msgs__py
[35m[1mConsolidate compiler generated dependencies of target statistics_msgs__rosidl_generator_py[0m
[ 81%] [32mBuilding C object CMakeFiles/statistics_msgs__rosidl_generator_py.dir/rosidl_generator_py/statistics_msgs/msg/_metrics_message_s.c.o[0m
[ 83%] [32mBuilding C object CMakeFiles/statistics_msgs__rosidl_generator_py.dir/rosidl_generator_py/statistics_msgs/msg/_statistic_data_type_s.c.o[0m
[ 84%] [32mBuilding C object CMakeFiles/statistics_msgs__rosidl_generator_py.dir/rosidl_generator_py/statistics_msgs/msg/_statistic_data_point_s.c.o[0m
[ 86%] [32m[1mLinking C shared library rosidl_generator_py/statistics_msgs/libstatistics_msgs__rosidl_generator_py.so[0m
[ 86%] Built target statistics_msgs__rosidl_generator_py
[35m[1mConsolidate compiler generated dependencies of target statistics_msgs__rosidl_typesupport_microxrcedds_c__pyext[0m
[ 88%] [32mBuilding C object CMakeFiles/statistics_msgs__rosidl_typesupport_microxrcedds_c__pyext.dir/rosidl_generator_py/statistics_msgs/_statistics_msgs_s.ep.rosidl_typesupport_microxrcedds_c.c.o[0m
[ 89%] [32m[1mLinking C shared library rosidl_generator_py/statistics_msgs/statistics_msgs_s__rosidl_typesupport_microxrcedds_c.cpython-310-aarch64-linux-gnu.so[0m
[ 89%] Built target statistics_msgs__rosidl_typesupport_microxrcedds_c__pyext
[35m[1mConsolidate compiler generated dependencies of target statistics_msgs__rosidl_typesupport_c__pyext[0m
[ 91%] [32mBuilding C object CMakeFiles/statistics_msgs__rosidl_typesupport_c__pyext.dir/rosidl_generator_py/statistics_msgs/_statistics_msgs_s.ep.rosidl_typesupport_c.c.o[0m
[ 93%] [32m[1mLinking C shared library rosidl_generator_py/statistics_msgs/statistics_msgs_s__rosidl_typesupport_c.cpython-310-aarch64-linux-gnu.so[0m
[ 93%] Built target statistics_msgs__rosidl_typesupport_c__pyext
[35m[1mConsolidate compiler generated dependencies of target statistics_msgs__rosidl_typesupport_introspection_c__pyext[0m
[ 94%] [32mBuilding C object CMakeFiles/statistics_msgs__rosidl_typesupport_introspection_c__pyext.dir/rosidl_generator_py/statistics_msgs/_statistics_msgs_s.ep.rosidl_typesupport_introspection_c.c.o[0m
[ 96%] [32m[1mLinking C shared library rosidl_generator_py/statistics_msgs/statistics_msgs_s__rosidl_typesupport_introspection_c.cpython-310-aarch64-linux-gnu.so[0m
[ 96%] Built target statistics_msgs__rosidl_typesupport_introspection_c__pyext
[35m[1mConsolidate compiler generated dependencies of target statistics_msgs__rosidl_typesupport_fastrtps_c__pyext[0m
[ 98%] [32mBuilding C object CMakeFiles/statistics_msgs__rosidl_typesupport_fastrtps_c__pyext.dir/rosidl_generator_py/statistics_msgs/_statistics_msgs_s.ep.rosidl_typesupport_fastrtps_c.c.o[0m
[100%] [32m[1mLinking C shared library rosidl_generator_py/statistics_msgs/statistics_msgs_s__rosidl_typesupport_fastrtps_c.cpython-310-aarch64-linux-gnu.so[0m
[100%] Built target statistics_msgs__rosidl_typesupport_fastrtps_c__pyext
-- Install configuration: "Release"
-- Execute custom install script
-- Up-to-date symlink: /home/ubuntu/microros_ws/install/statistics_msgs/share/ament_index/resource_index/rosidl_interfaces/statistics_msgs
-- Up-to-date symlink: /home/ubuntu/microros_ws/install/statistics_msgs/include/statistics_msgs/statistics_msgs/msg/detail/metrics_message__functions.h
-- Up-to-date symlink: /home/ubuntu/microros_ws/install/statistics_msgs/include/statistics_msgs/statistics_msgs/msg/detail/metrics_message__struct.h
-- Up-to-date symlink: /home/ubuntu/microros_ws/install/statistics_msgs/include/statistics_msgs/statistics_msgs/msg/detail/metrics_message__type_support.h
-- Up-to-date symlink: /home/ubuntu/microros_ws/install/statistics_msgs/include/statistics_msgs/statistics_msgs/msg/detail/statistic_data_point__functions.h
-- Up-to-date symlink: /home/ubuntu/microros_ws/install/statistics_msgs/include/statistics_msgs/statistics_msgs/msg/detail/statistic_data_point__struct.h
-- Up-to-date symlink: /home/ubuntu/microros_ws/install/statistics_msgs/include/statistics_msgs/statistics_msgs/msg/detail/statistic_data_point__type_support.h
-- Up-to-date symlink: /home/ubuntu/microros_ws/install/statistics_msgs/include/statistics_msgs/statistics_msgs/msg/detail/statistic_data_type__functions.h
-- Up-to-date symlink: /home/ubuntu/microros_ws/install/statistics_msgs/include/statistics_msgs/statistics_msgs/msg/detail/statistic_data_type__struct.h
-- Up-to-date symlink: /home/ubuntu/microros_ws/install/statistics_msgs/include/statistics_msgs/statistics_msgs/msg/detail/statistic_data_type__type_support.h
-- Up-to-date symlink: /home/ubuntu/microros_ws/install/statistics_msgs/include/statistics_msgs/statistics_msgs/msg/metrics_message.h
-- Up-to-date symlink: /home/ubuntu/microros_ws/install/statistics_msgs/include/statistics_msgs/statistics_msgs/msg/rosidl_generator_c__visibility_control.h
-- Up-to-date symlink: /home/ubuntu/microros_ws/install/statistics_msgs/include/statistics_msgs/statistics_msgs/msg/statistic_data_point.h
-- Up-to-date symlink: /home/ubuntu/microros_ws/install/statistics_msgs/include/statistics_msgs/statistics_msgs/msg/statistic_data_type.h
-- Up-to-date symlink: /home/ubuntu/microros_ws/install/statistics_msgs/share/statistics_msgs/environment/library_path.sh
-- Up-to-date symlink: /home/ubuntu/microros_ws/install/statistics_msgs/share/statistics_msgs/environment/library_path.dsv
-- Up-to-date symlink: /home/ubuntu/microros_ws/install/statistics_msgs/include/statistics_msgs/statistics_msgs/msg/detail/metrics_message__rosidl_typesupport_fastrtps_c.h
-- Up-to-date symlink: /home/ubuntu/microros_ws/install/statistics_msgs/include/statistics_msgs/statistics_msgs/msg/detail/statistic_data_point__rosidl_typesupport_fastrtps_c.h
-- Up-to-date symlink: /home/ubuntu/microros_ws/install/statistics_msgs/include/statistics_msgs/statistics_msgs/msg/detail/statistic_data_type__rosidl_typesupport_fastrtps_c.h
-- Up-to-date symlink: /home/ubuntu/microros_ws/install/statistics_msgs/include/statistics_msgs/statistics_msgs/msg/rosidl_typesupport_fastrtps_c__visibility_control.h
-- Up-to-date symlink: /home/ubuntu/microros_ws/install/statistics_msgs/include/statistics_msgs/statistics_msgs/msg/detail/metrics_message__builder.hpp
-- Up-to-date symlink: /home/ubuntu/microros_ws/install/statistics_msgs/include/statistics_msgs/statistics_msgs/msg/detail/metrics_message__struct.hpp
-- Up-to-date symlink: /home/ubuntu/microros_ws/install/statistics_msgs/include/statistics_msgs/statistics_msgs/msg/detail/metrics_message__traits.hpp
-- Up-to-date symlink: /home/ubuntu/microros_ws/install/statistics_msgs/include/statistics_msgs/statistics_msgs/msg/detail/statistic_data_point__builder.hpp
-- Up-to-date symlink: /home/ubuntu/microros_ws/install/statistics_msgs/include/statistics_msgs/statistics_msgs/msg/detail/statistic_data_point__struct.hpp
-- Up-to-date symlink: /home/ubuntu/microros_ws/install/statistics_msgs/include/statistics_msgs/statistics_msgs/msg/detail/statistic_data_point__traits.hpp
-- Up-to-date symlink: /home/ubuntu/microros_ws/install/statistics_msgs/include/statistics_msgs/statistics_msgs/msg/detail/statistic_data_type__builder.hpp
-- Up-to-date symlink: /home/ubuntu/microros_ws/install/statistics_msgs/include/statistics_msgs/statistics_msgs/msg/detail/statistic_data_type__struct.hpp
-- Up-to-date symlink: /home/ubuntu/microros_ws/install/statistics_msgs/include/statistics_msgs/statistics_msgs/msg/detail/statistic_data_type__traits.hpp
-- Up-to-date symlink: /home/ubuntu/microros_ws/install/statistics_msgs/include/statistics_msgs/statistics_msgs/msg/metrics_message.hpp
-- Up-to-date symlink: /home/ubuntu/microros_ws/install/statistics_msgs/include/statistics_msgs/statistics_msgs/msg/statistic_data_point.hpp
-- Up-to-date symlink: /home/ubuntu/microros_ws/install/statistics_msgs/include/statistics_msgs/statistics_msgs/msg/statistic_data_type.hpp
-- Up-to-date symlink: /home/ubuntu/microros_ws/install/statistics_msgs/include/statistics_msgs/statistics_msgs/msg/detail/metrics_message__rosidl_typesupport_fastrtps_cpp.hpp
-- Up-to-date symlink: /home/ubuntu/microros_ws/install/statistics_msgs/include/statistics_msgs/statistics_msgs/msg/detail/statistic_data_point__rosidl_typesupport_fastrtps_cpp.hpp
-- Up-to-date symlink: /home/ubuntu/microros_ws/install/statistics_msgs/include/statistics_msgs/statistics_msgs/msg/detail/statistic_data_type__rosidl_typesupport_fastrtps_cpp.hpp
-- Up-to-date symlink: /home/ubuntu/microros_ws/install/statistics_msgs/include/statistics_msgs/statistics_msgs/msg/rosidl_typesupport_fastrtps_cpp__visibility_control.h
-- Symlinking: /home/ubuntu/microros_ws/install/statistics_msgs/include/statistics_msgs/msg/detail/metrics_message__rosidl_typesupport_microxrcedds_c.h
-- Symlinking: /home/ubuntu/microros_ws/install/statistics_msgs/include/statistics_msgs/msg/detail/statistic_data_point__rosidl_typesupport_microxrcedds_c.h
-- Symlinking: /home/ubuntu/microros_ws/install/statistics_msgs/include/statistics_msgs/msg/detail/statistic_data_type__rosidl_typesupport_microxrcedds_c.h
-- Symlinking: /home/ubuntu/microros_ws/install/statistics_msgs/include/statistics_msgs/msg/rosidl_typesupport_microxrcedds_c__visibility_control.h
-- Symlinking: /home/ubuntu/microros_ws/install/statistics_msgs/lib/libstatistics_msgs__rosidl_typesupport_microxrcedds_c.so
-- Up-to-date symlink: /home/ubuntu/microros_ws/install/statistics_msgs/include/statistics_msgs/statistics_msgs/msg/detail/metrics_message__rosidl_typesupport_introspection_c.h
-- Up-to-date symlink: /home/ubuntu/microros_ws/install/statistics_msgs/include/statistics_msgs/statistics_msgs/msg/detail/statistic_data_point__rosidl_typesupport_introspection_c.h
-- Up-to-date symlink: /home/ubuntu/microros_ws/install/statistics_msgs/include/statistics_msgs/statistics_msgs/msg/detail/statistic_data_type__rosidl_typesupport_introspection_c.h
-- Up-to-date symlink: /home/ubuntu/microros_ws/install/statistics_msgs/include/statistics_msgs/statistics_msgs/msg/rosidl_typesupport_introspection_c__visibility_control.h
-- Symlinking: /home/ubuntu/microros_ws/install/statistics_msgs/include/statistics_msgs/msg/detail/metrics_message__rosidl_typesupport_microxrcedds_cpp.hpp
-- Symlinking: /home/ubuntu/microros_ws/install/statistics_msgs/include/statistics_msgs/msg/detail/microxrcedds/metrics_message__type_support_cpp.cpp
-- Symlinking: /home/ubuntu/microros_ws/install/statistics_msgs/include/statistics_msgs/msg/detail/microxrcedds/statistic_data_point__type_support_cpp.cpp
-- Symlinking: /home/ubuntu/microros_ws/install/statistics_msgs/include/statistics_msgs/msg/detail/microxrcedds/statistic_data_type__type_support_cpp.cpp
-- Symlinking: /home/ubuntu/microros_ws/install/statistics_msgs/include/statistics_msgs/msg/detail/statistic_data_point__rosidl_typesupport_microxrcedds_cpp.hpp
-- Symlinking: /home/ubuntu/microros_ws/install/statistics_msgs/include/statistics_msgs/msg/detail/statistic_data_type__rosidl_typesupport_microxrcedds_cpp.hpp
-- Symlinking: /home/ubuntu/microros_ws/install/statistics_msgs/include/statistics_msgs/msg/rosidl_typesupport_microxrcedds_cpp__visibility_control.h
-- Symlinking: /home/ubuntu/microros_ws/install/statistics_msgs/lib/libstatistics_msgs__rosidl_typesupport_microxrcedds_cpp.so
-- Up-to-date symlink: /home/ubuntu/microros_ws/install/statistics_msgs/include/statistics_msgs/statistics_msgs/msg/detail/metrics_message__rosidl_typesupport_introspection_cpp.hpp
-- Up-to-date symlink: /home/ubuntu/microros_ws/install/statistics_msgs/include/statistics_msgs/statistics_msgs/msg/detail/statistic_data_point__rosidl_typesupport_introspection_cpp.hpp
-- Up-to-date symlink: /home/ubuntu/microros_ws/install/statistics_msgs/include/statistics_msgs/statistics_msgs/msg/detail/statistic_data_type__rosidl_typesupport_introspection_cpp.hpp
-- Up-to-date symlink: /home/ubuntu/microros_ws/install/statistics_msgs/share/statistics_msgs/environment/pythonpath.sh
-- Up-to-date symlink: /home/ubuntu/microros_ws/install/statistics_msgs/share/statistics_msgs/environment/pythonpath.dsv
-- Up-to-date symlink: /home/ubuntu/microros_ws/install/statistics_msgs/local/lib/python3.10/dist-packages/statistics_msgs-1.2.1-py3.10.egg-info/PKG-INFO
-- Up-to-date symlink: /home/ubuntu/microros_ws/install/statistics_msgs/local/lib/python3.10/dist-packages/statistics_msgs-1.2.1-py3.10.egg-info/SOURCES.txt
-- Up-to-date symlink: /home/ubuntu/microros_ws/install/statistics_msgs/local/lib/python3.10/dist-packages/statistics_msgs-1.2.1-py3.10.egg-info/dependency_links.txt
-- Up-to-date symlink: /home/ubuntu/microros_ws/install/statistics_msgs/local/lib/python3.10/dist-packages/statistics_msgs-1.2.1-py3.10.egg-info/top_level.txt
-- Up-to-date symlink: /home/ubuntu/microros_ws/install/statistics_msgs/local/lib/python3.10/dist-packages/statistics_msgs/__init__.py
-- Up-to-date symlink: /home/ubuntu/microros_ws/install/statistics_msgs/local/lib/python3.10/dist-packages/statistics_msgs/_statistics_msgs_s.ep.rosidl_typesupport_c.c
-- Up-to-date symlink: /home/ubuntu/microros_ws/install/statistics_msgs/local/lib/python3.10/dist-packages/statistics_msgs/_statistics_msgs_s.ep.rosidl_typesupport_fastrtps_c.c
-- Up-to-date symlink: /home/ubuntu/microros_ws/install/statistics_msgs/local/lib/python3.10/dist-packages/statistics_msgs/_statistics_msgs_s.ep.rosidl_typesupport_introspection_c.c
-- Up-to-date symlink: /home/ubuntu/microros_ws/install/statistics_msgs/local/lib/python3.10/dist-packages/statistics_msgs/_statistics_msgs_s.ep.rosidl_typesupport_microxrcedds_c.c
-- Up-to-date symlink: /home/ubuntu/microros_ws/install/statistics_msgs/local/lib/python3.10/dist-packages/statistics_msgs/libstatistics_msgs__rosidl_generator_py.so
-- Up-to-date symlink: /home/ubuntu/microros_ws/install/statistics_msgs/local/lib/python3.10/dist-packages/statistics_msgs/msg/__init__.py
-- Up-to-date symlink: /home/ubuntu/microros_ws/install/statistics_msgs/local/lib/python3.10/dist-packages/statistics_msgs/msg/_metrics_message.py
-- Up-to-date symlink: /home/ubuntu/microros_ws/install/statistics_msgs/local/lib/python3.10/dist-packages/statistics_msgs/msg/_metrics_message_s.c
-- Up-to-date symlink: /home/ubuntu/microros_ws/install/statistics_msgs/local/lib/python3.10/dist-packages/statistics_msgs/msg/_statistic_data_point.py
-- Up-to-date symlink: /home/ubuntu/microros_ws/install/statistics_msgs/local/lib/python3.10/dist-packages/statistics_msgs/msg/_statistic_data_point_s.c
-- Up-to-date symlink: /home/ubuntu/microros_ws/install/statistics_msgs/local/lib/python3.10/dist-packages/statistics_msgs/msg/_statistic_data_type.py
-- Up-to-date symlink: /home/ubuntu/microros_ws/install/statistics_msgs/local/lib/python3.10/dist-packages/statistics_msgs/msg/_statistic_data_type_s.c
-- Up-to-date symlink: /home/ubuntu/microros_ws/install/statistics_msgs/local/lib/python3.10/dist-packages/statistics_msgs/statistics_msgs_s__rosidl_typesupport_c.cpython-310-aarch64-linux-gnu.so
-- Up-to-date symlink: /home/ubuntu/microros_ws/install/statistics_msgs/local/lib/python3.10/dist-packages/statistics_msgs/statistics_msgs_s__rosidl_typesupport_fastrtps_c.cpython-310-aarch64-linux-gnu.so
-- Up-to-date symlink: /home/ubuntu/microros_ws/install/statistics_msgs/local/lib/python3.10/dist-packages/statistics_msgs/statistics_msgs_s__rosidl_typesupport_introspection_c.cpython-310-aarch64-linux-gnu.so
-- Up-to-date symlink: /home/ubuntu/microros_ws/install/statistics_msgs/local/lib/python3.10/dist-packages/statistics_msgs/statistics_msgs_s__rosidl_typesupport_microxrcedds_c.cpython-310-aarch64-linux-gnu.so
-- Up-to-date symlink: /home/ubuntu/microros_ws/install/statistics_msgs/local/lib/python3.10/dist-packages/statistics_msgs/statistics_msgs_s__rosidl_typesupport_microxrcedds_c.cpython-310-aarch64-linux-gnu.so
-- Up-to-date symlink: /home/ubuntu/microros_ws/install/statistics_msgs/local/lib/python3.10/dist-packages/statistics_msgs/statistics_msgs_s__rosidl_typesupport_fastrtps_c.cpython-310-aarch64-linux-gnu.so
-- Up-to-date symlink: /home/ubuntu/microros_ws/install/statistics_msgs/local/lib/python3.10/dist-packages/statistics_msgs/statistics_msgs_s__rosidl_typesupport_introspection_c.cpython-310-aarch64-linux-gnu.so
-- Up-to-date symlink: /home/ubuntu/microros_ws/install/statistics_msgs/local/lib/python3.10/dist-packages/statistics_msgs/statistics_msgs_s__rosidl_typesupport_c.cpython-310-aarch64-linux-gnu.so
-- Up-to-date symlink: /home/ubuntu/microros_ws/install/statistics_msgs/share/statistics_msgs/msg/MetricsMessage.idl
-- Up-to-date symlink: /home/ubuntu/microros_ws/install/statistics_msgs/share/statistics_msgs/msg/StatisticDataPoint.idl
-- Up-to-date symlink: /home/ubuntu/microros_ws/install/statistics_msgs/share/statistics_msgs/msg/StatisticDataType.idl
-- Up-to-date symlink: /home/ubuntu/microros_ws/install/statistics_msgs/share/statistics_msgs/msg/MetricsMessage.msg
-- Up-to-date symlink: /home/ubuntu/microros_ws/install/statistics_msgs/share/statistics_msgs/msg/StatisticDataPoint.msg
-- Up-to-date symlink: /home/ubuntu/microros_ws/install/statistics_msgs/share/statistics_msgs/msg/StatisticDataType.msg
-- Up-to-date symlink: /home/ubuntu/microros_ws/install/statistics_msgs/share/ament_index/resource_index/package_run_dependencies/statistics_msgs
-- Up-to-date symlink: /home/ubuntu/microros_ws/install/statistics_msgs/share/ament_index/resource_index/parent_prefix_path/statistics_msgs
-- Up-to-date symlink: /home/ubuntu/microros_ws/install/statistics_msgs/share/statistics_msgs/environment/ament_prefix_path.sh
-- Up-to-date symlink: /home/ubuntu/microros_ws/install/statistics_msgs/share/statistics_msgs/environment/ament_prefix_path.dsv
-- Up-to-date symlink: /home/ubuntu/microros_ws/install/statistics_msgs/share/statistics_msgs/environment/path.sh
-- Up-to-date symlink: /home/ubuntu/microros_ws/install/statistics_msgs/share/statistics_msgs/environment/path.dsv
-- Up-to-date symlink: /home/ubuntu/microros_ws/install/statistics_msgs/share/statistics_msgs/local_setup.bash
-- Up-to-date symlink: /home/ubuntu/microros_ws/install/statistics_msgs/share/statistics_msgs/local_setup.sh
-- Up-to-date symlink: /home/ubuntu/microros_ws/install/statistics_msgs/share/statistics_msgs/local_setup.zsh
-- Up-to-date symlink: /home/ubuntu/microros_ws/install/statistics_msgs/share/statistics_msgs/local_setup.dsv
-- Symlinking: /home/ubuntu/microros_ws/install/statistics_msgs/share/statistics_msgs/package.dsv
-- Up-to-date symlink: /home/ubuntu/microros_ws/install/statistics_msgs/share/ament_index/resource_index/packages/statistics_msgs
-- Up-to-date symlink: /home/ubuntu/microros_ws/install/statistics_msgs/share/statistics_msgs/cmake/rosidl_cmake-extras.cmake
-- Up-to-date symlink: /home/ubuntu/microros_ws/install/statistics_msgs/share/statistics_msgs/cmake/ament_cmake_export_dependencies-extras.cmake
-- Up-to-date symlink: /home/ubuntu/microros_ws/install/statistics_msgs/share/statistics_msgs/cmake/ament_cmake_export_include_directories-extras.cmake
-- Up-to-date symlink: /home/ubuntu/microros_ws/install/statistics_msgs/share/statistics_msgs/cmake/ament_cmake_export_libraries-extras.cmake
-- Up-to-date symlink: /home/ubuntu/microros_ws/install/statistics_msgs/share/statistics_msgs/cmake/ament_cmake_export_targets-extras.cmake
-- Up-to-date symlink: /home/ubuntu/microros_ws/install/statistics_msgs/share/statistics_msgs/cmake/rosidl_cmake_export_typesupport_targets-extras.cmake
-- Up-to-date symlink: /home/ubuntu/microros_ws/install/statistics_msgs/share/statistics_msgs/cmake/rosidl_cmake_export_typesupport_libraries-extras.cmake
-- Up-to-date symlink: /home/ubuntu/microros_ws/install/statistics_msgs/share/statistics_msgs/cmake/statistics_msgsConfig.cmake
-- Up-to-date symlink: /home/ubuntu/microros_ws/install/statistics_msgs/share/statistics_msgs/cmake/statistics_msgsConfig-version.cmake
-- Up-to-date symlink: /home/ubuntu/microros_ws/install/statistics_msgs/share/statistics_msgs/package.xml
-- Installing: /home/ubuntu/microros_ws/install/statistics_msgs/lib/libstatistics_msgs__rosidl_generator_c.so
-- Set runtime path of "/home/ubuntu/microros_ws/install/statistics_msgs/lib/libstatistics_msgs__rosidl_generator_c.so" to ""
-- Installing: /home/ubuntu/microros_ws/install/statistics_msgs/lib/libstatistics_msgs__rosidl_typesupport_fastrtps_c.so
-- Set runtime path of "/home/ubuntu/microros_ws/install/statistics_msgs/lib/libstatistics_msgs__rosidl_typesupport_fastrtps_c.so" to ""
-- Installing: /home/ubuntu/microros_ws/install/statistics_msgs/lib/libstatistics_msgs__rosidl_typesupport_fastrtps_cpp.so
-- Set runtime path of "/home/ubuntu/microros_ws/install/statistics_msgs/lib/libstatistics_msgs__rosidl_typesupport_fastrtps_cpp.so" to ""
-- Installing: /home/ubuntu/microros_ws/install/statistics_msgs/lib/libstatistics_msgs__rosidl_typesupport_introspection_c.so
-- Set runtime path of "/home/ubuntu/microros_ws/install/statistics_msgs/lib/libstatistics_msgs__rosidl_typesupport_introspection_c.so" to ""
-- Installing: /home/ubuntu/microros_ws/install/statistics_msgs/lib/libstatistics_msgs__rosidl_typesupport_c.so
-- Set runtime path of "/home/ubuntu/microros_ws/install/statistics_msgs/lib/libstatistics_msgs__rosidl_typesupport_c.so" to ""
-- Installing: /home/ubuntu/microros_ws/install/statistics_msgs/lib/libstatistics_msgs__rosidl_typesupport_introspection_cpp.so
-- Set runtime path of "/home/ubuntu/microros_ws/install/statistics_msgs/lib/libstatistics_msgs__rosidl_typesupport_introspection_cpp.so" to ""
-- Installing: /home/ubuntu/microros_ws/install/statistics_msgs/lib/libstatistics_msgs__rosidl_typesupport_cpp.so
-- Set runtime path of "/home/ubuntu/microros_ws/install/statistics_msgs/lib/libstatistics_msgs__rosidl_typesupport_cpp.so" to ""
Listing '/home/ubuntu/microros_ws/install/statistics_msgs/local/lib/python3.10/dist-packages/statistics_msgs'...
Compiling '/home/ubuntu/microros_ws/install/statistics_msgs/local/lib/python3.10/dist-packages/statistics_msgs/__init__.py'...
Listing '/home/ubuntu/microros_ws/install/statistics_msgs/local/lib/python3.10/dist-packages/statistics_msgs/msg'...
-- Installing: /home/ubuntu/microros_ws/install/statistics_msgs/lib/libstatistics_msgs__rosidl_generator_py.so
-- Set runtime path of "/home/ubuntu/microros_ws/install/statistics_msgs/lib/libstatistics_msgs__rosidl_generator_py.so" to ""
-- Up-to-date: /home/ubuntu/microros_ws/install/statistics_msgs/share/statistics_msgs/cmake/export_statistics_msgs__rosidl_generator_cExport.cmake
-- Installing: /home/ubuntu/microros_ws/install/statistics_msgs/share/statistics_msgs/cmake/export_statistics_msgs__rosidl_generator_cExport-release.cmake
-- Up-to-date: /home/ubuntu/microros_ws/install/statistics_msgs/share/statistics_msgs/cmake/export_statistics_msgs__rosidl_typesupport_fastrtps_cExport.cmake
-- Installing: /home/ubuntu/microros_ws/install/statistics_msgs/share/statistics_msgs/cmake/export_statistics_msgs__rosidl_typesupport_fastrtps_cExport-release.cmake
-- Up-to-date: /home/ubuntu/microros_ws/install/statistics_msgs/share/statistics_msgs/cmake/export_statistics_msgs__rosidl_generator_cppExport.cmake
-- Up-to-date: /home/ubuntu/microros_ws/install/statistics_msgs/share/statistics_msgs/cmake/export_statistics_msgs__rosidl_typesupport_fastrtps_cppExport.cmake
-- Installing: /home/ubuntu/microros_ws/install/statistics_msgs/share/statistics_msgs/cmake/export_statistics_msgs__rosidl_typesupport_fastrtps_cppExport-release.cmake
-- Up-to-date: /home/ubuntu/microros_ws/install/statistics_msgs/share/statistics_msgs/cmake/statistics_msgs__rosidl_typesupport_introspection_cExport.cmake
-- Installing: /home/ubuntu/microros_ws/install/statistics_msgs/share/statistics_msgs/cmake/statistics_msgs__rosidl_typesupport_introspection_cExport-release.cmake
-- Up-to-date: /home/ubuntu/microros_ws/install/statistics_msgs/share/statistics_msgs/cmake/statistics_msgs__rosidl_typesupport_cExport.cmake
-- Installing: /home/ubuntu/microros_ws/install/statistics_msgs/share/statistics_msgs/cmake/statistics_msgs__rosidl_typesupport_cExport-release.cmake
-- Up-to-date: /home/ubuntu/microros_ws/install/statistics_msgs/share/statistics_msgs/cmake/statistics_msgs__rosidl_typesupport_introspection_cppExport.cmake
-- Installing: /home/ubuntu/microros_ws/install/statistics_msgs/share/statistics_msgs/cmake/statistics_msgs__rosidl_typesupport_introspection_cppExport-release.cmake
-- Up-to-date: /home/ubuntu/microros_ws/install/statistics_msgs/share/statistics_msgs/cmake/statistics_msgs__rosidl_typesupport_cppExport.cmake
-- Installing: /home/ubuntu/microros_ws/install/statistics_msgs/share/statistics_msgs/cmake/statistics_msgs__rosidl_typesupport_cppExport-release.cmake
-- Up-to-date: /home/ubuntu/microros_ws/install/statistics_msgs/share/statistics_msgs/cmake/export_statistics_msgs__rosidl_generator_pyExport.cmake
-- Installing: /home/ubuntu/microros_ws/install/statistics_msgs/share/statistics_msgs/cmake/export_statistics_msgs__rosidl_generator_pyExport-release.cmake
