[0.102s] Invoking command in '/home/ubuntu/microros_ws/build/complex_msgs': AMENT_PREFIX_PATH=/home/ubuntu/microros_ws/install/builtin_interfaces:${AMENT_PREFIX_PATH} CMAKE_PREFIX_PATH=/home/ubuntu/microros_ws/install/builtin_interfaces:/opt/ros/humble LD_LIBRARY_PATH=/home/ubuntu/microros_ws/install/builtin_interfaces/lib:${LD_LIBRARY_PATH} PYTHONPATH=/home/ubuntu/microros_ws/install/builtin_interfaces/local/lib/python3.10/dist-packages:${PYTHONPATH} /usr/bin/cmake /home/ubuntu/microros_ws/src/uros/micro-ROS-demos/messages/complex_msg -DAMENT_CMAKE_SYMLINK_INSTALL=1 -DCMAKE_INSTALL_PREFIX=/home/ubuntu/microros_ws/install/complex_msgs
[0.176s] -- Found ament_cmake: 1.3.9 (/opt/ros/humble/share/ament_cmake/cmake)
[0.961s] -- Override CMake install command with custom implementation using symlinks instead of copying resources
[1.031s] -- Found builtin_interfaces: 1.2.1 (/home/ubuntu/microros_ws/install/builtin_interfaces/share/builtin_interfaces/cmake)
[1.257s] -- Found rosidl_generator_c: 3.1.5 (/opt/ros/humble/share/rosidl_generator_c/cmake)
[1.273s] -- Found rosidl_adapter: 3.1.5 (/opt/ros/humble/share/rosidl_adapter/cmake)
[1.312s] -- Found rosidl_generator_cpp: 3.1.5 (/opt/ros/humble/share/rosidl_generator_cpp/cmake)
[1.385s] -- Using all available rosidl_typesupport_c: rosidl_typesupport_fastrtps_c;rosidl_typesupport_introspection_c
[1.481s] -- Using all available rosidl_typesupport_cpp: rosidl_typesupport_fastrtps_cpp;rosidl_typesupport_introspection_cpp
[1.559s] -- Found rosidl_default_generators: 1.2.0 (/opt/ros/humble/share/rosidl_default_generators/cmake)
[3.009s] -- Found ament_cmake_ros: 0.10.0 (/opt/ros/humble/share/ament_cmake_ros/cmake)
[4.742s] -- Using all available rosidl_typesupport_c: rosidl_typesupport_fastrtps_c;rosidl_typesupport_introspection_c
[5.404s] -- Using all available rosidl_typesupport_cpp: rosidl_typesupport_fastrtps_cpp;rosidl_typesupport_introspection_cpp
[5.522s] -- Found python_cmake_module: 0.10.0 (/opt/ros/humble/share/python_cmake_module/cmake)
[5.664s] -- Using PYTHON_EXECUTABLE: /usr/bin/python3
[5.664s] -- Using PYTHON_INCLUDE_DIRS: /usr/include/python3.10
[5.665s] -- Using PYTHON_LIBRARIES: /usr/lib/aarch64-linux-gnu/libpython3.10.so
[5.799s] -- Configuring done
[6.109s] -- Generating done
[6.138s] -- Build files have been written to: /home/ubuntu/microros_ws/build/complex_msgs
