[0.066s] Invoking command in '/home/ubuntu/microros_ws/build/std_srvs': CMAKE_PREFIX_PATH=/opt/ros/humble /usr/bin/cmake --build /home/ubuntu/microros_ws/build/std_srvs -- -j4 -l4
[0.334s] [ 10%] Built target std_srvs__rosidl_generator_c
[0.380s] [ 12%] Built target std_srvs__cpp
[0.422s] [ 12%] Built target ament_cmake_python_symlink_std_srvs
[0.514s] [ 23%] Built target std_srvs__rosidl_typesupport_fastrtps_c
[0.533s] [ 34%] Built target std_srvs__rosidl_typesupport_introspection_c
[0.575s] [ 44%] Built target std_srvs__rosidl_typesupport_c
[0.608s] [ 55%] Built target std_srvs__rosidl_typesupport_fastrtps_cpp
[0.708s] [ 65%] Built target std_srvs__rosidl_typesupport_introspection_cpp
[0.755s] [ 76%] Built target std_srvs__rosidl_typesupport_cpp
[0.857s] [ 76%] Built target std_srvs
[0.995s] [ 78%] Built target std_srvs__py
[1.148s] [ 87%] Built target std_srvs__rosidl_generator_py
[1.330s] [ 91%] Built target std_srvs__rosidl_typesupport_fastrtps_c__pyext
[1.352s] [ 95%] Built target std_srvs__rosidl_typesupport_introspection_c__pyext
[1.368s] [100%] Built target std_srvs__rosidl_typesupport_c__pyext
[2.372s] running egg_info
[2.385s] writing std_srvs.egg-info/PKG-INFO
[2.387s] writing dependency_links to std_srvs.egg-info/dependency_links.txt
[2.392s] writing top-level names to std_srvs.egg-info/top_level.txt
[2.397s] reading manifest file 'std_srvs.egg-info/SOURCES.txt'
[2.404s] writing manifest file 'std_srvs.egg-info/SOURCES.txt'
[2.590s] [100%] Built target ament_cmake_python_build_std_srvs_egg
[2.648s] Invoked command in '/home/ubuntu/microros_ws/build/std_srvs' returned '0': CMAKE_PREFIX_PATH=/opt/ros/humble /usr/bin/cmake --build /home/ubuntu/microros_ws/build/std_srvs -- -j4 -l4
[3.364s] Invoking command in '/home/ubuntu/microros_ws/build/std_srvs': CMAKE_PREFIX_PATH=/opt/ros/humble /usr/bin/cmake --install /home/ubuntu/microros_ws/build/std_srvs
[3.409s] -- Install configuration: ""
[3.413s] -- Execute custom install script
[3.415s] -- Up-to-date symlink: /home/ubuntu/microros_ws/install/std_srvs/share/ament_index/resource_index/rosidl_interfaces/std_srvs
[3.419s] -- Up-to-date symlink: /home/ubuntu/microros_ws/install/std_srvs/include/std_srvs/std_srvs/msg/rosidl_generator_c__visibility_control.h
[3.422s] -- Up-to-date symlink: /home/ubuntu/microros_ws/install/std_srvs/include/std_srvs/std_srvs/srv/detail/empty__functions.h
[3.423s] -- Up-to-date symlink: /home/ubuntu/microros_ws/install/std_srvs/include/std_srvs/std_srvs/srv/detail/empty__struct.h
[3.424s] -- Up-to-date symlink: /home/ubuntu/microros_ws/install/std_srvs/include/std_srvs/std_srvs/srv/detail/empty__type_support.h
[3.425s] -- Up-to-date symlink: /home/ubuntu/microros_ws/install/std_srvs/include/std_srvs/std_srvs/srv/detail/set_bool__functions.h
[3.427s] -- Up-to-date symlink: /home/ubuntu/microros_ws/install/std_srvs/include/std_srvs/std_srvs/srv/detail/set_bool__struct.h
[3.428s] -- Up-to-date symlink: /home/ubuntu/microros_ws/install/std_srvs/include/std_srvs/std_srvs/srv/detail/set_bool__type_support.h
[3.429s] -- Up-to-date symlink: /home/ubuntu/microros_ws/install/std_srvs/include/std_srvs/std_srvs/srv/detail/trigger__functions.h
[3.430s] -- Up-to-date symlink: /home/ubuntu/microros_ws/install/std_srvs/include/std_srvs/std_srvs/srv/detail/trigger__struct.h
[3.432s] -- Up-to-date symlink: /home/ubuntu/microros_ws/install/std_srvs/include/std_srvs/std_srvs/srv/detail/trigger__type_support.h
[3.433s] -- Up-to-date symlink: /home/ubuntu/microros_ws/install/std_srvs/include/std_srvs/std_srvs/srv/empty.h
[3.433s] -- Up-to-date symlink: /home/ubuntu/microros_ws/install/std_srvs/include/std_srvs/std_srvs/srv/set_bool.h
[3.434s] -- Up-to-date symlink: /home/ubuntu/microros_ws/install/std_srvs/include/std_srvs/std_srvs/srv/trigger.h
[3.437s] -- Up-to-date symlink: /home/ubuntu/microros_ws/install/std_srvs/share/std_srvs/environment/library_path.sh
[3.437s] -- Up-to-date symlink: /home/ubuntu/microros_ws/install/std_srvs/share/std_srvs/environment/library_path.dsv
[3.441s] -- Up-to-date symlink: /home/ubuntu/microros_ws/install/std_srvs/include/std_srvs/std_srvs/msg/rosidl_typesupport_fastrtps_c__visibility_control.h
[3.442s] -- Up-to-date symlink: /home/ubuntu/microros_ws/install/std_srvs/include/std_srvs/std_srvs/srv/detail/empty__rosidl_typesupport_fastrtps_c.h
[3.443s] -- Up-to-date symlink: /home/ubuntu/microros_ws/install/std_srvs/include/std_srvs/std_srvs/srv/detail/set_bool__rosidl_typesupport_fastrtps_c.h
[3.445s] -- Up-to-date symlink: /home/ubuntu/microros_ws/install/std_srvs/include/std_srvs/std_srvs/srv/detail/trigger__rosidl_typesupport_fastrtps_c.h
[3.448s] -- Up-to-date symlink: /home/ubuntu/microros_ws/install/std_srvs/include/std_srvs/std_srvs/msg/rosidl_typesupport_introspection_c__visibility_control.h
[3.450s] -- Up-to-date symlink: /home/ubuntu/microros_ws/install/std_srvs/include/std_srvs/std_srvs/srv/detail/empty__rosidl_typesupport_introspection_c.h
[3.451s] -- Up-to-date symlink: /home/ubuntu/microros_ws/install/std_srvs/include/std_srvs/std_srvs/srv/detail/set_bool__rosidl_typesupport_introspection_c.h
[3.452s] -- Up-to-date symlink: /home/ubuntu/microros_ws/install/std_srvs/include/std_srvs/std_srvs/srv/detail/trigger__rosidl_typesupport_introspection_c.h
[3.455s] -- Up-to-date symlink: /home/ubuntu/microros_ws/install/std_srvs/include/std_srvs/std_srvs/srv/detail/empty__builder.hpp
[3.456s] -- Up-to-date symlink: /home/ubuntu/microros_ws/install/std_srvs/include/std_srvs/std_srvs/srv/detail/empty__struct.hpp
[3.457s] -- Up-to-date symlink: /home/ubuntu/microros_ws/install/std_srvs/include/std_srvs/std_srvs/srv/detail/empty__traits.hpp
[3.459s] -- Up-to-date symlink: /home/ubuntu/microros_ws/install/std_srvs/include/std_srvs/std_srvs/srv/detail/set_bool__builder.hpp
[3.460s] -- Up-to-date symlink: /home/ubuntu/microros_ws/install/std_srvs/include/std_srvs/std_srvs/srv/detail/set_bool__struct.hpp
[3.461s] -- Up-to-date symlink: /home/ubuntu/microros_ws/install/std_srvs/include/std_srvs/std_srvs/srv/detail/set_bool__traits.hpp
[3.462s] -- Up-to-date symlink: /home/ubuntu/microros_ws/install/std_srvs/include/std_srvs/std_srvs/srv/detail/trigger__builder.hpp
[3.469s] -- Up-to-date symlink: /home/ubuntu/microros_ws/install/std_srvs/include/std_srvs/std_srvs/srv/detail/trigger__struct.hpp
[3.470s] -- Up-to-date symlink: /home/ubuntu/microros_ws/install/std_srvs/include/std_srvs/std_srvs/srv/detail/trigger__traits.hpp
[3.470s] -- Up-to-date symlink: /home/ubuntu/microros_ws/install/std_srvs/include/std_srvs/std_srvs/srv/empty.hpp
[3.470s] -- Up-to-date symlink: /home/ubuntu/microros_ws/install/std_srvs/include/std_srvs/std_srvs/srv/set_bool.hpp
[3.471s] -- Up-to-date symlink: /home/ubuntu/microros_ws/install/std_srvs/include/std_srvs/std_srvs/srv/trigger.hpp
[3.475s] -- Up-to-date symlink: /home/ubuntu/microros_ws/install/std_srvs/include/std_srvs/std_srvs/msg/rosidl_typesupport_fastrtps_cpp__visibility_control.h
[3.476s] -- Up-to-date symlink: /home/ubuntu/microros_ws/install/std_srvs/include/std_srvs/std_srvs/srv/detail/empty__rosidl_typesupport_fastrtps_cpp.hpp
[3.481s] -- Up-to-date symlink: /home/ubuntu/microros_ws/install/std_srvs/include/std_srvs/std_srvs/srv/detail/set_bool__rosidl_typesupport_fastrtps_cpp.hpp
[3.481s] -- Up-to-date symlink: /home/ubuntu/microros_ws/install/std_srvs/include/std_srvs/std_srvs/srv/detail/trigger__rosidl_typesupport_fastrtps_cpp.hpp
[3.484s] -- Up-to-date symlink: /home/ubuntu/microros_ws/install/std_srvs/include/std_srvs/std_srvs/srv/detail/empty__rosidl_typesupport_introspection_cpp.hpp
[3.485s] -- Up-to-date symlink: /home/ubuntu/microros_ws/install/std_srvs/include/std_srvs/std_srvs/srv/detail/set_bool__rosidl_typesupport_introspection_cpp.hpp
[3.486s] -- Up-to-date symlink: /home/ubuntu/microros_ws/install/std_srvs/include/std_srvs/std_srvs/srv/detail/trigger__rosidl_typesupport_introspection_cpp.hpp
[3.488s] -- Up-to-date symlink: /home/ubuntu/microros_ws/install/std_srvs/share/std_srvs/environment/pythonpath.sh
[3.489s] -- Up-to-date symlink: /home/ubuntu/microros_ws/install/std_srvs/share/std_srvs/environment/pythonpath.dsv
[3.494s] -- Up-to-date symlink: /home/ubuntu/microros_ws/install/std_srvs/local/lib/python3.10/dist-packages/std_srvs-4.2.4-py3.10.egg-info/PKG-INFO
[3.495s] -- Up-to-date symlink: /home/ubuntu/microros_ws/install/std_srvs/local/lib/python3.10/dist-packages/std_srvs-4.2.4-py3.10.egg-info/SOURCES.txt
[3.496s] -- Up-to-date symlink: /home/ubuntu/microros_ws/install/std_srvs/local/lib/python3.10/dist-packages/std_srvs-4.2.4-py3.10.egg-info/dependency_links.txt
[3.496s] -- Up-to-date symlink: /home/ubuntu/microros_ws/install/std_srvs/local/lib/python3.10/dist-packages/std_srvs-4.2.4-py3.10.egg-info/top_level.txt
[3.503s] -- Up-to-date symlink: /home/ubuntu/microros_ws/install/std_srvs/local/lib/python3.10/dist-packages/std_srvs/__init__.py
[3.504s] -- Up-to-date symlink: /home/ubuntu/microros_ws/install/std_srvs/local/lib/python3.10/dist-packages/std_srvs/_std_srvs_s.ep.rosidl_typesupport_c.c
[3.505s] -- Up-to-date symlink: /home/ubuntu/microros_ws/install/std_srvs/local/lib/python3.10/dist-packages/std_srvs/_std_srvs_s.ep.rosidl_typesupport_fastrtps_c.c
[3.507s] -- Up-to-date symlink: /home/ubuntu/microros_ws/install/std_srvs/local/lib/python3.10/dist-packages/std_srvs/_std_srvs_s.ep.rosidl_typesupport_introspection_c.c
[3.508s] -- Up-to-date symlink: /home/ubuntu/microros_ws/install/std_srvs/local/lib/python3.10/dist-packages/std_srvs/_std_srvs_s.ep.rosidl_typesupport_microxrcedds_c.c
[3.509s] -- Up-to-date symlink: /home/ubuntu/microros_ws/install/std_srvs/local/lib/python3.10/dist-packages/std_srvs/libstd_srvs__rosidl_generator_py.so
[3.510s] -- Up-to-date symlink: /home/ubuntu/microros_ws/install/std_srvs/local/lib/python3.10/dist-packages/std_srvs/srv/__init__.py
[3.512s] -- Up-to-date symlink: /home/ubuntu/microros_ws/install/std_srvs/local/lib/python3.10/dist-packages/std_srvs/srv/_empty.py
[3.512s] -- Up-to-date symlink: /home/ubuntu/microros_ws/install/std_srvs/local/lib/python3.10/dist-packages/std_srvs/srv/_empty_s.c
[3.514s] -- Up-to-date symlink: /home/ubuntu/microros_ws/install/std_srvs/local/lib/python3.10/dist-packages/std_srvs/srv/_set_bool.py
[3.516s] -- Up-to-date symlink: /home/ubuntu/microros_ws/install/std_srvs/local/lib/python3.10/dist-packages/std_srvs/srv/_set_bool_s.c
[3.518s] -- Up-to-date symlink: /home/ubuntu/microros_ws/install/std_srvs/local/lib/python3.10/dist-packages/std_srvs/srv/_trigger.py
[3.520s] -- Up-to-date symlink: /home/ubuntu/microros_ws/install/std_srvs/local/lib/python3.10/dist-packages/std_srvs/srv/_trigger_s.c
[3.522s] -- Up-to-date symlink: /home/ubuntu/microros_ws/install/std_srvs/local/lib/python3.10/dist-packages/std_srvs/std_srvs_s__rosidl_typesupport_c.cpython-310-aarch64-linux-gnu.so
[3.524s] -- Up-to-date symlink: /home/ubuntu/microros_ws/install/std_srvs/local/lib/python3.10/dist-packages/std_srvs/std_srvs_s__rosidl_typesupport_fastrtps_c.cpython-310-aarch64-linux-gnu.so
[3.525s] -- Up-to-date symlink: /home/ubuntu/microros_ws/install/std_srvs/local/lib/python3.10/dist-packages/std_srvs/std_srvs_s__rosidl_typesupport_introspection_c.cpython-310-aarch64-linux-gnu.so
[3.526s] -- Up-to-date symlink: /home/ubuntu/microros_ws/install/std_srvs/local/lib/python3.10/dist-packages/std_srvs/std_srvs_s__rosidl_typesupport_microxrcedds_c.cpython-310-aarch64-linux-gnu.so
[3.528s] -- Up-to-date symlink: /home/ubuntu/microros_ws/install/std_srvs/local/lib/python3.10/dist-packages/std_srvs/std_srvs_s__rosidl_typesupport_fastrtps_c.cpython-310-aarch64-linux-gnu.so
[3.530s] -- Up-to-date symlink: /home/ubuntu/microros_ws/install/std_srvs/local/lib/python3.10/dist-packages/std_srvs/std_srvs_s__rosidl_typesupport_introspection_c.cpython-310-aarch64-linux-gnu.so
[3.532s] -- Up-to-date symlink: /home/ubuntu/microros_ws/install/std_srvs/local/lib/python3.10/dist-packages/std_srvs/std_srvs_s__rosidl_typesupport_c.cpython-310-aarch64-linux-gnu.so
[3.532s] -- Up-to-date symlink: /home/ubuntu/microros_ws/install/std_srvs/share/std_srvs/srv/Empty.idl
[3.534s] -- Up-to-date symlink: /home/ubuntu/microros_ws/install/std_srvs/share/std_srvs/srv/SetBool.idl
[3.535s] -- Up-to-date symlink: /home/ubuntu/microros_ws/install/std_srvs/share/std_srvs/srv/Trigger.idl
[3.537s] -- Up-to-date symlink: /home/ubuntu/microros_ws/install/std_srvs/share/std_srvs/srv/Empty.srv
[3.539s] -- Up-to-date symlink: /home/ubuntu/microros_ws/install/std_srvs/share/std_srvs/srv/Empty_Request.msg
[3.542s] -- Up-to-date symlink: /home/ubuntu/microros_ws/install/std_srvs/share/std_srvs/srv/Empty_Response.msg
[3.543s] -- Up-to-date symlink: /home/ubuntu/microros_ws/install/std_srvs/share/std_srvs/srv/SetBool.srv
[3.544s] -- Up-to-date symlink: /home/ubuntu/microros_ws/install/std_srvs/share/std_srvs/srv/SetBool_Request.msg
[3.546s] -- Up-to-date symlink: /home/ubuntu/microros_ws/install/std_srvs/share/std_srvs/srv/SetBool_Response.msg
[3.547s] -- Up-to-date symlink: /home/ubuntu/microros_ws/install/std_srvs/share/std_srvs/srv/Trigger.srv
[3.547s] -- Up-to-date symlink: /home/ubuntu/microros_ws/install/std_srvs/share/std_srvs/srv/Trigger_Request.msg
[3.548s] -- Up-to-date symlink: /home/ubuntu/microros_ws/install/std_srvs/share/std_srvs/srv/Trigger_Response.msg
[3.548s] -- Up-to-date symlink: /home/ubuntu/microros_ws/install/std_srvs/share/ament_index/resource_index/package_run_dependencies/std_srvs
[3.550s] -- Up-to-date symlink: /home/ubuntu/microros_ws/install/std_srvs/share/ament_index/resource_index/parent_prefix_path/std_srvs
[3.551s] -- Up-to-date symlink: /home/ubuntu/microros_ws/install/std_srvs/share/std_srvs/environment/ament_prefix_path.sh
[3.552s] -- Up-to-date symlink: /home/ubuntu/microros_ws/install/std_srvs/share/std_srvs/environment/ament_prefix_path.dsv
[3.552s] -- Up-to-date symlink: /home/ubuntu/microros_ws/install/std_srvs/share/std_srvs/environment/path.sh
[3.553s] -- Up-to-date symlink: /home/ubuntu/microros_ws/install/std_srvs/share/std_srvs/environment/path.dsv
[3.554s] -- Up-to-date symlink: /home/ubuntu/microros_ws/install/std_srvs/share/std_srvs/local_setup.bash
[3.556s] -- Up-to-date symlink: /home/ubuntu/microros_ws/install/std_srvs/share/std_srvs/local_setup.sh
[3.557s] -- Up-to-date symlink: /home/ubuntu/microros_ws/install/std_srvs/share/std_srvs/local_setup.zsh
[3.558s] -- Up-to-date symlink: /home/ubuntu/microros_ws/install/std_srvs/share/std_srvs/local_setup.dsv
[3.558s] -- Symlinking: /home/ubuntu/microros_ws/install/std_srvs/share/std_srvs/package.dsv
[3.606s] -- Up-to-date symlink: /home/ubuntu/microros_ws/install/std_srvs/share/ament_index/resource_index/packages/std_srvs
[3.607s] -- Up-to-date symlink: /home/ubuntu/microros_ws/install/std_srvs/share/std_srvs/cmake/rosidl_cmake-extras.cmake
[3.607s] -- Up-to-date symlink: /home/ubuntu/microros_ws/install/std_srvs/share/std_srvs/cmake/ament_cmake_export_include_directories-extras.cmake
[3.608s] -- Up-to-date symlink: /home/ubuntu/microros_ws/install/std_srvs/share/std_srvs/cmake/ament_cmake_export_libraries-extras.cmake
[3.609s] -- Up-to-date symlink: /home/ubuntu/microros_ws/install/std_srvs/share/std_srvs/cmake/ament_cmake_export_targets-extras.cmake
[3.610s] -- Up-to-date symlink: /home/ubuntu/microros_ws/install/std_srvs/share/std_srvs/cmake/rosidl_cmake_export_typesupport_targets-extras.cmake
[3.610s] -- Up-to-date symlink: /home/ubuntu/microros_ws/install/std_srvs/share/std_srvs/cmake/ament_cmake_export_dependencies-extras.cmake
[3.611s] -- Up-to-date symlink: /home/ubuntu/microros_ws/install/std_srvs/share/std_srvs/cmake/rosidl_cmake_export_typesupport_libraries-extras.cmake
[3.614s] -- Up-to-date symlink: /home/ubuntu/microros_ws/install/std_srvs/share/std_srvs/cmake/std_srvsConfig.cmake
[3.615s] -- Up-to-date symlink: /home/ubuntu/microros_ws/install/std_srvs/share/std_srvs/cmake/std_srvsConfig-version.cmake
[3.616s] -- Up-to-date symlink: /home/ubuntu/microros_ws/install/std_srvs/share/std_srvs/package.xml
[3.619s] -- Up-to-date: /home/ubuntu/microros_ws/install/std_srvs/lib/libstd_srvs__rosidl_generator_c.so
[3.622s] -- Up-to-date: /home/ubuntu/microros_ws/install/std_srvs/lib/libstd_srvs__rosidl_typesupport_fastrtps_c.so
[3.626s] -- Up-to-date: /home/ubuntu/microros_ws/install/std_srvs/lib/libstd_srvs__rosidl_typesupport_introspection_c.so
[3.629s] -- Up-to-date: /home/ubuntu/microros_ws/install/std_srvs/lib/libstd_srvs__rosidl_typesupport_c.so
[3.631s] -- Up-to-date: /home/ubuntu/microros_ws/install/std_srvs/lib/libstd_srvs__rosidl_typesupport_fastrtps_cpp.so
[3.635s] -- Up-to-date: /home/ubuntu/microros_ws/install/std_srvs/lib/libstd_srvs__rosidl_typesupport_introspection_cpp.so
[3.640s] -- Up-to-date: /home/ubuntu/microros_ws/install/std_srvs/lib/libstd_srvs__rosidl_typesupport_cpp.so
[3.854s] Listing '/home/ubuntu/microros_ws/install/std_srvs/local/lib/python3.10/dist-packages/std_srvs'...
[3.855s] Listing '/home/ubuntu/microros_ws/install/std_srvs/local/lib/python3.10/dist-packages/std_srvs/srv'...
[3.899s] -- Up-to-date: /home/ubuntu/microros_ws/install/std_srvs/lib/libstd_srvs__rosidl_generator_py.so
[3.903s] -- Up-to-date: /home/ubuntu/microros_ws/install/std_srvs/share/std_srvs/cmake/export_std_srvs__rosidl_generator_cExport.cmake
[3.908s] -- Up-to-date: /home/ubuntu/microros_ws/install/std_srvs/share/std_srvs/cmake/export_std_srvs__rosidl_generator_cExport-noconfig.cmake
[3.910s] -- Up-to-date: /home/ubuntu/microros_ws/install/std_srvs/share/std_srvs/cmake/export_std_srvs__rosidl_typesupport_fastrtps_cExport.cmake
[3.910s] -- Up-to-date: /home/ubuntu/microros_ws/install/std_srvs/share/std_srvs/cmake/export_std_srvs__rosidl_typesupport_fastrtps_cExport-noconfig.cmake
[3.913s] -- Up-to-date: /home/ubuntu/microros_ws/install/std_srvs/share/std_srvs/cmake/std_srvs__rosidl_typesupport_introspection_cExport.cmake
[3.921s] -- Up-to-date: /home/ubuntu/microros_ws/install/std_srvs/share/std_srvs/cmake/std_srvs__rosidl_typesupport_introspection_cExport-noconfig.cmake
[3.936s] -- Up-to-date: /home/ubuntu/microros_ws/install/std_srvs/share/std_srvs/cmake/std_srvs__rosidl_typesupport_cExport.cmake
[3.937s] -- Up-to-date: /home/ubuntu/microros_ws/install/std_srvs/share/std_srvs/cmake/std_srvs__rosidl_typesupport_cExport-noconfig.cmake
[3.941s] -- Up-to-date: /home/ubuntu/microros_ws/install/std_srvs/share/std_srvs/cmake/export_std_srvs__rosidl_generator_cppExport.cmake
[3.942s] -- Up-to-date: /home/ubuntu/microros_ws/install/std_srvs/share/std_srvs/cmake/export_std_srvs__rosidl_typesupport_fastrtps_cppExport.cmake
[3.942s] -- Up-to-date: /home/ubuntu/microros_ws/install/std_srvs/share/std_srvs/cmake/export_std_srvs__rosidl_typesupport_fastrtps_cppExport-noconfig.cmake
[3.944s] -- Up-to-date: /home/ubuntu/microros_ws/install/std_srvs/share/std_srvs/cmake/std_srvs__rosidl_typesupport_introspection_cppExport.cmake
[3.949s] -- Up-to-date: /home/ubuntu/microros_ws/install/std_srvs/share/std_srvs/cmake/std_srvs__rosidl_typesupport_introspection_cppExport-noconfig.cmake
[3.950s] -- Up-to-date: /home/ubuntu/microros_ws/install/std_srvs/share/std_srvs/cmake/std_srvs__rosidl_typesupport_cppExport.cmake
[3.954s] -- Up-to-date: /home/ubuntu/microros_ws/install/std_srvs/share/std_srvs/cmake/std_srvs__rosidl_typesupport_cppExport-noconfig.cmake
[3.958s] -- Up-to-date: /home/ubuntu/microros_ws/install/std_srvs/share/std_srvs/cmake/export_std_srvs__rosidl_generator_pyExport.cmake
[3.958s] -- Up-to-date: /home/ubuntu/microros_ws/install/std_srvs/share/std_srvs/cmake/export_std_srvs__rosidl_generator_pyExport-noconfig.cmake
[3.966s] Invoked command in '/home/ubuntu/microros_ws/build/std_srvs' returned '0': CMAKE_PREFIX_PATH=/opt/ros/humble /usr/bin/cmake --install /home/ubuntu/microros_ws/build/std_srvs
