[0.138s] Invoking command in '/home/ubuntu/microros_ws/build/builtin_interfaces': CMAKE_PREFIX_PATH=/opt/ros/humble /usr/bin/cmake --build /home/ubuntu/microros_ws/build/builtin_interfaces -- -j4 -l4
[0.508s] [  2%] Built target builtin_interfaces__cpp
[0.585s] [ 10%] Built target builtin_interfaces__rosidl_generator_c
[0.698s] [ 10%] Built target ament_cmake_python_symlink_builtin_interfaces
[0.843s] [ 18%] Built target builtin_interfaces__rosidl_typesupport_cpp
[0.918s] [ 26%] Built target builtin_interfaces__rosidl_typesupport_fastrtps_cpp
[0.951s] [ 34%] Built target builtin_interfaces__rosidl_typesupport_microxrcedds_cpp
[1.082s] [ 42%] Built target builtin_interfaces__rosidl_typesupport_introspection_cpp
[1.343s] [ 51%] Built target builtin_interfaces__rosidl_typesupport_microxrcedds_c
[1.454s] [ 59%] Built target builtin_interfaces__rosidl_typesupport_fastrtps_c
[1.458s] [ 67%] Built target builtin_interfaces__rosidl_typesupport_introspection_c
[1.650s] [ 75%] Built target builtin_interfaces__rosidl_typesupport_c
[1.866s] [ 75%] Built target builtin_interfaces
[2.116s] [ 77%] Built target builtin_interfaces__py
[2.296s] [ 83%] Built target builtin_interfaces__rosidl_generator_py
[2.612s] [ 87%] Built target builtin_interfaces__rosidl_typesupport_fastrtps_c__pyext
[2.615s] [ 91%] Built target builtin_interfaces__rosidl_typesupport_introspection_c__pyext
[2.653s] [ 95%] Built target builtin_interfaces__rosidl_typesupport_microxrcedds_c__pyext
[2.958s] [100%] Built target builtin_interfaces__rosidl_typesupport_c__pyext
[4.446s] running egg_info
[4.452s] writing builtin_interfaces.egg-info/PKG-INFO
[4.454s] writing dependency_links to builtin_interfaces.egg-info/dependency_links.txt
[4.457s] writing top-level names to builtin_interfaces.egg-info/top_level.txt
[4.485s] reading manifest file 'builtin_interfaces.egg-info/SOURCES.txt'
[4.495s] writing manifest file 'builtin_interfaces.egg-info/SOURCES.txt'
[4.833s] [100%] Built target ament_cmake_python_build_builtin_interfaces_egg
[4.932s] Invoked command in '/home/ubuntu/microros_ws/build/builtin_interfaces' returned '0': CMAKE_PREFIX_PATH=/opt/ros/humble /usr/bin/cmake --build /home/ubuntu/microros_ws/build/builtin_interfaces -- -j4 -l4
[5.764s] Invoking command in '/home/ubuntu/microros_ws/build/builtin_interfaces': CMAKE_PREFIX_PATH=/opt/ros/humble /usr/bin/cmake --install /home/ubuntu/microros_ws/build/builtin_interfaces
[5.815s] -- Install configuration: ""
[5.815s] -- Execute custom install script
[5.816s] -- Up-to-date symlink: /home/ubuntu/microros_ws/install/builtin_interfaces/share/ament_index/resource_index/rosidl_interfaces/builtin_interfaces
[5.816s] -- Up-to-date symlink: /home/ubuntu/microros_ws/install/builtin_interfaces/include/builtin_interfaces/builtin_interfaces/msg/detail/duration__functions.h
[5.817s] -- Up-to-date symlink: /home/ubuntu/microros_ws/install/builtin_interfaces/include/builtin_interfaces/builtin_interfaces/msg/detail/duration__struct.h
[5.817s] -- Up-to-date symlink: /home/ubuntu/microros_ws/install/builtin_interfaces/include/builtin_interfaces/builtin_interfaces/msg/detail/duration__type_support.h
[5.819s] -- Up-to-date symlink: /home/ubuntu/microros_ws/install/builtin_interfaces/include/builtin_interfaces/builtin_interfaces/msg/detail/time__functions.h
[5.820s] -- Up-to-date symlink: /home/ubuntu/microros_ws/install/builtin_interfaces/include/builtin_interfaces/builtin_interfaces/msg/detail/time__struct.h
[5.822s] -- Up-to-date symlink: /home/ubuntu/microros_ws/install/builtin_interfaces/include/builtin_interfaces/builtin_interfaces/msg/detail/time__type_support.h
[5.822s] -- Up-to-date symlink: /home/ubuntu/microros_ws/install/builtin_interfaces/include/builtin_interfaces/builtin_interfaces/msg/duration.h
[5.835s] -- Up-to-date symlink: /home/ubuntu/microros_ws/install/builtin_interfaces/include/builtin_interfaces/builtin_interfaces/msg/rosidl_generator_c__visibility_control.h
[5.835s] -- Up-to-date symlink: /home/ubuntu/microros_ws/install/builtin_interfaces/include/builtin_interfaces/builtin_interfaces/msg/time.h
[5.837s] -- Up-to-date symlink: /home/ubuntu/microros_ws/install/builtin_interfaces/share/builtin_interfaces/environment/library_path.sh
[5.838s] -- Up-to-date symlink: /home/ubuntu/microros_ws/install/builtin_interfaces/share/builtin_interfaces/environment/library_path.dsv
[5.838s] -- Up-to-date symlink: /home/ubuntu/microros_ws/install/builtin_interfaces/include/builtin_interfaces/msg/detail/duration__rosidl_typesupport_microxrcedds_c.h
[5.839s] -- Up-to-date symlink: /home/ubuntu/microros_ws/install/builtin_interfaces/include/builtin_interfaces/msg/detail/time__rosidl_typesupport_microxrcedds_c.h
[5.839s] -- Up-to-date symlink: /home/ubuntu/microros_ws/install/builtin_interfaces/include/builtin_interfaces/msg/rosidl_typesupport_microxrcedds_c__visibility_control.h
[5.840s] -- Up-to-date symlink: /home/ubuntu/microros_ws/install/builtin_interfaces/lib/libbuiltin_interfaces__rosidl_typesupport_microxrcedds_c.so
[5.841s] -- Up-to-date symlink: /home/ubuntu/microros_ws/install/builtin_interfaces/include/builtin_interfaces/builtin_interfaces/msg/detail/duration__rosidl_typesupport_fastrtps_c.h
[5.841s] -- Up-to-date symlink: /home/ubuntu/microros_ws/install/builtin_interfaces/include/builtin_interfaces/builtin_interfaces/msg/detail/time__rosidl_typesupport_fastrtps_c.h
[5.851s] -- Up-to-date symlink: /home/ubuntu/microros_ws/install/builtin_interfaces/include/builtin_interfaces/builtin_interfaces/msg/rosidl_typesupport_fastrtps_c__visibility_control.h
[5.852s] -- Up-to-date symlink: /home/ubuntu/microros_ws/install/builtin_interfaces/include/builtin_interfaces/builtin_interfaces/msg/detail/duration__rosidl_typesupport_introspection_c.h
[5.853s] -- Up-to-date symlink: /home/ubuntu/microros_ws/install/builtin_interfaces/include/builtin_interfaces/builtin_interfaces/msg/detail/time__rosidl_typesupport_introspection_c.h
[5.854s] -- Up-to-date symlink: /home/ubuntu/microros_ws/install/builtin_interfaces/include/builtin_interfaces/builtin_interfaces/msg/rosidl_typesupport_introspection_c__visibility_control.h
[5.854s] -- Up-to-date symlink: /home/ubuntu/microros_ws/install/builtin_interfaces/include/builtin_interfaces/builtin_interfaces/msg/detail/duration__builder.hpp
[5.855s] -- Up-to-date symlink: /home/ubuntu/microros_ws/install/builtin_interfaces/include/builtin_interfaces/builtin_interfaces/msg/detail/duration__struct.hpp
[5.856s] -- Up-to-date symlink: /home/ubuntu/microros_ws/install/builtin_interfaces/include/builtin_interfaces/builtin_interfaces/msg/detail/duration__traits.hpp
[5.856s] -- Up-to-date symlink: /home/ubuntu/microros_ws/install/builtin_interfaces/include/builtin_interfaces/builtin_interfaces/msg/detail/time__builder.hpp
[5.857s] -- Up-to-date symlink: /home/ubuntu/microros_ws/install/builtin_interfaces/include/builtin_interfaces/builtin_interfaces/msg/detail/time__struct.hpp
[5.857s] -- Up-to-date symlink: /home/ubuntu/microros_ws/install/builtin_interfaces/include/builtin_interfaces/builtin_interfaces/msg/detail/time__traits.hpp
[5.867s] -- Up-to-date symlink: /home/ubuntu/microros_ws/install/builtin_interfaces/include/builtin_interfaces/builtin_interfaces/msg/duration.hpp
[5.868s] -- Up-to-date symlink: /home/ubuntu/microros_ws/install/builtin_interfaces/include/builtin_interfaces/builtin_interfaces/msg/time.hpp
[5.869s] -- Up-to-date symlink: /home/ubuntu/microros_ws/install/builtin_interfaces/include/builtin_interfaces/msg/detail/duration__rosidl_typesupport_microxrcedds_cpp.hpp
[5.869s] -- Up-to-date symlink: /home/ubuntu/microros_ws/install/builtin_interfaces/include/builtin_interfaces/msg/detail/microxrcedds/duration__type_support_cpp.cpp
[5.870s] -- Up-to-date symlink: /home/ubuntu/microros_ws/install/builtin_interfaces/include/builtin_interfaces/msg/detail/microxrcedds/time__type_support_cpp.cpp
[5.871s] -- Up-to-date symlink: /home/ubuntu/microros_ws/install/builtin_interfaces/include/builtin_interfaces/msg/detail/time__rosidl_typesupport_microxrcedds_cpp.hpp
[5.871s] -- Up-to-date symlink: /home/ubuntu/microros_ws/install/builtin_interfaces/include/builtin_interfaces/msg/rosidl_typesupport_microxrcedds_cpp__visibility_control.h
[5.872s] -- Up-to-date symlink: /home/ubuntu/microros_ws/install/builtin_interfaces/lib/libbuiltin_interfaces__rosidl_typesupport_microxrcedds_cpp.so
[5.873s] -- Up-to-date symlink: /home/ubuntu/microros_ws/install/builtin_interfaces/include/builtin_interfaces/builtin_interfaces/msg/detail/duration__rosidl_typesupport_fastrtps_cpp.hpp
[5.874s] -- Up-to-date symlink: /home/ubuntu/microros_ws/install/builtin_interfaces/include/builtin_interfaces/builtin_interfaces/msg/detail/time__rosidl_typesupport_fastrtps_cpp.hpp
[5.875s] -- Up-to-date symlink: /home/ubuntu/microros_ws/install/builtin_interfaces/include/builtin_interfaces/builtin_interfaces/msg/rosidl_typesupport_fastrtps_cpp__visibility_control.h
[5.875s] -- Up-to-date symlink: /home/ubuntu/microros_ws/install/builtin_interfaces/include/builtin_interfaces/builtin_interfaces/msg/detail/duration__rosidl_typesupport_introspection_cpp.hpp
[5.875s] -- Up-to-date symlink: /home/ubuntu/microros_ws/install/builtin_interfaces/include/builtin_interfaces/builtin_interfaces/msg/detail/time__rosidl_typesupport_introspection_cpp.hpp
[5.876s] -- Up-to-date symlink: /home/ubuntu/microros_ws/install/builtin_interfaces/share/builtin_interfaces/environment/pythonpath.sh
[5.876s] -- Up-to-date symlink: /home/ubuntu/microros_ws/install/builtin_interfaces/share/builtin_interfaces/environment/pythonpath.dsv
[5.876s] -- Up-to-date symlink: /home/ubuntu/microros_ws/install/builtin_interfaces/local/lib/python3.10/dist-packages/builtin_interfaces-1.2.1-py3.10.egg-info/PKG-INFO
[5.877s] -- Up-to-date symlink: /home/ubuntu/microros_ws/install/builtin_interfaces/local/lib/python3.10/dist-packages/builtin_interfaces-1.2.1-py3.10.egg-info/SOURCES.txt
[5.877s] -- Up-to-date symlink: /home/ubuntu/microros_ws/install/builtin_interfaces/local/lib/python3.10/dist-packages/builtin_interfaces-1.2.1-py3.10.egg-info/dependency_links.txt
[5.878s] -- Up-to-date symlink: /home/ubuntu/microros_ws/install/builtin_interfaces/local/lib/python3.10/dist-packages/builtin_interfaces-1.2.1-py3.10.egg-info/top_level.txt
[5.891s] -- Up-to-date symlink: /home/ubuntu/microros_ws/install/builtin_interfaces/local/lib/python3.10/dist-packages/builtin_interfaces/__init__.py
[5.893s] -- Up-to-date symlink: /home/ubuntu/microros_ws/install/builtin_interfaces/local/lib/python3.10/dist-packages/builtin_interfaces/_builtin_interfaces_s.ep.rosidl_typesupport_c.c
[5.902s] -- Up-to-date symlink: /home/ubuntu/microros_ws/install/builtin_interfaces/local/lib/python3.10/dist-packages/builtin_interfaces/_builtin_interfaces_s.ep.rosidl_typesupport_fastrtps_c.c
[5.903s] -- Up-to-date symlink: /home/ubuntu/microros_ws/install/builtin_interfaces/local/lib/python3.10/dist-packages/builtin_interfaces/_builtin_interfaces_s.ep.rosidl_typesupport_introspection_c.c
[5.903s] -- Up-to-date symlink: /home/ubuntu/microros_ws/install/builtin_interfaces/local/lib/python3.10/dist-packages/builtin_interfaces/_builtin_interfaces_s.ep.rosidl_typesupport_microxrcedds_c.c
[5.903s] -- Up-to-date symlink: /home/ubuntu/microros_ws/install/builtin_interfaces/local/lib/python3.10/dist-packages/builtin_interfaces/builtin_interfaces_s__rosidl_typesupport_c.cpython-310-aarch64-linux-gnu.so
[5.904s] -- Up-to-date symlink: /home/ubuntu/microros_ws/install/builtin_interfaces/local/lib/python3.10/dist-packages/builtin_interfaces/builtin_interfaces_s__rosidl_typesupport_fastrtps_c.cpython-310-aarch64-linux-gnu.so
[5.906s] -- Up-to-date symlink: /home/ubuntu/microros_ws/install/builtin_interfaces/local/lib/python3.10/dist-packages/builtin_interfaces/builtin_interfaces_s__rosidl_typesupport_introspection_c.cpython-310-aarch64-linux-gnu.so
[5.919s] -- Up-to-date symlink: /home/ubuntu/microros_ws/install/builtin_interfaces/local/lib/python3.10/dist-packages/builtin_interfaces/builtin_interfaces_s__rosidl_typesupport_microxrcedds_c.cpython-310-aarch64-linux-gnu.so
[5.919s] -- Up-to-date symlink: /home/ubuntu/microros_ws/install/builtin_interfaces/local/lib/python3.10/dist-packages/builtin_interfaces/libbuiltin_interfaces__rosidl_generator_py.so
[5.920s] -- Up-to-date symlink: /home/ubuntu/microros_ws/install/builtin_interfaces/local/lib/python3.10/dist-packages/builtin_interfaces/msg/__init__.py
[5.920s] -- Up-to-date symlink: /home/ubuntu/microros_ws/install/builtin_interfaces/local/lib/python3.10/dist-packages/builtin_interfaces/msg/_duration.py
[5.921s] -- Up-to-date symlink: /home/ubuntu/microros_ws/install/builtin_interfaces/local/lib/python3.10/dist-packages/builtin_interfaces/msg/_duration_s.c
[5.922s] -- Up-to-date symlink: /home/ubuntu/microros_ws/install/builtin_interfaces/local/lib/python3.10/dist-packages/builtin_interfaces/msg/_time.py
[5.923s] -- Up-to-date symlink: /home/ubuntu/microros_ws/install/builtin_interfaces/local/lib/python3.10/dist-packages/builtin_interfaces/msg/_time_s.c
[5.924s] -- Up-to-date symlink: /home/ubuntu/microros_ws/install/builtin_interfaces/local/lib/python3.10/dist-packages/builtin_interfaces/builtin_interfaces_s__rosidl_typesupport_microxrcedds_c.cpython-310-aarch64-linux-gnu.so
[5.925s] -- Up-to-date symlink: /home/ubuntu/microros_ws/install/builtin_interfaces/local/lib/python3.10/dist-packages/builtin_interfaces/builtin_interfaces_s__rosidl_typesupport_fastrtps_c.cpython-310-aarch64-linux-gnu.so
[5.925s] -- Up-to-date symlink: /home/ubuntu/microros_ws/install/builtin_interfaces/local/lib/python3.10/dist-packages/builtin_interfaces/builtin_interfaces_s__rosidl_typesupport_introspection_c.cpython-310-aarch64-linux-gnu.so
[5.926s] -- Up-to-date symlink: /home/ubuntu/microros_ws/install/builtin_interfaces/local/lib/python3.10/dist-packages/builtin_interfaces/builtin_interfaces_s__rosidl_typesupport_c.cpython-310-aarch64-linux-gnu.so
[5.934s] -- Up-to-date symlink: /home/ubuntu/microros_ws/install/builtin_interfaces/share/builtin_interfaces/msg/Duration.idl
[5.934s] -- Up-to-date symlink: /home/ubuntu/microros_ws/install/builtin_interfaces/share/builtin_interfaces/msg/Time.idl
[5.936s] -- Up-to-date symlink: /home/ubuntu/microros_ws/install/builtin_interfaces/share/builtin_interfaces/msg/Duration.msg
[5.936s] -- Up-to-date symlink: /home/ubuntu/microros_ws/install/builtin_interfaces/share/builtin_interfaces/msg/Time.msg
[5.937s] -- Up-to-date symlink: /home/ubuntu/microros_ws/install/builtin_interfaces/share/ament_index/resource_index/package_run_dependencies/builtin_interfaces
[5.938s] -- Up-to-date symlink: /home/ubuntu/microros_ws/install/builtin_interfaces/share/ament_index/resource_index/parent_prefix_path/builtin_interfaces
[5.938s] -- Up-to-date symlink: /home/ubuntu/microros_ws/install/builtin_interfaces/share/builtin_interfaces/environment/ament_prefix_path.sh
[5.939s] -- Up-to-date symlink: /home/ubuntu/microros_ws/install/builtin_interfaces/share/builtin_interfaces/environment/ament_prefix_path.dsv
[5.940s] -- Up-to-date symlink: /home/ubuntu/microros_ws/install/builtin_interfaces/share/builtin_interfaces/environment/path.sh
[5.940s] -- Up-to-date symlink: /home/ubuntu/microros_ws/install/builtin_interfaces/share/builtin_interfaces/environment/path.dsv
[5.942s] -- Up-to-date symlink: /home/ubuntu/microros_ws/install/builtin_interfaces/share/builtin_interfaces/local_setup.bash
[5.942s] -- Up-to-date symlink: /home/ubuntu/microros_ws/install/builtin_interfaces/share/builtin_interfaces/local_setup.sh
[5.943s] -- Up-to-date symlink: /home/ubuntu/microros_ws/install/builtin_interfaces/share/builtin_interfaces/local_setup.zsh
[5.943s] -- Up-to-date symlink: /home/ubuntu/microros_ws/install/builtin_interfaces/share/builtin_interfaces/local_setup.dsv
[5.944s] -- Symlinking: /home/ubuntu/microros_ws/install/builtin_interfaces/share/builtin_interfaces/package.dsv
[6.005s] -- Up-to-date symlink: /home/ubuntu/microros_ws/install/builtin_interfaces/share/ament_index/resource_index/packages/builtin_interfaces
[6.006s] -- Up-to-date symlink: /home/ubuntu/microros_ws/install/builtin_interfaces/share/builtin_interfaces/cmake/rosidl_cmake-extras.cmake
[6.008s] -- Up-to-date symlink: /home/ubuntu/microros_ws/install/builtin_interfaces/share/builtin_interfaces/cmake/ament_cmake_export_include_directories-extras.cmake
[6.011s] -- Up-to-date symlink: /home/ubuntu/microros_ws/install/builtin_interfaces/share/builtin_interfaces/cmake/ament_cmake_export_libraries-extras.cmake
[6.014s] -- Up-to-date symlink: /home/ubuntu/microros_ws/install/builtin_interfaces/share/builtin_interfaces/cmake/ament_cmake_export_targets-extras.cmake
[6.017s] -- Up-to-date symlink: /home/ubuntu/microros_ws/install/builtin_interfaces/share/builtin_interfaces/cmake/rosidl_cmake_export_typesupport_targets-extras.cmake
[6.020s] -- Up-to-date symlink: /home/ubuntu/microros_ws/install/builtin_interfaces/share/builtin_interfaces/cmake/ament_cmake_export_dependencies-extras.cmake
[6.024s] -- Up-to-date symlink: /home/ubuntu/microros_ws/install/builtin_interfaces/share/builtin_interfaces/cmake/rosidl_cmake_export_typesupport_libraries-extras.cmake
[6.032s] -- Up-to-date symlink: /home/ubuntu/microros_ws/install/builtin_interfaces/share/builtin_interfaces/cmake/builtin_interfacesConfig.cmake
[6.036s] -- Up-to-date symlink: /home/ubuntu/microros_ws/install/builtin_interfaces/share/builtin_interfaces/cmake/builtin_interfacesConfig-version.cmake
[6.041s] -- Up-to-date symlink: /home/ubuntu/microros_ws/install/builtin_interfaces/share/builtin_interfaces/package.xml
[6.046s] -- Up-to-date: /home/ubuntu/microros_ws/install/builtin_interfaces/lib/libbuiltin_interfaces__rosidl_generator_c.so
[6.051s] -- Up-to-date: /home/ubuntu/microros_ws/install/builtin_interfaces/lib/libbuiltin_interfaces__rosidl_typesupport_fastrtps_c.so
[6.062s] -- Up-to-date: /home/ubuntu/microros_ws/install/builtin_interfaces/lib/libbuiltin_interfaces__rosidl_typesupport_introspection_c.so
[6.070s] -- Up-to-date: /home/ubuntu/microros_ws/install/builtin_interfaces/lib/libbuiltin_interfaces__rosidl_typesupport_c.so
[6.099s] -- Up-to-date: /home/ubuntu/microros_ws/install/builtin_interfaces/lib/libbuiltin_interfaces__rosidl_typesupport_fastrtps_cpp.so
[6.136s] -- Up-to-date: /home/ubuntu/microros_ws/install/builtin_interfaces/lib/libbuiltin_interfaces__rosidl_typesupport_introspection_cpp.so
[6.165s] -- Up-to-date: /home/ubuntu/microros_ws/install/builtin_interfaces/lib/libbuiltin_interfaces__rosidl_typesupport_cpp.so
[6.320s] Listing '/home/ubuntu/microros_ws/install/builtin_interfaces/local/lib/python3.10/dist-packages/builtin_interfaces'...
[6.320s] Listing '/home/ubuntu/microros_ws/install/builtin_interfaces/local/lib/python3.10/dist-packages/builtin_interfaces/msg'...
[6.329s] -- Up-to-date: /home/ubuntu/microros_ws/install/builtin_interfaces/lib/libbuiltin_interfaces__rosidl_generator_py.so
[6.329s] -- Up-to-date: /home/ubuntu/microros_ws/install/builtin_interfaces/share/builtin_interfaces/cmake/export_builtin_interfaces__rosidl_generator_cExport.cmake
[6.330s] -- Up-to-date: /home/ubuntu/microros_ws/install/builtin_interfaces/share/builtin_interfaces/cmake/export_builtin_interfaces__rosidl_generator_cExport-noconfig.cmake
[6.333s] -- Up-to-date: /home/ubuntu/microros_ws/install/builtin_interfaces/share/builtin_interfaces/cmake/export_builtin_interfaces__rosidl_typesupport_fastrtps_cExport.cmake
[6.334s] -- Up-to-date: /home/ubuntu/microros_ws/install/builtin_interfaces/share/builtin_interfaces/cmake/export_builtin_interfaces__rosidl_typesupport_fastrtps_cExport-noconfig.cmake
[6.339s] -- Up-to-date: /home/ubuntu/microros_ws/install/builtin_interfaces/share/builtin_interfaces/cmake/builtin_interfaces__rosidl_typesupport_introspection_cExport.cmake
[6.341s] -- Up-to-date: /home/ubuntu/microros_ws/install/builtin_interfaces/share/builtin_interfaces/cmake/builtin_interfaces__rosidl_typesupport_introspection_cExport-noconfig.cmake
[6.348s] -- Up-to-date: /home/ubuntu/microros_ws/install/builtin_interfaces/share/builtin_interfaces/cmake/builtin_interfaces__rosidl_typesupport_cExport.cmake
[6.349s] -- Up-to-date: /home/ubuntu/microros_ws/install/builtin_interfaces/share/builtin_interfaces/cmake/builtin_interfaces__rosidl_typesupport_cExport-noconfig.cmake
[6.350s] -- Up-to-date: /home/ubuntu/microros_ws/install/builtin_interfaces/share/builtin_interfaces/cmake/export_builtin_interfaces__rosidl_generator_cppExport.cmake
[6.351s] -- Up-to-date: /home/ubuntu/microros_ws/install/builtin_interfaces/share/builtin_interfaces/cmake/export_builtin_interfaces__rosidl_typesupport_fastrtps_cppExport.cmake
[6.352s] -- Up-to-date: /home/ubuntu/microros_ws/install/builtin_interfaces/share/builtin_interfaces/cmake/export_builtin_interfaces__rosidl_typesupport_fastrtps_cppExport-noconfig.cmake
[6.355s] -- Up-to-date: /home/ubuntu/microros_ws/install/builtin_interfaces/share/builtin_interfaces/cmake/builtin_interfaces__rosidl_typesupport_introspection_cppExport.cmake
[6.356s] -- Up-to-date: /home/ubuntu/microros_ws/install/builtin_interfaces/share/builtin_interfaces/cmake/builtin_interfaces__rosidl_typesupport_introspection_cppExport-noconfig.cmake
[6.358s] -- Up-to-date: /home/ubuntu/microros_ws/install/builtin_interfaces/share/builtin_interfaces/cmake/builtin_interfaces__rosidl_typesupport_cppExport.cmake
[6.362s] -- Up-to-date: /home/ubuntu/microros_ws/install/builtin_interfaces/share/builtin_interfaces/cmake/builtin_interfaces__rosidl_typesupport_cppExport-noconfig.cmake
[6.367s] -- Up-to-date: /home/ubuntu/microros_ws/install/builtin_interfaces/share/builtin_interfaces/cmake/export_builtin_interfaces__rosidl_generator_pyExport.cmake
[6.368s] -- Up-to-date: /home/ubuntu/microros_ws/install/builtin_interfaces/share/builtin_interfaces/cmake/export_builtin_interfaces__rosidl_generator_pyExport-noconfig.cmake
[6.417s] Invoked command in '/home/ubuntu/microros_ws/build/builtin_interfaces' returned '0': CMAKE_PREFIX_PATH=/opt/ros/humble /usr/bin/cmake --install /home/ubuntu/microros_ws/build/builtin_interfaces
