[0.757s] DEBUG:colcon:Command line arguments: ['/usr/bin/colcon', 'build', '--packages-select', 'cpp_pubsub']
[0.758s] DEBUG:colcon:Parsed command line arguments: Namespace(log_base=None, log_level=None, verb_name='build', build_base='build', install_base='install', merge_install=False, symlink_install=False, test_result_base=None, continue_on_error=False, executor='parallel', parallel_workers=4, event_handlers=None, ignore_user_meta=False, metas=['./colcon.meta'], base_paths=['.'], packages_ignore=None, packages_ignore_regex=None, paths=None, packages_up_to=None, packages_up_to_regex=None, packages_above=None, packages_above_and_dependencies=None, packages_above_depth=None, packages_select_by_dep=None, packages_skip_by_dep=None, packages_skip_up_to=None, packages_select_build_failed=False, packages_skip_build_finished=False, packages_select_test_failures=False, packages_skip_test_passed=False, packages_select=['cpp_pubsub'], packages_skip=None, packages_select_regex=None, packages_skip_regex=None, packages_start=None, packages_end=None, allow_overriding=[], cmake_args=None, cmake_target=None, cmake_target_skip_unavailable=False, cmake_clean_cache=False, cmake_clean_first=False, cmake_force_configure=False, ament_cmake_args=None, catkin_cmake_args=None, catkin_skip_building_tests=False, verb_parser=<colcon_defaults.argument_parser.defaults.DefaultArgumentsDecorator object at 0xffffb308ee00>, verb_extension=<colcon_core.verb.build.BuildVerb object at 0xffffb31c7a30>, main=<bound method BuildVerb.main of <colcon_core.verb.build.BuildVerb object at 0xffffb31c7a30>>)
[2.229s] Level 1:colcon.colcon_core.package_discovery:discover_packages(colcon_meta) check parameters
[2.230s] Level 1:colcon.colcon_core.package_discovery:discover_packages(recursive) check parameters
[2.230s] Level 1:colcon.colcon_core.package_discovery:discover_packages(ignore) check parameters
[2.231s] Level 1:colcon.colcon_core.package_discovery:discover_packages(path) check parameters
[2.231s] Level 1:colcon.colcon_core.package_discovery:discover_packages(colcon_meta) discover
[2.231s] Level 1:colcon.colcon_core.package_discovery:discover_packages(recursive) discover
[2.232s] INFO:colcon.colcon_core.package_discovery:Crawling recursively for packages in '/home/ubuntu/microros_ws/src/robotsub/src'
[2.232s] Level 1:colcon.colcon_core.package_identification:_identify(.) by extensions ['ignore', 'ignore_ament_install']
[2.233s] Level 1:colcon.colcon_core.package_identification:_identify(.) by extension 'ignore'
[2.233s] Level 1:colcon.colcon_core.package_identification:_identify(.) by extension 'ignore_ament_install'
[2.234s] Level 1:colcon.colcon_core.package_identification:_identify(.) by extensions ['colcon_pkg']
[2.235s] Level 1:colcon.colcon_core.package_identification:_identify(.) by extension 'colcon_pkg'
[2.237s] Level 1:colcon.colcon_core.package_identification:_identify(.) by extensions ['colcon_meta']
[2.238s] Level 1:colcon.colcon_core.package_identification:_identify(.) by extension 'colcon_meta'
[2.240s] Level 1:colcon.colcon_core.package_identification:_identify(.) by extensions ['ros']
[2.242s] Level 1:colcon.colcon_core.package_identification:_identify(.) by extension 'ros'
[2.308s] Level 1:colcon.colcon_core.package_identification:_identify(.) by extensions ['cmake', 'python']
[2.309s] Level 1:colcon.colcon_core.package_identification:_identify(.) by extension 'cmake'
[2.309s] Level 1:colcon.colcon_core.package_identification:_identify(.) by extension 'python'
[2.310s] Level 1:colcon.colcon_core.package_identification:_identify(.) by extensions ['python_setup_py']
[2.310s] Level 1:colcon.colcon_core.package_identification:_identify(.) by extension 'python_setup_py'
[2.311s] Level 1:colcon.colcon_core.package_identification:_identify(build) by extensions ['ignore', 'ignore_ament_install']
[2.312s] Level 1:colcon.colcon_core.package_identification:_identify(build) by extension 'ignore'
[2.312s] Level 1:colcon.colcon_core.package_identification:_identify(build) ignored
[2.313s] Level 1:colcon.colcon_core.package_identification:_identify(install) by extensions ['ignore', 'ignore_ament_install']
[2.314s] Level 1:colcon.colcon_core.package_identification:_identify(install) by extension 'ignore'
[2.314s] Level 1:colcon.colcon_core.package_identification:_identify(install) ignored
[2.315s] Level 1:colcon.colcon_core.package_identification:_identify(log) by extensions ['ignore', 'ignore_ament_install']
[2.316s] Level 1:colcon.colcon_core.package_identification:_identify(log) by extension 'ignore'
[2.316s] Level 1:colcon.colcon_core.package_identification:_identify(log) ignored
[2.316s] Level 1:colcon.colcon_core.package_discovery:discover_packages(recursive) using defaults
[2.316s] Level 1:colcon.colcon_core.package_discovery:discover_packages(ignore) discover
[2.317s] Level 1:colcon.colcon_core.package_discovery:discover_packages(ignore) using defaults
[2.317s] Level 1:colcon.colcon_core.package_discovery:discover_packages(path) discover
[2.317s] Level 1:colcon.colcon_core.package_discovery:discover_packages(path) using defaults
[2.318s] WARNING:colcon.colcon_core.package_selection:ignoring unknown package 'cpp_pubsub' in --packages-select
[2.453s] Level 1:colcon.colcon_core.package_discovery:discover_packages(prefix_path) check parameters
[2.453s] Level 1:colcon.colcon_core.package_discovery:discover_packages(prefix_path) discover
[2.489s] DEBUG:colcon.colcon_installed_package_information.package_discovery:Found 43 installed packages in /home/ubuntu/microros_ws/install
[2.500s] DEBUG:colcon.colcon_installed_package_information.package_discovery:Found 274 installed packages in /opt/ros/humble
[2.515s] Level 1:colcon.colcon_core.package_discovery:discover_packages(prefix_path) using defaults
[2.835s] INFO:colcon.colcon_core.executor:Executing jobs using 'parallel' executor
[2.842s] DEBUG:colcon.colcon_parallel_executor.executor.parallel:run_until_complete
[2.843s] DEBUG:colcon.colcon_parallel_executor.executor.parallel:closing loop
[2.844s] DEBUG:colcon.colcon_parallel_executor.executor.parallel:loop closed
[2.844s] DEBUG:colcon.colcon_parallel_executor.executor.parallel:run_until_complete finished with '0'
[2.845s] DEBUG:colcon.colcon_core.event_reactor:joining thread
[2.890s] INFO:colcon.colcon_core.plugin_system:Skipping extension 'colcon_notification.desktop_notification.terminal_notifier': Not used on non-Darwin systems
[2.890s] INFO:colcon.colcon_core.plugin_system:Skipping extension 'colcon_notification.desktop_notification.win32': Not used on non-Windows systems
[2.891s] INFO:colcon.colcon_notification.desktop_notification:Sending desktop notification using 'notify2'
[2.971s] DEBUG:colcon.colcon_core.event_reactor:joined thread
[3.000s] INFO:colcon.colcon_core.plugin_system:Skipping extension 'colcon_core.shell.bat': Not used on non-Windows systems
[3.001s] INFO:colcon.colcon_core.shell:Creating prefix script '/home/ubuntu/microros_ws/src/robotsub/src/install/local_setup.ps1'
[3.006s] INFO:colcon.colcon_core.shell:Creating prefix util module '/home/ubuntu/microros_ws/src/robotsub/src/install/_local_setup_util_ps1.py'
[3.013s] INFO:colcon.colcon_core.shell:Creating prefix chain script '/home/ubuntu/microros_ws/src/robotsub/src/install/setup.ps1'
[3.039s] INFO:colcon.colcon_core.shell:Creating prefix script '/home/ubuntu/microros_ws/src/robotsub/src/install/local_setup.sh'
[3.042s] INFO:colcon.colcon_core.shell:Creating prefix util module '/home/ubuntu/microros_ws/src/robotsub/src/install/_local_setup_util_sh.py'
[3.047s] INFO:colcon.colcon_core.shell:Creating prefix chain script '/home/ubuntu/microros_ws/src/robotsub/src/install/setup.sh'
[3.071s] INFO:colcon.colcon_core.shell:Creating prefix script '/home/ubuntu/microros_ws/src/robotsub/src/install/local_setup.bash'
[3.074s] INFO:colcon.colcon_core.shell:Creating prefix chain script '/home/ubuntu/microros_ws/src/robotsub/src/install/setup.bash'
[3.109s] INFO:colcon.colcon_core.shell:Creating prefix script '/home/ubuntu/microros_ws/src/robotsub/src/install/local_setup.zsh'
[3.120s] INFO:colcon.colcon_core.shell:Creating prefix chain script '/home/ubuntu/microros_ws/src/robotsub/src/install/setup.zsh'
