[0.225s] Invoking command in '/home/ubuntu/microros_ws/build/sensor_msgs': AMENT_PREFIX_PATH=/home/ubuntu/microros_ws/install/geometry_msgs:/home/ubuntu/microros_ws/install/std_msgs:/home/ubuntu/microros_ws/install/builtin_interfaces:${AMENT_PREFIX_PATH} CMAKE_PREFIX_PATH=/home/ubuntu/microros_ws/install/geometry_msgs:/home/ubuntu/microros_ws/install/std_msgs:/home/ubuntu/microros_ws/install/builtin_interfaces:/opt/ros/humble LD_LIBRARY_PATH=/home/ubuntu/microros_ws/install/geometry_msgs/lib:/home/ubuntu/microros_ws/install/std_msgs/lib:/home/ubuntu/microros_ws/install/builtin_interfaces/lib:${LD_LIBRARY_PATH} PYTHONPATH=/home/ubuntu/microros_ws/install/geometry_msgs/local/lib/python3.10/dist-packages:/home/ubuntu/microros_ws/install/std_msgs/local/lib/python3.10/dist-packages:/home/ubuntu/microros_ws/install/builtin_interfaces/local/lib/python3.10/dist-packages:${PYTHONPATH} /usr/bin/cmake --build /home/ubuntu/microros_ws/build/sensor_msgs -- -j4 -l4
[0.553s] [  0%] Built target sensor_msgs__cpp
[0.748s] [  0%] Built target ament_cmake_python_symlink_sensor_msgs
[1.053s] [ 12%] Built target sensor_msgs__rosidl_typesupport_fastrtps_cpp
[1.354s] [ 25%] Built target sensor_msgs__rosidl_typesupport_introspection_cpp
[3.562s] running egg_info
[3.570s] writing sensor_msgs.egg-info/PKG-INFO
[3.572s] writing dependency_links to sensor_msgs.egg-info/dependency_links.txt
[3.574s] writing top-level names to sensor_msgs.egg-info/top_level.txt
[3.590s] reading manifest file 'sensor_msgs.egg-info/SOURCES.txt'
[3.597s] writing manifest file 'sensor_msgs.egg-info/SOURCES.txt'
[3.833s] [ 25%] Built target ament_cmake_python_build_sensor_msgs_egg
[4.010s] [ 37%] Built target sensor_msgs__rosidl_typesupport_cpp
[4.201s] [ 49%] Built target sensor_msgs__rosidl_generator_c
[4.420s] [ 61%] Built target sensor_msgs__rosidl_typesupport_fastrtps_c
[4.582s] [ 73%] Built target sensor_msgs__rosidl_typesupport_c
[4.766s] [ 86%] Built target sensor_msgs__rosidl_typesupport_introspection_c
[4.901s] [ 86%] Built target sensor_msgs
[5.048s] [ 86%] Built target sensor_msgs__py
[5.270s] [ 98%] Built target sensor_msgs__rosidl_generator_py
[5.419s] [ 99%] Built target sensor_msgs__rosidl_typesupport_fastrtps_c__pyext
[5.572s] [100%] Built target sensor_msgs__rosidl_typesupport_c__pyext
[5.721s] [100%] Built target sensor_msgs__rosidl_typesupport_introspection_c__pyext
[5.794s] Invoked command in '/home/ubuntu/microros_ws/build/sensor_msgs' returned '0': AMENT_PREFIX_PATH=/home/ubuntu/microros_ws/install/geometry_msgs:/home/ubuntu/microros_ws/install/std_msgs:/home/ubuntu/microros_ws/install/builtin_interfaces:${AMENT_PREFIX_PATH} CMAKE_PREFIX_PATH=/home/ubuntu/microros_ws/install/geometry_msgs:/home/ubuntu/microros_ws/install/std_msgs:/home/ubuntu/microros_ws/install/builtin_interfaces:/opt/ros/humble LD_LIBRARY_PATH=/home/ubuntu/microros_ws/install/geometry_msgs/lib:/home/ubuntu/microros_ws/install/std_msgs/lib:/home/ubuntu/microros_ws/install/builtin_interfaces/lib:${LD_LIBRARY_PATH} PYTHONPATH=/home/ubuntu/microros_ws/install/geometry_msgs/local/lib/python3.10/dist-packages:/home/ubuntu/microros_ws/install/std_msgs/local/lib/python3.10/dist-packages:/home/ubuntu/microros_ws/install/builtin_interfaces/local/lib/python3.10/dist-packages:${PYTHONPATH} /usr/bin/cmake --build /home/ubuntu/microros_ws/build/sensor_msgs -- -j4 -l4
[10.709s] Invoking command in '/home/ubuntu/microros_ws/build/sensor_msgs': AMENT_PREFIX_PATH=/home/ubuntu/microros_ws/install/geometry_msgs:/home/ubuntu/microros_ws/install/std_msgs:/home/ubuntu/microros_ws/install/builtin_interfaces:${AMENT_PREFIX_PATH} CMAKE_PREFIX_PATH=/home/ubuntu/microros_ws/install/geometry_msgs:/home/ubuntu/microros_ws/install/std_msgs:/home/ubuntu/microros_ws/install/builtin_interfaces:/opt/ros/humble LD_LIBRARY_PATH=/home/ubuntu/microros_ws/install/geometry_msgs/lib:/home/ubuntu/microros_ws/install/std_msgs/lib:/home/ubuntu/microros_ws/install/builtin_interfaces/lib:${LD_LIBRARY_PATH} PYTHONPATH=/home/ubuntu/microros_ws/install/geometry_msgs/local/lib/python3.10/dist-packages:/home/ubuntu/microros_ws/install/std_msgs/local/lib/python3.10/dist-packages:/home/ubuntu/microros_ws/install/builtin_interfaces/local/lib/python3.10/dist-packages:${PYTHONPATH} /usr/bin/cmake --install /home/ubuntu/microros_ws/build/sensor_msgs
[10.763s] -- Install configuration: ""
[10.768s] -- Execute custom install script
[10.772s] -- Up-to-date symlink: /home/ubuntu/microros_ws/install/sensor_msgs/share/ament_index/resource_index/rosidl_interfaces/sensor_msgs
[10.791s] -- Up-to-date symlink: /home/ubuntu/microros_ws/install/sensor_msgs/include/sensor_msgs/sensor_msgs/msg/battery_state.h
[10.794s] -- Up-to-date symlink: /home/ubuntu/microros_ws/install/sensor_msgs/include/sensor_msgs/sensor_msgs/msg/camera_info.h
[10.795s] -- Up-to-date symlink: /home/ubuntu/microros_ws/install/sensor_msgs/include/sensor_msgs/sensor_msgs/msg/channel_float32.h
[10.796s] -- Up-to-date symlink: /home/ubuntu/microros_ws/install/sensor_msgs/include/sensor_msgs/sensor_msgs/msg/compressed_image.h
[10.796s] -- Up-to-date symlink: /home/ubuntu/microros_ws/install/sensor_msgs/include/sensor_msgs/sensor_msgs/msg/detail/battery_state__functions.h
[10.797s] -- Up-to-date symlink: /home/ubuntu/microros_ws/install/sensor_msgs/include/sensor_msgs/sensor_msgs/msg/detail/battery_state__struct.h
[10.797s] -- Up-to-date symlink: /home/ubuntu/microros_ws/install/sensor_msgs/include/sensor_msgs/sensor_msgs/msg/detail/battery_state__type_support.h
[10.798s] -- Up-to-date symlink: /home/ubuntu/microros_ws/install/sensor_msgs/include/sensor_msgs/sensor_msgs/msg/detail/camera_info__functions.h
[10.799s] -- Up-to-date symlink: /home/ubuntu/microros_ws/install/sensor_msgs/include/sensor_msgs/sensor_msgs/msg/detail/camera_info__struct.h
[10.801s] -- Up-to-date symlink: /home/ubuntu/microros_ws/install/sensor_msgs/include/sensor_msgs/sensor_msgs/msg/detail/camera_info__type_support.h
[10.802s] -- Up-to-date symlink: /home/ubuntu/microros_ws/install/sensor_msgs/include/sensor_msgs/sensor_msgs/msg/detail/channel_float32__functions.h
[10.803s] -- Up-to-date symlink: /home/ubuntu/microros_ws/install/sensor_msgs/include/sensor_msgs/sensor_msgs/msg/detail/channel_float32__struct.h
[10.812s] -- Up-to-date symlink: /home/ubuntu/microros_ws/install/sensor_msgs/include/sensor_msgs/sensor_msgs/msg/detail/channel_float32__type_support.h
[10.812s] -- Up-to-date symlink: /home/ubuntu/microros_ws/install/sensor_msgs/include/sensor_msgs/sensor_msgs/msg/detail/compressed_image__functions.h
[10.813s] -- Up-to-date symlink: /home/ubuntu/microros_ws/install/sensor_msgs/include/sensor_msgs/sensor_msgs/msg/detail/compressed_image__struct.h
[10.814s] -- Up-to-date symlink: /home/ubuntu/microros_ws/install/sensor_msgs/include/sensor_msgs/sensor_msgs/msg/detail/compressed_image__type_support.h
[10.816s] -- Up-to-date symlink: /home/ubuntu/microros_ws/install/sensor_msgs/include/sensor_msgs/sensor_msgs/msg/detail/fluid_pressure__functions.h
[10.817s] -- Up-to-date symlink: /home/ubuntu/microros_ws/install/sensor_msgs/include/sensor_msgs/sensor_msgs/msg/detail/fluid_pressure__struct.h
[10.818s] -- Up-to-date symlink: /home/ubuntu/microros_ws/install/sensor_msgs/include/sensor_msgs/sensor_msgs/msg/detail/fluid_pressure__type_support.h
[10.822s] -- Up-to-date symlink: /home/ubuntu/microros_ws/install/sensor_msgs/include/sensor_msgs/sensor_msgs/msg/detail/illuminance__functions.h
[10.823s] -- Up-to-date symlink: /home/ubuntu/microros_ws/install/sensor_msgs/include/sensor_msgs/sensor_msgs/msg/detail/illuminance__struct.h
[10.825s] -- Up-to-date symlink: /home/ubuntu/microros_ws/install/sensor_msgs/include/sensor_msgs/sensor_msgs/msg/detail/illuminance__type_support.h
[10.826s] -- Up-to-date symlink: /home/ubuntu/microros_ws/install/sensor_msgs/include/sensor_msgs/sensor_msgs/msg/detail/image__functions.h
[10.831s] -- Up-to-date symlink: /home/ubuntu/microros_ws/install/sensor_msgs/include/sensor_msgs/sensor_msgs/msg/detail/image__struct.h
[10.833s] -- Up-to-date symlink: /home/ubuntu/microros_ws/install/sensor_msgs/include/sensor_msgs/sensor_msgs/msg/detail/image__type_support.h
[10.835s] -- Up-to-date symlink: /home/ubuntu/microros_ws/install/sensor_msgs/include/sensor_msgs/sensor_msgs/msg/detail/imu__functions.h
[10.843s] -- Up-to-date symlink: /home/ubuntu/microros_ws/install/sensor_msgs/include/sensor_msgs/sensor_msgs/msg/detail/imu__struct.h
[10.844s] -- Up-to-date symlink: /home/ubuntu/microros_ws/install/sensor_msgs/include/sensor_msgs/sensor_msgs/msg/detail/imu__type_support.h
[10.844s] -- Up-to-date symlink: /home/ubuntu/microros_ws/install/sensor_msgs/include/sensor_msgs/sensor_msgs/msg/detail/joint_state__functions.h
[10.845s] -- Up-to-date symlink: /home/ubuntu/microros_ws/install/sensor_msgs/include/sensor_msgs/sensor_msgs/msg/detail/joint_state__struct.h
[10.845s] -- Up-to-date symlink: /home/ubuntu/microros_ws/install/sensor_msgs/include/sensor_msgs/sensor_msgs/msg/detail/joint_state__type_support.h
[10.846s] -- Up-to-date symlink: /home/ubuntu/microros_ws/install/sensor_msgs/include/sensor_msgs/sensor_msgs/msg/detail/joy__functions.h
[10.846s] -- Up-to-date symlink: /home/ubuntu/microros_ws/install/sensor_msgs/include/sensor_msgs/sensor_msgs/msg/detail/joy__struct.h
[10.847s] -- Up-to-date symlink: /home/ubuntu/microros_ws/install/sensor_msgs/include/sensor_msgs/sensor_msgs/msg/detail/joy__type_support.h
[10.855s] -- Up-to-date symlink: /home/ubuntu/microros_ws/install/sensor_msgs/include/sensor_msgs/sensor_msgs/msg/detail/joy_feedback__functions.h
[10.857s] -- Up-to-date symlink: /home/ubuntu/microros_ws/install/sensor_msgs/include/sensor_msgs/sensor_msgs/msg/detail/joy_feedback__struct.h
[10.859s] -- Up-to-date symlink: /home/ubuntu/microros_ws/install/sensor_msgs/include/sensor_msgs/sensor_msgs/msg/detail/joy_feedback__type_support.h
[10.860s] -- Up-to-date symlink: /home/ubuntu/microros_ws/install/sensor_msgs/include/sensor_msgs/sensor_msgs/msg/detail/joy_feedback_array__functions.h
[10.860s] -- Up-to-date symlink: /home/ubuntu/microros_ws/install/sensor_msgs/include/sensor_msgs/sensor_msgs/msg/detail/joy_feedback_array__struct.h
[10.861s] -- Up-to-date symlink: /home/ubuntu/microros_ws/install/sensor_msgs/include/sensor_msgs/sensor_msgs/msg/detail/joy_feedback_array__type_support.h
[10.861s] -- Up-to-date symlink: /home/ubuntu/microros_ws/install/sensor_msgs/include/sensor_msgs/sensor_msgs/msg/detail/laser_echo__functions.h
[10.862s] -- Up-to-date symlink: /home/ubuntu/microros_ws/install/sensor_msgs/include/sensor_msgs/sensor_msgs/msg/detail/laser_echo__struct.h
[10.862s] -- Up-to-date symlink: /home/ubuntu/microros_ws/install/sensor_msgs/include/sensor_msgs/sensor_msgs/msg/detail/laser_echo__type_support.h
[10.863s] -- Up-to-date symlink: /home/ubuntu/microros_ws/install/sensor_msgs/include/sensor_msgs/sensor_msgs/msg/detail/laser_scan__functions.h
[10.863s] -- Up-to-date symlink: /home/ubuntu/microros_ws/install/sensor_msgs/include/sensor_msgs/sensor_msgs/msg/detail/laser_scan__struct.h
[10.864s] -- Up-to-date symlink: /home/ubuntu/microros_ws/install/sensor_msgs/include/sensor_msgs/sensor_msgs/msg/detail/laser_scan__type_support.h
[10.864s] -- Up-to-date symlink: /home/ubuntu/microros_ws/install/sensor_msgs/include/sensor_msgs/sensor_msgs/msg/detail/magnetic_field__functions.h
[10.865s] -- Up-to-date symlink: /home/ubuntu/microros_ws/install/sensor_msgs/include/sensor_msgs/sensor_msgs/msg/detail/magnetic_field__struct.h
[10.865s] -- Up-to-date symlink: /home/ubuntu/microros_ws/install/sensor_msgs/include/sensor_msgs/sensor_msgs/msg/detail/magnetic_field__type_support.h
[10.866s] -- Up-to-date symlink: /home/ubuntu/microros_ws/install/sensor_msgs/include/sensor_msgs/sensor_msgs/msg/detail/multi_dof_joint_state__functions.h
[10.873s] -- Up-to-date symlink: /home/ubuntu/microros_ws/install/sensor_msgs/include/sensor_msgs/sensor_msgs/msg/detail/multi_dof_joint_state__struct.h
[10.874s] -- Up-to-date symlink: /home/ubuntu/microros_ws/install/sensor_msgs/include/sensor_msgs/sensor_msgs/msg/detail/multi_dof_joint_state__type_support.h
[10.876s] -- Up-to-date symlink: /home/ubuntu/microros_ws/install/sensor_msgs/include/sensor_msgs/sensor_msgs/msg/detail/multi_echo_laser_scan__functions.h
[10.883s] -- Up-to-date symlink: /home/ubuntu/microros_ws/install/sensor_msgs/include/sensor_msgs/sensor_msgs/msg/detail/multi_echo_laser_scan__struct.h
[10.884s] -- Up-to-date symlink: /home/ubuntu/microros_ws/install/sensor_msgs/include/sensor_msgs/sensor_msgs/msg/detail/multi_echo_laser_scan__type_support.h
[10.885s] -- Up-to-date symlink: /home/ubuntu/microros_ws/install/sensor_msgs/include/sensor_msgs/sensor_msgs/msg/detail/nav_sat_fix__functions.h
[10.886s] -- Up-to-date symlink: /home/ubuntu/microros_ws/install/sensor_msgs/include/sensor_msgs/sensor_msgs/msg/detail/nav_sat_fix__struct.h
[10.895s] -- Up-to-date symlink: /home/ubuntu/microros_ws/install/sensor_msgs/include/sensor_msgs/sensor_msgs/msg/detail/nav_sat_fix__type_support.h
[10.896s] -- Up-to-date symlink: /home/ubuntu/microros_ws/install/sensor_msgs/include/sensor_msgs/sensor_msgs/msg/detail/nav_sat_status__functions.h
[10.897s] -- Up-to-date symlink: /home/ubuntu/microros_ws/install/sensor_msgs/include/sensor_msgs/sensor_msgs/msg/detail/nav_sat_status__struct.h
[10.897s] -- Up-to-date symlink: /home/ubuntu/microros_ws/install/sensor_msgs/include/sensor_msgs/sensor_msgs/msg/detail/nav_sat_status__type_support.h
[10.898s] -- Up-to-date symlink: /home/ubuntu/microros_ws/install/sensor_msgs/include/sensor_msgs/sensor_msgs/msg/detail/point_cloud2__functions.h
[10.899s] -- Up-to-date symlink: /home/ubuntu/microros_ws/install/sensor_msgs/include/sensor_msgs/sensor_msgs/msg/detail/point_cloud2__struct.h
[10.900s] -- Up-to-date symlink: /home/ubuntu/microros_ws/install/sensor_msgs/include/sensor_msgs/sensor_msgs/msg/detail/point_cloud2__type_support.h
[10.901s] -- Up-to-date symlink: /home/ubuntu/microros_ws/install/sensor_msgs/include/sensor_msgs/sensor_msgs/msg/detail/point_cloud__functions.h
[10.904s] -- Up-to-date symlink: /home/ubuntu/microros_ws/install/sensor_msgs/include/sensor_msgs/sensor_msgs/msg/detail/point_cloud__struct.h
[10.906s] -- Up-to-date symlink: /home/ubuntu/microros_ws/install/sensor_msgs/include/sensor_msgs/sensor_msgs/msg/detail/point_cloud__type_support.h
[10.908s] -- Up-to-date symlink: /home/ubuntu/microros_ws/install/sensor_msgs/include/sensor_msgs/sensor_msgs/msg/detail/point_field__functions.h
[10.911s] -- Up-to-date symlink: /home/ubuntu/microros_ws/install/sensor_msgs/include/sensor_msgs/sensor_msgs/msg/detail/point_field__struct.h
[10.913s] -- Up-to-date symlink: /home/ubuntu/microros_ws/install/sensor_msgs/include/sensor_msgs/sensor_msgs/msg/detail/point_field__type_support.h
[10.917s] -- Up-to-date symlink: /home/ubuntu/microros_ws/install/sensor_msgs/include/sensor_msgs/sensor_msgs/msg/detail/range__functions.h
[10.918s] -- Up-to-date symlink: /home/ubuntu/microros_ws/install/sensor_msgs/include/sensor_msgs/sensor_msgs/msg/detail/range__struct.h
[10.920s] -- Up-to-date symlink: /home/ubuntu/microros_ws/install/sensor_msgs/include/sensor_msgs/sensor_msgs/msg/detail/range__type_support.h
[10.922s] -- Up-to-date symlink: /home/ubuntu/microros_ws/install/sensor_msgs/include/sensor_msgs/sensor_msgs/msg/detail/region_of_interest__functions.h
[10.924s] -- Up-to-date symlink: /home/ubuntu/microros_ws/install/sensor_msgs/include/sensor_msgs/sensor_msgs/msg/detail/region_of_interest__struct.h
[10.927s] -- Up-to-date symlink: /home/ubuntu/microros_ws/install/sensor_msgs/include/sensor_msgs/sensor_msgs/msg/detail/region_of_interest__type_support.h
[10.929s] -- Up-to-date symlink: /home/ubuntu/microros_ws/install/sensor_msgs/include/sensor_msgs/sensor_msgs/msg/detail/relative_humidity__functions.h
[10.934s] -- Up-to-date symlink: /home/ubuntu/microros_ws/install/sensor_msgs/include/sensor_msgs/sensor_msgs/msg/detail/relative_humidity__struct.h
[10.935s] -- Up-to-date symlink: /home/ubuntu/microros_ws/install/sensor_msgs/include/sensor_msgs/sensor_msgs/msg/detail/relative_humidity__type_support.h
[10.936s] -- Up-to-date symlink: /home/ubuntu/microros_ws/install/sensor_msgs/include/sensor_msgs/sensor_msgs/msg/detail/temperature__functions.h
[10.937s] -- Up-to-date symlink: /home/ubuntu/microros_ws/install/sensor_msgs/include/sensor_msgs/sensor_msgs/msg/detail/temperature__struct.h
[10.941s] -- Up-to-date symlink: /home/ubuntu/microros_ws/install/sensor_msgs/include/sensor_msgs/sensor_msgs/msg/detail/temperature__type_support.h
[10.942s] -- Up-to-date symlink: /home/ubuntu/microros_ws/install/sensor_msgs/include/sensor_msgs/sensor_msgs/msg/detail/time_reference__functions.h
[10.951s] -- Up-to-date symlink: /home/ubuntu/microros_ws/install/sensor_msgs/include/sensor_msgs/sensor_msgs/msg/detail/time_reference__struct.h
[10.952s] -- Up-to-date symlink: /home/ubuntu/microros_ws/install/sensor_msgs/include/sensor_msgs/sensor_msgs/msg/detail/time_reference__type_support.h
[10.954s] -- Up-to-date symlink: /home/ubuntu/microros_ws/install/sensor_msgs/include/sensor_msgs/sensor_msgs/msg/fluid_pressure.h
[10.963s] -- Up-to-date symlink: /home/ubuntu/microros_ws/install/sensor_msgs/include/sensor_msgs/sensor_msgs/msg/illuminance.h
[10.963s] -- Up-to-date symlink: /home/ubuntu/microros_ws/install/sensor_msgs/include/sensor_msgs/sensor_msgs/msg/image.h
[10.964s] -- Up-to-date symlink: /home/ubuntu/microros_ws/install/sensor_msgs/include/sensor_msgs/sensor_msgs/msg/imu.h
[10.969s] -- Up-to-date symlink: /home/ubuntu/microros_ws/install/sensor_msgs/include/sensor_msgs/sensor_msgs/msg/joint_state.h
[10.973s] -- Up-to-date symlink: /home/ubuntu/microros_ws/install/sensor_msgs/include/sensor_msgs/sensor_msgs/msg/joy.h
[10.975s] -- Up-to-date symlink: /home/ubuntu/microros_ws/install/sensor_msgs/include/sensor_msgs/sensor_msgs/msg/joy_feedback.h
[10.987s] -- Up-to-date symlink: /home/ubuntu/microros_ws/install/sensor_msgs/include/sensor_msgs/sensor_msgs/msg/joy_feedback_array.h
[10.989s] -- Up-to-date symlink: /home/ubuntu/microros_ws/install/sensor_msgs/include/sensor_msgs/sensor_msgs/msg/laser_echo.h
[10.991s] -- Up-to-date symlink: /home/ubuntu/microros_ws/install/sensor_msgs/include/sensor_msgs/sensor_msgs/msg/laser_scan.h
[10.992s] -- Up-to-date symlink: /home/ubuntu/microros_ws/install/sensor_msgs/include/sensor_msgs/sensor_msgs/msg/magnetic_field.h
[10.998s] -- Up-to-date symlink: /home/ubuntu/microros_ws/install/sensor_msgs/include/sensor_msgs/sensor_msgs/msg/multi_dof_joint_state.h
[11.001s] -- Up-to-date symlink: /home/ubuntu/microros_ws/install/sensor_msgs/include/sensor_msgs/sensor_msgs/msg/multi_echo_laser_scan.h
[11.004s] -- Up-to-date symlink: /home/ubuntu/microros_ws/install/sensor_msgs/include/sensor_msgs/sensor_msgs/msg/nav_sat_fix.h
[11.016s] -- Up-to-date symlink: /home/ubuntu/microros_ws/install/sensor_msgs/include/sensor_msgs/sensor_msgs/msg/nav_sat_status.h
[11.017s] -- Up-to-date symlink: /home/ubuntu/microros_ws/install/sensor_msgs/include/sensor_msgs/sensor_msgs/msg/point_cloud.h
[11.018s] -- Up-to-date symlink: /home/ubuntu/microros_ws/install/sensor_msgs/include/sensor_msgs/sensor_msgs/msg/point_cloud2.h
[11.019s] -- Up-to-date symlink: /home/ubuntu/microros_ws/install/sensor_msgs/include/sensor_msgs/sensor_msgs/msg/point_field.h
[11.020s] -- Up-to-date symlink: /home/ubuntu/microros_ws/install/sensor_msgs/include/sensor_msgs/sensor_msgs/msg/range.h
[11.020s] -- Up-to-date symlink: /home/ubuntu/microros_ws/install/sensor_msgs/include/sensor_msgs/sensor_msgs/msg/region_of_interest.h
[11.021s] -- Up-to-date symlink: /home/ubuntu/microros_ws/install/sensor_msgs/include/sensor_msgs/sensor_msgs/msg/relative_humidity.h
[11.022s] -- Up-to-date symlink: /home/ubuntu/microros_ws/install/sensor_msgs/include/sensor_msgs/sensor_msgs/msg/rosidl_generator_c__visibility_control.h
[11.028s] -- Up-to-date symlink: /home/ubuntu/microros_ws/install/sensor_msgs/include/sensor_msgs/sensor_msgs/msg/temperature.h
[11.029s] -- Up-to-date symlink: /home/ubuntu/microros_ws/install/sensor_msgs/include/sensor_msgs/sensor_msgs/msg/time_reference.h
[11.030s] -- Up-to-date symlink: /home/ubuntu/microros_ws/install/sensor_msgs/include/sensor_msgs/sensor_msgs/srv/detail/set_camera_info__functions.h
[11.037s] -- Up-to-date symlink: /home/ubuntu/microros_ws/install/sensor_msgs/include/sensor_msgs/sensor_msgs/srv/detail/set_camera_info__struct.h
[11.058s] -- Up-to-date symlink: /home/ubuntu/microros_ws/install/sensor_msgs/include/sensor_msgs/sensor_msgs/srv/detail/set_camera_info__type_support.h
[11.060s] -- Up-to-date symlink: /home/ubuntu/microros_ws/install/sensor_msgs/include/sensor_msgs/sensor_msgs/srv/set_camera_info.h
[11.062s] -- Up-to-date symlink: /home/ubuntu/microros_ws/install/sensor_msgs/share/sensor_msgs/environment/library_path.sh
[11.063s] -- Up-to-date symlink: /home/ubuntu/microros_ws/install/sensor_msgs/share/sensor_msgs/environment/library_path.dsv
[11.085s] -- Up-to-date symlink: /home/ubuntu/microros_ws/install/sensor_msgs/include/sensor_msgs/sensor_msgs/msg/detail/battery_state__rosidl_typesupport_fastrtps_c.h
[11.086s] -- Up-to-date symlink: /home/ubuntu/microros_ws/install/sensor_msgs/include/sensor_msgs/sensor_msgs/msg/detail/camera_info__rosidl_typesupport_fastrtps_c.h
[11.095s] -- Up-to-date symlink: /home/ubuntu/microros_ws/install/sensor_msgs/include/sensor_msgs/sensor_msgs/msg/detail/channel_float32__rosidl_typesupport_fastrtps_c.h
[11.096s] -- Up-to-date symlink: /home/ubuntu/microros_ws/install/sensor_msgs/include/sensor_msgs/sensor_msgs/msg/detail/compressed_image__rosidl_typesupport_fastrtps_c.h
[11.097s] -- Up-to-date symlink: /home/ubuntu/microros_ws/install/sensor_msgs/include/sensor_msgs/sensor_msgs/msg/detail/fluid_pressure__rosidl_typesupport_fastrtps_c.h
[11.098s] -- Up-to-date symlink: /home/ubuntu/microros_ws/install/sensor_msgs/include/sensor_msgs/sensor_msgs/msg/detail/illuminance__rosidl_typesupport_fastrtps_c.h
[11.099s] -- Up-to-date symlink: /home/ubuntu/microros_ws/install/sensor_msgs/include/sensor_msgs/sensor_msgs/msg/detail/image__rosidl_typesupport_fastrtps_c.h
[11.100s] -- Up-to-date symlink: /home/ubuntu/microros_ws/install/sensor_msgs/include/sensor_msgs/sensor_msgs/msg/detail/imu__rosidl_typesupport_fastrtps_c.h
[11.101s] -- Up-to-date symlink: /home/ubuntu/microros_ws/install/sensor_msgs/include/sensor_msgs/sensor_msgs/msg/detail/joint_state__rosidl_typesupport_fastrtps_c.h
[11.101s] -- Up-to-date symlink: /home/ubuntu/microros_ws/install/sensor_msgs/include/sensor_msgs/sensor_msgs/msg/detail/joy__rosidl_typesupport_fastrtps_c.h
[11.102s] -- Up-to-date symlink: /home/ubuntu/microros_ws/install/sensor_msgs/include/sensor_msgs/sensor_msgs/msg/detail/joy_feedback__rosidl_typesupport_fastrtps_c.h
[11.103s] -- Up-to-date symlink: /home/ubuntu/microros_ws/install/sensor_msgs/include/sensor_msgs/sensor_msgs/msg/detail/joy_feedback_array__rosidl_typesupport_fastrtps_c.h
[11.103s] -- Up-to-date symlink: /home/ubuntu/microros_ws/install/sensor_msgs/include/sensor_msgs/sensor_msgs/msg/detail/laser_echo__rosidl_typesupport_fastrtps_c.h
[11.105s] -- Up-to-date symlink: /home/ubuntu/microros_ws/install/sensor_msgs/include/sensor_msgs/sensor_msgs/msg/detail/laser_scan__rosidl_typesupport_fastrtps_c.h
[11.106s] -- Up-to-date symlink: /home/ubuntu/microros_ws/install/sensor_msgs/include/sensor_msgs/sensor_msgs/msg/detail/magnetic_field__rosidl_typesupport_fastrtps_c.h
[11.108s] -- Up-to-date symlink: /home/ubuntu/microros_ws/install/sensor_msgs/include/sensor_msgs/sensor_msgs/msg/detail/multi_dof_joint_state__rosidl_typesupport_fastrtps_c.h
[11.110s] -- Up-to-date symlink: /home/ubuntu/microros_ws/install/sensor_msgs/include/sensor_msgs/sensor_msgs/msg/detail/multi_echo_laser_scan__rosidl_typesupport_fastrtps_c.h
[11.111s] -- Up-to-date symlink: /home/ubuntu/microros_ws/install/sensor_msgs/include/sensor_msgs/sensor_msgs/msg/detail/nav_sat_fix__rosidl_typesupport_fastrtps_c.h
[11.112s] -- Up-to-date symlink: /home/ubuntu/microros_ws/install/sensor_msgs/include/sensor_msgs/sensor_msgs/msg/detail/nav_sat_status__rosidl_typesupport_fastrtps_c.h
[11.115s] -- Up-to-date symlink: /home/ubuntu/microros_ws/install/sensor_msgs/include/sensor_msgs/sensor_msgs/msg/detail/point_cloud2__rosidl_typesupport_fastrtps_c.h
[11.118s] -- Up-to-date symlink: /home/ubuntu/microros_ws/install/sensor_msgs/include/sensor_msgs/sensor_msgs/msg/detail/point_cloud__rosidl_typesupport_fastrtps_c.h
[11.120s] -- Up-to-date symlink: /home/ubuntu/microros_ws/install/sensor_msgs/include/sensor_msgs/sensor_msgs/msg/detail/point_field__rosidl_typesupport_fastrtps_c.h
[11.121s] -- Up-to-date symlink: /home/ubuntu/microros_ws/install/sensor_msgs/include/sensor_msgs/sensor_msgs/msg/detail/range__rosidl_typesupport_fastrtps_c.h
[11.122s] -- Up-to-date symlink: /home/ubuntu/microros_ws/install/sensor_msgs/include/sensor_msgs/sensor_msgs/msg/detail/region_of_interest__rosidl_typesupport_fastrtps_c.h
[11.122s] -- Up-to-date symlink: /home/ubuntu/microros_ws/install/sensor_msgs/include/sensor_msgs/sensor_msgs/msg/detail/relative_humidity__rosidl_typesupport_fastrtps_c.h
[11.128s] -- Up-to-date symlink: /home/ubuntu/microros_ws/install/sensor_msgs/include/sensor_msgs/sensor_msgs/msg/detail/temperature__rosidl_typesupport_fastrtps_c.h
[11.129s] -- Up-to-date symlink: /home/ubuntu/microros_ws/install/sensor_msgs/include/sensor_msgs/sensor_msgs/msg/detail/time_reference__rosidl_typesupport_fastrtps_c.h
[11.130s] -- Up-to-date symlink: /home/ubuntu/microros_ws/install/sensor_msgs/include/sensor_msgs/sensor_msgs/msg/rosidl_typesupport_fastrtps_c__visibility_control.h
[11.131s] -- Up-to-date symlink: /home/ubuntu/microros_ws/install/sensor_msgs/include/sensor_msgs/sensor_msgs/srv/detail/set_camera_info__rosidl_typesupport_fastrtps_c.h
[11.153s] -- Up-to-date symlink: /home/ubuntu/microros_ws/install/sensor_msgs/include/sensor_msgs/sensor_msgs/msg/battery_state.hpp
[11.157s] -- Up-to-date symlink: /home/ubuntu/microros_ws/install/sensor_msgs/include/sensor_msgs/sensor_msgs/msg/camera_info.hpp
[11.177s] -- Up-to-date symlink: /home/ubuntu/microros_ws/install/sensor_msgs/include/sensor_msgs/sensor_msgs/msg/channel_float32.hpp
[11.182s] -- Up-to-date symlink: /home/ubuntu/microros_ws/install/sensor_msgs/include/sensor_msgs/sensor_msgs/msg/compressed_image.hpp
[11.182s] -- Up-to-date symlink: /home/ubuntu/microros_ws/install/sensor_msgs/include/sensor_msgs/sensor_msgs/msg/detail/battery_state__builder.hpp
[11.183s] -- Up-to-date symlink: /home/ubuntu/microros_ws/install/sensor_msgs/include/sensor_msgs/sensor_msgs/msg/detail/battery_state__struct.hpp
[11.187s] -- Up-to-date symlink: /home/ubuntu/microros_ws/install/sensor_msgs/include/sensor_msgs/sensor_msgs/msg/detail/battery_state__traits.hpp
[11.187s] -- Up-to-date symlink: /home/ubuntu/microros_ws/install/sensor_msgs/include/sensor_msgs/sensor_msgs/msg/detail/camera_info__builder.hpp
[11.198s] -- Up-to-date symlink: /home/ubuntu/microros_ws/install/sensor_msgs/include/sensor_msgs/sensor_msgs/msg/detail/camera_info__struct.hpp
[11.199s] -- Up-to-date symlink: /home/ubuntu/microros_ws/install/sensor_msgs/include/sensor_msgs/sensor_msgs/msg/detail/camera_info__traits.hpp
[11.200s] -- Up-to-date symlink: /home/ubuntu/microros_ws/install/sensor_msgs/include/sensor_msgs/sensor_msgs/msg/detail/channel_float32__builder.hpp
[11.201s] -- Up-to-date symlink: /home/ubuntu/microros_ws/install/sensor_msgs/include/sensor_msgs/sensor_msgs/msg/detail/channel_float32__struct.hpp
[11.203s] -- Up-to-date symlink: /home/ubuntu/microros_ws/install/sensor_msgs/include/sensor_msgs/sensor_msgs/msg/detail/channel_float32__traits.hpp
[11.204s] -- Up-to-date symlink: /home/ubuntu/microros_ws/install/sensor_msgs/include/sensor_msgs/sensor_msgs/msg/detail/compressed_image__builder.hpp
[11.207s] -- Up-to-date symlink: /home/ubuntu/microros_ws/install/sensor_msgs/include/sensor_msgs/sensor_msgs/msg/detail/compressed_image__struct.hpp
[11.214s] -- Up-to-date symlink: /home/ubuntu/microros_ws/install/sensor_msgs/include/sensor_msgs/sensor_msgs/msg/detail/compressed_image__traits.hpp
[11.215s] -- Up-to-date symlink: /home/ubuntu/microros_ws/install/sensor_msgs/include/sensor_msgs/sensor_msgs/msg/detail/fluid_pressure__builder.hpp
[11.220s] -- Up-to-date symlink: /home/ubuntu/microros_ws/install/sensor_msgs/include/sensor_msgs/sensor_msgs/msg/detail/fluid_pressure__struct.hpp
[11.221s] -- Up-to-date symlink: /home/ubuntu/microros_ws/install/sensor_msgs/include/sensor_msgs/sensor_msgs/msg/detail/fluid_pressure__traits.hpp
[11.221s] -- Up-to-date symlink: /home/ubuntu/microros_ws/install/sensor_msgs/include/sensor_msgs/sensor_msgs/msg/detail/illuminance__builder.hpp
[11.228s] -- Up-to-date symlink: /home/ubuntu/microros_ws/install/sensor_msgs/include/sensor_msgs/sensor_msgs/msg/detail/illuminance__struct.hpp
[11.229s] -- Up-to-date symlink: /home/ubuntu/microros_ws/install/sensor_msgs/include/sensor_msgs/sensor_msgs/msg/detail/illuminance__traits.hpp
[11.230s] -- Up-to-date symlink: /home/ubuntu/microros_ws/install/sensor_msgs/include/sensor_msgs/sensor_msgs/msg/detail/image__builder.hpp
[11.230s] -- Up-to-date symlink: /home/ubuntu/microros_ws/install/sensor_msgs/include/sensor_msgs/sensor_msgs/msg/detail/image__struct.hpp
[11.232s] -- Up-to-date symlink: /home/ubuntu/microros_ws/install/sensor_msgs/include/sensor_msgs/sensor_msgs/msg/detail/image__traits.hpp
[11.232s] -- Up-to-date symlink: /home/ubuntu/microros_ws/install/sensor_msgs/include/sensor_msgs/sensor_msgs/msg/detail/imu__builder.hpp
[11.233s] -- Up-to-date symlink: /home/ubuntu/microros_ws/install/sensor_msgs/include/sensor_msgs/sensor_msgs/msg/detail/imu__struct.hpp
[11.234s] -- Up-to-date symlink: /home/ubuntu/microros_ws/install/sensor_msgs/include/sensor_msgs/sensor_msgs/msg/detail/imu__traits.hpp
[11.234s] -- Up-to-date symlink: /home/ubuntu/microros_ws/install/sensor_msgs/include/sensor_msgs/sensor_msgs/msg/detail/joint_state__builder.hpp
[11.235s] -- Up-to-date symlink: /home/ubuntu/microros_ws/install/sensor_msgs/include/sensor_msgs/sensor_msgs/msg/detail/joint_state__struct.hpp
[11.236s] -- Up-to-date symlink: /home/ubuntu/microros_ws/install/sensor_msgs/include/sensor_msgs/sensor_msgs/msg/detail/joint_state__traits.hpp
[11.237s] -- Up-to-date symlink: /home/ubuntu/microros_ws/install/sensor_msgs/include/sensor_msgs/sensor_msgs/msg/detail/joy__builder.hpp
[11.238s] -- Up-to-date symlink: /home/ubuntu/microros_ws/install/sensor_msgs/include/sensor_msgs/sensor_msgs/msg/detail/joy__struct.hpp
[11.239s] -- Up-to-date symlink: /home/ubuntu/microros_ws/install/sensor_msgs/include/sensor_msgs/sensor_msgs/msg/detail/joy__traits.hpp
[11.241s] -- Up-to-date symlink: /home/ubuntu/microros_ws/install/sensor_msgs/include/sensor_msgs/sensor_msgs/msg/detail/joy_feedback__builder.hpp
[11.285s] -- Up-to-date symlink: /home/ubuntu/microros_ws/install/sensor_msgs/include/sensor_msgs/sensor_msgs/msg/detail/joy_feedback__struct.hpp
[11.285s] -- Up-to-date symlink: /home/ubuntu/microros_ws/install/sensor_msgs/include/sensor_msgs/sensor_msgs/msg/detail/joy_feedback__traits.hpp
[11.287s] -- Up-to-date symlink: /home/ubuntu/microros_ws/install/sensor_msgs/include/sensor_msgs/sensor_msgs/msg/detail/joy_feedback_array__builder.hpp
[11.288s] -- Up-to-date symlink: /home/ubuntu/microros_ws/install/sensor_msgs/include/sensor_msgs/sensor_msgs/msg/detail/joy_feedback_array__struct.hpp
[11.289s] -- Up-to-date symlink: /home/ubuntu/microros_ws/install/sensor_msgs/include/sensor_msgs/sensor_msgs/msg/detail/joy_feedback_array__traits.hpp
[11.289s] -- Up-to-date symlink: /home/ubuntu/microros_ws/install/sensor_msgs/include/sensor_msgs/sensor_msgs/msg/detail/laser_echo__builder.hpp
[11.290s] -- Up-to-date symlink: /home/ubuntu/microros_ws/install/sensor_msgs/include/sensor_msgs/sensor_msgs/msg/detail/laser_echo__struct.hpp
[11.293s] -- Up-to-date symlink: /home/ubuntu/microros_ws/install/sensor_msgs/include/sensor_msgs/sensor_msgs/msg/detail/laser_echo__traits.hpp
[11.294s] -- Up-to-date symlink: /home/ubuntu/microros_ws/install/sensor_msgs/include/sensor_msgs/sensor_msgs/msg/detail/laser_scan__builder.hpp
[11.295s] -- Up-to-date symlink: /home/ubuntu/microros_ws/install/sensor_msgs/include/sensor_msgs/sensor_msgs/msg/detail/laser_scan__struct.hpp
[11.298s] -- Up-to-date symlink: /home/ubuntu/microros_ws/install/sensor_msgs/include/sensor_msgs/sensor_msgs/msg/detail/laser_scan__traits.hpp
[11.299s] -- Up-to-date symlink: /home/ubuntu/microros_ws/install/sensor_msgs/include/sensor_msgs/sensor_msgs/msg/detail/magnetic_field__builder.hpp
[11.300s] -- Up-to-date symlink: /home/ubuntu/microros_ws/install/sensor_msgs/include/sensor_msgs/sensor_msgs/msg/detail/magnetic_field__struct.hpp
[11.300s] -- Up-to-date symlink: /home/ubuntu/microros_ws/install/sensor_msgs/include/sensor_msgs/sensor_msgs/msg/detail/magnetic_field__traits.hpp
[11.312s] -- Up-to-date symlink: /home/ubuntu/microros_ws/install/sensor_msgs/include/sensor_msgs/sensor_msgs/msg/detail/multi_dof_joint_state__builder.hpp
[11.314s] -- Up-to-date symlink: /home/ubuntu/microros_ws/install/sensor_msgs/include/sensor_msgs/sensor_msgs/msg/detail/multi_dof_joint_state__struct.hpp
[11.316s] -- Up-to-date symlink: /home/ubuntu/microros_ws/install/sensor_msgs/include/sensor_msgs/sensor_msgs/msg/detail/multi_dof_joint_state__traits.hpp
[11.327s] -- Up-to-date symlink: /home/ubuntu/microros_ws/install/sensor_msgs/include/sensor_msgs/sensor_msgs/msg/detail/multi_echo_laser_scan__builder.hpp
[11.329s] -- Up-to-date symlink: /home/ubuntu/microros_ws/install/sensor_msgs/include/sensor_msgs/sensor_msgs/msg/detail/multi_echo_laser_scan__struct.hpp
[11.331s] -- Up-to-date symlink: /home/ubuntu/microros_ws/install/sensor_msgs/include/sensor_msgs/sensor_msgs/msg/detail/multi_echo_laser_scan__traits.hpp
[11.332s] -- Up-to-date symlink: /home/ubuntu/microros_ws/install/sensor_msgs/include/sensor_msgs/sensor_msgs/msg/detail/nav_sat_fix__builder.hpp
[11.335s] -- Up-to-date symlink: /home/ubuntu/microros_ws/install/sensor_msgs/include/sensor_msgs/sensor_msgs/msg/detail/nav_sat_fix__struct.hpp
[11.337s] -- Up-to-date symlink: /home/ubuntu/microros_ws/install/sensor_msgs/include/sensor_msgs/sensor_msgs/msg/detail/nav_sat_fix__traits.hpp
[11.341s] -- Up-to-date symlink: /home/ubuntu/microros_ws/install/sensor_msgs/include/sensor_msgs/sensor_msgs/msg/detail/nav_sat_status__builder.hpp
[11.343s] -- Up-to-date symlink: /home/ubuntu/microros_ws/install/sensor_msgs/include/sensor_msgs/sensor_msgs/msg/detail/nav_sat_status__struct.hpp
[11.348s] -- Up-to-date symlink: /home/ubuntu/microros_ws/install/sensor_msgs/include/sensor_msgs/sensor_msgs/msg/detail/nav_sat_status__traits.hpp
[11.352s] -- Up-to-date symlink: /home/ubuntu/microros_ws/install/sensor_msgs/include/sensor_msgs/sensor_msgs/msg/detail/point_cloud2__builder.hpp
[11.360s] -- Up-to-date symlink: /home/ubuntu/microros_ws/install/sensor_msgs/include/sensor_msgs/sensor_msgs/msg/detail/point_cloud2__struct.hpp
[11.365s] -- Up-to-date symlink: /home/ubuntu/microros_ws/install/sensor_msgs/include/sensor_msgs/sensor_msgs/msg/detail/point_cloud2__traits.hpp
[11.366s] -- Up-to-date symlink: /home/ubuntu/microros_ws/install/sensor_msgs/include/sensor_msgs/sensor_msgs/msg/detail/point_cloud__builder.hpp
[11.370s] -- Up-to-date symlink: /home/ubuntu/microros_ws/install/sensor_msgs/include/sensor_msgs/sensor_msgs/msg/detail/point_cloud__struct.hpp
[11.374s] -- Up-to-date symlink: /home/ubuntu/microros_ws/install/sensor_msgs/include/sensor_msgs/sensor_msgs/msg/detail/point_cloud__traits.hpp
[11.383s] -- Up-to-date symlink: /home/ubuntu/microros_ws/install/sensor_msgs/include/sensor_msgs/sensor_msgs/msg/detail/point_field__builder.hpp
[11.384s] -- Up-to-date symlink: /home/ubuntu/microros_ws/install/sensor_msgs/include/sensor_msgs/sensor_msgs/msg/detail/point_field__struct.hpp
[11.385s] -- Up-to-date symlink: /home/ubuntu/microros_ws/install/sensor_msgs/include/sensor_msgs/sensor_msgs/msg/detail/point_field__traits.hpp
[11.386s] -- Up-to-date symlink: /home/ubuntu/microros_ws/install/sensor_msgs/include/sensor_msgs/sensor_msgs/msg/detail/range__builder.hpp
[11.386s] -- Up-to-date symlink: /home/ubuntu/microros_ws/install/sensor_msgs/include/sensor_msgs/sensor_msgs/msg/detail/range__struct.hpp
[11.388s] -- Up-to-date symlink: /home/ubuntu/microros_ws/install/sensor_msgs/include/sensor_msgs/sensor_msgs/msg/detail/range__traits.hpp
[11.388s] -- Up-to-date symlink: /home/ubuntu/microros_ws/install/sensor_msgs/include/sensor_msgs/sensor_msgs/msg/detail/region_of_interest__builder.hpp
[11.390s] -- Up-to-date symlink: /home/ubuntu/microros_ws/install/sensor_msgs/include/sensor_msgs/sensor_msgs/msg/detail/region_of_interest__struct.hpp
[11.391s] -- Up-to-date symlink: /home/ubuntu/microros_ws/install/sensor_msgs/include/sensor_msgs/sensor_msgs/msg/detail/region_of_interest__traits.hpp
[11.393s] -- Up-to-date symlink: /home/ubuntu/microros_ws/install/sensor_msgs/include/sensor_msgs/sensor_msgs/msg/detail/relative_humidity__builder.hpp
[11.396s] -- Up-to-date symlink: /home/ubuntu/microros_ws/install/sensor_msgs/include/sensor_msgs/sensor_msgs/msg/detail/relative_humidity__struct.hpp
[11.398s] -- Up-to-date symlink: /home/ubuntu/microros_ws/install/sensor_msgs/include/sensor_msgs/sensor_msgs/msg/detail/relative_humidity__traits.hpp
[11.400s] -- Up-to-date symlink: /home/ubuntu/microros_ws/install/sensor_msgs/include/sensor_msgs/sensor_msgs/msg/detail/temperature__builder.hpp
[11.403s] -- Up-to-date symlink: /home/ubuntu/microros_ws/install/sensor_msgs/include/sensor_msgs/sensor_msgs/msg/detail/temperature__struct.hpp
[11.405s] -- Up-to-date symlink: /home/ubuntu/microros_ws/install/sensor_msgs/include/sensor_msgs/sensor_msgs/msg/detail/temperature__traits.hpp
[11.408s] -- Up-to-date symlink: /home/ubuntu/microros_ws/install/sensor_msgs/include/sensor_msgs/sensor_msgs/msg/detail/time_reference__builder.hpp
[11.410s] -- Up-to-date symlink: /home/ubuntu/microros_ws/install/sensor_msgs/include/sensor_msgs/sensor_msgs/msg/detail/time_reference__struct.hpp
[11.413s] -- Up-to-date symlink: /home/ubuntu/microros_ws/install/sensor_msgs/include/sensor_msgs/sensor_msgs/msg/detail/time_reference__traits.hpp
[11.415s] -- Up-to-date symlink: /home/ubuntu/microros_ws/install/sensor_msgs/include/sensor_msgs/sensor_msgs/msg/fluid_pressure.hpp
[11.418s] -- Up-to-date symlink: /home/ubuntu/microros_ws/install/sensor_msgs/include/sensor_msgs/sensor_msgs/msg/illuminance.hpp
[11.422s] -- Up-to-date symlink: /home/ubuntu/microros_ws/install/sensor_msgs/include/sensor_msgs/sensor_msgs/msg/image.hpp
[11.427s] -- Up-to-date symlink: /home/ubuntu/microros_ws/install/sensor_msgs/include/sensor_msgs/sensor_msgs/msg/imu.hpp
[11.429s] -- Up-to-date symlink: /home/ubuntu/microros_ws/install/sensor_msgs/include/sensor_msgs/sensor_msgs/msg/joint_state.hpp
[11.435s] -- Up-to-date symlink: /home/ubuntu/microros_ws/install/sensor_msgs/include/sensor_msgs/sensor_msgs/msg/joy.hpp
[11.436s] -- Up-to-date symlink: /home/ubuntu/microros_ws/install/sensor_msgs/include/sensor_msgs/sensor_msgs/msg/joy_feedback.hpp
[11.436s] -- Up-to-date symlink: /home/ubuntu/microros_ws/install/sensor_msgs/include/sensor_msgs/sensor_msgs/msg/joy_feedback_array.hpp
[11.437s] -- Up-to-date symlink: /home/ubuntu/microros_ws/install/sensor_msgs/include/sensor_msgs/sensor_msgs/msg/laser_echo.hpp
[11.437s] -- Up-to-date symlink: /home/ubuntu/microros_ws/install/sensor_msgs/include/sensor_msgs/sensor_msgs/msg/laser_scan.hpp
[11.437s] -- Up-to-date symlink: /home/ubuntu/microros_ws/install/sensor_msgs/include/sensor_msgs/sensor_msgs/msg/magnetic_field.hpp
[11.439s] -- Up-to-date symlink: /home/ubuntu/microros_ws/install/sensor_msgs/include/sensor_msgs/sensor_msgs/msg/multi_dof_joint_state.hpp
[11.440s] -- Up-to-date symlink: /home/ubuntu/microros_ws/install/sensor_msgs/include/sensor_msgs/sensor_msgs/msg/multi_echo_laser_scan.hpp
[11.441s] -- Up-to-date symlink: /home/ubuntu/microros_ws/install/sensor_msgs/include/sensor_msgs/sensor_msgs/msg/nav_sat_fix.hpp
[11.442s] -- Up-to-date symlink: /home/ubuntu/microros_ws/install/sensor_msgs/include/sensor_msgs/sensor_msgs/msg/nav_sat_status.hpp
[11.444s] -- Up-to-date symlink: /home/ubuntu/microros_ws/install/sensor_msgs/include/sensor_msgs/sensor_msgs/msg/point_cloud.hpp
[11.445s] -- Up-to-date symlink: /home/ubuntu/microros_ws/install/sensor_msgs/include/sensor_msgs/sensor_msgs/msg/point_cloud2.hpp
[11.446s] -- Up-to-date symlink: /home/ubuntu/microros_ws/install/sensor_msgs/include/sensor_msgs/sensor_msgs/msg/point_field.hpp
[11.448s] -- Up-to-date symlink: /home/ubuntu/microros_ws/install/sensor_msgs/include/sensor_msgs/sensor_msgs/msg/range.hpp
[11.449s] -- Up-to-date symlink: /home/ubuntu/microros_ws/install/sensor_msgs/include/sensor_msgs/sensor_msgs/msg/region_of_interest.hpp
[11.450s] -- Up-to-date symlink: /home/ubuntu/microros_ws/install/sensor_msgs/include/sensor_msgs/sensor_msgs/msg/relative_humidity.hpp
[11.451s] -- Up-to-date symlink: /home/ubuntu/microros_ws/install/sensor_msgs/include/sensor_msgs/sensor_msgs/msg/temperature.hpp
[11.454s] -- Up-to-date symlink: /home/ubuntu/microros_ws/install/sensor_msgs/include/sensor_msgs/sensor_msgs/msg/time_reference.hpp
[11.477s] -- Up-to-date symlink: /home/ubuntu/microros_ws/install/sensor_msgs/include/sensor_msgs/sensor_msgs/srv/detail/set_camera_info__builder.hpp
[11.477s] -- Up-to-date symlink: /home/ubuntu/microros_ws/install/sensor_msgs/include/sensor_msgs/sensor_msgs/srv/detail/set_camera_info__struct.hpp
[11.478s] -- Up-to-date symlink: /home/ubuntu/microros_ws/install/sensor_msgs/include/sensor_msgs/sensor_msgs/srv/detail/set_camera_info__traits.hpp
[11.478s] -- Up-to-date symlink: /home/ubuntu/microros_ws/install/sensor_msgs/include/sensor_msgs/sensor_msgs/srv/set_camera_info.hpp
[11.479s] -- Up-to-date symlink: /home/ubuntu/microros_ws/install/sensor_msgs/include/sensor_msgs/sensor_msgs/msg/detail/battery_state__rosidl_typesupport_fastrtps_cpp.hpp
[11.480s] -- Up-to-date symlink: /home/ubuntu/microros_ws/install/sensor_msgs/include/sensor_msgs/sensor_msgs/msg/detail/camera_info__rosidl_typesupport_fastrtps_cpp.hpp
[11.480s] -- Up-to-date symlink: /home/ubuntu/microros_ws/install/sensor_msgs/include/sensor_msgs/sensor_msgs/msg/detail/channel_float32__rosidl_typesupport_fastrtps_cpp.hpp
[11.481s] -- Up-to-date symlink: /home/ubuntu/microros_ws/install/sensor_msgs/include/sensor_msgs/sensor_msgs/msg/detail/compressed_image__rosidl_typesupport_fastrtps_cpp.hpp
[11.482s] -- Up-to-date symlink: /home/ubuntu/microros_ws/install/sensor_msgs/include/sensor_msgs/sensor_msgs/msg/detail/fluid_pressure__rosidl_typesupport_fastrtps_cpp.hpp
[11.483s] -- Up-to-date symlink: /home/ubuntu/microros_ws/install/sensor_msgs/include/sensor_msgs/sensor_msgs/msg/detail/illuminance__rosidl_typesupport_fastrtps_cpp.hpp
[11.485s] -- Up-to-date symlink: /home/ubuntu/microros_ws/install/sensor_msgs/include/sensor_msgs/sensor_msgs/msg/detail/image__rosidl_typesupport_fastrtps_cpp.hpp
[11.485s] -- Up-to-date symlink: /home/ubuntu/microros_ws/install/sensor_msgs/include/sensor_msgs/sensor_msgs/msg/detail/imu__rosidl_typesupport_fastrtps_cpp.hpp
[11.486s] -- Up-to-date symlink: /home/ubuntu/microros_ws/install/sensor_msgs/include/sensor_msgs/sensor_msgs/msg/detail/joint_state__rosidl_typesupport_fastrtps_cpp.hpp
[11.487s] -- Up-to-date symlink: /home/ubuntu/microros_ws/install/sensor_msgs/include/sensor_msgs/sensor_msgs/msg/detail/joy__rosidl_typesupport_fastrtps_cpp.hpp
[11.487s] -- Up-to-date symlink: /home/ubuntu/microros_ws/install/sensor_msgs/include/sensor_msgs/sensor_msgs/msg/detail/joy_feedback__rosidl_typesupport_fastrtps_cpp.hpp
[11.488s] -- Up-to-date symlink: /home/ubuntu/microros_ws/install/sensor_msgs/include/sensor_msgs/sensor_msgs/msg/detail/joy_feedback_array__rosidl_typesupport_fastrtps_cpp.hpp
[11.489s] -- Up-to-date symlink: /home/ubuntu/microros_ws/install/sensor_msgs/include/sensor_msgs/sensor_msgs/msg/detail/laser_echo__rosidl_typesupport_fastrtps_cpp.hpp
[11.491s] -- Up-to-date symlink: /home/ubuntu/microros_ws/install/sensor_msgs/include/sensor_msgs/sensor_msgs/msg/detail/laser_scan__rosidl_typesupport_fastrtps_cpp.hpp
[11.492s] -- Up-to-date symlink: /home/ubuntu/microros_ws/install/sensor_msgs/include/sensor_msgs/sensor_msgs/msg/detail/magnetic_field__rosidl_typesupport_fastrtps_cpp.hpp
[11.493s] -- Up-to-date symlink: /home/ubuntu/microros_ws/install/sensor_msgs/include/sensor_msgs/sensor_msgs/msg/detail/multi_dof_joint_state__rosidl_typesupport_fastrtps_cpp.hpp
[11.494s] -- Up-to-date symlink: /home/ubuntu/microros_ws/install/sensor_msgs/include/sensor_msgs/sensor_msgs/msg/detail/multi_echo_laser_scan__rosidl_typesupport_fastrtps_cpp.hpp
[11.494s] -- Up-to-date symlink: /home/ubuntu/microros_ws/install/sensor_msgs/include/sensor_msgs/sensor_msgs/msg/detail/nav_sat_fix__rosidl_typesupport_fastrtps_cpp.hpp
[11.496s] -- Up-to-date symlink: /home/ubuntu/microros_ws/install/sensor_msgs/include/sensor_msgs/sensor_msgs/msg/detail/nav_sat_status__rosidl_typesupport_fastrtps_cpp.hpp
[11.496s] -- Up-to-date symlink: /home/ubuntu/microros_ws/install/sensor_msgs/include/sensor_msgs/sensor_msgs/msg/detail/point_cloud2__rosidl_typesupport_fastrtps_cpp.hpp
[11.498s] -- Up-to-date symlink: /home/ubuntu/microros_ws/install/sensor_msgs/include/sensor_msgs/sensor_msgs/msg/detail/point_cloud__rosidl_typesupport_fastrtps_cpp.hpp
[11.498s] -- Up-to-date symlink: /home/ubuntu/microros_ws/install/sensor_msgs/include/sensor_msgs/sensor_msgs/msg/detail/point_field__rosidl_typesupport_fastrtps_cpp.hpp
[11.508s] -- Up-to-date symlink: /home/ubuntu/microros_ws/install/sensor_msgs/include/sensor_msgs/sensor_msgs/msg/detail/range__rosidl_typesupport_fastrtps_cpp.hpp
[11.509s] -- Up-to-date symlink: /home/ubuntu/microros_ws/install/sensor_msgs/include/sensor_msgs/sensor_msgs/msg/detail/region_of_interest__rosidl_typesupport_fastrtps_cpp.hpp
[11.510s] -- Up-to-date symlink: /home/ubuntu/microros_ws/install/sensor_msgs/include/sensor_msgs/sensor_msgs/msg/detail/relative_humidity__rosidl_typesupport_fastrtps_cpp.hpp
[11.511s] -- Up-to-date symlink: /home/ubuntu/microros_ws/install/sensor_msgs/include/sensor_msgs/sensor_msgs/msg/detail/temperature__rosidl_typesupport_fastrtps_cpp.hpp
[11.514s] -- Up-to-date symlink: /home/ubuntu/microros_ws/install/sensor_msgs/include/sensor_msgs/sensor_msgs/msg/detail/time_reference__rosidl_typesupport_fastrtps_cpp.hpp
[11.515s] -- Up-to-date symlink: /home/ubuntu/microros_ws/install/sensor_msgs/include/sensor_msgs/sensor_msgs/msg/rosidl_typesupport_fastrtps_cpp__visibility_control.h
[11.516s] -- Up-to-date symlink: /home/ubuntu/microros_ws/install/sensor_msgs/include/sensor_msgs/sensor_msgs/srv/detail/set_camera_info__rosidl_typesupport_fastrtps_cpp.hpp
[11.517s] -- Up-to-date symlink: /home/ubuntu/microros_ws/install/sensor_msgs/include/sensor_msgs/sensor_msgs/msg/detail/battery_state__rosidl_typesupport_introspection_c.h
[11.518s] -- Up-to-date symlink: /home/ubuntu/microros_ws/install/sensor_msgs/include/sensor_msgs/sensor_msgs/msg/detail/camera_info__rosidl_typesupport_introspection_c.h
[11.519s] -- Up-to-date symlink: /home/ubuntu/microros_ws/install/sensor_msgs/include/sensor_msgs/sensor_msgs/msg/detail/channel_float32__rosidl_typesupport_introspection_c.h
[11.523s] -- Up-to-date symlink: /home/ubuntu/microros_ws/install/sensor_msgs/include/sensor_msgs/sensor_msgs/msg/detail/compressed_image__rosidl_typesupport_introspection_c.h
[11.526s] -- Up-to-date symlink: /home/ubuntu/microros_ws/install/sensor_msgs/include/sensor_msgs/sensor_msgs/msg/detail/fluid_pressure__rosidl_typesupport_introspection_c.h
[11.527s] -- Up-to-date symlink: /home/ubuntu/microros_ws/install/sensor_msgs/include/sensor_msgs/sensor_msgs/msg/detail/illuminance__rosidl_typesupport_introspection_c.h
[11.527s] -- Up-to-date symlink: /home/ubuntu/microros_ws/install/sensor_msgs/include/sensor_msgs/sensor_msgs/msg/detail/image__rosidl_typesupport_introspection_c.h
[11.528s] -- Up-to-date symlink: /home/ubuntu/microros_ws/install/sensor_msgs/include/sensor_msgs/sensor_msgs/msg/detail/imu__rosidl_typesupport_introspection_c.h
[11.528s] -- Up-to-date symlink: /home/ubuntu/microros_ws/install/sensor_msgs/include/sensor_msgs/sensor_msgs/msg/detail/joint_state__rosidl_typesupport_introspection_c.h
[11.529s] -- Up-to-date symlink: /home/ubuntu/microros_ws/install/sensor_msgs/include/sensor_msgs/sensor_msgs/msg/detail/joy__rosidl_typesupport_introspection_c.h
[11.530s] -- Up-to-date symlink: /home/ubuntu/microros_ws/install/sensor_msgs/include/sensor_msgs/sensor_msgs/msg/detail/joy_feedback__rosidl_typesupport_introspection_c.h
[11.536s] -- Up-to-date symlink: /home/ubuntu/microros_ws/install/sensor_msgs/include/sensor_msgs/sensor_msgs/msg/detail/joy_feedback_array__rosidl_typesupport_introspection_c.h
[11.537s] -- Up-to-date symlink: /home/ubuntu/microros_ws/install/sensor_msgs/include/sensor_msgs/sensor_msgs/msg/detail/laser_echo__rosidl_typesupport_introspection_c.h
[11.537s] -- Up-to-date symlink: /home/ubuntu/microros_ws/install/sensor_msgs/include/sensor_msgs/sensor_msgs/msg/detail/laser_scan__rosidl_typesupport_introspection_c.h
[11.539s] -- Up-to-date symlink: /home/ubuntu/microros_ws/install/sensor_msgs/include/sensor_msgs/sensor_msgs/msg/detail/magnetic_field__rosidl_typesupport_introspection_c.h
[11.539s] -- Up-to-date symlink: /home/ubuntu/microros_ws/install/sensor_msgs/include/sensor_msgs/sensor_msgs/msg/detail/multi_dof_joint_state__rosidl_typesupport_introspection_c.h
[11.540s] -- Up-to-date symlink: /home/ubuntu/microros_ws/install/sensor_msgs/include/sensor_msgs/sensor_msgs/msg/detail/multi_echo_laser_scan__rosidl_typesupport_introspection_c.h
[11.540s] -- Up-to-date symlink: /home/ubuntu/microros_ws/install/sensor_msgs/include/sensor_msgs/sensor_msgs/msg/detail/nav_sat_fix__rosidl_typesupport_introspection_c.h
[11.541s] -- Up-to-date symlink: /home/ubuntu/microros_ws/install/sensor_msgs/include/sensor_msgs/sensor_msgs/msg/detail/nav_sat_status__rosidl_typesupport_introspection_c.h
[11.542s] -- Up-to-date symlink: /home/ubuntu/microros_ws/install/sensor_msgs/include/sensor_msgs/sensor_msgs/msg/detail/point_cloud2__rosidl_typesupport_introspection_c.h
[11.543s] -- Up-to-date symlink: /home/ubuntu/microros_ws/install/sensor_msgs/include/sensor_msgs/sensor_msgs/msg/detail/point_cloud__rosidl_typesupport_introspection_c.h
[11.543s] -- Up-to-date symlink: /home/ubuntu/microros_ws/install/sensor_msgs/include/sensor_msgs/sensor_msgs/msg/detail/point_field__rosidl_typesupport_introspection_c.h
[11.544s] -- Up-to-date symlink: /home/ubuntu/microros_ws/install/sensor_msgs/include/sensor_msgs/sensor_msgs/msg/detail/range__rosidl_typesupport_introspection_c.h
[11.544s] -- Up-to-date symlink: /home/ubuntu/microros_ws/install/sensor_msgs/include/sensor_msgs/sensor_msgs/msg/detail/region_of_interest__rosidl_typesupport_introspection_c.h
[11.544s] -- Up-to-date symlink: /home/ubuntu/microros_ws/install/sensor_msgs/include/sensor_msgs/sensor_msgs/msg/detail/relative_humidity__rosidl_typesupport_introspection_c.h
[11.545s] -- Up-to-date symlink: /home/ubuntu/microros_ws/install/sensor_msgs/include/sensor_msgs/sensor_msgs/msg/detail/temperature__rosidl_typesupport_introspection_c.h
[11.547s] -- Up-to-date symlink: /home/ubuntu/microros_ws/install/sensor_msgs/include/sensor_msgs/sensor_msgs/msg/detail/time_reference__rosidl_typesupport_introspection_c.h
[11.549s] -- Up-to-date symlink: /home/ubuntu/microros_ws/install/sensor_msgs/include/sensor_msgs/sensor_msgs/msg/rosidl_typesupport_introspection_c__visibility_control.h
[11.550s] -- Up-to-date symlink: /home/ubuntu/microros_ws/install/sensor_msgs/include/sensor_msgs/sensor_msgs/srv/detail/set_camera_info__rosidl_typesupport_introspection_c.h
[11.550s] -- Up-to-date symlink: /home/ubuntu/microros_ws/install/sensor_msgs/include/sensor_msgs/sensor_msgs/msg/detail/battery_state__rosidl_typesupport_introspection_cpp.hpp
[11.551s] -- Up-to-date symlink: /home/ubuntu/microros_ws/install/sensor_msgs/include/sensor_msgs/sensor_msgs/msg/detail/camera_info__rosidl_typesupport_introspection_cpp.hpp
[11.552s] -- Up-to-date symlink: /home/ubuntu/microros_ws/install/sensor_msgs/include/sensor_msgs/sensor_msgs/msg/detail/channel_float32__rosidl_typesupport_introspection_cpp.hpp
[11.553s] -- Up-to-date symlink: /home/ubuntu/microros_ws/install/sensor_msgs/include/sensor_msgs/sensor_msgs/msg/detail/compressed_image__rosidl_typesupport_introspection_cpp.hpp
[11.554s] -- Up-to-date symlink: /home/ubuntu/microros_ws/install/sensor_msgs/include/sensor_msgs/sensor_msgs/msg/detail/fluid_pressure__rosidl_typesupport_introspection_cpp.hpp
[11.554s] -- Up-to-date symlink: /home/ubuntu/microros_ws/install/sensor_msgs/include/sensor_msgs/sensor_msgs/msg/detail/illuminance__rosidl_typesupport_introspection_cpp.hpp
[11.555s] -- Up-to-date symlink: /home/ubuntu/microros_ws/install/sensor_msgs/include/sensor_msgs/sensor_msgs/msg/detail/image__rosidl_typesupport_introspection_cpp.hpp
[11.557s] -- Up-to-date symlink: /home/ubuntu/microros_ws/install/sensor_msgs/include/sensor_msgs/sensor_msgs/msg/detail/imu__rosidl_typesupport_introspection_cpp.hpp
[11.558s] -- Up-to-date symlink: /home/ubuntu/microros_ws/install/sensor_msgs/include/sensor_msgs/sensor_msgs/msg/detail/joint_state__rosidl_typesupport_introspection_cpp.hpp
[11.560s] -- Up-to-date symlink: /home/ubuntu/microros_ws/install/sensor_msgs/include/sensor_msgs/sensor_msgs/msg/detail/joy__rosidl_typesupport_introspection_cpp.hpp
[11.560s] -- Up-to-date symlink: /home/ubuntu/microros_ws/install/sensor_msgs/include/sensor_msgs/sensor_msgs/msg/detail/joy_feedback__rosidl_typesupport_introspection_cpp.hpp
[11.561s] -- Up-to-date symlink: /home/ubuntu/microros_ws/install/sensor_msgs/include/sensor_msgs/sensor_msgs/msg/detail/joy_feedback_array__rosidl_typesupport_introspection_cpp.hpp
[11.562s] -- Up-to-date symlink: /home/ubuntu/microros_ws/install/sensor_msgs/include/sensor_msgs/sensor_msgs/msg/detail/laser_echo__rosidl_typesupport_introspection_cpp.hpp
[11.562s] -- Up-to-date symlink: /home/ubuntu/microros_ws/install/sensor_msgs/include/sensor_msgs/sensor_msgs/msg/detail/laser_scan__rosidl_typesupport_introspection_cpp.hpp
[11.563s] -- Up-to-date symlink: /home/ubuntu/microros_ws/install/sensor_msgs/include/sensor_msgs/sensor_msgs/msg/detail/magnetic_field__rosidl_typesupport_introspection_cpp.hpp
[11.564s] -- Up-to-date symlink: /home/ubuntu/microros_ws/install/sensor_msgs/include/sensor_msgs/sensor_msgs/msg/detail/multi_dof_joint_state__rosidl_typesupport_introspection_cpp.hpp
[11.565s] -- Up-to-date symlink: /home/ubuntu/microros_ws/install/sensor_msgs/include/sensor_msgs/sensor_msgs/msg/detail/multi_echo_laser_scan__rosidl_typesupport_introspection_cpp.hpp
[11.565s] -- Up-to-date symlink: /home/ubuntu/microros_ws/install/sensor_msgs/include/sensor_msgs/sensor_msgs/msg/detail/nav_sat_fix__rosidl_typesupport_introspection_cpp.hpp
[11.567s] -- Up-to-date symlink: /home/ubuntu/microros_ws/install/sensor_msgs/include/sensor_msgs/sensor_msgs/msg/detail/nav_sat_status__rosidl_typesupport_introspection_cpp.hpp
[11.569s] -- Up-to-date symlink: /home/ubuntu/microros_ws/install/sensor_msgs/include/sensor_msgs/sensor_msgs/msg/detail/point_cloud2__rosidl_typesupport_introspection_cpp.hpp
[11.569s] -- Up-to-date symlink: /home/ubuntu/microros_ws/install/sensor_msgs/include/sensor_msgs/sensor_msgs/msg/detail/point_cloud__rosidl_typesupport_introspection_cpp.hpp
[11.571s] -- Up-to-date symlink: /home/ubuntu/microros_ws/install/sensor_msgs/include/sensor_msgs/sensor_msgs/msg/detail/point_field__rosidl_typesupport_introspection_cpp.hpp
[11.572s] -- Up-to-date symlink: /home/ubuntu/microros_ws/install/sensor_msgs/include/sensor_msgs/sensor_msgs/msg/detail/range__rosidl_typesupport_introspection_cpp.hpp
[11.574s] -- Up-to-date symlink: /home/ubuntu/microros_ws/install/sensor_msgs/include/sensor_msgs/sensor_msgs/msg/detail/region_of_interest__rosidl_typesupport_introspection_cpp.hpp
[11.576s] -- Up-to-date symlink: /home/ubuntu/microros_ws/install/sensor_msgs/include/sensor_msgs/sensor_msgs/msg/detail/relative_humidity__rosidl_typesupport_introspection_cpp.hpp
[11.577s] -- Up-to-date symlink: /home/ubuntu/microros_ws/install/sensor_msgs/include/sensor_msgs/sensor_msgs/msg/detail/temperature__rosidl_typesupport_introspection_cpp.hpp
[11.578s] -- Up-to-date symlink: /home/ubuntu/microros_ws/install/sensor_msgs/include/sensor_msgs/sensor_msgs/msg/detail/time_reference__rosidl_typesupport_introspection_cpp.hpp
[11.578s] -- Up-to-date symlink: /home/ubuntu/microros_ws/install/sensor_msgs/include/sensor_msgs/sensor_msgs/srv/detail/set_camera_info__rosidl_typesupport_introspection_cpp.hpp
[11.579s] -- Up-to-date symlink: /home/ubuntu/microros_ws/install/sensor_msgs/share/sensor_msgs/environment/pythonpath.sh
[11.580s] -- Up-to-date symlink: /home/ubuntu/microros_ws/install/sensor_msgs/share/sensor_msgs/environment/pythonpath.dsv
[11.581s] -- Up-to-date symlink: /home/ubuntu/microros_ws/install/sensor_msgs/local/lib/python3.10/dist-packages/sensor_msgs-4.2.4-py3.10.egg-info/PKG-INFO
[11.583s] -- Up-to-date symlink: /home/ubuntu/microros_ws/install/sensor_msgs/local/lib/python3.10/dist-packages/sensor_msgs-4.2.4-py3.10.egg-info/SOURCES.txt
[11.584s] -- Up-to-date symlink: /home/ubuntu/microros_ws/install/sensor_msgs/local/lib/python3.10/dist-packages/sensor_msgs-4.2.4-py3.10.egg-info/dependency_links.txt
[11.585s] -- Up-to-date symlink: /home/ubuntu/microros_ws/install/sensor_msgs/local/lib/python3.10/dist-packages/sensor_msgs-4.2.4-py3.10.egg-info/top_level.txt
[11.586s] -- Up-to-date symlink: /home/ubuntu/microros_ws/install/sensor_msgs/local/lib/python3.10/dist-packages/sensor_msgs/__init__.py
[11.586s] -- Up-to-date symlink: /home/ubuntu/microros_ws/install/sensor_msgs/local/lib/python3.10/dist-packages/sensor_msgs/_sensor_msgs_s.ep.rosidl_typesupport_c.c
[11.592s] -- Up-to-date symlink: /home/ubuntu/microros_ws/install/sensor_msgs/local/lib/python3.10/dist-packages/sensor_msgs/_sensor_msgs_s.ep.rosidl_typesupport_fastrtps_c.c
[11.593s] -- Up-to-date symlink: /home/ubuntu/microros_ws/install/sensor_msgs/local/lib/python3.10/dist-packages/sensor_msgs/_sensor_msgs_s.ep.rosidl_typesupport_introspection_c.c
[11.594s] -- Up-to-date symlink: /home/ubuntu/microros_ws/install/sensor_msgs/local/lib/python3.10/dist-packages/sensor_msgs/_sensor_msgs_s.ep.rosidl_typesupport_microxrcedds_c.c
[11.595s] -- Up-to-date symlink: /home/ubuntu/microros_ws/install/sensor_msgs/local/lib/python3.10/dist-packages/sensor_msgs/libsensor_msgs__rosidl_generator_py.so
[11.596s] -- Up-to-date symlink: /home/ubuntu/microros_ws/install/sensor_msgs/local/lib/python3.10/dist-packages/sensor_msgs/msg/__init__.py
[11.598s] -- Up-to-date symlink: /home/ubuntu/microros_ws/install/sensor_msgs/local/lib/python3.10/dist-packages/sensor_msgs/msg/_battery_state.py
[11.599s] -- Up-to-date symlink: /home/ubuntu/microros_ws/install/sensor_msgs/local/lib/python3.10/dist-packages/sensor_msgs/msg/_battery_state_s.c
[11.599s] -- Up-to-date symlink: /home/ubuntu/microros_ws/install/sensor_msgs/local/lib/python3.10/dist-packages/sensor_msgs/msg/_camera_info.py
[11.600s] -- Up-to-date symlink: /home/ubuntu/microros_ws/install/sensor_msgs/local/lib/python3.10/dist-packages/sensor_msgs/msg/_camera_info_s.c
[11.601s] -- Up-to-date symlink: /home/ubuntu/microros_ws/install/sensor_msgs/local/lib/python3.10/dist-packages/sensor_msgs/msg/_channel_float32.py
[11.602s] -- Up-to-date symlink: /home/ubuntu/microros_ws/install/sensor_msgs/local/lib/python3.10/dist-packages/sensor_msgs/msg/_channel_float32_s.c
[11.603s] -- Up-to-date symlink: /home/ubuntu/microros_ws/install/sensor_msgs/local/lib/python3.10/dist-packages/sensor_msgs/msg/_compressed_image.py
[11.604s] -- Up-to-date symlink: /home/ubuntu/microros_ws/install/sensor_msgs/local/lib/python3.10/dist-packages/sensor_msgs/msg/_compressed_image_s.c
[11.605s] -- Up-to-date symlink: /home/ubuntu/microros_ws/install/sensor_msgs/local/lib/python3.10/dist-packages/sensor_msgs/msg/_fluid_pressure.py
[11.605s] -- Up-to-date symlink: /home/ubuntu/microros_ws/install/sensor_msgs/local/lib/python3.10/dist-packages/sensor_msgs/msg/_fluid_pressure_s.c
[11.606s] -- Up-to-date symlink: /home/ubuntu/microros_ws/install/sensor_msgs/local/lib/python3.10/dist-packages/sensor_msgs/msg/_illuminance.py
[11.608s] -- Up-to-date symlink: /home/ubuntu/microros_ws/install/sensor_msgs/local/lib/python3.10/dist-packages/sensor_msgs/msg/_illuminance_s.c
[11.609s] -- Up-to-date symlink: /home/ubuntu/microros_ws/install/sensor_msgs/local/lib/python3.10/dist-packages/sensor_msgs/msg/_image.py
[11.610s] -- Up-to-date symlink: /home/ubuntu/microros_ws/install/sensor_msgs/local/lib/python3.10/dist-packages/sensor_msgs/msg/_image_s.c
[11.611s] -- Up-to-date symlink: /home/ubuntu/microros_ws/install/sensor_msgs/local/lib/python3.10/dist-packages/sensor_msgs/msg/_imu.py
[11.612s] -- Up-to-date symlink: /home/ubuntu/microros_ws/install/sensor_msgs/local/lib/python3.10/dist-packages/sensor_msgs/msg/_imu_s.c
[11.612s] -- Up-to-date symlink: /home/ubuntu/microros_ws/install/sensor_msgs/local/lib/python3.10/dist-packages/sensor_msgs/msg/_joint_state.py
[11.613s] -- Up-to-date symlink: /home/ubuntu/microros_ws/install/sensor_msgs/local/lib/python3.10/dist-packages/sensor_msgs/msg/_joint_state_s.c
[11.614s] -- Up-to-date symlink: /home/ubuntu/microros_ws/install/sensor_msgs/local/lib/python3.10/dist-packages/sensor_msgs/msg/_joy.py
[11.615s] -- Up-to-date symlink: /home/ubuntu/microros_ws/install/sensor_msgs/local/lib/python3.10/dist-packages/sensor_msgs/msg/_joy_feedback.py
[11.617s] -- Up-to-date symlink: /home/ubuntu/microros_ws/install/sensor_msgs/local/lib/python3.10/dist-packages/sensor_msgs/msg/_joy_feedback_array.py
[11.617s] -- Up-to-date symlink: /home/ubuntu/microros_ws/install/sensor_msgs/local/lib/python3.10/dist-packages/sensor_msgs/msg/_joy_feedback_array_s.c
[11.618s] -- Up-to-date symlink: /home/ubuntu/microros_ws/install/sensor_msgs/local/lib/python3.10/dist-packages/sensor_msgs/msg/_joy_feedback_s.c
[11.618s] -- Up-to-date symlink: /home/ubuntu/microros_ws/install/sensor_msgs/local/lib/python3.10/dist-packages/sensor_msgs/msg/_joy_s.c
[11.619s] -- Up-to-date symlink: /home/ubuntu/microros_ws/install/sensor_msgs/local/lib/python3.10/dist-packages/sensor_msgs/msg/_laser_echo.py
[11.626s] -- Up-to-date symlink: /home/ubuntu/microros_ws/install/sensor_msgs/local/lib/python3.10/dist-packages/sensor_msgs/msg/_laser_echo_s.c
[11.628s] -- Up-to-date symlink: /home/ubuntu/microros_ws/install/sensor_msgs/local/lib/python3.10/dist-packages/sensor_msgs/msg/_laser_scan.py
[11.630s] -- Up-to-date symlink: /home/ubuntu/microros_ws/install/sensor_msgs/local/lib/python3.10/dist-packages/sensor_msgs/msg/_laser_scan_s.c
[11.631s] -- Up-to-date symlink: /home/ubuntu/microros_ws/install/sensor_msgs/local/lib/python3.10/dist-packages/sensor_msgs/msg/_magnetic_field.py
[11.633s] -- Up-to-date symlink: /home/ubuntu/microros_ws/install/sensor_msgs/local/lib/python3.10/dist-packages/sensor_msgs/msg/_magnetic_field_s.c
[11.637s] -- Up-to-date symlink: /home/ubuntu/microros_ws/install/sensor_msgs/local/lib/python3.10/dist-packages/sensor_msgs/msg/_multi_dof_joint_state.py
[11.639s] -- Up-to-date symlink: /home/ubuntu/microros_ws/install/sensor_msgs/local/lib/python3.10/dist-packages/sensor_msgs/msg/_multi_dof_joint_state_s.c
[11.642s] -- Up-to-date symlink: /home/ubuntu/microros_ws/install/sensor_msgs/local/lib/python3.10/dist-packages/sensor_msgs/msg/_multi_echo_laser_scan.py
[11.645s] -- Up-to-date symlink: /home/ubuntu/microros_ws/install/sensor_msgs/local/lib/python3.10/dist-packages/sensor_msgs/msg/_multi_echo_laser_scan_s.c
[11.645s] -- Up-to-date symlink: /home/ubuntu/microros_ws/install/sensor_msgs/local/lib/python3.10/dist-packages/sensor_msgs/msg/_nav_sat_fix.py
[11.648s] -- Up-to-date symlink: /home/ubuntu/microros_ws/install/sensor_msgs/local/lib/python3.10/dist-packages/sensor_msgs/msg/_nav_sat_fix_s.c
[11.649s] -- Up-to-date symlink: /home/ubuntu/microros_ws/install/sensor_msgs/local/lib/python3.10/dist-packages/sensor_msgs/msg/_nav_sat_status.py
[11.652s] -- Up-to-date symlink: /home/ubuntu/microros_ws/install/sensor_msgs/local/lib/python3.10/dist-packages/sensor_msgs/msg/_nav_sat_status_s.c
[11.653s] -- Up-to-date symlink: /home/ubuntu/microros_ws/install/sensor_msgs/local/lib/python3.10/dist-packages/sensor_msgs/msg/_point_cloud.py
[11.653s] -- Up-to-date symlink: /home/ubuntu/microros_ws/install/sensor_msgs/local/lib/python3.10/dist-packages/sensor_msgs/msg/_point_cloud2.py
[11.654s] -- Up-to-date symlink: /home/ubuntu/microros_ws/install/sensor_msgs/local/lib/python3.10/dist-packages/sensor_msgs/msg/_point_cloud2_s.c
[11.656s] -- Up-to-date symlink: /home/ubuntu/microros_ws/install/sensor_msgs/local/lib/python3.10/dist-packages/sensor_msgs/msg/_point_cloud_s.c
[11.657s] -- Up-to-date symlink: /home/ubuntu/microros_ws/install/sensor_msgs/local/lib/python3.10/dist-packages/sensor_msgs/msg/_point_field.py
[11.657s] -- Up-to-date symlink: /home/ubuntu/microros_ws/install/sensor_msgs/local/lib/python3.10/dist-packages/sensor_msgs/msg/_point_field_s.c
[11.658s] -- Up-to-date symlink: /home/ubuntu/microros_ws/install/sensor_msgs/local/lib/python3.10/dist-packages/sensor_msgs/msg/_range.py
[11.661s] -- Up-to-date symlink: /home/ubuntu/microros_ws/install/sensor_msgs/local/lib/python3.10/dist-packages/sensor_msgs/msg/_range_s.c
[11.664s] -- Up-to-date symlink: /home/ubuntu/microros_ws/install/sensor_msgs/local/lib/python3.10/dist-packages/sensor_msgs/msg/_region_of_interest.py
[11.668s] -- Up-to-date symlink: /home/ubuntu/microros_ws/install/sensor_msgs/local/lib/python3.10/dist-packages/sensor_msgs/msg/_region_of_interest_s.c
[11.671s] -- Up-to-date symlink: /home/ubuntu/microros_ws/install/sensor_msgs/local/lib/python3.10/dist-packages/sensor_msgs/msg/_relative_humidity.py
[11.671s] -- Up-to-date symlink: /home/ubuntu/microros_ws/install/sensor_msgs/local/lib/python3.10/dist-packages/sensor_msgs/msg/_relative_humidity_s.c
[11.672s] -- Up-to-date symlink: /home/ubuntu/microros_ws/install/sensor_msgs/local/lib/python3.10/dist-packages/sensor_msgs/msg/_temperature.py
[11.673s] -- Up-to-date symlink: /home/ubuntu/microros_ws/install/sensor_msgs/local/lib/python3.10/dist-packages/sensor_msgs/msg/_temperature_s.c
[11.674s] -- Up-to-date symlink: /home/ubuntu/microros_ws/install/sensor_msgs/local/lib/python3.10/dist-packages/sensor_msgs/msg/_time_reference.py
[11.676s] -- Up-to-date symlink: /home/ubuntu/microros_ws/install/sensor_msgs/local/lib/python3.10/dist-packages/sensor_msgs/msg/_time_reference_s.c
[11.677s] -- Up-to-date symlink: /home/ubuntu/microros_ws/install/sensor_msgs/local/lib/python3.10/dist-packages/sensor_msgs/sensor_msgs_s__rosidl_typesupport_c.cpython-310-aarch64-linux-gnu.so
[11.680s] -- Up-to-date symlink: /home/ubuntu/microros_ws/install/sensor_msgs/local/lib/python3.10/dist-packages/sensor_msgs/sensor_msgs_s__rosidl_typesupport_fastrtps_c.cpython-310-aarch64-linux-gnu.so
[11.682s] -- Up-to-date symlink: /home/ubuntu/microros_ws/install/sensor_msgs/local/lib/python3.10/dist-packages/sensor_msgs/sensor_msgs_s__rosidl_typesupport_introspection_c.cpython-310-aarch64-linux-gnu.so
[11.683s] -- Up-to-date symlink: /home/ubuntu/microros_ws/install/sensor_msgs/local/lib/python3.10/dist-packages/sensor_msgs/sensor_msgs_s__rosidl_typesupport_microxrcedds_c.cpython-310-aarch64-linux-gnu.so
[11.685s] -- Up-to-date symlink: /home/ubuntu/microros_ws/install/sensor_msgs/local/lib/python3.10/dist-packages/sensor_msgs/srv/__init__.py
[11.686s] -- Up-to-date symlink: /home/ubuntu/microros_ws/install/sensor_msgs/local/lib/python3.10/dist-packages/sensor_msgs/srv/_set_camera_info.py
[11.687s] -- Up-to-date symlink: /home/ubuntu/microros_ws/install/sensor_msgs/local/lib/python3.10/dist-packages/sensor_msgs/srv/_set_camera_info_s.c
[11.689s] -- Up-to-date symlink: /home/ubuntu/microros_ws/install/sensor_msgs/local/lib/python3.10/dist-packages/sensor_msgs/sensor_msgs_s__rosidl_typesupport_fastrtps_c.cpython-310-aarch64-linux-gnu.so
[11.691s] -- Up-to-date symlink: /home/ubuntu/microros_ws/install/sensor_msgs/local/lib/python3.10/dist-packages/sensor_msgs/sensor_msgs_s__rosidl_typesupport_introspection_c.cpython-310-aarch64-linux-gnu.so
[11.694s] -- Up-to-date symlink: /home/ubuntu/microros_ws/install/sensor_msgs/local/lib/python3.10/dist-packages/sensor_msgs/sensor_msgs_s__rosidl_typesupport_c.cpython-310-aarch64-linux-gnu.so
[11.697s] -- Up-to-date symlink: /home/ubuntu/microros_ws/install/sensor_msgs/share/sensor_msgs/msg/BatteryState.idl
[11.700s] -- Up-to-date symlink: /home/ubuntu/microros_ws/install/sensor_msgs/share/sensor_msgs/msg/CameraInfo.idl
[11.702s] -- Up-to-date symlink: /home/ubuntu/microros_ws/install/sensor_msgs/share/sensor_msgs/msg/ChannelFloat32.idl
[11.702s] -- Up-to-date symlink: /home/ubuntu/microros_ws/install/sensor_msgs/share/sensor_msgs/msg/CompressedImage.idl
[11.705s] -- Up-to-date symlink: /home/ubuntu/microros_ws/install/sensor_msgs/share/sensor_msgs/msg/FluidPressure.idl
[11.707s] -- Up-to-date symlink: /home/ubuntu/microros_ws/install/sensor_msgs/share/sensor_msgs/msg/Illuminance.idl
[11.708s] -- Up-to-date symlink: /home/ubuntu/microros_ws/install/sensor_msgs/share/sensor_msgs/msg/Image.idl
[11.708s] -- Up-to-date symlink: /home/ubuntu/microros_ws/install/sensor_msgs/share/sensor_msgs/msg/Imu.idl
[11.712s] -- Up-to-date symlink: /home/ubuntu/microros_ws/install/sensor_msgs/share/sensor_msgs/msg/JointState.idl
[11.713s] -- Up-to-date symlink: /home/ubuntu/microros_ws/install/sensor_msgs/share/sensor_msgs/msg/Joy.idl
[11.715s] -- Up-to-date symlink: /home/ubuntu/microros_ws/install/sensor_msgs/share/sensor_msgs/msg/JoyFeedback.idl
[11.719s] -- Up-to-date symlink: /home/ubuntu/microros_ws/install/sensor_msgs/share/sensor_msgs/msg/JoyFeedbackArray.idl
[11.725s] -- Up-to-date symlink: /home/ubuntu/microros_ws/install/sensor_msgs/share/sensor_msgs/msg/LaserEcho.idl
[11.727s] -- Up-to-date symlink: /home/ubuntu/microros_ws/install/sensor_msgs/share/sensor_msgs/msg/LaserScan.idl
[11.729s] -- Up-to-date symlink: /home/ubuntu/microros_ws/install/sensor_msgs/share/sensor_msgs/msg/MagneticField.idl
[11.730s] -- Up-to-date symlink: /home/ubuntu/microros_ws/install/sensor_msgs/share/sensor_msgs/msg/MultiDOFJointState.idl
[11.731s] -- Up-to-date symlink: /home/ubuntu/microros_ws/install/sensor_msgs/share/sensor_msgs/msg/MultiEchoLaserScan.idl
[11.732s] -- Up-to-date symlink: /home/ubuntu/microros_ws/install/sensor_msgs/share/sensor_msgs/msg/NavSatFix.idl
[11.732s] -- Up-to-date symlink: /home/ubuntu/microros_ws/install/sensor_msgs/share/sensor_msgs/msg/NavSatStatus.idl
[11.733s] -- Up-to-date symlink: /home/ubuntu/microros_ws/install/sensor_msgs/share/sensor_msgs/msg/PointCloud.idl
[11.735s] -- Up-to-date symlink: /home/ubuntu/microros_ws/install/sensor_msgs/share/sensor_msgs/msg/PointCloud2.idl
[11.737s] -- Up-to-date symlink: /home/ubuntu/microros_ws/install/sensor_msgs/share/sensor_msgs/msg/PointField.idl
[11.739s] -- Up-to-date symlink: /home/ubuntu/microros_ws/install/sensor_msgs/share/sensor_msgs/msg/Range.idl
[11.743s] -- Up-to-date symlink: /home/ubuntu/microros_ws/install/sensor_msgs/share/sensor_msgs/msg/RegionOfInterest.idl
[11.743s] -- Up-to-date symlink: /home/ubuntu/microros_ws/install/sensor_msgs/share/sensor_msgs/msg/RelativeHumidity.idl
[11.744s] -- Up-to-date symlink: /home/ubuntu/microros_ws/install/sensor_msgs/share/sensor_msgs/msg/Temperature.idl
[11.744s] -- Up-to-date symlink: /home/ubuntu/microros_ws/install/sensor_msgs/share/sensor_msgs/msg/TimeReference.idl
[11.744s] -- Up-to-date symlink: /home/ubuntu/microros_ws/install/sensor_msgs/share/sensor_msgs/srv/SetCameraInfo.idl
[11.745s] -- Up-to-date symlink: /home/ubuntu/microros_ws/install/sensor_msgs/share/sensor_msgs/msg/BatteryState.msg
[11.749s] -- Up-to-date symlink: /home/ubuntu/microros_ws/install/sensor_msgs/share/sensor_msgs/msg/CameraInfo.msg
[11.750s] -- Up-to-date symlink: /home/ubuntu/microros_ws/install/sensor_msgs/share/sensor_msgs/msg/ChannelFloat32.msg
[11.755s] -- Up-to-date symlink: /home/ubuntu/microros_ws/install/sensor_msgs/share/sensor_msgs/msg/CompressedImage.msg
[11.755s] -- Up-to-date symlink: /home/ubuntu/microros_ws/install/sensor_msgs/share/sensor_msgs/msg/FluidPressure.msg
[11.795s] -- Up-to-date symlink: /home/ubuntu/microros_ws/install/sensor_msgs/share/sensor_msgs/msg/Illuminance.msg
[11.796s] -- Up-to-date symlink: /home/ubuntu/microros_ws/install/sensor_msgs/share/sensor_msgs/msg/Image.msg
[11.798s] -- Up-to-date symlink: /home/ubuntu/microros_ws/install/sensor_msgs/share/sensor_msgs/msg/Imu.msg
[11.798s] -- Up-to-date symlink: /home/ubuntu/microros_ws/install/sensor_msgs/share/sensor_msgs/msg/JointState.msg
[11.798s] -- Up-to-date symlink: /home/ubuntu/microros_ws/install/sensor_msgs/share/sensor_msgs/msg/Joy.msg
[11.799s] -- Up-to-date symlink: /home/ubuntu/microros_ws/install/sensor_msgs/share/sensor_msgs/msg/JoyFeedback.msg
[11.802s] -- Up-to-date symlink: /home/ubuntu/microros_ws/install/sensor_msgs/share/sensor_msgs/msg/JoyFeedbackArray.msg
[11.803s] -- Up-to-date symlink: /home/ubuntu/microros_ws/install/sensor_msgs/share/sensor_msgs/msg/LaserEcho.msg
[11.804s] -- Up-to-date symlink: /home/ubuntu/microros_ws/install/sensor_msgs/share/sensor_msgs/msg/LaserScan.msg
[11.804s] -- Up-to-date symlink: /home/ubuntu/microros_ws/install/sensor_msgs/share/sensor_msgs/msg/MagneticField.msg
[11.809s] -- Up-to-date symlink: /home/ubuntu/microros_ws/install/sensor_msgs/share/sensor_msgs/msg/MultiDOFJointState.msg
[11.810s] -- Up-to-date symlink: /home/ubuntu/microros_ws/install/sensor_msgs/share/sensor_msgs/msg/MultiEchoLaserScan.msg
[11.810s] -- Up-to-date symlink: /home/ubuntu/microros_ws/install/sensor_msgs/share/sensor_msgs/msg/NavSatFix.msg
[11.811s] -- Up-to-date symlink: /home/ubuntu/microros_ws/install/sensor_msgs/share/sensor_msgs/msg/NavSatStatus.msg
[11.812s] -- Up-to-date symlink: /home/ubuntu/microros_ws/install/sensor_msgs/share/sensor_msgs/msg/PointCloud.msg
[11.812s] -- Up-to-date symlink: /home/ubuntu/microros_ws/install/sensor_msgs/share/sensor_msgs/msg/PointCloud2.msg
[11.815s] -- Up-to-date symlink: /home/ubuntu/microros_ws/install/sensor_msgs/share/sensor_msgs/msg/PointField.msg
[11.816s] -- Up-to-date symlink: /home/ubuntu/microros_ws/install/sensor_msgs/share/sensor_msgs/msg/Range.msg
[11.816s] -- Up-to-date symlink: /home/ubuntu/microros_ws/install/sensor_msgs/share/sensor_msgs/msg/RegionOfInterest.msg
[11.816s] -- Up-to-date symlink: /home/ubuntu/microros_ws/install/sensor_msgs/share/sensor_msgs/msg/RelativeHumidity.msg
[11.817s] -- Up-to-date symlink: /home/ubuntu/microros_ws/install/sensor_msgs/share/sensor_msgs/msg/Temperature.msg
[11.818s] -- Up-to-date symlink: /home/ubuntu/microros_ws/install/sensor_msgs/share/sensor_msgs/msg/TimeReference.msg
[11.822s] -- Up-to-date symlink: /home/ubuntu/microros_ws/install/sensor_msgs/share/sensor_msgs/srv/SetCameraInfo.srv
[11.823s] -- Up-to-date symlink: /home/ubuntu/microros_ws/install/sensor_msgs/share/sensor_msgs/srv/SetCameraInfo_Request.msg
[11.824s] -- Up-to-date symlink: /home/ubuntu/microros_ws/install/sensor_msgs/share/sensor_msgs/srv/SetCameraInfo_Response.msg
[11.825s] -- Up-to-date symlink: /home/ubuntu/microros_ws/install/sensor_msgs/include/sensor_msgs/sensor_msgs/distortion_models.hpp
[11.826s] -- Up-to-date symlink: /home/ubuntu/microros_ws/install/sensor_msgs/include/sensor_msgs/sensor_msgs/fill_image.hpp
[11.826s] -- Up-to-date symlink: /home/ubuntu/microros_ws/install/sensor_msgs/include/sensor_msgs/sensor_msgs/image_encodings.hpp
[11.827s] -- Up-to-date symlink: /home/ubuntu/microros_ws/install/sensor_msgs/include/sensor_msgs/sensor_msgs/impl/point_cloud2_iterator.hpp
[11.829s] -- Up-to-date symlink: /home/ubuntu/microros_ws/install/sensor_msgs/include/sensor_msgs/sensor_msgs/point_cloud2_iterator.hpp
[11.830s] -- Up-to-date symlink: /home/ubuntu/microros_ws/install/sensor_msgs/include/sensor_msgs/sensor_msgs/point_cloud_conversion.hpp
[11.830s] -- Up-to-date symlink: /home/ubuntu/microros_ws/install/sensor_msgs/include/sensor_msgs/sensor_msgs/point_field_conversion.hpp
[11.831s] -- Up-to-date symlink: /home/ubuntu/microros_ws/install/sensor_msgs/share/ament_index/resource_index/package_run_dependencies/sensor_msgs
[11.832s] -- Up-to-date symlink: /home/ubuntu/microros_ws/install/sensor_msgs/share/ament_index/resource_index/parent_prefix_path/sensor_msgs
[11.832s] -- Up-to-date symlink: /home/ubuntu/microros_ws/install/sensor_msgs/share/sensor_msgs/environment/ament_prefix_path.sh
[11.833s] -- Up-to-date symlink: /home/ubuntu/microros_ws/install/sensor_msgs/share/sensor_msgs/environment/ament_prefix_path.dsv
[11.833s] -- Up-to-date symlink: /home/ubuntu/microros_ws/install/sensor_msgs/share/sensor_msgs/environment/path.sh
[11.834s] -- Up-to-date symlink: /home/ubuntu/microros_ws/install/sensor_msgs/share/sensor_msgs/environment/path.dsv
[11.834s] -- Up-to-date symlink: /home/ubuntu/microros_ws/install/sensor_msgs/share/sensor_msgs/local_setup.bash
[11.836s] -- Up-to-date symlink: /home/ubuntu/microros_ws/install/sensor_msgs/share/sensor_msgs/local_setup.sh
[11.836s] -- Up-to-date symlink: /home/ubuntu/microros_ws/install/sensor_msgs/share/sensor_msgs/local_setup.zsh
[11.837s] -- Up-to-date symlink: /home/ubuntu/microros_ws/install/sensor_msgs/share/sensor_msgs/local_setup.dsv
[11.838s] -- Up-to-date symlink: /home/ubuntu/microros_ws/install/sensor_msgs/share/sensor_msgs/package.dsv
[11.838s] -- Up-to-date symlink: /home/ubuntu/microros_ws/install/sensor_msgs/share/ament_index/resource_index/packages/sensor_msgs
[11.840s] -- Up-to-date symlink: /home/ubuntu/microros_ws/install/sensor_msgs/share/sensor_msgs/cmake/rosidl_cmake-extras.cmake
[11.840s] -- Up-to-date symlink: /home/ubuntu/microros_ws/install/sensor_msgs/share/sensor_msgs/cmake/ament_cmake_export_dependencies-extras.cmake
[11.841s] -- Up-to-date symlink: /home/ubuntu/microros_ws/install/sensor_msgs/share/sensor_msgs/cmake/ament_cmake_export_include_directories-extras.cmake
[11.841s] -- Up-to-date symlink: /home/ubuntu/microros_ws/install/sensor_msgs/share/sensor_msgs/cmake/ament_cmake_export_libraries-extras.cmake
[11.842s] -- Up-to-date symlink: /home/ubuntu/microros_ws/install/sensor_msgs/share/sensor_msgs/cmake/ament_cmake_export_targets-extras.cmake
[11.842s] -- Up-to-date symlink: /home/ubuntu/microros_ws/install/sensor_msgs/share/sensor_msgs/cmake/rosidl_cmake_export_typesupport_targets-extras.cmake
[11.843s] -- Up-to-date symlink: /home/ubuntu/microros_ws/install/sensor_msgs/share/sensor_msgs/cmake/rosidl_cmake_export_typesupport_libraries-extras.cmake
[11.844s] -- Up-to-date symlink: /home/ubuntu/microros_ws/install/sensor_msgs/share/sensor_msgs/cmake/sensor_msgsConfig.cmake
[11.845s] -- Up-to-date symlink: /home/ubuntu/microros_ws/install/sensor_msgs/share/sensor_msgs/cmake/sensor_msgsConfig-version.cmake
[11.845s] -- Up-to-date symlink: /home/ubuntu/microros_ws/install/sensor_msgs/share/sensor_msgs/package.xml
[11.846s] -- Up-to-date: /home/ubuntu/microros_ws/install/sensor_msgs/lib/libsensor_msgs__rosidl_generator_c.so
[11.846s] -- Up-to-date: /home/ubuntu/microros_ws/install/sensor_msgs/lib/libsensor_msgs__rosidl_typesupport_fastrtps_c.so
[11.849s] -- Up-to-date: /home/ubuntu/microros_ws/install/sensor_msgs/lib/libsensor_msgs__rosidl_typesupport_fastrtps_cpp.so
[11.850s] -- Up-to-date: /home/ubuntu/microros_ws/install/sensor_msgs/lib/libsensor_msgs__rosidl_typesupport_introspection_c.so
[11.851s] -- Up-to-date: /home/ubuntu/microros_ws/install/sensor_msgs/lib/libsensor_msgs__rosidl_typesupport_c.so
[11.851s] -- Up-to-date: /home/ubuntu/microros_ws/install/sensor_msgs/lib/libsensor_msgs__rosidl_typesupport_introspection_cpp.so
[11.852s] -- Up-to-date: /home/ubuntu/microros_ws/install/sensor_msgs/lib/libsensor_msgs__rosidl_typesupport_cpp.so
[12.056s] Listing '/home/ubuntu/microros_ws/install/sensor_msgs/local/lib/python3.10/dist-packages/sensor_msgs'...
[12.057s] Listing '/home/ubuntu/microros_ws/install/sensor_msgs/local/lib/python3.10/dist-packages/sensor_msgs/msg'...
[12.060s] Listing '/home/ubuntu/microros_ws/install/sensor_msgs/local/lib/python3.10/dist-packages/sensor_msgs/srv'...
[12.107s] -- Up-to-date: /home/ubuntu/microros_ws/install/sensor_msgs/lib/libsensor_msgs__rosidl_generator_py.so
[12.109s] -- Up-to-date: /home/ubuntu/microros_ws/install/sensor_msgs/share/sensor_msgs/cmake/export_sensor_msgs__rosidl_generator_cExport.cmake
[12.111s] -- Up-to-date: /home/ubuntu/microros_ws/install/sensor_msgs/share/sensor_msgs/cmake/export_sensor_msgs__rosidl_generator_cExport-noconfig.cmake
[12.112s] -- Up-to-date: /home/ubuntu/microros_ws/install/sensor_msgs/share/sensor_msgs/cmake/export_sensor_msgs__rosidl_typesupport_fastrtps_cExport.cmake
[12.113s] -- Up-to-date: /home/ubuntu/microros_ws/install/sensor_msgs/share/sensor_msgs/cmake/export_sensor_msgs__rosidl_typesupport_fastrtps_cExport-noconfig.cmake
[12.114s] -- Up-to-date: /home/ubuntu/microros_ws/install/sensor_msgs/share/sensor_msgs/cmake/export_sensor_msgs__rosidl_generator_cppExport.cmake
[12.115s] -- Up-to-date: /home/ubuntu/microros_ws/install/sensor_msgs/share/sensor_msgs/cmake/export_sensor_msgs__rosidl_typesupport_fastrtps_cppExport.cmake
[12.116s] -- Up-to-date: /home/ubuntu/microros_ws/install/sensor_msgs/share/sensor_msgs/cmake/export_sensor_msgs__rosidl_typesupport_fastrtps_cppExport-noconfig.cmake
[12.117s] -- Up-to-date: /home/ubuntu/microros_ws/install/sensor_msgs/share/sensor_msgs/cmake/sensor_msgs__rosidl_typesupport_introspection_cExport.cmake
[12.117s] -- Up-to-date: /home/ubuntu/microros_ws/install/sensor_msgs/share/sensor_msgs/cmake/sensor_msgs__rosidl_typesupport_introspection_cExport-noconfig.cmake
[12.118s] -- Up-to-date: /home/ubuntu/microros_ws/install/sensor_msgs/share/sensor_msgs/cmake/sensor_msgs__rosidl_typesupport_cExport.cmake
[12.120s] -- Up-to-date: /home/ubuntu/microros_ws/install/sensor_msgs/share/sensor_msgs/cmake/sensor_msgs__rosidl_typesupport_cExport-noconfig.cmake
[12.120s] -- Up-to-date: /home/ubuntu/microros_ws/install/sensor_msgs/share/sensor_msgs/cmake/sensor_msgs__rosidl_typesupport_introspection_cppExport.cmake
[12.122s] -- Up-to-date: /home/ubuntu/microros_ws/install/sensor_msgs/share/sensor_msgs/cmake/sensor_msgs__rosidl_typesupport_introspection_cppExport-noconfig.cmake
[12.124s] -- Up-to-date: /home/ubuntu/microros_ws/install/sensor_msgs/share/sensor_msgs/cmake/sensor_msgs__rosidl_typesupport_cppExport.cmake
[12.125s] -- Up-to-date: /home/ubuntu/microros_ws/install/sensor_msgs/share/sensor_msgs/cmake/sensor_msgs__rosidl_typesupport_cppExport-noconfig.cmake
[12.126s] -- Up-to-date: /home/ubuntu/microros_ws/install/sensor_msgs/share/sensor_msgs/cmake/export_sensor_msgs__rosidl_generator_pyExport.cmake
[12.126s] -- Up-to-date: /home/ubuntu/microros_ws/install/sensor_msgs/share/sensor_msgs/cmake/export_sensor_msgs__rosidl_generator_pyExport-noconfig.cmake
[12.127s] -- Up-to-date: /home/ubuntu/microros_ws/install/sensor_msgs/share/sensor_msgs/cmake/export_sensor_msgsExport.cmake
[12.148s] Invoked command in '/home/ubuntu/microros_ws/build/sensor_msgs' returned '0': AMENT_PREFIX_PATH=/home/ubuntu/microros_ws/install/geometry_msgs:/home/ubuntu/microros_ws/install/std_msgs:/home/ubuntu/microros_ws/install/builtin_interfaces:${AMENT_PREFIX_PATH} CMAKE_PREFIX_PATH=/home/ubuntu/microros_ws/install/geometry_msgs:/home/ubuntu/microros_ws/install/std_msgs:/home/ubuntu/microros_ws/install/builtin_interfaces:/opt/ros/humble LD_LIBRARY_PATH=/home/ubuntu/microros_ws/install/geometry_msgs/lib:/home/ubuntu/microros_ws/install/std_msgs/lib:/home/ubuntu/microros_ws/install/builtin_interfaces/lib:${LD_LIBRARY_PATH} PYTHONPATH=/home/ubuntu/microros_ws/install/geometry_msgs/local/lib/python3.10/dist-packages:/home/ubuntu/microros_ws/install/std_msgs/local/lib/python3.10/dist-packages:/home/ubuntu/microros_ws/install/builtin_interfaces/local/lib/python3.10/dist-packages:${PYTHONPATH} /usr/bin/cmake --install /home/ubuntu/microros_ws/build/sensor_msgs
