[0.129s] Invoking command in '/home/ubuntu/microros_ws/build/rmw_microxrcedds': AMENT_PREFIX_PATH=/home/ubuntu/microros_ws/install/rosidl_typesupport_microxrcedds_cpp:/home/ubuntu/microros_ws/install/rosidl_typesupport_microxrcedds_c:/home/ubuntu/microros_ws/install/micro_ros_msgs:${AMENT_PREFIX_PATH} CMAKE_PREFIX_PATH=/home/ubuntu/microros_ws/install/rosidl_typesupport_microxrcedds_cpp:/home/ubuntu/microros_ws/install/rosidl_typesupport_microxrcedds_c:/home/ubuntu/microros_ws/install/microxrcedds_client:/home/ubuntu/microros_ws/install/microcdr:/home/ubuntu/microros_ws/install/micro_ros_msgs:/opt/ros/humble LD_LIBRARY_PATH=/home/ubuntu/microros_ws/install/rosidl_typesupport_microxrcedds_cpp/lib:/home/ubuntu/microros_ws/install/rosidl_typesupport_microxrcedds_c/lib:/home/ubuntu/microros_ws/install/microxrcedds_client/lib:/home/ubuntu/microros_ws/install/microcdr/lib:/home/ubuntu/microros_ws/install/micro_ros_msgs/lib:${LD_LIBRARY_PATH} PYTHONPATH=/home/ubuntu/microros_ws/install/rosidl_typesupport_microxrcedds_cpp/local/lib/python3.10/dist-packages:/home/ubuntu/microros_ws/install/rosidl_typesupport_microxrcedds_c/local/lib/python3.10/dist-packages:/home/ubuntu/microros_ws/install/micro_ros_msgs/local/lib/python3.10/dist-packages:${PYTHONPATH} /usr/bin/cmake --build /home/ubuntu/microros_ws/build/rmw_microxrcedds -- -j4 -l4
[0.520s] [100%] Built target rmw_microxrcedds
[0.606s] Invoked command in '/home/ubuntu/microros_ws/build/rmw_microxrcedds' returned '0': AMENT_PREFIX_PATH=/home/ubuntu/microros_ws/install/rosidl_typesupport_microxrcedds_cpp:/home/ubuntu/microros_ws/install/rosidl_typesupport_microxrcedds_c:/home/ubuntu/microros_ws/install/micro_ros_msgs:${AMENT_PREFIX_PATH} CMAKE_PREFIX_PATH=/home/ubuntu/microros_ws/install/rosidl_typesupport_microxrcedds_cpp:/home/ubuntu/microros_ws/install/rosidl_typesupport_microxrcedds_c:/home/ubuntu/microros_ws/install/microxrcedds_client:/home/ubuntu/microros_ws/install/microcdr:/home/ubuntu/microros_ws/install/micro_ros_msgs:/opt/ros/humble LD_LIBRARY_PATH=/home/ubuntu/microros_ws/install/rosidl_typesupport_microxrcedds_cpp/lib:/home/ubuntu/microros_ws/install/rosidl_typesupport_microxrcedds_c/lib:/home/ubuntu/microros_ws/install/microxrcedds_client/lib:/home/ubuntu/microros_ws/install/microcdr/lib:/home/ubuntu/microros_ws/install/micro_ros_msgs/lib:${LD_LIBRARY_PATH} PYTHONPATH=/home/ubuntu/microros_ws/install/rosidl_typesupport_microxrcedds_cpp/local/lib/python3.10/dist-packages:/home/ubuntu/microros_ws/install/rosidl_typesupport_microxrcedds_c/local/lib/python3.10/dist-packages:/home/ubuntu/microros_ws/install/micro_ros_msgs/local/lib/python3.10/dist-packages:${PYTHONPATH} /usr/bin/cmake --build /home/ubuntu/microros_ws/build/rmw_microxrcedds -- -j4 -l4
[1.592s] Invoking command in '/home/ubuntu/microros_ws/build/rmw_microxrcedds': AMENT_PREFIX_PATH=/home/ubuntu/microros_ws/install/rosidl_typesupport_microxrcedds_cpp:/home/ubuntu/microros_ws/install/rosidl_typesupport_microxrcedds_c:/home/ubuntu/microros_ws/install/micro_ros_msgs:${AMENT_PREFIX_PATH} CMAKE_PREFIX_PATH=/home/ubuntu/microros_ws/install/rosidl_typesupport_microxrcedds_cpp:/home/ubuntu/microros_ws/install/rosidl_typesupport_microxrcedds_c:/home/ubuntu/microros_ws/install/microxrcedds_client:/home/ubuntu/microros_ws/install/microcdr:/home/ubuntu/microros_ws/install/micro_ros_msgs:/opt/ros/humble LD_LIBRARY_PATH=/home/ubuntu/microros_ws/install/rosidl_typesupport_microxrcedds_cpp/lib:/home/ubuntu/microros_ws/install/rosidl_typesupport_microxrcedds_c/lib:/home/ubuntu/microros_ws/install/microxrcedds_client/lib:/home/ubuntu/microros_ws/install/microcdr/lib:/home/ubuntu/microros_ws/install/micro_ros_msgs/lib:${LD_LIBRARY_PATH} PYTHONPATH=/home/ubuntu/microros_ws/install/rosidl_typesupport_microxrcedds_cpp/local/lib/python3.10/dist-packages:/home/ubuntu/microros_ws/install/rosidl_typesupport_microxrcedds_c/local/lib/python3.10/dist-packages:/home/ubuntu/microros_ws/install/micro_ros_msgs/local/lib/python3.10/dist-packages:${PYTHONPATH} /usr/bin/cmake --install /home/ubuntu/microros_ws/build/rmw_microxrcedds
[1.641s] -- Install configuration: ""
[1.643s] -- Execute custom install script
[1.644s] -- Up-to-date symlink: /home/ubuntu/microros_ws/install/rmw_microxrcedds/share/rmw_microxrcedds/environment/library_path.sh
[1.645s] -- Up-to-date symlink: /home/ubuntu/microros_ws/install/rmw_microxrcedds/share/rmw_microxrcedds/environment/library_path.dsv
[1.646s] -- Up-to-date symlink: /home/ubuntu/microros_ws/install/rmw_microxrcedds/share/ament_index/resource_index/rmw_typesupport_c/rmw_microxrcedds
[1.648s] -- Up-to-date symlink: /home/ubuntu/microros_ws/install/rmw_microxrcedds/share/ament_index/resource_index/rmw_typesupport/rmw_microxrcedds
[1.651s] -- Up-to-date symlink: /home/ubuntu/microros_ws/install/rmw_microxrcedds/share/ament_index/resource_index/package_run_dependencies/rmw_microxrcedds
[1.651s] -- Up-to-date symlink: /home/ubuntu/microros_ws/install/rmw_microxrcedds/share/ament_index/resource_index/parent_prefix_path/rmw_microxrcedds
[1.653s] -- Up-to-date symlink: /home/ubuntu/microros_ws/install/rmw_microxrcedds/share/rmw_microxrcedds/environment/ament_prefix_path.sh
[1.654s] -- Up-to-date symlink: /home/ubuntu/microros_ws/install/rmw_microxrcedds/share/rmw_microxrcedds/environment/ament_prefix_path.dsv
[1.655s] -- Up-to-date symlink: /home/ubuntu/microros_ws/install/rmw_microxrcedds/share/rmw_microxrcedds/environment/path.sh
[1.656s] -- Up-to-date symlink: /home/ubuntu/microros_ws/install/rmw_microxrcedds/share/rmw_microxrcedds/environment/path.dsv
[1.657s] -- Up-to-date symlink: /home/ubuntu/microros_ws/install/rmw_microxrcedds/share/rmw_microxrcedds/local_setup.bash
[1.659s] -- Up-to-date symlink: /home/ubuntu/microros_ws/install/rmw_microxrcedds/share/rmw_microxrcedds/local_setup.sh
[1.662s] -- Up-to-date symlink: /home/ubuntu/microros_ws/install/rmw_microxrcedds/share/rmw_microxrcedds/local_setup.zsh
[1.662s] -- Up-to-date symlink: /home/ubuntu/microros_ws/install/rmw_microxrcedds/share/rmw_microxrcedds/local_setup.dsv
[1.663s] -- Symlinking: /home/ubuntu/microros_ws/install/rmw_microxrcedds/share/rmw_microxrcedds/package.dsv
[1.716s] -- Up-to-date symlink: /home/ubuntu/microros_ws/install/rmw_microxrcedds/share/ament_index/resource_index/packages/rmw_microxrcedds
[1.718s] -- Up-to-date symlink: /home/ubuntu/microros_ws/install/rmw_microxrcedds/share/rmw_microxrcedds/cmake/ament_cmake_export_include_directories-extras.cmake
[1.719s] -- Up-to-date symlink: /home/ubuntu/microros_ws/install/rmw_microxrcedds/share/rmw_microxrcedds/cmake/ament_cmake_export_libraries-extras.cmake
[1.721s] -- Up-to-date symlink: /home/ubuntu/microros_ws/install/rmw_microxrcedds/share/rmw_microxrcedds/cmake/ament_cmake_export_dependencies-extras.cmake
[1.721s] -- Up-to-date symlink: /home/ubuntu/microros_ws/install/rmw_microxrcedds/share/rmw_microxrcedds/cmake/rmw_microxrceddsConfig.cmake
[1.722s] -- Up-to-date symlink: /home/ubuntu/microros_ws/install/rmw_microxrcedds/share/rmw_microxrcedds/cmake/rmw_microxrceddsConfig-version.cmake
[1.725s] -- Up-to-date symlink: /home/ubuntu/microros_ws/install/rmw_microxrcedds/share/rmw_microxrcedds/package.xml
[1.730s] -- Up-to-date symlink: /home/ubuntu/microros_ws/install/rmw_microxrcedds/include/rmw_microros/continous_serialization.h
[1.733s] -- Up-to-date symlink: /home/ubuntu/microros_ws/install/rmw_microxrcedds/include/rmw_microros/custom_transport.h
[1.735s] -- Up-to-date symlink: /home/ubuntu/microros_ws/install/rmw_microxrcedds/include/rmw_microros/discovery.h
[1.737s] -- Up-to-date symlink: /home/ubuntu/microros_ws/install/rmw_microxrcedds/include/rmw_microros/error_handling.h
[1.739s] -- Up-to-date symlink: /home/ubuntu/microros_ws/install/rmw_microxrcedds/include/rmw_microros/init_options.h
[1.742s] -- Up-to-date symlink: /home/ubuntu/microros_ws/install/rmw_microxrcedds/include/rmw_microros/ping.h
[1.744s] -- Up-to-date symlink: /home/ubuntu/microros_ws/install/rmw_microxrcedds/include/rmw_microros/rmw_microros.h
[1.747s] -- Up-to-date symlink: /home/ubuntu/microros_ws/install/rmw_microxrcedds/include/rmw_microros/time_sync.h
[1.749s] -- Up-to-date symlink: /home/ubuntu/microros_ws/install/rmw_microxrcedds/include/rmw_microros/timing.h
[1.753s] -- Up-to-date symlink: /home/ubuntu/microros_ws/install/rmw_microxrcedds/include/rmw_microxrcedds_c/rmw_c_macros.h
[1.754s] -- Up-to-date symlink: /home/ubuntu/microros_ws/install/rmw_microxrcedds/include/rmw_microxrcedds_c/config.h
[1.756s] -- Up-to-date symlink: /home/ubuntu/microros_ws/install/rmw_microxrcedds/lib/librmw_microxrcedds.so
[1.768s] Invoked command in '/home/ubuntu/microros_ws/build/rmw_microxrcedds' returned '0': AMENT_PREFIX_PATH=/home/ubuntu/microros_ws/install/rosidl_typesupport_microxrcedds_cpp:/home/ubuntu/microros_ws/install/rosidl_typesupport_microxrcedds_c:/home/ubuntu/microros_ws/install/micro_ros_msgs:${AMENT_PREFIX_PATH} CMAKE_PREFIX_PATH=/home/ubuntu/microros_ws/install/rosidl_typesupport_microxrcedds_cpp:/home/ubuntu/microros_ws/install/rosidl_typesupport_microxrcedds_c:/home/ubuntu/microros_ws/install/microxrcedds_client:/home/ubuntu/microros_ws/install/microcdr:/home/ubuntu/microros_ws/install/micro_ros_msgs:/opt/ros/humble LD_LIBRARY_PATH=/home/ubuntu/microros_ws/install/rosidl_typesupport_microxrcedds_cpp/lib:/home/ubuntu/microros_ws/install/rosidl_typesupport_microxrcedds_c/lib:/home/ubuntu/microros_ws/install/microxrcedds_client/lib:/home/ubuntu/microros_ws/install/microcdr/lib:/home/ubuntu/microros_ws/install/micro_ros_msgs/lib:${LD_LIBRARY_PATH} PYTHONPATH=/home/ubuntu/microros_ws/install/rosidl_typesupport_microxrcedds_cpp/local/lib/python3.10/dist-packages:/home/ubuntu/microros_ws/install/rosidl_typesupport_microxrcedds_c/local/lib/python3.10/dist-packages:/home/ubuntu/microros_ws/install/micro_ros_msgs/local/lib/python3.10/dist-packages:${PYTHONPATH} /usr/bin/cmake --install /home/ubuntu/microros_ws/build/rmw_microxrcedds
