[0.205s] Invoking command in '/home/ubuntu/microros_ws/build/rosgraph_msgs': AMENT_PREFIX_PATH=/home/ubuntu/microros_ws/install/builtin_interfaces:${AMENT_PREFIX_PATH} CMAKE_PREFIX_PATH=/home/ubuntu/microros_ws/install/builtin_interfaces:/opt/ros/humble LD_LIBRARY_PATH=/home/ubuntu/microros_ws/install/builtin_interfaces/lib:${LD_LIBRARY_PATH} PYTHONPATH=/home/ubuntu/microros_ws/install/builtin_interfaces/local/lib/python3.10/dist-packages:${PYTHONPATH} /usr/bin/cmake --build /home/ubuntu/microros_ws/build/rosgraph_msgs -- -j4 -l4
[0.538s] [  3%] Built target rosgraph_msgs__cpp
[0.707s] [  3%] Built target ament_cmake_python_symlink_rosgraph_msgs
[0.763s] [35m[1mConsolidate compiler generated dependencies of target rosgraph_msgs__rosidl_typesupport_introspection_cpp[0m
[0.863s] [ 12%] Built target rosgraph_msgs__rosidl_typesupport_introspection_cpp
[0.921s] [ 16%] [34m[1mGenerating C++ type support dispatch for ROS interfaces[0m
[2.339s] [35m[1mConsolidate compiler generated dependencies of target rosgraph_msgs__rosidl_typesupport_cpp[0m
[2.407s] [ 19%] [32mBuilding CXX object CMakeFiles/rosgraph_msgs__rosidl_typesupport_cpp.dir/rosidl_typesupport_cpp/rosgraph_msgs/msg/clock__type_support.cpp.o[0m
[4.319s] [ 22%] [32m[1mLinking CXX shared library librosgraph_msgs__rosidl_typesupport_cpp.so[0m
[4.643s] [ 22%] Built target rosgraph_msgs__rosidl_typesupport_cpp
[6.595s] running egg_info
[6.601s] writing rosgraph_msgs.egg-info/PKG-INFO
[6.602s] writing dependency_links to rosgraph_msgs.egg-info/dependency_links.txt
[6.605s] writing top-level names to rosgraph_msgs.egg-info/top_level.txt
[6.617s] reading manifest file 'rosgraph_msgs.egg-info/SOURCES.txt'
[6.624s] writing manifest file 'rosgraph_msgs.egg-info/SOURCES.txt'
[6.820s] [ 22%] Built target ament_cmake_python_build_rosgraph_msgs_egg
[6.901s] [35m[1mConsolidate compiler generated dependencies of target rosgraph_msgs__rosidl_typesupport_fastrtps_cpp[0m
[7.074s] [ 32%] Built target rosgraph_msgs__rosidl_typesupport_fastrtps_cpp
[7.145s] [35m[1mConsolidate compiler generated dependencies of target rosgraph_msgs__rosidl_generator_c[0m
[7.310s] [ 41%] Built target rosgraph_msgs__rosidl_generator_c
[7.369s] [35m[1mConsolidate compiler generated dependencies of target rosgraph_msgs__rosidl_typesupport_introspection_c[0m
[7.437s] [ 51%] Built target rosgraph_msgs__rosidl_typesupport_introspection_c
[7.533s] [35m[1mConsolidate compiler generated dependencies of target rosgraph_msgs__rosidl_typesupport_fastrtps_c[0m
[7.654s] [ 61%] Built target rosgraph_msgs__rosidl_typesupport_fastrtps_c
[7.720s] [ 64%] [34m[1mGenerating C type support dispatch for ROS interfaces[0m
[9.220s] [35m[1mConsolidate compiler generated dependencies of target rosgraph_msgs__rosidl_typesupport_c[0m
[9.328s] [ 67%] [32mBuilding CXX object CMakeFiles/rosgraph_msgs__rosidl_typesupport_c.dir/rosidl_typesupport_c/rosgraph_msgs/msg/clock__type_support.cpp.o[0m
[9.606s] [ 70%] [32m[1mLinking CXX shared library librosgraph_msgs__rosidl_typesupport_c.so[0m
[9.929s] [ 70%] Built target rosgraph_msgs__rosidl_typesupport_c
[10.068s] [ 70%] Built target rosgraph_msgs
[10.274s] [ 74%] Built target rosgraph_msgs__py
[10.329s] [35m[1mConsolidate compiler generated dependencies of target rosgraph_msgs__rosidl_generator_py[0m
[10.417s] [ 77%] [32m[1mLinking C shared library rosidl_generator_py/rosgraph_msgs/librosgraph_msgs__rosidl_generator_py.so[0m
[10.746s] [ 80%] Built target rosgraph_msgs__rosidl_generator_py
[10.849s] [35m[1mConsolidate compiler generated dependencies of target rosgraph_msgs__rosidl_typesupport_fastrtps_c__pyext[0m
[10.969s] [ 83%] [32m[1mLinking C shared library rosidl_generator_py/rosgraph_msgs/rosgraph_msgs_s__rosidl_typesupport_fastrtps_c.cpython-310-aarch64-linux-gnu.so[0m
[11.258s] [ 87%] Built target rosgraph_msgs__rosidl_typesupport_fastrtps_c__pyext
[11.327s] [35m[1mConsolidate compiler generated dependencies of target rosgraph_msgs__rosidl_typesupport_c__pyext[0m
[11.404s] [ 90%] [32m[1mLinking C shared library rosidl_generator_py/rosgraph_msgs/rosgraph_msgs_s__rosidl_typesupport_c.cpython-310-aarch64-linux-gnu.so[0m
[11.765s] [ 93%] Built target rosgraph_msgs__rosidl_typesupport_c__pyext
[11.881s] [35m[1mConsolidate compiler generated dependencies of target rosgraph_msgs__rosidl_typesupport_introspection_c__pyext[0m
[11.957s] [ 96%] [32m[1mLinking C shared library rosidl_generator_py/rosgraph_msgs/rosgraph_msgs_s__rosidl_typesupport_introspection_c.cpython-310-aarch64-linux-gnu.so[0m
[12.273s] [100%] Built target rosgraph_msgs__rosidl_typesupport_introspection_c__pyext
[12.343s] Invoked command in '/home/ubuntu/microros_ws/build/rosgraph_msgs' returned '0': AMENT_PREFIX_PATH=/home/ubuntu/microros_ws/install/builtin_interfaces:${AMENT_PREFIX_PATH} CMAKE_PREFIX_PATH=/home/ubuntu/microros_ws/install/builtin_interfaces:/opt/ros/humble LD_LIBRARY_PATH=/home/ubuntu/microros_ws/install/builtin_interfaces/lib:${LD_LIBRARY_PATH} PYTHONPATH=/home/ubuntu/microros_ws/install/builtin_interfaces/local/lib/python3.10/dist-packages:${PYTHONPATH} /usr/bin/cmake --build /home/ubuntu/microros_ws/build/rosgraph_msgs -- -j4 -l4
[13.030s] Invoking command in '/home/ubuntu/microros_ws/build/rosgraph_msgs': AMENT_PREFIX_PATH=/home/ubuntu/microros_ws/install/builtin_interfaces:${AMENT_PREFIX_PATH} CMAKE_PREFIX_PATH=/home/ubuntu/microros_ws/install/builtin_interfaces:/opt/ros/humble LD_LIBRARY_PATH=/home/ubuntu/microros_ws/install/builtin_interfaces/lib:${LD_LIBRARY_PATH} PYTHONPATH=/home/ubuntu/microros_ws/install/builtin_interfaces/local/lib/python3.10/dist-packages:${PYTHONPATH} /usr/bin/cmake --install /home/ubuntu/microros_ws/build/rosgraph_msgs
[13.093s] -- Install configuration: ""
[13.095s] -- Execute custom install script
[13.096s] -- Symlinking: /home/ubuntu/microros_ws/install/rosgraph_msgs/share/ament_index/resource_index/rosidl_interfaces/rosgraph_msgs
[13.147s] -- Symlinking: /home/ubuntu/microros_ws/install/rosgraph_msgs/include/rosgraph_msgs/rosgraph_msgs/msg/clock.h
[13.209s] -- Symlinking: /home/ubuntu/microros_ws/install/rosgraph_msgs/include/rosgraph_msgs/rosgraph_msgs/msg/detail/clock__functions.h
[13.261s] -- Symlinking: /home/ubuntu/microros_ws/install/rosgraph_msgs/include/rosgraph_msgs/rosgraph_msgs/msg/detail/clock__struct.h
[13.314s] -- Symlinking: /home/ubuntu/microros_ws/install/rosgraph_msgs/include/rosgraph_msgs/rosgraph_msgs/msg/detail/clock__type_support.h
[13.363s] -- Symlinking: /home/ubuntu/microros_ws/install/rosgraph_msgs/include/rosgraph_msgs/rosgraph_msgs/msg/rosidl_generator_c__visibility_control.h
[13.424s] -- Symlinking: /home/ubuntu/microros_ws/install/rosgraph_msgs/share/rosgraph_msgs/environment/library_path.sh
[13.495s] -- Symlinking: /home/ubuntu/microros_ws/install/rosgraph_msgs/share/rosgraph_msgs/environment/library_path.dsv
[13.615s] -- Symlinking: /home/ubuntu/microros_ws/install/rosgraph_msgs/include/rosgraph_msgs/rosgraph_msgs/msg/detail/clock__rosidl_typesupport_fastrtps_c.h
[13.665s] -- Symlinking: /home/ubuntu/microros_ws/install/rosgraph_msgs/include/rosgraph_msgs/rosgraph_msgs/msg/rosidl_typesupport_fastrtps_c__visibility_control.h
[13.737s] -- Symlinking: /home/ubuntu/microros_ws/install/rosgraph_msgs/include/rosgraph_msgs/rosgraph_msgs/msg/clock.hpp
[13.797s] -- Symlinking: /home/ubuntu/microros_ws/install/rosgraph_msgs/include/rosgraph_msgs/rosgraph_msgs/msg/detail/clock__builder.hpp
[13.849s] -- Symlinking: /home/ubuntu/microros_ws/install/rosgraph_msgs/include/rosgraph_msgs/rosgraph_msgs/msg/detail/clock__struct.hpp
[13.911s] -- Symlinking: /home/ubuntu/microros_ws/install/rosgraph_msgs/include/rosgraph_msgs/rosgraph_msgs/msg/detail/clock__traits.hpp
[13.961s] -- Symlinking: /home/ubuntu/microros_ws/install/rosgraph_msgs/include/rosgraph_msgs/rosgraph_msgs/msg/detail/clock__rosidl_typesupport_fastrtps_cpp.hpp
[14.020s] -- Symlinking: /home/ubuntu/microros_ws/install/rosgraph_msgs/include/rosgraph_msgs/rosgraph_msgs/msg/rosidl_typesupport_fastrtps_cpp__visibility_control.h
[14.066s] -- Symlinking: /home/ubuntu/microros_ws/install/rosgraph_msgs/include/rosgraph_msgs/rosgraph_msgs/msg/detail/clock__rosidl_typesupport_introspection_c.h
[14.125s] -- Symlinking: /home/ubuntu/microros_ws/install/rosgraph_msgs/include/rosgraph_msgs/rosgraph_msgs/msg/rosidl_typesupport_introspection_c__visibility_control.h
[14.186s] -- Symlinking: /home/ubuntu/microros_ws/install/rosgraph_msgs/include/rosgraph_msgs/rosgraph_msgs/msg/detail/clock__rosidl_typesupport_introspection_cpp.hpp
[14.241s] -- Symlinking: /home/ubuntu/microros_ws/install/rosgraph_msgs/share/rosgraph_msgs/environment/pythonpath.sh
[14.306s] -- Symlinking: /home/ubuntu/microros_ws/install/rosgraph_msgs/share/rosgraph_msgs/environment/pythonpath.dsv
[14.398s] -- Symlinking: /home/ubuntu/microros_ws/install/rosgraph_msgs/local/lib/python3.10/dist-packages/rosgraph_msgs-1.2.1-py3.10.egg-info/PKG-INFO
[14.456s] -- Symlinking: /home/ubuntu/microros_ws/install/rosgraph_msgs/local/lib/python3.10/dist-packages/rosgraph_msgs-1.2.1-py3.10.egg-info/SOURCES.txt
[14.530s] -- Symlinking: /home/ubuntu/microros_ws/install/rosgraph_msgs/local/lib/python3.10/dist-packages/rosgraph_msgs-1.2.1-py3.10.egg-info/dependency_links.txt
[14.581s] -- Symlinking: /home/ubuntu/microros_ws/install/rosgraph_msgs/local/lib/python3.10/dist-packages/rosgraph_msgs-1.2.1-py3.10.egg-info/top_level.txt
[14.630s] -- Symlinking: /home/ubuntu/microros_ws/install/rosgraph_msgs/local/lib/python3.10/dist-packages/rosgraph_msgs/__init__.py
[14.683s] -- Symlinking: /home/ubuntu/microros_ws/install/rosgraph_msgs/local/lib/python3.10/dist-packages/rosgraph_msgs/_rosgraph_msgs_s.ep.rosidl_typesupport_c.c
[14.721s] -- Symlinking: /home/ubuntu/microros_ws/install/rosgraph_msgs/local/lib/python3.10/dist-packages/rosgraph_msgs/_rosgraph_msgs_s.ep.rosidl_typesupport_fastrtps_c.c
[14.801s] -- Symlinking: /home/ubuntu/microros_ws/install/rosgraph_msgs/local/lib/python3.10/dist-packages/rosgraph_msgs/_rosgraph_msgs_s.ep.rosidl_typesupport_introspection_c.c
[14.846s] -- Symlinking: /home/ubuntu/microros_ws/install/rosgraph_msgs/local/lib/python3.10/dist-packages/rosgraph_msgs/_rosgraph_msgs_s.ep.rosidl_typesupport_microxrcedds_c.c
[14.907s] -- Symlinking: /home/ubuntu/microros_ws/install/rosgraph_msgs/local/lib/python3.10/dist-packages/rosgraph_msgs/librosgraph_msgs__rosidl_generator_py.so
[14.962s] -- Symlinking: /home/ubuntu/microros_ws/install/rosgraph_msgs/local/lib/python3.10/dist-packages/rosgraph_msgs/msg/__init__.py
[15.025s] -- Symlinking: /home/ubuntu/microros_ws/install/rosgraph_msgs/local/lib/python3.10/dist-packages/rosgraph_msgs/msg/_clock.py
[15.071s] -- Symlinking: /home/ubuntu/microros_ws/install/rosgraph_msgs/local/lib/python3.10/dist-packages/rosgraph_msgs/msg/_clock_s.c
[15.119s] -- Symlinking: /home/ubuntu/microros_ws/install/rosgraph_msgs/local/lib/python3.10/dist-packages/rosgraph_msgs/rosgraph_msgs_s__rosidl_typesupport_c.cpython-310-aarch64-linux-gnu.so
[15.162s] -- Symlinking: /home/ubuntu/microros_ws/install/rosgraph_msgs/local/lib/python3.10/dist-packages/rosgraph_msgs/rosgraph_msgs_s__rosidl_typesupport_fastrtps_c.cpython-310-aarch64-linux-gnu.so
[15.213s] -- Symlinking: /home/ubuntu/microros_ws/install/rosgraph_msgs/local/lib/python3.10/dist-packages/rosgraph_msgs/rosgraph_msgs_s__rosidl_typesupport_introspection_c.cpython-310-aarch64-linux-gnu.so
[15.265s] -- Symlinking: /home/ubuntu/microros_ws/install/rosgraph_msgs/local/lib/python3.10/dist-packages/rosgraph_msgs/rosgraph_msgs_s__rosidl_typesupport_microxrcedds_c.cpython-310-aarch64-linux-gnu.so
[15.318s] -- Up-to-date symlink: /home/ubuntu/microros_ws/install/rosgraph_msgs/local/lib/python3.10/dist-packages/rosgraph_msgs/rosgraph_msgs_s__rosidl_typesupport_fastrtps_c.cpython-310-aarch64-linux-gnu.so
[15.320s] -- Up-to-date symlink: /home/ubuntu/microros_ws/install/rosgraph_msgs/local/lib/python3.10/dist-packages/rosgraph_msgs/rosgraph_msgs_s__rosidl_typesupport_introspection_c.cpython-310-aarch64-linux-gnu.so
[15.321s] -- Up-to-date symlink: /home/ubuntu/microros_ws/install/rosgraph_msgs/local/lib/python3.10/dist-packages/rosgraph_msgs/rosgraph_msgs_s__rosidl_typesupport_c.cpython-310-aarch64-linux-gnu.so
[15.325s] -- Symlinking: /home/ubuntu/microros_ws/install/rosgraph_msgs/share/rosgraph_msgs/msg/Clock.idl
[15.384s] -- Symlinking: /home/ubuntu/microros_ws/install/rosgraph_msgs/share/rosgraph_msgs/msg/Clock.msg
[15.444s] -- Symlinking: /home/ubuntu/microros_ws/install/rosgraph_msgs/share/ament_index/resource_index/package_run_dependencies/rosgraph_msgs
[15.499s] -- Symlinking: /home/ubuntu/microros_ws/install/rosgraph_msgs/share/ament_index/resource_index/parent_prefix_path/rosgraph_msgs
[15.566s] -- Symlinking: /home/ubuntu/microros_ws/install/rosgraph_msgs/share/rosgraph_msgs/environment/ament_prefix_path.sh
[15.630s] -- Symlinking: /home/ubuntu/microros_ws/install/rosgraph_msgs/share/rosgraph_msgs/environment/ament_prefix_path.dsv
[15.684s] -- Symlinking: /home/ubuntu/microros_ws/install/rosgraph_msgs/share/rosgraph_msgs/environment/path.sh
[15.747s] -- Symlinking: /home/ubuntu/microros_ws/install/rosgraph_msgs/share/rosgraph_msgs/environment/path.dsv
[15.812s] -- Symlinking: /home/ubuntu/microros_ws/install/rosgraph_msgs/share/rosgraph_msgs/local_setup.bash
[15.895s] -- Symlinking: /home/ubuntu/microros_ws/install/rosgraph_msgs/share/rosgraph_msgs/local_setup.sh
[16.026s] -- Symlinking: /home/ubuntu/microros_ws/install/rosgraph_msgs/share/rosgraph_msgs/local_setup.zsh
[16.087s] -- Symlinking: /home/ubuntu/microros_ws/install/rosgraph_msgs/share/rosgraph_msgs/local_setup.dsv
[16.155s] -- Symlinking: /home/ubuntu/microros_ws/install/rosgraph_msgs/share/rosgraph_msgs/package.dsv
[16.238s] -- Symlinking: /home/ubuntu/microros_ws/install/rosgraph_msgs/share/ament_index/resource_index/packages/rosgraph_msgs
[16.304s] -- Symlinking: /home/ubuntu/microros_ws/install/rosgraph_msgs/share/rosgraph_msgs/cmake/rosidl_cmake-extras.cmake
[16.368s] -- Symlinking: /home/ubuntu/microros_ws/install/rosgraph_msgs/share/rosgraph_msgs/cmake/ament_cmake_export_dependencies-extras.cmake
[16.422s] -- Symlinking: /home/ubuntu/microros_ws/install/rosgraph_msgs/share/rosgraph_msgs/cmake/ament_cmake_export_include_directories-extras.cmake
[16.463s] -- Symlinking: /home/ubuntu/microros_ws/install/rosgraph_msgs/share/rosgraph_msgs/cmake/ament_cmake_export_libraries-extras.cmake
[16.523s] -- Symlinking: /home/ubuntu/microros_ws/install/rosgraph_msgs/share/rosgraph_msgs/cmake/ament_cmake_export_targets-extras.cmake
[16.565s] -- Symlinking: /home/ubuntu/microros_ws/install/rosgraph_msgs/share/rosgraph_msgs/cmake/rosidl_cmake_export_typesupport_targets-extras.cmake
[16.625s] -- Symlinking: /home/ubuntu/microros_ws/install/rosgraph_msgs/share/rosgraph_msgs/cmake/rosidl_cmake_export_typesupport_libraries-extras.cmake
[16.677s] -- Symlinking: /home/ubuntu/microros_ws/install/rosgraph_msgs/share/rosgraph_msgs/cmake/rosgraph_msgsConfig.cmake
[16.746s] -- Symlinking: /home/ubuntu/microros_ws/install/rosgraph_msgs/share/rosgraph_msgs/cmake/rosgraph_msgsConfig-version.cmake
[16.790s] -- Symlinking: /home/ubuntu/microros_ws/install/rosgraph_msgs/share/rosgraph_msgs/package.xml
[16.846s] -- Up-to-date: /home/ubuntu/microros_ws/install/rosgraph_msgs/lib/librosgraph_msgs__rosidl_generator_c.so
[16.851s] -- Up-to-date: /home/ubuntu/microros_ws/install/rosgraph_msgs/lib/librosgraph_msgs__rosidl_typesupport_fastrtps_c.so
[16.857s] -- Up-to-date: /home/ubuntu/microros_ws/install/rosgraph_msgs/lib/librosgraph_msgs__rosidl_typesupport_fastrtps_cpp.so
[16.862s] -- Up-to-date: /home/ubuntu/microros_ws/install/rosgraph_msgs/lib/librosgraph_msgs__rosidl_typesupport_introspection_c.so
[16.868s] -- Installing: /home/ubuntu/microros_ws/install/rosgraph_msgs/lib/librosgraph_msgs__rosidl_typesupport_c.so
[16.873s] -- Set runtime path of "/home/ubuntu/microros_ws/install/rosgraph_msgs/lib/librosgraph_msgs__rosidl_typesupport_c.so" to ""
[16.879s] -- Up-to-date: /home/ubuntu/microros_ws/install/rosgraph_msgs/lib/librosgraph_msgs__rosidl_typesupport_introspection_cpp.so
[16.899s] -- Installing: /home/ubuntu/microros_ws/install/rosgraph_msgs/lib/librosgraph_msgs__rosidl_typesupport_cpp.so
[16.903s] -- Set runtime path of "/home/ubuntu/microros_ws/install/rosgraph_msgs/lib/librosgraph_msgs__rosidl_typesupport_cpp.so" to ""
[17.173s] Listing '/home/ubuntu/microros_ws/install/rosgraph_msgs/local/lib/python3.10/dist-packages/rosgraph_msgs'...
[17.174s] Compiling '/home/ubuntu/microros_ws/install/rosgraph_msgs/local/lib/python3.10/dist-packages/rosgraph_msgs/__init__.py'...
[17.175s] Listing '/home/ubuntu/microros_ws/install/rosgraph_msgs/local/lib/python3.10/dist-packages/rosgraph_msgs/msg'...
[17.220s] -- Installing: /home/ubuntu/microros_ws/install/rosgraph_msgs/lib/librosgraph_msgs__rosidl_generator_py.so
[17.223s] -- Set runtime path of "/home/ubuntu/microros_ws/install/rosgraph_msgs/lib/librosgraph_msgs__rosidl_generator_py.so" to ""
[17.226s] -- Up-to-date: /home/ubuntu/microros_ws/install/rosgraph_msgs/share/rosgraph_msgs/cmake/export_rosgraph_msgs__rosidl_generator_cExport.cmake
[17.227s] -- Up-to-date: /home/ubuntu/microros_ws/install/rosgraph_msgs/share/rosgraph_msgs/cmake/export_rosgraph_msgs__rosidl_generator_cExport-noconfig.cmake
[17.229s] -- Up-to-date: /home/ubuntu/microros_ws/install/rosgraph_msgs/share/rosgraph_msgs/cmake/export_rosgraph_msgs__rosidl_typesupport_fastrtps_cExport.cmake
[17.230s] -- Up-to-date: /home/ubuntu/microros_ws/install/rosgraph_msgs/share/rosgraph_msgs/cmake/export_rosgraph_msgs__rosidl_typesupport_fastrtps_cExport-noconfig.cmake
[17.232s] -- Up-to-date: /home/ubuntu/microros_ws/install/rosgraph_msgs/share/rosgraph_msgs/cmake/export_rosgraph_msgs__rosidl_generator_cppExport.cmake
[17.236s] -- Up-to-date: /home/ubuntu/microros_ws/install/rosgraph_msgs/share/rosgraph_msgs/cmake/export_rosgraph_msgs__rosidl_typesupport_fastrtps_cppExport.cmake
[17.237s] -- Up-to-date: /home/ubuntu/microros_ws/install/rosgraph_msgs/share/rosgraph_msgs/cmake/export_rosgraph_msgs__rosidl_typesupport_fastrtps_cppExport-noconfig.cmake
[17.240s] -- Up-to-date: /home/ubuntu/microros_ws/install/rosgraph_msgs/share/rosgraph_msgs/cmake/rosgraph_msgs__rosidl_typesupport_introspection_cExport.cmake
[17.241s] -- Up-to-date: /home/ubuntu/microros_ws/install/rosgraph_msgs/share/rosgraph_msgs/cmake/rosgraph_msgs__rosidl_typesupport_introspection_cExport-noconfig.cmake
[17.242s] -- Up-to-date: /home/ubuntu/microros_ws/install/rosgraph_msgs/share/rosgraph_msgs/cmake/rosgraph_msgs__rosidl_typesupport_cExport.cmake
[17.243s] -- Up-to-date: /home/ubuntu/microros_ws/install/rosgraph_msgs/share/rosgraph_msgs/cmake/rosgraph_msgs__rosidl_typesupport_cExport-noconfig.cmake
[17.244s] -- Up-to-date: /home/ubuntu/microros_ws/install/rosgraph_msgs/share/rosgraph_msgs/cmake/rosgraph_msgs__rosidl_typesupport_introspection_cppExport.cmake
[17.245s] -- Up-to-date: /home/ubuntu/microros_ws/install/rosgraph_msgs/share/rosgraph_msgs/cmake/rosgraph_msgs__rosidl_typesupport_introspection_cppExport-noconfig.cmake
[17.247s] -- Up-to-date: /home/ubuntu/microros_ws/install/rosgraph_msgs/share/rosgraph_msgs/cmake/rosgraph_msgs__rosidl_typesupport_cppExport.cmake
[17.248s] -- Up-to-date: /home/ubuntu/microros_ws/install/rosgraph_msgs/share/rosgraph_msgs/cmake/rosgraph_msgs__rosidl_typesupport_cppExport-noconfig.cmake
[17.249s] -- Up-to-date: /home/ubuntu/microros_ws/install/rosgraph_msgs/share/rosgraph_msgs/cmake/export_rosgraph_msgs__rosidl_generator_pyExport.cmake
[17.250s] -- Up-to-date: /home/ubuntu/microros_ws/install/rosgraph_msgs/share/rosgraph_msgs/cmake/export_rosgraph_msgs__rosidl_generator_pyExport-noconfig.cmake
[17.264s] Invoked command in '/home/ubuntu/microros_ws/build/rosgraph_msgs' returned '0': AMENT_PREFIX_PATH=/home/ubuntu/microros_ws/install/builtin_interfaces:${AMENT_PREFIX_PATH} CMAKE_PREFIX_PATH=/home/ubuntu/microros_ws/install/builtin_interfaces:/opt/ros/humble LD_LIBRARY_PATH=/home/ubuntu/microros_ws/install/builtin_interfaces/lib:${LD_LIBRARY_PATH} PYTHONPATH=/home/ubuntu/microros_ws/install/builtin_interfaces/local/lib/python3.10/dist-packages:${PYTHONPATH} /usr/bin/cmake --install /home/ubuntu/microros_ws/build/rosgraph_msgs
