[0.155s] Invoking command in '/home/ubuntu/microros_ws/build/micro_ros_msgs': CMAKE_PREFIX_PATH=/home/ubuntu/microros_ws/install/micro_ros_demos_rclc:/home/ubuntu/microros_ws/install/common_interfaces:/home/ubuntu/microros_ws/install/visualization_msgs:/home/ubuntu/microros_ws/install/test_msgs:/home/ubuntu/microros_ws/install/example_interfaces:/home/ubuntu/microros_ws/install/action_msgs:/home/ubuntu/microros_ws/install/unique_identifier_msgs:/home/ubuntu/microros_ws/install/trajectory_msgs:/home/ubuntu/microros_ws/install/stereo_msgs:/home/ubuntu/microros_ws/install/sensor_msgs_py:/opt/ros/humble:/home/ubuntu/microros_ws/install/rplidar_ros:/home/ubuntu/microros_ws/install/std_srvs:/home/ubuntu/microros_ws/install/shape_msgs:/home/ubuntu/microros_ws/install/sensor_msgs:/home/ubuntu/microros_ws/install/nav_msgs:/home/ubuntu/microros_ws/install/diagnostic_msgs:/home/ubuntu/microros_ws/install/geometry_msgs:/home/ubuntu/microros_ws/install/actionlib_msgs:/home/ubuntu/microros_ws/install/std_msgs:/home/ubuntu/microros_ws/install/statistics_msgs:/home/ubuntu/microros_ws/install/rosidl_typesupport_microxrcedds_test_msg:/home/ubuntu/microros_ws/install/rosidl_typesupport_microxrcedds_cpp_tests:/home/ubuntu/microros_ws/install/rmw_microxrcedds:/home/ubuntu/microros_ws/install/rosidl_typesupport_microxrcedds_cpp:/home/ubuntu/microros_ws/install/rosidl_typesupport_microxrcedds_c_tests:/home/ubuntu/microros_ws/install/rosidl_typesupport_microxrcedds_c:/home/ubuntu/microros_ws/install/rosgraph_msgs:/home/ubuntu/microros_ws/install/rclc_parameter:/home/ubuntu/microros_ws/install/rclc:/home/ubuntu/microros_ws/install/composition_interfaces:/home/ubuntu/microros_ws/install/rcl_interfaces:/home/ubuntu/microros_ws/install/microxrcedds_client:/home/ubuntu/microros_ws/install/microcdr:/home/ubuntu/microros_ws/install/micro_ros_utilities:/home/ubuntu/microros_ws/install/micro_ros_setup:/home/ubuntu/microros_ws/install/micro_ros_agent:/home/ubuntu/microros_ws/install/micro_ros_msgs:/home/ubuntu/microros_ws/install/lifecycle_msgs:/home/ubuntu/microros_ws/install/complex_msgs:/home/ubuntu/microros_ws/install/builtin_interfaces /usr/bin/cmake /home/ubuntu/microros_ws/src/uros/micro_ros_msgs -DCMAKE_BUILD_TYPE=Release -DCMAKE_INSTALL_PREFIX=/home/ubuntu/microros_ws/install/micro_ros_msgs
[0.286s] -- Found ament_cmake: 1.3.9 (/opt/ros/humble/share/ament_cmake/cmake)
[1.469s] -- Override CMake install command with custom implementation using symlinks instead of copying resources
[1.525s] -- Found rosidl_default_generators: 1.2.0 (/opt/ros/humble/share/rosidl_default_generators/cmake)
[1.580s] -- Using all available rosidl_typesupport_c: rosidl_typesupport_microxrcedds_c;rosidl_typesupport_fastrtps_c;rosidl_typesupport_introspection_c
[1.601s] -- Found rosidl_adapter: 3.1.5 (/opt/ros/humble/share/rosidl_adapter/cmake)
[1.909s] -- Using all available rosidl_typesupport_cpp: rosidl_typesupport_microxrcedds_cpp;rosidl_typesupport_fastrtps_cpp;rosidl_typesupport_introspection_cpp
[4.544s] -- Found ament_cmake_ros: 0.10.0 (/opt/ros/humble/share/ament_cmake_ros/cmake)
[7.297s] -- Using all available rosidl_typesupport_c: rosidl_typesupport_microxrcedds_c;rosidl_typesupport_fastrtps_c;rosidl_typesupport_introspection_c
[10.509s] -- Using all available rosidl_typesupport_cpp: rosidl_typesupport_microxrcedds_cpp;rosidl_typesupport_fastrtps_cpp;rosidl_typesupport_introspection_cpp
[10.823s] -- Found python_cmake_module: 0.10.0 (/opt/ros/humble/share/python_cmake_module/cmake)
[11.071s] -- Using PYTHON_EXECUTABLE: /usr/bin/python3
[11.072s] -- Using PYTHON_INCLUDE_DIRS: /usr/include/python3.10
[11.073s] -- Using PYTHON_LIBRARIES: /usr/lib/aarch64-linux-gnu/libpython3.10.so
[11.388s] -- Configuring done
[11.755s] -- Generating done
[11.793s] -- Build files have been written to: /home/ubuntu/microros_ws/build/micro_ros_msgs
[12.022s] Invoked command in '/home/ubuntu/microros_ws/build/micro_ros_msgs' returned '0': CMAKE_PREFIX_PATH=/home/ubuntu/microros_ws/install/micro_ros_demos_rclc:/home/ubuntu/microros_ws/install/common_interfaces:/home/ubuntu/microros_ws/install/visualization_msgs:/home/ubuntu/microros_ws/install/test_msgs:/home/ubuntu/microros_ws/install/example_interfaces:/home/ubuntu/microros_ws/install/action_msgs:/home/ubuntu/microros_ws/install/unique_identifier_msgs:/home/ubuntu/microros_ws/install/trajectory_msgs:/home/ubuntu/microros_ws/install/stereo_msgs:/home/ubuntu/microros_ws/install/sensor_msgs_py:/opt/ros/humble:/home/ubuntu/microros_ws/install/rplidar_ros:/home/ubuntu/microros_ws/install/std_srvs:/home/ubuntu/microros_ws/install/shape_msgs:/home/ubuntu/microros_ws/install/sensor_msgs:/home/ubuntu/microros_ws/install/nav_msgs:/home/ubuntu/microros_ws/install/diagnostic_msgs:/home/ubuntu/microros_ws/install/geometry_msgs:/home/ubuntu/microros_ws/install/actionlib_msgs:/home/ubuntu/microros_ws/install/std_msgs:/home/ubuntu/microros_ws/install/statistics_msgs:/home/ubuntu/microros_ws/install/rosidl_typesupport_microxrcedds_test_msg:/home/ubuntu/microros_ws/install/rosidl_typesupport_microxrcedds_cpp_tests:/home/ubuntu/microros_ws/install/rmw_microxrcedds:/home/ubuntu/microros_ws/install/rosidl_typesupport_microxrcedds_cpp:/home/ubuntu/microros_ws/install/rosidl_typesupport_microxrcedds_c_tests:/home/ubuntu/microros_ws/install/rosidl_typesupport_microxrcedds_c:/home/ubuntu/microros_ws/install/rosgraph_msgs:/home/ubuntu/microros_ws/install/rclc_parameter:/home/ubuntu/microros_ws/install/rclc:/home/ubuntu/microros_ws/install/composition_interfaces:/home/ubuntu/microros_ws/install/rcl_interfaces:/home/ubuntu/microros_ws/install/microxrcedds_client:/home/ubuntu/microros_ws/install/microcdr:/home/ubuntu/microros_ws/install/micro_ros_utilities:/home/ubuntu/microros_ws/install/micro_ros_setup:/home/ubuntu/microros_ws/install/micro_ros_agent:/home/ubuntu/microros_ws/install/micro_ros_msgs:/home/ubuntu/microros_ws/install/lifecycle_msgs:/home/ubuntu/microros_ws/install/complex_msgs:/home/ubuntu/microros_ws/install/builtin_interfaces /usr/bin/cmake /home/ubuntu/microros_ws/src/uros/micro_ros_msgs -DCMAKE_BUILD_TYPE=Release -DCMAKE_INSTALL_PREFIX=/home/ubuntu/microros_ws/install/micro_ros_msgs
[12.032s] Invoking command in '/home/ubuntu/microros_ws/build/micro_ros_msgs': CMAKE_PREFIX_PATH=/home/ubuntu/microros_ws/install/micro_ros_demos_rclc:/home/ubuntu/microros_ws/install/common_interfaces:/home/ubuntu/microros_ws/install/visualization_msgs:/home/ubuntu/microros_ws/install/test_msgs:/home/ubuntu/microros_ws/install/example_interfaces:/home/ubuntu/microros_ws/install/action_msgs:/home/ubuntu/microros_ws/install/unique_identifier_msgs:/home/ubuntu/microros_ws/install/trajectory_msgs:/home/ubuntu/microros_ws/install/stereo_msgs:/home/ubuntu/microros_ws/install/sensor_msgs_py:/opt/ros/humble:/home/ubuntu/microros_ws/install/rplidar_ros:/home/ubuntu/microros_ws/install/std_srvs:/home/ubuntu/microros_ws/install/shape_msgs:/home/ubuntu/microros_ws/install/sensor_msgs:/home/ubuntu/microros_ws/install/nav_msgs:/home/ubuntu/microros_ws/install/diagnostic_msgs:/home/ubuntu/microros_ws/install/geometry_msgs:/home/ubuntu/microros_ws/install/actionlib_msgs:/home/ubuntu/microros_ws/install/std_msgs:/home/ubuntu/microros_ws/install/statistics_msgs:/home/ubuntu/microros_ws/install/rosidl_typesupport_microxrcedds_test_msg:/home/ubuntu/microros_ws/install/rosidl_typesupport_microxrcedds_cpp_tests:/home/ubuntu/microros_ws/install/rmw_microxrcedds:/home/ubuntu/microros_ws/install/rosidl_typesupport_microxrcedds_cpp:/home/ubuntu/microros_ws/install/rosidl_typesupport_microxrcedds_c_tests:/home/ubuntu/microros_ws/install/rosidl_typesupport_microxrcedds_c:/home/ubuntu/microros_ws/install/rosgraph_msgs:/home/ubuntu/microros_ws/install/rclc_parameter:/home/ubuntu/microros_ws/install/rclc:/home/ubuntu/microros_ws/install/composition_interfaces:/home/ubuntu/microros_ws/install/rcl_interfaces:/home/ubuntu/microros_ws/install/microxrcedds_client:/home/ubuntu/microros_ws/install/microcdr:/home/ubuntu/microros_ws/install/micro_ros_utilities:/home/ubuntu/microros_ws/install/micro_ros_setup:/home/ubuntu/microros_ws/install/micro_ros_agent:/home/ubuntu/microros_ws/install/micro_ros_msgs:/home/ubuntu/microros_ws/install/lifecycle_msgs:/home/ubuntu/microros_ws/install/complex_msgs:/home/ubuntu/microros_ws/install/builtin_interfaces /usr/bin/cmake --build /home/ubuntu/microros_ws/build/micro_ros_msgs -- -j4 -l4
[12.634s] [35m[1mConsolidate compiler generated dependencies of target micro_ros_msgs__rosidl_generator_c[0m
[13.014s] [  1%] [32mBuilding C object CMakeFiles/micro_ros_msgs__rosidl_generator_c.dir/rosidl_generator_c/micro_ros_msgs/msg/detail/graph__functions.c.o[0m
[13.055s] [  3%] Built target micro_ros_msgs__cpp
[13.086s] [  5%] [32mBuilding C object CMakeFiles/micro_ros_msgs__rosidl_generator_c.dir/rosidl_generator_c/micro_ros_msgs/msg/detail/node__functions.c.o[0m
[13.256s] [  5%] Built target ament_cmake_python_symlink_micro_ros_msgs
[13.450s] [35m[1mConsolidate compiler generated dependencies of target micro_ros_msgs__rosidl_typesupport_introspection_cpp[0m
[13.572s] [35m[1mConsolidate compiler generated dependencies of target micro_ros_msgs__rosidl_typesupport_cpp[0m
[13.877s] [  6%] [32mBuilding CXX object CMakeFiles/micro_ros_msgs__rosidl_typesupport_cpp.dir/rosidl_typesupport_cpp/micro_ros_msgs/msg/graph__type_support.cpp.o[0m
[13.945s] [  8%] [32mBuilding CXX object CMakeFiles/micro_ros_msgs__rosidl_typesupport_introspection_cpp.dir/rosidl_typesupport_introspection_cpp/micro_ros_msgs/msg/detail/graph__type_support.cpp.o[0m
[15.427s] [ 10%] [32mBuilding C object CMakeFiles/micro_ros_msgs__rosidl_generator_c.dir/rosidl_generator_c/micro_ros_msgs/msg/detail/entity__functions.c.o[0m
[15.596s] [ 11%] [32mBuilding CXX object CMakeFiles/micro_ros_msgs__rosidl_typesupport_introspection_cpp.dir/rosidl_typesupport_introspection_cpp/micro_ros_msgs/msg/detail/node__type_support.cpp.o[0m
[18.159s] [ 13%] [32m[1mLinking C shared library libmicro_ros_msgs__rosidl_generator_c.so[0m
[19.456s] [ 15%] Built target micro_ros_msgs__rosidl_generator_c
[19.912s] [35m[1mConsolidate compiler generated dependencies of target micro_ros_msgs__rosidl_typesupport_microxrcedds_cpp[0m
[20.502s] [ 16%] [32mBuilding CXX object CMakeFiles/micro_ros_msgs__rosidl_typesupport_microxrcedds_cpp.dir/rosidl_typesupport_microxrcedds_cpp/micro_ros_msgs/msg/detail/microxrcedds/graph__type_support_cpp.cpp.o[0m
[21.543s] [ 18%] [32mBuilding CXX object CMakeFiles/micro_ros_msgs__rosidl_typesupport_cpp.dir/rosidl_typesupport_cpp/micro_ros_msgs/msg/node__type_support.cpp.o[0m
[29.188s] [ 20%] [32mBuilding CXX object CMakeFiles/micro_ros_msgs__rosidl_typesupport_cpp.dir/rosidl_typesupport_cpp/micro_ros_msgs/msg/entity__type_support.cpp.o[0m
[29.548s] [ 22%] [32mBuilding CXX object CMakeFiles/micro_ros_msgs__rosidl_typesupport_introspection_cpp.dir/rosidl_typesupport_introspection_cpp/micro_ros_msgs/msg/detail/entity__type_support.cpp.o[0m
[30.007s] [ 23%] [32mBuilding CXX object CMakeFiles/micro_ros_msgs__rosidl_typesupport_microxrcedds_cpp.dir/rosidl_typesupport_microxrcedds_cpp/micro_ros_msgs/msg/detail/microxrcedds/node__type_support_cpp.cpp.o[0m
[33.395s] [ 25%] [32m[1mLinking CXX shared library libmicro_ros_msgs__rosidl_typesupport_cpp.so[0m
[34.080s] [ 27%] Built target micro_ros_msgs__rosidl_typesupport_cpp
[35.650s] [ 28%] [32mBuilding CXX object CMakeFiles/micro_ros_msgs__rosidl_typesupport_microxrcedds_cpp.dir/rosidl_typesupport_microxrcedds_cpp/micro_ros_msgs/msg/detail/microxrcedds/entity__type_support_cpp.cpp.o[0m
[35.834s] [ 30%] [32m[1mLinking CXX shared library libmicro_ros_msgs__rosidl_typesupport_introspection_cpp.so[0m
[36.668s] [ 32%] Built target micro_ros_msgs__rosidl_typesupport_introspection_cpp
[39.696s] [ 33%] [32m[1mLinking CXX shared library libmicro_ros_msgs__rosidl_typesupport_microxrcedds_cpp.so[0m
[40.449s] [ 35%] Built target micro_ros_msgs__rosidl_typesupport_microxrcedds_cpp
[40.719s] [35m[1mConsolidate compiler generated dependencies of target micro_ros_msgs__rosidl_typesupport_microxrcedds_c[0m
[40.870s] [ 37%] [32mBuilding C object CMakeFiles/micro_ros_msgs__rosidl_typesupport_microxrcedds_c.dir/rosidl_typesupport_microxrcedds_c/micro_ros_msgs/msg/detail/microxrcedds/graph__type_support_c.c.o[0m
[41.676s] [ 38%] [32mBuilding C object CMakeFiles/micro_ros_msgs__rosidl_typesupport_microxrcedds_c.dir/rosidl_typesupport_microxrcedds_c/micro_ros_msgs/msg/detail/microxrcedds/node__type_support_c.c.o[0m
[42.477s] [ 40%] [32mBuilding C object CMakeFiles/micro_ros_msgs__rosidl_typesupport_microxrcedds_c.dir/rosidl_typesupport_microxrcedds_c/micro_ros_msgs/msg/detail/microxrcedds/entity__type_support_c.c.o[0m
[43.449s] [ 42%] [32m[1mLinking C shared library libmicro_ros_msgs__rosidl_typesupport_microxrcedds_c.so[0m
[43.923s] [ 44%] Built target micro_ros_msgs__rosidl_typesupport_microxrcedds_c
[44.054s] [35m[1mConsolidate compiler generated dependencies of target micro_ros_msgs__rosidl_typesupport_fastrtps_c[0m
[44.210s] [ 45%] [32mBuilding CXX object CMakeFiles/micro_ros_msgs__rosidl_typesupport_fastrtps_c.dir/rosidl_typesupport_fastrtps_c/micro_ros_msgs/msg/detail/graph__type_support_c.cpp.o[0m
[48.058s] [ 47%] [32mBuilding CXX object CMakeFiles/micro_ros_msgs__rosidl_typesupport_fastrtps_c.dir/rosidl_typesupport_fastrtps_c/micro_ros_msgs/msg/detail/node__type_support_c.cpp.o[0m
[51.923s] [ 49%] [32mBuilding CXX object CMakeFiles/micro_ros_msgs__rosidl_typesupport_fastrtps_c.dir/rosidl_typesupport_fastrtps_c/micro_ros_msgs/msg/detail/entity__type_support_c.cpp.o[0m
[55.930s] [ 50%] [32m[1mLinking CXX shared library libmicro_ros_msgs__rosidl_typesupport_fastrtps_c.so[0m
[56.629s] [ 52%] Built target micro_ros_msgs__rosidl_typesupport_fastrtps_c
[56.796s] [35m[1mConsolidate compiler generated dependencies of target micro_ros_msgs__rosidl_typesupport_introspection_c[0m
[56.973s] [ 54%] [32mBuilding C object CMakeFiles/micro_ros_msgs__rosidl_typesupport_introspection_c.dir/rosidl_typesupport_introspection_c/micro_ros_msgs/msg/detail/graph__type_support.c.o[0m
[57.541s] [ 55%] [32mBuilding C object CMakeFiles/micro_ros_msgs__rosidl_typesupport_introspection_c.dir/rosidl_typesupport_introspection_c/micro_ros_msgs/msg/detail/node__type_support.c.o[0m
[58.195s] [ 57%] [32mBuilding C object CMakeFiles/micro_ros_msgs__rosidl_typesupport_introspection_c.dir/rosidl_typesupport_introspection_c/micro_ros_msgs/msg/detail/entity__type_support.c.o[0m
[58.709s] [ 59%] [32m[1mLinking C shared library libmicro_ros_msgs__rosidl_typesupport_introspection_c.so[0m
[59.222s] [ 61%] Built target micro_ros_msgs__rosidl_typesupport_introspection_c
[59.379s] [35m[1mConsolidate compiler generated dependencies of target micro_ros_msgs__rosidl_typesupport_c[0m
[59.577s] [ 62%] [32mBuilding CXX object CMakeFiles/micro_ros_msgs__rosidl_typesupport_c.dir/rosidl_typesupport_c/micro_ros_msgs/msg/graph__type_support.cpp.o[0m
[60.064s] [ 64%] [32mBuilding CXX object CMakeFiles/micro_ros_msgs__rosidl_typesupport_c.dir/rosidl_typesupport_c/micro_ros_msgs/msg/node__type_support.cpp.o[0m
[60.375s] [ 66%] [32mBuilding CXX object CMakeFiles/micro_ros_msgs__rosidl_typesupport_c.dir/rosidl_typesupport_c/micro_ros_msgs/msg/entity__type_support.cpp.o[0m
[60.712s] [ 67%] [32m[1mLinking CXX shared library libmicro_ros_msgs__rosidl_typesupport_c.so[0m
[61.457s] [ 69%] Built target micro_ros_msgs__rosidl_typesupport_c
[64.893s] running egg_info
[64.900s] writing micro_ros_msgs.egg-info/PKG-INFO
[64.902s] writing dependency_links to micro_ros_msgs.egg-info/dependency_links.txt
[64.915s] writing top-level names to micro_ros_msgs.egg-info/top_level.txt
[64.918s] reading manifest file 'micro_ros_msgs.egg-info/SOURCES.txt'
[64.922s] writing manifest file 'micro_ros_msgs.egg-info/SOURCES.txt'
[65.195s] [ 69%] Built target ament_cmake_python_build_micro_ros_msgs_egg
[65.377s] [35m[1mConsolidate compiler generated dependencies of target micro_ros_msgs__rosidl_typesupport_fastrtps_cpp[0m
[65.617s] [ 71%] [32mBuilding CXX object CMakeFiles/micro_ros_msgs__rosidl_typesupport_fastrtps_cpp.dir/rosidl_typesupport_fastrtps_cpp/micro_ros_msgs/msg/detail/dds_fastrtps/graph__type_support.cpp.o[0m
[70.708s] [ 72%] [32mBuilding CXX object CMakeFiles/micro_ros_msgs__rosidl_typesupport_fastrtps_cpp.dir/rosidl_typesupport_fastrtps_cpp/micro_ros_msgs/msg/detail/dds_fastrtps/entity__type_support.cpp.o[0m
[75.967s] [ 74%] [32mBuilding CXX object CMakeFiles/micro_ros_msgs__rosidl_typesupport_fastrtps_cpp.dir/rosidl_typesupport_fastrtps_cpp/micro_ros_msgs/msg/detail/dds_fastrtps/node__type_support.cpp.o[0m
[81.082s] [ 76%] [32m[1mLinking CXX shared library libmicro_ros_msgs__rosidl_typesupport_fastrtps_cpp.so[0m
[81.910s] [ 77%] Built target micro_ros_msgs__rosidl_typesupport_fastrtps_cpp
[82.154s] [ 77%] Built target micro_ros_msgs
[82.528s] [ 79%] Built target micro_ros_msgs__py
[82.735s] [35m[1mConsolidate compiler generated dependencies of target micro_ros_msgs__rosidl_generator_py[0m
[83.045s] [ 81%] [32mBuilding C object CMakeFiles/micro_ros_msgs__rosidl_generator_py.dir/rosidl_generator_py/micro_ros_msgs/msg/_graph_s.c.o[0m
[84.490s] [ 83%] [32mBuilding C object CMakeFiles/micro_ros_msgs__rosidl_generator_py.dir/rosidl_generator_py/micro_ros_msgs/msg/_entity_s.c.o[0m
[85.825s] [ 84%] [32mBuilding C object CMakeFiles/micro_ros_msgs__rosidl_generator_py.dir/rosidl_generator_py/micro_ros_msgs/msg/_node_s.c.o[0m
[87.238s] [ 86%] [32m[1mLinking C shared library rosidl_generator_py/micro_ros_msgs/libmicro_ros_msgs__rosidl_generator_py.so[0m
[87.862s] [ 86%] Built target micro_ros_msgs__rosidl_generator_py
[88.082s] [35m[1mConsolidate compiler generated dependencies of target micro_ros_msgs__rosidl_typesupport_microxrcedds_c__pyext[0m
[88.397s] [ 88%] [32mBuilding C object CMakeFiles/micro_ros_msgs__rosidl_typesupport_microxrcedds_c__pyext.dir/rosidl_generator_py/micro_ros_msgs/_micro_ros_msgs_s.ep.rosidl_typesupport_microxrcedds_c.c.o[0m
[89.916s] [ 89%] [32m[1mLinking C shared library rosidl_generator_py/micro_ros_msgs/micro_ros_msgs_s__rosidl_typesupport_microxrcedds_c.cpython-310-aarch64-linux-gnu.so[0m
[90.295s] [ 89%] Built target micro_ros_msgs__rosidl_typesupport_microxrcedds_c__pyext
[90.414s] [35m[1mConsolidate compiler generated dependencies of target micro_ros_msgs__rosidl_typesupport_c__pyext[0m
[90.561s] [ 91%] [32mBuilding C object CMakeFiles/micro_ros_msgs__rosidl_typesupport_c__pyext.dir/rosidl_generator_py/micro_ros_msgs/_micro_ros_msgs_s.ep.rosidl_typesupport_c.c.o[0m
[91.992s] [ 93%] [32m[1mLinking C shared library rosidl_generator_py/micro_ros_msgs/micro_ros_msgs_s__rosidl_typesupport_c.cpython-310-aarch64-linux-gnu.so[0m
[92.429s] [ 93%] Built target micro_ros_msgs__rosidl_typesupport_c__pyext
[92.619s] [35m[1mConsolidate compiler generated dependencies of target micro_ros_msgs__rosidl_typesupport_introspection_c__pyext[0m
[92.847s] [ 94%] [32mBuilding C object CMakeFiles/micro_ros_msgs__rosidl_typesupport_introspection_c__pyext.dir/rosidl_generator_py/micro_ros_msgs/_micro_ros_msgs_s.ep.rosidl_typesupport_introspection_c.c.o[0m
[94.357s] [ 96%] [32m[1mLinking C shared library rosidl_generator_py/micro_ros_msgs/micro_ros_msgs_s__rosidl_typesupport_introspection_c.cpython-310-aarch64-linux-gnu.so[0m
[94.917s] [ 96%] Built target micro_ros_msgs__rosidl_typesupport_introspection_c__pyext
[95.129s] [35m[1mConsolidate compiler generated dependencies of target micro_ros_msgs__rosidl_typesupport_fastrtps_c__pyext[0m
[95.318s] [ 98%] [32mBuilding C object CMakeFiles/micro_ros_msgs__rosidl_typesupport_fastrtps_c__pyext.dir/rosidl_generator_py/micro_ros_msgs/_micro_ros_msgs_s.ep.rosidl_typesupport_fastrtps_c.c.o[0m
[96.817s] [100%] [32m[1mLinking C shared library rosidl_generator_py/micro_ros_msgs/micro_ros_msgs_s__rosidl_typesupport_fastrtps_c.cpython-310-aarch64-linux-gnu.so[0m
[97.311s] [100%] Built target micro_ros_msgs__rosidl_typesupport_fastrtps_c__pyext
[97.431s] Invoked command in '/home/ubuntu/microros_ws/build/micro_ros_msgs' returned '0': CMAKE_PREFIX_PATH=/home/ubuntu/microros_ws/install/micro_ros_demos_rclc:/home/ubuntu/microros_ws/install/common_interfaces:/home/ubuntu/microros_ws/install/visualization_msgs:/home/ubuntu/microros_ws/install/test_msgs:/home/ubuntu/microros_ws/install/example_interfaces:/home/ubuntu/microros_ws/install/action_msgs:/home/ubuntu/microros_ws/install/unique_identifier_msgs:/home/ubuntu/microros_ws/install/trajectory_msgs:/home/ubuntu/microros_ws/install/stereo_msgs:/home/ubuntu/microros_ws/install/sensor_msgs_py:/opt/ros/humble:/home/ubuntu/microros_ws/install/rplidar_ros:/home/ubuntu/microros_ws/install/std_srvs:/home/ubuntu/microros_ws/install/shape_msgs:/home/ubuntu/microros_ws/install/sensor_msgs:/home/ubuntu/microros_ws/install/nav_msgs:/home/ubuntu/microros_ws/install/diagnostic_msgs:/home/ubuntu/microros_ws/install/geometry_msgs:/home/ubuntu/microros_ws/install/actionlib_msgs:/home/ubuntu/microros_ws/install/std_msgs:/home/ubuntu/microros_ws/install/statistics_msgs:/home/ubuntu/microros_ws/install/rosidl_typesupport_microxrcedds_test_msg:/home/ubuntu/microros_ws/install/rosidl_typesupport_microxrcedds_cpp_tests:/home/ubuntu/microros_ws/install/rmw_microxrcedds:/home/ubuntu/microros_ws/install/rosidl_typesupport_microxrcedds_cpp:/home/ubuntu/microros_ws/install/rosidl_typesupport_microxrcedds_c_tests:/home/ubuntu/microros_ws/install/rosidl_typesupport_microxrcedds_c:/home/ubuntu/microros_ws/install/rosgraph_msgs:/home/ubuntu/microros_ws/install/rclc_parameter:/home/ubuntu/microros_ws/install/rclc:/home/ubuntu/microros_ws/install/composition_interfaces:/home/ubuntu/microros_ws/install/rcl_interfaces:/home/ubuntu/microros_ws/install/microxrcedds_client:/home/ubuntu/microros_ws/install/microcdr:/home/ubuntu/microros_ws/install/micro_ros_utilities:/home/ubuntu/microros_ws/install/micro_ros_setup:/home/ubuntu/microros_ws/install/micro_ros_agent:/home/ubuntu/microros_ws/install/micro_ros_msgs:/home/ubuntu/microros_ws/install/lifecycle_msgs:/home/ubuntu/microros_ws/install/complex_msgs:/home/ubuntu/microros_ws/install/builtin_interfaces /usr/bin/cmake --build /home/ubuntu/microros_ws/build/micro_ros_msgs -- -j4 -l4
[100.724s] Invoking command in '/home/ubuntu/microros_ws/build/micro_ros_msgs': CMAKE_PREFIX_PATH=/home/ubuntu/microros_ws/install/micro_ros_demos_rclc:/home/ubuntu/microros_ws/install/common_interfaces:/home/ubuntu/microros_ws/install/visualization_msgs:/home/ubuntu/microros_ws/install/test_msgs:/home/ubuntu/microros_ws/install/example_interfaces:/home/ubuntu/microros_ws/install/action_msgs:/home/ubuntu/microros_ws/install/unique_identifier_msgs:/home/ubuntu/microros_ws/install/trajectory_msgs:/home/ubuntu/microros_ws/install/stereo_msgs:/home/ubuntu/microros_ws/install/sensor_msgs_py:/opt/ros/humble:/home/ubuntu/microros_ws/install/rplidar_ros:/home/ubuntu/microros_ws/install/std_srvs:/home/ubuntu/microros_ws/install/shape_msgs:/home/ubuntu/microros_ws/install/sensor_msgs:/home/ubuntu/microros_ws/install/nav_msgs:/home/ubuntu/microros_ws/install/diagnostic_msgs:/home/ubuntu/microros_ws/install/geometry_msgs:/home/ubuntu/microros_ws/install/actionlib_msgs:/home/ubuntu/microros_ws/install/std_msgs:/home/ubuntu/microros_ws/install/statistics_msgs:/home/ubuntu/microros_ws/install/rosidl_typesupport_microxrcedds_test_msg:/home/ubuntu/microros_ws/install/rosidl_typesupport_microxrcedds_cpp_tests:/home/ubuntu/microros_ws/install/rmw_microxrcedds:/home/ubuntu/microros_ws/install/rosidl_typesupport_microxrcedds_cpp:/home/ubuntu/microros_ws/install/rosidl_typesupport_microxrcedds_c_tests:/home/ubuntu/microros_ws/install/rosidl_typesupport_microxrcedds_c:/home/ubuntu/microros_ws/install/rosgraph_msgs:/home/ubuntu/microros_ws/install/rclc_parameter:/home/ubuntu/microros_ws/install/rclc:/home/ubuntu/microros_ws/install/composition_interfaces:/home/ubuntu/microros_ws/install/rcl_interfaces:/home/ubuntu/microros_ws/install/microxrcedds_client:/home/ubuntu/microros_ws/install/microcdr:/home/ubuntu/microros_ws/install/micro_ros_utilities:/home/ubuntu/microros_ws/install/micro_ros_setup:/home/ubuntu/microros_ws/install/micro_ros_agent:/home/ubuntu/microros_ws/install/micro_ros_msgs:/home/ubuntu/microros_ws/install/lifecycle_msgs:/home/ubuntu/microros_ws/install/complex_msgs:/home/ubuntu/microros_ws/install/builtin_interfaces /usr/bin/cmake --install /home/ubuntu/microros_ws/build/micro_ros_msgs
[100.818s] -- Install configuration: "Release"
[100.821s] -- Execute custom install script
[100.825s] -- Up-to-date symlink: /home/ubuntu/microros_ws/install/micro_ros_msgs/share/ament_index/resource_index/rosidl_interfaces/micro_ros_msgs
[100.832s] -- Up-to-date symlink: /home/ubuntu/microros_ws/install/micro_ros_msgs/include/micro_ros_msgs/micro_ros_msgs/msg/detail/entity__functions.h
[100.834s] -- Up-to-date symlink: /home/ubuntu/microros_ws/install/micro_ros_msgs/include/micro_ros_msgs/micro_ros_msgs/msg/detail/entity__struct.h
[100.836s] -- Up-to-date symlink: /home/ubuntu/microros_ws/install/micro_ros_msgs/include/micro_ros_msgs/micro_ros_msgs/msg/detail/entity__type_support.h
[100.839s] -- Up-to-date symlink: /home/ubuntu/microros_ws/install/micro_ros_msgs/include/micro_ros_msgs/micro_ros_msgs/msg/detail/graph__functions.h
[100.841s] -- Up-to-date symlink: /home/ubuntu/microros_ws/install/micro_ros_msgs/include/micro_ros_msgs/micro_ros_msgs/msg/detail/graph__struct.h
[100.843s] -- Up-to-date symlink: /home/ubuntu/microros_ws/install/micro_ros_msgs/include/micro_ros_msgs/micro_ros_msgs/msg/detail/graph__type_support.h
[100.845s] -- Up-to-date symlink: /home/ubuntu/microros_ws/install/micro_ros_msgs/include/micro_ros_msgs/micro_ros_msgs/msg/detail/node__functions.h
[100.849s] -- Up-to-date symlink: /home/ubuntu/microros_ws/install/micro_ros_msgs/include/micro_ros_msgs/micro_ros_msgs/msg/detail/node__struct.h
[100.851s] -- Up-to-date symlink: /home/ubuntu/microros_ws/install/micro_ros_msgs/include/micro_ros_msgs/micro_ros_msgs/msg/detail/node__type_support.h
[100.853s] -- Up-to-date symlink: /home/ubuntu/microros_ws/install/micro_ros_msgs/include/micro_ros_msgs/micro_ros_msgs/msg/entity.h
[100.855s] -- Up-to-date symlink: /home/ubuntu/microros_ws/install/micro_ros_msgs/include/micro_ros_msgs/micro_ros_msgs/msg/graph.h
[100.857s] -- Up-to-date symlink: /home/ubuntu/microros_ws/install/micro_ros_msgs/include/micro_ros_msgs/micro_ros_msgs/msg/node.h
[100.859s] -- Up-to-date symlink: /home/ubuntu/microros_ws/install/micro_ros_msgs/include/micro_ros_msgs/micro_ros_msgs/msg/rosidl_generator_c__visibility_control.h
[100.863s] -- Up-to-date symlink: /home/ubuntu/microros_ws/install/micro_ros_msgs/share/micro_ros_msgs/environment/library_path.sh
[100.865s] -- Up-to-date symlink: /home/ubuntu/microros_ws/install/micro_ros_msgs/share/micro_ros_msgs/environment/library_path.dsv
[100.872s] -- Up-to-date symlink: /home/ubuntu/microros_ws/install/micro_ros_msgs/include/micro_ros_msgs/msg/detail/entity__rosidl_typesupport_microxrcedds_c.h
[100.876s] -- Up-to-date symlink: /home/ubuntu/microros_ws/install/micro_ros_msgs/include/micro_ros_msgs/msg/detail/graph__rosidl_typesupport_microxrcedds_c.h
[100.886s] -- Up-to-date symlink: /home/ubuntu/microros_ws/install/micro_ros_msgs/include/micro_ros_msgs/msg/detail/node__rosidl_typesupport_microxrcedds_c.h
[100.895s] -- Up-to-date symlink: /home/ubuntu/microros_ws/install/micro_ros_msgs/include/micro_ros_msgs/msg/rosidl_typesupport_microxrcedds_c__visibility_control.h
[100.899s] -- Up-to-date symlink: /home/ubuntu/microros_ws/install/micro_ros_msgs/lib/libmicro_ros_msgs__rosidl_typesupport_microxrcedds_c.so
[100.907s] -- Up-to-date symlink: /home/ubuntu/microros_ws/install/micro_ros_msgs/include/micro_ros_msgs/micro_ros_msgs/msg/detail/entity__rosidl_typesupport_fastrtps_c.h
[100.911s] -- Up-to-date symlink: /home/ubuntu/microros_ws/install/micro_ros_msgs/include/micro_ros_msgs/micro_ros_msgs/msg/detail/graph__rosidl_typesupport_fastrtps_c.h
[100.916s] -- Up-to-date symlink: /home/ubuntu/microros_ws/install/micro_ros_msgs/include/micro_ros_msgs/micro_ros_msgs/msg/detail/node__rosidl_typesupport_fastrtps_c.h
[100.920s] -- Up-to-date symlink: /home/ubuntu/microros_ws/install/micro_ros_msgs/include/micro_ros_msgs/micro_ros_msgs/msg/rosidl_typesupport_fastrtps_c__visibility_control.h
[100.927s] -- Up-to-date symlink: /home/ubuntu/microros_ws/install/micro_ros_msgs/include/micro_ros_msgs/micro_ros_msgs/msg/detail/entity__rosidl_typesupport_introspection_c.h
[100.935s] -- Up-to-date symlink: /home/ubuntu/microros_ws/install/micro_ros_msgs/include/micro_ros_msgs/micro_ros_msgs/msg/detail/graph__rosidl_typesupport_introspection_c.h
[100.938s] -- Up-to-date symlink: /home/ubuntu/microros_ws/install/micro_ros_msgs/include/micro_ros_msgs/micro_ros_msgs/msg/detail/node__rosidl_typesupport_introspection_c.h
[100.940s] -- Up-to-date symlink: /home/ubuntu/microros_ws/install/micro_ros_msgs/include/micro_ros_msgs/micro_ros_msgs/msg/rosidl_typesupport_introspection_c__visibility_control.h
[100.949s] -- Up-to-date symlink: /home/ubuntu/microros_ws/install/micro_ros_msgs/include/micro_ros_msgs/micro_ros_msgs/msg/detail/entity__builder.hpp
[100.952s] -- Up-to-date symlink: /home/ubuntu/microros_ws/install/micro_ros_msgs/include/micro_ros_msgs/micro_ros_msgs/msg/detail/entity__struct.hpp
[100.956s] -- Up-to-date symlink: /home/ubuntu/microros_ws/install/micro_ros_msgs/include/micro_ros_msgs/micro_ros_msgs/msg/detail/entity__traits.hpp
[100.958s] -- Up-to-date symlink: /home/ubuntu/microros_ws/install/micro_ros_msgs/include/micro_ros_msgs/micro_ros_msgs/msg/detail/graph__builder.hpp
[100.961s] -- Up-to-date symlink: /home/ubuntu/microros_ws/install/micro_ros_msgs/include/micro_ros_msgs/micro_ros_msgs/msg/detail/graph__struct.hpp
[100.964s] -- Up-to-date symlink: /home/ubuntu/microros_ws/install/micro_ros_msgs/include/micro_ros_msgs/micro_ros_msgs/msg/detail/graph__traits.hpp
[100.968s] -- Up-to-date symlink: /home/ubuntu/microros_ws/install/micro_ros_msgs/include/micro_ros_msgs/micro_ros_msgs/msg/detail/node__builder.hpp
[100.972s] -- Up-to-date symlink: /home/ubuntu/microros_ws/install/micro_ros_msgs/include/micro_ros_msgs/micro_ros_msgs/msg/detail/node__struct.hpp
[100.975s] -- Up-to-date symlink: /home/ubuntu/microros_ws/install/micro_ros_msgs/include/micro_ros_msgs/micro_ros_msgs/msg/detail/node__traits.hpp
[100.979s] -- Up-to-date symlink: /home/ubuntu/microros_ws/install/micro_ros_msgs/include/micro_ros_msgs/micro_ros_msgs/msg/entity.hpp
[100.988s] -- Up-to-date symlink: /home/ubuntu/microros_ws/install/micro_ros_msgs/include/micro_ros_msgs/micro_ros_msgs/msg/graph.hpp
[100.995s] -- Up-to-date symlink: /home/ubuntu/microros_ws/install/micro_ros_msgs/include/micro_ros_msgs/micro_ros_msgs/msg/node.hpp
[101.003s] -- Up-to-date symlink: /home/ubuntu/microros_ws/install/micro_ros_msgs/include/micro_ros_msgs/msg/detail/entity__rosidl_typesupport_microxrcedds_cpp.hpp
[101.006s] -- Up-to-date symlink: /home/ubuntu/microros_ws/install/micro_ros_msgs/include/micro_ros_msgs/msg/detail/graph__rosidl_typesupport_microxrcedds_cpp.hpp
[101.010s] -- Up-to-date symlink: /home/ubuntu/microros_ws/install/micro_ros_msgs/include/micro_ros_msgs/msg/detail/microxrcedds/entity__type_support_cpp.cpp
[101.014s] -- Up-to-date symlink: /home/ubuntu/microros_ws/install/micro_ros_msgs/include/micro_ros_msgs/msg/detail/microxrcedds/graph__type_support_cpp.cpp
[101.019s] -- Up-to-date symlink: /home/ubuntu/microros_ws/install/micro_ros_msgs/include/micro_ros_msgs/msg/detail/microxrcedds/node__type_support_cpp.cpp
[101.024s] -- Up-to-date symlink: /home/ubuntu/microros_ws/install/micro_ros_msgs/include/micro_ros_msgs/msg/detail/node__rosidl_typesupport_microxrcedds_cpp.hpp
[101.028s] -- Up-to-date symlink: /home/ubuntu/microros_ws/install/micro_ros_msgs/include/micro_ros_msgs/msg/rosidl_typesupport_microxrcedds_cpp__visibility_control.h
[101.033s] -- Up-to-date symlink: /home/ubuntu/microros_ws/install/micro_ros_msgs/lib/libmicro_ros_msgs__rosidl_typesupport_microxrcedds_cpp.so
[101.040s] -- Up-to-date symlink: /home/ubuntu/microros_ws/install/micro_ros_msgs/include/micro_ros_msgs/micro_ros_msgs/msg/detail/entity__rosidl_typesupport_fastrtps_cpp.hpp
[101.051s] -- Up-to-date symlink: /home/ubuntu/microros_ws/install/micro_ros_msgs/include/micro_ros_msgs/micro_ros_msgs/msg/detail/graph__rosidl_typesupport_fastrtps_cpp.hpp
[101.054s] -- Up-to-date symlink: /home/ubuntu/microros_ws/install/micro_ros_msgs/include/micro_ros_msgs/micro_ros_msgs/msg/detail/node__rosidl_typesupport_fastrtps_cpp.hpp
[101.057s] -- Up-to-date symlink: /home/ubuntu/microros_ws/install/micro_ros_msgs/include/micro_ros_msgs/micro_ros_msgs/msg/rosidl_typesupport_fastrtps_cpp__visibility_control.h
[101.074s] -- Up-to-date symlink: /home/ubuntu/microros_ws/install/micro_ros_msgs/include/micro_ros_msgs/micro_ros_msgs/msg/detail/entity__rosidl_typesupport_introspection_cpp.hpp
[101.077s] -- Up-to-date symlink: /home/ubuntu/microros_ws/install/micro_ros_msgs/include/micro_ros_msgs/micro_ros_msgs/msg/detail/graph__rosidl_typesupport_introspection_cpp.hpp
[101.082s] -- Up-to-date symlink: /home/ubuntu/microros_ws/install/micro_ros_msgs/include/micro_ros_msgs/micro_ros_msgs/msg/detail/node__rosidl_typesupport_introspection_cpp.hpp
[101.089s] -- Up-to-date symlink: /home/ubuntu/microros_ws/install/micro_ros_msgs/share/micro_ros_msgs/environment/pythonpath.sh
[101.098s] -- Up-to-date symlink: /home/ubuntu/microros_ws/install/micro_ros_msgs/share/micro_ros_msgs/environment/pythonpath.dsv
[101.103s] -- Up-to-date symlink: /home/ubuntu/microros_ws/install/micro_ros_msgs/local/lib/python3.10/dist-packages/micro_ros_msgs-3.0.1-py3.10.egg-info/PKG-INFO
[101.107s] -- Up-to-date symlink: /home/ubuntu/microros_ws/install/micro_ros_msgs/local/lib/python3.10/dist-packages/micro_ros_msgs-3.0.1-py3.10.egg-info/SOURCES.txt
[101.111s] -- Up-to-date symlink: /home/ubuntu/microros_ws/install/micro_ros_msgs/local/lib/python3.10/dist-packages/micro_ros_msgs-3.0.1-py3.10.egg-info/dependency_links.txt
[101.116s] -- Up-to-date symlink: /home/ubuntu/microros_ws/install/micro_ros_msgs/local/lib/python3.10/dist-packages/micro_ros_msgs-3.0.1-py3.10.egg-info/top_level.txt
[101.128s] -- Up-to-date symlink: /home/ubuntu/microros_ws/install/micro_ros_msgs/local/lib/python3.10/dist-packages/micro_ros_msgs/__init__.py
[101.133s] -- Up-to-date symlink: /home/ubuntu/microros_ws/install/micro_ros_msgs/local/lib/python3.10/dist-packages/micro_ros_msgs/_micro_ros_msgs_s.ep.rosidl_typesupport_c.c
[101.139s] -- Up-to-date symlink: /home/ubuntu/microros_ws/install/micro_ros_msgs/local/lib/python3.10/dist-packages/micro_ros_msgs/_micro_ros_msgs_s.ep.rosidl_typesupport_fastrtps_c.c
[101.164s] -- Up-to-date symlink: /home/ubuntu/microros_ws/install/micro_ros_msgs/local/lib/python3.10/dist-packages/micro_ros_msgs/_micro_ros_msgs_s.ep.rosidl_typesupport_introspection_c.c
[101.168s] -- Up-to-date symlink: /home/ubuntu/microros_ws/install/micro_ros_msgs/local/lib/python3.10/dist-packages/micro_ros_msgs/_micro_ros_msgs_s.ep.rosidl_typesupport_microxrcedds_c.c
[101.171s] -- Up-to-date symlink: /home/ubuntu/microros_ws/install/micro_ros_msgs/local/lib/python3.10/dist-packages/micro_ros_msgs/libmicro_ros_msgs__rosidl_generator_py.so
[101.175s] -- Up-to-date symlink: /home/ubuntu/microros_ws/install/micro_ros_msgs/local/lib/python3.10/dist-packages/micro_ros_msgs/micro_ros_msgs_s__rosidl_typesupport_c.cpython-310-aarch64-linux-gnu.so
[101.189s] -- Up-to-date symlink: /home/ubuntu/microros_ws/install/micro_ros_msgs/local/lib/python3.10/dist-packages/micro_ros_msgs/micro_ros_msgs_s__rosidl_typesupport_fastrtps_c.cpython-310-aarch64-linux-gnu.so
[101.192s] -- Up-to-date symlink: /home/ubuntu/microros_ws/install/micro_ros_msgs/local/lib/python3.10/dist-packages/micro_ros_msgs/micro_ros_msgs_s__rosidl_typesupport_introspection_c.cpython-310-aarch64-linux-gnu.so
[101.196s] -- Up-to-date symlink: /home/ubuntu/microros_ws/install/micro_ros_msgs/local/lib/python3.10/dist-packages/micro_ros_msgs/micro_ros_msgs_s__rosidl_typesupport_microxrcedds_c.cpython-310-aarch64-linux-gnu.so
[101.199s] -- Up-to-date symlink: /home/ubuntu/microros_ws/install/micro_ros_msgs/local/lib/python3.10/dist-packages/micro_ros_msgs/msg/__init__.py
[101.203s] -- Up-to-date symlink: /home/ubuntu/microros_ws/install/micro_ros_msgs/local/lib/python3.10/dist-packages/micro_ros_msgs/msg/_entity.py
[101.206s] -- Up-to-date symlink: /home/ubuntu/microros_ws/install/micro_ros_msgs/local/lib/python3.10/dist-packages/micro_ros_msgs/msg/_entity_s.c
[101.210s] -- Up-to-date symlink: /home/ubuntu/microros_ws/install/micro_ros_msgs/local/lib/python3.10/dist-packages/micro_ros_msgs/msg/_graph.py
[101.216s] -- Up-to-date symlink: /home/ubuntu/microros_ws/install/micro_ros_msgs/local/lib/python3.10/dist-packages/micro_ros_msgs/msg/_graph_s.c
[101.221s] -- Up-to-date symlink: /home/ubuntu/microros_ws/install/micro_ros_msgs/local/lib/python3.10/dist-packages/micro_ros_msgs/msg/_node.py
[101.224s] -- Up-to-date symlink: /home/ubuntu/microros_ws/install/micro_ros_msgs/local/lib/python3.10/dist-packages/micro_ros_msgs/msg/_node_s.c
[101.229s] -- Up-to-date symlink: /home/ubuntu/microros_ws/install/micro_ros_msgs/local/lib/python3.10/dist-packages/micro_ros_msgs/micro_ros_msgs_s__rosidl_typesupport_microxrcedds_c.cpython-310-aarch64-linux-gnu.so
[101.234s] -- Up-to-date symlink: /home/ubuntu/microros_ws/install/micro_ros_msgs/local/lib/python3.10/dist-packages/micro_ros_msgs/micro_ros_msgs_s__rosidl_typesupport_fastrtps_c.cpython-310-aarch64-linux-gnu.so
[101.240s] -- Up-to-date symlink: /home/ubuntu/microros_ws/install/micro_ros_msgs/local/lib/python3.10/dist-packages/micro_ros_msgs/micro_ros_msgs_s__rosidl_typesupport_introspection_c.cpython-310-aarch64-linux-gnu.so
[101.250s] -- Up-to-date symlink: /home/ubuntu/microros_ws/install/micro_ros_msgs/local/lib/python3.10/dist-packages/micro_ros_msgs/micro_ros_msgs_s__rosidl_typesupport_c.cpython-310-aarch64-linux-gnu.so
[101.254s] -- Up-to-date symlink: /home/ubuntu/microros_ws/install/micro_ros_msgs/share/micro_ros_msgs/msg/Graph.idl
[101.257s] -- Up-to-date symlink: /home/ubuntu/microros_ws/install/micro_ros_msgs/share/micro_ros_msgs/msg/Node.idl
[101.260s] -- Up-to-date symlink: /home/ubuntu/microros_ws/install/micro_ros_msgs/share/micro_ros_msgs/msg/Entity.idl
[101.263s] -- Up-to-date symlink: /home/ubuntu/microros_ws/install/micro_ros_msgs/share/micro_ros_msgs/msg/Graph.msg
[101.266s] -- Up-to-date symlink: /home/ubuntu/microros_ws/install/micro_ros_msgs/share/micro_ros_msgs/msg/Node.msg
[101.269s] -- Up-to-date symlink: /home/ubuntu/microros_ws/install/micro_ros_msgs/share/micro_ros_msgs/msg/Entity.msg
[101.273s] -- Up-to-date symlink: /home/ubuntu/microros_ws/install/micro_ros_msgs/share/ament_index/resource_index/package_run_dependencies/micro_ros_msgs
[101.276s] -- Up-to-date symlink: /home/ubuntu/microros_ws/install/micro_ros_msgs/share/ament_index/resource_index/parent_prefix_path/micro_ros_msgs
[101.281s] -- Up-to-date symlink: /home/ubuntu/microros_ws/install/micro_ros_msgs/share/micro_ros_msgs/environment/ament_prefix_path.sh
[101.285s] -- Up-to-date symlink: /home/ubuntu/microros_ws/install/micro_ros_msgs/share/micro_ros_msgs/environment/ament_prefix_path.dsv
[101.289s] -- Up-to-date symlink: /home/ubuntu/microros_ws/install/micro_ros_msgs/share/micro_ros_msgs/environment/path.sh
[101.294s] -- Up-to-date symlink: /home/ubuntu/microros_ws/install/micro_ros_msgs/share/micro_ros_msgs/environment/path.dsv
[101.305s] -- Up-to-date symlink: /home/ubuntu/microros_ws/install/micro_ros_msgs/share/micro_ros_msgs/local_setup.bash
[101.309s] -- Up-to-date symlink: /home/ubuntu/microros_ws/install/micro_ros_msgs/share/micro_ros_msgs/local_setup.sh
[101.314s] -- Up-to-date symlink: /home/ubuntu/microros_ws/install/micro_ros_msgs/share/micro_ros_msgs/local_setup.zsh
[101.317s] -- Up-to-date symlink: /home/ubuntu/microros_ws/install/micro_ros_msgs/share/micro_ros_msgs/local_setup.dsv
[101.320s] -- Symlinking: /home/ubuntu/microros_ws/install/micro_ros_msgs/share/micro_ros_msgs/package.dsv
[101.531s] -- Up-to-date symlink: /home/ubuntu/microros_ws/install/micro_ros_msgs/share/ament_index/resource_index/packages/micro_ros_msgs
[101.533s] -- Up-to-date symlink: /home/ubuntu/microros_ws/install/micro_ros_msgs/share/micro_ros_msgs/cmake/rosidl_cmake-extras.cmake
[101.536s] -- Up-to-date symlink: /home/ubuntu/microros_ws/install/micro_ros_msgs/share/micro_ros_msgs/cmake/ament_cmake_export_include_directories-extras.cmake
[101.538s] -- Up-to-date symlink: /home/ubuntu/microros_ws/install/micro_ros_msgs/share/micro_ros_msgs/cmake/ament_cmake_export_libraries-extras.cmake
[101.541s] -- Up-to-date symlink: /home/ubuntu/microros_ws/install/micro_ros_msgs/share/micro_ros_msgs/cmake/ament_cmake_export_targets-extras.cmake
[101.544s] -- Up-to-date symlink: /home/ubuntu/microros_ws/install/micro_ros_msgs/share/micro_ros_msgs/cmake/rosidl_cmake_export_typesupport_targets-extras.cmake
[101.547s] -- Up-to-date symlink: /home/ubuntu/microros_ws/install/micro_ros_msgs/share/micro_ros_msgs/cmake/ament_cmake_export_dependencies-extras.cmake
[101.552s] -- Up-to-date symlink: /home/ubuntu/microros_ws/install/micro_ros_msgs/share/micro_ros_msgs/cmake/rosidl_cmake_export_typesupport_libraries-extras.cmake
[101.554s] -- Up-to-date symlink: /home/ubuntu/microros_ws/install/micro_ros_msgs/share/micro_ros_msgs/cmake/micro_ros_msgsConfig.cmake
[101.557s] -- Up-to-date symlink: /home/ubuntu/microros_ws/install/micro_ros_msgs/share/micro_ros_msgs/cmake/micro_ros_msgsConfig-version.cmake
[101.561s] -- Up-to-date symlink: /home/ubuntu/microros_ws/install/micro_ros_msgs/share/micro_ros_msgs/package.xml
[101.565s] -- Installing: /home/ubuntu/microros_ws/install/micro_ros_msgs/lib/libmicro_ros_msgs__rosidl_generator_c.so
[101.579s] -- Set runtime path of "/home/ubuntu/microros_ws/install/micro_ros_msgs/lib/libmicro_ros_msgs__rosidl_generator_c.so" to ""
[101.589s] -- Installing: /home/ubuntu/microros_ws/install/micro_ros_msgs/lib/libmicro_ros_msgs__rosidl_typesupport_fastrtps_c.so
[101.595s] -- Set runtime path of "/home/ubuntu/microros_ws/install/micro_ros_msgs/lib/libmicro_ros_msgs__rosidl_typesupport_fastrtps_c.so" to ""
[101.609s] -- Installing: /home/ubuntu/microros_ws/install/micro_ros_msgs/lib/libmicro_ros_msgs__rosidl_typesupport_introspection_c.so
[101.615s] -- Set runtime path of "/home/ubuntu/microros_ws/install/micro_ros_msgs/lib/libmicro_ros_msgs__rosidl_typesupport_introspection_c.so" to ""
[101.619s] -- Installing: /home/ubuntu/microros_ws/install/micro_ros_msgs/lib/libmicro_ros_msgs__rosidl_typesupport_c.so
[101.627s] -- Set runtime path of "/home/ubuntu/microros_ws/install/micro_ros_msgs/lib/libmicro_ros_msgs__rosidl_typesupport_c.so" to ""
[101.641s] -- Installing: /home/ubuntu/microros_ws/install/micro_ros_msgs/lib/libmicro_ros_msgs__rosidl_typesupport_fastrtps_cpp.so
[101.646s] -- Set runtime path of "/home/ubuntu/microros_ws/install/micro_ros_msgs/lib/libmicro_ros_msgs__rosidl_typesupport_fastrtps_cpp.so" to ""
[101.649s] -- Installing: /home/ubuntu/microros_ws/install/micro_ros_msgs/lib/libmicro_ros_msgs__rosidl_typesupport_introspection_cpp.so
[101.655s] -- Set runtime path of "/home/ubuntu/microros_ws/install/micro_ros_msgs/lib/libmicro_ros_msgs__rosidl_typesupport_introspection_cpp.so" to ""
[101.658s] -- Installing: /home/ubuntu/microros_ws/install/micro_ros_msgs/lib/libmicro_ros_msgs__rosidl_typesupport_cpp.so
[101.662s] -- Set runtime path of "/home/ubuntu/microros_ws/install/micro_ros_msgs/lib/libmicro_ros_msgs__rosidl_typesupport_cpp.so" to ""
[102.114s] Listing '/home/ubuntu/microros_ws/install/micro_ros_msgs/local/lib/python3.10/dist-packages/micro_ros_msgs'...
[102.115s] Compiling '/home/ubuntu/microros_ws/install/micro_ros_msgs/local/lib/python3.10/dist-packages/micro_ros_msgs/__init__.py'...
[102.116s] Listing '/home/ubuntu/microros_ws/install/micro_ros_msgs/local/lib/python3.10/dist-packages/micro_ros_msgs/msg'...
[102.176s] -- Installing: /home/ubuntu/microros_ws/install/micro_ros_msgs/lib/libmicro_ros_msgs__rosidl_generator_py.so
[102.181s] -- Set runtime path of "/home/ubuntu/microros_ws/install/micro_ros_msgs/lib/libmicro_ros_msgs__rosidl_generator_py.so" to ""
[102.184s] -- Up-to-date: /home/ubuntu/microros_ws/install/micro_ros_msgs/share/micro_ros_msgs/cmake/export_micro_ros_msgs__rosidl_generator_cExport.cmake
[102.186s] -- Installing: /home/ubuntu/microros_ws/install/micro_ros_msgs/share/micro_ros_msgs/cmake/export_micro_ros_msgs__rosidl_generator_cExport-release.cmake
[102.190s] -- Up-to-date: /home/ubuntu/microros_ws/install/micro_ros_msgs/share/micro_ros_msgs/cmake/export_micro_ros_msgs__rosidl_typesupport_fastrtps_cExport.cmake
[102.192s] -- Installing: /home/ubuntu/microros_ws/install/micro_ros_msgs/share/micro_ros_msgs/cmake/export_micro_ros_msgs__rosidl_typesupport_fastrtps_cExport-release.cmake
[102.196s] -- Up-to-date: /home/ubuntu/microros_ws/install/micro_ros_msgs/share/micro_ros_msgs/cmake/micro_ros_msgs__rosidl_typesupport_introspection_cExport.cmake
[102.199s] -- Installing: /home/ubuntu/microros_ws/install/micro_ros_msgs/share/micro_ros_msgs/cmake/micro_ros_msgs__rosidl_typesupport_introspection_cExport-release.cmake
[102.203s] -- Up-to-date: /home/ubuntu/microros_ws/install/micro_ros_msgs/share/micro_ros_msgs/cmake/micro_ros_msgs__rosidl_typesupport_cExport.cmake
[102.206s] -- Installing: /home/ubuntu/microros_ws/install/micro_ros_msgs/share/micro_ros_msgs/cmake/micro_ros_msgs__rosidl_typesupport_cExport-release.cmake
[102.211s] -- Up-to-date: /home/ubuntu/microros_ws/install/micro_ros_msgs/share/micro_ros_msgs/cmake/export_micro_ros_msgs__rosidl_generator_cppExport.cmake
[102.215s] -- Up-to-date: /home/ubuntu/microros_ws/install/micro_ros_msgs/share/micro_ros_msgs/cmake/export_micro_ros_msgs__rosidl_typesupport_fastrtps_cppExport.cmake
[102.217s] -- Installing: /home/ubuntu/microros_ws/install/micro_ros_msgs/share/micro_ros_msgs/cmake/export_micro_ros_msgs__rosidl_typesupport_fastrtps_cppExport-release.cmake
[102.224s] -- Up-to-date: /home/ubuntu/microros_ws/install/micro_ros_msgs/share/micro_ros_msgs/cmake/micro_ros_msgs__rosidl_typesupport_introspection_cppExport.cmake
[102.227s] -- Installing: /home/ubuntu/microros_ws/install/micro_ros_msgs/share/micro_ros_msgs/cmake/micro_ros_msgs__rosidl_typesupport_introspection_cppExport-release.cmake
[102.235s] -- Up-to-date: /home/ubuntu/microros_ws/install/micro_ros_msgs/share/micro_ros_msgs/cmake/micro_ros_msgs__rosidl_typesupport_cppExport.cmake
[102.236s] -- Installing: /home/ubuntu/microros_ws/install/micro_ros_msgs/share/micro_ros_msgs/cmake/micro_ros_msgs__rosidl_typesupport_cppExport-release.cmake
[102.239s] -- Up-to-date: /home/ubuntu/microros_ws/install/micro_ros_msgs/share/micro_ros_msgs/cmake/export_micro_ros_msgs__rosidl_generator_pyExport.cmake
[102.241s] -- Installing: /home/ubuntu/microros_ws/install/micro_ros_msgs/share/micro_ros_msgs/cmake/export_micro_ros_msgs__rosidl_generator_pyExport-release.cmake
[102.255s] Invoked command in '/home/ubuntu/microros_ws/build/micro_ros_msgs' returned '0': CMAKE_PREFIX_PATH=/home/ubuntu/microros_ws/install/micro_ros_demos_rclc:/home/ubuntu/microros_ws/install/common_interfaces:/home/ubuntu/microros_ws/install/visualization_msgs:/home/ubuntu/microros_ws/install/test_msgs:/home/ubuntu/microros_ws/install/example_interfaces:/home/ubuntu/microros_ws/install/action_msgs:/home/ubuntu/microros_ws/install/unique_identifier_msgs:/home/ubuntu/microros_ws/install/trajectory_msgs:/home/ubuntu/microros_ws/install/stereo_msgs:/home/ubuntu/microros_ws/install/sensor_msgs_py:/opt/ros/humble:/home/ubuntu/microros_ws/install/rplidar_ros:/home/ubuntu/microros_ws/install/std_srvs:/home/ubuntu/microros_ws/install/shape_msgs:/home/ubuntu/microros_ws/install/sensor_msgs:/home/ubuntu/microros_ws/install/nav_msgs:/home/ubuntu/microros_ws/install/diagnostic_msgs:/home/ubuntu/microros_ws/install/geometry_msgs:/home/ubuntu/microros_ws/install/actionlib_msgs:/home/ubuntu/microros_ws/install/std_msgs:/home/ubuntu/microros_ws/install/statistics_msgs:/home/ubuntu/microros_ws/install/rosidl_typesupport_microxrcedds_test_msg:/home/ubuntu/microros_ws/install/rosidl_typesupport_microxrcedds_cpp_tests:/home/ubuntu/microros_ws/install/rmw_microxrcedds:/home/ubuntu/microros_ws/install/rosidl_typesupport_microxrcedds_cpp:/home/ubuntu/microros_ws/install/rosidl_typesupport_microxrcedds_c_tests:/home/ubuntu/microros_ws/install/rosidl_typesupport_microxrcedds_c:/home/ubuntu/microros_ws/install/rosgraph_msgs:/home/ubuntu/microros_ws/install/rclc_parameter:/home/ubuntu/microros_ws/install/rclc:/home/ubuntu/microros_ws/install/composition_interfaces:/home/ubuntu/microros_ws/install/rcl_interfaces:/home/ubuntu/microros_ws/install/microxrcedds_client:/home/ubuntu/microros_ws/install/microcdr:/home/ubuntu/microros_ws/install/micro_ros_utilities:/home/ubuntu/microros_ws/install/micro_ros_setup:/home/ubuntu/microros_ws/install/micro_ros_agent:/home/ubuntu/microros_ws/install/micro_ros_msgs:/home/ubuntu/microros_ws/install/lifecycle_msgs:/home/ubuntu/microros_ws/install/complex_msgs:/home/ubuntu/microros_ws/install/builtin_interfaces /usr/bin/cmake --install /home/ubuntu/microros_ws/build/micro_ros_msgs
