[0.223s] Invoking command in '/home/ubuntu/microros_ws/build/actionlib_msgs': CMAKE_PREFIX_PATH=/home/ubuntu/microros_ws/install/std_msgs:/home/ubuntu/microros_ws/install/builtin_interfaces:/home/ubuntu/microros_ws/install/micro_ros_demos_rclc:/home/ubuntu/microros_ws/install/common_interfaces:/home/ubuntu/microros_ws/install/visualization_msgs:/home/ubuntu/microros_ws/install/test_msgs:/home/ubuntu/microros_ws/install/example_interfaces:/home/ubuntu/microros_ws/install/action_msgs:/home/ubuntu/microros_ws/install/unique_identifier_msgs:/home/ubuntu/microros_ws/install/trajectory_msgs:/home/ubuntu/microros_ws/install/stereo_msgs:/home/ubuntu/microros_ws/install/sensor_msgs_py:/opt/ros/humble:/home/ubuntu/microros_ws/install/rplidar_ros:/home/ubuntu/microros_ws/install/std_srvs:/home/ubuntu/microros_ws/install/shape_msgs:/home/ubuntu/microros_ws/install/sensor_msgs:/home/ubuntu/microros_ws/install/nav_msgs:/home/ubuntu/microros_ws/install/diagnostic_msgs:/home/ubuntu/microros_ws/install/geometry_msgs:/home/ubuntu/microros_ws/install/actionlib_msgs:/home/ubuntu/microros_ws/install/statistics_msgs:/home/ubuntu/microros_ws/install/rosidl_typesupport_microxrcedds_test_msg:/home/ubuntu/microros_ws/install/rosidl_typesupport_microxrcedds_cpp_tests:/home/ubuntu/microros_ws/install/rmw_microxrcedds:/home/ubuntu/microros_ws/install/rosidl_typesupport_microxrcedds_cpp:/home/ubuntu/microros_ws/install/rosidl_typesupport_microxrcedds_c_tests:/home/ubuntu/microros_ws/install/rosidl_typesupport_microxrcedds_c:/home/ubuntu/microros_ws/install/rosgraph_msgs:/home/ubuntu/microros_ws/install/rclc_parameter:/home/ubuntu/microros_ws/install/rclc:/home/ubuntu/microros_ws/install/composition_interfaces:/home/ubuntu/microros_ws/install/rcl_interfaces:/home/ubuntu/microros_ws/install/microxrcedds_client:/home/ubuntu/microros_ws/install/microcdr:/home/ubuntu/microros_ws/install/micro_ros_utilities:/home/ubuntu/microros_ws/install/micro_ros_setup:/home/ubuntu/microros_ws/install/micro_ros_agent:/home/ubuntu/microros_ws/install/micro_ros_msgs:/home/ubuntu/microros_ws/install/lifecycle_msgs:/home/ubuntu/microros_ws/install/complex_msgs LD_LIBRARY_PATH=/home/ubuntu/microros_ws/install/std_msgs/lib:/home/ubuntu/microros_ws/install/builtin_interfaces/lib:/home/ubuntu/microros_ws/install/visualization_msgs/lib:/home/ubuntu/microros_ws/install/test_msgs/lib:/home/ubuntu/microros_ws/install/example_interfaces/lib:/home/ubuntu/microros_ws/install/action_msgs/lib:/home/ubuntu/microros_ws/install/unique_identifier_msgs/lib:/home/ubuntu/microros_ws/install/trajectory_msgs/lib:/home/ubuntu/microros_ws/install/stereo_msgs/lib:/home/ubuntu/microros_ws/install/std_srvs/lib:/home/ubuntu/microros_ws/install/shape_msgs/lib:/home/ubuntu/microros_ws/install/sensor_msgs/lib:/home/ubuntu/microros_ws/install/nav_msgs/lib:/home/ubuntu/microros_ws/install/diagnostic_msgs/lib:/home/ubuntu/microros_ws/install/geometry_msgs/lib:/home/ubuntu/microros_ws/install/actionlib_msgs/lib:/home/ubuntu/microros_ws/install/statistics_msgs/lib:/home/ubuntu/microros_ws/install/rmw_microxrcedds/lib:/home/ubuntu/microros_ws/install/rosidl_typesupport_microxrcedds_cpp/lib:/home/ubuntu/microros_ws/install/rosidl_typesupport_microxrcedds_c/lib:/home/ubuntu/microros_ws/install/rosgraph_msgs/lib:/home/ubuntu/microros_ws/install/rclc_parameter/lib:/home/ubuntu/microros_ws/install/rclc/lib:/home/ubuntu/microros_ws/install/composition_interfaces/lib:/home/ubuntu/microros_ws/install/rcl_interfaces/lib:/home/ubuntu/microros_ws/install/microxrcedds_client/lib:/home/ubuntu/microros_ws/install/microcdr/lib:/home/ubuntu/microros_ws/install/micro_ros_utilities/lib:/home/ubuntu/microros_ws/install/micro_ros_agent/lib:/home/ubuntu/microros_ws/install/micro_ros_msgs/lib:/home/ubuntu/microros_ws/install/lifecycle_msgs/lib:/home/ubuntu/microros_ws/install/complex_msgs/lib:/opt/ros/humble/opt/rviz_ogre_vendor/lib:/opt/ros/humble/lib/aarch64-linux-gnu:/opt/ros/humble/lib /usr/bin/cmake /home/ubuntu/microros_ws/src/ros2/common_interfaces/actionlib_msgs -DCMAKE_BUILD_TYPE=Release -DCMAKE_INSTALL_PREFIX=/home/ubuntu/microros_ws/install/actionlib_msgs
[0.419s] -- Found ament_cmake: 1.3.9 (/opt/ros/humble/share/ament_cmake/cmake)
[2.109s] -- Override CMake install command with custom implementation using symlinks instead of copying resources
[2.191s] -- Found builtin_interfaces: 1.2.1 (/home/ubuntu/microros_ws/install/builtin_interfaces/share/builtin_interfaces/cmake)
[2.529s] -- Found rosidl_generator_c: 3.1.5 (/opt/ros/humble/share/rosidl_generator_c/cmake)
[2.566s] -- Found rosidl_adapter: 3.1.5 (/opt/ros/humble/share/rosidl_adapter/cmake)
[2.636s] -- Found rosidl_generator_cpp: 3.1.5 (/opt/ros/humble/share/rosidl_generator_cpp/cmake)
[2.778s] -- Using all available rosidl_typesupport_c: rosidl_typesupport_microxrcedds_c;rosidl_typesupport_fastrtps_c;rosidl_typesupport_introspection_c
[2.952s] -- Using all available rosidl_typesupport_cpp: rosidl_typesupport_microxrcedds_cpp;rosidl_typesupport_fastrtps_cpp;rosidl_typesupport_introspection_cpp
[3.106s] -- Found rosidl_default_generators: 1.2.0 (/opt/ros/humble/share/rosidl_default_generators/cmake)
[3.180s] -- Found std_msgs: 4.2.4 (/home/ubuntu/microros_ws/install/std_msgs/share/std_msgs/cmake)
[7.018s] -- Found ament_cmake_ros: 0.10.0 (/opt/ros/humble/share/ament_cmake_ros/cmake)
[12.446s] -- Using all available rosidl_typesupport_c: rosidl_typesupport_microxrcedds_c;rosidl_typesupport_fastrtps_c;rosidl_typesupport_introspection_c
[15.170s] -- Using all available rosidl_typesupport_cpp: rosidl_typesupport_microxrcedds_cpp;rosidl_typesupport_fastrtps_cpp;rosidl_typesupport_introspection_cpp
[15.503s] -- Found python_cmake_module: 0.10.0 (/opt/ros/humble/share/python_cmake_module/cmake)
[15.783s] -- Using PYTHON_EXECUTABLE: /usr/bin/python3
[15.796s] -- Using PYTHON_INCLUDE_DIRS: /usr/include/python3.10
[15.797s] -- Using PYTHON_LIBRARIES: /usr/lib/aarch64-linux-gnu/libpython3.10.so
[16.482s] -- Configuring done
[17.061s] -- Generating done
[17.093s] -- Build files have been written to: /home/ubuntu/microros_ws/build/actionlib_msgs
[17.139s] Invoked command in '/home/ubuntu/microros_ws/build/actionlib_msgs' returned '0': CMAKE_PREFIX_PATH=/home/ubuntu/microros_ws/install/std_msgs:/home/ubuntu/microros_ws/install/builtin_interfaces:/home/ubuntu/microros_ws/install/micro_ros_demos_rclc:/home/ubuntu/microros_ws/install/common_interfaces:/home/ubuntu/microros_ws/install/visualization_msgs:/home/ubuntu/microros_ws/install/test_msgs:/home/ubuntu/microros_ws/install/example_interfaces:/home/ubuntu/microros_ws/install/action_msgs:/home/ubuntu/microros_ws/install/unique_identifier_msgs:/home/ubuntu/microros_ws/install/trajectory_msgs:/home/ubuntu/microros_ws/install/stereo_msgs:/home/ubuntu/microros_ws/install/sensor_msgs_py:/opt/ros/humble:/home/ubuntu/microros_ws/install/rplidar_ros:/home/ubuntu/microros_ws/install/std_srvs:/home/ubuntu/microros_ws/install/shape_msgs:/home/ubuntu/microros_ws/install/sensor_msgs:/home/ubuntu/microros_ws/install/nav_msgs:/home/ubuntu/microros_ws/install/diagnostic_msgs:/home/ubuntu/microros_ws/install/geometry_msgs:/home/ubuntu/microros_ws/install/actionlib_msgs:/home/ubuntu/microros_ws/install/statistics_msgs:/home/ubuntu/microros_ws/install/rosidl_typesupport_microxrcedds_test_msg:/home/ubuntu/microros_ws/install/rosidl_typesupport_microxrcedds_cpp_tests:/home/ubuntu/microros_ws/install/rmw_microxrcedds:/home/ubuntu/microros_ws/install/rosidl_typesupport_microxrcedds_cpp:/home/ubuntu/microros_ws/install/rosidl_typesupport_microxrcedds_c_tests:/home/ubuntu/microros_ws/install/rosidl_typesupport_microxrcedds_c:/home/ubuntu/microros_ws/install/rosgraph_msgs:/home/ubuntu/microros_ws/install/rclc_parameter:/home/ubuntu/microros_ws/install/rclc:/home/ubuntu/microros_ws/install/composition_interfaces:/home/ubuntu/microros_ws/install/rcl_interfaces:/home/ubuntu/microros_ws/install/microxrcedds_client:/home/ubuntu/microros_ws/install/microcdr:/home/ubuntu/microros_ws/install/micro_ros_utilities:/home/ubuntu/microros_ws/install/micro_ros_setup:/home/ubuntu/microros_ws/install/micro_ros_agent:/home/ubuntu/microros_ws/install/micro_ros_msgs:/home/ubuntu/microros_ws/install/lifecycle_msgs:/home/ubuntu/microros_ws/install/complex_msgs LD_LIBRARY_PATH=/home/ubuntu/microros_ws/install/std_msgs/lib:/home/ubuntu/microros_ws/install/builtin_interfaces/lib:/home/ubuntu/microros_ws/install/visualization_msgs/lib:/home/ubuntu/microros_ws/install/test_msgs/lib:/home/ubuntu/microros_ws/install/example_interfaces/lib:/home/ubuntu/microros_ws/install/action_msgs/lib:/home/ubuntu/microros_ws/install/unique_identifier_msgs/lib:/home/ubuntu/microros_ws/install/trajectory_msgs/lib:/home/ubuntu/microros_ws/install/stereo_msgs/lib:/home/ubuntu/microros_ws/install/std_srvs/lib:/home/ubuntu/microros_ws/install/shape_msgs/lib:/home/ubuntu/microros_ws/install/sensor_msgs/lib:/home/ubuntu/microros_ws/install/nav_msgs/lib:/home/ubuntu/microros_ws/install/diagnostic_msgs/lib:/home/ubuntu/microros_ws/install/geometry_msgs/lib:/home/ubuntu/microros_ws/install/actionlib_msgs/lib:/home/ubuntu/microros_ws/install/statistics_msgs/lib:/home/ubuntu/microros_ws/install/rmw_microxrcedds/lib:/home/ubuntu/microros_ws/install/rosidl_typesupport_microxrcedds_cpp/lib:/home/ubuntu/microros_ws/install/rosidl_typesupport_microxrcedds_c/lib:/home/ubuntu/microros_ws/install/rosgraph_msgs/lib:/home/ubuntu/microros_ws/install/rclc_parameter/lib:/home/ubuntu/microros_ws/install/rclc/lib:/home/ubuntu/microros_ws/install/composition_interfaces/lib:/home/ubuntu/microros_ws/install/rcl_interfaces/lib:/home/ubuntu/microros_ws/install/microxrcedds_client/lib:/home/ubuntu/microros_ws/install/microcdr/lib:/home/ubuntu/microros_ws/install/micro_ros_utilities/lib:/home/ubuntu/microros_ws/install/micro_ros_agent/lib:/home/ubuntu/microros_ws/install/micro_ros_msgs/lib:/home/ubuntu/microros_ws/install/lifecycle_msgs/lib:/home/ubuntu/microros_ws/install/complex_msgs/lib:/opt/ros/humble/opt/rviz_ogre_vendor/lib:/opt/ros/humble/lib/aarch64-linux-gnu:/opt/ros/humble/lib /usr/bin/cmake /home/ubuntu/microros_ws/src/ros2/common_interfaces/actionlib_msgs -DCMAKE_BUILD_TYPE=Release -DCMAKE_INSTALL_PREFIX=/home/ubuntu/microros_ws/install/actionlib_msgs
[17.145s] Invoking command in '/home/ubuntu/microros_ws/build/actionlib_msgs': CMAKE_PREFIX_PATH=/home/ubuntu/microros_ws/install/std_msgs:/home/ubuntu/microros_ws/install/builtin_interfaces:/home/ubuntu/microros_ws/install/micro_ros_demos_rclc:/home/ubuntu/microros_ws/install/common_interfaces:/home/ubuntu/microros_ws/install/visualization_msgs:/home/ubuntu/microros_ws/install/test_msgs:/home/ubuntu/microros_ws/install/example_interfaces:/home/ubuntu/microros_ws/install/action_msgs:/home/ubuntu/microros_ws/install/unique_identifier_msgs:/home/ubuntu/microros_ws/install/trajectory_msgs:/home/ubuntu/microros_ws/install/stereo_msgs:/home/ubuntu/microros_ws/install/sensor_msgs_py:/opt/ros/humble:/home/ubuntu/microros_ws/install/rplidar_ros:/home/ubuntu/microros_ws/install/std_srvs:/home/ubuntu/microros_ws/install/shape_msgs:/home/ubuntu/microros_ws/install/sensor_msgs:/home/ubuntu/microros_ws/install/nav_msgs:/home/ubuntu/microros_ws/install/diagnostic_msgs:/home/ubuntu/microros_ws/install/geometry_msgs:/home/ubuntu/microros_ws/install/actionlib_msgs:/home/ubuntu/microros_ws/install/statistics_msgs:/home/ubuntu/microros_ws/install/rosidl_typesupport_microxrcedds_test_msg:/home/ubuntu/microros_ws/install/rosidl_typesupport_microxrcedds_cpp_tests:/home/ubuntu/microros_ws/install/rmw_microxrcedds:/home/ubuntu/microros_ws/install/rosidl_typesupport_microxrcedds_cpp:/home/ubuntu/microros_ws/install/rosidl_typesupport_microxrcedds_c_tests:/home/ubuntu/microros_ws/install/rosidl_typesupport_microxrcedds_c:/home/ubuntu/microros_ws/install/rosgraph_msgs:/home/ubuntu/microros_ws/install/rclc_parameter:/home/ubuntu/microros_ws/install/rclc:/home/ubuntu/microros_ws/install/composition_interfaces:/home/ubuntu/microros_ws/install/rcl_interfaces:/home/ubuntu/microros_ws/install/microxrcedds_client:/home/ubuntu/microros_ws/install/microcdr:/home/ubuntu/microros_ws/install/micro_ros_utilities:/home/ubuntu/microros_ws/install/micro_ros_setup:/home/ubuntu/microros_ws/install/micro_ros_agent:/home/ubuntu/microros_ws/install/micro_ros_msgs:/home/ubuntu/microros_ws/install/lifecycle_msgs:/home/ubuntu/microros_ws/install/complex_msgs LD_LIBRARY_PATH=/home/ubuntu/microros_ws/install/std_msgs/lib:/home/ubuntu/microros_ws/install/builtin_interfaces/lib:/home/ubuntu/microros_ws/install/visualization_msgs/lib:/home/ubuntu/microros_ws/install/test_msgs/lib:/home/ubuntu/microros_ws/install/example_interfaces/lib:/home/ubuntu/microros_ws/install/action_msgs/lib:/home/ubuntu/microros_ws/install/unique_identifier_msgs/lib:/home/ubuntu/microros_ws/install/trajectory_msgs/lib:/home/ubuntu/microros_ws/install/stereo_msgs/lib:/home/ubuntu/microros_ws/install/std_srvs/lib:/home/ubuntu/microros_ws/install/shape_msgs/lib:/home/ubuntu/microros_ws/install/sensor_msgs/lib:/home/ubuntu/microros_ws/install/nav_msgs/lib:/home/ubuntu/microros_ws/install/diagnostic_msgs/lib:/home/ubuntu/microros_ws/install/geometry_msgs/lib:/home/ubuntu/microros_ws/install/actionlib_msgs/lib:/home/ubuntu/microros_ws/install/statistics_msgs/lib:/home/ubuntu/microros_ws/install/rmw_microxrcedds/lib:/home/ubuntu/microros_ws/install/rosidl_typesupport_microxrcedds_cpp/lib:/home/ubuntu/microros_ws/install/rosidl_typesupport_microxrcedds_c/lib:/home/ubuntu/microros_ws/install/rosgraph_msgs/lib:/home/ubuntu/microros_ws/install/rclc_parameter/lib:/home/ubuntu/microros_ws/install/rclc/lib:/home/ubuntu/microros_ws/install/composition_interfaces/lib:/home/ubuntu/microros_ws/install/rcl_interfaces/lib:/home/ubuntu/microros_ws/install/microxrcedds_client/lib:/home/ubuntu/microros_ws/install/microcdr/lib:/home/ubuntu/microros_ws/install/micro_ros_utilities/lib:/home/ubuntu/microros_ws/install/micro_ros_agent/lib:/home/ubuntu/microros_ws/install/micro_ros_msgs/lib:/home/ubuntu/microros_ws/install/lifecycle_msgs/lib:/home/ubuntu/microros_ws/install/complex_msgs/lib:/opt/ros/humble/opt/rviz_ogre_vendor/lib:/opt/ros/humble/lib/aarch64-linux-gnu:/opt/ros/humble/lib /usr/bin/cmake --build /home/ubuntu/microros_ws/build/actionlib_msgs -- -j4 -l4
[17.975s] [  1%] Built target actionlib_msgs__cpp
[18.616s] [  1%] Built target ament_cmake_python_symlink_actionlib_msgs
[18.788s] [35m[1mConsolidate compiler generated dependencies of target actionlib_msgs__rosidl_typesupport_microxrcedds_cpp[0m
[19.092s] [  3%] [32mBuilding CXX object CMakeFiles/actionlib_msgs__rosidl_typesupport_microxrcedds_cpp.dir/rosidl_typesupport_microxrcedds_cpp/actionlib_msgs/msg/detail/microxrcedds/goal_id__type_support_cpp.cpp.o[0m
[22.260s] [  5%] [32mBuilding CXX object CMakeFiles/actionlib_msgs__rosidl_typesupport_microxrcedds_cpp.dir/rosidl_typesupport_microxrcedds_cpp/actionlib_msgs/msg/detail/microxrcedds/goal_status__type_support_cpp.cpp.o[0m
[25.412s] [  6%] [32mBuilding CXX object CMakeFiles/actionlib_msgs__rosidl_typesupport_microxrcedds_cpp.dir/rosidl_typesupport_microxrcedds_cpp/actionlib_msgs/msg/detail/microxrcedds/goal_status_array__type_support_cpp.cpp.o[0m
[29.250s] [  8%] [32m[1mLinking CXX shared library libactionlib_msgs__rosidl_typesupport_microxrcedds_cpp.so[0m
[30.046s] [ 10%] Built target actionlib_msgs__rosidl_typesupport_microxrcedds_cpp
[30.169s] [35m[1mConsolidate compiler generated dependencies of target actionlib_msgs__rosidl_typesupport_introspection_cpp[0m
[30.368s] [ 11%] [32mBuilding CXX object CMakeFiles/actionlib_msgs__rosidl_typesupport_introspection_cpp.dir/rosidl_typesupport_introspection_cpp/actionlib_msgs/msg/detail/goal_id__type_support.cpp.o[0m
[34.130s] [ 13%] [32mBuilding CXX object CMakeFiles/actionlib_msgs__rosidl_typesupport_introspection_cpp.dir/rosidl_typesupport_introspection_cpp/actionlib_msgs/msg/detail/goal_status__type_support.cpp.o[0m
[38.242s] [ 15%] [32mBuilding CXX object CMakeFiles/actionlib_msgs__rosidl_typesupport_introspection_cpp.dir/rosidl_typesupport_introspection_cpp/actionlib_msgs/msg/detail/goal_status_array__type_support.cpp.o[0m
[42.601s] [ 16%] [32m[1mLinking CXX shared library libactionlib_msgs__rosidl_typesupport_introspection_cpp.so[0m
[43.252s] [ 18%] Built target actionlib_msgs__rosidl_typesupport_introspection_cpp
[43.517s] [ 20%] [34m[1mGenerating C++ type support dispatch for ROS interfaces[0m
[47.101s] [35m[1mConsolidate compiler generated dependencies of target actionlib_msgs__rosidl_typesupport_cpp[0m
[47.357s] [ 22%] [32mBuilding CXX object CMakeFiles/actionlib_msgs__rosidl_typesupport_cpp.dir/rosidl_typesupport_cpp/actionlib_msgs/msg/goal_id__type_support.cpp.o[0m
[50.058s] [ 23%] [32mBuilding CXX object CMakeFiles/actionlib_msgs__rosidl_typesupport_cpp.dir/rosidl_typesupport_cpp/actionlib_msgs/msg/goal_status__type_support.cpp.o[0m
[52.718s] [ 25%] [32mBuilding CXX object CMakeFiles/actionlib_msgs__rosidl_typesupport_cpp.dir/rosidl_typesupport_cpp/actionlib_msgs/msg/goal_status_array__type_support.cpp.o[0m
[55.398s] [ 27%] [32m[1mLinking CXX shared library libactionlib_msgs__rosidl_typesupport_cpp.so[0m
[55.961s] [ 27%] Built target actionlib_msgs__rosidl_typesupport_cpp
[59.436s] running egg_info
[59.455s] writing actionlib_msgs.egg-info/PKG-INFO
[59.462s] writing dependency_links to actionlib_msgs.egg-info/dependency_links.txt
[59.468s] writing top-level names to actionlib_msgs.egg-info/top_level.txt
[59.483s] reading manifest file 'actionlib_msgs.egg-info/SOURCES.txt'
[59.489s] writing manifest file 'actionlib_msgs.egg-info/SOURCES.txt'
[59.828s] [ 27%] Built target ament_cmake_python_build_actionlib_msgs_egg
[59.999s] [35m[1mConsolidate compiler generated dependencies of target actionlib_msgs__rosidl_typesupport_fastrtps_cpp[0m
[60.183s] [ 28%] [32mBuilding CXX object CMakeFiles/actionlib_msgs__rosidl_typesupport_fastrtps_cpp.dir/rosidl_typesupport_fastrtps_cpp/actionlib_msgs/msg/detail/dds_fastrtps/goal_id__type_support.cpp.o[0m
[64.765s] [ 30%] [32mBuilding CXX object CMakeFiles/actionlib_msgs__rosidl_typesupport_fastrtps_cpp.dir/rosidl_typesupport_fastrtps_cpp/actionlib_msgs/msg/detail/dds_fastrtps/goal_status_array__type_support.cpp.o[0m
[69.441s] [ 32%] [32mBuilding CXX object CMakeFiles/actionlib_msgs__rosidl_typesupport_fastrtps_cpp.dir/rosidl_typesupport_fastrtps_cpp/actionlib_msgs/msg/detail/dds_fastrtps/goal_status__type_support.cpp.o[0m
[73.929s] [ 33%] [32m[1mLinking CXX shared library libactionlib_msgs__rosidl_typesupport_fastrtps_cpp.so[0m
[74.713s] [ 35%] Built target actionlib_msgs__rosidl_typesupport_fastrtps_cpp
[74.847s] [35m[1mConsolidate compiler generated dependencies of target actionlib_msgs__rosidl_generator_c[0m
[75.009s] [ 37%] [32mBuilding C object CMakeFiles/actionlib_msgs__rosidl_generator_c.dir/rosidl_generator_c/actionlib_msgs/msg/detail/goal_id__functions.c.o[0m
[76.010s] [ 38%] [32mBuilding C object CMakeFiles/actionlib_msgs__rosidl_generator_c.dir/rosidl_generator_c/actionlib_msgs/msg/detail/goal_status_array__functions.c.o[0m
[76.998s] [ 40%] [32mBuilding C object CMakeFiles/actionlib_msgs__rosidl_generator_c.dir/rosidl_generator_c/actionlib_msgs/msg/detail/goal_status__functions.c.o[0m
[77.888s] [ 42%] [32m[1mLinking C shared library libactionlib_msgs__rosidl_generator_c.so[0m
[78.508s] [ 44%] Built target actionlib_msgs__rosidl_generator_c
[78.726s] [35m[1mConsolidate compiler generated dependencies of target actionlib_msgs__rosidl_typesupport_microxrcedds_c[0m
[79.012s] [ 45%] [32mBuilding C object CMakeFiles/actionlib_msgs__rosidl_typesupport_microxrcedds_c.dir/rosidl_typesupport_microxrcedds_c/actionlib_msgs/msg/detail/microxrcedds/goal_id__type_support_c.c.o[0m
[79.791s] [ 47%] [32mBuilding C object CMakeFiles/actionlib_msgs__rosidl_typesupport_microxrcedds_c.dir/rosidl_typesupport_microxrcedds_c/actionlib_msgs/msg/detail/microxrcedds/goal_status__type_support_c.c.o[0m
[80.575s] [ 49%] [32mBuilding C object CMakeFiles/actionlib_msgs__rosidl_typesupport_microxrcedds_c.dir/rosidl_typesupport_microxrcedds_c/actionlib_msgs/msg/detail/microxrcedds/goal_status_array__type_support_c.c.o[0m
[81.571s] [ 50%] [32m[1mLinking C shared library libactionlib_msgs__rosidl_typesupport_microxrcedds_c.so[0m
[82.237s] [ 52%] Built target actionlib_msgs__rosidl_typesupport_microxrcedds_c
[82.452s] [35m[1mConsolidate compiler generated dependencies of target actionlib_msgs__rosidl_typesupport_fastrtps_c[0m
[82.679s] [ 54%] [32mBuilding CXX object CMakeFiles/actionlib_msgs__rosidl_typesupport_fastrtps_c.dir/rosidl_typesupport_fastrtps_c/actionlib_msgs/msg/detail/goal_id__type_support_c.cpp.o[0m
[86.332s] [ 55%] [32mBuilding CXX object CMakeFiles/actionlib_msgs__rosidl_typesupport_fastrtps_c.dir/rosidl_typesupport_fastrtps_c/actionlib_msgs/msg/detail/goal_status__type_support_c.cpp.o[0m
[90.147s] [ 57%] [32mBuilding CXX object CMakeFiles/actionlib_msgs__rosidl_typesupport_fastrtps_c.dir/rosidl_typesupport_fastrtps_c/actionlib_msgs/msg/detail/goal_status_array__type_support_c.cpp.o[0m
[93.636s] [ 59%] [32m[1mLinking CXX shared library libactionlib_msgs__rosidl_typesupport_fastrtps_c.so[0m
[94.327s] [ 61%] Built target actionlib_msgs__rosidl_typesupport_fastrtps_c
[94.477s] [ 62%] [34m[1mGenerating C type support dispatch for ROS interfaces[0m
[98.477s] [35m[1mConsolidate compiler generated dependencies of target actionlib_msgs__rosidl_typesupport_c[0m
[98.695s] [ 64%] [32mBuilding CXX object CMakeFiles/actionlib_msgs__rosidl_typesupport_c.dir/rosidl_typesupport_c/actionlib_msgs/msg/goal_id__type_support.cpp.o[0m
[99.098s] [ 66%] [32mBuilding CXX object CMakeFiles/actionlib_msgs__rosidl_typesupport_c.dir/rosidl_typesupport_c/actionlib_msgs/msg/goal_status_array__type_support.cpp.o[0m
[99.513s] [ 67%] [32mBuilding CXX object CMakeFiles/actionlib_msgs__rosidl_typesupport_c.dir/rosidl_typesupport_c/actionlib_msgs/msg/goal_status__type_support.cpp.o[0m
[99.960s] [ 69%] [32m[1mLinking CXX shared library libactionlib_msgs__rosidl_typesupport_c.so[0m
[100.438s] [ 69%] Built target actionlib_msgs__rosidl_typesupport_c
[100.559s] [35m[1mConsolidate compiler generated dependencies of target actionlib_msgs__rosidl_typesupport_introspection_c[0m
[100.689s] [ 71%] [32mBuilding C object CMakeFiles/actionlib_msgs__rosidl_typesupport_introspection_c.dir/rosidl_typesupport_introspection_c/actionlib_msgs/msg/detail/goal_id__type_support.c.o[0m
[101.321s] [ 72%] [32mBuilding C object CMakeFiles/actionlib_msgs__rosidl_typesupport_introspection_c.dir/rosidl_typesupport_introspection_c/actionlib_msgs/msg/detail/goal_status_array__type_support.c.o[0m
[101.962s] [ 74%] [32mBuilding C object CMakeFiles/actionlib_msgs__rosidl_typesupport_introspection_c.dir/rosidl_typesupport_introspection_c/actionlib_msgs/msg/detail/goal_status__type_support.c.o[0m
[102.473s] [ 76%] [32m[1mLinking C shared library libactionlib_msgs__rosidl_typesupport_introspection_c.so[0m
[103.003s] [ 77%] Built target actionlib_msgs__rosidl_typesupport_introspection_c
[103.284s] [ 77%] Built target actionlib_msgs
[103.627s] [ 79%] Built target actionlib_msgs__py
[103.796s] [35m[1mConsolidate compiler generated dependencies of target actionlib_msgs__rosidl_generator_py[0m
[103.947s] [ 81%] [32mBuilding C object CMakeFiles/actionlib_msgs__rosidl_generator_py.dir/rosidl_generator_py/actionlib_msgs/msg/_goal_id_s.c.o[0m
[105.143s] [ 83%] [32mBuilding C object CMakeFiles/actionlib_msgs__rosidl_generator_py.dir/rosidl_generator_py/actionlib_msgs/msg/_goal_status_array_s.c.o[0m
[106.461s] [ 84%] [32mBuilding C object CMakeFiles/actionlib_msgs__rosidl_generator_py.dir/rosidl_generator_py/actionlib_msgs/msg/_goal_status_s.c.o[0m
[107.763s] [ 86%] [32m[1mLinking C shared library rosidl_generator_py/actionlib_msgs/libactionlib_msgs__rosidl_generator_py.so[0m
[108.343s] [ 86%] Built target actionlib_msgs__rosidl_generator_py
[108.464s] [35m[1mConsolidate compiler generated dependencies of target actionlib_msgs__rosidl_typesupport_microxrcedds_c__pyext[0m
[108.679s] [ 88%] [32mBuilding C object CMakeFiles/actionlib_msgs__rosidl_typesupport_microxrcedds_c__pyext.dir/rosidl_generator_py/actionlib_msgs/_actionlib_msgs_s.ep.rosidl_typesupport_microxrcedds_c.c.o[0m
[110.347s] [ 89%] [32m[1mLinking C shared library rosidl_generator_py/actionlib_msgs/actionlib_msgs_s__rosidl_typesupport_microxrcedds_c.cpython-310-aarch64-linux-gnu.so[0m
[110.974s] [ 89%] Built target actionlib_msgs__rosidl_typesupport_microxrcedds_c__pyext
[111.147s] [35m[1mConsolidate compiler generated dependencies of target actionlib_msgs__rosidl_typesupport_c__pyext[0m
[111.412s] [ 91%] [32mBuilding C object CMakeFiles/actionlib_msgs__rosidl_typesupport_c__pyext.dir/rosidl_generator_py/actionlib_msgs/_actionlib_msgs_s.ep.rosidl_typesupport_c.c.o[0m
[113.245s] [ 93%] [32m[1mLinking C shared library rosidl_generator_py/actionlib_msgs/actionlib_msgs_s__rosidl_typesupport_c.cpython-310-aarch64-linux-gnu.so[0m
[113.786s] [ 93%] Built target actionlib_msgs__rosidl_typesupport_c__pyext
[114.019s] [35m[1mConsolidate compiler generated dependencies of target actionlib_msgs__rosidl_typesupport_introspection_c__pyext[0m
[114.289s] [ 94%] [32mBuilding C object CMakeFiles/actionlib_msgs__rosidl_typesupport_introspection_c__pyext.dir/rosidl_generator_py/actionlib_msgs/_actionlib_msgs_s.ep.rosidl_typesupport_introspection_c.c.o[0m
[116.095s] [ 96%] [32m[1mLinking C shared library rosidl_generator_py/actionlib_msgs/actionlib_msgs_s__rosidl_typesupport_introspection_c.cpython-310-aarch64-linux-gnu.so[0m
[116.643s] [ 96%] Built target actionlib_msgs__rosidl_typesupport_introspection_c__pyext
[116.830s] [35m[1mConsolidate compiler generated dependencies of target actionlib_msgs__rosidl_typesupport_fastrtps_c__pyext[0m
[117.004s] [ 98%] [32mBuilding C object CMakeFiles/actionlib_msgs__rosidl_typesupport_fastrtps_c__pyext.dir/rosidl_generator_py/actionlib_msgs/_actionlib_msgs_s.ep.rosidl_typesupport_fastrtps_c.c.o[0m
[118.744s] [100%] [32m[1mLinking C shared library rosidl_generator_py/actionlib_msgs/actionlib_msgs_s__rosidl_typesupport_fastrtps_c.cpython-310-aarch64-linux-gnu.so[0m
[119.319s] [100%] Built target actionlib_msgs__rosidl_typesupport_fastrtps_c__pyext
[119.491s] Invoked command in '/home/ubuntu/microros_ws/build/actionlib_msgs' returned '0': CMAKE_PREFIX_PATH=/home/ubuntu/microros_ws/install/std_msgs:/home/ubuntu/microros_ws/install/builtin_interfaces:/home/ubuntu/microros_ws/install/micro_ros_demos_rclc:/home/ubuntu/microros_ws/install/common_interfaces:/home/ubuntu/microros_ws/install/visualization_msgs:/home/ubuntu/microros_ws/install/test_msgs:/home/ubuntu/microros_ws/install/example_interfaces:/home/ubuntu/microros_ws/install/action_msgs:/home/ubuntu/microros_ws/install/unique_identifier_msgs:/home/ubuntu/microros_ws/install/trajectory_msgs:/home/ubuntu/microros_ws/install/stereo_msgs:/home/ubuntu/microros_ws/install/sensor_msgs_py:/opt/ros/humble:/home/ubuntu/microros_ws/install/rplidar_ros:/home/ubuntu/microros_ws/install/std_srvs:/home/ubuntu/microros_ws/install/shape_msgs:/home/ubuntu/microros_ws/install/sensor_msgs:/home/ubuntu/microros_ws/install/nav_msgs:/home/ubuntu/microros_ws/install/diagnostic_msgs:/home/ubuntu/microros_ws/install/geometry_msgs:/home/ubuntu/microros_ws/install/actionlib_msgs:/home/ubuntu/microros_ws/install/statistics_msgs:/home/ubuntu/microros_ws/install/rosidl_typesupport_microxrcedds_test_msg:/home/ubuntu/microros_ws/install/rosidl_typesupport_microxrcedds_cpp_tests:/home/ubuntu/microros_ws/install/rmw_microxrcedds:/home/ubuntu/microros_ws/install/rosidl_typesupport_microxrcedds_cpp:/home/ubuntu/microros_ws/install/rosidl_typesupport_microxrcedds_c_tests:/home/ubuntu/microros_ws/install/rosidl_typesupport_microxrcedds_c:/home/ubuntu/microros_ws/install/rosgraph_msgs:/home/ubuntu/microros_ws/install/rclc_parameter:/home/ubuntu/microros_ws/install/rclc:/home/ubuntu/microros_ws/install/composition_interfaces:/home/ubuntu/microros_ws/install/rcl_interfaces:/home/ubuntu/microros_ws/install/microxrcedds_client:/home/ubuntu/microros_ws/install/microcdr:/home/ubuntu/microros_ws/install/micro_ros_utilities:/home/ubuntu/microros_ws/install/micro_ros_setup:/home/ubuntu/microros_ws/install/micro_ros_agent:/home/ubuntu/microros_ws/install/micro_ros_msgs:/home/ubuntu/microros_ws/install/lifecycle_msgs:/home/ubuntu/microros_ws/install/complex_msgs LD_LIBRARY_PATH=/home/ubuntu/microros_ws/install/std_msgs/lib:/home/ubuntu/microros_ws/install/builtin_interfaces/lib:/home/ubuntu/microros_ws/install/visualization_msgs/lib:/home/ubuntu/microros_ws/install/test_msgs/lib:/home/ubuntu/microros_ws/install/example_interfaces/lib:/home/ubuntu/microros_ws/install/action_msgs/lib:/home/ubuntu/microros_ws/install/unique_identifier_msgs/lib:/home/ubuntu/microros_ws/install/trajectory_msgs/lib:/home/ubuntu/microros_ws/install/stereo_msgs/lib:/home/ubuntu/microros_ws/install/std_srvs/lib:/home/ubuntu/microros_ws/install/shape_msgs/lib:/home/ubuntu/microros_ws/install/sensor_msgs/lib:/home/ubuntu/microros_ws/install/nav_msgs/lib:/home/ubuntu/microros_ws/install/diagnostic_msgs/lib:/home/ubuntu/microros_ws/install/geometry_msgs/lib:/home/ubuntu/microros_ws/install/actionlib_msgs/lib:/home/ubuntu/microros_ws/install/statistics_msgs/lib:/home/ubuntu/microros_ws/install/rmw_microxrcedds/lib:/home/ubuntu/microros_ws/install/rosidl_typesupport_microxrcedds_cpp/lib:/home/ubuntu/microros_ws/install/rosidl_typesupport_microxrcedds_c/lib:/home/ubuntu/microros_ws/install/rosgraph_msgs/lib:/home/ubuntu/microros_ws/install/rclc_parameter/lib:/home/ubuntu/microros_ws/install/rclc/lib:/home/ubuntu/microros_ws/install/composition_interfaces/lib:/home/ubuntu/microros_ws/install/rcl_interfaces/lib:/home/ubuntu/microros_ws/install/microxrcedds_client/lib:/home/ubuntu/microros_ws/install/microcdr/lib:/home/ubuntu/microros_ws/install/micro_ros_utilities/lib:/home/ubuntu/microros_ws/install/micro_ros_agent/lib:/home/ubuntu/microros_ws/install/micro_ros_msgs/lib:/home/ubuntu/microros_ws/install/lifecycle_msgs/lib:/home/ubuntu/microros_ws/install/complex_msgs/lib:/opt/ros/humble/opt/rviz_ogre_vendor/lib:/opt/ros/humble/lib/aarch64-linux-gnu:/opt/ros/humble/lib /usr/bin/cmake --build /home/ubuntu/microros_ws/build/actionlib_msgs -- -j4 -l4
[122.494s] Invoking command in '/home/ubuntu/microros_ws/build/actionlib_msgs': CMAKE_PREFIX_PATH=/home/ubuntu/microros_ws/install/std_msgs:/home/ubuntu/microros_ws/install/builtin_interfaces:/home/ubuntu/microros_ws/install/micro_ros_demos_rclc:/home/ubuntu/microros_ws/install/common_interfaces:/home/ubuntu/microros_ws/install/visualization_msgs:/home/ubuntu/microros_ws/install/test_msgs:/home/ubuntu/microros_ws/install/example_interfaces:/home/ubuntu/microros_ws/install/action_msgs:/home/ubuntu/microros_ws/install/unique_identifier_msgs:/home/ubuntu/microros_ws/install/trajectory_msgs:/home/ubuntu/microros_ws/install/stereo_msgs:/home/ubuntu/microros_ws/install/sensor_msgs_py:/opt/ros/humble:/home/ubuntu/microros_ws/install/rplidar_ros:/home/ubuntu/microros_ws/install/std_srvs:/home/ubuntu/microros_ws/install/shape_msgs:/home/ubuntu/microros_ws/install/sensor_msgs:/home/ubuntu/microros_ws/install/nav_msgs:/home/ubuntu/microros_ws/install/diagnostic_msgs:/home/ubuntu/microros_ws/install/geometry_msgs:/home/ubuntu/microros_ws/install/actionlib_msgs:/home/ubuntu/microros_ws/install/statistics_msgs:/home/ubuntu/microros_ws/install/rosidl_typesupport_microxrcedds_test_msg:/home/ubuntu/microros_ws/install/rosidl_typesupport_microxrcedds_cpp_tests:/home/ubuntu/microros_ws/install/rmw_microxrcedds:/home/ubuntu/microros_ws/install/rosidl_typesupport_microxrcedds_cpp:/home/ubuntu/microros_ws/install/rosidl_typesupport_microxrcedds_c_tests:/home/ubuntu/microros_ws/install/rosidl_typesupport_microxrcedds_c:/home/ubuntu/microros_ws/install/rosgraph_msgs:/home/ubuntu/microros_ws/install/rclc_parameter:/home/ubuntu/microros_ws/install/rclc:/home/ubuntu/microros_ws/install/composition_interfaces:/home/ubuntu/microros_ws/install/rcl_interfaces:/home/ubuntu/microros_ws/install/microxrcedds_client:/home/ubuntu/microros_ws/install/microcdr:/home/ubuntu/microros_ws/install/micro_ros_utilities:/home/ubuntu/microros_ws/install/micro_ros_setup:/home/ubuntu/microros_ws/install/micro_ros_agent:/home/ubuntu/microros_ws/install/micro_ros_msgs:/home/ubuntu/microros_ws/install/lifecycle_msgs:/home/ubuntu/microros_ws/install/complex_msgs LD_LIBRARY_PATH=/home/ubuntu/microros_ws/install/std_msgs/lib:/home/ubuntu/microros_ws/install/builtin_interfaces/lib:/home/ubuntu/microros_ws/install/visualization_msgs/lib:/home/ubuntu/microros_ws/install/test_msgs/lib:/home/ubuntu/microros_ws/install/example_interfaces/lib:/home/ubuntu/microros_ws/install/action_msgs/lib:/home/ubuntu/microros_ws/install/unique_identifier_msgs/lib:/home/ubuntu/microros_ws/install/trajectory_msgs/lib:/home/ubuntu/microros_ws/install/stereo_msgs/lib:/home/ubuntu/microros_ws/install/std_srvs/lib:/home/ubuntu/microros_ws/install/shape_msgs/lib:/home/ubuntu/microros_ws/install/sensor_msgs/lib:/home/ubuntu/microros_ws/install/nav_msgs/lib:/home/ubuntu/microros_ws/install/diagnostic_msgs/lib:/home/ubuntu/microros_ws/install/geometry_msgs/lib:/home/ubuntu/microros_ws/install/actionlib_msgs/lib:/home/ubuntu/microros_ws/install/statistics_msgs/lib:/home/ubuntu/microros_ws/install/rmw_microxrcedds/lib:/home/ubuntu/microros_ws/install/rosidl_typesupport_microxrcedds_cpp/lib:/home/ubuntu/microros_ws/install/rosidl_typesupport_microxrcedds_c/lib:/home/ubuntu/microros_ws/install/rosgraph_msgs/lib:/home/ubuntu/microros_ws/install/rclc_parameter/lib:/home/ubuntu/microros_ws/install/rclc/lib:/home/ubuntu/microros_ws/install/composition_interfaces/lib:/home/ubuntu/microros_ws/install/rcl_interfaces/lib:/home/ubuntu/microros_ws/install/microxrcedds_client/lib:/home/ubuntu/microros_ws/install/microcdr/lib:/home/ubuntu/microros_ws/install/micro_ros_utilities/lib:/home/ubuntu/microros_ws/install/micro_ros_agent/lib:/home/ubuntu/microros_ws/install/micro_ros_msgs/lib:/home/ubuntu/microros_ws/install/lifecycle_msgs/lib:/home/ubuntu/microros_ws/install/complex_msgs/lib:/opt/ros/humble/opt/rviz_ogre_vendor/lib:/opt/ros/humble/lib/aarch64-linux-gnu:/opt/ros/humble/lib /usr/bin/cmake --install /home/ubuntu/microros_ws/build/actionlib_msgs
[122.591s] -- Install configuration: "Release"
[122.595s] -- Execute custom install script
[122.599s] -- Up-to-date symlink: /home/ubuntu/microros_ws/install/actionlib_msgs/share/ament_index/resource_index/rosidl_interfaces/actionlib_msgs
[122.610s] -- Up-to-date symlink: /home/ubuntu/microros_ws/install/actionlib_msgs/include/actionlib_msgs/actionlib_msgs/msg/detail/goal_id__functions.h
[122.613s] -- Up-to-date symlink: /home/ubuntu/microros_ws/install/actionlib_msgs/include/actionlib_msgs/actionlib_msgs/msg/detail/goal_id__struct.h
[122.615s] -- Up-to-date symlink: /home/ubuntu/microros_ws/install/actionlib_msgs/include/actionlib_msgs/actionlib_msgs/msg/detail/goal_id__type_support.h
[122.626s] -- Up-to-date symlink: /home/ubuntu/microros_ws/install/actionlib_msgs/include/actionlib_msgs/actionlib_msgs/msg/detail/goal_status__functions.h
[122.628s] -- Up-to-date symlink: /home/ubuntu/microros_ws/install/actionlib_msgs/include/actionlib_msgs/actionlib_msgs/msg/detail/goal_status__struct.h
[122.629s] -- Up-to-date symlink: /home/ubuntu/microros_ws/install/actionlib_msgs/include/actionlib_msgs/actionlib_msgs/msg/detail/goal_status__type_support.h
[122.630s] -- Up-to-date symlink: /home/ubuntu/microros_ws/install/actionlib_msgs/include/actionlib_msgs/actionlib_msgs/msg/detail/goal_status_array__functions.h
[122.631s] -- Up-to-date symlink: /home/ubuntu/microros_ws/install/actionlib_msgs/include/actionlib_msgs/actionlib_msgs/msg/detail/goal_status_array__struct.h
[122.633s] -- Up-to-date symlink: /home/ubuntu/microros_ws/install/actionlib_msgs/include/actionlib_msgs/actionlib_msgs/msg/detail/goal_status_array__type_support.h
[122.635s] -- Up-to-date symlink: /home/ubuntu/microros_ws/install/actionlib_msgs/include/actionlib_msgs/actionlib_msgs/msg/goal_id.h
[122.637s] -- Up-to-date symlink: /home/ubuntu/microros_ws/install/actionlib_msgs/include/actionlib_msgs/actionlib_msgs/msg/goal_status.h
[122.638s] -- Up-to-date symlink: /home/ubuntu/microros_ws/install/actionlib_msgs/include/actionlib_msgs/actionlib_msgs/msg/goal_status_array.h
[122.640s] -- Up-to-date symlink: /home/ubuntu/microros_ws/install/actionlib_msgs/include/actionlib_msgs/actionlib_msgs/msg/rosidl_generator_c__visibility_control.h
[122.644s] -- Up-to-date symlink: /home/ubuntu/microros_ws/install/actionlib_msgs/share/actionlib_msgs/environment/library_path.sh
[122.651s] -- Up-to-date symlink: /home/ubuntu/microros_ws/install/actionlib_msgs/share/actionlib_msgs/environment/library_path.dsv
[122.652s] -- Up-to-date symlink: /home/ubuntu/microros_ws/install/actionlib_msgs/include/actionlib_msgs/actionlib_msgs/msg/detail/goal_id__rosidl_typesupport_fastrtps_c.h
[122.659s] -- Up-to-date symlink: /home/ubuntu/microros_ws/install/actionlib_msgs/include/actionlib_msgs/actionlib_msgs/msg/detail/goal_status__rosidl_typesupport_fastrtps_c.h
[122.664s] -- Up-to-date symlink: /home/ubuntu/microros_ws/install/actionlib_msgs/include/actionlib_msgs/actionlib_msgs/msg/detail/goal_status_array__rosidl_typesupport_fastrtps_c.h
[122.666s] -- Up-to-date symlink: /home/ubuntu/microros_ws/install/actionlib_msgs/include/actionlib_msgs/actionlib_msgs/msg/rosidl_typesupport_fastrtps_c__visibility_control.h
[122.670s] -- Up-to-date symlink: /home/ubuntu/microros_ws/install/actionlib_msgs/include/actionlib_msgs/actionlib_msgs/msg/detail/goal_id__builder.hpp
[122.672s] -- Up-to-date symlink: /home/ubuntu/microros_ws/install/actionlib_msgs/include/actionlib_msgs/actionlib_msgs/msg/detail/goal_id__struct.hpp
[122.674s] -- Up-to-date symlink: /home/ubuntu/microros_ws/install/actionlib_msgs/include/actionlib_msgs/actionlib_msgs/msg/detail/goal_id__traits.hpp
[122.676s] -- Up-to-date symlink: /home/ubuntu/microros_ws/install/actionlib_msgs/include/actionlib_msgs/actionlib_msgs/msg/detail/goal_status__builder.hpp
[122.677s] -- Up-to-date symlink: /home/ubuntu/microros_ws/install/actionlib_msgs/include/actionlib_msgs/actionlib_msgs/msg/detail/goal_status__struct.hpp
[122.679s] -- Up-to-date symlink: /home/ubuntu/microros_ws/install/actionlib_msgs/include/actionlib_msgs/actionlib_msgs/msg/detail/goal_status__traits.hpp
[122.681s] -- Up-to-date symlink: /home/ubuntu/microros_ws/install/actionlib_msgs/include/actionlib_msgs/actionlib_msgs/msg/detail/goal_status_array__builder.hpp
[122.683s] -- Up-to-date symlink: /home/ubuntu/microros_ws/install/actionlib_msgs/include/actionlib_msgs/actionlib_msgs/msg/detail/goal_status_array__struct.hpp
[122.684s] -- Up-to-date symlink: /home/ubuntu/microros_ws/install/actionlib_msgs/include/actionlib_msgs/actionlib_msgs/msg/detail/goal_status_array__traits.hpp
[122.686s] -- Up-to-date symlink: /home/ubuntu/microros_ws/install/actionlib_msgs/include/actionlib_msgs/actionlib_msgs/msg/goal_id.hpp
[122.691s] -- Up-to-date symlink: /home/ubuntu/microros_ws/install/actionlib_msgs/include/actionlib_msgs/actionlib_msgs/msg/goal_status.hpp
[122.693s] -- Up-to-date symlink: /home/ubuntu/microros_ws/install/actionlib_msgs/include/actionlib_msgs/actionlib_msgs/msg/goal_status_array.hpp
[122.698s] -- Up-to-date symlink: /home/ubuntu/microros_ws/install/actionlib_msgs/include/actionlib_msgs/actionlib_msgs/msg/detail/goal_id__rosidl_typesupport_fastrtps_cpp.hpp
[122.701s] -- Up-to-date symlink: /home/ubuntu/microros_ws/install/actionlib_msgs/include/actionlib_msgs/actionlib_msgs/msg/detail/goal_status__rosidl_typesupport_fastrtps_cpp.hpp
[122.703s] -- Up-to-date symlink: /home/ubuntu/microros_ws/install/actionlib_msgs/include/actionlib_msgs/actionlib_msgs/msg/detail/goal_status_array__rosidl_typesupport_fastrtps_cpp.hpp
[122.705s] -- Up-to-date symlink: /home/ubuntu/microros_ws/install/actionlib_msgs/include/actionlib_msgs/actionlib_msgs/msg/rosidl_typesupport_fastrtps_cpp__visibility_control.h
[122.727s] -- Symlinking: /home/ubuntu/microros_ws/install/actionlib_msgs/include/actionlib_msgs/msg/detail/goal_id__rosidl_typesupport_microxrcedds_c.h
[122.864s] -- Symlinking: /home/ubuntu/microros_ws/install/actionlib_msgs/include/actionlib_msgs/msg/detail/goal_status__rosidl_typesupport_microxrcedds_c.h
[122.975s] -- Symlinking: /home/ubuntu/microros_ws/install/actionlib_msgs/include/actionlib_msgs/msg/detail/goal_status_array__rosidl_typesupport_microxrcedds_c.h
[123.122s] -- Symlinking: /home/ubuntu/microros_ws/install/actionlib_msgs/include/actionlib_msgs/msg/rosidl_typesupport_microxrcedds_c__visibility_control.h
[123.243s] -- Symlinking: /home/ubuntu/microros_ws/install/actionlib_msgs/lib/libactionlib_msgs__rosidl_typesupport_microxrcedds_c.so
[123.385s] -- Up-to-date symlink: /home/ubuntu/microros_ws/install/actionlib_msgs/include/actionlib_msgs/actionlib_msgs/msg/detail/goal_id__rosidl_typesupport_introspection_c.h
[123.387s] -- Up-to-date symlink: /home/ubuntu/microros_ws/install/actionlib_msgs/include/actionlib_msgs/actionlib_msgs/msg/detail/goal_status__rosidl_typesupport_introspection_c.h
[123.389s] -- Up-to-date symlink: /home/ubuntu/microros_ws/install/actionlib_msgs/include/actionlib_msgs/actionlib_msgs/msg/detail/goal_status_array__rosidl_typesupport_introspection_c.h
[123.390s] -- Up-to-date symlink: /home/ubuntu/microros_ws/install/actionlib_msgs/include/actionlib_msgs/actionlib_msgs/msg/rosidl_typesupport_introspection_c__visibility_control.h
[123.399s] -- Symlinking: /home/ubuntu/microros_ws/install/actionlib_msgs/include/actionlib_msgs/msg/detail/goal_id__rosidl_typesupport_microxrcedds_cpp.hpp
[123.588s] -- Symlinking: /home/ubuntu/microros_ws/install/actionlib_msgs/include/actionlib_msgs/msg/detail/goal_status__rosidl_typesupport_microxrcedds_cpp.hpp
[123.678s] -- Symlinking: /home/ubuntu/microros_ws/install/actionlib_msgs/include/actionlib_msgs/msg/detail/goal_status_array__rosidl_typesupport_microxrcedds_cpp.hpp
[123.812s] -- Symlinking: /home/ubuntu/microros_ws/install/actionlib_msgs/include/actionlib_msgs/msg/detail/microxrcedds/goal_id__type_support_cpp.cpp
[123.936s] -- Symlinking: /home/ubuntu/microros_ws/install/actionlib_msgs/include/actionlib_msgs/msg/detail/microxrcedds/goal_status__type_support_cpp.cpp
[124.129s] -- Symlinking: /home/ubuntu/microros_ws/install/actionlib_msgs/include/actionlib_msgs/msg/detail/microxrcedds/goal_status_array__type_support_cpp.cpp
[124.228s] -- Symlinking: /home/ubuntu/microros_ws/install/actionlib_msgs/include/actionlib_msgs/msg/rosidl_typesupport_microxrcedds_cpp__visibility_control.h
[124.373s] -- Symlinking: /home/ubuntu/microros_ws/install/actionlib_msgs/lib/libactionlib_msgs__rosidl_typesupport_microxrcedds_cpp.so
[124.501s] -- Up-to-date symlink: /home/ubuntu/microros_ws/install/actionlib_msgs/include/actionlib_msgs/actionlib_msgs/msg/detail/goal_id__rosidl_typesupport_introspection_cpp.hpp
[124.503s] -- Up-to-date symlink: /home/ubuntu/microros_ws/install/actionlib_msgs/include/actionlib_msgs/actionlib_msgs/msg/detail/goal_status__rosidl_typesupport_introspection_cpp.hpp
[124.504s] -- Up-to-date symlink: /home/ubuntu/microros_ws/install/actionlib_msgs/include/actionlib_msgs/actionlib_msgs/msg/detail/goal_status_array__rosidl_typesupport_introspection_cpp.hpp
[124.505s] -- Up-to-date symlink: /home/ubuntu/microros_ws/install/actionlib_msgs/share/actionlib_msgs/environment/pythonpath.sh
[124.507s] -- Up-to-date symlink: /home/ubuntu/microros_ws/install/actionlib_msgs/share/actionlib_msgs/environment/pythonpath.dsv
[124.510s] -- Up-to-date symlink: /home/ubuntu/microros_ws/install/actionlib_msgs/local/lib/python3.10/dist-packages/actionlib_msgs-4.2.4-py3.10.egg-info/PKG-INFO
[124.511s] -- Up-to-date symlink: /home/ubuntu/microros_ws/install/actionlib_msgs/local/lib/python3.10/dist-packages/actionlib_msgs-4.2.4-py3.10.egg-info/SOURCES.txt
[124.512s] -- Up-to-date symlink: /home/ubuntu/microros_ws/install/actionlib_msgs/local/lib/python3.10/dist-packages/actionlib_msgs-4.2.4-py3.10.egg-info/dependency_links.txt
[124.514s] -- Up-to-date symlink: /home/ubuntu/microros_ws/install/actionlib_msgs/local/lib/python3.10/dist-packages/actionlib_msgs-4.2.4-py3.10.egg-info/top_level.txt
[124.530s] -- Up-to-date symlink: /home/ubuntu/microros_ws/install/actionlib_msgs/local/lib/python3.10/dist-packages/actionlib_msgs/__init__.py
[124.533s] -- Up-to-date symlink: /home/ubuntu/microros_ws/install/actionlib_msgs/local/lib/python3.10/dist-packages/actionlib_msgs/_actionlib_msgs_s.ep.rosidl_typesupport_c.c
[124.535s] -- Up-to-date symlink: /home/ubuntu/microros_ws/install/actionlib_msgs/local/lib/python3.10/dist-packages/actionlib_msgs/_actionlib_msgs_s.ep.rosidl_typesupport_fastrtps_c.c
[124.538s] -- Up-to-date symlink: /home/ubuntu/microros_ws/install/actionlib_msgs/local/lib/python3.10/dist-packages/actionlib_msgs/_actionlib_msgs_s.ep.rosidl_typesupport_introspection_c.c
[124.540s] -- Up-to-date symlink: /home/ubuntu/microros_ws/install/actionlib_msgs/local/lib/python3.10/dist-packages/actionlib_msgs/_actionlib_msgs_s.ep.rosidl_typesupport_microxrcedds_c.c
[124.543s] -- Up-to-date symlink: /home/ubuntu/microros_ws/install/actionlib_msgs/local/lib/python3.10/dist-packages/actionlib_msgs/actionlib_msgs_s__rosidl_typesupport_c.cpython-310-aarch64-linux-gnu.so
[124.546s] -- Up-to-date symlink: /home/ubuntu/microros_ws/install/actionlib_msgs/local/lib/python3.10/dist-packages/actionlib_msgs/actionlib_msgs_s__rosidl_typesupport_fastrtps_c.cpython-310-aarch64-linux-gnu.so
[124.548s] -- Up-to-date symlink: /home/ubuntu/microros_ws/install/actionlib_msgs/local/lib/python3.10/dist-packages/actionlib_msgs/actionlib_msgs_s__rosidl_typesupport_introspection_c.cpython-310-aarch64-linux-gnu.so
[124.551s] -- Up-to-date symlink: /home/ubuntu/microros_ws/install/actionlib_msgs/local/lib/python3.10/dist-packages/actionlib_msgs/actionlib_msgs_s__rosidl_typesupport_microxrcedds_c.cpython-310-aarch64-linux-gnu.so
[124.554s] -- Up-to-date symlink: /home/ubuntu/microros_ws/install/actionlib_msgs/local/lib/python3.10/dist-packages/actionlib_msgs/libactionlib_msgs__rosidl_generator_py.so
[124.557s] -- Up-to-date symlink: /home/ubuntu/microros_ws/install/actionlib_msgs/local/lib/python3.10/dist-packages/actionlib_msgs/msg/__init__.py
[124.560s] -- Up-to-date symlink: /home/ubuntu/microros_ws/install/actionlib_msgs/local/lib/python3.10/dist-packages/actionlib_msgs/msg/_goal_id.py
[124.564s] -- Up-to-date symlink: /home/ubuntu/microros_ws/install/actionlib_msgs/local/lib/python3.10/dist-packages/actionlib_msgs/msg/_goal_id_s.c
[124.568s] -- Up-to-date symlink: /home/ubuntu/microros_ws/install/actionlib_msgs/local/lib/python3.10/dist-packages/actionlib_msgs/msg/_goal_status.py
[124.573s] -- Up-to-date symlink: /home/ubuntu/microros_ws/install/actionlib_msgs/local/lib/python3.10/dist-packages/actionlib_msgs/msg/_goal_status_array.py
[124.584s] -- Up-to-date symlink: /home/ubuntu/microros_ws/install/actionlib_msgs/local/lib/python3.10/dist-packages/actionlib_msgs/msg/_goal_status_array_s.c
[124.591s] -- Up-to-date symlink: /home/ubuntu/microros_ws/install/actionlib_msgs/local/lib/python3.10/dist-packages/actionlib_msgs/msg/_goal_status_s.c
[124.596s] -- Up-to-date symlink: /home/ubuntu/microros_ws/install/actionlib_msgs/local/lib/python3.10/dist-packages/actionlib_msgs/actionlib_msgs_s__rosidl_typesupport_microxrcedds_c.cpython-310-aarch64-linux-gnu.so
[124.601s] -- Up-to-date symlink: /home/ubuntu/microros_ws/install/actionlib_msgs/local/lib/python3.10/dist-packages/actionlib_msgs/actionlib_msgs_s__rosidl_typesupport_fastrtps_c.cpython-310-aarch64-linux-gnu.so
[124.606s] -- Up-to-date symlink: /home/ubuntu/microros_ws/install/actionlib_msgs/local/lib/python3.10/dist-packages/actionlib_msgs/actionlib_msgs_s__rosidl_typesupport_introspection_c.cpython-310-aarch64-linux-gnu.so
[124.610s] -- Up-to-date symlink: /home/ubuntu/microros_ws/install/actionlib_msgs/local/lib/python3.10/dist-packages/actionlib_msgs/actionlib_msgs_s__rosidl_typesupport_c.cpython-310-aarch64-linux-gnu.so
[124.620s] -- Up-to-date symlink: /home/ubuntu/microros_ws/install/actionlib_msgs/share/actionlib_msgs/msg/GoalID.idl
[124.624s] -- Up-to-date symlink: /home/ubuntu/microros_ws/install/actionlib_msgs/share/actionlib_msgs/msg/GoalStatus.idl
[124.630s] -- Up-to-date symlink: /home/ubuntu/microros_ws/install/actionlib_msgs/share/actionlib_msgs/msg/GoalStatusArray.idl
[124.633s] -- Up-to-date symlink: /home/ubuntu/microros_ws/install/actionlib_msgs/share/actionlib_msgs/msg/GoalID.msg
[124.637s] -- Up-to-date symlink: /home/ubuntu/microros_ws/install/actionlib_msgs/share/actionlib_msgs/msg/GoalStatus.msg
[124.645s] -- Up-to-date symlink: /home/ubuntu/microros_ws/install/actionlib_msgs/share/actionlib_msgs/msg/GoalStatusArray.msg
[124.652s] -- Up-to-date symlink: /home/ubuntu/microros_ws/install/actionlib_msgs/share/ament_index/resource_index/package_run_dependencies/actionlib_msgs
[124.655s] -- Up-to-date symlink: /home/ubuntu/microros_ws/install/actionlib_msgs/share/ament_index/resource_index/parent_prefix_path/actionlib_msgs
[124.658s] -- Up-to-date symlink: /home/ubuntu/microros_ws/install/actionlib_msgs/share/actionlib_msgs/environment/ament_prefix_path.sh
[124.661s] -- Up-to-date symlink: /home/ubuntu/microros_ws/install/actionlib_msgs/share/actionlib_msgs/environment/ament_prefix_path.dsv
[124.664s] -- Up-to-date symlink: /home/ubuntu/microros_ws/install/actionlib_msgs/share/actionlib_msgs/environment/path.sh
[124.667s] -- Up-to-date symlink: /home/ubuntu/microros_ws/install/actionlib_msgs/share/actionlib_msgs/environment/path.dsv
[124.670s] -- Up-to-date symlink: /home/ubuntu/microros_ws/install/actionlib_msgs/share/actionlib_msgs/local_setup.bash
[124.673s] -- Up-to-date symlink: /home/ubuntu/microros_ws/install/actionlib_msgs/share/actionlib_msgs/local_setup.sh
[124.678s] -- Up-to-date symlink: /home/ubuntu/microros_ws/install/actionlib_msgs/share/actionlib_msgs/local_setup.zsh
[124.681s] -- Up-to-date symlink: /home/ubuntu/microros_ws/install/actionlib_msgs/share/actionlib_msgs/local_setup.dsv
[124.690s] -- Symlinking: /home/ubuntu/microros_ws/install/actionlib_msgs/share/actionlib_msgs/package.dsv
[124.823s] -- Up-to-date symlink: /home/ubuntu/microros_ws/install/actionlib_msgs/share/ament_index/resource_index/packages/actionlib_msgs
[124.827s] -- Up-to-date symlink: /home/ubuntu/microros_ws/install/actionlib_msgs/share/actionlib_msgs/cmake/rosidl_cmake-extras.cmake
[124.831s] -- Up-to-date symlink: /home/ubuntu/microros_ws/install/actionlib_msgs/share/actionlib_msgs/cmake/ament_cmake_export_dependencies-extras.cmake
[124.834s] -- Up-to-date symlink: /home/ubuntu/microros_ws/install/actionlib_msgs/share/actionlib_msgs/cmake/ament_cmake_export_include_directories-extras.cmake
[124.841s] -- Up-to-date symlink: /home/ubuntu/microros_ws/install/actionlib_msgs/share/actionlib_msgs/cmake/ament_cmake_export_libraries-extras.cmake
[124.844s] -- Up-to-date symlink: /home/ubuntu/microros_ws/install/actionlib_msgs/share/actionlib_msgs/cmake/ament_cmake_export_targets-extras.cmake
[124.856s] -- Up-to-date symlink: /home/ubuntu/microros_ws/install/actionlib_msgs/share/actionlib_msgs/cmake/rosidl_cmake_export_typesupport_targets-extras.cmake
[124.863s] -- Up-to-date symlink: /home/ubuntu/microros_ws/install/actionlib_msgs/share/actionlib_msgs/cmake/rosidl_cmake_export_typesupport_libraries-extras.cmake
[124.866s] -- Up-to-date symlink: /home/ubuntu/microros_ws/install/actionlib_msgs/share/actionlib_msgs/cmake/actionlib_msgsConfig.cmake
[124.871s] -- Up-to-date symlink: /home/ubuntu/microros_ws/install/actionlib_msgs/share/actionlib_msgs/cmake/actionlib_msgsConfig-version.cmake
[124.875s] -- Up-to-date symlink: /home/ubuntu/microros_ws/install/actionlib_msgs/share/actionlib_msgs/package.xml
[124.891s] -- Installing: /home/ubuntu/microros_ws/install/actionlib_msgs/lib/libactionlib_msgs__rosidl_generator_c.so
[124.895s] -- Set runtime path of "/home/ubuntu/microros_ws/install/actionlib_msgs/lib/libactionlib_msgs__rosidl_generator_c.so" to ""
[124.899s] -- Installing: /home/ubuntu/microros_ws/install/actionlib_msgs/lib/libactionlib_msgs__rosidl_typesupport_fastrtps_c.so
[124.905s] -- Set runtime path of "/home/ubuntu/microros_ws/install/actionlib_msgs/lib/libactionlib_msgs__rosidl_typesupport_fastrtps_c.so" to ""
[124.908s] -- Installing: /home/ubuntu/microros_ws/install/actionlib_msgs/lib/libactionlib_msgs__rosidl_typesupport_fastrtps_cpp.so
[124.913s] -- Set runtime path of "/home/ubuntu/microros_ws/install/actionlib_msgs/lib/libactionlib_msgs__rosidl_typesupport_fastrtps_cpp.so" to ""
[124.916s] -- Installing: /home/ubuntu/microros_ws/install/actionlib_msgs/lib/libactionlib_msgs__rosidl_typesupport_introspection_c.so
[124.927s] -- Set runtime path of "/home/ubuntu/microros_ws/install/actionlib_msgs/lib/libactionlib_msgs__rosidl_typesupport_introspection_c.so" to ""
[124.949s] -- Installing: /home/ubuntu/microros_ws/install/actionlib_msgs/lib/libactionlib_msgs__rosidl_typesupport_c.so
[124.968s] -- Set runtime path of "/home/ubuntu/microros_ws/install/actionlib_msgs/lib/libactionlib_msgs__rosidl_typesupport_c.so" to ""
[124.971s] -- Installing: /home/ubuntu/microros_ws/install/actionlib_msgs/lib/libactionlib_msgs__rosidl_typesupport_introspection_cpp.so
[124.977s] -- Set runtime path of "/home/ubuntu/microros_ws/install/actionlib_msgs/lib/libactionlib_msgs__rosidl_typesupport_introspection_cpp.so" to ""
[124.980s] -- Installing: /home/ubuntu/microros_ws/install/actionlib_msgs/lib/libactionlib_msgs__rosidl_typesupport_cpp.so
[124.985s] -- Set runtime path of "/home/ubuntu/microros_ws/install/actionlib_msgs/lib/libactionlib_msgs__rosidl_typesupport_cpp.so" to ""
[125.493s] Listing '/home/ubuntu/microros_ws/install/actionlib_msgs/local/lib/python3.10/dist-packages/actionlib_msgs'...
[125.494s] Compiling '/home/ubuntu/microros_ws/install/actionlib_msgs/local/lib/python3.10/dist-packages/actionlib_msgs/__init__.py'...
[125.495s] Listing '/home/ubuntu/microros_ws/install/actionlib_msgs/local/lib/python3.10/dist-packages/actionlib_msgs/msg'...
[125.618s] -- Installing: /home/ubuntu/microros_ws/install/actionlib_msgs/lib/libactionlib_msgs__rosidl_generator_py.so
[125.622s] -- Set runtime path of "/home/ubuntu/microros_ws/install/actionlib_msgs/lib/libactionlib_msgs__rosidl_generator_py.so" to ""
[125.624s] -- Up-to-date: /home/ubuntu/microros_ws/install/actionlib_msgs/share/actionlib_msgs/cmake/export_actionlib_msgs__rosidl_generator_cExport.cmake
[125.625s] -- Installing: /home/ubuntu/microros_ws/install/actionlib_msgs/share/actionlib_msgs/cmake/export_actionlib_msgs__rosidl_generator_cExport-release.cmake
[125.627s] -- Up-to-date: /home/ubuntu/microros_ws/install/actionlib_msgs/share/actionlib_msgs/cmake/export_actionlib_msgs__rosidl_typesupport_fastrtps_cExport.cmake
[125.636s] -- Installing: /home/ubuntu/microros_ws/install/actionlib_msgs/share/actionlib_msgs/cmake/export_actionlib_msgs__rosidl_typesupport_fastrtps_cExport-release.cmake
[125.637s] -- Up-to-date: /home/ubuntu/microros_ws/install/actionlib_msgs/share/actionlib_msgs/cmake/export_actionlib_msgs__rosidl_generator_cppExport.cmake
[125.664s] -- Up-to-date: /home/ubuntu/microros_ws/install/actionlib_msgs/share/actionlib_msgs/cmake/export_actionlib_msgs__rosidl_typesupport_fastrtps_cppExport.cmake
[125.665s] -- Installing: /home/ubuntu/microros_ws/install/actionlib_msgs/share/actionlib_msgs/cmake/export_actionlib_msgs__rosidl_typesupport_fastrtps_cppExport-release.cmake
[125.668s] -- Up-to-date: /home/ubuntu/microros_ws/install/actionlib_msgs/share/actionlib_msgs/cmake/actionlib_msgs__rosidl_typesupport_introspection_cExport.cmake
[125.669s] -- Installing: /home/ubuntu/microros_ws/install/actionlib_msgs/share/actionlib_msgs/cmake/actionlib_msgs__rosidl_typesupport_introspection_cExport-release.cmake
[125.671s] -- Up-to-date: /home/ubuntu/microros_ws/install/actionlib_msgs/share/actionlib_msgs/cmake/actionlib_msgs__rosidl_typesupport_cExport.cmake
[125.683s] -- Installing: /home/ubuntu/microros_ws/install/actionlib_msgs/share/actionlib_msgs/cmake/actionlib_msgs__rosidl_typesupport_cExport-release.cmake
[125.684s] -- Up-to-date: /home/ubuntu/microros_ws/install/actionlib_msgs/share/actionlib_msgs/cmake/actionlib_msgs__rosidl_typesupport_introspection_cppExport.cmake
[125.688s] -- Installing: /home/ubuntu/microros_ws/install/actionlib_msgs/share/actionlib_msgs/cmake/actionlib_msgs__rosidl_typesupport_introspection_cppExport-release.cmake
[125.701s] -- Up-to-date: /home/ubuntu/microros_ws/install/actionlib_msgs/share/actionlib_msgs/cmake/actionlib_msgs__rosidl_typesupport_cppExport.cmake
[125.702s] -- Installing: /home/ubuntu/microros_ws/install/actionlib_msgs/share/actionlib_msgs/cmake/actionlib_msgs__rosidl_typesupport_cppExport-release.cmake
[125.705s] -- Up-to-date: /home/ubuntu/microros_ws/install/actionlib_msgs/share/actionlib_msgs/cmake/export_actionlib_msgs__rosidl_generator_pyExport.cmake
[125.706s] -- Installing: /home/ubuntu/microros_ws/install/actionlib_msgs/share/actionlib_msgs/cmake/export_actionlib_msgs__rosidl_generator_pyExport-release.cmake
[125.747s] Invoked command in '/home/ubuntu/microros_ws/build/actionlib_msgs' returned '0': CMAKE_PREFIX_PATH=/home/ubuntu/microros_ws/install/std_msgs:/home/ubuntu/microros_ws/install/builtin_interfaces:/home/ubuntu/microros_ws/install/micro_ros_demos_rclc:/home/ubuntu/microros_ws/install/common_interfaces:/home/ubuntu/microros_ws/install/visualization_msgs:/home/ubuntu/microros_ws/install/test_msgs:/home/ubuntu/microros_ws/install/example_interfaces:/home/ubuntu/microros_ws/install/action_msgs:/home/ubuntu/microros_ws/install/unique_identifier_msgs:/home/ubuntu/microros_ws/install/trajectory_msgs:/home/ubuntu/microros_ws/install/stereo_msgs:/home/ubuntu/microros_ws/install/sensor_msgs_py:/opt/ros/humble:/home/ubuntu/microros_ws/install/rplidar_ros:/home/ubuntu/microros_ws/install/std_srvs:/home/ubuntu/microros_ws/install/shape_msgs:/home/ubuntu/microros_ws/install/sensor_msgs:/home/ubuntu/microros_ws/install/nav_msgs:/home/ubuntu/microros_ws/install/diagnostic_msgs:/home/ubuntu/microros_ws/install/geometry_msgs:/home/ubuntu/microros_ws/install/actionlib_msgs:/home/ubuntu/microros_ws/install/statistics_msgs:/home/ubuntu/microros_ws/install/rosidl_typesupport_microxrcedds_test_msg:/home/ubuntu/microros_ws/install/rosidl_typesupport_microxrcedds_cpp_tests:/home/ubuntu/microros_ws/install/rmw_microxrcedds:/home/ubuntu/microros_ws/install/rosidl_typesupport_microxrcedds_cpp:/home/ubuntu/microros_ws/install/rosidl_typesupport_microxrcedds_c_tests:/home/ubuntu/microros_ws/install/rosidl_typesupport_microxrcedds_c:/home/ubuntu/microros_ws/install/rosgraph_msgs:/home/ubuntu/microros_ws/install/rclc_parameter:/home/ubuntu/microros_ws/install/rclc:/home/ubuntu/microros_ws/install/composition_interfaces:/home/ubuntu/microros_ws/install/rcl_interfaces:/home/ubuntu/microros_ws/install/microxrcedds_client:/home/ubuntu/microros_ws/install/microcdr:/home/ubuntu/microros_ws/install/micro_ros_utilities:/home/ubuntu/microros_ws/install/micro_ros_setup:/home/ubuntu/microros_ws/install/micro_ros_agent:/home/ubuntu/microros_ws/install/micro_ros_msgs:/home/ubuntu/microros_ws/install/lifecycle_msgs:/home/ubuntu/microros_ws/install/complex_msgs LD_LIBRARY_PATH=/home/ubuntu/microros_ws/install/std_msgs/lib:/home/ubuntu/microros_ws/install/builtin_interfaces/lib:/home/ubuntu/microros_ws/install/visualization_msgs/lib:/home/ubuntu/microros_ws/install/test_msgs/lib:/home/ubuntu/microros_ws/install/example_interfaces/lib:/home/ubuntu/microros_ws/install/action_msgs/lib:/home/ubuntu/microros_ws/install/unique_identifier_msgs/lib:/home/ubuntu/microros_ws/install/trajectory_msgs/lib:/home/ubuntu/microros_ws/install/stereo_msgs/lib:/home/ubuntu/microros_ws/install/std_srvs/lib:/home/ubuntu/microros_ws/install/shape_msgs/lib:/home/ubuntu/microros_ws/install/sensor_msgs/lib:/home/ubuntu/microros_ws/install/nav_msgs/lib:/home/ubuntu/microros_ws/install/diagnostic_msgs/lib:/home/ubuntu/microros_ws/install/geometry_msgs/lib:/home/ubuntu/microros_ws/install/actionlib_msgs/lib:/home/ubuntu/microros_ws/install/statistics_msgs/lib:/home/ubuntu/microros_ws/install/rmw_microxrcedds/lib:/home/ubuntu/microros_ws/install/rosidl_typesupport_microxrcedds_cpp/lib:/home/ubuntu/microros_ws/install/rosidl_typesupport_microxrcedds_c/lib:/home/ubuntu/microros_ws/install/rosgraph_msgs/lib:/home/ubuntu/microros_ws/install/rclc_parameter/lib:/home/ubuntu/microros_ws/install/rclc/lib:/home/ubuntu/microros_ws/install/composition_interfaces/lib:/home/ubuntu/microros_ws/install/rcl_interfaces/lib:/home/ubuntu/microros_ws/install/microxrcedds_client/lib:/home/ubuntu/microros_ws/install/microcdr/lib:/home/ubuntu/microros_ws/install/micro_ros_utilities/lib:/home/ubuntu/microros_ws/install/micro_ros_agent/lib:/home/ubuntu/microros_ws/install/micro_ros_msgs/lib:/home/ubuntu/microros_ws/install/lifecycle_msgs/lib:/home/ubuntu/microros_ws/install/complex_msgs/lib:/opt/ros/humble/opt/rviz_ogre_vendor/lib:/opt/ros/humble/lib/aarch64-linux-gnu:/opt/ros/humble/lib /usr/bin/cmake --install /home/ubuntu/microros_ws/build/actionlib_msgs
