[0.119s] Invoking command in '/home/ubuntu/microros_ws/build/actionlib_msgs': AMENT_PREFIX_PATH=/home/ubuntu/microros_ws/install/std_msgs:/home/ubuntu/microros_ws/install/builtin_interfaces:${AMENT_PREFIX_PATH} CMAKE_PREFIX_PATH=/home/ubuntu/microros_ws/install/std_msgs:/home/ubuntu/microros_ws/install/builtin_interfaces:/opt/ros/humble LD_LIBRARY_PATH=/home/ubuntu/microros_ws/install/std_msgs/lib:/home/ubuntu/microros_ws/install/builtin_interfaces/lib:${LD_LIBRARY_PATH} PYTHONPATH=/home/ubuntu/microros_ws/install/std_msgs/local/lib/python3.10/dist-packages:/home/ubuntu/microros_ws/install/builtin_interfaces/local/lib/python3.10/dist-packages:${PYTHONPATH} /usr/bin/cmake --build /home/ubuntu/microros_ws/build/actionlib_msgs -- -j4 -l4
[0.404s] [  2%] Built target actionlib_msgs__cpp
[0.575s] [  2%] Built target ament_cmake_python_symlink_actionlib_msgs
[0.726s] [ 12%] Built target actionlib_msgs__rosidl_typesupport_fastrtps_cpp
[0.899s] [ 23%] Built target actionlib_msgs__rosidl_typesupport_introspection_cpp
[2.797s] running egg_info
[2.803s] writing actionlib_msgs.egg-info/PKG-INFO
[2.804s] writing dependency_links to actionlib_msgs.egg-info/dependency_links.txt
[2.806s] writing top-level names to actionlib_msgs.egg-info/top_level.txt
[2.823s] reading manifest file 'actionlib_msgs.egg-info/SOURCES.txt'
[2.838s] writing manifest file 'actionlib_msgs.egg-info/SOURCES.txt'
[3.016s] [ 23%] Built target ament_cmake_python_build_actionlib_msgs_egg
[3.094s] [35m[1mConsolidate compiler generated dependencies of target actionlib_msgs__rosidl_typesupport_cpp[0m
[3.168s] [ 34%] Built target actionlib_msgs__rosidl_typesupport_cpp
[3.287s] [ 44%] Built target actionlib_msgs__rosidl_generator_c
[3.411s] [ 55%] Built target actionlib_msgs__rosidl_typesupport_fastrtps_c
[3.479s] [35m[1mConsolidate compiler generated dependencies of target actionlib_msgs__rosidl_typesupport_c[0m
[3.583s] [ 65%] Built target actionlib_msgs__rosidl_typesupport_c
[3.714s] [ 76%] Built target actionlib_msgs__rosidl_typesupport_introspection_c
[3.828s] [ 76%] Built target actionlib_msgs
[3.966s] [ 78%] Built target actionlib_msgs__py
[4.102s] [ 87%] Built target actionlib_msgs__rosidl_generator_py
[4.263s] [ 91%] Built target actionlib_msgs__rosidl_typesupport_fastrtps_c__pyext
[4.394s] [ 95%] Built target actionlib_msgs__rosidl_typesupport_c__pyext
[4.525s] [100%] Built target actionlib_msgs__rosidl_typesupport_introspection_c__pyext
[4.699s] Invoked command in '/home/ubuntu/microros_ws/build/actionlib_msgs' returned '0': AMENT_PREFIX_PATH=/home/ubuntu/microros_ws/install/std_msgs:/home/ubuntu/microros_ws/install/builtin_interfaces:${AMENT_PREFIX_PATH} CMAKE_PREFIX_PATH=/home/ubuntu/microros_ws/install/std_msgs:/home/ubuntu/microros_ws/install/builtin_interfaces:/opt/ros/humble LD_LIBRARY_PATH=/home/ubuntu/microros_ws/install/std_msgs/lib:/home/ubuntu/microros_ws/install/builtin_interfaces/lib:${LD_LIBRARY_PATH} PYTHONPATH=/home/ubuntu/microros_ws/install/std_msgs/local/lib/python3.10/dist-packages:/home/ubuntu/microros_ws/install/builtin_interfaces/local/lib/python3.10/dist-packages:${PYTHONPATH} /usr/bin/cmake --build /home/ubuntu/microros_ws/build/actionlib_msgs -- -j4 -l4
[5.522s] Invoking command in '/home/ubuntu/microros_ws/build/actionlib_msgs': AMENT_PREFIX_PATH=/home/ubuntu/microros_ws/install/std_msgs:/home/ubuntu/microros_ws/install/builtin_interfaces:${AMENT_PREFIX_PATH} CMAKE_PREFIX_PATH=/home/ubuntu/microros_ws/install/std_msgs:/home/ubuntu/microros_ws/install/builtin_interfaces:/opt/ros/humble LD_LIBRARY_PATH=/home/ubuntu/microros_ws/install/std_msgs/lib:/home/ubuntu/microros_ws/install/builtin_interfaces/lib:${LD_LIBRARY_PATH} PYTHONPATH=/home/ubuntu/microros_ws/install/std_msgs/local/lib/python3.10/dist-packages:/home/ubuntu/microros_ws/install/builtin_interfaces/local/lib/python3.10/dist-packages:${PYTHONPATH} /usr/bin/cmake --install /home/ubuntu/microros_ws/build/actionlib_msgs
[5.565s] -- Install configuration: ""
[5.569s] -- Execute custom install script
[5.573s] -- Up-to-date symlink: /home/ubuntu/microros_ws/install/actionlib_msgs/share/ament_index/resource_index/rosidl_interfaces/actionlib_msgs
[5.578s] -- Up-to-date symlink: /home/ubuntu/microros_ws/install/actionlib_msgs/include/actionlib_msgs/actionlib_msgs/msg/detail/goal_id__functions.h
[5.580s] -- Up-to-date symlink: /home/ubuntu/microros_ws/install/actionlib_msgs/include/actionlib_msgs/actionlib_msgs/msg/detail/goal_id__struct.h
[5.583s] -- Up-to-date symlink: /home/ubuntu/microros_ws/install/actionlib_msgs/include/actionlib_msgs/actionlib_msgs/msg/detail/goal_id__type_support.h
[5.586s] -- Up-to-date symlink: /home/ubuntu/microros_ws/install/actionlib_msgs/include/actionlib_msgs/actionlib_msgs/msg/detail/goal_status__functions.h
[5.588s] -- Up-to-date symlink: /home/ubuntu/microros_ws/install/actionlib_msgs/include/actionlib_msgs/actionlib_msgs/msg/detail/goal_status__struct.h
[5.591s] -- Up-to-date symlink: /home/ubuntu/microros_ws/install/actionlib_msgs/include/actionlib_msgs/actionlib_msgs/msg/detail/goal_status__type_support.h
[5.593s] -- Up-to-date symlink: /home/ubuntu/microros_ws/install/actionlib_msgs/include/actionlib_msgs/actionlib_msgs/msg/detail/goal_status_array__functions.h
[5.598s] -- Up-to-date symlink: /home/ubuntu/microros_ws/install/actionlib_msgs/include/actionlib_msgs/actionlib_msgs/msg/detail/goal_status_array__struct.h
[5.602s] -- Up-to-date symlink: /home/ubuntu/microros_ws/install/actionlib_msgs/include/actionlib_msgs/actionlib_msgs/msg/detail/goal_status_array__type_support.h
[5.605s] -- Up-to-date symlink: /home/ubuntu/microros_ws/install/actionlib_msgs/include/actionlib_msgs/actionlib_msgs/msg/goal_id.h
[5.607s] -- Up-to-date symlink: /home/ubuntu/microros_ws/install/actionlib_msgs/include/actionlib_msgs/actionlib_msgs/msg/goal_status.h
[5.610s] -- Up-to-date symlink: /home/ubuntu/microros_ws/install/actionlib_msgs/include/actionlib_msgs/actionlib_msgs/msg/goal_status_array.h
[5.613s] -- Up-to-date symlink: /home/ubuntu/microros_ws/install/actionlib_msgs/include/actionlib_msgs/actionlib_msgs/msg/rosidl_generator_c__visibility_control.h
[5.614s] -- Up-to-date symlink: /home/ubuntu/microros_ws/install/actionlib_msgs/share/actionlib_msgs/environment/library_path.sh
[5.615s] -- Up-to-date symlink: /home/ubuntu/microros_ws/install/actionlib_msgs/share/actionlib_msgs/environment/library_path.dsv
[5.619s] -- Up-to-date symlink: /home/ubuntu/microros_ws/install/actionlib_msgs/include/actionlib_msgs/actionlib_msgs/msg/detail/goal_id__rosidl_typesupport_fastrtps_c.h
[5.620s] -- Up-to-date symlink: /home/ubuntu/microros_ws/install/actionlib_msgs/include/actionlib_msgs/actionlib_msgs/msg/detail/goal_status__rosidl_typesupport_fastrtps_c.h
[5.622s] -- Up-to-date symlink: /home/ubuntu/microros_ws/install/actionlib_msgs/include/actionlib_msgs/actionlib_msgs/msg/detail/goal_status_array__rosidl_typesupport_fastrtps_c.h
[5.622s] -- Up-to-date symlink: /home/ubuntu/microros_ws/install/actionlib_msgs/include/actionlib_msgs/actionlib_msgs/msg/rosidl_typesupport_fastrtps_c__visibility_control.h
[5.626s] -- Up-to-date symlink: /home/ubuntu/microros_ws/install/actionlib_msgs/include/actionlib_msgs/actionlib_msgs/msg/detail/goal_id__builder.hpp
[5.627s] -- Up-to-date symlink: /home/ubuntu/microros_ws/install/actionlib_msgs/include/actionlib_msgs/actionlib_msgs/msg/detail/goal_id__struct.hpp
[5.629s] -- Up-to-date symlink: /home/ubuntu/microros_ws/install/actionlib_msgs/include/actionlib_msgs/actionlib_msgs/msg/detail/goal_id__traits.hpp
[5.642s] -- Up-to-date symlink: /home/ubuntu/microros_ws/install/actionlib_msgs/include/actionlib_msgs/actionlib_msgs/msg/detail/goal_status__builder.hpp
[5.643s] -- Up-to-date symlink: /home/ubuntu/microros_ws/install/actionlib_msgs/include/actionlib_msgs/actionlib_msgs/msg/detail/goal_status__struct.hpp
[5.643s] -- Up-to-date symlink: /home/ubuntu/microros_ws/install/actionlib_msgs/include/actionlib_msgs/actionlib_msgs/msg/detail/goal_status__traits.hpp
[5.644s] -- Up-to-date symlink: /home/ubuntu/microros_ws/install/actionlib_msgs/include/actionlib_msgs/actionlib_msgs/msg/detail/goal_status_array__builder.hpp
[5.645s] -- Up-to-date symlink: /home/ubuntu/microros_ws/install/actionlib_msgs/include/actionlib_msgs/actionlib_msgs/msg/detail/goal_status_array__struct.hpp
[5.669s] -- Up-to-date symlink: /home/ubuntu/microros_ws/install/actionlib_msgs/include/actionlib_msgs/actionlib_msgs/msg/detail/goal_status_array__traits.hpp
[5.672s] -- Up-to-date symlink: /home/ubuntu/microros_ws/install/actionlib_msgs/include/actionlib_msgs/actionlib_msgs/msg/goal_id.hpp
[5.673s] -- Up-to-date symlink: /home/ubuntu/microros_ws/install/actionlib_msgs/include/actionlib_msgs/actionlib_msgs/msg/goal_status.hpp
[5.674s] -- Up-to-date symlink: /home/ubuntu/microros_ws/install/actionlib_msgs/include/actionlib_msgs/actionlib_msgs/msg/goal_status_array.hpp
[5.675s] -- Up-to-date symlink: /home/ubuntu/microros_ws/install/actionlib_msgs/include/actionlib_msgs/actionlib_msgs/msg/detail/goal_id__rosidl_typesupport_fastrtps_cpp.hpp
[5.675s] -- Up-to-date symlink: /home/ubuntu/microros_ws/install/actionlib_msgs/include/actionlib_msgs/actionlib_msgs/msg/detail/goal_status__rosidl_typesupport_fastrtps_cpp.hpp
[5.676s] -- Up-to-date symlink: /home/ubuntu/microros_ws/install/actionlib_msgs/include/actionlib_msgs/actionlib_msgs/msg/detail/goal_status_array__rosidl_typesupport_fastrtps_cpp.hpp
[5.677s] -- Up-to-date symlink: /home/ubuntu/microros_ws/install/actionlib_msgs/include/actionlib_msgs/actionlib_msgs/msg/rosidl_typesupport_fastrtps_cpp__visibility_control.h
[5.678s] -- Up-to-date symlink: /home/ubuntu/microros_ws/install/actionlib_msgs/include/actionlib_msgs/actionlib_msgs/msg/detail/goal_id__rosidl_typesupport_introspection_c.h
[5.679s] -- Up-to-date symlink: /home/ubuntu/microros_ws/install/actionlib_msgs/include/actionlib_msgs/actionlib_msgs/msg/detail/goal_status__rosidl_typesupport_introspection_c.h
[5.679s] -- Up-to-date symlink: /home/ubuntu/microros_ws/install/actionlib_msgs/include/actionlib_msgs/actionlib_msgs/msg/detail/goal_status_array__rosidl_typesupport_introspection_c.h
[5.680s] -- Up-to-date symlink: /home/ubuntu/microros_ws/install/actionlib_msgs/include/actionlib_msgs/actionlib_msgs/msg/rosidl_typesupport_introspection_c__visibility_control.h
[5.681s] -- Up-to-date symlink: /home/ubuntu/microros_ws/install/actionlib_msgs/include/actionlib_msgs/actionlib_msgs/msg/detail/goal_id__rosidl_typesupport_introspection_cpp.hpp
[5.681s] -- Up-to-date symlink: /home/ubuntu/microros_ws/install/actionlib_msgs/include/actionlib_msgs/actionlib_msgs/msg/detail/goal_status__rosidl_typesupport_introspection_cpp.hpp
[5.682s] -- Up-to-date symlink: /home/ubuntu/microros_ws/install/actionlib_msgs/include/actionlib_msgs/actionlib_msgs/msg/detail/goal_status_array__rosidl_typesupport_introspection_cpp.hpp
[5.683s] -- Up-to-date symlink: /home/ubuntu/microros_ws/install/actionlib_msgs/share/actionlib_msgs/environment/pythonpath.sh
[5.683s] -- Up-to-date symlink: /home/ubuntu/microros_ws/install/actionlib_msgs/share/actionlib_msgs/environment/pythonpath.dsv
[5.683s] -- Up-to-date symlink: /home/ubuntu/microros_ws/install/actionlib_msgs/local/lib/python3.10/dist-packages/actionlib_msgs-4.2.4-py3.10.egg-info/PKG-INFO
[5.684s] -- Up-to-date symlink: /home/ubuntu/microros_ws/install/actionlib_msgs/local/lib/python3.10/dist-packages/actionlib_msgs-4.2.4-py3.10.egg-info/SOURCES.txt
[5.684s] -- Up-to-date symlink: /home/ubuntu/microros_ws/install/actionlib_msgs/local/lib/python3.10/dist-packages/actionlib_msgs-4.2.4-py3.10.egg-info/dependency_links.txt
[5.686s] -- Up-to-date symlink: /home/ubuntu/microros_ws/install/actionlib_msgs/local/lib/python3.10/dist-packages/actionlib_msgs-4.2.4-py3.10.egg-info/top_level.txt
[5.688s] -- Up-to-date symlink: /home/ubuntu/microros_ws/install/actionlib_msgs/local/lib/python3.10/dist-packages/actionlib_msgs/__init__.py
[5.689s] -- Up-to-date symlink: /home/ubuntu/microros_ws/install/actionlib_msgs/local/lib/python3.10/dist-packages/actionlib_msgs/_actionlib_msgs_s.ep.rosidl_typesupport_c.c
[5.690s] -- Up-to-date symlink: /home/ubuntu/microros_ws/install/actionlib_msgs/local/lib/python3.10/dist-packages/actionlib_msgs/_actionlib_msgs_s.ep.rosidl_typesupport_fastrtps_c.c
[5.692s] -- Up-to-date symlink: /home/ubuntu/microros_ws/install/actionlib_msgs/local/lib/python3.10/dist-packages/actionlib_msgs/_actionlib_msgs_s.ep.rosidl_typesupport_introspection_c.c
[5.694s] -- Up-to-date symlink: /home/ubuntu/microros_ws/install/actionlib_msgs/local/lib/python3.10/dist-packages/actionlib_msgs/_actionlib_msgs_s.ep.rosidl_typesupport_microxrcedds_c.c
[5.695s] -- Up-to-date symlink: /home/ubuntu/microros_ws/install/actionlib_msgs/local/lib/python3.10/dist-packages/actionlib_msgs/actionlib_msgs_s__rosidl_typesupport_c.cpython-310-aarch64-linux-gnu.so
[5.697s] -- Up-to-date symlink: /home/ubuntu/microros_ws/install/actionlib_msgs/local/lib/python3.10/dist-packages/actionlib_msgs/actionlib_msgs_s__rosidl_typesupport_fastrtps_c.cpython-310-aarch64-linux-gnu.so
[5.698s] -- Up-to-date symlink: /home/ubuntu/microros_ws/install/actionlib_msgs/local/lib/python3.10/dist-packages/actionlib_msgs/actionlib_msgs_s__rosidl_typesupport_introspection_c.cpython-310-aarch64-linux-gnu.so
[5.698s] -- Up-to-date symlink: /home/ubuntu/microros_ws/install/actionlib_msgs/local/lib/python3.10/dist-packages/actionlib_msgs/actionlib_msgs_s__rosidl_typesupport_microxrcedds_c.cpython-310-aarch64-linux-gnu.so
[5.700s] -- Up-to-date symlink: /home/ubuntu/microros_ws/install/actionlib_msgs/local/lib/python3.10/dist-packages/actionlib_msgs/libactionlib_msgs__rosidl_generator_py.so
[5.702s] -- Up-to-date symlink: /home/ubuntu/microros_ws/install/actionlib_msgs/local/lib/python3.10/dist-packages/actionlib_msgs/msg/__init__.py
[5.704s] -- Up-to-date symlink: /home/ubuntu/microros_ws/install/actionlib_msgs/local/lib/python3.10/dist-packages/actionlib_msgs/msg/_goal_id.py
[5.704s] -- Up-to-date symlink: /home/ubuntu/microros_ws/install/actionlib_msgs/local/lib/python3.10/dist-packages/actionlib_msgs/msg/_goal_id_s.c
[5.706s] -- Up-to-date symlink: /home/ubuntu/microros_ws/install/actionlib_msgs/local/lib/python3.10/dist-packages/actionlib_msgs/msg/_goal_status.py
[5.706s] -- Up-to-date symlink: /home/ubuntu/microros_ws/install/actionlib_msgs/local/lib/python3.10/dist-packages/actionlib_msgs/msg/_goal_status_array.py
[5.707s] -- Up-to-date symlink: /home/ubuntu/microros_ws/install/actionlib_msgs/local/lib/python3.10/dist-packages/actionlib_msgs/msg/_goal_status_array_s.c
[5.708s] -- Up-to-date symlink: /home/ubuntu/microros_ws/install/actionlib_msgs/local/lib/python3.10/dist-packages/actionlib_msgs/msg/_goal_status_s.c
[5.712s] -- Up-to-date symlink: /home/ubuntu/microros_ws/install/actionlib_msgs/local/lib/python3.10/dist-packages/actionlib_msgs/actionlib_msgs_s__rosidl_typesupport_fastrtps_c.cpython-310-aarch64-linux-gnu.so
[5.713s] -- Up-to-date symlink: /home/ubuntu/microros_ws/install/actionlib_msgs/local/lib/python3.10/dist-packages/actionlib_msgs/actionlib_msgs_s__rosidl_typesupport_introspection_c.cpython-310-aarch64-linux-gnu.so
[5.715s] -- Up-to-date symlink: /home/ubuntu/microros_ws/install/actionlib_msgs/local/lib/python3.10/dist-packages/actionlib_msgs/actionlib_msgs_s__rosidl_typesupport_c.cpython-310-aarch64-linux-gnu.so
[5.716s] -- Up-to-date symlink: /home/ubuntu/microros_ws/install/actionlib_msgs/share/actionlib_msgs/msg/GoalID.idl
[5.717s] -- Up-to-date symlink: /home/ubuntu/microros_ws/install/actionlib_msgs/share/actionlib_msgs/msg/GoalStatus.idl
[5.718s] -- Up-to-date symlink: /home/ubuntu/microros_ws/install/actionlib_msgs/share/actionlib_msgs/msg/GoalStatusArray.idl
[5.720s] -- Up-to-date symlink: /home/ubuntu/microros_ws/install/actionlib_msgs/share/actionlib_msgs/msg/GoalID.msg
[5.721s] -- Up-to-date symlink: /home/ubuntu/microros_ws/install/actionlib_msgs/share/actionlib_msgs/msg/GoalStatus.msg
[5.722s] -- Up-to-date symlink: /home/ubuntu/microros_ws/install/actionlib_msgs/share/actionlib_msgs/msg/GoalStatusArray.msg
[5.724s] -- Up-to-date symlink: /home/ubuntu/microros_ws/install/actionlib_msgs/share/ament_index/resource_index/package_run_dependencies/actionlib_msgs
[5.727s] -- Up-to-date symlink: /home/ubuntu/microros_ws/install/actionlib_msgs/share/ament_index/resource_index/parent_prefix_path/actionlib_msgs
[5.730s] -- Up-to-date symlink: /home/ubuntu/microros_ws/install/actionlib_msgs/share/actionlib_msgs/environment/ament_prefix_path.sh
[5.731s] -- Up-to-date symlink: /home/ubuntu/microros_ws/install/actionlib_msgs/share/actionlib_msgs/environment/ament_prefix_path.dsv
[5.731s] -- Up-to-date symlink: /home/ubuntu/microros_ws/install/actionlib_msgs/share/actionlib_msgs/environment/path.sh
[5.732s] -- Up-to-date symlink: /home/ubuntu/microros_ws/install/actionlib_msgs/share/actionlib_msgs/environment/path.dsv
[5.733s] -- Up-to-date symlink: /home/ubuntu/microros_ws/install/actionlib_msgs/share/actionlib_msgs/local_setup.bash
[5.734s] -- Up-to-date symlink: /home/ubuntu/microros_ws/install/actionlib_msgs/share/actionlib_msgs/local_setup.sh
[5.735s] -- Up-to-date symlink: /home/ubuntu/microros_ws/install/actionlib_msgs/share/actionlib_msgs/local_setup.zsh
[5.736s] -- Up-to-date symlink: /home/ubuntu/microros_ws/install/actionlib_msgs/share/actionlib_msgs/local_setup.dsv
[5.741s] -- Symlinking: /home/ubuntu/microros_ws/install/actionlib_msgs/share/actionlib_msgs/package.dsv
[5.785s] -- Up-to-date symlink: /home/ubuntu/microros_ws/install/actionlib_msgs/share/ament_index/resource_index/packages/actionlib_msgs
[5.786s] -- Up-to-date symlink: /home/ubuntu/microros_ws/install/actionlib_msgs/share/actionlib_msgs/cmake/rosidl_cmake-extras.cmake
[5.787s] -- Up-to-date symlink: /home/ubuntu/microros_ws/install/actionlib_msgs/share/actionlib_msgs/cmake/ament_cmake_export_dependencies-extras.cmake
[5.789s] -- Up-to-date symlink: /home/ubuntu/microros_ws/install/actionlib_msgs/share/actionlib_msgs/cmake/ament_cmake_export_include_directories-extras.cmake
[5.791s] -- Up-to-date symlink: /home/ubuntu/microros_ws/install/actionlib_msgs/share/actionlib_msgs/cmake/ament_cmake_export_libraries-extras.cmake
[5.792s] -- Up-to-date symlink: /home/ubuntu/microros_ws/install/actionlib_msgs/share/actionlib_msgs/cmake/ament_cmake_export_targets-extras.cmake
[5.794s] -- Up-to-date symlink: /home/ubuntu/microros_ws/install/actionlib_msgs/share/actionlib_msgs/cmake/rosidl_cmake_export_typesupport_targets-extras.cmake
[5.796s] -- Up-to-date symlink: /home/ubuntu/microros_ws/install/actionlib_msgs/share/actionlib_msgs/cmake/rosidl_cmake_export_typesupport_libraries-extras.cmake
[5.799s] -- Up-to-date symlink: /home/ubuntu/microros_ws/install/actionlib_msgs/share/actionlib_msgs/cmake/actionlib_msgsConfig.cmake
[5.800s] -- Up-to-date symlink: /home/ubuntu/microros_ws/install/actionlib_msgs/share/actionlib_msgs/cmake/actionlib_msgsConfig-version.cmake
[5.801s] -- Up-to-date symlink: /home/ubuntu/microros_ws/install/actionlib_msgs/share/actionlib_msgs/package.xml
[5.803s] -- Up-to-date: /home/ubuntu/microros_ws/install/actionlib_msgs/lib/libactionlib_msgs__rosidl_generator_c.so
[5.806s] -- Up-to-date: /home/ubuntu/microros_ws/install/actionlib_msgs/lib/libactionlib_msgs__rosidl_typesupport_fastrtps_c.so
[5.809s] -- Up-to-date: /home/ubuntu/microros_ws/install/actionlib_msgs/lib/libactionlib_msgs__rosidl_typesupport_fastrtps_cpp.so
[5.812s] -- Up-to-date: /home/ubuntu/microros_ws/install/actionlib_msgs/lib/libactionlib_msgs__rosidl_typesupport_introspection_c.so
[5.815s] -- Up-to-date: /home/ubuntu/microros_ws/install/actionlib_msgs/lib/libactionlib_msgs__rosidl_typesupport_c.so
[5.817s] -- Up-to-date: /home/ubuntu/microros_ws/install/actionlib_msgs/lib/libactionlib_msgs__rosidl_typesupport_introspection_cpp.so
[5.820s] -- Up-to-date: /home/ubuntu/microros_ws/install/actionlib_msgs/lib/libactionlib_msgs__rosidl_typesupport_cpp.so
[6.029s] Listing '/home/ubuntu/microros_ws/install/actionlib_msgs/local/lib/python3.10/dist-packages/actionlib_msgs'...
[6.030s] Listing '/home/ubuntu/microros_ws/install/actionlib_msgs/local/lib/python3.10/dist-packages/actionlib_msgs/msg'...
[6.070s] -- Up-to-date: /home/ubuntu/microros_ws/install/actionlib_msgs/lib/libactionlib_msgs__rosidl_generator_py.so
[6.071s] -- Up-to-date: /home/ubuntu/microros_ws/install/actionlib_msgs/share/actionlib_msgs/cmake/export_actionlib_msgs__rosidl_generator_cExport.cmake
[6.071s] -- Up-to-date: /home/ubuntu/microros_ws/install/actionlib_msgs/share/actionlib_msgs/cmake/export_actionlib_msgs__rosidl_generator_cExport-noconfig.cmake
[6.072s] -- Up-to-date: /home/ubuntu/microros_ws/install/actionlib_msgs/share/actionlib_msgs/cmake/export_actionlib_msgs__rosidl_typesupport_fastrtps_cExport.cmake
[6.073s] -- Up-to-date: /home/ubuntu/microros_ws/install/actionlib_msgs/share/actionlib_msgs/cmake/export_actionlib_msgs__rosidl_typesupport_fastrtps_cExport-noconfig.cmake
[6.074s] -- Up-to-date: /home/ubuntu/microros_ws/install/actionlib_msgs/share/actionlib_msgs/cmake/export_actionlib_msgs__rosidl_generator_cppExport.cmake
[6.075s] -- Up-to-date: /home/ubuntu/microros_ws/install/actionlib_msgs/share/actionlib_msgs/cmake/export_actionlib_msgs__rosidl_typesupport_fastrtps_cppExport.cmake
[6.077s] -- Up-to-date: /home/ubuntu/microros_ws/install/actionlib_msgs/share/actionlib_msgs/cmake/export_actionlib_msgs__rosidl_typesupport_fastrtps_cppExport-noconfig.cmake
[6.078s] -- Up-to-date: /home/ubuntu/microros_ws/install/actionlib_msgs/share/actionlib_msgs/cmake/actionlib_msgs__rosidl_typesupport_introspection_cExport.cmake
[6.079s] -- Up-to-date: /home/ubuntu/microros_ws/install/actionlib_msgs/share/actionlib_msgs/cmake/actionlib_msgs__rosidl_typesupport_introspection_cExport-noconfig.cmake
[6.080s] -- Up-to-date: /home/ubuntu/microros_ws/install/actionlib_msgs/share/actionlib_msgs/cmake/actionlib_msgs__rosidl_typesupport_cExport.cmake
[6.082s] -- Up-to-date: /home/ubuntu/microros_ws/install/actionlib_msgs/share/actionlib_msgs/cmake/actionlib_msgs__rosidl_typesupport_cExport-noconfig.cmake
[6.084s] -- Up-to-date: /home/ubuntu/microros_ws/install/actionlib_msgs/share/actionlib_msgs/cmake/actionlib_msgs__rosidl_typesupport_introspection_cppExport.cmake
[6.085s] -- Up-to-date: /home/ubuntu/microros_ws/install/actionlib_msgs/share/actionlib_msgs/cmake/actionlib_msgs__rosidl_typesupport_introspection_cppExport-noconfig.cmake
[6.086s] -- Up-to-date: /home/ubuntu/microros_ws/install/actionlib_msgs/share/actionlib_msgs/cmake/actionlib_msgs__rosidl_typesupport_cppExport.cmake
[6.087s] -- Up-to-date: /home/ubuntu/microros_ws/install/actionlib_msgs/share/actionlib_msgs/cmake/actionlib_msgs__rosidl_typesupport_cppExport-noconfig.cmake
[6.088s] -- Up-to-date: /home/ubuntu/microros_ws/install/actionlib_msgs/share/actionlib_msgs/cmake/export_actionlib_msgs__rosidl_generator_pyExport.cmake
[6.088s] -- Up-to-date: /home/ubuntu/microros_ws/install/actionlib_msgs/share/actionlib_msgs/cmake/export_actionlib_msgs__rosidl_generator_pyExport-noconfig.cmake
[6.114s] Invoked command in '/home/ubuntu/microros_ws/build/actionlib_msgs' returned '0': AMENT_PREFIX_PATH=/home/ubuntu/microros_ws/install/std_msgs:/home/ubuntu/microros_ws/install/builtin_interfaces:${AMENT_PREFIX_PATH} CMAKE_PREFIX_PATH=/home/ubuntu/microros_ws/install/std_msgs:/home/ubuntu/microros_ws/install/builtin_interfaces:/opt/ros/humble LD_LIBRARY_PATH=/home/ubuntu/microros_ws/install/std_msgs/lib:/home/ubuntu/microros_ws/install/builtin_interfaces/lib:${LD_LIBRARY_PATH} PYTHONPATH=/home/ubuntu/microros_ws/install/std_msgs/local/lib/python3.10/dist-packages:/home/ubuntu/microros_ws/install/builtin_interfaces/local/lib/python3.10/dist-packages:${PYTHONPATH} /usr/bin/cmake --install /home/ubuntu/microros_ws/build/actionlib_msgs
