[0.082s] Invoking command in '/home/ubuntu/microros_ws/build/std_msgs': AMENT_PREFIX_PATH=/home/ubuntu/microros_ws/install/builtin_interfaces:${AMENT_PREFIX_PATH} CMAKE_PREFIX_PATH=/home/ubuntu/microros_ws/install/builtin_interfaces:/opt/ros/humble LD_LIBRARY_PATH=/home/ubuntu/microros_ws/install/builtin_interfaces/lib:${LD_LIBRARY_PATH} PYTHONPATH=/home/ubuntu/microros_ws/install/builtin_interfaces/local/lib/python3.10/dist-packages:${PYTHONPATH} /usr/bin/cmake --build /home/ubuntu/microros_ws/build/std_msgs -- -j4 -l4
[0.490s] [  0%] Built target std_msgs__cpp
[0.502s] [ 12%] Built target std_msgs__rosidl_generator_c
[0.570s] [ 12%] Built target ament_cmake_python_symlink_std_msgs
[0.788s] [ 25%] Built target std_msgs__rosidl_typesupport_introspection_c
[0.807s] [ 37%] Built target std_msgs__rosidl_typesupport_c
[0.850s] [ 49%] Built target std_msgs__rosidl_typesupport_fastrtps_c
[1.137s] [ 61%] Built target std_msgs__rosidl_typesupport_cpp
[1.174s] [ 74%] Built target std_msgs__rosidl_typesupport_introspection_cpp
[1.470s] [ 86%] Built target std_msgs__rosidl_typesupport_fastrtps_cpp
[1.710s] [ 86%] Built target std_msgs
[2.050s] [ 86%] Built target std_msgs__py
[2.511s] [ 98%] Built target std_msgs__rosidl_generator_py
[2.779s] [ 99%] Built target std_msgs__rosidl_typesupport_fastrtps_c__pyext
[2.881s] [ 99%] Built target std_msgs__rosidl_typesupport_introspection_c__pyext
[3.080s] [100%] Built target std_msgs__rosidl_typesupport_c__pyext
[4.450s] running egg_info
[4.456s] writing std_msgs.egg-info/PKG-INFO
[4.457s] writing dependency_links to std_msgs.egg-info/dependency_links.txt
[4.458s] writing top-level names to std_msgs.egg-info/top_level.txt
[4.477s] reading manifest file 'std_msgs.egg-info/SOURCES.txt'
[4.484s] writing manifest file 'std_msgs.egg-info/SOURCES.txt'
[4.734s] [100%] Built target ament_cmake_python_build_std_msgs_egg
[4.810s] Invoked command in '/home/ubuntu/microros_ws/build/std_msgs' returned '0': AMENT_PREFIX_PATH=/home/ubuntu/microros_ws/install/builtin_interfaces:${AMENT_PREFIX_PATH} CMAKE_PREFIX_PATH=/home/ubuntu/microros_ws/install/builtin_interfaces:/opt/ros/humble LD_LIBRARY_PATH=/home/ubuntu/microros_ws/install/builtin_interfaces/lib:${LD_LIBRARY_PATH} PYTHONPATH=/home/ubuntu/microros_ws/install/builtin_interfaces/local/lib/python3.10/dist-packages:${PYTHONPATH} /usr/bin/cmake --build /home/ubuntu/microros_ws/build/std_msgs -- -j4 -l4
[11.067s] Invoking command in '/home/ubuntu/microros_ws/build/std_msgs': AMENT_PREFIX_PATH=/home/ubuntu/microros_ws/install/builtin_interfaces:${AMENT_PREFIX_PATH} CMAKE_PREFIX_PATH=/home/ubuntu/microros_ws/install/builtin_interfaces:/opt/ros/humble LD_LIBRARY_PATH=/home/ubuntu/microros_ws/install/builtin_interfaces/lib:${LD_LIBRARY_PATH} PYTHONPATH=/home/ubuntu/microros_ws/install/builtin_interfaces/local/lib/python3.10/dist-packages:${PYTHONPATH} /usr/bin/cmake --install /home/ubuntu/microros_ws/build/std_msgs
[11.126s] -- Install configuration: ""
[11.131s] -- Execute custom install script
[11.133s] -- Up-to-date symlink: /home/ubuntu/microros_ws/install/std_msgs/share/ament_index/resource_index/rosidl_interfaces/std_msgs
[11.147s] -- Up-to-date symlink: /home/ubuntu/microros_ws/install/std_msgs/include/std_msgs/std_msgs/msg/bool.h
[11.149s] -- Up-to-date symlink: /home/ubuntu/microros_ws/install/std_msgs/include/std_msgs/std_msgs/msg/byte.h
[11.189s] -- Up-to-date symlink: /home/ubuntu/microros_ws/install/std_msgs/include/std_msgs/std_msgs/msg/byte_multi_array.h
[11.190s] -- Up-to-date symlink: /home/ubuntu/microros_ws/install/std_msgs/include/std_msgs/std_msgs/msg/char.h
[11.193s] -- Up-to-date symlink: /home/ubuntu/microros_ws/install/std_msgs/include/std_msgs/std_msgs/msg/color_rgba.h
[11.195s] -- Up-to-date symlink: /home/ubuntu/microros_ws/install/std_msgs/include/std_msgs/std_msgs/msg/detail/bool__functions.h
[11.197s] -- Up-to-date symlink: /home/ubuntu/microros_ws/install/std_msgs/include/std_msgs/std_msgs/msg/detail/bool__struct.h
[11.199s] -- Up-to-date symlink: /home/ubuntu/microros_ws/install/std_msgs/include/std_msgs/std_msgs/msg/detail/bool__type_support.h
[11.201s] -- Up-to-date symlink: /home/ubuntu/microros_ws/install/std_msgs/include/std_msgs/std_msgs/msg/detail/byte__functions.h
[11.203s] -- Up-to-date symlink: /home/ubuntu/microros_ws/install/std_msgs/include/std_msgs/std_msgs/msg/detail/byte__struct.h
[11.205s] -- Up-to-date symlink: /home/ubuntu/microros_ws/install/std_msgs/include/std_msgs/std_msgs/msg/detail/byte__type_support.h
[11.207s] -- Up-to-date symlink: /home/ubuntu/microros_ws/install/std_msgs/include/std_msgs/std_msgs/msg/detail/byte_multi_array__functions.h
[11.210s] -- Up-to-date symlink: /home/ubuntu/microros_ws/install/std_msgs/include/std_msgs/std_msgs/msg/detail/byte_multi_array__struct.h
[11.212s] -- Up-to-date symlink: /home/ubuntu/microros_ws/install/std_msgs/include/std_msgs/std_msgs/msg/detail/byte_multi_array__type_support.h
[11.214s] -- Up-to-date symlink: /home/ubuntu/microros_ws/install/std_msgs/include/std_msgs/std_msgs/msg/detail/char__functions.h
[11.216s] -- Up-to-date symlink: /home/ubuntu/microros_ws/install/std_msgs/include/std_msgs/std_msgs/msg/detail/char__struct.h
[11.218s] -- Up-to-date symlink: /home/ubuntu/microros_ws/install/std_msgs/include/std_msgs/std_msgs/msg/detail/char__type_support.h
[11.220s] -- Up-to-date symlink: /home/ubuntu/microros_ws/install/std_msgs/include/std_msgs/std_msgs/msg/detail/color_rgba__functions.h
[11.221s] -- Up-to-date symlink: /home/ubuntu/microros_ws/install/std_msgs/include/std_msgs/std_msgs/msg/detail/color_rgba__struct.h
[11.224s] -- Up-to-date symlink: /home/ubuntu/microros_ws/install/std_msgs/include/std_msgs/std_msgs/msg/detail/color_rgba__type_support.h
[11.226s] -- Up-to-date symlink: /home/ubuntu/microros_ws/install/std_msgs/include/std_msgs/std_msgs/msg/detail/empty__functions.h
[11.228s] -- Up-to-date symlink: /home/ubuntu/microros_ws/install/std_msgs/include/std_msgs/std_msgs/msg/detail/empty__struct.h
[11.230s] -- Up-to-date symlink: /home/ubuntu/microros_ws/install/std_msgs/include/std_msgs/std_msgs/msg/detail/empty__type_support.h
[11.232s] -- Up-to-date symlink: /home/ubuntu/microros_ws/install/std_msgs/include/std_msgs/std_msgs/msg/detail/float32__functions.h
[11.234s] -- Up-to-date symlink: /home/ubuntu/microros_ws/install/std_msgs/include/std_msgs/std_msgs/msg/detail/float32__struct.h
[11.236s] -- Up-to-date symlink: /home/ubuntu/microros_ws/install/std_msgs/include/std_msgs/std_msgs/msg/detail/float32__type_support.h
[11.238s] -- Up-to-date symlink: /home/ubuntu/microros_ws/install/std_msgs/include/std_msgs/std_msgs/msg/detail/float32_multi_array__functions.h
[11.240s] -- Up-to-date symlink: /home/ubuntu/microros_ws/install/std_msgs/include/std_msgs/std_msgs/msg/detail/float32_multi_array__struct.h
[11.242s] -- Up-to-date symlink: /home/ubuntu/microros_ws/install/std_msgs/include/std_msgs/std_msgs/msg/detail/float32_multi_array__type_support.h
[11.245s] -- Up-to-date symlink: /home/ubuntu/microros_ws/install/std_msgs/include/std_msgs/std_msgs/msg/detail/float64__functions.h
[11.247s] -- Up-to-date symlink: /home/ubuntu/microros_ws/install/std_msgs/include/std_msgs/std_msgs/msg/detail/float64__struct.h
[11.249s] -- Up-to-date symlink: /home/ubuntu/microros_ws/install/std_msgs/include/std_msgs/std_msgs/msg/detail/float64__type_support.h
[11.288s] -- Up-to-date symlink: /home/ubuntu/microros_ws/install/std_msgs/include/std_msgs/std_msgs/msg/detail/float64_multi_array__functions.h
[11.289s] -- Up-to-date symlink: /home/ubuntu/microros_ws/install/std_msgs/include/std_msgs/std_msgs/msg/detail/float64_multi_array__struct.h
[11.290s] -- Up-to-date symlink: /home/ubuntu/microros_ws/install/std_msgs/include/std_msgs/std_msgs/msg/detail/float64_multi_array__type_support.h
[11.291s] -- Up-to-date symlink: /home/ubuntu/microros_ws/install/std_msgs/include/std_msgs/std_msgs/msg/detail/header__functions.h
[11.292s] -- Up-to-date symlink: /home/ubuntu/microros_ws/install/std_msgs/include/std_msgs/std_msgs/msg/detail/header__struct.h
[11.293s] -- Up-to-date symlink: /home/ubuntu/microros_ws/install/std_msgs/include/std_msgs/std_msgs/msg/detail/header__type_support.h
[11.294s] -- Up-to-date symlink: /home/ubuntu/microros_ws/install/std_msgs/include/std_msgs/std_msgs/msg/detail/int16__functions.h
[11.295s] -- Up-to-date symlink: /home/ubuntu/microros_ws/install/std_msgs/include/std_msgs/std_msgs/msg/detail/int16__struct.h
[11.297s] -- Up-to-date symlink: /home/ubuntu/microros_ws/install/std_msgs/include/std_msgs/std_msgs/msg/detail/int16__type_support.h
[11.298s] -- Up-to-date symlink: /home/ubuntu/microros_ws/install/std_msgs/include/std_msgs/std_msgs/msg/detail/int16_multi_array__functions.h
[11.299s] -- Up-to-date symlink: /home/ubuntu/microros_ws/install/std_msgs/include/std_msgs/std_msgs/msg/detail/int16_multi_array__struct.h
[11.300s] -- Up-to-date symlink: /home/ubuntu/microros_ws/install/std_msgs/include/std_msgs/std_msgs/msg/detail/int16_multi_array__type_support.h
[11.302s] -- Up-to-date symlink: /home/ubuntu/microros_ws/install/std_msgs/include/std_msgs/std_msgs/msg/detail/int32__functions.h
[11.306s] -- Up-to-date symlink: /home/ubuntu/microros_ws/install/std_msgs/include/std_msgs/std_msgs/msg/detail/int32__struct.h
[11.310s] -- Up-to-date symlink: /home/ubuntu/microros_ws/install/std_msgs/include/std_msgs/std_msgs/msg/detail/int32__type_support.h
[11.312s] -- Up-to-date symlink: /home/ubuntu/microros_ws/install/std_msgs/include/std_msgs/std_msgs/msg/detail/int32_multi_array__functions.h
[11.314s] -- Up-to-date symlink: /home/ubuntu/microros_ws/install/std_msgs/include/std_msgs/std_msgs/msg/detail/int32_multi_array__struct.h
[11.318s] -- Up-to-date symlink: /home/ubuntu/microros_ws/install/std_msgs/include/std_msgs/std_msgs/msg/detail/int32_multi_array__type_support.h
[11.320s] -- Up-to-date symlink: /home/ubuntu/microros_ws/install/std_msgs/include/std_msgs/std_msgs/msg/detail/int64__functions.h
[11.330s] -- Up-to-date symlink: /home/ubuntu/microros_ws/install/std_msgs/include/std_msgs/std_msgs/msg/detail/int64__struct.h
[11.333s] -- Up-to-date symlink: /home/ubuntu/microros_ws/install/std_msgs/include/std_msgs/std_msgs/msg/detail/int64__type_support.h
[11.335s] -- Up-to-date symlink: /home/ubuntu/microros_ws/install/std_msgs/include/std_msgs/std_msgs/msg/detail/int64_multi_array__functions.h
[11.337s] -- Up-to-date symlink: /home/ubuntu/microros_ws/install/std_msgs/include/std_msgs/std_msgs/msg/detail/int64_multi_array__struct.h
[11.339s] -- Up-to-date symlink: /home/ubuntu/microros_ws/install/std_msgs/include/std_msgs/std_msgs/msg/detail/int64_multi_array__type_support.h
[11.347s] -- Up-to-date symlink: /home/ubuntu/microros_ws/install/std_msgs/include/std_msgs/std_msgs/msg/detail/int8__functions.h
[11.349s] -- Up-to-date symlink: /home/ubuntu/microros_ws/install/std_msgs/include/std_msgs/std_msgs/msg/detail/int8__struct.h
[11.352s] -- Up-to-date symlink: /home/ubuntu/microros_ws/install/std_msgs/include/std_msgs/std_msgs/msg/detail/int8__type_support.h
[11.355s] -- Up-to-date symlink: /home/ubuntu/microros_ws/install/std_msgs/include/std_msgs/std_msgs/msg/detail/int8_multi_array__functions.h
[11.357s] -- Up-to-date symlink: /home/ubuntu/microros_ws/install/std_msgs/include/std_msgs/std_msgs/msg/detail/int8_multi_array__struct.h
[11.358s] -- Up-to-date symlink: /home/ubuntu/microros_ws/install/std_msgs/include/std_msgs/std_msgs/msg/detail/int8_multi_array__type_support.h
[11.360s] -- Up-to-date symlink: /home/ubuntu/microros_ws/install/std_msgs/include/std_msgs/std_msgs/msg/detail/multi_array_dimension__functions.h
[11.361s] -- Up-to-date symlink: /home/ubuntu/microros_ws/install/std_msgs/include/std_msgs/std_msgs/msg/detail/multi_array_dimension__struct.h
[11.363s] -- Up-to-date symlink: /home/ubuntu/microros_ws/install/std_msgs/include/std_msgs/std_msgs/msg/detail/multi_array_dimension__type_support.h
[11.365s] -- Up-to-date symlink: /home/ubuntu/microros_ws/install/std_msgs/include/std_msgs/std_msgs/msg/detail/multi_array_layout__functions.h
[11.366s] -- Up-to-date symlink: /home/ubuntu/microros_ws/install/std_msgs/include/std_msgs/std_msgs/msg/detail/multi_array_layout__struct.h
[11.367s] -- Up-to-date symlink: /home/ubuntu/microros_ws/install/std_msgs/include/std_msgs/std_msgs/msg/detail/multi_array_layout__type_support.h
[11.379s] -- Up-to-date symlink: /home/ubuntu/microros_ws/install/std_msgs/include/std_msgs/std_msgs/msg/detail/string__functions.h
[11.380s] -- Up-to-date symlink: /home/ubuntu/microros_ws/install/std_msgs/include/std_msgs/std_msgs/msg/detail/string__struct.h
[11.382s] -- Up-to-date symlink: /home/ubuntu/microros_ws/install/std_msgs/include/std_msgs/std_msgs/msg/detail/string__type_support.h
[11.384s] -- Up-to-date symlink: /home/ubuntu/microros_ws/install/std_msgs/include/std_msgs/std_msgs/msg/detail/u_int16__functions.h
[11.384s] -- Up-to-date symlink: /home/ubuntu/microros_ws/install/std_msgs/include/std_msgs/std_msgs/msg/detail/u_int16__struct.h
[11.385s] -- Up-to-date symlink: /home/ubuntu/microros_ws/install/std_msgs/include/std_msgs/std_msgs/msg/detail/u_int16__type_support.h
[11.386s] -- Up-to-date symlink: /home/ubuntu/microros_ws/install/std_msgs/include/std_msgs/std_msgs/msg/detail/u_int16_multi_array__functions.h
[11.387s] -- Up-to-date symlink: /home/ubuntu/microros_ws/install/std_msgs/include/std_msgs/std_msgs/msg/detail/u_int16_multi_array__struct.h
[11.397s] -- Up-to-date symlink: /home/ubuntu/microros_ws/install/std_msgs/include/std_msgs/std_msgs/msg/detail/u_int16_multi_array__type_support.h
[11.404s] -- Up-to-date symlink: /home/ubuntu/microros_ws/install/std_msgs/include/std_msgs/std_msgs/msg/detail/u_int32__functions.h
[11.418s] -- Up-to-date symlink: /home/ubuntu/microros_ws/install/std_msgs/include/std_msgs/std_msgs/msg/detail/u_int32__struct.h
[11.420s] -- Up-to-date symlink: /home/ubuntu/microros_ws/install/std_msgs/include/std_msgs/std_msgs/msg/detail/u_int32__type_support.h
[11.422s] -- Up-to-date symlink: /home/ubuntu/microros_ws/install/std_msgs/include/std_msgs/std_msgs/msg/detail/u_int32_multi_array__functions.h
[11.423s] -- Up-to-date symlink: /home/ubuntu/microros_ws/install/std_msgs/include/std_msgs/std_msgs/msg/detail/u_int32_multi_array__struct.h
[11.436s] -- Up-to-date symlink: /home/ubuntu/microros_ws/install/std_msgs/include/std_msgs/std_msgs/msg/detail/u_int32_multi_array__type_support.h
[11.449s] -- Up-to-date symlink: /home/ubuntu/microros_ws/install/std_msgs/include/std_msgs/std_msgs/msg/detail/u_int64__functions.h
[11.451s] -- Up-to-date symlink: /home/ubuntu/microros_ws/install/std_msgs/include/std_msgs/std_msgs/msg/detail/u_int64__struct.h
[11.453s] -- Up-to-date symlink: /home/ubuntu/microros_ws/install/std_msgs/include/std_msgs/std_msgs/msg/detail/u_int64__type_support.h
[11.465s] -- Up-to-date symlink: /home/ubuntu/microros_ws/install/std_msgs/include/std_msgs/std_msgs/msg/detail/u_int64_multi_array__functions.h
[11.473s] -- Up-to-date symlink: /home/ubuntu/microros_ws/install/std_msgs/include/std_msgs/std_msgs/msg/detail/u_int64_multi_array__struct.h
[11.480s] -- Up-to-date symlink: /home/ubuntu/microros_ws/install/std_msgs/include/std_msgs/std_msgs/msg/detail/u_int64_multi_array__type_support.h
[11.482s] -- Up-to-date symlink: /home/ubuntu/microros_ws/install/std_msgs/include/std_msgs/std_msgs/msg/detail/u_int8__functions.h
[11.483s] -- Up-to-date symlink: /home/ubuntu/microros_ws/install/std_msgs/include/std_msgs/std_msgs/msg/detail/u_int8__struct.h
[11.486s] -- Up-to-date symlink: /home/ubuntu/microros_ws/install/std_msgs/include/std_msgs/std_msgs/msg/detail/u_int8__type_support.h
[11.489s] -- Up-to-date symlink: /home/ubuntu/microros_ws/install/std_msgs/include/std_msgs/std_msgs/msg/detail/u_int8_multi_array__functions.h
[11.490s] -- Up-to-date symlink: /home/ubuntu/microros_ws/install/std_msgs/include/std_msgs/std_msgs/msg/detail/u_int8_multi_array__struct.h
[11.490s] -- Up-to-date symlink: /home/ubuntu/microros_ws/install/std_msgs/include/std_msgs/std_msgs/msg/detail/u_int8_multi_array__type_support.h
[11.499s] -- Up-to-date symlink: /home/ubuntu/microros_ws/install/std_msgs/include/std_msgs/std_msgs/msg/empty.h
[11.502s] -- Up-to-date symlink: /home/ubuntu/microros_ws/install/std_msgs/include/std_msgs/std_msgs/msg/float32.h
[11.503s] -- Up-to-date symlink: /home/ubuntu/microros_ws/install/std_msgs/include/std_msgs/std_msgs/msg/float32_multi_array.h
[11.504s] -- Up-to-date symlink: /home/ubuntu/microros_ws/install/std_msgs/include/std_msgs/std_msgs/msg/float64.h
[11.504s] -- Up-to-date symlink: /home/ubuntu/microros_ws/install/std_msgs/include/std_msgs/std_msgs/msg/float64_multi_array.h
[11.513s] -- Up-to-date symlink: /home/ubuntu/microros_ws/install/std_msgs/include/std_msgs/std_msgs/msg/header.h
[11.515s] -- Up-to-date symlink: /home/ubuntu/microros_ws/install/std_msgs/include/std_msgs/std_msgs/msg/int16.h
[11.523s] -- Up-to-date symlink: /home/ubuntu/microros_ws/install/std_msgs/include/std_msgs/std_msgs/msg/int16_multi_array.h
[11.527s] -- Up-to-date symlink: /home/ubuntu/microros_ws/install/std_msgs/include/std_msgs/std_msgs/msg/int32.h
[11.528s] -- Up-to-date symlink: /home/ubuntu/microros_ws/install/std_msgs/include/std_msgs/std_msgs/msg/int32_multi_array.h
[11.535s] -- Up-to-date symlink: /home/ubuntu/microros_ws/install/std_msgs/include/std_msgs/std_msgs/msg/int64.h
[11.536s] -- Up-to-date symlink: /home/ubuntu/microros_ws/install/std_msgs/include/std_msgs/std_msgs/msg/int64_multi_array.h
[11.537s] -- Up-to-date symlink: /home/ubuntu/microros_ws/install/std_msgs/include/std_msgs/std_msgs/msg/int8.h
[11.539s] -- Up-to-date symlink: /home/ubuntu/microros_ws/install/std_msgs/include/std_msgs/std_msgs/msg/int8_multi_array.h
[11.541s] -- Up-to-date symlink: /home/ubuntu/microros_ws/install/std_msgs/include/std_msgs/std_msgs/msg/multi_array_dimension.h
[11.542s] -- Up-to-date symlink: /home/ubuntu/microros_ws/install/std_msgs/include/std_msgs/std_msgs/msg/multi_array_layout.h
[11.544s] -- Up-to-date symlink: /home/ubuntu/microros_ws/install/std_msgs/include/std_msgs/std_msgs/msg/rosidl_generator_c__visibility_control.h
[11.546s] -- Up-to-date symlink: /home/ubuntu/microros_ws/install/std_msgs/include/std_msgs/std_msgs/msg/string.h
[11.554s] -- Up-to-date symlink: /home/ubuntu/microros_ws/install/std_msgs/include/std_msgs/std_msgs/msg/u_int16.h
[11.555s] -- Up-to-date symlink: /home/ubuntu/microros_ws/install/std_msgs/include/std_msgs/std_msgs/msg/u_int16_multi_array.h
[11.556s] -- Up-to-date symlink: /home/ubuntu/microros_ws/install/std_msgs/include/std_msgs/std_msgs/msg/u_int32.h
[11.560s] -- Up-to-date symlink: /home/ubuntu/microros_ws/install/std_msgs/include/std_msgs/std_msgs/msg/u_int32_multi_array.h
[11.561s] -- Up-to-date symlink: /home/ubuntu/microros_ws/install/std_msgs/include/std_msgs/std_msgs/msg/u_int64.h
[11.563s] -- Up-to-date symlink: /home/ubuntu/microros_ws/install/std_msgs/include/std_msgs/std_msgs/msg/u_int64_multi_array.h
[11.567s] -- Up-to-date symlink: /home/ubuntu/microros_ws/install/std_msgs/include/std_msgs/std_msgs/msg/u_int8.h
[11.567s] -- Up-to-date symlink: /home/ubuntu/microros_ws/install/std_msgs/include/std_msgs/std_msgs/msg/u_int8_multi_array.h
[11.581s] -- Up-to-date symlink: /home/ubuntu/microros_ws/install/std_msgs/share/std_msgs/environment/library_path.sh
[11.582s] -- Up-to-date symlink: /home/ubuntu/microros_ws/install/std_msgs/share/std_msgs/environment/library_path.dsv
[11.584s] -- Up-to-date symlink: /home/ubuntu/microros_ws/install/std_msgs/include/std_msgs/std_msgs/msg/detail/bool__rosidl_typesupport_fastrtps_c.h
[11.586s] -- Up-to-date symlink: /home/ubuntu/microros_ws/install/std_msgs/include/std_msgs/std_msgs/msg/detail/byte__rosidl_typesupport_fastrtps_c.h
[11.588s] -- Up-to-date symlink: /home/ubuntu/microros_ws/install/std_msgs/include/std_msgs/std_msgs/msg/detail/byte_multi_array__rosidl_typesupport_fastrtps_c.h
[11.589s] -- Up-to-date symlink: /home/ubuntu/microros_ws/install/std_msgs/include/std_msgs/std_msgs/msg/detail/char__rosidl_typesupport_fastrtps_c.h
[11.590s] -- Up-to-date symlink: /home/ubuntu/microros_ws/install/std_msgs/include/std_msgs/std_msgs/msg/detail/color_rgba__rosidl_typesupport_fastrtps_c.h
[11.592s] -- Up-to-date symlink: /home/ubuntu/microros_ws/install/std_msgs/include/std_msgs/std_msgs/msg/detail/empty__rosidl_typesupport_fastrtps_c.h
[11.593s] -- Up-to-date symlink: /home/ubuntu/microros_ws/install/std_msgs/include/std_msgs/std_msgs/msg/detail/float32__rosidl_typesupport_fastrtps_c.h
[11.594s] -- Up-to-date symlink: /home/ubuntu/microros_ws/install/std_msgs/include/std_msgs/std_msgs/msg/detail/float32_multi_array__rosidl_typesupport_fastrtps_c.h
[11.596s] -- Up-to-date symlink: /home/ubuntu/microros_ws/install/std_msgs/include/std_msgs/std_msgs/msg/detail/float64__rosidl_typesupport_fastrtps_c.h
[11.597s] -- Up-to-date symlink: /home/ubuntu/microros_ws/install/std_msgs/include/std_msgs/std_msgs/msg/detail/float64_multi_array__rosidl_typesupport_fastrtps_c.h
[11.598s] -- Up-to-date symlink: /home/ubuntu/microros_ws/install/std_msgs/include/std_msgs/std_msgs/msg/detail/header__rosidl_typesupport_fastrtps_c.h
[11.603s] -- Up-to-date symlink: /home/ubuntu/microros_ws/install/std_msgs/include/std_msgs/std_msgs/msg/detail/int16__rosidl_typesupport_fastrtps_c.h
[11.603s] -- Up-to-date symlink: /home/ubuntu/microros_ws/install/std_msgs/include/std_msgs/std_msgs/msg/detail/int16_multi_array__rosidl_typesupport_fastrtps_c.h
[11.605s] -- Up-to-date symlink: /home/ubuntu/microros_ws/install/std_msgs/include/std_msgs/std_msgs/msg/detail/int32__rosidl_typesupport_fastrtps_c.h
[11.608s] -- Up-to-date symlink: /home/ubuntu/microros_ws/install/std_msgs/include/std_msgs/std_msgs/msg/detail/int32_multi_array__rosidl_typesupport_fastrtps_c.h
[11.609s] -- Up-to-date symlink: /home/ubuntu/microros_ws/install/std_msgs/include/std_msgs/std_msgs/msg/detail/int64__rosidl_typesupport_fastrtps_c.h
[11.611s] -- Up-to-date symlink: /home/ubuntu/microros_ws/install/std_msgs/include/std_msgs/std_msgs/msg/detail/int64_multi_array__rosidl_typesupport_fastrtps_c.h
[11.611s] -- Up-to-date symlink: /home/ubuntu/microros_ws/install/std_msgs/include/std_msgs/std_msgs/msg/detail/int8__rosidl_typesupport_fastrtps_c.h
[11.612s] -- Up-to-date symlink: /home/ubuntu/microros_ws/install/std_msgs/include/std_msgs/std_msgs/msg/detail/int8_multi_array__rosidl_typesupport_fastrtps_c.h
[11.614s] -- Up-to-date symlink: /home/ubuntu/microros_ws/install/std_msgs/include/std_msgs/std_msgs/msg/detail/multi_array_dimension__rosidl_typesupport_fastrtps_c.h
[11.616s] -- Up-to-date symlink: /home/ubuntu/microros_ws/install/std_msgs/include/std_msgs/std_msgs/msg/detail/multi_array_layout__rosidl_typesupport_fastrtps_c.h
[11.616s] -- Up-to-date symlink: /home/ubuntu/microros_ws/install/std_msgs/include/std_msgs/std_msgs/msg/detail/string__rosidl_typesupport_fastrtps_c.h
[11.618s] -- Up-to-date symlink: /home/ubuntu/microros_ws/install/std_msgs/include/std_msgs/std_msgs/msg/detail/u_int16__rosidl_typesupport_fastrtps_c.h
[11.619s] -- Up-to-date symlink: /home/ubuntu/microros_ws/install/std_msgs/include/std_msgs/std_msgs/msg/detail/u_int16_multi_array__rosidl_typesupport_fastrtps_c.h
[11.621s] -- Up-to-date symlink: /home/ubuntu/microros_ws/install/std_msgs/include/std_msgs/std_msgs/msg/detail/u_int32__rosidl_typesupport_fastrtps_c.h
[11.623s] -- Up-to-date symlink: /home/ubuntu/microros_ws/install/std_msgs/include/std_msgs/std_msgs/msg/detail/u_int32_multi_array__rosidl_typesupport_fastrtps_c.h
[11.624s] -- Up-to-date symlink: /home/ubuntu/microros_ws/install/std_msgs/include/std_msgs/std_msgs/msg/detail/u_int64__rosidl_typesupport_fastrtps_c.h
[11.627s] -- Up-to-date symlink: /home/ubuntu/microros_ws/install/std_msgs/include/std_msgs/std_msgs/msg/detail/u_int64_multi_array__rosidl_typesupport_fastrtps_c.h
[11.628s] -- Up-to-date symlink: /home/ubuntu/microros_ws/install/std_msgs/include/std_msgs/std_msgs/msg/detail/u_int8__rosidl_typesupport_fastrtps_c.h
[11.630s] -- Up-to-date symlink: /home/ubuntu/microros_ws/install/std_msgs/include/std_msgs/std_msgs/msg/detail/u_int8_multi_array__rosidl_typesupport_fastrtps_c.h
[11.631s] -- Up-to-date symlink: /home/ubuntu/microros_ws/install/std_msgs/include/std_msgs/std_msgs/msg/rosidl_typesupport_fastrtps_c__visibility_control.h
[11.644s] -- Up-to-date symlink: /home/ubuntu/microros_ws/install/std_msgs/include/std_msgs/std_msgs/msg/bool.hpp
[11.644s] -- Up-to-date symlink: /home/ubuntu/microros_ws/install/std_msgs/include/std_msgs/std_msgs/msg/byte.hpp
[11.646s] -- Up-to-date symlink: /home/ubuntu/microros_ws/install/std_msgs/include/std_msgs/std_msgs/msg/byte_multi_array.hpp
[11.647s] -- Up-to-date symlink: /home/ubuntu/microros_ws/install/std_msgs/include/std_msgs/std_msgs/msg/char.hpp
[11.649s] -- Up-to-date symlink: /home/ubuntu/microros_ws/install/std_msgs/include/std_msgs/std_msgs/msg/color_rgba.hpp
[11.651s] -- Up-to-date symlink: /home/ubuntu/microros_ws/install/std_msgs/include/std_msgs/std_msgs/msg/detail/bool__builder.hpp
[11.652s] -- Up-to-date symlink: /home/ubuntu/microros_ws/install/std_msgs/include/std_msgs/std_msgs/msg/detail/bool__struct.hpp
[11.653s] -- Up-to-date symlink: /home/ubuntu/microros_ws/install/std_msgs/include/std_msgs/std_msgs/msg/detail/bool__traits.hpp
[11.655s] -- Up-to-date symlink: /home/ubuntu/microros_ws/install/std_msgs/include/std_msgs/std_msgs/msg/detail/byte__builder.hpp
[11.656s] -- Up-to-date symlink: /home/ubuntu/microros_ws/install/std_msgs/include/std_msgs/std_msgs/msg/detail/byte__struct.hpp
[11.657s] -- Up-to-date symlink: /home/ubuntu/microros_ws/install/std_msgs/include/std_msgs/std_msgs/msg/detail/byte__traits.hpp
[11.659s] -- Up-to-date symlink: /home/ubuntu/microros_ws/install/std_msgs/include/std_msgs/std_msgs/msg/detail/byte_multi_array__builder.hpp
[11.660s] -- Up-to-date symlink: /home/ubuntu/microros_ws/install/std_msgs/include/std_msgs/std_msgs/msg/detail/byte_multi_array__struct.hpp
[11.661s] -- Up-to-date symlink: /home/ubuntu/microros_ws/install/std_msgs/include/std_msgs/std_msgs/msg/detail/byte_multi_array__traits.hpp
[11.663s] -- Up-to-date symlink: /home/ubuntu/microros_ws/install/std_msgs/include/std_msgs/std_msgs/msg/detail/char__builder.hpp
[11.664s] -- Up-to-date symlink: /home/ubuntu/microros_ws/install/std_msgs/include/std_msgs/std_msgs/msg/detail/char__struct.hpp
[11.667s] -- Up-to-date symlink: /home/ubuntu/microros_ws/install/std_msgs/include/std_msgs/std_msgs/msg/detail/char__traits.hpp
[11.668s] -- Up-to-date symlink: /home/ubuntu/microros_ws/install/std_msgs/include/std_msgs/std_msgs/msg/detail/color_rgba__builder.hpp
[11.668s] -- Up-to-date symlink: /home/ubuntu/microros_ws/install/std_msgs/include/std_msgs/std_msgs/msg/detail/color_rgba__struct.hpp
[11.669s] -- Up-to-date symlink: /home/ubuntu/microros_ws/install/std_msgs/include/std_msgs/std_msgs/msg/detail/color_rgba__traits.hpp
[11.671s] -- Up-to-date symlink: /home/ubuntu/microros_ws/install/std_msgs/include/std_msgs/std_msgs/msg/detail/empty__builder.hpp
[11.673s] -- Up-to-date symlink: /home/ubuntu/microros_ws/install/std_msgs/include/std_msgs/std_msgs/msg/detail/empty__struct.hpp
[11.674s] -- Up-to-date symlink: /home/ubuntu/microros_ws/install/std_msgs/include/std_msgs/std_msgs/msg/detail/empty__traits.hpp
[11.677s] -- Up-to-date symlink: /home/ubuntu/microros_ws/install/std_msgs/include/std_msgs/std_msgs/msg/detail/float32__builder.hpp
[11.684s] -- Up-to-date symlink: /home/ubuntu/microros_ws/install/std_msgs/include/std_msgs/std_msgs/msg/detail/float32__struct.hpp
[11.685s] -- Up-to-date symlink: /home/ubuntu/microros_ws/install/std_msgs/include/std_msgs/std_msgs/msg/detail/float32__traits.hpp
[11.686s] -- Up-to-date symlink: /home/ubuntu/microros_ws/install/std_msgs/include/std_msgs/std_msgs/msg/detail/float32_multi_array__builder.hpp
[11.686s] -- Up-to-date symlink: /home/ubuntu/microros_ws/install/std_msgs/include/std_msgs/std_msgs/msg/detail/float32_multi_array__struct.hpp
[11.687s] -- Up-to-date symlink: /home/ubuntu/microros_ws/install/std_msgs/include/std_msgs/std_msgs/msg/detail/float32_multi_array__traits.hpp
[11.688s] -- Up-to-date symlink: /home/ubuntu/microros_ws/install/std_msgs/include/std_msgs/std_msgs/msg/detail/float64__builder.hpp
[11.689s] -- Up-to-date symlink: /home/ubuntu/microros_ws/install/std_msgs/include/std_msgs/std_msgs/msg/detail/float64__struct.hpp
[11.690s] -- Up-to-date symlink: /home/ubuntu/microros_ws/install/std_msgs/include/std_msgs/std_msgs/msg/detail/float64__traits.hpp
[11.693s] -- Up-to-date symlink: /home/ubuntu/microros_ws/install/std_msgs/include/std_msgs/std_msgs/msg/detail/float64_multi_array__builder.hpp
[11.698s] -- Up-to-date symlink: /home/ubuntu/microros_ws/install/std_msgs/include/std_msgs/std_msgs/msg/detail/float64_multi_array__struct.hpp
[11.700s] -- Up-to-date symlink: /home/ubuntu/microros_ws/install/std_msgs/include/std_msgs/std_msgs/msg/detail/float64_multi_array__traits.hpp
[11.703s] -- Up-to-date symlink: /home/ubuntu/microros_ws/install/std_msgs/include/std_msgs/std_msgs/msg/detail/header__builder.hpp
[11.705s] -- Up-to-date symlink: /home/ubuntu/microros_ws/install/std_msgs/include/std_msgs/std_msgs/msg/detail/header__struct.hpp
[11.708s] -- Up-to-date symlink: /home/ubuntu/microros_ws/install/std_msgs/include/std_msgs/std_msgs/msg/detail/header__traits.hpp
[11.710s] -- Up-to-date symlink: /home/ubuntu/microros_ws/install/std_msgs/include/std_msgs/std_msgs/msg/detail/int16__builder.hpp
[11.712s] -- Up-to-date symlink: /home/ubuntu/microros_ws/install/std_msgs/include/std_msgs/std_msgs/msg/detail/int16__struct.hpp
[11.715s] -- Up-to-date symlink: /home/ubuntu/microros_ws/install/std_msgs/include/std_msgs/std_msgs/msg/detail/int16__traits.hpp
[11.717s] -- Up-to-date symlink: /home/ubuntu/microros_ws/install/std_msgs/include/std_msgs/std_msgs/msg/detail/int16_multi_array__builder.hpp
[11.721s] -- Up-to-date symlink: /home/ubuntu/microros_ws/install/std_msgs/include/std_msgs/std_msgs/msg/detail/int16_multi_array__struct.hpp
[11.723s] -- Up-to-date symlink: /home/ubuntu/microros_ws/install/std_msgs/include/std_msgs/std_msgs/msg/detail/int16_multi_array__traits.hpp
[11.724s] -- Up-to-date symlink: /home/ubuntu/microros_ws/install/std_msgs/include/std_msgs/std_msgs/msg/detail/int32__builder.hpp
[11.726s] -- Up-to-date symlink: /home/ubuntu/microros_ws/install/std_msgs/include/std_msgs/std_msgs/msg/detail/int32__struct.hpp
[11.728s] -- Up-to-date symlink: /home/ubuntu/microros_ws/install/std_msgs/include/std_msgs/std_msgs/msg/detail/int32__traits.hpp
[11.729s] -- Up-to-date symlink: /home/ubuntu/microros_ws/install/std_msgs/include/std_msgs/std_msgs/msg/detail/int32_multi_array__builder.hpp
[11.729s] -- Up-to-date symlink: /home/ubuntu/microros_ws/install/std_msgs/include/std_msgs/std_msgs/msg/detail/int32_multi_array__struct.hpp
[11.731s] -- Up-to-date symlink: /home/ubuntu/microros_ws/install/std_msgs/include/std_msgs/std_msgs/msg/detail/int32_multi_array__traits.hpp
[11.732s] -- Up-to-date symlink: /home/ubuntu/microros_ws/install/std_msgs/include/std_msgs/std_msgs/msg/detail/int64__builder.hpp
[11.733s] -- Up-to-date symlink: /home/ubuntu/microros_ws/install/std_msgs/include/std_msgs/std_msgs/msg/detail/int64__struct.hpp
[11.734s] -- Up-to-date symlink: /home/ubuntu/microros_ws/install/std_msgs/include/std_msgs/std_msgs/msg/detail/int64__traits.hpp
[11.735s] -- Up-to-date symlink: /home/ubuntu/microros_ws/install/std_msgs/include/std_msgs/std_msgs/msg/detail/int64_multi_array__builder.hpp
[11.736s] -- Up-to-date symlink: /home/ubuntu/microros_ws/install/std_msgs/include/std_msgs/std_msgs/msg/detail/int64_multi_array__struct.hpp
[11.737s] -- Up-to-date symlink: /home/ubuntu/microros_ws/install/std_msgs/include/std_msgs/std_msgs/msg/detail/int64_multi_array__traits.hpp
[11.738s] -- Up-to-date symlink: /home/ubuntu/microros_ws/install/std_msgs/include/std_msgs/std_msgs/msg/detail/int8__builder.hpp
[11.739s] -- Up-to-date symlink: /home/ubuntu/microros_ws/install/std_msgs/include/std_msgs/std_msgs/msg/detail/int8__struct.hpp
[11.740s] -- Up-to-date symlink: /home/ubuntu/microros_ws/install/std_msgs/include/std_msgs/std_msgs/msg/detail/int8__traits.hpp
[11.742s] -- Up-to-date symlink: /home/ubuntu/microros_ws/install/std_msgs/include/std_msgs/std_msgs/msg/detail/int8_multi_array__builder.hpp
[11.743s] -- Up-to-date symlink: /home/ubuntu/microros_ws/install/std_msgs/include/std_msgs/std_msgs/msg/detail/int8_multi_array__struct.hpp
[11.744s] -- Up-to-date symlink: /home/ubuntu/microros_ws/install/std_msgs/include/std_msgs/std_msgs/msg/detail/int8_multi_array__traits.hpp
[11.745s] -- Up-to-date symlink: /home/ubuntu/microros_ws/install/std_msgs/include/std_msgs/std_msgs/msg/detail/multi_array_dimension__builder.hpp
[11.746s] -- Up-to-date symlink: /home/ubuntu/microros_ws/install/std_msgs/include/std_msgs/std_msgs/msg/detail/multi_array_dimension__struct.hpp
[11.747s] -- Up-to-date symlink: /home/ubuntu/microros_ws/install/std_msgs/include/std_msgs/std_msgs/msg/detail/multi_array_dimension__traits.hpp
[11.748s] -- Up-to-date symlink: /home/ubuntu/microros_ws/install/std_msgs/include/std_msgs/std_msgs/msg/detail/multi_array_layout__builder.hpp
[11.750s] -- Up-to-date symlink: /home/ubuntu/microros_ws/install/std_msgs/include/std_msgs/std_msgs/msg/detail/multi_array_layout__struct.hpp
[11.752s] -- Up-to-date symlink: /home/ubuntu/microros_ws/install/std_msgs/include/std_msgs/std_msgs/msg/detail/multi_array_layout__traits.hpp
[11.754s] -- Up-to-date symlink: /home/ubuntu/microros_ws/install/std_msgs/include/std_msgs/std_msgs/msg/detail/string__builder.hpp
[11.755s] -- Up-to-date symlink: /home/ubuntu/microros_ws/install/std_msgs/include/std_msgs/std_msgs/msg/detail/string__struct.hpp
[11.757s] -- Up-to-date symlink: /home/ubuntu/microros_ws/install/std_msgs/include/std_msgs/std_msgs/msg/detail/string__traits.hpp
[11.758s] -- Up-to-date symlink: /home/ubuntu/microros_ws/install/std_msgs/include/std_msgs/std_msgs/msg/detail/u_int16__builder.hpp
[11.759s] -- Up-to-date symlink: /home/ubuntu/microros_ws/install/std_msgs/include/std_msgs/std_msgs/msg/detail/u_int16__struct.hpp
[11.760s] -- Up-to-date symlink: /home/ubuntu/microros_ws/install/std_msgs/include/std_msgs/std_msgs/msg/detail/u_int16__traits.hpp
[11.762s] -- Up-to-date symlink: /home/ubuntu/microros_ws/install/std_msgs/include/std_msgs/std_msgs/msg/detail/u_int16_multi_array__builder.hpp
[11.763s] -- Up-to-date symlink: /home/ubuntu/microros_ws/install/std_msgs/include/std_msgs/std_msgs/msg/detail/u_int16_multi_array__struct.hpp
[11.764s] -- Up-to-date symlink: /home/ubuntu/microros_ws/install/std_msgs/include/std_msgs/std_msgs/msg/detail/u_int16_multi_array__traits.hpp
[11.768s] -- Up-to-date symlink: /home/ubuntu/microros_ws/install/std_msgs/include/std_msgs/std_msgs/msg/detail/u_int32__builder.hpp
[11.769s] -- Up-to-date symlink: /home/ubuntu/microros_ws/install/std_msgs/include/std_msgs/std_msgs/msg/detail/u_int32__struct.hpp
[11.770s] -- Up-to-date symlink: /home/ubuntu/microros_ws/install/std_msgs/include/std_msgs/std_msgs/msg/detail/u_int32__traits.hpp
[11.773s] -- Up-to-date symlink: /home/ubuntu/microros_ws/install/std_msgs/include/std_msgs/std_msgs/msg/detail/u_int32_multi_array__builder.hpp
[11.774s] -- Up-to-date symlink: /home/ubuntu/microros_ws/install/std_msgs/include/std_msgs/std_msgs/msg/detail/u_int32_multi_array__struct.hpp
[11.777s] -- Up-to-date symlink: /home/ubuntu/microros_ws/install/std_msgs/include/std_msgs/std_msgs/msg/detail/u_int32_multi_array__traits.hpp
[11.779s] -- Up-to-date symlink: /home/ubuntu/microros_ws/install/std_msgs/include/std_msgs/std_msgs/msg/detail/u_int64__builder.hpp
[11.782s] -- Up-to-date symlink: /home/ubuntu/microros_ws/install/std_msgs/include/std_msgs/std_msgs/msg/detail/u_int64__struct.hpp
[11.782s] -- Up-to-date symlink: /home/ubuntu/microros_ws/install/std_msgs/include/std_msgs/std_msgs/msg/detail/u_int64__traits.hpp
[11.783s] -- Up-to-date symlink: /home/ubuntu/microros_ws/install/std_msgs/include/std_msgs/std_msgs/msg/detail/u_int64_multi_array__builder.hpp
[11.785s] -- Up-to-date symlink: /home/ubuntu/microros_ws/install/std_msgs/include/std_msgs/std_msgs/msg/detail/u_int64_multi_array__struct.hpp
[11.793s] -- Up-to-date symlink: /home/ubuntu/microros_ws/install/std_msgs/include/std_msgs/std_msgs/msg/detail/u_int64_multi_array__traits.hpp
[11.794s] -- Up-to-date symlink: /home/ubuntu/microros_ws/install/std_msgs/include/std_msgs/std_msgs/msg/detail/u_int8__builder.hpp
[11.794s] -- Up-to-date symlink: /home/ubuntu/microros_ws/install/std_msgs/include/std_msgs/std_msgs/msg/detail/u_int8__struct.hpp
[11.795s] -- Up-to-date symlink: /home/ubuntu/microros_ws/install/std_msgs/include/std_msgs/std_msgs/msg/detail/u_int8__traits.hpp
[11.795s] -- Up-to-date symlink: /home/ubuntu/microros_ws/install/std_msgs/include/std_msgs/std_msgs/msg/detail/u_int8_multi_array__builder.hpp
[11.796s] -- Up-to-date symlink: /home/ubuntu/microros_ws/install/std_msgs/include/std_msgs/std_msgs/msg/detail/u_int8_multi_array__struct.hpp
[11.797s] -- Up-to-date symlink: /home/ubuntu/microros_ws/install/std_msgs/include/std_msgs/std_msgs/msg/detail/u_int8_multi_array__traits.hpp
[11.798s] -- Up-to-date symlink: /home/ubuntu/microros_ws/install/std_msgs/include/std_msgs/std_msgs/msg/empty.hpp
[11.798s] -- Up-to-date symlink: /home/ubuntu/microros_ws/install/std_msgs/include/std_msgs/std_msgs/msg/float32.hpp
[11.799s] -- Up-to-date symlink: /home/ubuntu/microros_ws/install/std_msgs/include/std_msgs/std_msgs/msg/float32_multi_array.hpp
[11.800s] -- Up-to-date symlink: /home/ubuntu/microros_ws/install/std_msgs/include/std_msgs/std_msgs/msg/float64.hpp
[11.801s] -- Up-to-date symlink: /home/ubuntu/microros_ws/install/std_msgs/include/std_msgs/std_msgs/msg/float64_multi_array.hpp
[11.809s] -- Up-to-date symlink: /home/ubuntu/microros_ws/install/std_msgs/include/std_msgs/std_msgs/msg/header.hpp
[11.810s] -- Up-to-date symlink: /home/ubuntu/microros_ws/install/std_msgs/include/std_msgs/std_msgs/msg/int16.hpp
[11.810s] -- Up-to-date symlink: /home/ubuntu/microros_ws/install/std_msgs/include/std_msgs/std_msgs/msg/int16_multi_array.hpp
[11.811s] -- Up-to-date symlink: /home/ubuntu/microros_ws/install/std_msgs/include/std_msgs/std_msgs/msg/int32.hpp
[11.812s] -- Up-to-date symlink: /home/ubuntu/microros_ws/install/std_msgs/include/std_msgs/std_msgs/msg/int32_multi_array.hpp
[11.813s] -- Up-to-date symlink: /home/ubuntu/microros_ws/install/std_msgs/include/std_msgs/std_msgs/msg/int64.hpp
[11.814s] -- Up-to-date symlink: /home/ubuntu/microros_ws/install/std_msgs/include/std_msgs/std_msgs/msg/int64_multi_array.hpp
[11.815s] -- Up-to-date symlink: /home/ubuntu/microros_ws/install/std_msgs/include/std_msgs/std_msgs/msg/int8.hpp
[11.816s] -- Up-to-date symlink: /home/ubuntu/microros_ws/install/std_msgs/include/std_msgs/std_msgs/msg/int8_multi_array.hpp
[11.816s] -- Up-to-date symlink: /home/ubuntu/microros_ws/install/std_msgs/include/std_msgs/std_msgs/msg/multi_array_dimension.hpp
[11.817s] -- Up-to-date symlink: /home/ubuntu/microros_ws/install/std_msgs/include/std_msgs/std_msgs/msg/multi_array_layout.hpp
[11.821s] -- Up-to-date symlink: /home/ubuntu/microros_ws/install/std_msgs/include/std_msgs/std_msgs/msg/string.hpp
[11.822s] -- Up-to-date symlink: /home/ubuntu/microros_ws/install/std_msgs/include/std_msgs/std_msgs/msg/u_int16.hpp
[11.823s] -- Up-to-date symlink: /home/ubuntu/microros_ws/install/std_msgs/include/std_msgs/std_msgs/msg/u_int16_multi_array.hpp
[11.823s] -- Up-to-date symlink: /home/ubuntu/microros_ws/install/std_msgs/include/std_msgs/std_msgs/msg/u_int32.hpp
[11.824s] -- Up-to-date symlink: /home/ubuntu/microros_ws/install/std_msgs/include/std_msgs/std_msgs/msg/u_int32_multi_array.hpp
[11.826s] -- Up-to-date symlink: /home/ubuntu/microros_ws/install/std_msgs/include/std_msgs/std_msgs/msg/u_int64.hpp
[11.834s] -- Up-to-date symlink: /home/ubuntu/microros_ws/install/std_msgs/include/std_msgs/std_msgs/msg/u_int64_multi_array.hpp
[11.834s] -- Up-to-date symlink: /home/ubuntu/microros_ws/install/std_msgs/include/std_msgs/std_msgs/msg/u_int8.hpp
[11.835s] -- Up-to-date symlink: /home/ubuntu/microros_ws/install/std_msgs/include/std_msgs/std_msgs/msg/u_int8_multi_array.hpp
[11.843s] -- Up-to-date symlink: /home/ubuntu/microros_ws/install/std_msgs/include/std_msgs/std_msgs/msg/detail/bool__rosidl_typesupport_fastrtps_cpp.hpp
[11.844s] -- Up-to-date symlink: /home/ubuntu/microros_ws/install/std_msgs/include/std_msgs/std_msgs/msg/detail/byte__rosidl_typesupport_fastrtps_cpp.hpp
[11.846s] -- Up-to-date symlink: /home/ubuntu/microros_ws/install/std_msgs/include/std_msgs/std_msgs/msg/detail/byte_multi_array__rosidl_typesupport_fastrtps_cpp.hpp
[11.847s] -- Up-to-date symlink: /home/ubuntu/microros_ws/install/std_msgs/include/std_msgs/std_msgs/msg/detail/char__rosidl_typesupport_fastrtps_cpp.hpp
[11.849s] -- Up-to-date symlink: /home/ubuntu/microros_ws/install/std_msgs/include/std_msgs/std_msgs/msg/detail/color_rgba__rosidl_typesupport_fastrtps_cpp.hpp
[11.852s] -- Up-to-date symlink: /home/ubuntu/microros_ws/install/std_msgs/include/std_msgs/std_msgs/msg/detail/empty__rosidl_typesupport_fastrtps_cpp.hpp
[11.854s] -- Up-to-date symlink: /home/ubuntu/microros_ws/install/std_msgs/include/std_msgs/std_msgs/msg/detail/float32__rosidl_typesupport_fastrtps_cpp.hpp
[11.855s] -- Up-to-date symlink: /home/ubuntu/microros_ws/install/std_msgs/include/std_msgs/std_msgs/msg/detail/float32_multi_array__rosidl_typesupport_fastrtps_cpp.hpp
[11.856s] -- Up-to-date symlink: /home/ubuntu/microros_ws/install/std_msgs/include/std_msgs/std_msgs/msg/detail/float64__rosidl_typesupport_fastrtps_cpp.hpp
[11.857s] -- Up-to-date symlink: /home/ubuntu/microros_ws/install/std_msgs/include/std_msgs/std_msgs/msg/detail/float64_multi_array__rosidl_typesupport_fastrtps_cpp.hpp
[11.858s] -- Up-to-date symlink: /home/ubuntu/microros_ws/install/std_msgs/include/std_msgs/std_msgs/msg/detail/header__rosidl_typesupport_fastrtps_cpp.hpp
[11.859s] -- Up-to-date symlink: /home/ubuntu/microros_ws/install/std_msgs/include/std_msgs/std_msgs/msg/detail/int16__rosidl_typesupport_fastrtps_cpp.hpp
[11.860s] -- Up-to-date symlink: /home/ubuntu/microros_ws/install/std_msgs/include/std_msgs/std_msgs/msg/detail/int16_multi_array__rosidl_typesupport_fastrtps_cpp.hpp
[11.862s] -- Up-to-date symlink: /home/ubuntu/microros_ws/install/std_msgs/include/std_msgs/std_msgs/msg/detail/int32__rosidl_typesupport_fastrtps_cpp.hpp
[11.863s] -- Up-to-date symlink: /home/ubuntu/microros_ws/install/std_msgs/include/std_msgs/std_msgs/msg/detail/int32_multi_array__rosidl_typesupport_fastrtps_cpp.hpp
[11.864s] -- Up-to-date symlink: /home/ubuntu/microros_ws/install/std_msgs/include/std_msgs/std_msgs/msg/detail/int64__rosidl_typesupport_fastrtps_cpp.hpp
[11.868s] -- Up-to-date symlink: /home/ubuntu/microros_ws/install/std_msgs/include/std_msgs/std_msgs/msg/detail/int64_multi_array__rosidl_typesupport_fastrtps_cpp.hpp
[11.869s] -- Up-to-date symlink: /home/ubuntu/microros_ws/install/std_msgs/include/std_msgs/std_msgs/msg/detail/int8__rosidl_typesupport_fastrtps_cpp.hpp
[11.876s] -- Up-to-date symlink: /home/ubuntu/microros_ws/install/std_msgs/include/std_msgs/std_msgs/msg/detail/int8_multi_array__rosidl_typesupport_fastrtps_cpp.hpp
[11.881s] -- Up-to-date symlink: /home/ubuntu/microros_ws/install/std_msgs/include/std_msgs/std_msgs/msg/detail/multi_array_dimension__rosidl_typesupport_fastrtps_cpp.hpp
[11.883s] -- Up-to-date symlink: /home/ubuntu/microros_ws/install/std_msgs/include/std_msgs/std_msgs/msg/detail/multi_array_layout__rosidl_typesupport_fastrtps_cpp.hpp
[11.887s] -- Up-to-date symlink: /home/ubuntu/microros_ws/install/std_msgs/include/std_msgs/std_msgs/msg/detail/string__rosidl_typesupport_fastrtps_cpp.hpp
[11.891s] -- Up-to-date symlink: /home/ubuntu/microros_ws/install/std_msgs/include/std_msgs/std_msgs/msg/detail/u_int16__rosidl_typesupport_fastrtps_cpp.hpp
[11.892s] -- Up-to-date symlink: /home/ubuntu/microros_ws/install/std_msgs/include/std_msgs/std_msgs/msg/detail/u_int16_multi_array__rosidl_typesupport_fastrtps_cpp.hpp
[11.893s] -- Up-to-date symlink: /home/ubuntu/microros_ws/install/std_msgs/include/std_msgs/std_msgs/msg/detail/u_int32__rosidl_typesupport_fastrtps_cpp.hpp
[11.894s] -- Up-to-date symlink: /home/ubuntu/microros_ws/install/std_msgs/include/std_msgs/std_msgs/msg/detail/u_int32_multi_array__rosidl_typesupport_fastrtps_cpp.hpp
[11.894s] -- Up-to-date symlink: /home/ubuntu/microros_ws/install/std_msgs/include/std_msgs/std_msgs/msg/detail/u_int64__rosidl_typesupport_fastrtps_cpp.hpp
[11.895s] -- Up-to-date symlink: /home/ubuntu/microros_ws/install/std_msgs/include/std_msgs/std_msgs/msg/detail/u_int64_multi_array__rosidl_typesupport_fastrtps_cpp.hpp
[11.896s] -- Up-to-date symlink: /home/ubuntu/microros_ws/install/std_msgs/include/std_msgs/std_msgs/msg/detail/u_int8__rosidl_typesupport_fastrtps_cpp.hpp
[11.904s] -- Up-to-date symlink: /home/ubuntu/microros_ws/install/std_msgs/include/std_msgs/std_msgs/msg/detail/u_int8_multi_array__rosidl_typesupport_fastrtps_cpp.hpp
[11.907s] -- Up-to-date symlink: /home/ubuntu/microros_ws/install/std_msgs/include/std_msgs/std_msgs/msg/rosidl_typesupport_fastrtps_cpp__visibility_control.h
[11.914s] -- Up-to-date symlink: /home/ubuntu/microros_ws/install/std_msgs/include/std_msgs/std_msgs/msg/detail/bool__rosidl_typesupport_introspection_c.h
[11.915s] -- Up-to-date symlink: /home/ubuntu/microros_ws/install/std_msgs/include/std_msgs/std_msgs/msg/detail/byte__rosidl_typesupport_introspection_c.h
[11.915s] -- Up-to-date symlink: /home/ubuntu/microros_ws/install/std_msgs/include/std_msgs/std_msgs/msg/detail/byte_multi_array__rosidl_typesupport_introspection_c.h
[11.917s] -- Up-to-date symlink: /home/ubuntu/microros_ws/install/std_msgs/include/std_msgs/std_msgs/msg/detail/char__rosidl_typesupport_introspection_c.h
[11.918s] -- Up-to-date symlink: /home/ubuntu/microros_ws/install/std_msgs/include/std_msgs/std_msgs/msg/detail/color_rgba__rosidl_typesupport_introspection_c.h
[11.919s] -- Up-to-date symlink: /home/ubuntu/microros_ws/install/std_msgs/include/std_msgs/std_msgs/msg/detail/empty__rosidl_typesupport_introspection_c.h
[11.920s] -- Up-to-date symlink: /home/ubuntu/microros_ws/install/std_msgs/include/std_msgs/std_msgs/msg/detail/float32__rosidl_typesupport_introspection_c.h
[11.921s] -- Up-to-date symlink: /home/ubuntu/microros_ws/install/std_msgs/include/std_msgs/std_msgs/msg/detail/float32_multi_array__rosidl_typesupport_introspection_c.h
[11.922s] -- Up-to-date symlink: /home/ubuntu/microros_ws/install/std_msgs/include/std_msgs/std_msgs/msg/detail/float64__rosidl_typesupport_introspection_c.h
[11.923s] -- Up-to-date symlink: /home/ubuntu/microros_ws/install/std_msgs/include/std_msgs/std_msgs/msg/detail/float64_multi_array__rosidl_typesupport_introspection_c.h
[11.924s] -- Up-to-date symlink: /home/ubuntu/microros_ws/install/std_msgs/include/std_msgs/std_msgs/msg/detail/header__rosidl_typesupport_introspection_c.h
[11.925s] -- Up-to-date symlink: /home/ubuntu/microros_ws/install/std_msgs/include/std_msgs/std_msgs/msg/detail/int16__rosidl_typesupport_introspection_c.h
[11.926s] -- Up-to-date symlink: /home/ubuntu/microros_ws/install/std_msgs/include/std_msgs/std_msgs/msg/detail/int16_multi_array__rosidl_typesupport_introspection_c.h
[11.927s] -- Up-to-date symlink: /home/ubuntu/microros_ws/install/std_msgs/include/std_msgs/std_msgs/msg/detail/int32__rosidl_typesupport_introspection_c.h
[11.928s] -- Up-to-date symlink: /home/ubuntu/microros_ws/install/std_msgs/include/std_msgs/std_msgs/msg/detail/int32_multi_array__rosidl_typesupport_introspection_c.h
[11.929s] -- Up-to-date symlink: /home/ubuntu/microros_ws/install/std_msgs/include/std_msgs/std_msgs/msg/detail/int64__rosidl_typesupport_introspection_c.h
[11.930s] -- Up-to-date symlink: /home/ubuntu/microros_ws/install/std_msgs/include/std_msgs/std_msgs/msg/detail/int64_multi_array__rosidl_typesupport_introspection_c.h
[11.931s] -- Up-to-date symlink: /home/ubuntu/microros_ws/install/std_msgs/include/std_msgs/std_msgs/msg/detail/int8__rosidl_typesupport_introspection_c.h
[11.933s] -- Up-to-date symlink: /home/ubuntu/microros_ws/install/std_msgs/include/std_msgs/std_msgs/msg/detail/int8_multi_array__rosidl_typesupport_introspection_c.h
[11.934s] -- Up-to-date symlink: /home/ubuntu/microros_ws/install/std_msgs/include/std_msgs/std_msgs/msg/detail/multi_array_dimension__rosidl_typesupport_introspection_c.h
[11.935s] -- Up-to-date symlink: /home/ubuntu/microros_ws/install/std_msgs/include/std_msgs/std_msgs/msg/detail/multi_array_layout__rosidl_typesupport_introspection_c.h
[11.936s] -- Up-to-date symlink: /home/ubuntu/microros_ws/install/std_msgs/include/std_msgs/std_msgs/msg/detail/string__rosidl_typesupport_introspection_c.h
[11.937s] -- Up-to-date symlink: /home/ubuntu/microros_ws/install/std_msgs/include/std_msgs/std_msgs/msg/detail/u_int16__rosidl_typesupport_introspection_c.h
[11.938s] -- Up-to-date symlink: /home/ubuntu/microros_ws/install/std_msgs/include/std_msgs/std_msgs/msg/detail/u_int16_multi_array__rosidl_typesupport_introspection_c.h
[11.940s] -- Up-to-date symlink: /home/ubuntu/microros_ws/install/std_msgs/include/std_msgs/std_msgs/msg/detail/u_int32__rosidl_typesupport_introspection_c.h
[11.941s] -- Up-to-date symlink: /home/ubuntu/microros_ws/install/std_msgs/include/std_msgs/std_msgs/msg/detail/u_int32_multi_array__rosidl_typesupport_introspection_c.h
[11.941s] -- Up-to-date symlink: /home/ubuntu/microros_ws/install/std_msgs/include/std_msgs/std_msgs/msg/detail/u_int64__rosidl_typesupport_introspection_c.h
[11.949s] -- Up-to-date symlink: /home/ubuntu/microros_ws/install/std_msgs/include/std_msgs/std_msgs/msg/detail/u_int64_multi_array__rosidl_typesupport_introspection_c.h
[11.950s] -- Up-to-date symlink: /home/ubuntu/microros_ws/install/std_msgs/include/std_msgs/std_msgs/msg/detail/u_int8__rosidl_typesupport_introspection_c.h
[11.951s] -- Up-to-date symlink: /home/ubuntu/microros_ws/install/std_msgs/include/std_msgs/std_msgs/msg/detail/u_int8_multi_array__rosidl_typesupport_introspection_c.h
[11.951s] -- Up-to-date symlink: /home/ubuntu/microros_ws/install/std_msgs/include/std_msgs/std_msgs/msg/rosidl_typesupport_introspection_c__visibility_control.h
[11.954s] -- Up-to-date symlink: /home/ubuntu/microros_ws/install/std_msgs/include/std_msgs/std_msgs/msg/detail/bool__rosidl_typesupport_introspection_cpp.hpp
[11.955s] -- Up-to-date symlink: /home/ubuntu/microros_ws/install/std_msgs/include/std_msgs/std_msgs/msg/detail/byte__rosidl_typesupport_introspection_cpp.hpp
[11.956s] -- Up-to-date symlink: /home/ubuntu/microros_ws/install/std_msgs/include/std_msgs/std_msgs/msg/detail/byte_multi_array__rosidl_typesupport_introspection_cpp.hpp
[11.958s] -- Up-to-date symlink: /home/ubuntu/microros_ws/install/std_msgs/include/std_msgs/std_msgs/msg/detail/char__rosidl_typesupport_introspection_cpp.hpp
[11.959s] -- Up-to-date symlink: /home/ubuntu/microros_ws/install/std_msgs/include/std_msgs/std_msgs/msg/detail/color_rgba__rosidl_typesupport_introspection_cpp.hpp
[11.960s] -- Up-to-date symlink: /home/ubuntu/microros_ws/install/std_msgs/include/std_msgs/std_msgs/msg/detail/empty__rosidl_typesupport_introspection_cpp.hpp
[11.961s] -- Up-to-date symlink: /home/ubuntu/microros_ws/install/std_msgs/include/std_msgs/std_msgs/msg/detail/float32__rosidl_typesupport_introspection_cpp.hpp
[11.963s] -- Up-to-date symlink: /home/ubuntu/microros_ws/install/std_msgs/include/std_msgs/std_msgs/msg/detail/float32_multi_array__rosidl_typesupport_introspection_cpp.hpp
[11.964s] -- Up-to-date symlink: /home/ubuntu/microros_ws/install/std_msgs/include/std_msgs/std_msgs/msg/detail/float64__rosidl_typesupport_introspection_cpp.hpp
[11.965s] -- Up-to-date symlink: /home/ubuntu/microros_ws/install/std_msgs/include/std_msgs/std_msgs/msg/detail/float64_multi_array__rosidl_typesupport_introspection_cpp.hpp
[11.970s] -- Up-to-date symlink: /home/ubuntu/microros_ws/install/std_msgs/include/std_msgs/std_msgs/msg/detail/header__rosidl_typesupport_introspection_cpp.hpp
[11.971s] -- Up-to-date symlink: /home/ubuntu/microros_ws/install/std_msgs/include/std_msgs/std_msgs/msg/detail/int16__rosidl_typesupport_introspection_cpp.hpp
[11.994s] -- Up-to-date symlink: /home/ubuntu/microros_ws/install/std_msgs/include/std_msgs/std_msgs/msg/detail/int16_multi_array__rosidl_typesupport_introspection_cpp.hpp
[11.996s] -- Up-to-date symlink: /home/ubuntu/microros_ws/install/std_msgs/include/std_msgs/std_msgs/msg/detail/int32__rosidl_typesupport_introspection_cpp.hpp
[11.998s] -- Up-to-date symlink: /home/ubuntu/microros_ws/install/std_msgs/include/std_msgs/std_msgs/msg/detail/int32_multi_array__rosidl_typesupport_introspection_cpp.hpp
[12.002s] -- Up-to-date symlink: /home/ubuntu/microros_ws/install/std_msgs/include/std_msgs/std_msgs/msg/detail/int64__rosidl_typesupport_introspection_cpp.hpp
[12.005s] -- Up-to-date symlink: /home/ubuntu/microros_ws/install/std_msgs/include/std_msgs/std_msgs/msg/detail/int64_multi_array__rosidl_typesupport_introspection_cpp.hpp
[12.007s] -- Up-to-date symlink: /home/ubuntu/microros_ws/install/std_msgs/include/std_msgs/std_msgs/msg/detail/int8__rosidl_typesupport_introspection_cpp.hpp
[12.008s] -- Up-to-date symlink: /home/ubuntu/microros_ws/install/std_msgs/include/std_msgs/std_msgs/msg/detail/int8_multi_array__rosidl_typesupport_introspection_cpp.hpp
[12.009s] -- Up-to-date symlink: /home/ubuntu/microros_ws/install/std_msgs/include/std_msgs/std_msgs/msg/detail/multi_array_dimension__rosidl_typesupport_introspection_cpp.hpp
[12.011s] -- Up-to-date symlink: /home/ubuntu/microros_ws/install/std_msgs/include/std_msgs/std_msgs/msg/detail/multi_array_layout__rosidl_typesupport_introspection_cpp.hpp
[12.012s] -- Up-to-date symlink: /home/ubuntu/microros_ws/install/std_msgs/include/std_msgs/std_msgs/msg/detail/string__rosidl_typesupport_introspection_cpp.hpp
[12.013s] -- Up-to-date symlink: /home/ubuntu/microros_ws/install/std_msgs/include/std_msgs/std_msgs/msg/detail/u_int16__rosidl_typesupport_introspection_cpp.hpp
[12.015s] -- Up-to-date symlink: /home/ubuntu/microros_ws/install/std_msgs/include/std_msgs/std_msgs/msg/detail/u_int16_multi_array__rosidl_typesupport_introspection_cpp.hpp
[12.016s] -- Up-to-date symlink: /home/ubuntu/microros_ws/install/std_msgs/include/std_msgs/std_msgs/msg/detail/u_int32__rosidl_typesupport_introspection_cpp.hpp
[12.017s] -- Up-to-date symlink: /home/ubuntu/microros_ws/install/std_msgs/include/std_msgs/std_msgs/msg/detail/u_int32_multi_array__rosidl_typesupport_introspection_cpp.hpp
[12.018s] -- Up-to-date symlink: /home/ubuntu/microros_ws/install/std_msgs/include/std_msgs/std_msgs/msg/detail/u_int64__rosidl_typesupport_introspection_cpp.hpp
[12.019s] -- Up-to-date symlink: /home/ubuntu/microros_ws/install/std_msgs/include/std_msgs/std_msgs/msg/detail/u_int64_multi_array__rosidl_typesupport_introspection_cpp.hpp
[12.020s] -- Up-to-date symlink: /home/ubuntu/microros_ws/install/std_msgs/include/std_msgs/std_msgs/msg/detail/u_int8__rosidl_typesupport_introspection_cpp.hpp
[12.028s] -- Up-to-date symlink: /home/ubuntu/microros_ws/install/std_msgs/include/std_msgs/std_msgs/msg/detail/u_int8_multi_array__rosidl_typesupport_introspection_cpp.hpp
[12.030s] -- Up-to-date symlink: /home/ubuntu/microros_ws/install/std_msgs/share/std_msgs/environment/pythonpath.sh
[12.033s] -- Up-to-date symlink: /home/ubuntu/microros_ws/install/std_msgs/share/std_msgs/environment/pythonpath.dsv
[12.033s] -- Up-to-date symlink: /home/ubuntu/microros_ws/install/std_msgs/local/lib/python3.10/dist-packages/std_msgs-4.2.4-py3.10.egg-info/PKG-INFO
[12.034s] -- Up-to-date symlink: /home/ubuntu/microros_ws/install/std_msgs/local/lib/python3.10/dist-packages/std_msgs-4.2.4-py3.10.egg-info/SOURCES.txt
[12.034s] -- Up-to-date symlink: /home/ubuntu/microros_ws/install/std_msgs/local/lib/python3.10/dist-packages/std_msgs-4.2.4-py3.10.egg-info/dependency_links.txt
[12.034s] -- Up-to-date symlink: /home/ubuntu/microros_ws/install/std_msgs/local/lib/python3.10/dist-packages/std_msgs-4.2.4-py3.10.egg-info/top_level.txt
[12.048s] -- Up-to-date symlink: /home/ubuntu/microros_ws/install/std_msgs/local/lib/python3.10/dist-packages/std_msgs/__init__.py
[12.049s] -- Up-to-date symlink: /home/ubuntu/microros_ws/install/std_msgs/local/lib/python3.10/dist-packages/std_msgs/_std_msgs_s.ep.rosidl_typesupport_c.c
[12.050s] -- Up-to-date symlink: /home/ubuntu/microros_ws/install/std_msgs/local/lib/python3.10/dist-packages/std_msgs/_std_msgs_s.ep.rosidl_typesupport_fastrtps_c.c
[12.051s] -- Up-to-date symlink: /home/ubuntu/microros_ws/install/std_msgs/local/lib/python3.10/dist-packages/std_msgs/_std_msgs_s.ep.rosidl_typesupport_introspection_c.c
[12.052s] -- Up-to-date symlink: /home/ubuntu/microros_ws/install/std_msgs/local/lib/python3.10/dist-packages/std_msgs/_std_msgs_s.ep.rosidl_typesupport_microxrcedds_c.c
[12.053s] -- Up-to-date symlink: /home/ubuntu/microros_ws/install/std_msgs/local/lib/python3.10/dist-packages/std_msgs/libstd_msgs__rosidl_generator_py.so
[12.055s] -- Up-to-date symlink: /home/ubuntu/microros_ws/install/std_msgs/local/lib/python3.10/dist-packages/std_msgs/msg/__init__.py
[12.056s] -- Up-to-date symlink: /home/ubuntu/microros_ws/install/std_msgs/local/lib/python3.10/dist-packages/std_msgs/msg/_bool.py
[12.057s] -- Up-to-date symlink: /home/ubuntu/microros_ws/install/std_msgs/local/lib/python3.10/dist-packages/std_msgs/msg/_bool_s.c
[12.058s] -- Up-to-date symlink: /home/ubuntu/microros_ws/install/std_msgs/local/lib/python3.10/dist-packages/std_msgs/msg/_byte.py
[12.059s] -- Up-to-date symlink: /home/ubuntu/microros_ws/install/std_msgs/local/lib/python3.10/dist-packages/std_msgs/msg/_byte_multi_array.py
[12.060s] -- Up-to-date symlink: /home/ubuntu/microros_ws/install/std_msgs/local/lib/python3.10/dist-packages/std_msgs/msg/_byte_multi_array_s.c
[12.061s] -- Up-to-date symlink: /home/ubuntu/microros_ws/install/std_msgs/local/lib/python3.10/dist-packages/std_msgs/msg/_byte_s.c
[12.063s] -- Up-to-date symlink: /home/ubuntu/microros_ws/install/std_msgs/local/lib/python3.10/dist-packages/std_msgs/msg/_char.py
[12.064s] -- Up-to-date symlink: /home/ubuntu/microros_ws/install/std_msgs/local/lib/python3.10/dist-packages/std_msgs/msg/_char_s.c
[12.065s] -- Up-to-date symlink: /home/ubuntu/microros_ws/install/std_msgs/local/lib/python3.10/dist-packages/std_msgs/msg/_color_rgba.py
[12.067s] -- Up-to-date symlink: /home/ubuntu/microros_ws/install/std_msgs/local/lib/python3.10/dist-packages/std_msgs/msg/_color_rgba_s.c
[12.095s] -- Up-to-date symlink: /home/ubuntu/microros_ws/install/std_msgs/local/lib/python3.10/dist-packages/std_msgs/msg/_empty.py
[12.095s] -- Up-to-date symlink: /home/ubuntu/microros_ws/install/std_msgs/local/lib/python3.10/dist-packages/std_msgs/msg/_empty_s.c
[12.096s] -- Up-to-date symlink: /home/ubuntu/microros_ws/install/std_msgs/local/lib/python3.10/dist-packages/std_msgs/msg/_float32.py
[12.097s] -- Up-to-date symlink: /home/ubuntu/microros_ws/install/std_msgs/local/lib/python3.10/dist-packages/std_msgs/msg/_float32_multi_array.py
[12.098s] -- Up-to-date symlink: /home/ubuntu/microros_ws/install/std_msgs/local/lib/python3.10/dist-packages/std_msgs/msg/_float32_multi_array_s.c
[12.099s] -- Up-to-date symlink: /home/ubuntu/microros_ws/install/std_msgs/local/lib/python3.10/dist-packages/std_msgs/msg/_float32_s.c
[12.100s] -- Up-to-date symlink: /home/ubuntu/microros_ws/install/std_msgs/local/lib/python3.10/dist-packages/std_msgs/msg/_float64.py
[12.101s] -- Up-to-date symlink: /home/ubuntu/microros_ws/install/std_msgs/local/lib/python3.10/dist-packages/std_msgs/msg/_float64_multi_array.py
[12.102s] -- Up-to-date symlink: /home/ubuntu/microros_ws/install/std_msgs/local/lib/python3.10/dist-packages/std_msgs/msg/_float64_multi_array_s.c
[12.103s] -- Up-to-date symlink: /home/ubuntu/microros_ws/install/std_msgs/local/lib/python3.10/dist-packages/std_msgs/msg/_float64_s.c
[12.104s] -- Up-to-date symlink: /home/ubuntu/microros_ws/install/std_msgs/local/lib/python3.10/dist-packages/std_msgs/msg/_header.py
[12.106s] -- Up-to-date symlink: /home/ubuntu/microros_ws/install/std_msgs/local/lib/python3.10/dist-packages/std_msgs/msg/_header_s.c
[12.107s] -- Up-to-date symlink: /home/ubuntu/microros_ws/install/std_msgs/local/lib/python3.10/dist-packages/std_msgs/msg/_int16.py
[12.108s] -- Up-to-date symlink: /home/ubuntu/microros_ws/install/std_msgs/local/lib/python3.10/dist-packages/std_msgs/msg/_int16_multi_array.py
[12.108s] -- Up-to-date symlink: /home/ubuntu/microros_ws/install/std_msgs/local/lib/python3.10/dist-packages/std_msgs/msg/_int16_multi_array_s.c
[12.109s] -- Up-to-date symlink: /home/ubuntu/microros_ws/install/std_msgs/local/lib/python3.10/dist-packages/std_msgs/msg/_int16_s.c
[12.110s] -- Up-to-date symlink: /home/ubuntu/microros_ws/install/std_msgs/local/lib/python3.10/dist-packages/std_msgs/msg/_int32.py
[12.110s] -- Up-to-date symlink: /home/ubuntu/microros_ws/install/std_msgs/local/lib/python3.10/dist-packages/std_msgs/msg/_int32_multi_array.py
[12.111s] -- Up-to-date symlink: /home/ubuntu/microros_ws/install/std_msgs/local/lib/python3.10/dist-packages/std_msgs/msg/_int32_multi_array_s.c
[12.112s] -- Up-to-date symlink: /home/ubuntu/microros_ws/install/std_msgs/local/lib/python3.10/dist-packages/std_msgs/msg/_int32_s.c
[12.113s] -- Up-to-date symlink: /home/ubuntu/microros_ws/install/std_msgs/local/lib/python3.10/dist-packages/std_msgs/msg/_int64.py
[12.114s] -- Up-to-date symlink: /home/ubuntu/microros_ws/install/std_msgs/local/lib/python3.10/dist-packages/std_msgs/msg/_int64_multi_array.py
[12.115s] -- Up-to-date symlink: /home/ubuntu/microros_ws/install/std_msgs/local/lib/python3.10/dist-packages/std_msgs/msg/_int64_multi_array_s.c
[12.115s] -- Up-to-date symlink: /home/ubuntu/microros_ws/install/std_msgs/local/lib/python3.10/dist-packages/std_msgs/msg/_int64_s.c
[12.117s] -- Up-to-date symlink: /home/ubuntu/microros_ws/install/std_msgs/local/lib/python3.10/dist-packages/std_msgs/msg/_int8.py
[12.119s] -- Up-to-date symlink: /home/ubuntu/microros_ws/install/std_msgs/local/lib/python3.10/dist-packages/std_msgs/msg/_int8_multi_array.py
[12.119s] -- Up-to-date symlink: /home/ubuntu/microros_ws/install/std_msgs/local/lib/python3.10/dist-packages/std_msgs/msg/_int8_multi_array_s.c
[12.120s] -- Up-to-date symlink: /home/ubuntu/microros_ws/install/std_msgs/local/lib/python3.10/dist-packages/std_msgs/msg/_int8_s.c
[12.122s] -- Up-to-date symlink: /home/ubuntu/microros_ws/install/std_msgs/local/lib/python3.10/dist-packages/std_msgs/msg/_multi_array_dimension.py
[12.123s] -- Up-to-date symlink: /home/ubuntu/microros_ws/install/std_msgs/local/lib/python3.10/dist-packages/std_msgs/msg/_multi_array_dimension_s.c
[12.124s] -- Up-to-date symlink: /home/ubuntu/microros_ws/install/std_msgs/local/lib/python3.10/dist-packages/std_msgs/msg/_multi_array_layout.py
[12.125s] -- Up-to-date symlink: /home/ubuntu/microros_ws/install/std_msgs/local/lib/python3.10/dist-packages/std_msgs/msg/_multi_array_layout_s.c
[12.126s] -- Up-to-date symlink: /home/ubuntu/microros_ws/install/std_msgs/local/lib/python3.10/dist-packages/std_msgs/msg/_string.py
[12.127s] -- Up-to-date symlink: /home/ubuntu/microros_ws/install/std_msgs/local/lib/python3.10/dist-packages/std_msgs/msg/_string_s.c
[12.128s] -- Up-to-date symlink: /home/ubuntu/microros_ws/install/std_msgs/local/lib/python3.10/dist-packages/std_msgs/msg/_u_int16.py
[12.129s] -- Up-to-date symlink: /home/ubuntu/microros_ws/install/std_msgs/local/lib/python3.10/dist-packages/std_msgs/msg/_u_int16_multi_array.py
[12.130s] -- Up-to-date symlink: /home/ubuntu/microros_ws/install/std_msgs/local/lib/python3.10/dist-packages/std_msgs/msg/_u_int16_multi_array_s.c
[12.130s] -- Up-to-date symlink: /home/ubuntu/microros_ws/install/std_msgs/local/lib/python3.10/dist-packages/std_msgs/msg/_u_int16_s.c
[12.131s] -- Up-to-date symlink: /home/ubuntu/microros_ws/install/std_msgs/local/lib/python3.10/dist-packages/std_msgs/msg/_u_int32.py
[12.131s] -- Up-to-date symlink: /home/ubuntu/microros_ws/install/std_msgs/local/lib/python3.10/dist-packages/std_msgs/msg/_u_int32_multi_array.py
[12.132s] -- Up-to-date symlink: /home/ubuntu/microros_ws/install/std_msgs/local/lib/python3.10/dist-packages/std_msgs/msg/_u_int32_multi_array_s.c
[12.132s] -- Up-to-date symlink: /home/ubuntu/microros_ws/install/std_msgs/local/lib/python3.10/dist-packages/std_msgs/msg/_u_int32_s.c
[12.133s] -- Up-to-date symlink: /home/ubuntu/microros_ws/install/std_msgs/local/lib/python3.10/dist-packages/std_msgs/msg/_u_int64.py
[12.134s] -- Up-to-date symlink: /home/ubuntu/microros_ws/install/std_msgs/local/lib/python3.10/dist-packages/std_msgs/msg/_u_int64_multi_array.py
[12.134s] -- Up-to-date symlink: /home/ubuntu/microros_ws/install/std_msgs/local/lib/python3.10/dist-packages/std_msgs/msg/_u_int64_multi_array_s.c
[12.135s] -- Up-to-date symlink: /home/ubuntu/microros_ws/install/std_msgs/local/lib/python3.10/dist-packages/std_msgs/msg/_u_int64_s.c
[12.138s] -- Up-to-date symlink: /home/ubuntu/microros_ws/install/std_msgs/local/lib/python3.10/dist-packages/std_msgs/msg/_u_int8.py
[12.138s] -- Up-to-date symlink: /home/ubuntu/microros_ws/install/std_msgs/local/lib/python3.10/dist-packages/std_msgs/msg/_u_int8_multi_array.py
[12.139s] -- Up-to-date symlink: /home/ubuntu/microros_ws/install/std_msgs/local/lib/python3.10/dist-packages/std_msgs/msg/_u_int8_multi_array_s.c
[12.140s] -- Up-to-date symlink: /home/ubuntu/microros_ws/install/std_msgs/local/lib/python3.10/dist-packages/std_msgs/msg/_u_int8_s.c
[12.142s] -- Up-to-date symlink: /home/ubuntu/microros_ws/install/std_msgs/local/lib/python3.10/dist-packages/std_msgs/std_msgs_s__rosidl_typesupport_c.cpython-310-aarch64-linux-gnu.so
[12.143s] -- Up-to-date symlink: /home/ubuntu/microros_ws/install/std_msgs/local/lib/python3.10/dist-packages/std_msgs/std_msgs_s__rosidl_typesupport_fastrtps_c.cpython-310-aarch64-linux-gnu.so
[12.144s] -- Up-to-date symlink: /home/ubuntu/microros_ws/install/std_msgs/local/lib/python3.10/dist-packages/std_msgs/std_msgs_s__rosidl_typesupport_introspection_c.cpython-310-aarch64-linux-gnu.so
[12.145s] -- Up-to-date symlink: /home/ubuntu/microros_ws/install/std_msgs/local/lib/python3.10/dist-packages/std_msgs/std_msgs_s__rosidl_typesupport_microxrcedds_c.cpython-310-aarch64-linux-gnu.so
[12.147s] -- Up-to-date symlink: /home/ubuntu/microros_ws/install/std_msgs/local/lib/python3.10/dist-packages/std_msgs/std_msgs_s__rosidl_typesupport_fastrtps_c.cpython-310-aarch64-linux-gnu.so
[12.149s] -- Up-to-date symlink: /home/ubuntu/microros_ws/install/std_msgs/local/lib/python3.10/dist-packages/std_msgs/std_msgs_s__rosidl_typesupport_introspection_c.cpython-310-aarch64-linux-gnu.so
[12.151s] -- Up-to-date symlink: /home/ubuntu/microros_ws/install/std_msgs/local/lib/python3.10/dist-packages/std_msgs/std_msgs_s__rosidl_typesupport_c.cpython-310-aarch64-linux-gnu.so
[12.153s] -- Up-to-date symlink: /home/ubuntu/microros_ws/install/std_msgs/share/std_msgs/msg/Bool.idl
[12.154s] -- Up-to-date symlink: /home/ubuntu/microros_ws/install/std_msgs/share/std_msgs/msg/Byte.idl
[12.155s] -- Up-to-date symlink: /home/ubuntu/microros_ws/install/std_msgs/share/std_msgs/msg/ByteMultiArray.idl
[12.157s] -- Up-to-date symlink: /home/ubuntu/microros_ws/install/std_msgs/share/std_msgs/msg/Char.idl
[12.158s] -- Up-to-date symlink: /home/ubuntu/microros_ws/install/std_msgs/share/std_msgs/msg/ColorRGBA.idl
[12.160s] -- Up-to-date symlink: /home/ubuntu/microros_ws/install/std_msgs/share/std_msgs/msg/Empty.idl
[12.161s] -- Up-to-date symlink: /home/ubuntu/microros_ws/install/std_msgs/share/std_msgs/msg/Float32.idl
[12.163s] -- Up-to-date symlink: /home/ubuntu/microros_ws/install/std_msgs/share/std_msgs/msg/Float32MultiArray.idl
[12.164s] -- Up-to-date symlink: /home/ubuntu/microros_ws/install/std_msgs/share/std_msgs/msg/Float64.idl
[12.165s] -- Up-to-date symlink: /home/ubuntu/microros_ws/install/std_msgs/share/std_msgs/msg/Float64MultiArray.idl
[12.167s] -- Up-to-date symlink: /home/ubuntu/microros_ws/install/std_msgs/share/std_msgs/msg/Header.idl
[12.173s] -- Up-to-date symlink: /home/ubuntu/microros_ws/install/std_msgs/share/std_msgs/msg/Int16.idl
[12.176s] -- Up-to-date symlink: /home/ubuntu/microros_ws/install/std_msgs/share/std_msgs/msg/Int16MultiArray.idl
[12.179s] -- Up-to-date symlink: /home/ubuntu/microros_ws/install/std_msgs/share/std_msgs/msg/Int32.idl
[12.180s] -- Up-to-date symlink: /home/ubuntu/microros_ws/install/std_msgs/share/std_msgs/msg/Int32MultiArray.idl
[12.185s] -- Up-to-date symlink: /home/ubuntu/microros_ws/install/std_msgs/share/std_msgs/msg/Int64.idl
[12.186s] -- Up-to-date symlink: /home/ubuntu/microros_ws/install/std_msgs/share/std_msgs/msg/Int64MultiArray.idl
[12.187s] -- Up-to-date symlink: /home/ubuntu/microros_ws/install/std_msgs/share/std_msgs/msg/Int8.idl
[12.187s] -- Up-to-date symlink: /home/ubuntu/microros_ws/install/std_msgs/share/std_msgs/msg/Int8MultiArray.idl
[12.187s] -- Up-to-date symlink: /home/ubuntu/microros_ws/install/std_msgs/share/std_msgs/msg/MultiArrayDimension.idl
[12.194s] -- Up-to-date symlink: /home/ubuntu/microros_ws/install/std_msgs/share/std_msgs/msg/MultiArrayLayout.idl
[12.198s] -- Up-to-date symlink: /home/ubuntu/microros_ws/install/std_msgs/share/std_msgs/msg/String.idl
[12.201s] -- Up-to-date symlink: /home/ubuntu/microros_ws/install/std_msgs/share/std_msgs/msg/UInt16.idl
[12.203s] -- Up-to-date symlink: /home/ubuntu/microros_ws/install/std_msgs/share/std_msgs/msg/UInt16MultiArray.idl
[12.205s] -- Up-to-date symlink: /home/ubuntu/microros_ws/install/std_msgs/share/std_msgs/msg/UInt32.idl
[12.207s] -- Up-to-date symlink: /home/ubuntu/microros_ws/install/std_msgs/share/std_msgs/msg/UInt32MultiArray.idl
[12.208s] -- Up-to-date symlink: /home/ubuntu/microros_ws/install/std_msgs/share/std_msgs/msg/UInt64.idl
[12.209s] -- Up-to-date symlink: /home/ubuntu/microros_ws/install/std_msgs/share/std_msgs/msg/UInt64MultiArray.idl
[12.210s] -- Up-to-date symlink: /home/ubuntu/microros_ws/install/std_msgs/share/std_msgs/msg/UInt8.idl
[12.211s] -- Up-to-date symlink: /home/ubuntu/microros_ws/install/std_msgs/share/std_msgs/msg/UInt8MultiArray.idl
[12.212s] -- Up-to-date symlink: /home/ubuntu/microros_ws/install/std_msgs/share/std_msgs/msg/Bool.msg
[12.213s] -- Up-to-date symlink: /home/ubuntu/microros_ws/install/std_msgs/share/std_msgs/msg/Byte.msg
[12.214s] -- Up-to-date symlink: /home/ubuntu/microros_ws/install/std_msgs/share/std_msgs/msg/ByteMultiArray.msg
[12.215s] -- Up-to-date symlink: /home/ubuntu/microros_ws/install/std_msgs/share/std_msgs/msg/Char.msg
[12.217s] -- Up-to-date symlink: /home/ubuntu/microros_ws/install/std_msgs/share/std_msgs/msg/ColorRGBA.msg
[12.218s] -- Up-to-date symlink: /home/ubuntu/microros_ws/install/std_msgs/share/std_msgs/msg/Empty.msg
[12.219s] -- Up-to-date symlink: /home/ubuntu/microros_ws/install/std_msgs/share/std_msgs/msg/Float32.msg
[12.220s] -- Up-to-date symlink: /home/ubuntu/microros_ws/install/std_msgs/share/std_msgs/msg/Float32MultiArray.msg
[12.221s] -- Up-to-date symlink: /home/ubuntu/microros_ws/install/std_msgs/share/std_msgs/msg/Float64.msg
[12.222s] -- Up-to-date symlink: /home/ubuntu/microros_ws/install/std_msgs/share/std_msgs/msg/Float64MultiArray.msg
[12.223s] -- Up-to-date symlink: /home/ubuntu/microros_ws/install/std_msgs/share/std_msgs/msg/Header.msg
[12.225s] -- Up-to-date symlink: /home/ubuntu/microros_ws/install/std_msgs/share/std_msgs/msg/Int16.msg
[12.226s] -- Up-to-date symlink: /home/ubuntu/microros_ws/install/std_msgs/share/std_msgs/msg/Int16MultiArray.msg
[12.226s] -- Up-to-date symlink: /home/ubuntu/microros_ws/install/std_msgs/share/std_msgs/msg/Int32.msg
[12.227s] -- Up-to-date symlink: /home/ubuntu/microros_ws/install/std_msgs/share/std_msgs/msg/Int32MultiArray.msg
[12.229s] -- Up-to-date symlink: /home/ubuntu/microros_ws/install/std_msgs/share/std_msgs/msg/Int64.msg
[12.230s] -- Up-to-date symlink: /home/ubuntu/microros_ws/install/std_msgs/share/std_msgs/msg/Int64MultiArray.msg
[12.231s] -- Up-to-date symlink: /home/ubuntu/microros_ws/install/std_msgs/share/std_msgs/msg/Int8.msg
[12.232s] -- Up-to-date symlink: /home/ubuntu/microros_ws/install/std_msgs/share/std_msgs/msg/Int8MultiArray.msg
[12.233s] -- Up-to-date symlink: /home/ubuntu/microros_ws/install/std_msgs/share/std_msgs/msg/MultiArrayDimension.msg
[12.250s] -- Up-to-date symlink: /home/ubuntu/microros_ws/install/std_msgs/share/std_msgs/msg/MultiArrayLayout.msg
[12.250s] -- Up-to-date symlink: /home/ubuntu/microros_ws/install/std_msgs/share/std_msgs/msg/String.msg
[12.251s] -- Up-to-date symlink: /home/ubuntu/microros_ws/install/std_msgs/share/std_msgs/msg/UInt16.msg
[12.252s] -- Up-to-date symlink: /home/ubuntu/microros_ws/install/std_msgs/share/std_msgs/msg/UInt16MultiArray.msg
[12.252s] -- Up-to-date symlink: /home/ubuntu/microros_ws/install/std_msgs/share/std_msgs/msg/UInt32.msg
[12.253s] -- Up-to-date symlink: /home/ubuntu/microros_ws/install/std_msgs/share/std_msgs/msg/UInt32MultiArray.msg
[12.263s] -- Up-to-date symlink: /home/ubuntu/microros_ws/install/std_msgs/share/std_msgs/msg/UInt64.msg
[12.264s] -- Up-to-date symlink: /home/ubuntu/microros_ws/install/std_msgs/share/std_msgs/msg/UInt64MultiArray.msg
[12.264s] -- Up-to-date symlink: /home/ubuntu/microros_ws/install/std_msgs/share/std_msgs/msg/UInt8.msg
[12.264s] -- Up-to-date symlink: /home/ubuntu/microros_ws/install/std_msgs/share/std_msgs/msg/UInt8MultiArray.msg
[12.265s] -- Up-to-date symlink: /home/ubuntu/microros_ws/install/std_msgs/share/ament_index/resource_index/package_run_dependencies/std_msgs
[12.265s] -- Up-to-date symlink: /home/ubuntu/microros_ws/install/std_msgs/share/ament_index/resource_index/parent_prefix_path/std_msgs
[12.266s] -- Up-to-date symlink: /home/ubuntu/microros_ws/install/std_msgs/share/std_msgs/environment/ament_prefix_path.sh
[12.267s] -- Up-to-date symlink: /home/ubuntu/microros_ws/install/std_msgs/share/std_msgs/environment/ament_prefix_path.dsv
[12.270s] -- Up-to-date symlink: /home/ubuntu/microros_ws/install/std_msgs/share/std_msgs/environment/path.sh
[12.270s] -- Up-to-date symlink: /home/ubuntu/microros_ws/install/std_msgs/share/std_msgs/environment/path.dsv
[12.271s] -- Up-to-date symlink: /home/ubuntu/microros_ws/install/std_msgs/share/std_msgs/local_setup.bash
[12.280s] -- Up-to-date symlink: /home/ubuntu/microros_ws/install/std_msgs/share/std_msgs/local_setup.sh
[12.282s] -- Up-to-date symlink: /home/ubuntu/microros_ws/install/std_msgs/share/std_msgs/local_setup.zsh
[12.285s] -- Up-to-date symlink: /home/ubuntu/microros_ws/install/std_msgs/share/std_msgs/local_setup.dsv
[12.285s] -- Symlinking: /home/ubuntu/microros_ws/install/std_msgs/share/std_msgs/package.dsv
[12.323s] -- Up-to-date symlink: /home/ubuntu/microros_ws/install/std_msgs/share/ament_index/resource_index/packages/std_msgs
[12.324s] -- Up-to-date symlink: /home/ubuntu/microros_ws/install/std_msgs/share/std_msgs/cmake/rosidl_cmake-extras.cmake
[12.327s] -- Up-to-date symlink: /home/ubuntu/microros_ws/install/std_msgs/share/std_msgs/cmake/ament_cmake_export_dependencies-extras.cmake
[12.328s] -- Up-to-date symlink: /home/ubuntu/microros_ws/install/std_msgs/share/std_msgs/cmake/ament_cmake_export_include_directories-extras.cmake
[12.330s] -- Up-to-date symlink: /home/ubuntu/microros_ws/install/std_msgs/share/std_msgs/cmake/ament_cmake_export_libraries-extras.cmake
[12.331s] -- Up-to-date symlink: /home/ubuntu/microros_ws/install/std_msgs/share/std_msgs/cmake/ament_cmake_export_targets-extras.cmake
[12.334s] -- Up-to-date symlink: /home/ubuntu/microros_ws/install/std_msgs/share/std_msgs/cmake/rosidl_cmake_export_typesupport_targets-extras.cmake
[12.336s] -- Up-to-date symlink: /home/ubuntu/microros_ws/install/std_msgs/share/std_msgs/cmake/rosidl_cmake_export_typesupport_libraries-extras.cmake
[12.338s] -- Up-to-date symlink: /home/ubuntu/microros_ws/install/std_msgs/share/std_msgs/cmake/std_msgsConfig.cmake
[12.339s] -- Up-to-date symlink: /home/ubuntu/microros_ws/install/std_msgs/share/std_msgs/cmake/std_msgsConfig-version.cmake
[12.346s] -- Up-to-date symlink: /home/ubuntu/microros_ws/install/std_msgs/share/std_msgs/package.xml
[12.349s] -- Up-to-date: /home/ubuntu/microros_ws/install/std_msgs/lib/libstd_msgs__rosidl_generator_c.so
[12.350s] -- Up-to-date: /home/ubuntu/microros_ws/install/std_msgs/lib/libstd_msgs__rosidl_typesupport_fastrtps_c.so
[12.350s] -- Up-to-date: /home/ubuntu/microros_ws/install/std_msgs/lib/libstd_msgs__rosidl_typesupport_fastrtps_cpp.so
[12.351s] -- Up-to-date: /home/ubuntu/microros_ws/install/std_msgs/lib/libstd_msgs__rosidl_typesupport_introspection_c.so
[12.353s] -- Up-to-date: /home/ubuntu/microros_ws/install/std_msgs/lib/libstd_msgs__rosidl_typesupport_c.so
[12.355s] -- Up-to-date: /home/ubuntu/microros_ws/install/std_msgs/lib/libstd_msgs__rosidl_typesupport_introspection_cpp.so
[12.359s] -- Up-to-date: /home/ubuntu/microros_ws/install/std_msgs/lib/libstd_msgs__rosidl_typesupport_cpp.so
[12.574s] Listing '/home/ubuntu/microros_ws/install/std_msgs/local/lib/python3.10/dist-packages/std_msgs'...
[12.576s] Listing '/home/ubuntu/microros_ws/install/std_msgs/local/lib/python3.10/dist-packages/std_msgs/msg'...
[12.617s] -- Up-to-date: /home/ubuntu/microros_ws/install/std_msgs/lib/libstd_msgs__rosidl_generator_py.so
[12.620s] -- Up-to-date: /home/ubuntu/microros_ws/install/std_msgs/share/std_msgs/cmake/export_std_msgs__rosidl_generator_cExport.cmake
[12.621s] -- Up-to-date: /home/ubuntu/microros_ws/install/std_msgs/share/std_msgs/cmake/export_std_msgs__rosidl_generator_cExport-noconfig.cmake
[12.623s] -- Up-to-date: /home/ubuntu/microros_ws/install/std_msgs/share/std_msgs/cmake/export_std_msgs__rosidl_typesupport_fastrtps_cExport.cmake
[12.625s] -- Up-to-date: /home/ubuntu/microros_ws/install/std_msgs/share/std_msgs/cmake/export_std_msgs__rosidl_typesupport_fastrtps_cExport-noconfig.cmake
[12.627s] -- Up-to-date: /home/ubuntu/microros_ws/install/std_msgs/share/std_msgs/cmake/export_std_msgs__rosidl_generator_cppExport.cmake
[12.630s] -- Up-to-date: /home/ubuntu/microros_ws/install/std_msgs/share/std_msgs/cmake/export_std_msgs__rosidl_typesupport_fastrtps_cppExport.cmake
[12.631s] -- Up-to-date: /home/ubuntu/microros_ws/install/std_msgs/share/std_msgs/cmake/export_std_msgs__rosidl_typesupport_fastrtps_cppExport-noconfig.cmake
[12.634s] -- Up-to-date: /home/ubuntu/microros_ws/install/std_msgs/share/std_msgs/cmake/std_msgs__rosidl_typesupport_introspection_cExport.cmake
[12.635s] -- Up-to-date: /home/ubuntu/microros_ws/install/std_msgs/share/std_msgs/cmake/std_msgs__rosidl_typesupport_introspection_cExport-noconfig.cmake
[12.637s] -- Up-to-date: /home/ubuntu/microros_ws/install/std_msgs/share/std_msgs/cmake/std_msgs__rosidl_typesupport_cExport.cmake
[12.640s] -- Up-to-date: /home/ubuntu/microros_ws/install/std_msgs/share/std_msgs/cmake/std_msgs__rosidl_typesupport_cExport-noconfig.cmake
[12.640s] -- Up-to-date: /home/ubuntu/microros_ws/install/std_msgs/share/std_msgs/cmake/std_msgs__rosidl_typesupport_introspection_cppExport.cmake
[12.641s] -- Up-to-date: /home/ubuntu/microros_ws/install/std_msgs/share/std_msgs/cmake/std_msgs__rosidl_typesupport_introspection_cppExport-noconfig.cmake
[12.642s] -- Up-to-date: /home/ubuntu/microros_ws/install/std_msgs/share/std_msgs/cmake/std_msgs__rosidl_typesupport_cppExport.cmake
[12.642s] -- Up-to-date: /home/ubuntu/microros_ws/install/std_msgs/share/std_msgs/cmake/std_msgs__rosidl_typesupport_cppExport-noconfig.cmake
[12.644s] -- Up-to-date: /home/ubuntu/microros_ws/install/std_msgs/share/std_msgs/cmake/export_std_msgs__rosidl_generator_pyExport.cmake
[12.645s] -- Up-to-date: /home/ubuntu/microros_ws/install/std_msgs/share/std_msgs/cmake/export_std_msgs__rosidl_generator_pyExport-noconfig.cmake
[12.662s] Invoked command in '/home/ubuntu/microros_ws/build/std_msgs' returned '0': AMENT_PREFIX_PATH=/home/ubuntu/microros_ws/install/builtin_interfaces:${AMENT_PREFIX_PATH} CMAKE_PREFIX_PATH=/home/ubuntu/microros_ws/install/builtin_interfaces:/opt/ros/humble LD_LIBRARY_PATH=/home/ubuntu/microros_ws/install/builtin_interfaces/lib:${LD_LIBRARY_PATH} PYTHONPATH=/home/ubuntu/microros_ws/install/builtin_interfaces/local/lib/python3.10/dist-packages:${PYTHONPATH} /usr/bin/cmake --install /home/ubuntu/microros_ws/build/std_msgs
