[0.484s] Invoking command in '/home/ubuntu/microros_ws/build/action_msgs': CMAKE_PREFIX_PATH=/home/ubuntu/microros_ws/install/unique_identifier_msgs:/home/ubuntu/microros_ws/install/builtin_interfaces:/home/ubuntu/microros_ws/install/micro_ros_demos_rclc:/home/ubuntu/microros_ws/install/common_interfaces:/home/ubuntu/microros_ws/install/visualization_msgs:/home/ubuntu/microros_ws/install/test_msgs:/home/ubuntu/microros_ws/install/example_interfaces:/home/ubuntu/microros_ws/install/action_msgs:/home/ubuntu/microros_ws/install/trajectory_msgs:/home/ubuntu/microros_ws/install/stereo_msgs:/home/ubuntu/microros_ws/install/std_srvs:/home/ubuntu/microros_ws/install/shape_msgs:/home/ubuntu/microros_ws/install/sensor_msgs:/home/ubuntu/microros_ws/install/nav_msgs:/home/ubuntu/microros_ws/install/diagnostic_msgs:/home/ubuntu/microros_ws/install/geometry_msgs:/home/ubuntu/microros_ws/install/actionlib_msgs:/home/ubuntu/microros_ws/install/std_msgs:/home/ubuntu/microros_ws/install/statistics_msgs:/home/ubuntu/microros_ws/install/rosidl_typesupport_microxrcedds_test_msg:/home/ubuntu/microros_ws/install/rosidl_typesupport_microxrcedds_cpp_tests:/home/ubuntu/microros_ws/install/rmw_microxrcedds:/home/ubuntu/microros_ws/install/rosidl_typesupport_microxrcedds_cpp:/home/ubuntu/microros_ws/install/rosidl_typesupport_microxrcedds_c_tests:/home/ubuntu/microros_ws/install/rosidl_typesupport_microxrcedds_c:/home/ubuntu/microros_ws/install/rosgraph_msgs:/home/ubuntu/microros_ws/install/rclc_parameter:/home/ubuntu/microros_ws/install/rclc:/home/ubuntu/microros_ws/install/composition_interfaces:/home/ubuntu/microros_ws/install/rcl_interfaces:/home/ubuntu/microros_ws/install/microxrcedds_client:/home/ubuntu/microros_ws/install/microcdr:/home/ubuntu/microros_ws/install/micro_ros_utilities:/home/ubuntu/microros_ws/install/micro_ros_setup:/home/ubuntu/microros_ws/install/micro_ros_agent:/home/ubuntu/microros_ws/install/micro_ros_msgs:/home/ubuntu/microros_ws/install/lifecycle_msgs:/home/ubuntu/microros_ws/install/complex_msgs:/home/ubuntu/microros_ws/install/sensor_msgs_py:/opt/ros/humble LD_LIBRARY_PATH=/home/ubuntu/microros_ws/install/unique_identifier_msgs/lib:/home/ubuntu/microros_ws/install/builtin_interfaces/lib:/home/ubuntu/microros_ws/install/visualization_msgs/lib:/home/ubuntu/microros_ws/install/test_msgs/lib:/home/ubuntu/microros_ws/install/example_interfaces/lib:/home/ubuntu/microros_ws/install/action_msgs/lib:/home/ubuntu/microros_ws/install/trajectory_msgs/lib:/home/ubuntu/microros_ws/install/stereo_msgs/lib:/home/ubuntu/microros_ws/install/std_srvs/lib:/home/ubuntu/microros_ws/install/shape_msgs/lib:/home/ubuntu/microros_ws/install/sensor_msgs/lib:/home/ubuntu/microros_ws/install/nav_msgs/lib:/home/ubuntu/microros_ws/install/diagnostic_msgs/lib:/home/ubuntu/microros_ws/install/geometry_msgs/lib:/home/ubuntu/microros_ws/install/actionlib_msgs/lib:/home/ubuntu/microros_ws/install/std_msgs/lib:/home/ubuntu/microros_ws/install/statistics_msgs/lib:/home/ubuntu/microros_ws/install/rmw_microxrcedds/lib:/home/ubuntu/microros_ws/install/rosidl_typesupport_microxrcedds_cpp/lib:/home/ubuntu/microros_ws/install/rosidl_typesupport_microxrcedds_c/lib:/home/ubuntu/microros_ws/install/rosgraph_msgs/lib:/home/ubuntu/microros_ws/install/rclc_parameter/lib:/home/ubuntu/microros_ws/install/rclc/lib:/home/ubuntu/microros_ws/install/composition_interfaces/lib:/home/ubuntu/microros_ws/install/rcl_interfaces/lib:/home/ubuntu/microros_ws/install/microxrcedds_client/lib:/home/ubuntu/microros_ws/install/microcdr/lib:/home/ubuntu/microros_ws/install/micro_ros_utilities/lib:/home/ubuntu/microros_ws/install/micro_ros_agent/lib:/home/ubuntu/microros_ws/install/micro_ros_msgs/lib:/home/ubuntu/microros_ws/install/lifecycle_msgs/lib:/home/ubuntu/microros_ws/install/complex_msgs/lib:/opt/ros/humble/opt/rviz_ogre_vendor/lib:/opt/ros/humble/lib/aarch64-linux-gnu:/opt/ros/humble/lib /usr/bin/cmake /home/ubuntu/microros_ws/src/ros2/rcl_interfaces/action_msgs -DCMAKE_INSTALL_PREFIX=/home/ubuntu/microros_ws/install/action_msgs
[0.722s] -- Found ament_cmake: 1.3.9 (/opt/ros/humble/share/ament_cmake/cmake)
[2.407s] -- Found builtin_interfaces: 1.2.1 (/home/ubuntu/microros_ws/install/builtin_interfaces/share/builtin_interfaces/cmake)
[2.714s] -- Found rosidl_generator_c: 3.1.5 (/opt/ros/humble/share/rosidl_generator_c/cmake)
[2.731s] -- Found rosidl_adapter: 3.1.5 (/opt/ros/humble/share/rosidl_adapter/cmake)
[2.783s] -- Found rosidl_generator_cpp: 3.1.5 (/opt/ros/humble/share/rosidl_generator_cpp/cmake)
[2.944s] -- Using all available rosidl_typesupport_c: rosidl_typesupport_microxrcedds_c;rosidl_typesupport_fastrtps_c;rosidl_typesupport_introspection_c
[3.143s] -- Using all available rosidl_typesupport_cpp: rosidl_typesupport_microxrcedds_cpp;rosidl_typesupport_fastrtps_cpp;rosidl_typesupport_introspection_cpp
[3.341s] -- Found rosidl_default_generators: 1.2.0 (/opt/ros/humble/share/rosidl_default_generators/cmake)
[3.449s] -- Found unique_identifier_msgs: 2.2.1 (/home/ubuntu/microros_ws/install/unique_identifier_msgs/share/unique_identifier_msgs/cmake)
[7.174s] -- Found ament_cmake_ros: 0.10.0 (/opt/ros/humble/share/ament_cmake_ros/cmake)
[12.141s] -- Using all available rosidl_typesupport_c: rosidl_typesupport_microxrcedds_c;rosidl_typesupport_fastrtps_c;rosidl_typesupport_introspection_c
[14.578s] -- Using all available rosidl_typesupport_cpp: rosidl_typesupport_microxrcedds_cpp;rosidl_typesupport_fastrtps_cpp;rosidl_typesupport_introspection_cpp
[14.892s] -- Found python_cmake_module: 0.10.0 (/opt/ros/humble/share/python_cmake_module/cmake)
[15.220s] -- Using PYTHON_EXECUTABLE: /usr/bin/python3
[15.220s] -- Using PYTHON_INCLUDE_DIRS: /usr/include/python3.10
[15.221s] -- Using PYTHON_LIBRARIES: /usr/lib/aarch64-linux-gnu/libpython3.10.so
[15.780s] -- Configuring done
[16.822s] -- Generating done
[16.871s] -- Build files have been written to: /home/ubuntu/microros_ws/build/action_msgs
[16.934s] Invoked command in '/home/ubuntu/microros_ws/build/action_msgs' returned '0': CMAKE_PREFIX_PATH=/home/ubuntu/microros_ws/install/unique_identifier_msgs:/home/ubuntu/microros_ws/install/builtin_interfaces:/home/ubuntu/microros_ws/install/micro_ros_demos_rclc:/home/ubuntu/microros_ws/install/common_interfaces:/home/ubuntu/microros_ws/install/visualization_msgs:/home/ubuntu/microros_ws/install/test_msgs:/home/ubuntu/microros_ws/install/example_interfaces:/home/ubuntu/microros_ws/install/action_msgs:/home/ubuntu/microros_ws/install/trajectory_msgs:/home/ubuntu/microros_ws/install/stereo_msgs:/home/ubuntu/microros_ws/install/std_srvs:/home/ubuntu/microros_ws/install/shape_msgs:/home/ubuntu/microros_ws/install/sensor_msgs:/home/ubuntu/microros_ws/install/nav_msgs:/home/ubuntu/microros_ws/install/diagnostic_msgs:/home/ubuntu/microros_ws/install/geometry_msgs:/home/ubuntu/microros_ws/install/actionlib_msgs:/home/ubuntu/microros_ws/install/std_msgs:/home/ubuntu/microros_ws/install/statistics_msgs:/home/ubuntu/microros_ws/install/rosidl_typesupport_microxrcedds_test_msg:/home/ubuntu/microros_ws/install/rosidl_typesupport_microxrcedds_cpp_tests:/home/ubuntu/microros_ws/install/rmw_microxrcedds:/home/ubuntu/microros_ws/install/rosidl_typesupport_microxrcedds_cpp:/home/ubuntu/microros_ws/install/rosidl_typesupport_microxrcedds_c_tests:/home/ubuntu/microros_ws/install/rosidl_typesupport_microxrcedds_c:/home/ubuntu/microros_ws/install/rosgraph_msgs:/home/ubuntu/microros_ws/install/rclc_parameter:/home/ubuntu/microros_ws/install/rclc:/home/ubuntu/microros_ws/install/composition_interfaces:/home/ubuntu/microros_ws/install/rcl_interfaces:/home/ubuntu/microros_ws/install/microxrcedds_client:/home/ubuntu/microros_ws/install/microcdr:/home/ubuntu/microros_ws/install/micro_ros_utilities:/home/ubuntu/microros_ws/install/micro_ros_setup:/home/ubuntu/microros_ws/install/micro_ros_agent:/home/ubuntu/microros_ws/install/micro_ros_msgs:/home/ubuntu/microros_ws/install/lifecycle_msgs:/home/ubuntu/microros_ws/install/complex_msgs:/home/ubuntu/microros_ws/install/sensor_msgs_py:/opt/ros/humble LD_LIBRARY_PATH=/home/ubuntu/microros_ws/install/unique_identifier_msgs/lib:/home/ubuntu/microros_ws/install/builtin_interfaces/lib:/home/ubuntu/microros_ws/install/visualization_msgs/lib:/home/ubuntu/microros_ws/install/test_msgs/lib:/home/ubuntu/microros_ws/install/example_interfaces/lib:/home/ubuntu/microros_ws/install/action_msgs/lib:/home/ubuntu/microros_ws/install/trajectory_msgs/lib:/home/ubuntu/microros_ws/install/stereo_msgs/lib:/home/ubuntu/microros_ws/install/std_srvs/lib:/home/ubuntu/microros_ws/install/shape_msgs/lib:/home/ubuntu/microros_ws/install/sensor_msgs/lib:/home/ubuntu/microros_ws/install/nav_msgs/lib:/home/ubuntu/microros_ws/install/diagnostic_msgs/lib:/home/ubuntu/microros_ws/install/geometry_msgs/lib:/home/ubuntu/microros_ws/install/actionlib_msgs/lib:/home/ubuntu/microros_ws/install/std_msgs/lib:/home/ubuntu/microros_ws/install/statistics_msgs/lib:/home/ubuntu/microros_ws/install/rmw_microxrcedds/lib:/home/ubuntu/microros_ws/install/rosidl_typesupport_microxrcedds_cpp/lib:/home/ubuntu/microros_ws/install/rosidl_typesupport_microxrcedds_c/lib:/home/ubuntu/microros_ws/install/rosgraph_msgs/lib:/home/ubuntu/microros_ws/install/rclc_parameter/lib:/home/ubuntu/microros_ws/install/rclc/lib:/home/ubuntu/microros_ws/install/composition_interfaces/lib:/home/ubuntu/microros_ws/install/rcl_interfaces/lib:/home/ubuntu/microros_ws/install/microxrcedds_client/lib:/home/ubuntu/microros_ws/install/microcdr/lib:/home/ubuntu/microros_ws/install/micro_ros_utilities/lib:/home/ubuntu/microros_ws/install/micro_ros_agent/lib:/home/ubuntu/microros_ws/install/micro_ros_msgs/lib:/home/ubuntu/microros_ws/install/lifecycle_msgs/lib:/home/ubuntu/microros_ws/install/complex_msgs/lib:/opt/ros/humble/opt/rviz_ogre_vendor/lib:/opt/ros/humble/lib/aarch64-linux-gnu:/opt/ros/humble/lib /usr/bin/cmake /home/ubuntu/microros_ws/src/ros2/rcl_interfaces/action_msgs -DCMAKE_INSTALL_PREFIX=/home/ubuntu/microros_ws/install/action_msgs
[16.960s] Invoking command in '/home/ubuntu/microros_ws/build/action_msgs': CMAKE_PREFIX_PATH=/home/ubuntu/microros_ws/install/unique_identifier_msgs:/home/ubuntu/microros_ws/install/builtin_interfaces:/home/ubuntu/microros_ws/install/micro_ros_demos_rclc:/home/ubuntu/microros_ws/install/common_interfaces:/home/ubuntu/microros_ws/install/visualization_msgs:/home/ubuntu/microros_ws/install/test_msgs:/home/ubuntu/microros_ws/install/example_interfaces:/home/ubuntu/microros_ws/install/action_msgs:/home/ubuntu/microros_ws/install/trajectory_msgs:/home/ubuntu/microros_ws/install/stereo_msgs:/home/ubuntu/microros_ws/install/std_srvs:/home/ubuntu/microros_ws/install/shape_msgs:/home/ubuntu/microros_ws/install/sensor_msgs:/home/ubuntu/microros_ws/install/nav_msgs:/home/ubuntu/microros_ws/install/diagnostic_msgs:/home/ubuntu/microros_ws/install/geometry_msgs:/home/ubuntu/microros_ws/install/actionlib_msgs:/home/ubuntu/microros_ws/install/std_msgs:/home/ubuntu/microros_ws/install/statistics_msgs:/home/ubuntu/microros_ws/install/rosidl_typesupport_microxrcedds_test_msg:/home/ubuntu/microros_ws/install/rosidl_typesupport_microxrcedds_cpp_tests:/home/ubuntu/microros_ws/install/rmw_microxrcedds:/home/ubuntu/microros_ws/install/rosidl_typesupport_microxrcedds_cpp:/home/ubuntu/microros_ws/install/rosidl_typesupport_microxrcedds_c_tests:/home/ubuntu/microros_ws/install/rosidl_typesupport_microxrcedds_c:/home/ubuntu/microros_ws/install/rosgraph_msgs:/home/ubuntu/microros_ws/install/rclc_parameter:/home/ubuntu/microros_ws/install/rclc:/home/ubuntu/microros_ws/install/composition_interfaces:/home/ubuntu/microros_ws/install/rcl_interfaces:/home/ubuntu/microros_ws/install/microxrcedds_client:/home/ubuntu/microros_ws/install/microcdr:/home/ubuntu/microros_ws/install/micro_ros_utilities:/home/ubuntu/microros_ws/install/micro_ros_setup:/home/ubuntu/microros_ws/install/micro_ros_agent:/home/ubuntu/microros_ws/install/micro_ros_msgs:/home/ubuntu/microros_ws/install/lifecycle_msgs:/home/ubuntu/microros_ws/install/complex_msgs:/home/ubuntu/microros_ws/install/sensor_msgs_py:/opt/ros/humble LD_LIBRARY_PATH=/home/ubuntu/microros_ws/install/unique_identifier_msgs/lib:/home/ubuntu/microros_ws/install/builtin_interfaces/lib:/home/ubuntu/microros_ws/install/visualization_msgs/lib:/home/ubuntu/microros_ws/install/test_msgs/lib:/home/ubuntu/microros_ws/install/example_interfaces/lib:/home/ubuntu/microros_ws/install/action_msgs/lib:/home/ubuntu/microros_ws/install/trajectory_msgs/lib:/home/ubuntu/microros_ws/install/stereo_msgs/lib:/home/ubuntu/microros_ws/install/std_srvs/lib:/home/ubuntu/microros_ws/install/shape_msgs/lib:/home/ubuntu/microros_ws/install/sensor_msgs/lib:/home/ubuntu/microros_ws/install/nav_msgs/lib:/home/ubuntu/microros_ws/install/diagnostic_msgs/lib:/home/ubuntu/microros_ws/install/geometry_msgs/lib:/home/ubuntu/microros_ws/install/actionlib_msgs/lib:/home/ubuntu/microros_ws/install/std_msgs/lib:/home/ubuntu/microros_ws/install/statistics_msgs/lib:/home/ubuntu/microros_ws/install/rmw_microxrcedds/lib:/home/ubuntu/microros_ws/install/rosidl_typesupport_microxrcedds_cpp/lib:/home/ubuntu/microros_ws/install/rosidl_typesupport_microxrcedds_c/lib:/home/ubuntu/microros_ws/install/rosgraph_msgs/lib:/home/ubuntu/microros_ws/install/rclc_parameter/lib:/home/ubuntu/microros_ws/install/rclc/lib:/home/ubuntu/microros_ws/install/composition_interfaces/lib:/home/ubuntu/microros_ws/install/rcl_interfaces/lib:/home/ubuntu/microros_ws/install/microxrcedds_client/lib:/home/ubuntu/microros_ws/install/microcdr/lib:/home/ubuntu/microros_ws/install/micro_ros_utilities/lib:/home/ubuntu/microros_ws/install/micro_ros_agent/lib:/home/ubuntu/microros_ws/install/micro_ros_msgs/lib:/home/ubuntu/microros_ws/install/lifecycle_msgs/lib:/home/ubuntu/microros_ws/install/complex_msgs/lib:/opt/ros/humble/opt/rviz_ogre_vendor/lib:/opt/ros/humble/lib/aarch64-linux-gnu:/opt/ros/humble/lib /usr/bin/cmake --build /home/ubuntu/microros_ws/build/action_msgs -- -j4 -l4
[17.617s] [35m[1mConsolidate compiler generated dependencies of target action_msgs__rosidl_generator_c[0m
[17.847s] [  8%] Built target action_msgs__rosidl_generator_c
[18.348s] [  8%] Built target ament_cmake_python_copy_action_msgs
[18.571s] [35m[1mConsolidate compiler generated dependencies of target action_msgs__rosidl_typesupport_microxrcedds_c[0m
[18.765s] [ 10%] [32m[1mLinking C shared library libaction_msgs__rosidl_typesupport_microxrcedds_c.so[0m
[19.364s] [ 17%] Built target action_msgs__rosidl_typesupport_microxrcedds_c
[19.519s] [35m[1mConsolidate compiler generated dependencies of target action_msgs__rosidl_typesupport_introspection_c[0m
[19.765s] [ 26%] Built target action_msgs__rosidl_typesupport_introspection_c
[19.956s] [35m[1mConsolidate compiler generated dependencies of target action_msgs__rosidl_typesupport_c[0m
[20.124s] [ 27%] [32m[1mLinking CXX shared library libaction_msgs__rosidl_typesupport_c.so[0m
[20.736s] [ 34%] Built target action_msgs__rosidl_typesupport_c
[23.861s] running egg_info
[23.866s] writing action_msgs.egg-info/PKG-INFO
[23.870s] writing dependency_links to action_msgs.egg-info/dependency_links.txt
[23.871s] writing top-level names to action_msgs.egg-info/top_level.txt
[23.890s] reading manifest file 'action_msgs.egg-info/SOURCES.txt'
[23.909s] writing manifest file 'action_msgs.egg-info/SOURCES.txt'
[24.172s] [ 34%] Built target ament_cmake_python_build_action_msgs_egg
[24.345s] [35m[1mConsolidate compiler generated dependencies of target action_msgs__rosidl_typesupport_fastrtps_c[0m
[24.504s] [ 43%] Built target action_msgs__rosidl_typesupport_fastrtps_c
[24.844s] [ 44%] Built target action_msgs__cpp
[25.046s] [35m[1mConsolidate compiler generated dependencies of target action_msgs__rosidl_typesupport_fastrtps_cpp[0m
[25.283s] [ 53%] Built target action_msgs__rosidl_typesupport_fastrtps_cpp
[25.486s] [35m[1mConsolidate compiler generated dependencies of target action_msgs__rosidl_typesupport_cpp[0m
[25.762s] [ 55%] [32m[1mLinking CXX shared library libaction_msgs__rosidl_typesupport_cpp.so[0m
[26.296s] [ 62%] Built target action_msgs__rosidl_typesupport_cpp
[26.488s] [35m[1mConsolidate compiler generated dependencies of target action_msgs__rosidl_typesupport_introspection_cpp[0m
[26.679s] [ 71%] Built target action_msgs__rosidl_typesupport_introspection_cpp
[26.914s] [35m[1mConsolidate compiler generated dependencies of target action_msgs__rosidl_typesupport_microxrcedds_cpp[0m
[27.184s] [ 72%] [32m[1mLinking CXX shared library libaction_msgs__rosidl_typesupport_microxrcedds_cpp.so[0m
[28.033s] [ 79%] Built target action_msgs__rosidl_typesupport_microxrcedds_cpp
[28.301s] [ 79%] Built target action_msgs
[28.633s] [ 81%] Built target action_msgs__py
[28.867s] [35m[1mConsolidate compiler generated dependencies of target action_msgs__rosidl_generator_py[0m
[29.094s] [ 82%] [32m[1mLinking C shared library rosidl_generator_py/action_msgs/libaction_msgs__rosidl_generator_py.so[0m
[29.652s] [ 88%] Built target action_msgs__rosidl_generator_py
[29.828s] [35m[1mConsolidate compiler generated dependencies of target action_msgs__rosidl_typesupport_microxrcedds_c__pyext[0m
[30.024s] [ 89%] [32m[1mLinking C shared library rosidl_generator_py/action_msgs/action_msgs_s__rosidl_typesupport_microxrcedds_c.cpython-310-aarch64-linux-gnu.so[0m
[30.653s] [ 91%] Built target action_msgs__rosidl_typesupport_microxrcedds_c__pyext
[30.801s] [35m[1mConsolidate compiler generated dependencies of target action_msgs__rosidl_typesupport_c__pyext[0m
[30.962s] [ 92%] [32m[1mLinking C shared library rosidl_generator_py/action_msgs/action_msgs_s__rosidl_typesupport_c.cpython-310-aarch64-linux-gnu.so[0m
[31.588s] [ 94%] Built target action_msgs__rosidl_typesupport_c__pyext
[31.750s] [35m[1mConsolidate compiler generated dependencies of target action_msgs__rosidl_typesupport_introspection_c__pyext[0m
[31.990s] [ 95%] [32m[1mLinking C shared library rosidl_generator_py/action_msgs/action_msgs_s__rosidl_typesupport_introspection_c.cpython-310-aarch64-linux-gnu.so[0m
[32.724s] [ 97%] Built target action_msgs__rosidl_typesupport_introspection_c__pyext
[32.865s] [35m[1mConsolidate compiler generated dependencies of target action_msgs__rosidl_typesupport_fastrtps_c__pyext[0m
[33.132s] [ 98%] [32m[1mLinking C shared library rosidl_generator_py/action_msgs/action_msgs_s__rosidl_typesupport_fastrtps_c.cpython-310-aarch64-linux-gnu.so[0m
[33.791s] [100%] Built target action_msgs__rosidl_typesupport_fastrtps_c__pyext
[33.935s] Invoked command in '/home/ubuntu/microros_ws/build/action_msgs' returned '0': CMAKE_PREFIX_PATH=/home/ubuntu/microros_ws/install/unique_identifier_msgs:/home/ubuntu/microros_ws/install/builtin_interfaces:/home/ubuntu/microros_ws/install/micro_ros_demos_rclc:/home/ubuntu/microros_ws/install/common_interfaces:/home/ubuntu/microros_ws/install/visualization_msgs:/home/ubuntu/microros_ws/install/test_msgs:/home/ubuntu/microros_ws/install/example_interfaces:/home/ubuntu/microros_ws/install/action_msgs:/home/ubuntu/microros_ws/install/trajectory_msgs:/home/ubuntu/microros_ws/install/stereo_msgs:/home/ubuntu/microros_ws/install/std_srvs:/home/ubuntu/microros_ws/install/shape_msgs:/home/ubuntu/microros_ws/install/sensor_msgs:/home/ubuntu/microros_ws/install/nav_msgs:/home/ubuntu/microros_ws/install/diagnostic_msgs:/home/ubuntu/microros_ws/install/geometry_msgs:/home/ubuntu/microros_ws/install/actionlib_msgs:/home/ubuntu/microros_ws/install/std_msgs:/home/ubuntu/microros_ws/install/statistics_msgs:/home/ubuntu/microros_ws/install/rosidl_typesupport_microxrcedds_test_msg:/home/ubuntu/microros_ws/install/rosidl_typesupport_microxrcedds_cpp_tests:/home/ubuntu/microros_ws/install/rmw_microxrcedds:/home/ubuntu/microros_ws/install/rosidl_typesupport_microxrcedds_cpp:/home/ubuntu/microros_ws/install/rosidl_typesupport_microxrcedds_c_tests:/home/ubuntu/microros_ws/install/rosidl_typesupport_microxrcedds_c:/home/ubuntu/microros_ws/install/rosgraph_msgs:/home/ubuntu/microros_ws/install/rclc_parameter:/home/ubuntu/microros_ws/install/rclc:/home/ubuntu/microros_ws/install/composition_interfaces:/home/ubuntu/microros_ws/install/rcl_interfaces:/home/ubuntu/microros_ws/install/microxrcedds_client:/home/ubuntu/microros_ws/install/microcdr:/home/ubuntu/microros_ws/install/micro_ros_utilities:/home/ubuntu/microros_ws/install/micro_ros_setup:/home/ubuntu/microros_ws/install/micro_ros_agent:/home/ubuntu/microros_ws/install/micro_ros_msgs:/home/ubuntu/microros_ws/install/lifecycle_msgs:/home/ubuntu/microros_ws/install/complex_msgs:/home/ubuntu/microros_ws/install/sensor_msgs_py:/opt/ros/humble LD_LIBRARY_PATH=/home/ubuntu/microros_ws/install/unique_identifier_msgs/lib:/home/ubuntu/microros_ws/install/builtin_interfaces/lib:/home/ubuntu/microros_ws/install/visualization_msgs/lib:/home/ubuntu/microros_ws/install/test_msgs/lib:/home/ubuntu/microros_ws/install/example_interfaces/lib:/home/ubuntu/microros_ws/install/action_msgs/lib:/home/ubuntu/microros_ws/install/trajectory_msgs/lib:/home/ubuntu/microros_ws/install/stereo_msgs/lib:/home/ubuntu/microros_ws/install/std_srvs/lib:/home/ubuntu/microros_ws/install/shape_msgs/lib:/home/ubuntu/microros_ws/install/sensor_msgs/lib:/home/ubuntu/microros_ws/install/nav_msgs/lib:/home/ubuntu/microros_ws/install/diagnostic_msgs/lib:/home/ubuntu/microros_ws/install/geometry_msgs/lib:/home/ubuntu/microros_ws/install/actionlib_msgs/lib:/home/ubuntu/microros_ws/install/std_msgs/lib:/home/ubuntu/microros_ws/install/statistics_msgs/lib:/home/ubuntu/microros_ws/install/rmw_microxrcedds/lib:/home/ubuntu/microros_ws/install/rosidl_typesupport_microxrcedds_cpp/lib:/home/ubuntu/microros_ws/install/rosidl_typesupport_microxrcedds_c/lib:/home/ubuntu/microros_ws/install/rosgraph_msgs/lib:/home/ubuntu/microros_ws/install/rclc_parameter/lib:/home/ubuntu/microros_ws/install/rclc/lib:/home/ubuntu/microros_ws/install/composition_interfaces/lib:/home/ubuntu/microros_ws/install/rcl_interfaces/lib:/home/ubuntu/microros_ws/install/microxrcedds_client/lib:/home/ubuntu/microros_ws/install/microcdr/lib:/home/ubuntu/microros_ws/install/micro_ros_utilities/lib:/home/ubuntu/microros_ws/install/micro_ros_agent/lib:/home/ubuntu/microros_ws/install/micro_ros_msgs/lib:/home/ubuntu/microros_ws/install/lifecycle_msgs/lib:/home/ubuntu/microros_ws/install/complex_msgs/lib:/opt/ros/humble/opt/rviz_ogre_vendor/lib:/opt/ros/humble/lib/aarch64-linux-gnu:/opt/ros/humble/lib /usr/bin/cmake --build /home/ubuntu/microros_ws/build/action_msgs -- -j4 -l4
[38.214s] Invoking command in '/home/ubuntu/microros_ws/build/action_msgs': CMAKE_PREFIX_PATH=/home/ubuntu/microros_ws/install/unique_identifier_msgs:/home/ubuntu/microros_ws/install/builtin_interfaces:/home/ubuntu/microros_ws/install/micro_ros_demos_rclc:/home/ubuntu/microros_ws/install/common_interfaces:/home/ubuntu/microros_ws/install/visualization_msgs:/home/ubuntu/microros_ws/install/test_msgs:/home/ubuntu/microros_ws/install/example_interfaces:/home/ubuntu/microros_ws/install/action_msgs:/home/ubuntu/microros_ws/install/trajectory_msgs:/home/ubuntu/microros_ws/install/stereo_msgs:/home/ubuntu/microros_ws/install/std_srvs:/home/ubuntu/microros_ws/install/shape_msgs:/home/ubuntu/microros_ws/install/sensor_msgs:/home/ubuntu/microros_ws/install/nav_msgs:/home/ubuntu/microros_ws/install/diagnostic_msgs:/home/ubuntu/microros_ws/install/geometry_msgs:/home/ubuntu/microros_ws/install/actionlib_msgs:/home/ubuntu/microros_ws/install/std_msgs:/home/ubuntu/microros_ws/install/statistics_msgs:/home/ubuntu/microros_ws/install/rosidl_typesupport_microxrcedds_test_msg:/home/ubuntu/microros_ws/install/rosidl_typesupport_microxrcedds_cpp_tests:/home/ubuntu/microros_ws/install/rmw_microxrcedds:/home/ubuntu/microros_ws/install/rosidl_typesupport_microxrcedds_cpp:/home/ubuntu/microros_ws/install/rosidl_typesupport_microxrcedds_c_tests:/home/ubuntu/microros_ws/install/rosidl_typesupport_microxrcedds_c:/home/ubuntu/microros_ws/install/rosgraph_msgs:/home/ubuntu/microros_ws/install/rclc_parameter:/home/ubuntu/microros_ws/install/rclc:/home/ubuntu/microros_ws/install/composition_interfaces:/home/ubuntu/microros_ws/install/rcl_interfaces:/home/ubuntu/microros_ws/install/microxrcedds_client:/home/ubuntu/microros_ws/install/microcdr:/home/ubuntu/microros_ws/install/micro_ros_utilities:/home/ubuntu/microros_ws/install/micro_ros_setup:/home/ubuntu/microros_ws/install/micro_ros_agent:/home/ubuntu/microros_ws/install/micro_ros_msgs:/home/ubuntu/microros_ws/install/lifecycle_msgs:/home/ubuntu/microros_ws/install/complex_msgs:/home/ubuntu/microros_ws/install/sensor_msgs_py:/opt/ros/humble LD_LIBRARY_PATH=/home/ubuntu/microros_ws/install/unique_identifier_msgs/lib:/home/ubuntu/microros_ws/install/builtin_interfaces/lib:/home/ubuntu/microros_ws/install/visualization_msgs/lib:/home/ubuntu/microros_ws/install/test_msgs/lib:/home/ubuntu/microros_ws/install/example_interfaces/lib:/home/ubuntu/microros_ws/install/action_msgs/lib:/home/ubuntu/microros_ws/install/trajectory_msgs/lib:/home/ubuntu/microros_ws/install/stereo_msgs/lib:/home/ubuntu/microros_ws/install/std_srvs/lib:/home/ubuntu/microros_ws/install/shape_msgs/lib:/home/ubuntu/microros_ws/install/sensor_msgs/lib:/home/ubuntu/microros_ws/install/nav_msgs/lib:/home/ubuntu/microros_ws/install/diagnostic_msgs/lib:/home/ubuntu/microros_ws/install/geometry_msgs/lib:/home/ubuntu/microros_ws/install/actionlib_msgs/lib:/home/ubuntu/microros_ws/install/std_msgs/lib:/home/ubuntu/microros_ws/install/statistics_msgs/lib:/home/ubuntu/microros_ws/install/rmw_microxrcedds/lib:/home/ubuntu/microros_ws/install/rosidl_typesupport_microxrcedds_cpp/lib:/home/ubuntu/microros_ws/install/rosidl_typesupport_microxrcedds_c/lib:/home/ubuntu/microros_ws/install/rosgraph_msgs/lib:/home/ubuntu/microros_ws/install/rclc_parameter/lib:/home/ubuntu/microros_ws/install/rclc/lib:/home/ubuntu/microros_ws/install/composition_interfaces/lib:/home/ubuntu/microros_ws/install/rcl_interfaces/lib:/home/ubuntu/microros_ws/install/microxrcedds_client/lib:/home/ubuntu/microros_ws/install/microcdr/lib:/home/ubuntu/microros_ws/install/micro_ros_utilities/lib:/home/ubuntu/microros_ws/install/micro_ros_agent/lib:/home/ubuntu/microros_ws/install/micro_ros_msgs/lib:/home/ubuntu/microros_ws/install/lifecycle_msgs/lib:/home/ubuntu/microros_ws/install/complex_msgs/lib:/opt/ros/humble/opt/rviz_ogre_vendor/lib:/opt/ros/humble/lib/aarch64-linux-gnu:/opt/ros/humble/lib /usr/bin/cmake --install /home/ubuntu/microros_ws/build/action_msgs
[38.332s] -- Install configuration: ""
[38.432s] -- Up-to-date: /home/ubuntu/microros_ws/install/action_msgs/share/ament_index/resource_index/rosidl_interfaces/action_msgs
[38.440s] -- Up-to-date: /home/ubuntu/microros_ws/install/action_msgs/include/action_msgs/action_msgs
[38.441s] -- Up-to-date: /home/ubuntu/microros_ws/install/action_msgs/include/action_msgs/action_msgs/srv
[38.467s] -- Up-to-date: /home/ubuntu/microros_ws/install/action_msgs/include/action_msgs/action_msgs/srv/cancel_goal.h
[38.468s] -- Up-to-date: /home/ubuntu/microros_ws/install/action_msgs/include/action_msgs/action_msgs/srv/detail
[38.469s] -- Up-to-date: /home/ubuntu/microros_ws/install/action_msgs/include/action_msgs/action_msgs/srv/detail/cancel_goal__functions.c
[38.469s] -- Up-to-date: /home/ubuntu/microros_ws/install/action_msgs/include/action_msgs/action_msgs/srv/detail/cancel_goal__functions.h
[38.469s] -- Up-to-date: /home/ubuntu/microros_ws/install/action_msgs/include/action_msgs/action_msgs/srv/detail/cancel_goal__struct.h
[38.470s] -- Up-to-date: /home/ubuntu/microros_ws/install/action_msgs/include/action_msgs/action_msgs/srv/detail/cancel_goal__type_support.h
[38.470s] -- Up-to-date: /home/ubuntu/microros_ws/install/action_msgs/include/action_msgs/action_msgs/msg
[38.470s] -- Up-to-date: /home/ubuntu/microros_ws/install/action_msgs/include/action_msgs/action_msgs/msg/goal_info.h
[38.471s] -- Up-to-date: /home/ubuntu/microros_ws/install/action_msgs/include/action_msgs/action_msgs/msg/goal_status.h
[38.471s] -- Up-to-date: /home/ubuntu/microros_ws/install/action_msgs/include/action_msgs/action_msgs/msg/detail
[38.492s] -- Up-to-date: /home/ubuntu/microros_ws/install/action_msgs/include/action_msgs/action_msgs/msg/detail/goal_status__type_support.h
[38.499s] -- Up-to-date: /home/ubuntu/microros_ws/install/action_msgs/include/action_msgs/action_msgs/msg/detail/goal_info__type_support.h
[38.499s] -- Up-to-date: /home/ubuntu/microros_ws/install/action_msgs/include/action_msgs/action_msgs/msg/detail/goal_info__functions.h
[38.502s] -- Up-to-date: /home/ubuntu/microros_ws/install/action_msgs/include/action_msgs/action_msgs/msg/detail/goal_status_array__type_support.h
[38.503s] -- Up-to-date: /home/ubuntu/microros_ws/install/action_msgs/include/action_msgs/action_msgs/msg/detail/goal_status_array__functions.h
[38.503s] -- Up-to-date: /home/ubuntu/microros_ws/install/action_msgs/include/action_msgs/action_msgs/msg/detail/goal_info__functions.c
[38.504s] -- Up-to-date: /home/ubuntu/microros_ws/install/action_msgs/include/action_msgs/action_msgs/msg/detail/goal_info__struct.h
[38.504s] -- Up-to-date: /home/ubuntu/microros_ws/install/action_msgs/include/action_msgs/action_msgs/msg/detail/goal_status__functions.c
[38.505s] -- Up-to-date: /home/ubuntu/microros_ws/install/action_msgs/include/action_msgs/action_msgs/msg/detail/goal_status__functions.h
[38.505s] -- Up-to-date: /home/ubuntu/microros_ws/install/action_msgs/include/action_msgs/action_msgs/msg/detail/goal_status_array__functions.c
[38.506s] -- Up-to-date: /home/ubuntu/microros_ws/install/action_msgs/include/action_msgs/action_msgs/msg/detail/goal_status_array__struct.h
[38.506s] -- Up-to-date: /home/ubuntu/microros_ws/install/action_msgs/include/action_msgs/action_msgs/msg/detail/goal_status__struct.h
[38.506s] -- Up-to-date: /home/ubuntu/microros_ws/install/action_msgs/include/action_msgs/action_msgs/msg/goal_status_array.h
[38.507s] -- Up-to-date: /home/ubuntu/microros_ws/install/action_msgs/include/action_msgs/action_msgs/msg/rosidl_generator_c__visibility_control.h
[38.507s] -- Up-to-date: /home/ubuntu/microros_ws/install/action_msgs/share/action_msgs/environment/library_path.sh
[38.509s] -- Installing: /home/ubuntu/microros_ws/install/action_msgs/share/action_msgs/environment/library_path.dsv
[38.509s] -- Up-to-date: /home/ubuntu/microros_ws/install/action_msgs/lib/libaction_msgs__rosidl_generator_c.so
[38.510s] -- Up-to-date: /home/ubuntu/microros_ws/install/action_msgs/include/action_msgs/action_msgs
[38.511s] -- Up-to-date: /home/ubuntu/microros_ws/install/action_msgs/include/action_msgs/action_msgs/srv
[38.511s] -- Up-to-date: /home/ubuntu/microros_ws/install/action_msgs/include/action_msgs/action_msgs/srv/detail
[38.512s] -- Up-to-date: /home/ubuntu/microros_ws/install/action_msgs/include/action_msgs/action_msgs/srv/detail/cancel_goal__rosidl_typesupport_fastrtps_c.h
[38.512s] -- Up-to-date: /home/ubuntu/microros_ws/install/action_msgs/include/action_msgs/action_msgs/msg
[38.513s] -- Up-to-date: /home/ubuntu/microros_ws/install/action_msgs/include/action_msgs/action_msgs/msg/rosidl_typesupport_fastrtps_c__visibility_control.h
[38.513s] -- Up-to-date: /home/ubuntu/microros_ws/install/action_msgs/include/action_msgs/action_msgs/msg/detail
[38.514s] -- Up-to-date: /home/ubuntu/microros_ws/install/action_msgs/include/action_msgs/action_msgs/msg/detail/goal_status__rosidl_typesupport_fastrtps_c.h
[38.514s] -- Up-to-date: /home/ubuntu/microros_ws/install/action_msgs/include/action_msgs/action_msgs/msg/detail/goal_info__rosidl_typesupport_fastrtps_c.h
[38.515s] -- Up-to-date: /home/ubuntu/microros_ws/install/action_msgs/include/action_msgs/action_msgs/msg/detail/goal_status_array__rosidl_typesupport_fastrtps_c.h
[38.515s] -- Up-to-date: /home/ubuntu/microros_ws/install/action_msgs/lib/libaction_msgs__rosidl_typesupport_fastrtps_c.so
[38.515s] -- Up-to-date: /home/ubuntu/microros_ws/install/action_msgs/include/action_msgs/action_msgs
[38.516s] -- Up-to-date: /home/ubuntu/microros_ws/install/action_msgs/include/action_msgs/action_msgs/srv
[38.516s] -- Up-to-date: /home/ubuntu/microros_ws/install/action_msgs/include/action_msgs/action_msgs/srv/cancel_goal.hpp
[38.517s] -- Up-to-date: /home/ubuntu/microros_ws/install/action_msgs/include/action_msgs/action_msgs/srv/detail
[38.517s] -- Up-to-date: /home/ubuntu/microros_ws/install/action_msgs/include/action_msgs/action_msgs/srv/detail/cancel_goal__traits.hpp
[38.517s] -- Up-to-date: /home/ubuntu/microros_ws/install/action_msgs/include/action_msgs/action_msgs/srv/detail/cancel_goal__struct.hpp
[38.518s] -- Up-to-date: /home/ubuntu/microros_ws/install/action_msgs/include/action_msgs/action_msgs/srv/detail/cancel_goal__builder.hpp
[38.518s] -- Up-to-date: /home/ubuntu/microros_ws/install/action_msgs/include/action_msgs/action_msgs/msg
[38.519s] -- Up-to-date: /home/ubuntu/microros_ws/install/action_msgs/include/action_msgs/action_msgs/msg/goal_status_array.hpp
[38.520s] -- Up-to-date: /home/ubuntu/microros_ws/install/action_msgs/include/action_msgs/action_msgs/msg/goal_status.hpp
[38.521s] -- Up-to-date: /home/ubuntu/microros_ws/install/action_msgs/include/action_msgs/action_msgs/msg/detail
[38.521s] -- Up-to-date: /home/ubuntu/microros_ws/install/action_msgs/include/action_msgs/action_msgs/msg/detail/goal_info__struct.hpp
[38.521s] -- Up-to-date: /home/ubuntu/microros_ws/install/action_msgs/include/action_msgs/action_msgs/msg/detail/goal_info__builder.hpp
[38.522s] -- Up-to-date: /home/ubuntu/microros_ws/install/action_msgs/include/action_msgs/action_msgs/msg/detail/goal_status__builder.hpp
[38.523s] -- Up-to-date: /home/ubuntu/microros_ws/install/action_msgs/include/action_msgs/action_msgs/msg/detail/goal_info__traits.hpp
[38.523s] -- Up-to-date: /home/ubuntu/microros_ws/install/action_msgs/include/action_msgs/action_msgs/msg/detail/goal_status__struct.hpp
[38.524s] -- Up-to-date: /home/ubuntu/microros_ws/install/action_msgs/include/action_msgs/action_msgs/msg/detail/goal_status__traits.hpp
[38.524s] -- Up-to-date: /home/ubuntu/microros_ws/install/action_msgs/include/action_msgs/action_msgs/msg/detail/goal_status_array__builder.hpp
[38.525s] -- Up-to-date: /home/ubuntu/microros_ws/install/action_msgs/include/action_msgs/action_msgs/msg/detail/goal_status_array__struct.hpp
[38.525s] -- Up-to-date: /home/ubuntu/microros_ws/install/action_msgs/include/action_msgs/action_msgs/msg/detail/goal_status_array__traits.hpp
[38.526s] -- Up-to-date: /home/ubuntu/microros_ws/install/action_msgs/include/action_msgs/action_msgs/msg/goal_info.hpp
[38.526s] -- Up-to-date: /home/ubuntu/microros_ws/install/action_msgs/include/action_msgs/action_msgs
[38.526s] -- Up-to-date: /home/ubuntu/microros_ws/install/action_msgs/include/action_msgs/action_msgs/srv
[38.527s] -- Up-to-date: /home/ubuntu/microros_ws/install/action_msgs/include/action_msgs/action_msgs/srv/detail
[38.527s] -- Up-to-date: /home/ubuntu/microros_ws/install/action_msgs/include/action_msgs/action_msgs/srv/detail/dds_fastrtps
[38.528s] -- Up-to-date: /home/ubuntu/microros_ws/install/action_msgs/include/action_msgs/action_msgs/srv/detail/cancel_goal__rosidl_typesupport_fastrtps_cpp.hpp
[38.528s] -- Up-to-date: /home/ubuntu/microros_ws/install/action_msgs/include/action_msgs/action_msgs/msg
[38.529s] -- Up-to-date: /home/ubuntu/microros_ws/install/action_msgs/include/action_msgs/action_msgs/msg/rosidl_typesupport_fastrtps_cpp__visibility_control.h
[38.529s] -- Up-to-date: /home/ubuntu/microros_ws/install/action_msgs/include/action_msgs/action_msgs/msg/detail
[38.529s] -- Up-to-date: /home/ubuntu/microros_ws/install/action_msgs/include/action_msgs/action_msgs/msg/detail/goal_info__rosidl_typesupport_fastrtps_cpp.hpp
[38.530s] -- Up-to-date: /home/ubuntu/microros_ws/install/action_msgs/include/action_msgs/action_msgs/msg/detail/goal_status_array__rosidl_typesupport_fastrtps_cpp.hpp
[38.530s] -- Up-to-date: /home/ubuntu/microros_ws/install/action_msgs/include/action_msgs/action_msgs/msg/detail/goal_status__rosidl_typesupport_fastrtps_cpp.hpp
[38.531s] -- Up-to-date: /home/ubuntu/microros_ws/install/action_msgs/include/action_msgs/action_msgs/msg/detail/dds_fastrtps
[38.531s] -- Up-to-date: /home/ubuntu/microros_ws/install/action_msgs/lib/libaction_msgs__rosidl_typesupport_fastrtps_cpp.so
[38.532s] -- Up-to-date: /home/ubuntu/microros_ws/install/action_msgs/include/action_msgs
[38.532s] -- Up-to-date: /home/ubuntu/microros_ws/install/action_msgs/include/action_msgs/srv
[38.533s] -- Up-to-date: /home/ubuntu/microros_ws/install/action_msgs/include/action_msgs/srv/detail
[38.534s] -- Up-to-date: /home/ubuntu/microros_ws/install/action_msgs/include/action_msgs/srv/detail/cancel_goal__rosidl_typesupport_microxrcedds_c.h
[38.534s] -- Up-to-date: /home/ubuntu/microros_ws/install/action_msgs/include/action_msgs/srv/detail/microxrcedds
[38.534s] -- Up-to-date: /home/ubuntu/microros_ws/install/action_msgs/include/action_msgs/msg
[38.535s] -- Up-to-date: /home/ubuntu/microros_ws/install/action_msgs/include/action_msgs/msg/rosidl_typesupport_microxrcedds_c__visibility_control.h
[38.535s] -- Up-to-date: /home/ubuntu/microros_ws/install/action_msgs/include/action_msgs/msg/detail
[38.536s] -- Up-to-date: /home/ubuntu/microros_ws/install/action_msgs/include/action_msgs/msg/detail/goal_status_array__rosidl_typesupport_microxrcedds_c.h
[38.536s] -- Up-to-date: /home/ubuntu/microros_ws/install/action_msgs/include/action_msgs/msg/detail/goal_info__rosidl_typesupport_microxrcedds_c.h
[38.536s] -- Up-to-date: /home/ubuntu/microros_ws/install/action_msgs/include/action_msgs/msg/detail/microxrcedds
[38.537s] -- Up-to-date: /home/ubuntu/microros_ws/install/action_msgs/include/action_msgs/msg/detail/goal_status__rosidl_typesupport_microxrcedds_c.h
[38.537s] -- Installing: /home/ubuntu/microros_ws/install/action_msgs/lib/libaction_msgs__rosidl_typesupport_microxrcedds_c.so
[38.539s] -- Set runtime path of "/home/ubuntu/microros_ws/install/action_msgs/lib/libaction_msgs__rosidl_typesupport_microxrcedds_c.so" to ""
[38.547s] -- Up-to-date: /home/ubuntu/microros_ws/install/action_msgs/include/action_msgs/action_msgs
[38.548s] -- Up-to-date: /home/ubuntu/microros_ws/install/action_msgs/include/action_msgs/action_msgs/srv
[38.549s] -- Up-to-date: /home/ubuntu/microros_ws/install/action_msgs/include/action_msgs/action_msgs/srv/detail
[38.551s] -- Up-to-date: /home/ubuntu/microros_ws/install/action_msgs/include/action_msgs/action_msgs/srv/detail/cancel_goal__type_support.c
[38.552s] -- Up-to-date: /home/ubuntu/microros_ws/install/action_msgs/include/action_msgs/action_msgs/srv/detail/cancel_goal__rosidl_typesupport_introspection_c.h
[38.553s] -- Up-to-date: /home/ubuntu/microros_ws/install/action_msgs/include/action_msgs/action_msgs/msg
[38.554s] -- Up-to-date: /home/ubuntu/microros_ws/install/action_msgs/include/action_msgs/action_msgs/msg/detail
[38.556s] -- Up-to-date: /home/ubuntu/microros_ws/install/action_msgs/include/action_msgs/action_msgs/msg/detail/goal_status__rosidl_typesupport_introspection_c.h
[38.557s] -- Up-to-date: /home/ubuntu/microros_ws/install/action_msgs/include/action_msgs/action_msgs/msg/detail/goal_status_array__rosidl_typesupport_introspection_c.h
[38.558s] -- Up-to-date: /home/ubuntu/microros_ws/install/action_msgs/include/action_msgs/action_msgs/msg/detail/goal_info__type_support.c
[38.560s] -- Up-to-date: /home/ubuntu/microros_ws/install/action_msgs/include/action_msgs/action_msgs/msg/detail/goal_status__type_support.c
[38.561s] -- Up-to-date: /home/ubuntu/microros_ws/install/action_msgs/include/action_msgs/action_msgs/msg/detail/goal_status_array__type_support.c
[38.563s] -- Up-to-date: /home/ubuntu/microros_ws/install/action_msgs/include/action_msgs/action_msgs/msg/detail/goal_info__rosidl_typesupport_introspection_c.h
[38.565s] -- Up-to-date: /home/ubuntu/microros_ws/install/action_msgs/include/action_msgs/action_msgs/msg/rosidl_typesupport_introspection_c__visibility_control.h
[38.584s] -- Up-to-date: /home/ubuntu/microros_ws/install/action_msgs/lib/libaction_msgs__rosidl_typesupport_introspection_c.so
[38.591s] -- Installing: /home/ubuntu/microros_ws/install/action_msgs/lib/libaction_msgs__rosidl_typesupport_c.so
[38.592s] -- Set runtime path of "/home/ubuntu/microros_ws/install/action_msgs/lib/libaction_msgs__rosidl_typesupport_c.so" to ""
[38.592s] -- Up-to-date: /home/ubuntu/microros_ws/install/action_msgs/include/action_msgs
[38.593s] -- Up-to-date: /home/ubuntu/microros_ws/install/action_msgs/include/action_msgs/srv
[38.593s] -- Up-to-date: /home/ubuntu/microros_ws/install/action_msgs/include/action_msgs/srv/detail
[38.593s] -- Up-to-date: /home/ubuntu/microros_ws/install/action_msgs/include/action_msgs/srv/detail/microxrcedds
[38.597s] -- Up-to-date: /home/ubuntu/microros_ws/install/action_msgs/include/action_msgs/srv/detail/microxrcedds/cancel_goal__type_support_cpp.cpp
[38.598s] -- Up-to-date: /home/ubuntu/microros_ws/install/action_msgs/include/action_msgs/srv/detail/cancel_goal__rosidl_typesupport_microxrcedds_cpp.hpp
[38.598s] -- Up-to-date: /home/ubuntu/microros_ws/install/action_msgs/include/action_msgs/msg
[38.599s] -- Up-to-date: /home/ubuntu/microros_ws/install/action_msgs/include/action_msgs/msg/rosidl_typesupport_microxrcedds_cpp__visibility_control.h
[38.601s] -- Up-to-date: /home/ubuntu/microros_ws/install/action_msgs/include/action_msgs/msg/detail
[38.601s] -- Up-to-date: /home/ubuntu/microros_ws/install/action_msgs/include/action_msgs/msg/detail/goal_status_array__rosidl_typesupport_microxrcedds_cpp.hpp
[38.602s] -- Up-to-date: /home/ubuntu/microros_ws/install/action_msgs/include/action_msgs/msg/detail/goal_status__rosidl_typesupport_microxrcedds_cpp.hpp
[38.602s] -- Up-to-date: /home/ubuntu/microros_ws/install/action_msgs/include/action_msgs/msg/detail/microxrcedds
[38.608s] -- Up-to-date: /home/ubuntu/microros_ws/install/action_msgs/include/action_msgs/msg/detail/microxrcedds/goal_info__type_support_cpp.cpp
[38.610s] -- Up-to-date: /home/ubuntu/microros_ws/install/action_msgs/include/action_msgs/msg/detail/microxrcedds/goal_status_array__type_support_cpp.cpp
[38.611s] -- Up-to-date: /home/ubuntu/microros_ws/install/action_msgs/include/action_msgs/msg/detail/microxrcedds/goal_status__type_support_cpp.cpp
[38.613s] -- Up-to-date: /home/ubuntu/microros_ws/install/action_msgs/include/action_msgs/msg/detail/goal_info__rosidl_typesupport_microxrcedds_cpp.hpp
[38.621s] -- Installing: /home/ubuntu/microros_ws/install/action_msgs/lib/libaction_msgs__rosidl_typesupport_microxrcedds_cpp.so
[38.626s] -- Set runtime path of "/home/ubuntu/microros_ws/install/action_msgs/lib/libaction_msgs__rosidl_typesupport_microxrcedds_cpp.so" to ""
[38.627s] -- Up-to-date: /home/ubuntu/microros_ws/install/action_msgs/include/action_msgs/action_msgs
[38.629s] -- Up-to-date: /home/ubuntu/microros_ws/install/action_msgs/include/action_msgs/action_msgs/srv
[38.629s] -- Up-to-date: /home/ubuntu/microros_ws/install/action_msgs/include/action_msgs/action_msgs/srv/detail
[38.630s] -- Up-to-date: /home/ubuntu/microros_ws/install/action_msgs/include/action_msgs/action_msgs/srv/detail/cancel_goal__rosidl_typesupport_introspection_cpp.hpp
[38.631s] -- Up-to-date: /home/ubuntu/microros_ws/install/action_msgs/include/action_msgs/action_msgs/srv/detail/cancel_goal__type_support.cpp
[38.631s] -- Up-to-date: /home/ubuntu/microros_ws/install/action_msgs/include/action_msgs/action_msgs/msg
[38.632s] -- Up-to-date: /home/ubuntu/microros_ws/install/action_msgs/include/action_msgs/action_msgs/msg/detail
[38.634s] -- Up-to-date: /home/ubuntu/microros_ws/install/action_msgs/include/action_msgs/action_msgs/msg/detail/goal_info__type_support.cpp
[38.635s] -- Up-to-date: /home/ubuntu/microros_ws/install/action_msgs/include/action_msgs/action_msgs/msg/detail/goal_status__type_support.cpp
[38.635s] -- Up-to-date: /home/ubuntu/microros_ws/install/action_msgs/include/action_msgs/action_msgs/msg/detail/goal_info__rosidl_typesupport_introspection_cpp.hpp
[38.635s] -- Up-to-date: /home/ubuntu/microros_ws/install/action_msgs/include/action_msgs/action_msgs/msg/detail/goal_status_array__rosidl_typesupport_introspection_cpp.hpp
[38.636s] -- Up-to-date: /home/ubuntu/microros_ws/install/action_msgs/include/action_msgs/action_msgs/msg/detail/goal_status__rosidl_typesupport_introspection_cpp.hpp
[38.636s] -- Up-to-date: /home/ubuntu/microros_ws/install/action_msgs/include/action_msgs/action_msgs/msg/detail/goal_status_array__type_support.cpp
[38.644s] -- Up-to-date: /home/ubuntu/microros_ws/install/action_msgs/lib/libaction_msgs__rosidl_typesupport_introspection_cpp.so
[38.649s] -- Installing: /home/ubuntu/microros_ws/install/action_msgs/lib/libaction_msgs__rosidl_typesupport_cpp.so
[38.652s] -- Set runtime path of "/home/ubuntu/microros_ws/install/action_msgs/lib/libaction_msgs__rosidl_typesupport_cpp.so" to ""
[38.653s] -- Up-to-date: /home/ubuntu/microros_ws/install/action_msgs/share/action_msgs/environment/pythonpath.sh
[38.653s] -- Installing: /home/ubuntu/microros_ws/install/action_msgs/share/action_msgs/environment/pythonpath.dsv
[38.654s] -- Up-to-date: /home/ubuntu/microros_ws/install/action_msgs/local/lib/python3.10/dist-packages/action_msgs-1.2.1-py3.10.egg-info
[38.665s] -- Installing: /home/ubuntu/microros_ws/install/action_msgs/local/lib/python3.10/dist-packages/action_msgs-1.2.1-py3.10.egg-info/SOURCES.txt
[38.666s] -- Installing: /home/ubuntu/microros_ws/install/action_msgs/local/lib/python3.10/dist-packages/action_msgs-1.2.1-py3.10.egg-info/dependency_links.txt
[38.668s] -- Installing: /home/ubuntu/microros_ws/install/action_msgs/local/lib/python3.10/dist-packages/action_msgs-1.2.1-py3.10.egg-info/PKG-INFO
[38.670s] -- Installing: /home/ubuntu/microros_ws/install/action_msgs/local/lib/python3.10/dist-packages/action_msgs-1.2.1-py3.10.egg-info/top_level.txt
[38.675s] -- Up-to-date: /home/ubuntu/microros_ws/install/action_msgs/local/lib/python3.10/dist-packages/action_msgs
[38.681s] -- Installing: /home/ubuntu/microros_ws/install/action_msgs/local/lib/python3.10/dist-packages/action_msgs/__init__.py
[38.683s] -- Installing: /home/ubuntu/microros_ws/install/action_msgs/local/lib/python3.10/dist-packages/action_msgs/action_msgs_s__rosidl_typesupport_fastrtps_c.cpython-310-aarch64-linux-gnu.so
[38.688s] -- Installing: /home/ubuntu/microros_ws/install/action_msgs/local/lib/python3.10/dist-packages/action_msgs/libaction_msgs__rosidl_generator_py.so
[38.693s] -- Up-to-date: /home/ubuntu/microros_ws/install/action_msgs/local/lib/python3.10/dist-packages/action_msgs/_action_msgs_s.ep.rosidl_typesupport_fastrtps_c.c
[38.701s] -- Installing: /home/ubuntu/microros_ws/install/action_msgs/local/lib/python3.10/dist-packages/action_msgs/action_msgs_s__rosidl_typesupport_introspection_c.cpython-310-aarch64-linux-gnu.so
[38.704s] -- Installing: /home/ubuntu/microros_ws/install/action_msgs/local/lib/python3.10/dist-packages/action_msgs/action_msgs_s__rosidl_typesupport_c.cpython-310-aarch64-linux-gnu.so
[38.706s] -- Installing: /home/ubuntu/microros_ws/install/action_msgs/local/lib/python3.10/dist-packages/action_msgs/action_msgs_s__rosidl_typesupport_microxrcedds_c.cpython-310-aarch64-linux-gnu.so
[38.708s] -- Up-to-date: /home/ubuntu/microros_ws/install/action_msgs/local/lib/python3.10/dist-packages/action_msgs/_action_msgs_s.ep.rosidl_typesupport_microxrcedds_c.c
[38.709s] -- Up-to-date: /home/ubuntu/microros_ws/install/action_msgs/local/lib/python3.10/dist-packages/action_msgs/srv
[38.714s] -- Up-to-date: /home/ubuntu/microros_ws/install/action_msgs/local/lib/python3.10/dist-packages/action_msgs/srv/__init__.py
[38.715s] -- Up-to-date: /home/ubuntu/microros_ws/install/action_msgs/local/lib/python3.10/dist-packages/action_msgs/srv/_cancel_goal.py
[38.715s] -- Up-to-date: /home/ubuntu/microros_ws/install/action_msgs/local/lib/python3.10/dist-packages/action_msgs/srv/_cancel_goal_s.c
[38.716s] -- Up-to-date: /home/ubuntu/microros_ws/install/action_msgs/local/lib/python3.10/dist-packages/action_msgs/_action_msgs_s.ep.rosidl_typesupport_c.c
[38.717s] -- Up-to-date: /home/ubuntu/microros_ws/install/action_msgs/local/lib/python3.10/dist-packages/action_msgs/msg
[38.718s] -- Up-to-date: /home/ubuntu/microros_ws/install/action_msgs/local/lib/python3.10/dist-packages/action_msgs/msg/__init__.py
[38.718s] -- Up-to-date: /home/ubuntu/microros_ws/install/action_msgs/local/lib/python3.10/dist-packages/action_msgs/msg/_goal_status_s.c
[38.719s] -- Up-to-date: /home/ubuntu/microros_ws/install/action_msgs/local/lib/python3.10/dist-packages/action_msgs/msg/_goal_info.py
[38.719s] -- Up-to-date: /home/ubuntu/microros_ws/install/action_msgs/local/lib/python3.10/dist-packages/action_msgs/msg/_goal_status_array_s.c
[38.729s] -- Up-to-date: /home/ubuntu/microros_ws/install/action_msgs/local/lib/python3.10/dist-packages/action_msgs/msg/_goal_info_s.c
[38.730s] -- Up-to-date: /home/ubuntu/microros_ws/install/action_msgs/local/lib/python3.10/dist-packages/action_msgs/msg/_goal_status.py
[38.730s] -- Up-to-date: /home/ubuntu/microros_ws/install/action_msgs/local/lib/python3.10/dist-packages/action_msgs/msg/_goal_status_array.py
[38.732s] -- Up-to-date: /home/ubuntu/microros_ws/install/action_msgs/local/lib/python3.10/dist-packages/action_msgs/_action_msgs_s.ep.rosidl_typesupport_introspection_c.c
[39.250s] Listing '/home/ubuntu/microros_ws/install/action_msgs/local/lib/python3.10/dist-packages/action_msgs'...
[39.251s] Compiling '/home/ubuntu/microros_ws/install/action_msgs/local/lib/python3.10/dist-packages/action_msgs/__init__.py'...
[39.252s] Listing '/home/ubuntu/microros_ws/install/action_msgs/local/lib/python3.10/dist-packages/action_msgs/msg'...
[39.252s] Listing '/home/ubuntu/microros_ws/install/action_msgs/local/lib/python3.10/dist-packages/action_msgs/srv'...
[39.324s] -- Installing: /home/ubuntu/microros_ws/install/action_msgs/local/lib/python3.10/dist-packages/action_msgs/action_msgs_s__rosidl_typesupport_microxrcedds_c.cpython-310-aarch64-linux-gnu.so
[39.327s] -- Set runtime path of "/home/ubuntu/microros_ws/install/action_msgs/local/lib/python3.10/dist-packages/action_msgs/action_msgs_s__rosidl_typesupport_microxrcedds_c.cpython-310-aarch64-linux-gnu.so" to ""
[39.329s] -- Installing: /home/ubuntu/microros_ws/install/action_msgs/local/lib/python3.10/dist-packages/action_msgs/action_msgs_s__rosidl_typesupport_fastrtps_c.cpython-310-aarch64-linux-gnu.so
[39.332s] -- Set runtime path of "/home/ubuntu/microros_ws/install/action_msgs/local/lib/python3.10/dist-packages/action_msgs/action_msgs_s__rosidl_typesupport_fastrtps_c.cpython-310-aarch64-linux-gnu.so" to ""
[39.337s] -- Installing: /home/ubuntu/microros_ws/install/action_msgs/local/lib/python3.10/dist-packages/action_msgs/action_msgs_s__rosidl_typesupport_introspection_c.cpython-310-aarch64-linux-gnu.so
[39.343s] -- Set runtime path of "/home/ubuntu/microros_ws/install/action_msgs/local/lib/python3.10/dist-packages/action_msgs/action_msgs_s__rosidl_typesupport_introspection_c.cpython-310-aarch64-linux-gnu.so" to ""
[39.346s] -- Installing: /home/ubuntu/microros_ws/install/action_msgs/local/lib/python3.10/dist-packages/action_msgs/action_msgs_s__rosidl_typesupport_c.cpython-310-aarch64-linux-gnu.so
[39.350s] -- Set runtime path of "/home/ubuntu/microros_ws/install/action_msgs/local/lib/python3.10/dist-packages/action_msgs/action_msgs_s__rosidl_typesupport_c.cpython-310-aarch64-linux-gnu.so" to ""
[39.368s] -- Installing: /home/ubuntu/microros_ws/install/action_msgs/lib/libaction_msgs__rosidl_generator_py.so
[39.377s] -- Set runtime path of "/home/ubuntu/microros_ws/install/action_msgs/lib/libaction_msgs__rosidl_generator_py.so" to ""
[39.381s] -- Up-to-date: /home/ubuntu/microros_ws/install/action_msgs/share/action_msgs/msg/GoalInfo.idl
[39.382s] -- Up-to-date: /home/ubuntu/microros_ws/install/action_msgs/share/action_msgs/msg/GoalStatus.idl
[39.384s] -- Up-to-date: /home/ubuntu/microros_ws/install/action_msgs/share/action_msgs/msg/GoalStatusArray.idl
[39.391s] -- Up-to-date: /home/ubuntu/microros_ws/install/action_msgs/share/action_msgs/srv/CancelGoal.idl
[39.393s] -- Up-to-date: /home/ubuntu/microros_ws/install/action_msgs/share/action_msgs/msg/GoalInfo.msg
[39.394s] -- Up-to-date: /home/ubuntu/microros_ws/install/action_msgs/share/action_msgs/msg/GoalStatus.msg
[39.396s] -- Up-to-date: /home/ubuntu/microros_ws/install/action_msgs/share/action_msgs/msg/GoalStatusArray.msg
[39.398s] -- Up-to-date: /home/ubuntu/microros_ws/install/action_msgs/share/action_msgs/srv/CancelGoal.srv
[39.401s] -- Up-to-date: /home/ubuntu/microros_ws/install/action_msgs/share/action_msgs/srv/CancelGoal_Request.msg
[39.404s] -- Up-to-date: /home/ubuntu/microros_ws/install/action_msgs/share/action_msgs/srv/CancelGoal_Response.msg
[39.407s] -- Up-to-date: /home/ubuntu/microros_ws/install/action_msgs/share/ament_index/resource_index/package_run_dependencies/action_msgs
[39.413s] -- Installing: /home/ubuntu/microros_ws/install/action_msgs/share/ament_index/resource_index/parent_prefix_path/action_msgs
[39.416s] -- Up-to-date: /home/ubuntu/microros_ws/install/action_msgs/share/action_msgs/environment/ament_prefix_path.sh
[39.418s] -- Installing: /home/ubuntu/microros_ws/install/action_msgs/share/action_msgs/environment/ament_prefix_path.dsv
[39.420s] -- Up-to-date: /home/ubuntu/microros_ws/install/action_msgs/share/action_msgs/environment/path.sh
[39.421s] -- Installing: /home/ubuntu/microros_ws/install/action_msgs/share/action_msgs/environment/path.dsv
[39.424s] -- Up-to-date: /home/ubuntu/microros_ws/install/action_msgs/share/action_msgs/local_setup.bash
[39.426s] -- Up-to-date: /home/ubuntu/microros_ws/install/action_msgs/share/action_msgs/local_setup.sh
[39.428s] -- Up-to-date: /home/ubuntu/microros_ws/install/action_msgs/share/action_msgs/local_setup.zsh
[39.429s] -- Installing: /home/ubuntu/microros_ws/install/action_msgs/share/action_msgs/local_setup.dsv
[39.432s] -- Installing: /home/ubuntu/microros_ws/install/action_msgs/share/action_msgs/package.dsv
[39.441s] -- Up-to-date: /home/ubuntu/microros_ws/install/action_msgs/share/ament_index/resource_index/packages/action_msgs
[39.448s] -- Up-to-date: /home/ubuntu/microros_ws/install/action_msgs/share/action_msgs/cmake/export_action_msgs__rosidl_generator_cExport.cmake
[39.449s] -- Up-to-date: /home/ubuntu/microros_ws/install/action_msgs/share/action_msgs/cmake/export_action_msgs__rosidl_generator_cExport-noconfig.cmake
[39.457s] -- Up-to-date: /home/ubuntu/microros_ws/install/action_msgs/share/action_msgs/cmake/export_action_msgs__rosidl_typesupport_fastrtps_cExport.cmake
[39.460s] -- Up-to-date: /home/ubuntu/microros_ws/install/action_msgs/share/action_msgs/cmake/export_action_msgs__rosidl_typesupport_fastrtps_cExport-noconfig.cmake
[39.469s] -- Up-to-date: /home/ubuntu/microros_ws/install/action_msgs/share/action_msgs/cmake/export_action_msgs__rosidl_generator_cppExport.cmake
[39.476s] -- Up-to-date: /home/ubuntu/microros_ws/install/action_msgs/share/action_msgs/cmake/export_action_msgs__rosidl_typesupport_fastrtps_cppExport.cmake
[39.478s] -- Up-to-date: /home/ubuntu/microros_ws/install/action_msgs/share/action_msgs/cmake/export_action_msgs__rosidl_typesupport_fastrtps_cppExport-noconfig.cmake
[39.483s] -- Up-to-date: /home/ubuntu/microros_ws/install/action_msgs/share/action_msgs/cmake/action_msgs__rosidl_typesupport_introspection_cExport.cmake
[39.487s] -- Up-to-date: /home/ubuntu/microros_ws/install/action_msgs/share/action_msgs/cmake/action_msgs__rosidl_typesupport_introspection_cExport-noconfig.cmake
[39.496s] -- Up-to-date: /home/ubuntu/microros_ws/install/action_msgs/share/action_msgs/cmake/action_msgs__rosidl_typesupport_cExport.cmake
[39.497s] -- Up-to-date: /home/ubuntu/microros_ws/install/action_msgs/share/action_msgs/cmake/action_msgs__rosidl_typesupport_cExport-noconfig.cmake
[39.505s] -- Up-to-date: /home/ubuntu/microros_ws/install/action_msgs/share/action_msgs/cmake/action_msgs__rosidl_typesupport_introspection_cppExport.cmake
[39.508s] -- Up-to-date: /home/ubuntu/microros_ws/install/action_msgs/share/action_msgs/cmake/action_msgs__rosidl_typesupport_introspection_cppExport-noconfig.cmake
[39.514s] -- Up-to-date: /home/ubuntu/microros_ws/install/action_msgs/share/action_msgs/cmake/action_msgs__rosidl_typesupport_cppExport.cmake
[39.517s] -- Up-to-date: /home/ubuntu/microros_ws/install/action_msgs/share/action_msgs/cmake/action_msgs__rosidl_typesupport_cppExport-noconfig.cmake
[39.524s] -- Up-to-date: /home/ubuntu/microros_ws/install/action_msgs/share/action_msgs/cmake/export_action_msgs__rosidl_generator_pyExport.cmake
[39.525s] -- Up-to-date: /home/ubuntu/microros_ws/install/action_msgs/share/action_msgs/cmake/export_action_msgs__rosidl_generator_pyExport-noconfig.cmake
[39.527s] -- Up-to-date: /home/ubuntu/microros_ws/install/action_msgs/share/action_msgs/cmake/rosidl_cmake-extras.cmake
[39.529s] -- Up-to-date: /home/ubuntu/microros_ws/install/action_msgs/share/action_msgs/cmake/ament_cmake_export_dependencies-extras.cmake
[39.532s] -- Up-to-date: /home/ubuntu/microros_ws/install/action_msgs/share/action_msgs/cmake/ament_cmake_export_include_directories-extras.cmake
[39.536s] -- Up-to-date: /home/ubuntu/microros_ws/install/action_msgs/share/action_msgs/cmake/ament_cmake_export_libraries-extras.cmake
[39.542s] -- Up-to-date: /home/ubuntu/microros_ws/install/action_msgs/share/action_msgs/cmake/ament_cmake_export_targets-extras.cmake
[39.544s] -- Up-to-date: /home/ubuntu/microros_ws/install/action_msgs/share/action_msgs/cmake/rosidl_cmake_export_typesupport_targets-extras.cmake
[39.545s] -- Up-to-date: /home/ubuntu/microros_ws/install/action_msgs/share/action_msgs/cmake/rosidl_cmake_export_typesupport_libraries-extras.cmake
[39.549s] -- Up-to-date: /home/ubuntu/microros_ws/install/action_msgs/share/action_msgs/cmake/action_msgsConfig.cmake
[39.550s] -- Up-to-date: /home/ubuntu/microros_ws/install/action_msgs/share/action_msgs/cmake/action_msgsConfig-version.cmake
[39.552s] -- Up-to-date: /home/ubuntu/microros_ws/install/action_msgs/share/action_msgs/package.xml
[39.572s] Invoked command in '/home/ubuntu/microros_ws/build/action_msgs' returned '0': CMAKE_PREFIX_PATH=/home/ubuntu/microros_ws/install/unique_identifier_msgs:/home/ubuntu/microros_ws/install/builtin_interfaces:/home/ubuntu/microros_ws/install/micro_ros_demos_rclc:/home/ubuntu/microros_ws/install/common_interfaces:/home/ubuntu/microros_ws/install/visualization_msgs:/home/ubuntu/microros_ws/install/test_msgs:/home/ubuntu/microros_ws/install/example_interfaces:/home/ubuntu/microros_ws/install/action_msgs:/home/ubuntu/microros_ws/install/trajectory_msgs:/home/ubuntu/microros_ws/install/stereo_msgs:/home/ubuntu/microros_ws/install/std_srvs:/home/ubuntu/microros_ws/install/shape_msgs:/home/ubuntu/microros_ws/install/sensor_msgs:/home/ubuntu/microros_ws/install/nav_msgs:/home/ubuntu/microros_ws/install/diagnostic_msgs:/home/ubuntu/microros_ws/install/geometry_msgs:/home/ubuntu/microros_ws/install/actionlib_msgs:/home/ubuntu/microros_ws/install/std_msgs:/home/ubuntu/microros_ws/install/statistics_msgs:/home/ubuntu/microros_ws/install/rosidl_typesupport_microxrcedds_test_msg:/home/ubuntu/microros_ws/install/rosidl_typesupport_microxrcedds_cpp_tests:/home/ubuntu/microros_ws/install/rmw_microxrcedds:/home/ubuntu/microros_ws/install/rosidl_typesupport_microxrcedds_cpp:/home/ubuntu/microros_ws/install/rosidl_typesupport_microxrcedds_c_tests:/home/ubuntu/microros_ws/install/rosidl_typesupport_microxrcedds_c:/home/ubuntu/microros_ws/install/rosgraph_msgs:/home/ubuntu/microros_ws/install/rclc_parameter:/home/ubuntu/microros_ws/install/rclc:/home/ubuntu/microros_ws/install/composition_interfaces:/home/ubuntu/microros_ws/install/rcl_interfaces:/home/ubuntu/microros_ws/install/microxrcedds_client:/home/ubuntu/microros_ws/install/microcdr:/home/ubuntu/microros_ws/install/micro_ros_utilities:/home/ubuntu/microros_ws/install/micro_ros_setup:/home/ubuntu/microros_ws/install/micro_ros_agent:/home/ubuntu/microros_ws/install/micro_ros_msgs:/home/ubuntu/microros_ws/install/lifecycle_msgs:/home/ubuntu/microros_ws/install/complex_msgs:/home/ubuntu/microros_ws/install/sensor_msgs_py:/opt/ros/humble LD_LIBRARY_PATH=/home/ubuntu/microros_ws/install/unique_identifier_msgs/lib:/home/ubuntu/microros_ws/install/builtin_interfaces/lib:/home/ubuntu/microros_ws/install/visualization_msgs/lib:/home/ubuntu/microros_ws/install/test_msgs/lib:/home/ubuntu/microros_ws/install/example_interfaces/lib:/home/ubuntu/microros_ws/install/action_msgs/lib:/home/ubuntu/microros_ws/install/trajectory_msgs/lib:/home/ubuntu/microros_ws/install/stereo_msgs/lib:/home/ubuntu/microros_ws/install/std_srvs/lib:/home/ubuntu/microros_ws/install/shape_msgs/lib:/home/ubuntu/microros_ws/install/sensor_msgs/lib:/home/ubuntu/microros_ws/install/nav_msgs/lib:/home/ubuntu/microros_ws/install/diagnostic_msgs/lib:/home/ubuntu/microros_ws/install/geometry_msgs/lib:/home/ubuntu/microros_ws/install/actionlib_msgs/lib:/home/ubuntu/microros_ws/install/std_msgs/lib:/home/ubuntu/microros_ws/install/statistics_msgs/lib:/home/ubuntu/microros_ws/install/rmw_microxrcedds/lib:/home/ubuntu/microros_ws/install/rosidl_typesupport_microxrcedds_cpp/lib:/home/ubuntu/microros_ws/install/rosidl_typesupport_microxrcedds_c/lib:/home/ubuntu/microros_ws/install/rosgraph_msgs/lib:/home/ubuntu/microros_ws/install/rclc_parameter/lib:/home/ubuntu/microros_ws/install/rclc/lib:/home/ubuntu/microros_ws/install/composition_interfaces/lib:/home/ubuntu/microros_ws/install/rcl_interfaces/lib:/home/ubuntu/microros_ws/install/microxrcedds_client/lib:/home/ubuntu/microros_ws/install/microcdr/lib:/home/ubuntu/microros_ws/install/micro_ros_utilities/lib:/home/ubuntu/microros_ws/install/micro_ros_agent/lib:/home/ubuntu/microros_ws/install/micro_ros_msgs/lib:/home/ubuntu/microros_ws/install/lifecycle_msgs/lib:/home/ubuntu/microros_ws/install/complex_msgs/lib:/opt/ros/humble/opt/rviz_ogre_vendor/lib:/opt/ros/humble/lib/aarch64-linux-gnu:/opt/ros/humble/lib /usr/bin/cmake --install /home/ubuntu/microros_ws/build/action_msgs
