[0.131s] Invoking command in '/home/ubuntu/microros_ws/build/diagnostic_msgs': AMENT_PREFIX_PATH=/home/ubuntu/microros_ws/install/geometry_msgs:/home/ubuntu/microros_ws/install/std_msgs:/home/ubuntu/microros_ws/install/builtin_interfaces:${AMENT_PREFIX_PATH} CMAKE_PREFIX_PATH=/home/ubuntu/microros_ws/install/geometry_msgs:/home/ubuntu/microros_ws/install/std_msgs:/home/ubuntu/microros_ws/install/builtin_interfaces:/opt/ros/humble LD_LIBRARY_PATH=/home/ubuntu/microros_ws/install/geometry_msgs/lib:/home/ubuntu/microros_ws/install/std_msgs/lib:/home/ubuntu/microros_ws/install/builtin_interfaces/lib:${LD_LIBRARY_PATH} PYTHONPATH=/home/ubuntu/microros_ws/install/geometry_msgs/local/lib/python3.10/dist-packages:/home/ubuntu/microros_ws/install/std_msgs/local/lib/python3.10/dist-packages:/home/ubuntu/microros_ws/install/builtin_interfaces/local/lib/python3.10/dist-packages:${PYTHONPATH} /usr/bin/cmake --build /home/ubuntu/microros_ws/build/diagnostic_msgs -- -j4 -l4
[0.501s] [  1%] Built target diagnostic_msgs__cpp
[0.699s] [  1%] Built target ament_cmake_python_symlink_diagnostic_msgs
[0.920s] [ 12%] Built target diagnostic_msgs__rosidl_typesupport_fastrtps_cpp
[1.093s] [ 23%] Built target diagnostic_msgs__rosidl_typesupport_introspection_cpp
[3.108s] running egg_info
[3.110s] writing diagnostic_msgs.egg-info/PKG-INFO
[3.112s] writing dependency_links to diagnostic_msgs.egg-info/dependency_links.txt
[3.114s] writing top-level names to diagnostic_msgs.egg-info/top_level.txt
[3.134s] reading manifest file 'diagnostic_msgs.egg-info/SOURCES.txt'
[3.139s] writing manifest file 'diagnostic_msgs.egg-info/SOURCES.txt'
[3.355s] [ 23%] Built target ament_cmake_python_build_diagnostic_msgs_egg
[3.480s] [ 34%] Built target diagnostic_msgs__rosidl_typesupport_cpp
[3.639s] [ 46%] Built target diagnostic_msgs__rosidl_generator_c
[3.815s] [ 57%] Built target diagnostic_msgs__rosidl_typesupport_fastrtps_c
[4.005s] [ 68%] Built target diagnostic_msgs__rosidl_typesupport_c
[4.148s] [ 79%] Built target diagnostic_msgs__rosidl_typesupport_introspection_c
[4.292s] [ 79%] Built target diagnostic_msgs
[4.418s] [ 80%] Built target diagnostic_msgs__py
[4.618s] [ 90%] Built target diagnostic_msgs__rosidl_generator_py
[4.784s] [ 93%] Built target diagnostic_msgs__rosidl_typesupport_fastrtps_c__pyext
[4.956s] [ 96%] Built target diagnostic_msgs__rosidl_typesupport_c__pyext
[5.074s] [100%] Built target diagnostic_msgs__rosidl_typesupport_introspection_c__pyext
[5.139s] Invoked command in '/home/ubuntu/microros_ws/build/diagnostic_msgs' returned '0': AMENT_PREFIX_PATH=/home/ubuntu/microros_ws/install/geometry_msgs:/home/ubuntu/microros_ws/install/std_msgs:/home/ubuntu/microros_ws/install/builtin_interfaces:${AMENT_PREFIX_PATH} CMAKE_PREFIX_PATH=/home/ubuntu/microros_ws/install/geometry_msgs:/home/ubuntu/microros_ws/install/std_msgs:/home/ubuntu/microros_ws/install/builtin_interfaces:/opt/ros/humble LD_LIBRARY_PATH=/home/ubuntu/microros_ws/install/geometry_msgs/lib:/home/ubuntu/microros_ws/install/std_msgs/lib:/home/ubuntu/microros_ws/install/builtin_interfaces/lib:${LD_LIBRARY_PATH} PYTHONPATH=/home/ubuntu/microros_ws/install/geometry_msgs/local/lib/python3.10/dist-packages:/home/ubuntu/microros_ws/install/std_msgs/local/lib/python3.10/dist-packages:/home/ubuntu/microros_ws/install/builtin_interfaces/local/lib/python3.10/dist-packages:${PYTHONPATH} /usr/bin/cmake --build /home/ubuntu/microros_ws/build/diagnostic_msgs -- -j4 -l4
[6.230s] Invoking command in '/home/ubuntu/microros_ws/build/diagnostic_msgs': AMENT_PREFIX_PATH=/home/ubuntu/microros_ws/install/geometry_msgs:/home/ubuntu/microros_ws/install/std_msgs:/home/ubuntu/microros_ws/install/builtin_interfaces:${AMENT_PREFIX_PATH} CMAKE_PREFIX_PATH=/home/ubuntu/microros_ws/install/geometry_msgs:/home/ubuntu/microros_ws/install/std_msgs:/home/ubuntu/microros_ws/install/builtin_interfaces:/opt/ros/humble LD_LIBRARY_PATH=/home/ubuntu/microros_ws/install/geometry_msgs/lib:/home/ubuntu/microros_ws/install/std_msgs/lib:/home/ubuntu/microros_ws/install/builtin_interfaces/lib:${LD_LIBRARY_PATH} PYTHONPATH=/home/ubuntu/microros_ws/install/geometry_msgs/local/lib/python3.10/dist-packages:/home/ubuntu/microros_ws/install/std_msgs/local/lib/python3.10/dist-packages:/home/ubuntu/microros_ws/install/builtin_interfaces/local/lib/python3.10/dist-packages:${PYTHONPATH} /usr/bin/cmake --install /home/ubuntu/microros_ws/build/diagnostic_msgs
[6.279s] -- Install configuration: ""
[6.283s] -- Execute custom install script
[6.289s] -- Up-to-date symlink: /home/ubuntu/microros_ws/install/diagnostic_msgs/share/ament_index/resource_index/rosidl_interfaces/diagnostic_msgs
[6.295s] -- Up-to-date symlink: /home/ubuntu/microros_ws/install/diagnostic_msgs/include/diagnostic_msgs/diagnostic_msgs/msg/detail/diagnostic_array__functions.h
[6.296s] -- Up-to-date symlink: /home/ubuntu/microros_ws/install/diagnostic_msgs/include/diagnostic_msgs/diagnostic_msgs/msg/detail/diagnostic_array__struct.h
[6.298s] -- Up-to-date symlink: /home/ubuntu/microros_ws/install/diagnostic_msgs/include/diagnostic_msgs/diagnostic_msgs/msg/detail/diagnostic_array__type_support.h
[6.301s] -- Up-to-date symlink: /home/ubuntu/microros_ws/install/diagnostic_msgs/include/diagnostic_msgs/diagnostic_msgs/msg/detail/diagnostic_status__functions.h
[6.302s] -- Up-to-date symlink: /home/ubuntu/microros_ws/install/diagnostic_msgs/include/diagnostic_msgs/diagnostic_msgs/msg/detail/diagnostic_status__struct.h
[6.306s] -- Up-to-date symlink: /home/ubuntu/microros_ws/install/diagnostic_msgs/include/diagnostic_msgs/diagnostic_msgs/msg/detail/diagnostic_status__type_support.h
[6.318s] -- Up-to-date symlink: /home/ubuntu/microros_ws/install/diagnostic_msgs/include/diagnostic_msgs/diagnostic_msgs/msg/detail/key_value__functions.h
[6.320s] -- Up-to-date symlink: /home/ubuntu/microros_ws/install/diagnostic_msgs/include/diagnostic_msgs/diagnostic_msgs/msg/detail/key_value__struct.h
[6.322s] -- Up-to-date symlink: /home/ubuntu/microros_ws/install/diagnostic_msgs/include/diagnostic_msgs/diagnostic_msgs/msg/detail/key_value__type_support.h
[6.323s] -- Up-to-date symlink: /home/ubuntu/microros_ws/install/diagnostic_msgs/include/diagnostic_msgs/diagnostic_msgs/msg/diagnostic_array.h
[6.324s] -- Up-to-date symlink: /home/ubuntu/microros_ws/install/diagnostic_msgs/include/diagnostic_msgs/diagnostic_msgs/msg/diagnostic_status.h
[6.326s] -- Up-to-date symlink: /home/ubuntu/microros_ws/install/diagnostic_msgs/include/diagnostic_msgs/diagnostic_msgs/msg/key_value.h
[6.327s] -- Up-to-date symlink: /home/ubuntu/microros_ws/install/diagnostic_msgs/include/diagnostic_msgs/diagnostic_msgs/msg/rosidl_generator_c__visibility_control.h
[6.328s] -- Up-to-date symlink: /home/ubuntu/microros_ws/install/diagnostic_msgs/include/diagnostic_msgs/diagnostic_msgs/srv/add_diagnostics.h
[6.330s] -- Up-to-date symlink: /home/ubuntu/microros_ws/install/diagnostic_msgs/include/diagnostic_msgs/diagnostic_msgs/srv/detail/add_diagnostics__functions.h
[6.331s] -- Up-to-date symlink: /home/ubuntu/microros_ws/install/diagnostic_msgs/include/diagnostic_msgs/diagnostic_msgs/srv/detail/add_diagnostics__struct.h
[6.333s] -- Up-to-date symlink: /home/ubuntu/microros_ws/install/diagnostic_msgs/include/diagnostic_msgs/diagnostic_msgs/srv/detail/add_diagnostics__type_support.h
[6.334s] -- Up-to-date symlink: /home/ubuntu/microros_ws/install/diagnostic_msgs/include/diagnostic_msgs/diagnostic_msgs/srv/detail/self_test__functions.h
[6.336s] -- Up-to-date symlink: /home/ubuntu/microros_ws/install/diagnostic_msgs/include/diagnostic_msgs/diagnostic_msgs/srv/detail/self_test__struct.h
[6.337s] -- Up-to-date symlink: /home/ubuntu/microros_ws/install/diagnostic_msgs/include/diagnostic_msgs/diagnostic_msgs/srv/detail/self_test__type_support.h
[6.339s] -- Up-to-date symlink: /home/ubuntu/microros_ws/install/diagnostic_msgs/include/diagnostic_msgs/diagnostic_msgs/srv/self_test.h
[6.341s] -- Up-to-date symlink: /home/ubuntu/microros_ws/install/diagnostic_msgs/share/diagnostic_msgs/environment/library_path.sh
[6.343s] -- Up-to-date symlink: /home/ubuntu/microros_ws/install/diagnostic_msgs/share/diagnostic_msgs/environment/library_path.dsv
[6.349s] -- Up-to-date symlink: /home/ubuntu/microros_ws/install/diagnostic_msgs/include/diagnostic_msgs/diagnostic_msgs/msg/detail/diagnostic_array__rosidl_typesupport_fastrtps_c.h
[6.350s] -- Up-to-date symlink: /home/ubuntu/microros_ws/install/diagnostic_msgs/include/diagnostic_msgs/diagnostic_msgs/msg/detail/diagnostic_status__rosidl_typesupport_fastrtps_c.h
[6.352s] -- Up-to-date symlink: /home/ubuntu/microros_ws/install/diagnostic_msgs/include/diagnostic_msgs/diagnostic_msgs/msg/detail/key_value__rosidl_typesupport_fastrtps_c.h
[6.353s] -- Up-to-date symlink: /home/ubuntu/microros_ws/install/diagnostic_msgs/include/diagnostic_msgs/diagnostic_msgs/msg/rosidl_typesupport_fastrtps_c__visibility_control.h
[6.355s] -- Up-to-date symlink: /home/ubuntu/microros_ws/install/diagnostic_msgs/include/diagnostic_msgs/diagnostic_msgs/srv/detail/add_diagnostics__rosidl_typesupport_fastrtps_c.h
[6.357s] -- Up-to-date symlink: /home/ubuntu/microros_ws/install/diagnostic_msgs/include/diagnostic_msgs/diagnostic_msgs/srv/detail/self_test__rosidl_typesupport_fastrtps_c.h
[6.361s] -- Up-to-date symlink: /home/ubuntu/microros_ws/install/diagnostic_msgs/include/diagnostic_msgs/diagnostic_msgs/msg/detail/diagnostic_array__rosidl_typesupport_introspection_c.h
[6.362s] -- Up-to-date symlink: /home/ubuntu/microros_ws/install/diagnostic_msgs/include/diagnostic_msgs/diagnostic_msgs/msg/detail/diagnostic_status__rosidl_typesupport_introspection_c.h
[6.364s] -- Up-to-date symlink: /home/ubuntu/microros_ws/install/diagnostic_msgs/include/diagnostic_msgs/diagnostic_msgs/msg/detail/key_value__rosidl_typesupport_introspection_c.h
[6.368s] -- Up-to-date symlink: /home/ubuntu/microros_ws/install/diagnostic_msgs/include/diagnostic_msgs/diagnostic_msgs/msg/rosidl_typesupport_introspection_c__visibility_control.h
[6.370s] -- Up-to-date symlink: /home/ubuntu/microros_ws/install/diagnostic_msgs/include/diagnostic_msgs/diagnostic_msgs/srv/detail/add_diagnostics__rosidl_typesupport_introspection_c.h
[6.373s] -- Up-to-date symlink: /home/ubuntu/microros_ws/install/diagnostic_msgs/include/diagnostic_msgs/diagnostic_msgs/srv/detail/self_test__rosidl_typesupport_introspection_c.h
[6.379s] -- Up-to-date symlink: /home/ubuntu/microros_ws/install/diagnostic_msgs/include/diagnostic_msgs/diagnostic_msgs/msg/detail/diagnostic_array__builder.hpp
[6.381s] -- Up-to-date symlink: /home/ubuntu/microros_ws/install/diagnostic_msgs/include/diagnostic_msgs/diagnostic_msgs/msg/detail/diagnostic_array__struct.hpp
[6.384s] -- Up-to-date symlink: /home/ubuntu/microros_ws/install/diagnostic_msgs/include/diagnostic_msgs/diagnostic_msgs/msg/detail/diagnostic_array__traits.hpp
[6.386s] -- Up-to-date symlink: /home/ubuntu/microros_ws/install/diagnostic_msgs/include/diagnostic_msgs/diagnostic_msgs/msg/detail/diagnostic_status__builder.hpp
[6.390s] -- Up-to-date symlink: /home/ubuntu/microros_ws/install/diagnostic_msgs/include/diagnostic_msgs/diagnostic_msgs/msg/detail/diagnostic_status__struct.hpp
[6.392s] -- Up-to-date symlink: /home/ubuntu/microros_ws/install/diagnostic_msgs/include/diagnostic_msgs/diagnostic_msgs/msg/detail/diagnostic_status__traits.hpp
[6.394s] -- Up-to-date symlink: /home/ubuntu/microros_ws/install/diagnostic_msgs/include/diagnostic_msgs/diagnostic_msgs/msg/detail/key_value__builder.hpp
[6.397s] -- Up-to-date symlink: /home/ubuntu/microros_ws/install/diagnostic_msgs/include/diagnostic_msgs/diagnostic_msgs/msg/detail/key_value__struct.hpp
[6.400s] -- Up-to-date symlink: /home/ubuntu/microros_ws/install/diagnostic_msgs/include/diagnostic_msgs/diagnostic_msgs/msg/detail/key_value__traits.hpp
[6.405s] -- Up-to-date symlink: /home/ubuntu/microros_ws/install/diagnostic_msgs/include/diagnostic_msgs/diagnostic_msgs/msg/diagnostic_array.hpp
[6.418s] -- Up-to-date symlink: /home/ubuntu/microros_ws/install/diagnostic_msgs/include/diagnostic_msgs/diagnostic_msgs/msg/diagnostic_status.hpp
[6.422s] -- Up-to-date symlink: /home/ubuntu/microros_ws/install/diagnostic_msgs/include/diagnostic_msgs/diagnostic_msgs/msg/key_value.hpp
[6.424s] -- Up-to-date symlink: /home/ubuntu/microros_ws/install/diagnostic_msgs/include/diagnostic_msgs/diagnostic_msgs/srv/add_diagnostics.hpp
[6.425s] -- Up-to-date symlink: /home/ubuntu/microros_ws/install/diagnostic_msgs/include/diagnostic_msgs/diagnostic_msgs/srv/detail/add_diagnostics__builder.hpp
[6.426s] -- Up-to-date symlink: /home/ubuntu/microros_ws/install/diagnostic_msgs/include/diagnostic_msgs/diagnostic_msgs/srv/detail/add_diagnostics__struct.hpp
[6.427s] -- Up-to-date symlink: /home/ubuntu/microros_ws/install/diagnostic_msgs/include/diagnostic_msgs/diagnostic_msgs/srv/detail/add_diagnostics__traits.hpp
[6.428s] -- Up-to-date symlink: /home/ubuntu/microros_ws/install/diagnostic_msgs/include/diagnostic_msgs/diagnostic_msgs/srv/detail/self_test__builder.hpp
[6.429s] -- Up-to-date symlink: /home/ubuntu/microros_ws/install/diagnostic_msgs/include/diagnostic_msgs/diagnostic_msgs/srv/detail/self_test__struct.hpp
[6.431s] -- Up-to-date symlink: /home/ubuntu/microros_ws/install/diagnostic_msgs/include/diagnostic_msgs/diagnostic_msgs/srv/detail/self_test__traits.hpp
[6.432s] -- Up-to-date symlink: /home/ubuntu/microros_ws/install/diagnostic_msgs/include/diagnostic_msgs/diagnostic_msgs/srv/self_test.hpp
[6.438s] -- Up-to-date symlink: /home/ubuntu/microros_ws/install/diagnostic_msgs/include/diagnostic_msgs/diagnostic_msgs/msg/detail/diagnostic_array__rosidl_typesupport_fastrtps_cpp.hpp
[6.439s] -- Up-to-date symlink: /home/ubuntu/microros_ws/install/diagnostic_msgs/include/diagnostic_msgs/diagnostic_msgs/msg/detail/diagnostic_status__rosidl_typesupport_fastrtps_cpp.hpp
[6.441s] -- Up-to-date symlink: /home/ubuntu/microros_ws/install/diagnostic_msgs/include/diagnostic_msgs/diagnostic_msgs/msg/detail/key_value__rosidl_typesupport_fastrtps_cpp.hpp
[6.441s] -- Up-to-date symlink: /home/ubuntu/microros_ws/install/diagnostic_msgs/include/diagnostic_msgs/diagnostic_msgs/msg/rosidl_typesupport_fastrtps_cpp__visibility_control.h
[6.442s] -- Up-to-date symlink: /home/ubuntu/microros_ws/install/diagnostic_msgs/include/diagnostic_msgs/diagnostic_msgs/srv/detail/add_diagnostics__rosidl_typesupport_fastrtps_cpp.hpp
[6.444s] -- Up-to-date symlink: /home/ubuntu/microros_ws/install/diagnostic_msgs/include/diagnostic_msgs/diagnostic_msgs/srv/detail/self_test__rosidl_typesupport_fastrtps_cpp.hpp
[6.451s] -- Up-to-date symlink: /home/ubuntu/microros_ws/install/diagnostic_msgs/include/diagnostic_msgs/diagnostic_msgs/msg/detail/diagnostic_array__rosidl_typesupport_introspection_cpp.hpp
[6.451s] -- Up-to-date symlink: /home/ubuntu/microros_ws/install/diagnostic_msgs/include/diagnostic_msgs/diagnostic_msgs/msg/detail/diagnostic_status__rosidl_typesupport_introspection_cpp.hpp
[6.456s] -- Up-to-date symlink: /home/ubuntu/microros_ws/install/diagnostic_msgs/include/diagnostic_msgs/diagnostic_msgs/msg/detail/key_value__rosidl_typesupport_introspection_cpp.hpp
[6.456s] -- Up-to-date symlink: /home/ubuntu/microros_ws/install/diagnostic_msgs/include/diagnostic_msgs/diagnostic_msgs/srv/detail/add_diagnostics__rosidl_typesupport_introspection_cpp.hpp
[6.457s] -- Up-to-date symlink: /home/ubuntu/microros_ws/install/diagnostic_msgs/include/diagnostic_msgs/diagnostic_msgs/srv/detail/self_test__rosidl_typesupport_introspection_cpp.hpp
[6.458s] -- Up-to-date symlink: /home/ubuntu/microros_ws/install/diagnostic_msgs/share/diagnostic_msgs/environment/pythonpath.sh
[6.459s] -- Up-to-date symlink: /home/ubuntu/microros_ws/install/diagnostic_msgs/share/diagnostic_msgs/environment/pythonpath.dsv
[6.462s] -- Up-to-date symlink: /home/ubuntu/microros_ws/install/diagnostic_msgs/local/lib/python3.10/dist-packages/diagnostic_msgs-4.2.4-py3.10.egg-info/PKG-INFO
[6.463s] -- Up-to-date symlink: /home/ubuntu/microros_ws/install/diagnostic_msgs/local/lib/python3.10/dist-packages/diagnostic_msgs-4.2.4-py3.10.egg-info/SOURCES.txt
[6.465s] -- Up-to-date symlink: /home/ubuntu/microros_ws/install/diagnostic_msgs/local/lib/python3.10/dist-packages/diagnostic_msgs-4.2.4-py3.10.egg-info/dependency_links.txt
[6.467s] -- Up-to-date symlink: /home/ubuntu/microros_ws/install/diagnostic_msgs/local/lib/python3.10/dist-packages/diagnostic_msgs-4.2.4-py3.10.egg-info/top_level.txt
[6.476s] -- Up-to-date symlink: /home/ubuntu/microros_ws/install/diagnostic_msgs/local/lib/python3.10/dist-packages/diagnostic_msgs/__init__.py
[6.478s] -- Up-to-date symlink: /home/ubuntu/microros_ws/install/diagnostic_msgs/local/lib/python3.10/dist-packages/diagnostic_msgs/_diagnostic_msgs_s.ep.rosidl_typesupport_c.c
[6.480s] -- Up-to-date symlink: /home/ubuntu/microros_ws/install/diagnostic_msgs/local/lib/python3.10/dist-packages/diagnostic_msgs/_diagnostic_msgs_s.ep.rosidl_typesupport_fastrtps_c.c
[6.481s] -- Up-to-date symlink: /home/ubuntu/microros_ws/install/diagnostic_msgs/local/lib/python3.10/dist-packages/diagnostic_msgs/_diagnostic_msgs_s.ep.rosidl_typesupport_introspection_c.c
[6.483s] -- Up-to-date symlink: /home/ubuntu/microros_ws/install/diagnostic_msgs/local/lib/python3.10/dist-packages/diagnostic_msgs/_diagnostic_msgs_s.ep.rosidl_typesupport_microxrcedds_c.c
[6.484s] -- Up-to-date symlink: /home/ubuntu/microros_ws/install/diagnostic_msgs/local/lib/python3.10/dist-packages/diagnostic_msgs/diagnostic_msgs_s__rosidl_typesupport_c.cpython-310-aarch64-linux-gnu.so
[6.486s] -- Up-to-date symlink: /home/ubuntu/microros_ws/install/diagnostic_msgs/local/lib/python3.10/dist-packages/diagnostic_msgs/diagnostic_msgs_s__rosidl_typesupport_fastrtps_c.cpython-310-aarch64-linux-gnu.so
[6.488s] -- Up-to-date symlink: /home/ubuntu/microros_ws/install/diagnostic_msgs/local/lib/python3.10/dist-packages/diagnostic_msgs/diagnostic_msgs_s__rosidl_typesupport_introspection_c.cpython-310-aarch64-linux-gnu.so
[6.489s] -- Up-to-date symlink: /home/ubuntu/microros_ws/install/diagnostic_msgs/local/lib/python3.10/dist-packages/diagnostic_msgs/diagnostic_msgs_s__rosidl_typesupport_microxrcedds_c.cpython-310-aarch64-linux-gnu.so
[6.490s] -- Up-to-date symlink: /home/ubuntu/microros_ws/install/diagnostic_msgs/local/lib/python3.10/dist-packages/diagnostic_msgs/libdiagnostic_msgs__rosidl_generator_py.so
[6.492s] -- Up-to-date symlink: /home/ubuntu/microros_ws/install/diagnostic_msgs/local/lib/python3.10/dist-packages/diagnostic_msgs/msg/__init__.py
[6.518s] -- Up-to-date symlink: /home/ubuntu/microros_ws/install/diagnostic_msgs/local/lib/python3.10/dist-packages/diagnostic_msgs/msg/_diagnostic_array.py
[6.519s] -- Up-to-date symlink: /home/ubuntu/microros_ws/install/diagnostic_msgs/local/lib/python3.10/dist-packages/diagnostic_msgs/msg/_diagnostic_array_s.c
[6.526s] -- Up-to-date symlink: /home/ubuntu/microros_ws/install/diagnostic_msgs/local/lib/python3.10/dist-packages/diagnostic_msgs/msg/_diagnostic_status.py
[6.528s] -- Up-to-date symlink: /home/ubuntu/microros_ws/install/diagnostic_msgs/local/lib/python3.10/dist-packages/diagnostic_msgs/msg/_diagnostic_status_s.c
[6.535s] -- Up-to-date symlink: /home/ubuntu/microros_ws/install/diagnostic_msgs/local/lib/python3.10/dist-packages/diagnostic_msgs/msg/_key_value.py
[6.536s] -- Up-to-date symlink: /home/ubuntu/microros_ws/install/diagnostic_msgs/local/lib/python3.10/dist-packages/diagnostic_msgs/msg/_key_value_s.c
[6.536s] -- Up-to-date symlink: /home/ubuntu/microros_ws/install/diagnostic_msgs/local/lib/python3.10/dist-packages/diagnostic_msgs/srv/__init__.py
[6.537s] -- Up-to-date symlink: /home/ubuntu/microros_ws/install/diagnostic_msgs/local/lib/python3.10/dist-packages/diagnostic_msgs/srv/_add_diagnostics.py
[6.537s] -- Up-to-date symlink: /home/ubuntu/microros_ws/install/diagnostic_msgs/local/lib/python3.10/dist-packages/diagnostic_msgs/srv/_add_diagnostics_s.c
[6.538s] -- Up-to-date symlink: /home/ubuntu/microros_ws/install/diagnostic_msgs/local/lib/python3.10/dist-packages/diagnostic_msgs/srv/_self_test.py
[6.539s] -- Up-to-date symlink: /home/ubuntu/microros_ws/install/diagnostic_msgs/local/lib/python3.10/dist-packages/diagnostic_msgs/srv/_self_test_s.c
[6.541s] -- Up-to-date symlink: /home/ubuntu/microros_ws/install/diagnostic_msgs/local/lib/python3.10/dist-packages/diagnostic_msgs/diagnostic_msgs_s__rosidl_typesupport_fastrtps_c.cpython-310-aarch64-linux-gnu.so
[6.543s] -- Up-to-date symlink: /home/ubuntu/microros_ws/install/diagnostic_msgs/local/lib/python3.10/dist-packages/diagnostic_msgs/diagnostic_msgs_s__rosidl_typesupport_introspection_c.cpython-310-aarch64-linux-gnu.so
[6.545s] -- Up-to-date symlink: /home/ubuntu/microros_ws/install/diagnostic_msgs/local/lib/python3.10/dist-packages/diagnostic_msgs/diagnostic_msgs_s__rosidl_typesupport_c.cpython-310-aarch64-linux-gnu.so
[6.546s] -- Up-to-date symlink: /home/ubuntu/microros_ws/install/diagnostic_msgs/share/diagnostic_msgs/msg/DiagnosticArray.idl
[6.547s] -- Up-to-date symlink: /home/ubuntu/microros_ws/install/diagnostic_msgs/share/diagnostic_msgs/msg/DiagnosticStatus.idl
[6.549s] -- Up-to-date symlink: /home/ubuntu/microros_ws/install/diagnostic_msgs/share/diagnostic_msgs/msg/KeyValue.idl
[6.550s] -- Up-to-date symlink: /home/ubuntu/microros_ws/install/diagnostic_msgs/share/diagnostic_msgs/srv/AddDiagnostics.idl
[6.551s] -- Up-to-date symlink: /home/ubuntu/microros_ws/install/diagnostic_msgs/share/diagnostic_msgs/srv/SelfTest.idl
[6.553s] -- Up-to-date symlink: /home/ubuntu/microros_ws/install/diagnostic_msgs/share/diagnostic_msgs/msg/DiagnosticArray.msg
[6.554s] -- Up-to-date symlink: /home/ubuntu/microros_ws/install/diagnostic_msgs/share/diagnostic_msgs/msg/DiagnosticStatus.msg
[6.558s] -- Up-to-date symlink: /home/ubuntu/microros_ws/install/diagnostic_msgs/share/diagnostic_msgs/msg/KeyValue.msg
[6.559s] -- Up-to-date symlink: /home/ubuntu/microros_ws/install/diagnostic_msgs/share/diagnostic_msgs/srv/AddDiagnostics.srv
[6.560s] -- Up-to-date symlink: /home/ubuntu/microros_ws/install/diagnostic_msgs/share/diagnostic_msgs/srv/AddDiagnostics_Request.msg
[6.561s] -- Up-to-date symlink: /home/ubuntu/microros_ws/install/diagnostic_msgs/share/diagnostic_msgs/srv/AddDiagnostics_Response.msg
[6.563s] -- Up-to-date symlink: /home/ubuntu/microros_ws/install/diagnostic_msgs/share/diagnostic_msgs/srv/SelfTest.srv
[6.565s] -- Up-to-date symlink: /home/ubuntu/microros_ws/install/diagnostic_msgs/share/diagnostic_msgs/srv/SelfTest_Request.msg
[6.566s] -- Up-to-date symlink: /home/ubuntu/microros_ws/install/diagnostic_msgs/share/diagnostic_msgs/srv/SelfTest_Response.msg
[6.568s] -- Up-to-date symlink: /home/ubuntu/microros_ws/install/diagnostic_msgs/share/ament_index/resource_index/package_run_dependencies/diagnostic_msgs
[6.570s] -- Up-to-date symlink: /home/ubuntu/microros_ws/install/diagnostic_msgs/share/ament_index/resource_index/parent_prefix_path/diagnostic_msgs
[6.572s] -- Up-to-date symlink: /home/ubuntu/microros_ws/install/diagnostic_msgs/share/diagnostic_msgs/environment/ament_prefix_path.sh
[6.573s] -- Up-to-date symlink: /home/ubuntu/microros_ws/install/diagnostic_msgs/share/diagnostic_msgs/environment/ament_prefix_path.dsv
[6.575s] -- Up-to-date symlink: /home/ubuntu/microros_ws/install/diagnostic_msgs/share/diagnostic_msgs/environment/path.sh
[6.576s] -- Up-to-date symlink: /home/ubuntu/microros_ws/install/diagnostic_msgs/share/diagnostic_msgs/environment/path.dsv
[6.578s] -- Up-to-date symlink: /home/ubuntu/microros_ws/install/diagnostic_msgs/share/diagnostic_msgs/local_setup.bash
[6.579s] -- Up-to-date symlink: /home/ubuntu/microros_ws/install/diagnostic_msgs/share/diagnostic_msgs/local_setup.sh
[6.581s] -- Up-to-date symlink: /home/ubuntu/microros_ws/install/diagnostic_msgs/share/diagnostic_msgs/local_setup.zsh
[6.582s] -- Up-to-date symlink: /home/ubuntu/microros_ws/install/diagnostic_msgs/share/diagnostic_msgs/local_setup.dsv
[6.583s] -- Symlinking: /home/ubuntu/microros_ws/install/diagnostic_msgs/share/diagnostic_msgs/package.dsv
[6.638s] -- Up-to-date symlink: /home/ubuntu/microros_ws/install/diagnostic_msgs/share/ament_index/resource_index/packages/diagnostic_msgs
[6.640s] -- Up-to-date symlink: /home/ubuntu/microros_ws/install/diagnostic_msgs/share/diagnostic_msgs/cmake/rosidl_cmake-extras.cmake
[6.642s] -- Up-to-date symlink: /home/ubuntu/microros_ws/install/diagnostic_msgs/share/diagnostic_msgs/cmake/ament_cmake_export_dependencies-extras.cmake
[6.643s] -- Up-to-date symlink: /home/ubuntu/microros_ws/install/diagnostic_msgs/share/diagnostic_msgs/cmake/ament_cmake_export_include_directories-extras.cmake
[6.645s] -- Up-to-date symlink: /home/ubuntu/microros_ws/install/diagnostic_msgs/share/diagnostic_msgs/cmake/ament_cmake_export_libraries-extras.cmake
[6.646s] -- Up-to-date symlink: /home/ubuntu/microros_ws/install/diagnostic_msgs/share/diagnostic_msgs/cmake/ament_cmake_export_targets-extras.cmake
[6.647s] -- Up-to-date symlink: /home/ubuntu/microros_ws/install/diagnostic_msgs/share/diagnostic_msgs/cmake/rosidl_cmake_export_typesupport_targets-extras.cmake
[6.648s] -- Up-to-date symlink: /home/ubuntu/microros_ws/install/diagnostic_msgs/share/diagnostic_msgs/cmake/rosidl_cmake_export_typesupport_libraries-extras.cmake
[6.649s] -- Up-to-date symlink: /home/ubuntu/microros_ws/install/diagnostic_msgs/share/diagnostic_msgs/cmake/diagnostic_msgsConfig.cmake
[6.651s] -- Up-to-date symlink: /home/ubuntu/microros_ws/install/diagnostic_msgs/share/diagnostic_msgs/cmake/diagnostic_msgsConfig-version.cmake
[6.652s] -- Up-to-date symlink: /home/ubuntu/microros_ws/install/diagnostic_msgs/share/diagnostic_msgs/package.xml
[6.653s] -- Up-to-date: /home/ubuntu/microros_ws/install/diagnostic_msgs/lib/libdiagnostic_msgs__rosidl_generator_c.so
[6.656s] -- Up-to-date: /home/ubuntu/microros_ws/install/diagnostic_msgs/lib/libdiagnostic_msgs__rosidl_typesupport_fastrtps_c.so
[6.659s] -- Up-to-date: /home/ubuntu/microros_ws/install/diagnostic_msgs/lib/libdiagnostic_msgs__rosidl_typesupport_introspection_c.so
[6.661s] -- Up-to-date: /home/ubuntu/microros_ws/install/diagnostic_msgs/lib/libdiagnostic_msgs__rosidl_typesupport_c.so
[6.663s] -- Up-to-date: /home/ubuntu/microros_ws/install/diagnostic_msgs/lib/libdiagnostic_msgs__rosidl_typesupport_fastrtps_cpp.so
[6.666s] -- Up-to-date: /home/ubuntu/microros_ws/install/diagnostic_msgs/lib/libdiagnostic_msgs__rosidl_typesupport_introspection_cpp.so
[6.669s] -- Up-to-date: /home/ubuntu/microros_ws/install/diagnostic_msgs/lib/libdiagnostic_msgs__rosidl_typesupport_cpp.so
[6.881s] Listing '/home/ubuntu/microros_ws/install/diagnostic_msgs/local/lib/python3.10/dist-packages/diagnostic_msgs'...
[6.882s] Listing '/home/ubuntu/microros_ws/install/diagnostic_msgs/local/lib/python3.10/dist-packages/diagnostic_msgs/msg'...
[6.883s] Listing '/home/ubuntu/microros_ws/install/diagnostic_msgs/local/lib/python3.10/dist-packages/diagnostic_msgs/srv'...
[6.918s] -- Up-to-date: /home/ubuntu/microros_ws/install/diagnostic_msgs/lib/libdiagnostic_msgs__rosidl_generator_py.so
[6.920s] -- Up-to-date: /home/ubuntu/microros_ws/install/diagnostic_msgs/share/diagnostic_msgs/cmake/export_diagnostic_msgs__rosidl_generator_cExport.cmake
[6.921s] -- Up-to-date: /home/ubuntu/microros_ws/install/diagnostic_msgs/share/diagnostic_msgs/cmake/export_diagnostic_msgs__rosidl_generator_cExport-noconfig.cmake
[6.922s] -- Up-to-date: /home/ubuntu/microros_ws/install/diagnostic_msgs/share/diagnostic_msgs/cmake/export_diagnostic_msgs__rosidl_typesupport_fastrtps_cExport.cmake
[6.923s] -- Up-to-date: /home/ubuntu/microros_ws/install/diagnostic_msgs/share/diagnostic_msgs/cmake/export_diagnostic_msgs__rosidl_typesupport_fastrtps_cExport-noconfig.cmake
[6.924s] -- Up-to-date: /home/ubuntu/microros_ws/install/diagnostic_msgs/share/diagnostic_msgs/cmake/diagnostic_msgs__rosidl_typesupport_introspection_cExport.cmake
[6.925s] -- Up-to-date: /home/ubuntu/microros_ws/install/diagnostic_msgs/share/diagnostic_msgs/cmake/diagnostic_msgs__rosidl_typesupport_introspection_cExport-noconfig.cmake
[6.926s] -- Up-to-date: /home/ubuntu/microros_ws/install/diagnostic_msgs/share/diagnostic_msgs/cmake/diagnostic_msgs__rosidl_typesupport_cExport.cmake
[6.927s] -- Up-to-date: /home/ubuntu/microros_ws/install/diagnostic_msgs/share/diagnostic_msgs/cmake/diagnostic_msgs__rosidl_typesupport_cExport-noconfig.cmake
[6.928s] -- Up-to-date: /home/ubuntu/microros_ws/install/diagnostic_msgs/share/diagnostic_msgs/cmake/export_diagnostic_msgs__rosidl_generator_cppExport.cmake
[6.929s] -- Up-to-date: /home/ubuntu/microros_ws/install/diagnostic_msgs/share/diagnostic_msgs/cmake/export_diagnostic_msgs__rosidl_typesupport_fastrtps_cppExport.cmake
[6.929s] -- Up-to-date: /home/ubuntu/microros_ws/install/diagnostic_msgs/share/diagnostic_msgs/cmake/export_diagnostic_msgs__rosidl_typesupport_fastrtps_cppExport-noconfig.cmake
[6.930s] -- Up-to-date: /home/ubuntu/microros_ws/install/diagnostic_msgs/share/diagnostic_msgs/cmake/diagnostic_msgs__rosidl_typesupport_introspection_cppExport.cmake
[6.933s] -- Up-to-date: /home/ubuntu/microros_ws/install/diagnostic_msgs/share/diagnostic_msgs/cmake/diagnostic_msgs__rosidl_typesupport_introspection_cppExport-noconfig.cmake
[6.934s] -- Up-to-date: /home/ubuntu/microros_ws/install/diagnostic_msgs/share/diagnostic_msgs/cmake/diagnostic_msgs__rosidl_typesupport_cppExport.cmake
[6.934s] -- Up-to-date: /home/ubuntu/microros_ws/install/diagnostic_msgs/share/diagnostic_msgs/cmake/diagnostic_msgs__rosidl_typesupport_cppExport-noconfig.cmake
[6.935s] -- Up-to-date: /home/ubuntu/microros_ws/install/diagnostic_msgs/share/diagnostic_msgs/cmake/export_diagnostic_msgs__rosidl_generator_pyExport.cmake
[6.935s] -- Up-to-date: /home/ubuntu/microros_ws/install/diagnostic_msgs/share/diagnostic_msgs/cmake/export_diagnostic_msgs__rosidl_generator_pyExport-noconfig.cmake
[6.951s] Invoked command in '/home/ubuntu/microros_ws/build/diagnostic_msgs' returned '0': AMENT_PREFIX_PATH=/home/ubuntu/microros_ws/install/geometry_msgs:/home/ubuntu/microros_ws/install/std_msgs:/home/ubuntu/microros_ws/install/builtin_interfaces:${AMENT_PREFIX_PATH} CMAKE_PREFIX_PATH=/home/ubuntu/microros_ws/install/geometry_msgs:/home/ubuntu/microros_ws/install/std_msgs:/home/ubuntu/microros_ws/install/builtin_interfaces:/opt/ros/humble LD_LIBRARY_PATH=/home/ubuntu/microros_ws/install/geometry_msgs/lib:/home/ubuntu/microros_ws/install/std_msgs/lib:/home/ubuntu/microros_ws/install/builtin_interfaces/lib:${LD_LIBRARY_PATH} PYTHONPATH=/home/ubuntu/microros_ws/install/geometry_msgs/local/lib/python3.10/dist-packages:/home/ubuntu/microros_ws/install/std_msgs/local/lib/python3.10/dist-packages:/home/ubuntu/microros_ws/install/builtin_interfaces/local/lib/python3.10/dist-packages:${PYTHONPATH} /usr/bin/cmake --install /home/ubuntu/microros_ws/build/diagnostic_msgs
