[0.131s] Invoking command in '/home/ubuntu/microros_ws/build/builtin_interfaces': CMAKE_PREFIX_PATH=/opt/ros/humble /usr/bin/cmake --build /home/ubuntu/microros_ws/build/builtin_interfaces -- -j4 -l4
[0.497s] [  2%] Built target builtin_interfaces__cpp
[0.520s] [ 10%] Built target builtin_interfaces__rosidl_generator_c
[0.591s] [ 10%] Built target ament_cmake_python_symlink_builtin_interfaces
[0.785s] [ 18%] Built target builtin_interfaces__rosidl_typesupport_cpp
[0.869s] [ 26%] Built target builtin_interfaces__rosidl_typesupport_fastrtps_cpp
[0.975s] [ 34%] Built target builtin_interfaces__rosidl_typesupport_introspection_cpp
[0.983s] [ 42%] Built target builtin_interfaces__rosidl_typesupport_microxrcedds_cpp
[1.262s] [ 51%] Built target builtin_interfaces__rosidl_typesupport_microxrcedds_c
[1.367s] [ 59%] Built target builtin_interfaces__rosidl_typesupport_fastrtps_c
[1.404s] [ 67%] Built target builtin_interfaces__rosidl_typesupport_introspection_c
[1.607s] [ 75%] Built target builtin_interfaces__rosidl_typesupport_c
[1.905s] [ 75%] Built target builtin_interfaces
[2.189s] [ 77%] Built target builtin_interfaces__py
[2.434s] [ 83%] Built target builtin_interfaces__rosidl_generator_py
[2.777s] [ 87%] Built target builtin_interfaces__rosidl_typesupport_fastrtps_c__pyext
[2.841s] [ 91%] Built target builtin_interfaces__rosidl_typesupport_microxrcedds_c__pyext
[3.168s] [ 95%] Built target builtin_interfaces__rosidl_typesupport_c__pyext
[3.223s] [100%] Built target builtin_interfaces__rosidl_typesupport_introspection_c__pyext
[4.187s] running egg_info
[4.192s] writing builtin_interfaces.egg-info/PKG-INFO
[4.194s] writing dependency_links to builtin_interfaces.egg-info/dependency_links.txt
[4.196s] writing top-level names to builtin_interfaces.egg-info/top_level.txt
[4.210s] reading manifest file 'builtin_interfaces.egg-info/SOURCES.txt'
[4.213s] writing manifest file 'builtin_interfaces.egg-info/SOURCES.txt'
[4.451s] [100%] Built target ament_cmake_python_build_builtin_interfaces_egg
[4.521s] Invoked command in '/home/ubuntu/microros_ws/build/builtin_interfaces' returned '0': CMAKE_PREFIX_PATH=/opt/ros/humble /usr/bin/cmake --build /home/ubuntu/microros_ws/build/builtin_interfaces -- -j4 -l4
[5.388s] Invoking command in '/home/ubuntu/microros_ws/build/builtin_interfaces': CMAKE_PREFIX_PATH=/opt/ros/humble /usr/bin/cmake --install /home/ubuntu/microros_ws/build/builtin_interfaces
[5.428s] -- Install configuration: ""
[5.430s] -- Execute custom install script
[5.433s] -- Up-to-date symlink: /home/ubuntu/microros_ws/install/builtin_interfaces/share/ament_index/resource_index/rosidl_interfaces/builtin_interfaces
[5.437s] -- Up-to-date symlink: /home/ubuntu/microros_ws/install/builtin_interfaces/include/builtin_interfaces/builtin_interfaces/msg/detail/duration__functions.h
[5.438s] -- Up-to-date symlink: /home/ubuntu/microros_ws/install/builtin_interfaces/include/builtin_interfaces/builtin_interfaces/msg/detail/duration__struct.h
[5.439s] -- Up-to-date symlink: /home/ubuntu/microros_ws/install/builtin_interfaces/include/builtin_interfaces/builtin_interfaces/msg/detail/duration__type_support.h
[5.439s] -- Up-to-date symlink: /home/ubuntu/microros_ws/install/builtin_interfaces/include/builtin_interfaces/builtin_interfaces/msg/detail/time__functions.h
[5.442s] -- Up-to-date symlink: /home/ubuntu/microros_ws/install/builtin_interfaces/include/builtin_interfaces/builtin_interfaces/msg/detail/time__struct.h
[5.442s] -- Up-to-date symlink: /home/ubuntu/microros_ws/install/builtin_interfaces/include/builtin_interfaces/builtin_interfaces/msg/detail/time__type_support.h
[5.443s] -- Up-to-date symlink: /home/ubuntu/microros_ws/install/builtin_interfaces/include/builtin_interfaces/builtin_interfaces/msg/duration.h
[5.444s] -- Up-to-date symlink: /home/ubuntu/microros_ws/install/builtin_interfaces/include/builtin_interfaces/builtin_interfaces/msg/rosidl_generator_c__visibility_control.h
[5.445s] -- Up-to-date symlink: /home/ubuntu/microros_ws/install/builtin_interfaces/include/builtin_interfaces/builtin_interfaces/msg/time.h
[5.448s] -- Up-to-date symlink: /home/ubuntu/microros_ws/install/builtin_interfaces/share/builtin_interfaces/environment/library_path.sh
[5.449s] -- Up-to-date symlink: /home/ubuntu/microros_ws/install/builtin_interfaces/share/builtin_interfaces/environment/library_path.dsv
[5.452s] -- Up-to-date symlink: /home/ubuntu/microros_ws/install/builtin_interfaces/include/builtin_interfaces/msg/detail/duration__rosidl_typesupport_microxrcedds_c.h
[5.453s] -- Up-to-date symlink: /home/ubuntu/microros_ws/install/builtin_interfaces/include/builtin_interfaces/msg/detail/time__rosidl_typesupport_microxrcedds_c.h
[5.454s] -- Up-to-date symlink: /home/ubuntu/microros_ws/install/builtin_interfaces/include/builtin_interfaces/msg/rosidl_typesupport_microxrcedds_c__visibility_control.h
[5.456s] -- Up-to-date symlink: /home/ubuntu/microros_ws/install/builtin_interfaces/lib/libbuiltin_interfaces__rosidl_typesupport_microxrcedds_c.so
[5.461s] -- Up-to-date symlink: /home/ubuntu/microros_ws/install/builtin_interfaces/include/builtin_interfaces/builtin_interfaces/msg/detail/duration__rosidl_typesupport_fastrtps_c.h
[5.462s] -- Up-to-date symlink: /home/ubuntu/microros_ws/install/builtin_interfaces/include/builtin_interfaces/builtin_interfaces/msg/detail/time__rosidl_typesupport_fastrtps_c.h
[5.464s] -- Up-to-date symlink: /home/ubuntu/microros_ws/install/builtin_interfaces/include/builtin_interfaces/builtin_interfaces/msg/rosidl_typesupport_fastrtps_c__visibility_control.h
[5.474s] -- Up-to-date symlink: /home/ubuntu/microros_ws/install/builtin_interfaces/include/builtin_interfaces/builtin_interfaces/msg/detail/duration__rosidl_typesupport_introspection_c.h
[5.477s] -- Up-to-date symlink: /home/ubuntu/microros_ws/install/builtin_interfaces/include/builtin_interfaces/builtin_interfaces/msg/detail/time__rosidl_typesupport_introspection_c.h
[5.497s] -- Up-to-date symlink: /home/ubuntu/microros_ws/install/builtin_interfaces/include/builtin_interfaces/builtin_interfaces/msg/rosidl_typesupport_introspection_c__visibility_control.h
[5.501s] -- Up-to-date symlink: /home/ubuntu/microros_ws/install/builtin_interfaces/include/builtin_interfaces/builtin_interfaces/msg/detail/duration__builder.hpp
[5.502s] -- Up-to-date symlink: /home/ubuntu/microros_ws/install/builtin_interfaces/include/builtin_interfaces/builtin_interfaces/msg/detail/duration__struct.hpp
[5.510s] -- Up-to-date symlink: /home/ubuntu/microros_ws/install/builtin_interfaces/include/builtin_interfaces/builtin_interfaces/msg/detail/duration__traits.hpp
[5.511s] -- Up-to-date symlink: /home/ubuntu/microros_ws/install/builtin_interfaces/include/builtin_interfaces/builtin_interfaces/msg/detail/time__builder.hpp
[5.512s] -- Up-to-date symlink: /home/ubuntu/microros_ws/install/builtin_interfaces/include/builtin_interfaces/builtin_interfaces/msg/detail/time__struct.hpp
[5.512s] -- Up-to-date symlink: /home/ubuntu/microros_ws/install/builtin_interfaces/include/builtin_interfaces/builtin_interfaces/msg/detail/time__traits.hpp
[5.515s] -- Up-to-date symlink: /home/ubuntu/microros_ws/install/builtin_interfaces/include/builtin_interfaces/builtin_interfaces/msg/duration.hpp
[5.516s] -- Up-to-date symlink: /home/ubuntu/microros_ws/install/builtin_interfaces/include/builtin_interfaces/builtin_interfaces/msg/time.hpp
[5.519s] -- Up-to-date symlink: /home/ubuntu/microros_ws/install/builtin_interfaces/include/builtin_interfaces/msg/detail/duration__rosidl_typesupport_microxrcedds_cpp.hpp
[5.520s] -- Up-to-date symlink: /home/ubuntu/microros_ws/install/builtin_interfaces/include/builtin_interfaces/msg/detail/microxrcedds/duration__type_support_cpp.cpp
[5.523s] -- Up-to-date symlink: /home/ubuntu/microros_ws/install/builtin_interfaces/include/builtin_interfaces/msg/detail/microxrcedds/time__type_support_cpp.cpp
[5.526s] -- Up-to-date symlink: /home/ubuntu/microros_ws/install/builtin_interfaces/include/builtin_interfaces/msg/detail/time__rosidl_typesupport_microxrcedds_cpp.hpp
[5.527s] -- Up-to-date symlink: /home/ubuntu/microros_ws/install/builtin_interfaces/include/builtin_interfaces/msg/rosidl_typesupport_microxrcedds_cpp__visibility_control.h
[5.529s] -- Up-to-date symlink: /home/ubuntu/microros_ws/install/builtin_interfaces/lib/libbuiltin_interfaces__rosidl_typesupport_microxrcedds_cpp.so
[5.534s] -- Up-to-date symlink: /home/ubuntu/microros_ws/install/builtin_interfaces/include/builtin_interfaces/builtin_interfaces/msg/detail/duration__rosidl_typesupport_fastrtps_cpp.hpp
[5.537s] -- Up-to-date symlink: /home/ubuntu/microros_ws/install/builtin_interfaces/include/builtin_interfaces/builtin_interfaces/msg/detail/time__rosidl_typesupport_fastrtps_cpp.hpp
[5.539s] -- Up-to-date symlink: /home/ubuntu/microros_ws/install/builtin_interfaces/include/builtin_interfaces/builtin_interfaces/msg/rosidl_typesupport_fastrtps_cpp__visibility_control.h
[5.542s] -- Up-to-date symlink: /home/ubuntu/microros_ws/install/builtin_interfaces/include/builtin_interfaces/builtin_interfaces/msg/detail/duration__rosidl_typesupport_introspection_cpp.hpp
[5.543s] -- Up-to-date symlink: /home/ubuntu/microros_ws/install/builtin_interfaces/include/builtin_interfaces/builtin_interfaces/msg/detail/time__rosidl_typesupport_introspection_cpp.hpp
[5.546s] -- Up-to-date symlink: /home/ubuntu/microros_ws/install/builtin_interfaces/share/builtin_interfaces/environment/pythonpath.sh
[5.547s] -- Up-to-date symlink: /home/ubuntu/microros_ws/install/builtin_interfaces/share/builtin_interfaces/environment/pythonpath.dsv
[5.549s] -- Up-to-date symlink: /home/ubuntu/microros_ws/install/builtin_interfaces/local/lib/python3.10/dist-packages/builtin_interfaces-1.2.1-py3.10.egg-info/PKG-INFO
[5.552s] -- Up-to-date symlink: /home/ubuntu/microros_ws/install/builtin_interfaces/local/lib/python3.10/dist-packages/builtin_interfaces-1.2.1-py3.10.egg-info/SOURCES.txt
[5.554s] -- Up-to-date symlink: /home/ubuntu/microros_ws/install/builtin_interfaces/local/lib/python3.10/dist-packages/builtin_interfaces-1.2.1-py3.10.egg-info/dependency_links.txt
[5.555s] -- Up-to-date symlink: /home/ubuntu/microros_ws/install/builtin_interfaces/local/lib/python3.10/dist-packages/builtin_interfaces-1.2.1-py3.10.egg-info/top_level.txt
[5.563s] -- Up-to-date symlink: /home/ubuntu/microros_ws/install/builtin_interfaces/local/lib/python3.10/dist-packages/builtin_interfaces/__init__.py
[5.563s] -- Up-to-date symlink: /home/ubuntu/microros_ws/install/builtin_interfaces/local/lib/python3.10/dist-packages/builtin_interfaces/_builtin_interfaces_s.ep.rosidl_typesupport_c.c
[5.565s] -- Up-to-date symlink: /home/ubuntu/microros_ws/install/builtin_interfaces/local/lib/python3.10/dist-packages/builtin_interfaces/_builtin_interfaces_s.ep.rosidl_typesupport_fastrtps_c.c
[5.571s] -- Up-to-date symlink: /home/ubuntu/microros_ws/install/builtin_interfaces/local/lib/python3.10/dist-packages/builtin_interfaces/_builtin_interfaces_s.ep.rosidl_typesupport_introspection_c.c
[5.572s] -- Up-to-date symlink: /home/ubuntu/microros_ws/install/builtin_interfaces/local/lib/python3.10/dist-packages/builtin_interfaces/_builtin_interfaces_s.ep.rosidl_typesupport_microxrcedds_c.c
[5.574s] -- Up-to-date symlink: /home/ubuntu/microros_ws/install/builtin_interfaces/local/lib/python3.10/dist-packages/builtin_interfaces/builtin_interfaces_s__rosidl_typesupport_c.cpython-310-aarch64-linux-gnu.so
[5.577s] -- Up-to-date symlink: /home/ubuntu/microros_ws/install/builtin_interfaces/local/lib/python3.10/dist-packages/builtin_interfaces/builtin_interfaces_s__rosidl_typesupport_fastrtps_c.cpython-310-aarch64-linux-gnu.so
[5.578s] -- Up-to-date symlink: /home/ubuntu/microros_ws/install/builtin_interfaces/local/lib/python3.10/dist-packages/builtin_interfaces/builtin_interfaces_s__rosidl_typesupport_introspection_c.cpython-310-aarch64-linux-gnu.so
[5.578s] -- Up-to-date symlink: /home/ubuntu/microros_ws/install/builtin_interfaces/local/lib/python3.10/dist-packages/builtin_interfaces/builtin_interfaces_s__rosidl_typesupport_microxrcedds_c.cpython-310-aarch64-linux-gnu.so
[5.579s] -- Up-to-date symlink: /home/ubuntu/microros_ws/install/builtin_interfaces/local/lib/python3.10/dist-packages/builtin_interfaces/libbuiltin_interfaces__rosidl_generator_py.so
[5.583s] -- Up-to-date symlink: /home/ubuntu/microros_ws/install/builtin_interfaces/local/lib/python3.10/dist-packages/builtin_interfaces/msg/__init__.py
[5.584s] -- Up-to-date symlink: /home/ubuntu/microros_ws/install/builtin_interfaces/local/lib/python3.10/dist-packages/builtin_interfaces/msg/_duration.py
[5.584s] -- Up-to-date symlink: /home/ubuntu/microros_ws/install/builtin_interfaces/local/lib/python3.10/dist-packages/builtin_interfaces/msg/_duration_s.c
[5.585s] -- Up-to-date symlink: /home/ubuntu/microros_ws/install/builtin_interfaces/local/lib/python3.10/dist-packages/builtin_interfaces/msg/_time.py
[5.585s] -- Up-to-date symlink: /home/ubuntu/microros_ws/install/builtin_interfaces/local/lib/python3.10/dist-packages/builtin_interfaces/msg/_time_s.c
[5.586s] -- Up-to-date symlink: /home/ubuntu/microros_ws/install/builtin_interfaces/local/lib/python3.10/dist-packages/builtin_interfaces/builtin_interfaces_s__rosidl_typesupport_microxrcedds_c.cpython-310-aarch64-linux-gnu.so
[5.589s] -- Up-to-date symlink: /home/ubuntu/microros_ws/install/builtin_interfaces/local/lib/python3.10/dist-packages/builtin_interfaces/builtin_interfaces_s__rosidl_typesupport_fastrtps_c.cpython-310-aarch64-linux-gnu.so
[5.592s] -- Up-to-date symlink: /home/ubuntu/microros_ws/install/builtin_interfaces/local/lib/python3.10/dist-packages/builtin_interfaces/builtin_interfaces_s__rosidl_typesupport_introspection_c.cpython-310-aarch64-linux-gnu.so
[5.597s] -- Up-to-date symlink: /home/ubuntu/microros_ws/install/builtin_interfaces/local/lib/python3.10/dist-packages/builtin_interfaces/builtin_interfaces_s__rosidl_typesupport_c.cpython-310-aarch64-linux-gnu.so
[5.598s] -- Up-to-date symlink: /home/ubuntu/microros_ws/install/builtin_interfaces/share/builtin_interfaces/msg/Duration.idl
[5.599s] -- Up-to-date symlink: /home/ubuntu/microros_ws/install/builtin_interfaces/share/builtin_interfaces/msg/Time.idl
[5.602s] -- Up-to-date symlink: /home/ubuntu/microros_ws/install/builtin_interfaces/share/builtin_interfaces/msg/Duration.msg
[5.604s] -- Up-to-date symlink: /home/ubuntu/microros_ws/install/builtin_interfaces/share/builtin_interfaces/msg/Time.msg
[5.605s] -- Up-to-date symlink: /home/ubuntu/microros_ws/install/builtin_interfaces/share/ament_index/resource_index/package_run_dependencies/builtin_interfaces
[5.607s] -- Up-to-date symlink: /home/ubuntu/microros_ws/install/builtin_interfaces/share/ament_index/resource_index/parent_prefix_path/builtin_interfaces
[5.609s] -- Up-to-date symlink: /home/ubuntu/microros_ws/install/builtin_interfaces/share/builtin_interfaces/environment/ament_prefix_path.sh
[5.610s] -- Up-to-date symlink: /home/ubuntu/microros_ws/install/builtin_interfaces/share/builtin_interfaces/environment/ament_prefix_path.dsv
[5.615s] -- Up-to-date symlink: /home/ubuntu/microros_ws/install/builtin_interfaces/share/builtin_interfaces/environment/path.sh
[5.615s] -- Up-to-date symlink: /home/ubuntu/microros_ws/install/builtin_interfaces/share/builtin_interfaces/environment/path.dsv
[5.617s] -- Up-to-date symlink: /home/ubuntu/microros_ws/install/builtin_interfaces/share/builtin_interfaces/local_setup.bash
[5.620s] -- Up-to-date symlink: /home/ubuntu/microros_ws/install/builtin_interfaces/share/builtin_interfaces/local_setup.sh
[5.621s] -- Up-to-date symlink: /home/ubuntu/microros_ws/install/builtin_interfaces/share/builtin_interfaces/local_setup.zsh
[5.622s] -- Up-to-date symlink: /home/ubuntu/microros_ws/install/builtin_interfaces/share/builtin_interfaces/local_setup.dsv
[5.623s] -- Symlinking: /home/ubuntu/microros_ws/install/builtin_interfaces/share/builtin_interfaces/package.dsv
[5.673s] -- Up-to-date symlink: /home/ubuntu/microros_ws/install/builtin_interfaces/share/ament_index/resource_index/packages/builtin_interfaces
[5.674s] -- Up-to-date symlink: /home/ubuntu/microros_ws/install/builtin_interfaces/share/builtin_interfaces/cmake/rosidl_cmake-extras.cmake
[5.677s] -- Up-to-date symlink: /home/ubuntu/microros_ws/install/builtin_interfaces/share/builtin_interfaces/cmake/ament_cmake_export_include_directories-extras.cmake
[5.698s] -- Up-to-date symlink: /home/ubuntu/microros_ws/install/builtin_interfaces/share/builtin_interfaces/cmake/ament_cmake_export_libraries-extras.cmake
[5.699s] -- Up-to-date symlink: /home/ubuntu/microros_ws/install/builtin_interfaces/share/builtin_interfaces/cmake/ament_cmake_export_targets-extras.cmake
[5.710s] -- Up-to-date symlink: /home/ubuntu/microros_ws/install/builtin_interfaces/share/builtin_interfaces/cmake/rosidl_cmake_export_typesupport_targets-extras.cmake
[5.711s] -- Up-to-date symlink: /home/ubuntu/microros_ws/install/builtin_interfaces/share/builtin_interfaces/cmake/ament_cmake_export_dependencies-extras.cmake
[5.711s] -- Up-to-date symlink: /home/ubuntu/microros_ws/install/builtin_interfaces/share/builtin_interfaces/cmake/rosidl_cmake_export_typesupport_libraries-extras.cmake
[5.712s] -- Up-to-date symlink: /home/ubuntu/microros_ws/install/builtin_interfaces/share/builtin_interfaces/cmake/builtin_interfacesConfig.cmake
[5.714s] -- Up-to-date symlink: /home/ubuntu/microros_ws/install/builtin_interfaces/share/builtin_interfaces/cmake/builtin_interfacesConfig-version.cmake
[5.714s] -- Up-to-date symlink: /home/ubuntu/microros_ws/install/builtin_interfaces/share/builtin_interfaces/package.xml
[5.715s] -- Up-to-date: /home/ubuntu/microros_ws/install/builtin_interfaces/lib/libbuiltin_interfaces__rosidl_generator_c.so
[5.715s] -- Up-to-date: /home/ubuntu/microros_ws/install/builtin_interfaces/lib/libbuiltin_interfaces__rosidl_typesupport_fastrtps_c.so
[5.716s] -- Up-to-date: /home/ubuntu/microros_ws/install/builtin_interfaces/lib/libbuiltin_interfaces__rosidl_typesupport_introspection_c.so
[5.718s] -- Up-to-date: /home/ubuntu/microros_ws/install/builtin_interfaces/lib/libbuiltin_interfaces__rosidl_typesupport_c.so
[5.719s] -- Up-to-date: /home/ubuntu/microros_ws/install/builtin_interfaces/lib/libbuiltin_interfaces__rosidl_typesupport_fastrtps_cpp.so
[5.720s] -- Up-to-date: /home/ubuntu/microros_ws/install/builtin_interfaces/lib/libbuiltin_interfaces__rosidl_typesupport_introspection_cpp.so
[5.722s] -- Up-to-date: /home/ubuntu/microros_ws/install/builtin_interfaces/lib/libbuiltin_interfaces__rosidl_typesupport_cpp.so
[5.946s] Listing '/home/ubuntu/microros_ws/install/builtin_interfaces/local/lib/python3.10/dist-packages/builtin_interfaces'...
[5.948s] Listing '/home/ubuntu/microros_ws/install/builtin_interfaces/local/lib/python3.10/dist-packages/builtin_interfaces/msg'...
[5.986s] -- Up-to-date: /home/ubuntu/microros_ws/install/builtin_interfaces/lib/libbuiltin_interfaces__rosidl_generator_py.so
[5.988s] -- Up-to-date: /home/ubuntu/microros_ws/install/builtin_interfaces/share/builtin_interfaces/cmake/export_builtin_interfaces__rosidl_generator_cExport.cmake
[5.990s] -- Up-to-date: /home/ubuntu/microros_ws/install/builtin_interfaces/share/builtin_interfaces/cmake/export_builtin_interfaces__rosidl_generator_cExport-noconfig.cmake
[5.993s] -- Up-to-date: /home/ubuntu/microros_ws/install/builtin_interfaces/share/builtin_interfaces/cmake/export_builtin_interfaces__rosidl_typesupport_fastrtps_cExport.cmake
[6.002s] -- Up-to-date: /home/ubuntu/microros_ws/install/builtin_interfaces/share/builtin_interfaces/cmake/export_builtin_interfaces__rosidl_typesupport_fastrtps_cExport-noconfig.cmake
[6.006s] -- Up-to-date: /home/ubuntu/microros_ws/install/builtin_interfaces/share/builtin_interfaces/cmake/builtin_interfaces__rosidl_typesupport_introspection_cExport.cmake
[6.009s] -- Up-to-date: /home/ubuntu/microros_ws/install/builtin_interfaces/share/builtin_interfaces/cmake/builtin_interfaces__rosidl_typesupport_introspection_cExport-noconfig.cmake
[6.011s] -- Up-to-date: /home/ubuntu/microros_ws/install/builtin_interfaces/share/builtin_interfaces/cmake/builtin_interfaces__rosidl_typesupport_cExport.cmake
[6.014s] -- Up-to-date: /home/ubuntu/microros_ws/install/builtin_interfaces/share/builtin_interfaces/cmake/builtin_interfaces__rosidl_typesupport_cExport-noconfig.cmake
[6.017s] -- Up-to-date: /home/ubuntu/microros_ws/install/builtin_interfaces/share/builtin_interfaces/cmake/export_builtin_interfaces__rosidl_generator_cppExport.cmake
[6.020s] -- Up-to-date: /home/ubuntu/microros_ws/install/builtin_interfaces/share/builtin_interfaces/cmake/export_builtin_interfaces__rosidl_typesupport_fastrtps_cppExport.cmake
[6.023s] -- Up-to-date: /home/ubuntu/microros_ws/install/builtin_interfaces/share/builtin_interfaces/cmake/export_builtin_interfaces__rosidl_typesupport_fastrtps_cppExport-noconfig.cmake
[6.026s] -- Up-to-date: /home/ubuntu/microros_ws/install/builtin_interfaces/share/builtin_interfaces/cmake/builtin_interfaces__rosidl_typesupport_introspection_cppExport.cmake
[6.028s] -- Up-to-date: /home/ubuntu/microros_ws/install/builtin_interfaces/share/builtin_interfaces/cmake/builtin_interfaces__rosidl_typesupport_introspection_cppExport-noconfig.cmake
[6.051s] -- Up-to-date: /home/ubuntu/microros_ws/install/builtin_interfaces/share/builtin_interfaces/cmake/builtin_interfaces__rosidl_typesupport_cppExport.cmake
[6.052s] -- Up-to-date: /home/ubuntu/microros_ws/install/builtin_interfaces/share/builtin_interfaces/cmake/builtin_interfaces__rosidl_typesupport_cppExport-noconfig.cmake
[6.062s] -- Up-to-date: /home/ubuntu/microros_ws/install/builtin_interfaces/share/builtin_interfaces/cmake/export_builtin_interfaces__rosidl_generator_pyExport.cmake
[6.065s] -- Up-to-date: /home/ubuntu/microros_ws/install/builtin_interfaces/share/builtin_interfaces/cmake/export_builtin_interfaces__rosidl_generator_pyExport-noconfig.cmake
[6.123s] Invoked command in '/home/ubuntu/microros_ws/build/builtin_interfaces' returned '0': CMAKE_PREFIX_PATH=/opt/ros/humble /usr/bin/cmake --install /home/ubuntu/microros_ws/build/builtin_interfaces
