[0.139s] Invoking command in '/home/ubuntu/microros_ws/build/action_msgs': AMENT_PREFIX_PATH=/home/ubuntu/microros_ws/install/unique_identifier_msgs:/home/ubuntu/microros_ws/install/builtin_interfaces:${AMENT_PREFIX_PATH} CMAKE_PREFIX_PATH=/home/ubuntu/microros_ws/install/unique_identifier_msgs:/home/ubuntu/microros_ws/install/builtin_interfaces:/opt/ros/humble LD_LIBRARY_PATH=/home/ubuntu/microros_ws/install/unique_identifier_msgs/lib:/home/ubuntu/microros_ws/install/builtin_interfaces/lib:${LD_LIBRARY_PATH} PYTHONPATH=/home/ubuntu/microros_ws/install/unique_identifier_msgs/local/lib/python3.10/dist-packages:/home/ubuntu/microros_ws/install/builtin_interfaces/local/lib/python3.10/dist-packages:${PYTHONPATH} /usr/bin/cmake --build /home/ubuntu/microros_ws/build/action_msgs -- -j4 -l4
[0.613s] [  1%] Built target action_msgs__cpp
[0.615s] [ 12%] Built target action_msgs__rosidl_generator_c
[0.903s] [ 23%] Built target action_msgs__rosidl_typesupport_introspection_cpp
[0.910s] [ 23%] Built target ament_cmake_python_symlink_action_msgs
[1.083s] [ 34%] Built target action_msgs__rosidl_typesupport_cpp
[1.138s] [ 45%] Built target action_msgs__rosidl_typesupport_fastrtps_c
[1.307s] [ 56%] Built target action_msgs__rosidl_typesupport_introspection_c
[1.432s] [ 67%] Built target action_msgs__rosidl_typesupport_c
[1.807s] [ 78%] Built target action_msgs__rosidl_typesupport_fastrtps_cpp
[1.993s] [ 78%] Built target action_msgs
[2.144s] [ 80%] Built target action_msgs__py
[2.375s] [ 89%] Built target action_msgs__rosidl_generator_py
[2.716s] [ 92%] Built target action_msgs__rosidl_typesupport_fastrtps_c__pyext
[2.899s] [ 96%] Built target action_msgs__rosidl_typesupport_c__pyext
[3.117s] [100%] Built target action_msgs__rosidl_typesupport_introspection_c__pyext
[4.022s] running egg_info
[4.027s] writing action_msgs.egg-info/PKG-INFO
[4.028s] writing dependency_links to action_msgs.egg-info/dependency_links.txt
[4.031s] writing top-level names to action_msgs.egg-info/top_level.txt
[4.045s] reading manifest file 'action_msgs.egg-info/SOURCES.txt'
[4.050s] writing manifest file 'action_msgs.egg-info/SOURCES.txt'
[4.273s] [100%] Built target ament_cmake_python_build_action_msgs_egg
[4.443s] Invoked command in '/home/ubuntu/microros_ws/build/action_msgs' returned '0': AMENT_PREFIX_PATH=/home/ubuntu/microros_ws/install/unique_identifier_msgs:/home/ubuntu/microros_ws/install/builtin_interfaces:${AMENT_PREFIX_PATH} CMAKE_PREFIX_PATH=/home/ubuntu/microros_ws/install/unique_identifier_msgs:/home/ubuntu/microros_ws/install/builtin_interfaces:/opt/ros/humble LD_LIBRARY_PATH=/home/ubuntu/microros_ws/install/unique_identifier_msgs/lib:/home/ubuntu/microros_ws/install/builtin_interfaces/lib:${LD_LIBRARY_PATH} PYTHONPATH=/home/ubuntu/microros_ws/install/unique_identifier_msgs/local/lib/python3.10/dist-packages:/home/ubuntu/microros_ws/install/builtin_interfaces/local/lib/python3.10/dist-packages:${PYTHONPATH} /usr/bin/cmake --build /home/ubuntu/microros_ws/build/action_msgs -- -j4 -l4
[6.070s] Invoking command in '/home/ubuntu/microros_ws/build/action_msgs': AMENT_PREFIX_PATH=/home/ubuntu/microros_ws/install/unique_identifier_msgs:/home/ubuntu/microros_ws/install/builtin_interfaces:${AMENT_PREFIX_PATH} CMAKE_PREFIX_PATH=/home/ubuntu/microros_ws/install/unique_identifier_msgs:/home/ubuntu/microros_ws/install/builtin_interfaces:/opt/ros/humble LD_LIBRARY_PATH=/home/ubuntu/microros_ws/install/unique_identifier_msgs/lib:/home/ubuntu/microros_ws/install/builtin_interfaces/lib:${LD_LIBRARY_PATH} PYTHONPATH=/home/ubuntu/microros_ws/install/unique_identifier_msgs/local/lib/python3.10/dist-packages:/home/ubuntu/microros_ws/install/builtin_interfaces/local/lib/python3.10/dist-packages:${PYTHONPATH} /usr/bin/cmake --install /home/ubuntu/microros_ws/build/action_msgs
[6.122s] -- Install configuration: ""
[6.126s] -- Execute custom install script
[6.131s] -- Up-to-date symlink: /home/ubuntu/microros_ws/install/action_msgs/share/ament_index/resource_index/rosidl_interfaces/action_msgs
[6.139s] -- Up-to-date symlink: /home/ubuntu/microros_ws/install/action_msgs/include/action_msgs/action_msgs/msg/detail/goal_info__functions.h
[6.147s] -- Up-to-date symlink: /home/ubuntu/microros_ws/install/action_msgs/include/action_msgs/action_msgs/msg/detail/goal_info__struct.h
[6.149s] -- Up-to-date symlink: /home/ubuntu/microros_ws/install/action_msgs/include/action_msgs/action_msgs/msg/detail/goal_info__type_support.h
[6.151s] -- Up-to-date symlink: /home/ubuntu/microros_ws/install/action_msgs/include/action_msgs/action_msgs/msg/detail/goal_status__functions.h
[6.153s] -- Up-to-date symlink: /home/ubuntu/microros_ws/install/action_msgs/include/action_msgs/action_msgs/msg/detail/goal_status__struct.h
[6.155s] -- Up-to-date symlink: /home/ubuntu/microros_ws/install/action_msgs/include/action_msgs/action_msgs/msg/detail/goal_status__type_support.h
[6.159s] -- Up-to-date symlink: /home/ubuntu/microros_ws/install/action_msgs/include/action_msgs/action_msgs/msg/detail/goal_status_array__functions.h
[6.161s] -- Up-to-date symlink: /home/ubuntu/microros_ws/install/action_msgs/include/action_msgs/action_msgs/msg/detail/goal_status_array__struct.h
[6.163s] -- Up-to-date symlink: /home/ubuntu/microros_ws/install/action_msgs/include/action_msgs/action_msgs/msg/detail/goal_status_array__type_support.h
[6.166s] -- Up-to-date symlink: /home/ubuntu/microros_ws/install/action_msgs/include/action_msgs/action_msgs/msg/goal_info.h
[6.168s] -- Up-to-date symlink: /home/ubuntu/microros_ws/install/action_msgs/include/action_msgs/action_msgs/msg/goal_status.h
[6.169s] -- Up-to-date symlink: /home/ubuntu/microros_ws/install/action_msgs/include/action_msgs/action_msgs/msg/goal_status_array.h
[6.170s] -- Up-to-date symlink: /home/ubuntu/microros_ws/install/action_msgs/include/action_msgs/action_msgs/msg/rosidl_generator_c__visibility_control.h
[6.172s] -- Up-to-date symlink: /home/ubuntu/microros_ws/install/action_msgs/include/action_msgs/action_msgs/srv/cancel_goal.h
[6.173s] -- Up-to-date symlink: /home/ubuntu/microros_ws/install/action_msgs/include/action_msgs/action_msgs/srv/detail/cancel_goal__functions.h
[6.175s] -- Up-to-date symlink: /home/ubuntu/microros_ws/install/action_msgs/include/action_msgs/action_msgs/srv/detail/cancel_goal__struct.h
[6.177s] -- Up-to-date symlink: /home/ubuntu/microros_ws/install/action_msgs/include/action_msgs/action_msgs/srv/detail/cancel_goal__type_support.h
[6.178s] -- Up-to-date symlink: /home/ubuntu/microros_ws/install/action_msgs/share/action_msgs/environment/library_path.sh
[6.179s] -- Up-to-date symlink: /home/ubuntu/microros_ws/install/action_msgs/share/action_msgs/environment/library_path.dsv
[6.184s] -- Up-to-date symlink: /home/ubuntu/microros_ws/install/action_msgs/include/action_msgs/action_msgs/msg/detail/goal_info__rosidl_typesupport_fastrtps_c.h
[6.187s] -- Up-to-date symlink: /home/ubuntu/microros_ws/install/action_msgs/include/action_msgs/action_msgs/msg/detail/goal_status__rosidl_typesupport_fastrtps_c.h
[6.188s] -- Up-to-date symlink: /home/ubuntu/microros_ws/install/action_msgs/include/action_msgs/action_msgs/msg/detail/goal_status_array__rosidl_typesupport_fastrtps_c.h
[6.189s] -- Up-to-date symlink: /home/ubuntu/microros_ws/install/action_msgs/include/action_msgs/action_msgs/msg/rosidl_typesupport_fastrtps_c__visibility_control.h
[6.190s] -- Up-to-date symlink: /home/ubuntu/microros_ws/install/action_msgs/include/action_msgs/action_msgs/srv/detail/cancel_goal__rosidl_typesupport_fastrtps_c.h
[6.194s] -- Up-to-date symlink: /home/ubuntu/microros_ws/install/action_msgs/include/action_msgs/action_msgs/msg/detail/goal_info__builder.hpp
[6.196s] -- Up-to-date symlink: /home/ubuntu/microros_ws/install/action_msgs/include/action_msgs/action_msgs/msg/detail/goal_info__struct.hpp
[6.197s] -- Up-to-date symlink: /home/ubuntu/microros_ws/install/action_msgs/include/action_msgs/action_msgs/msg/detail/goal_info__traits.hpp
[6.198s] -- Up-to-date symlink: /home/ubuntu/microros_ws/install/action_msgs/include/action_msgs/action_msgs/msg/detail/goal_status__builder.hpp
[6.200s] -- Up-to-date symlink: /home/ubuntu/microros_ws/install/action_msgs/include/action_msgs/action_msgs/msg/detail/goal_status__struct.hpp
[6.204s] -- Up-to-date symlink: /home/ubuntu/microros_ws/install/action_msgs/include/action_msgs/action_msgs/msg/detail/goal_status__traits.hpp
[6.205s] -- Up-to-date symlink: /home/ubuntu/microros_ws/install/action_msgs/include/action_msgs/action_msgs/msg/detail/goal_status_array__builder.hpp
[6.207s] -- Up-to-date symlink: /home/ubuntu/microros_ws/install/action_msgs/include/action_msgs/action_msgs/msg/detail/goal_status_array__struct.hpp
[6.209s] -- Up-to-date symlink: /home/ubuntu/microros_ws/install/action_msgs/include/action_msgs/action_msgs/msg/detail/goal_status_array__traits.hpp
[6.211s] -- Up-to-date symlink: /home/ubuntu/microros_ws/install/action_msgs/include/action_msgs/action_msgs/msg/goal_info.hpp
[6.213s] -- Up-to-date symlink: /home/ubuntu/microros_ws/install/action_msgs/include/action_msgs/action_msgs/msg/goal_status.hpp
[6.216s] -- Up-to-date symlink: /home/ubuntu/microros_ws/install/action_msgs/include/action_msgs/action_msgs/msg/goal_status_array.hpp
[6.218s] -- Up-to-date symlink: /home/ubuntu/microros_ws/install/action_msgs/include/action_msgs/action_msgs/srv/cancel_goal.hpp
[6.220s] -- Up-to-date symlink: /home/ubuntu/microros_ws/install/action_msgs/include/action_msgs/action_msgs/srv/detail/cancel_goal__builder.hpp
[6.222s] -- Up-to-date symlink: /home/ubuntu/microros_ws/install/action_msgs/include/action_msgs/action_msgs/srv/detail/cancel_goal__struct.hpp
[6.225s] -- Up-to-date symlink: /home/ubuntu/microros_ws/install/action_msgs/include/action_msgs/action_msgs/srv/detail/cancel_goal__traits.hpp
[6.234s] -- Up-to-date symlink: /home/ubuntu/microros_ws/install/action_msgs/include/action_msgs/action_msgs/msg/detail/goal_info__rosidl_typesupport_fastrtps_cpp.hpp
[6.236s] -- Up-to-date symlink: /home/ubuntu/microros_ws/install/action_msgs/include/action_msgs/action_msgs/msg/detail/goal_status__rosidl_typesupport_fastrtps_cpp.hpp
[6.237s] -- Up-to-date symlink: /home/ubuntu/microros_ws/install/action_msgs/include/action_msgs/action_msgs/msg/detail/goal_status_array__rosidl_typesupport_fastrtps_cpp.hpp
[6.238s] -- Up-to-date symlink: /home/ubuntu/microros_ws/install/action_msgs/include/action_msgs/action_msgs/msg/rosidl_typesupport_fastrtps_cpp__visibility_control.h
[6.240s] -- Up-to-date symlink: /home/ubuntu/microros_ws/install/action_msgs/include/action_msgs/action_msgs/srv/detail/cancel_goal__rosidl_typesupport_fastrtps_cpp.hpp
[6.243s] -- Up-to-date symlink: /home/ubuntu/microros_ws/install/action_msgs/include/action_msgs/action_msgs/msg/detail/goal_info__rosidl_typesupport_introspection_c.h
[6.244s] -- Up-to-date symlink: /home/ubuntu/microros_ws/install/action_msgs/include/action_msgs/action_msgs/msg/detail/goal_status__rosidl_typesupport_introspection_c.h
[6.245s] -- Up-to-date symlink: /home/ubuntu/microros_ws/install/action_msgs/include/action_msgs/action_msgs/msg/detail/goal_status_array__rosidl_typesupport_introspection_c.h
[6.246s] -- Up-to-date symlink: /home/ubuntu/microros_ws/install/action_msgs/include/action_msgs/action_msgs/msg/rosidl_typesupport_introspection_c__visibility_control.h
[6.247s] -- Up-to-date symlink: /home/ubuntu/microros_ws/install/action_msgs/include/action_msgs/action_msgs/srv/detail/cancel_goal__rosidl_typesupport_introspection_c.h
[6.251s] -- Up-to-date symlink: /home/ubuntu/microros_ws/install/action_msgs/include/action_msgs/action_msgs/msg/detail/goal_info__rosidl_typesupport_introspection_cpp.hpp
[6.252s] -- Up-to-date symlink: /home/ubuntu/microros_ws/install/action_msgs/include/action_msgs/action_msgs/msg/detail/goal_status__rosidl_typesupport_introspection_cpp.hpp
[6.253s] -- Up-to-date symlink: /home/ubuntu/microros_ws/install/action_msgs/include/action_msgs/action_msgs/msg/detail/goal_status_array__rosidl_typesupport_introspection_cpp.hpp
[6.254s] -- Up-to-date symlink: /home/ubuntu/microros_ws/install/action_msgs/include/action_msgs/action_msgs/srv/detail/cancel_goal__rosidl_typesupport_introspection_cpp.hpp
[6.255s] -- Up-to-date symlink: /home/ubuntu/microros_ws/install/action_msgs/share/action_msgs/environment/pythonpath.sh
[6.256s] -- Up-to-date symlink: /home/ubuntu/microros_ws/install/action_msgs/share/action_msgs/environment/pythonpath.dsv
[6.259s] -- Up-to-date symlink: /home/ubuntu/microros_ws/install/action_msgs/local/lib/python3.10/dist-packages/action_msgs-1.2.1-py3.10.egg-info/PKG-INFO
[6.260s] -- Up-to-date symlink: /home/ubuntu/microros_ws/install/action_msgs/local/lib/python3.10/dist-packages/action_msgs-1.2.1-py3.10.egg-info/SOURCES.txt
[6.261s] -- Up-to-date symlink: /home/ubuntu/microros_ws/install/action_msgs/local/lib/python3.10/dist-packages/action_msgs-1.2.1-py3.10.egg-info/dependency_links.txt
[6.262s] -- Up-to-date symlink: /home/ubuntu/microros_ws/install/action_msgs/local/lib/python3.10/dist-packages/action_msgs-1.2.1-py3.10.egg-info/top_level.txt
[6.270s] -- Up-to-date symlink: /home/ubuntu/microros_ws/install/action_msgs/local/lib/python3.10/dist-packages/action_msgs/__init__.py
[6.271s] -- Up-to-date symlink: /home/ubuntu/microros_ws/install/action_msgs/local/lib/python3.10/dist-packages/action_msgs/_action_msgs_s.ep.rosidl_typesupport_c.c
[6.272s] -- Up-to-date symlink: /home/ubuntu/microros_ws/install/action_msgs/local/lib/python3.10/dist-packages/action_msgs/_action_msgs_s.ep.rosidl_typesupport_fastrtps_c.c
[6.273s] -- Up-to-date symlink: /home/ubuntu/microros_ws/install/action_msgs/local/lib/python3.10/dist-packages/action_msgs/_action_msgs_s.ep.rosidl_typesupport_introspection_c.c
[6.276s] -- Up-to-date symlink: /home/ubuntu/microros_ws/install/action_msgs/local/lib/python3.10/dist-packages/action_msgs/_action_msgs_s.ep.rosidl_typesupport_microxrcedds_c.c
[6.277s] -- Up-to-date symlink: /home/ubuntu/microros_ws/install/action_msgs/local/lib/python3.10/dist-packages/action_msgs/action_msgs_s__rosidl_typesupport_c.cpython-310-aarch64-linux-gnu.so
[6.278s] -- Up-to-date symlink: /home/ubuntu/microros_ws/install/action_msgs/local/lib/python3.10/dist-packages/action_msgs/action_msgs_s__rosidl_typesupport_fastrtps_c.cpython-310-aarch64-linux-gnu.so
[6.278s] -- Up-to-date symlink: /home/ubuntu/microros_ws/install/action_msgs/local/lib/python3.10/dist-packages/action_msgs/action_msgs_s__rosidl_typesupport_introspection_c.cpython-310-aarch64-linux-gnu.so
[6.279s] -- Up-to-date symlink: /home/ubuntu/microros_ws/install/action_msgs/local/lib/python3.10/dist-packages/action_msgs/action_msgs_s__rosidl_typesupport_microxrcedds_c.cpython-310-aarch64-linux-gnu.so
[6.282s] -- Up-to-date symlink: /home/ubuntu/microros_ws/install/action_msgs/local/lib/python3.10/dist-packages/action_msgs/libaction_msgs__rosidl_generator_py.so
[6.283s] -- Up-to-date symlink: /home/ubuntu/microros_ws/install/action_msgs/local/lib/python3.10/dist-packages/action_msgs/msg/__init__.py
[6.284s] -- Up-to-date symlink: /home/ubuntu/microros_ws/install/action_msgs/local/lib/python3.10/dist-packages/action_msgs/msg/_goal_info.py
[6.284s] -- Up-to-date symlink: /home/ubuntu/microros_ws/install/action_msgs/local/lib/python3.10/dist-packages/action_msgs/msg/_goal_info_s.c
[6.285s] -- Up-to-date symlink: /home/ubuntu/microros_ws/install/action_msgs/local/lib/python3.10/dist-packages/action_msgs/msg/_goal_status.py
[6.287s] -- Up-to-date symlink: /home/ubuntu/microros_ws/install/action_msgs/local/lib/python3.10/dist-packages/action_msgs/msg/_goal_status_array.py
[6.288s] -- Up-to-date symlink: /home/ubuntu/microros_ws/install/action_msgs/local/lib/python3.10/dist-packages/action_msgs/msg/_goal_status_array_s.c
[6.289s] -- Up-to-date symlink: /home/ubuntu/microros_ws/install/action_msgs/local/lib/python3.10/dist-packages/action_msgs/msg/_goal_status_s.c
[6.290s] -- Up-to-date symlink: /home/ubuntu/microros_ws/install/action_msgs/local/lib/python3.10/dist-packages/action_msgs/srv/__init__.py
[6.291s] -- Up-to-date symlink: /home/ubuntu/microros_ws/install/action_msgs/local/lib/python3.10/dist-packages/action_msgs/srv/_cancel_goal.py
[6.292s] -- Up-to-date symlink: /home/ubuntu/microros_ws/install/action_msgs/local/lib/python3.10/dist-packages/action_msgs/srv/_cancel_goal_s.c
[6.293s] -- Up-to-date symlink: /home/ubuntu/microros_ws/install/action_msgs/local/lib/python3.10/dist-packages/action_msgs/action_msgs_s__rosidl_typesupport_fastrtps_c.cpython-310-aarch64-linux-gnu.so
[6.295s] -- Up-to-date symlink: /home/ubuntu/microros_ws/install/action_msgs/local/lib/python3.10/dist-packages/action_msgs/action_msgs_s__rosidl_typesupport_introspection_c.cpython-310-aarch64-linux-gnu.so
[6.298s] -- Up-to-date symlink: /home/ubuntu/microros_ws/install/action_msgs/local/lib/python3.10/dist-packages/action_msgs/action_msgs_s__rosidl_typesupport_c.cpython-310-aarch64-linux-gnu.so
[6.300s] -- Up-to-date symlink: /home/ubuntu/microros_ws/install/action_msgs/share/action_msgs/msg/GoalInfo.idl
[6.301s] -- Up-to-date symlink: /home/ubuntu/microros_ws/install/action_msgs/share/action_msgs/msg/GoalStatus.idl
[6.305s] -- Up-to-date symlink: /home/ubuntu/microros_ws/install/action_msgs/share/action_msgs/msg/GoalStatusArray.idl
[6.305s] -- Up-to-date symlink: /home/ubuntu/microros_ws/install/action_msgs/share/action_msgs/srv/CancelGoal.idl
[6.306s] -- Up-to-date symlink: /home/ubuntu/microros_ws/install/action_msgs/share/action_msgs/msg/GoalInfo.msg
[6.307s] -- Up-to-date symlink: /home/ubuntu/microros_ws/install/action_msgs/share/action_msgs/msg/GoalStatus.msg
[6.316s] -- Up-to-date symlink: /home/ubuntu/microros_ws/install/action_msgs/share/action_msgs/msg/GoalStatusArray.msg
[6.318s] -- Up-to-date symlink: /home/ubuntu/microros_ws/install/action_msgs/share/action_msgs/srv/CancelGoal.srv
[6.321s] -- Up-to-date symlink: /home/ubuntu/microros_ws/install/action_msgs/share/action_msgs/srv/CancelGoal_Request.msg
[6.323s] -- Up-to-date symlink: /home/ubuntu/microros_ws/install/action_msgs/share/action_msgs/srv/CancelGoal_Response.msg
[6.326s] -- Up-to-date symlink: /home/ubuntu/microros_ws/install/action_msgs/share/ament_index/resource_index/package_run_dependencies/action_msgs
[6.330s] -- Up-to-date symlink: /home/ubuntu/microros_ws/install/action_msgs/share/ament_index/resource_index/parent_prefix_path/action_msgs
[6.334s] -- Up-to-date symlink: /home/ubuntu/microros_ws/install/action_msgs/share/action_msgs/environment/ament_prefix_path.sh
[6.336s] -- Up-to-date symlink: /home/ubuntu/microros_ws/install/action_msgs/share/action_msgs/environment/ament_prefix_path.dsv
[6.339s] -- Up-to-date symlink: /home/ubuntu/microros_ws/install/action_msgs/share/action_msgs/environment/path.sh
[6.341s] -- Up-to-date symlink: /home/ubuntu/microros_ws/install/action_msgs/share/action_msgs/environment/path.dsv
[6.343s] -- Up-to-date symlink: /home/ubuntu/microros_ws/install/action_msgs/share/action_msgs/local_setup.bash
[6.346s] -- Up-to-date symlink: /home/ubuntu/microros_ws/install/action_msgs/share/action_msgs/local_setup.sh
[6.348s] -- Up-to-date symlink: /home/ubuntu/microros_ws/install/action_msgs/share/action_msgs/local_setup.zsh
[6.351s] -- Up-to-date symlink: /home/ubuntu/microros_ws/install/action_msgs/share/action_msgs/local_setup.dsv
[6.353s] -- Symlinking: /home/ubuntu/microros_ws/install/action_msgs/share/action_msgs/package.dsv
[6.406s] -- Up-to-date symlink: /home/ubuntu/microros_ws/install/action_msgs/share/ament_index/resource_index/packages/action_msgs
[6.406s] -- Up-to-date symlink: /home/ubuntu/microros_ws/install/action_msgs/share/action_msgs/cmake/rosidl_cmake-extras.cmake
[6.409s] -- Up-to-date symlink: /home/ubuntu/microros_ws/install/action_msgs/share/action_msgs/cmake/ament_cmake_export_dependencies-extras.cmake
[6.412s] -- Up-to-date symlink: /home/ubuntu/microros_ws/install/action_msgs/share/action_msgs/cmake/ament_cmake_export_include_directories-extras.cmake
[6.417s] -- Up-to-date symlink: /home/ubuntu/microros_ws/install/action_msgs/share/action_msgs/cmake/ament_cmake_export_libraries-extras.cmake
[6.419s] -- Up-to-date symlink: /home/ubuntu/microros_ws/install/action_msgs/share/action_msgs/cmake/ament_cmake_export_targets-extras.cmake
[6.421s] -- Up-to-date symlink: /home/ubuntu/microros_ws/install/action_msgs/share/action_msgs/cmake/rosidl_cmake_export_typesupport_targets-extras.cmake
[6.424s] -- Up-to-date symlink: /home/ubuntu/microros_ws/install/action_msgs/share/action_msgs/cmake/rosidl_cmake_export_typesupport_libraries-extras.cmake
[6.427s] -- Up-to-date symlink: /home/ubuntu/microros_ws/install/action_msgs/share/action_msgs/cmake/action_msgsConfig.cmake
[6.428s] -- Up-to-date symlink: /home/ubuntu/microros_ws/install/action_msgs/share/action_msgs/cmake/action_msgsConfig-version.cmake
[6.431s] -- Up-to-date symlink: /home/ubuntu/microros_ws/install/action_msgs/share/action_msgs/package.xml
[6.434s] -- Up-to-date: /home/ubuntu/microros_ws/install/action_msgs/lib/libaction_msgs__rosidl_generator_c.so
[6.437s] -- Up-to-date: /home/ubuntu/microros_ws/install/action_msgs/lib/libaction_msgs__rosidl_typesupport_fastrtps_c.so
[6.442s] -- Up-to-date: /home/ubuntu/microros_ws/install/action_msgs/lib/libaction_msgs__rosidl_typesupport_fastrtps_cpp.so
[6.447s] -- Up-to-date: /home/ubuntu/microros_ws/install/action_msgs/lib/libaction_msgs__rosidl_typesupport_introspection_c.so
[6.451s] -- Up-to-date: /home/ubuntu/microros_ws/install/action_msgs/lib/libaction_msgs__rosidl_typesupport_c.so
[6.455s] -- Up-to-date: /home/ubuntu/microros_ws/install/action_msgs/lib/libaction_msgs__rosidl_typesupport_introspection_cpp.so
[6.459s] -- Up-to-date: /home/ubuntu/microros_ws/install/action_msgs/lib/libaction_msgs__rosidl_typesupport_cpp.so
[6.694s] Listing '/home/ubuntu/microros_ws/install/action_msgs/local/lib/python3.10/dist-packages/action_msgs'...
[6.696s] Listing '/home/ubuntu/microros_ws/install/action_msgs/local/lib/python3.10/dist-packages/action_msgs/msg'...
[6.697s] Listing '/home/ubuntu/microros_ws/install/action_msgs/local/lib/python3.10/dist-packages/action_msgs/srv'...
[6.741s] -- Up-to-date: /home/ubuntu/microros_ws/install/action_msgs/lib/libaction_msgs__rosidl_generator_py.so
[6.747s] -- Up-to-date: /home/ubuntu/microros_ws/install/action_msgs/share/action_msgs/cmake/export_action_msgs__rosidl_generator_cExport.cmake
[6.750s] -- Up-to-date: /home/ubuntu/microros_ws/install/action_msgs/share/action_msgs/cmake/export_action_msgs__rosidl_generator_cExport-noconfig.cmake
[6.752s] -- Up-to-date: /home/ubuntu/microros_ws/install/action_msgs/share/action_msgs/cmake/export_action_msgs__rosidl_typesupport_fastrtps_cExport.cmake
[6.758s] -- Up-to-date: /home/ubuntu/microros_ws/install/action_msgs/share/action_msgs/cmake/export_action_msgs__rosidl_typesupport_fastrtps_cExport-noconfig.cmake
[6.761s] -- Up-to-date: /home/ubuntu/microros_ws/install/action_msgs/share/action_msgs/cmake/export_action_msgs__rosidl_generator_cppExport.cmake
[6.765s] -- Up-to-date: /home/ubuntu/microros_ws/install/action_msgs/share/action_msgs/cmake/export_action_msgs__rosidl_typesupport_fastrtps_cppExport.cmake
[6.767s] -- Up-to-date: /home/ubuntu/microros_ws/install/action_msgs/share/action_msgs/cmake/export_action_msgs__rosidl_typesupport_fastrtps_cppExport-noconfig.cmake
[6.773s] -- Up-to-date: /home/ubuntu/microros_ws/install/action_msgs/share/action_msgs/cmake/action_msgs__rosidl_typesupport_introspection_cExport.cmake
[6.779s] -- Up-to-date: /home/ubuntu/microros_ws/install/action_msgs/share/action_msgs/cmake/action_msgs__rosidl_typesupport_introspection_cExport-noconfig.cmake
[6.781s] -- Up-to-date: /home/ubuntu/microros_ws/install/action_msgs/share/action_msgs/cmake/action_msgs__rosidl_typesupport_cExport.cmake
[6.781s] -- Up-to-date: /home/ubuntu/microros_ws/install/action_msgs/share/action_msgs/cmake/action_msgs__rosidl_typesupport_cExport-noconfig.cmake
[6.781s] -- Up-to-date: /home/ubuntu/microros_ws/install/action_msgs/share/action_msgs/cmake/action_msgs__rosidl_typesupport_introspection_cppExport.cmake
[6.782s] -- Up-to-date: /home/ubuntu/microros_ws/install/action_msgs/share/action_msgs/cmake/action_msgs__rosidl_typesupport_introspection_cppExport-noconfig.cmake
[6.783s] -- Up-to-date: /home/ubuntu/microros_ws/install/action_msgs/share/action_msgs/cmake/action_msgs__rosidl_typesupport_cppExport.cmake
[6.783s] -- Up-to-date: /home/ubuntu/microros_ws/install/action_msgs/share/action_msgs/cmake/action_msgs__rosidl_typesupport_cppExport-noconfig.cmake
[6.784s] -- Up-to-date: /home/ubuntu/microros_ws/install/action_msgs/share/action_msgs/cmake/export_action_msgs__rosidl_generator_pyExport.cmake
[6.791s] -- Up-to-date: /home/ubuntu/microros_ws/install/action_msgs/share/action_msgs/cmake/export_action_msgs__rosidl_generator_pyExport-noconfig.cmake
[6.807s] Invoked command in '/home/ubuntu/microros_ws/build/action_msgs' returned '0': AMENT_PREFIX_PATH=/home/ubuntu/microros_ws/install/unique_identifier_msgs:/home/ubuntu/microros_ws/install/builtin_interfaces:${AMENT_PREFIX_PATH} CMAKE_PREFIX_PATH=/home/ubuntu/microros_ws/install/unique_identifier_msgs:/home/ubuntu/microros_ws/install/builtin_interfaces:/opt/ros/humble LD_LIBRARY_PATH=/home/ubuntu/microros_ws/install/unique_identifier_msgs/lib:/home/ubuntu/microros_ws/install/builtin_interfaces/lib:${LD_LIBRARY_PATH} PYTHONPATH=/home/ubuntu/microros_ws/install/unique_identifier_msgs/local/lib/python3.10/dist-packages:/home/ubuntu/microros_ws/install/builtin_interfaces/local/lib/python3.10/dist-packages:${PYTHONPATH} /usr/bin/cmake --install /home/ubuntu/microros_ws/build/action_msgs
