gmake: Warning: File 'Makefile' has modification time 18358882 s in the future
gmake[1]: Warning: File 'CMakeFiles/Makefile2' has modification time 18358882 s in the future
gmake[2]: Warning: File 'CMakeFiles/geometry_msgs__cpp.dir/progress.make' has modification time 18358882 s in the future
gmake[2]: warning:  Clock skew detected.  Your build may be incomplete.
gmake[2]: Warning: File 'CMakeFiles/geometry_msgs__cpp.dir/progress.make' has modification time 18358882 s in the future
gmake[2]: warning:  Clock skew detected.  Your build may be incomplete.
gmake[2]: Warning: File 'CMakeFiles/ament_cmake_python_symlink_geometry_msgs.dir/progress.make' has modification time 18358882 s in the future
gmake[2]: warning:  Clock skew detected.  Your build may be incomplete.
gmake[2]: Warning: File 'CMakeFiles/ament_cmake_python_symlink_geometry_msgs.dir/progress.make' has modification time 18358882 s in the future
gmake[2]: warning:  Clock skew detected.  Your build may be incomplete.
gmake[2]: Warning: File 'CMakeFiles/geometry_msgs__rosidl_typesupport_microxrcedds_cpp.dir/flags.make' has modification time 18358881 s in the future
gmake[2]: warning:  Clock skew detected.  Your build may be incomplete.
gmake[2]: Warning: File 'CMakeFiles/geometry_msgs__rosidl_typesupport_microxrcedds_cpp.dir/flags.make' has modification time 18358880 s in the future
gmake[2]: warning:  Clock skew detected.  Your build may be incomplete.
gmake[2]: Warning: File 'CMakeFiles/geometry_msgs__rosidl_typesupport_fastrtps_cpp.dir/flags.make' has modification time 18358880 s in the future
gmake[2]: warning:  Clock skew detected.  Your build may be incomplete.
gmake[2]: Warning: File 'CMakeFiles/geometry_msgs__rosidl_typesupport_fastrtps_cpp.dir/flags.make' has modification time 18358880 s in the future
gmake[2]: warning:  Clock skew detected.  Your build may be incomplete.
gmake[2]: Warning: File 'CMakeFiles/geometry_msgs__rosidl_typesupport_introspection_cpp.dir/flags.make' has modification time 18358880 s in the future
gmake[2]: warning:  Clock skew detected.  Your build may be incomplete.
gmake[2]: Warning: File 'CMakeFiles/geometry_msgs__rosidl_typesupport_introspection_cpp.dir/flags.make' has modification time 18358879 s in the future
gmake[2]: warning:  Clock skew detected.  Your build may be incomplete.
gmake[2]: Warning: File 'CMakeFiles/ament_cmake_python_build_geometry_msgs_egg.dir/progress.make' has modification time 18358879 s in the future
gmake[2]: warning:  Clock skew detected.  Your build may be incomplete.
gmake[2]: Warning: File 'CMakeFiles/ament_cmake_python_build_geometry_msgs_egg.dir/progress.make' has modification time 18358879 s in the future
gmake[2]: warning:  Clock skew detected.  Your build may be incomplete.
gmake[2]: Warning: File 'CMakeFiles/geometry_msgs__rosidl_typesupport_cpp.dir/flags.make' has modification time 18358876 s in the future
gmake[2]: warning:  Clock skew detected.  Your build may be incomplete.
gmake[2]: Warning: File 'CMakeFiles/geometry_msgs__rosidl_typesupport_cpp.dir/flags.make' has modification time 18358875 s in the future
gmake[2]: warning:  Clock skew detected.  Your build may be incomplete.
gmake[2]: Warning: File 'CMakeFiles/geometry_msgs__rosidl_generator_c.dir/flags.make' has modification time 18358874 s in the future
gmake[2]: warning:  Clock skew detected.  Your build may be incomplete.
gmake[2]: Warning: File 'CMakeFiles/geometry_msgs__rosidl_generator_c.dir/flags.make' has modification time 18358874 s in the future
gmake[2]: warning:  Clock skew detected.  Your build may be incomplete.
gmake[2]: Warning: File 'CMakeFiles/geometry_msgs__rosidl_typesupport_microxrcedds_c.dir/flags.make' has modification time 18358874 s in the future
gmake[2]: warning:  Clock skew detected.  Your build may be incomplete.
gmake[2]: Warning: File 'CMakeFiles/geometry_msgs__rosidl_typesupport_microxrcedds_c.dir/flags.make' has modification time 18358874 s in the future
gmake[2]: warning:  Clock skew detected.  Your build may be incomplete.
gmake[2]: Warning: File 'CMakeFiles/geometry_msgs__rosidl_typesupport_c.dir/flags.make' has modification time 18358874 s in the future
gmake[2]: warning:  Clock skew detected.  Your build may be incomplete.
gmake[2]: Warning: File 'CMakeFiles/geometry_msgs__rosidl_typesupport_c.dir/flags.make' has modification time 18358873 s in the future
gmake[2]: warning:  Clock skew detected.  Your build may be incomplete.
gmake[2]: Warning: File 'CMakeFiles/geometry_msgs__rosidl_typesupport_introspection_c.dir/flags.make' has modification time 18358873 s in the future
gmake[2]: warning:  Clock skew detected.  Your build may be incomplete.
gmake[2]: Warning: File 'CMakeFiles/geometry_msgs__rosidl_typesupport_introspection_c.dir/flags.make' has modification time 18358873 s in the future
gmake[2]: warning:  Clock skew detected.  Your build may be incomplete.
gmake[2]: Warning: File 'CMakeFiles/geometry_msgs__rosidl_typesupport_fastrtps_c.dir/flags.make' has modification time 18358872 s in the future
gmake[2]: warning:  Clock skew detected.  Your build may be incomplete.
gmake[2]: Warning: File 'CMakeFiles/geometry_msgs__rosidl_typesupport_fastrtps_c.dir/flags.make' has modification time 18358872 s in the future
gmake[2]: warning:  Clock skew detected.  Your build may be incomplete.
gmake[2]: Warning: File 'CMakeFiles/geometry_msgs.dir/progress.make' has modification time 18358872 s in the future
gmake[2]: warning:  Clock skew detected.  Your build may be incomplete.
gmake[2]: Warning: File 'CMakeFiles/geometry_msgs.dir/progress.make' has modification time 18358872 s in the future
gmake[2]: warning:  Clock skew detected.  Your build may be incomplete.
gmake[2]: Warning: File 'geometry_msgs__py/CMakeFiles/geometry_msgs__py.dir/progress.make' has modification time 18358872 s in the future
gmake[2]: warning:  Clock skew detected.  Your build may be incomplete.
gmake[2]: Warning: File 'geometry_msgs__py/CMakeFiles/geometry_msgs__py.dir/progress.make' has modification time 18358872 s in the future
gmake[2]: warning:  Clock skew detected.  Your build may be incomplete.
gmake[2]: Warning: File 'CMakeFiles/geometry_msgs__rosidl_generator_py.dir/flags.make' has modification time 18358871 s in the future
gmake[2]: warning:  Clock skew detected.  Your build may be incomplete.
gmake[2]: Warning: File 'CMakeFiles/geometry_msgs__rosidl_generator_py.dir/flags.make' has modification time 18358871 s in the future
gmake[2]: warning:  Clock skew detected.  Your build may be incomplete.
gmake[2]: Warning: File 'CMakeFiles/geometry_msgs__rosidl_typesupport_microxrcedds_c__pyext.dir/flags.make' has modification time 18358871 s in the future
gmake[2]: warning:  Clock skew detected.  Your build may be incomplete.
gmake[2]: Warning: File 'CMakeFiles/geometry_msgs__rosidl_typesupport_microxrcedds_c__pyext.dir/flags.make' has modification time 18358870 s in the future
gmake[2]: warning:  Clock skew detected.  Your build may be incomplete.
gmake[2]: Warning: File 'CMakeFiles/geometry_msgs__rosidl_typesupport_c__pyext.dir/flags.make' has modification time 18358870 s in the future
gmake[2]: warning:  Clock skew detected.  Your build may be incomplete.
gmake[2]: Warning: File 'CMakeFiles/geometry_msgs__rosidl_typesupport_c__pyext.dir/flags.make' has modification time 18358870 s in the future
gmake[2]: warning:  Clock skew detected.  Your build may be incomplete.
gmake[2]: Warning: File 'CMakeFiles/geometry_msgs__rosidl_typesupport_introspection_c__pyext.dir/flags.make' has modification time 18358870 s in the future
gmake[2]: warning:  Clock skew detected.  Your build may be incomplete.
gmake[2]: Warning: File 'CMakeFiles/geometry_msgs__rosidl_typesupport_introspection_c__pyext.dir/flags.make' has modification time 18358870 s in the future
gmake[2]: warning:  Clock skew detected.  Your build may be incomplete.
gmake[2]: Warning: File 'CMakeFiles/geometry_msgs__rosidl_typesupport_fastrtps_c__pyext.dir/flags.make' has modification time 18358869 s in the future
gmake[2]: warning:  Clock skew detected.  Your build may be incomplete.
gmake[2]: Warning: File 'CMakeFiles/geometry_msgs__rosidl_typesupport_fastrtps_c__pyext.dir/flags.make' has modification time 18358869 s in the future
gmake[2]: warning:  Clock skew detected.  Your build may be incomplete.
gmake[1]: warning:  Clock skew detected.  Your build may be incomplete.
gmake: warning:  Clock skew detected.  Your build may be incomplete.
