gmake: Warning: File 'Makefile' has modification time 18360248 s in the future
gmake[1]: Warning: File 'CMakeFiles/Makefile2' has modification time 18360247 s in the future
gmake[1]: warning:  Clock skew detected.  Your build may be incomplete.
gmake: warning:  Clock skew detected.  Your build may be incomplete.
-- Install configuration: "Release"
-- Execute custom install script
-- Up-to-date symlink: /home/ubuntu/microros_ws/install/common_interfaces/share/ament_index/resource_index/package_run_dependencies/common_interfaces
-- Up-to-date symlink: /home/ubuntu/microros_ws/install/common_interfaces/share/ament_index/resource_index/parent_prefix_path/common_interfaces
-- Up-to-date symlink: /home/ubuntu/microros_ws/install/common_interfaces/share/common_interfaces/environment/ament_prefix_path.sh
-- Up-to-date symlink: /home/ubuntu/microros_ws/install/common_interfaces/share/common_interfaces/environment/ament_prefix_path.dsv
-- Up-to-date symlink: /home/ubuntu/microros_ws/install/common_interfaces/share/common_interfaces/environment/path.sh
-- Up-to-date symlink: /home/ubuntu/microros_ws/install/common_interfaces/share/common_interfaces/environment/path.dsv
-- Up-to-date symlink: /home/ubuntu/microros_ws/install/common_interfaces/share/common_interfaces/local_setup.bash
-- Up-to-date symlink: /home/ubuntu/microros_ws/install/common_interfaces/share/common_interfaces/local_setup.sh
-- Up-to-date symlink: /home/ubuntu/microros_ws/install/common_interfaces/share/common_interfaces/local_setup.zsh
-- Up-to-date symlink: /home/ubuntu/microros_ws/install/common_interfaces/share/common_interfaces/local_setup.dsv
-- Symlinking: /home/ubuntu/microros_ws/install/common_interfaces/share/common_interfaces/package.dsv
-- Up-to-date symlink: /home/ubuntu/microros_ws/install/common_interfaces/share/ament_index/resource_index/packages/common_interfaces
-- Up-to-date symlink: /home/ubuntu/microros_ws/install/common_interfaces/share/common_interfaces/cmake/common_interfacesConfig.cmake
-- Up-to-date symlink: /home/ubuntu/microros_ws/install/common_interfaces/share/common_interfaces/cmake/common_interfacesConfig-version.cmake
-- Up-to-date symlink: /home/ubuntu/microros_ws/install/common_interfaces/share/common_interfaces/package.xml
