[0.164s] Invoking command in '/home/ubuntu/microros_ws/build/shape_msgs': AMENT_PREFIX_PATH=/home/ubuntu/microros_ws/install/geometry_msgs:/home/ubuntu/microros_ws/install/std_msgs:/home/ubuntu/microros_ws/install/builtin_interfaces:${AMENT_PREFIX_PATH} CMAKE_PREFIX_PATH=/home/ubuntu/microros_ws/install/geometry_msgs:/home/ubuntu/microros_ws/install/std_msgs:/home/ubuntu/microros_ws/install/builtin_interfaces:/opt/ros/humble LD_LIBRARY_PATH=/home/ubuntu/microros_ws/install/geometry_msgs/lib:/home/ubuntu/microros_ws/install/std_msgs/lib:/home/ubuntu/microros_ws/install/builtin_interfaces/lib:${LD_LIBRARY_PATH} PYTHONPATH=/home/ubuntu/microros_ws/install/geometry_msgs/local/lib/python3.10/dist-packages:/home/ubuntu/microros_ws/install/std_msgs/local/lib/python3.10/dist-packages:/home/ubuntu/microros_ws/install/builtin_interfaces/local/lib/python3.10/dist-packages:${PYTHONPATH} /usr/bin/cmake /home/ubuntu/microros_ws/src/ros2/common_interfaces/shape_msgs -DAMENT_CMAKE_SYMLINK_INSTALL=1 -DCMAKE_INSTALL_PREFIX=/home/ubuntu/microros_ws/install/shape_msgs
[0.274s] -- Found ament_cmake: 1.3.9 (/opt/ros/humble/share/ament_cmake/cmake)
[1.218s] -- Override CMake install command with custom implementation using symlinks instead of copying resources
[1.275s] -- Found geometry_msgs: 4.2.4 (/home/ubuntu/microros_ws/install/geometry_msgs/share/geometry_msgs/cmake)
[1.592s] -- Found rosidl_generator_c: 3.1.5 (/opt/ros/humble/share/rosidl_generator_c/cmake)
[1.615s] -- Found rosidl_adapter: 3.1.5 (/opt/ros/humble/share/rosidl_adapter/cmake)
[1.671s] -- Found rosidl_generator_cpp: 3.1.5 (/opt/ros/humble/share/rosidl_generator_cpp/cmake)
[1.750s] -- Using all available rosidl_typesupport_c: rosidl_typesupport_fastrtps_c;rosidl_typesupport_introspection_c
[1.859s] -- Using all available rosidl_typesupport_cpp: rosidl_typesupport_fastrtps_cpp;rosidl_typesupport_introspection_cpp
[2.528s] -- Found rosidl_default_generators: 1.2.0 (/opt/ros/humble/share/rosidl_default_generators/cmake)
[4.779s] -- Found ament_cmake_ros: 0.10.0 (/opt/ros/humble/share/ament_cmake_ros/cmake)
[7.903s] -- Using all available rosidl_typesupport_c: rosidl_typesupport_fastrtps_c;rosidl_typesupport_introspection_c
[9.274s] -- Using all available rosidl_typesupport_cpp: rosidl_typesupport_fastrtps_cpp;rosidl_typesupport_introspection_cpp
[9.501s] -- Found python_cmake_module: 0.10.0 (/opt/ros/humble/share/python_cmake_module/cmake)
[9.709s] -- Using PYTHON_EXECUTABLE: /usr/bin/python3
[9.710s] -- Using PYTHON_INCLUDE_DIRS: /usr/include/python3.10
[9.711s] -- Using PYTHON_LIBRARIES: /usr/lib/aarch64-linux-gnu/libpython3.10.so
[10.076s] -- Configuring done
[10.539s] -- Generating done
[10.573s] -- Build files have been written to: /home/ubuntu/microros_ws/build/shape_msgs
[10.628s] Invoked command in '/home/ubuntu/microros_ws/build/shape_msgs' returned '0': AMENT_PREFIX_PATH=/home/ubuntu/microros_ws/install/geometry_msgs:/home/ubuntu/microros_ws/install/std_msgs:/home/ubuntu/microros_ws/install/builtin_interfaces:${AMENT_PREFIX_PATH} CMAKE_PREFIX_PATH=/home/ubuntu/microros_ws/install/geometry_msgs:/home/ubuntu/microros_ws/install/std_msgs:/home/ubuntu/microros_ws/install/builtin_interfaces:/opt/ros/humble LD_LIBRARY_PATH=/home/ubuntu/microros_ws/install/geometry_msgs/lib:/home/ubuntu/microros_ws/install/std_msgs/lib:/home/ubuntu/microros_ws/install/builtin_interfaces/lib:${LD_LIBRARY_PATH} PYTHONPATH=/home/ubuntu/microros_ws/install/geometry_msgs/local/lib/python3.10/dist-packages:/home/ubuntu/microros_ws/install/std_msgs/local/lib/python3.10/dist-packages:/home/ubuntu/microros_ws/install/builtin_interfaces/local/lib/python3.10/dist-packages:${PYTHONPATH} /usr/bin/cmake /home/ubuntu/microros_ws/src/ros2/common_interfaces/shape_msgs -DAMENT_CMAKE_SYMLINK_INSTALL=1 -DCMAKE_INSTALL_PREFIX=/home/ubuntu/microros_ws/install/shape_msgs
[10.630s] Invoking command in '/home/ubuntu/microros_ws/build/shape_msgs': AMENT_PREFIX_PATH=/home/ubuntu/microros_ws/install/geometry_msgs:/home/ubuntu/microros_ws/install/std_msgs:/home/ubuntu/microros_ws/install/builtin_interfaces:${AMENT_PREFIX_PATH} CMAKE_PREFIX_PATH=/home/ubuntu/microros_ws/install/geometry_msgs:/home/ubuntu/microros_ws/install/std_msgs:/home/ubuntu/microros_ws/install/builtin_interfaces:/opt/ros/humble LD_LIBRARY_PATH=/home/ubuntu/microros_ws/install/geometry_msgs/lib:/home/ubuntu/microros_ws/install/std_msgs/lib:/home/ubuntu/microros_ws/install/builtin_interfaces/lib:${LD_LIBRARY_PATH} PYTHONPATH=/home/ubuntu/microros_ws/install/geometry_msgs/local/lib/python3.10/dist-packages:/home/ubuntu/microros_ws/install/std_msgs/local/lib/python3.10/dist-packages:/home/ubuntu/microros_ws/install/builtin_interfaces/local/lib/python3.10/dist-packages:${PYTHONPATH} /usr/bin/cmake --build /home/ubuntu/microros_ws/build/shape_msgs -- -j4 -l4
[11.018s] [  1%] Built target shape_msgs__cpp
[11.142s] failed to create symbolic link '/home/ubuntu/microros_ws/build/shape_msgs/ament_cmake_python/shape_msgs/shape_msgs' because existing path cannot be removed: Is a directory
[11.145s] gmake[2]: *** [CMakeFiles/ament_cmake_python_symlink_shape_msgs.dir/build.make:70: CMakeFiles/ament_cmake_python_symlink_shape_msgs] Error 1
[11.147s] gmake[1]: *** [CMakeFiles/Makefile2:421: CMakeFiles/ament_cmake_python_symlink_shape_msgs.dir/all] Error 2
[11.149s] gmake: *** [Makefile:146: all] Error 2
[11.164s] Invoked command in '/home/ubuntu/microros_ws/build/shape_msgs' returned '2': AMENT_PREFIX_PATH=/home/ubuntu/microros_ws/install/geometry_msgs:/home/ubuntu/microros_ws/install/std_msgs:/home/ubuntu/microros_ws/install/builtin_interfaces:${AMENT_PREFIX_PATH} CMAKE_PREFIX_PATH=/home/ubuntu/microros_ws/install/geometry_msgs:/home/ubuntu/microros_ws/install/std_msgs:/home/ubuntu/microros_ws/install/builtin_interfaces:/opt/ros/humble LD_LIBRARY_PATH=/home/ubuntu/microros_ws/install/geometry_msgs/lib:/home/ubuntu/microros_ws/install/std_msgs/lib:/home/ubuntu/microros_ws/install/builtin_interfaces/lib:${LD_LIBRARY_PATH} PYTHONPATH=/home/ubuntu/microros_ws/install/geometry_msgs/local/lib/python3.10/dist-packages:/home/ubuntu/microros_ws/install/std_msgs/local/lib/python3.10/dist-packages:/home/ubuntu/microros_ws/install/builtin_interfaces/local/lib/python3.10/dist-packages:${PYTHONPATH} /usr/bin/cmake --build /home/ubuntu/microros_ws/build/shape_msgs -- -j4 -l4
