[0.077s] Invoking command in '/home/ubuntu/microros_ws/build/std_srvs': CMAKE_PREFIX_PATH=/opt/ros/humble /usr/bin/cmake --build /home/ubuntu/microros_ws/build/std_srvs -- -j4 -l4
[0.361s] [  2%] Built target std_srvs__cpp
[0.401s] [ 12%] Built target std_srvs__rosidl_generator_c
[0.451s] [ 12%] Built target ament_cmake_python_symlink_std_srvs
[0.552s] [ 23%] Built target std_srvs__rosidl_typesupport_cpp
[0.568s] [ 34%] Built target std_srvs__rosidl_typesupport_fastrtps_cpp
[0.585s] [ 44%] Built target std_srvs__rosidl_typesupport_introspection_cpp
[0.736s] [ 65%] Built target std_srvs__rosidl_typesupport_fastrtps_c
[0.748s] [ 65%] Built target std_srvs__rosidl_typesupport_introspection_c
[0.768s] [ 76%] Built target std_srvs__rosidl_typesupport_c
[0.923s] [ 76%] Built target std_srvs
[1.092s] [ 78%] Built target std_srvs__py
[1.288s] [ 87%] Built target std_srvs__rosidl_generator_py
[1.571s] [ 91%] Built target std_srvs__rosidl_typesupport_fastrtps_c__pyext
[1.601s] [ 95%] Built target std_srvs__rosidl_typesupport_introspection_c__pyext
[1.783s] [100%] Built target std_srvs__rosidl_typesupport_c__pyext
[3.414s] running egg_info
[3.420s] writing std_srvs.egg-info/PKG-INFO
[3.422s] writing dependency_links to std_srvs.egg-info/dependency_links.txt
[3.424s] writing top-level names to std_srvs.egg-info/top_level.txt
[3.432s] reading manifest file 'std_srvs.egg-info/SOURCES.txt'
[3.433s] writing manifest file 'std_srvs.egg-info/SOURCES.txt'
[3.534s] [100%] Built target ament_cmake_python_build_std_srvs_egg
[3.695s] Invoked command in '/home/ubuntu/microros_ws/build/std_srvs' returned '0': CMAKE_PREFIX_PATH=/opt/ros/humble /usr/bin/cmake --build /home/ubuntu/microros_ws/build/std_srvs -- -j4 -l4
[4.614s] Invoking command in '/home/ubuntu/microros_ws/build/std_srvs': CMAKE_PREFIX_PATH=/opt/ros/humble /usr/bin/cmake --install /home/ubuntu/microros_ws/build/std_srvs
[4.650s] -- Install configuration: ""
[4.654s] -- Execute custom install script
[4.657s] -- Up-to-date symlink: /home/ubuntu/microros_ws/install/std_srvs/share/ament_index/resource_index/rosidl_interfaces/std_srvs
[4.660s] -- Up-to-date symlink: /home/ubuntu/microros_ws/install/std_srvs/include/std_srvs/std_srvs/msg/rosidl_generator_c__visibility_control.h
[4.662s] -- Up-to-date symlink: /home/ubuntu/microros_ws/install/std_srvs/include/std_srvs/std_srvs/srv/detail/empty__functions.h
[4.664s] -- Up-to-date symlink: /home/ubuntu/microros_ws/install/std_srvs/include/std_srvs/std_srvs/srv/detail/empty__struct.h
[4.665s] -- Up-to-date symlink: /home/ubuntu/microros_ws/install/std_srvs/include/std_srvs/std_srvs/srv/detail/empty__type_support.h
[4.666s] -- Up-to-date symlink: /home/ubuntu/microros_ws/install/std_srvs/include/std_srvs/std_srvs/srv/detail/set_bool__functions.h
[4.667s] -- Up-to-date symlink: /home/ubuntu/microros_ws/install/std_srvs/include/std_srvs/std_srvs/srv/detail/set_bool__struct.h
[4.668s] -- Up-to-date symlink: /home/ubuntu/microros_ws/install/std_srvs/include/std_srvs/std_srvs/srv/detail/set_bool__type_support.h
[4.669s] -- Up-to-date symlink: /home/ubuntu/microros_ws/install/std_srvs/include/std_srvs/std_srvs/srv/detail/trigger__functions.h
[4.670s] -- Up-to-date symlink: /home/ubuntu/microros_ws/install/std_srvs/include/std_srvs/std_srvs/srv/detail/trigger__struct.h
[4.672s] -- Up-to-date symlink: /home/ubuntu/microros_ws/install/std_srvs/include/std_srvs/std_srvs/srv/detail/trigger__type_support.h
[4.673s] -- Up-to-date symlink: /home/ubuntu/microros_ws/install/std_srvs/include/std_srvs/std_srvs/srv/empty.h
[4.675s] -- Up-to-date symlink: /home/ubuntu/microros_ws/install/std_srvs/include/std_srvs/std_srvs/srv/set_bool.h
[4.678s] -- Up-to-date symlink: /home/ubuntu/microros_ws/install/std_srvs/include/std_srvs/std_srvs/srv/trigger.h
[4.692s] -- Up-to-date symlink: /home/ubuntu/microros_ws/install/std_srvs/share/std_srvs/environment/library_path.sh
[4.693s] -- Up-to-date symlink: /home/ubuntu/microros_ws/install/std_srvs/share/std_srvs/environment/library_path.dsv
[4.694s] -- Up-to-date symlink: /home/ubuntu/microros_ws/install/std_srvs/include/std_srvs/std_srvs/msg/rosidl_typesupport_fastrtps_c__visibility_control.h
[4.695s] -- Up-to-date symlink: /home/ubuntu/microros_ws/install/std_srvs/include/std_srvs/std_srvs/srv/detail/empty__rosidl_typesupport_fastrtps_c.h
[4.701s] -- Up-to-date symlink: /home/ubuntu/microros_ws/install/std_srvs/include/std_srvs/std_srvs/srv/detail/set_bool__rosidl_typesupport_fastrtps_c.h
[4.703s] -- Up-to-date symlink: /home/ubuntu/microros_ws/install/std_srvs/include/std_srvs/std_srvs/srv/detail/trigger__rosidl_typesupport_fastrtps_c.h
[4.706s] -- Up-to-date symlink: /home/ubuntu/microros_ws/install/std_srvs/include/std_srvs/std_srvs/msg/rosidl_typesupport_introspection_c__visibility_control.h
[4.708s] -- Up-to-date symlink: /home/ubuntu/microros_ws/install/std_srvs/include/std_srvs/std_srvs/srv/detail/empty__rosidl_typesupport_introspection_c.h
[4.709s] -- Up-to-date symlink: /home/ubuntu/microros_ws/install/std_srvs/include/std_srvs/std_srvs/srv/detail/set_bool__rosidl_typesupport_introspection_c.h
[4.710s] -- Up-to-date symlink: /home/ubuntu/microros_ws/install/std_srvs/include/std_srvs/std_srvs/srv/detail/trigger__rosidl_typesupport_introspection_c.h
[4.711s] -- Up-to-date symlink: /home/ubuntu/microros_ws/install/std_srvs/include/std_srvs/std_srvs/srv/detail/empty__builder.hpp
[4.711s] -- Up-to-date symlink: /home/ubuntu/microros_ws/install/std_srvs/include/std_srvs/std_srvs/srv/detail/empty__struct.hpp
[4.713s] -- Up-to-date symlink: /home/ubuntu/microros_ws/install/std_srvs/include/std_srvs/std_srvs/srv/detail/empty__traits.hpp
[4.714s] -- Up-to-date symlink: /home/ubuntu/microros_ws/install/std_srvs/include/std_srvs/std_srvs/srv/detail/set_bool__builder.hpp
[4.715s] -- Up-to-date symlink: /home/ubuntu/microros_ws/install/std_srvs/include/std_srvs/std_srvs/srv/detail/set_bool__struct.hpp
[4.719s] -- Up-to-date symlink: /home/ubuntu/microros_ws/install/std_srvs/include/std_srvs/std_srvs/srv/detail/set_bool__traits.hpp
[4.720s] -- Up-to-date symlink: /home/ubuntu/microros_ws/install/std_srvs/include/std_srvs/std_srvs/srv/detail/trigger__builder.hpp
[4.721s] -- Up-to-date symlink: /home/ubuntu/microros_ws/install/std_srvs/include/std_srvs/std_srvs/srv/detail/trigger__struct.hpp
[4.724s] -- Up-to-date symlink: /home/ubuntu/microros_ws/install/std_srvs/include/std_srvs/std_srvs/srv/detail/trigger__traits.hpp
[4.725s] -- Up-to-date symlink: /home/ubuntu/microros_ws/install/std_srvs/include/std_srvs/std_srvs/srv/empty.hpp
[4.725s] -- Up-to-date symlink: /home/ubuntu/microros_ws/install/std_srvs/include/std_srvs/std_srvs/srv/set_bool.hpp
[4.726s] -- Up-to-date symlink: /home/ubuntu/microros_ws/install/std_srvs/include/std_srvs/std_srvs/srv/trigger.hpp
[4.730s] -- Up-to-date symlink: /home/ubuntu/microros_ws/install/std_srvs/include/std_srvs/std_srvs/msg/rosidl_typesupport_fastrtps_cpp__visibility_control.h
[4.731s] -- Up-to-date symlink: /home/ubuntu/microros_ws/install/std_srvs/include/std_srvs/std_srvs/srv/detail/empty__rosidl_typesupport_fastrtps_cpp.hpp
[4.733s] -- Up-to-date symlink: /home/ubuntu/microros_ws/install/std_srvs/include/std_srvs/std_srvs/srv/detail/set_bool__rosidl_typesupport_fastrtps_cpp.hpp
[4.735s] -- Up-to-date symlink: /home/ubuntu/microros_ws/install/std_srvs/include/std_srvs/std_srvs/srv/detail/trigger__rosidl_typesupport_fastrtps_cpp.hpp
[4.738s] -- Up-to-date symlink: /home/ubuntu/microros_ws/install/std_srvs/include/std_srvs/std_srvs/srv/detail/empty__rosidl_typesupport_introspection_cpp.hpp
[4.739s] -- Up-to-date symlink: /home/ubuntu/microros_ws/install/std_srvs/include/std_srvs/std_srvs/srv/detail/set_bool__rosidl_typesupport_introspection_cpp.hpp
[4.741s] -- Up-to-date symlink: /home/ubuntu/microros_ws/install/std_srvs/include/std_srvs/std_srvs/srv/detail/trigger__rosidl_typesupport_introspection_cpp.hpp
[4.742s] -- Up-to-date symlink: /home/ubuntu/microros_ws/install/std_srvs/share/std_srvs/environment/pythonpath.sh
[4.743s] -- Up-to-date symlink: /home/ubuntu/microros_ws/install/std_srvs/share/std_srvs/environment/pythonpath.dsv
[4.746s] -- Up-to-date symlink: /home/ubuntu/microros_ws/install/std_srvs/local/lib/python3.10/dist-packages/std_srvs-4.2.4-py3.10.egg-info/PKG-INFO
[4.747s] -- Up-to-date symlink: /home/ubuntu/microros_ws/install/std_srvs/local/lib/python3.10/dist-packages/std_srvs-4.2.4-py3.10.egg-info/SOURCES.txt
[4.748s] -- Up-to-date symlink: /home/ubuntu/microros_ws/install/std_srvs/local/lib/python3.10/dist-packages/std_srvs-4.2.4-py3.10.egg-info/dependency_links.txt
[4.749s] -- Up-to-date symlink: /home/ubuntu/microros_ws/install/std_srvs/local/lib/python3.10/dist-packages/std_srvs-4.2.4-py3.10.egg-info/top_level.txt
[4.757s] -- Up-to-date symlink: /home/ubuntu/microros_ws/install/std_srvs/local/lib/python3.10/dist-packages/std_srvs/__init__.py
[4.758s] -- Up-to-date symlink: /home/ubuntu/microros_ws/install/std_srvs/local/lib/python3.10/dist-packages/std_srvs/_std_srvs_s.ep.rosidl_typesupport_c.c
[4.759s] -- Up-to-date symlink: /home/ubuntu/microros_ws/install/std_srvs/local/lib/python3.10/dist-packages/std_srvs/_std_srvs_s.ep.rosidl_typesupport_fastrtps_c.c
[4.761s] -- Up-to-date symlink: /home/ubuntu/microros_ws/install/std_srvs/local/lib/python3.10/dist-packages/std_srvs/_std_srvs_s.ep.rosidl_typesupport_introspection_c.c
[4.763s] -- Up-to-date symlink: /home/ubuntu/microros_ws/install/std_srvs/local/lib/python3.10/dist-packages/std_srvs/_std_srvs_s.ep.rosidl_typesupport_microxrcedds_c.c
[4.764s] -- Up-to-date symlink: /home/ubuntu/microros_ws/install/std_srvs/local/lib/python3.10/dist-packages/std_srvs/libstd_srvs__rosidl_generator_py.so
[4.765s] -- Up-to-date symlink: /home/ubuntu/microros_ws/install/std_srvs/local/lib/python3.10/dist-packages/std_srvs/srv/__init__.py
[4.769s] -- Up-to-date symlink: /home/ubuntu/microros_ws/install/std_srvs/local/lib/python3.10/dist-packages/std_srvs/srv/_empty.py
[4.770s] -- Up-to-date symlink: /home/ubuntu/microros_ws/install/std_srvs/local/lib/python3.10/dist-packages/std_srvs/srv/_empty_s.c
[4.772s] -- Up-to-date symlink: /home/ubuntu/microros_ws/install/std_srvs/local/lib/python3.10/dist-packages/std_srvs/srv/_set_bool.py
[4.774s] -- Up-to-date symlink: /home/ubuntu/microros_ws/install/std_srvs/local/lib/python3.10/dist-packages/std_srvs/srv/_set_bool_s.c
[4.775s] -- Up-to-date symlink: /home/ubuntu/microros_ws/install/std_srvs/local/lib/python3.10/dist-packages/std_srvs/srv/_trigger.py
[4.777s] -- Up-to-date symlink: /home/ubuntu/microros_ws/install/std_srvs/local/lib/python3.10/dist-packages/std_srvs/srv/_trigger_s.c
[4.780s] -- Up-to-date symlink: /home/ubuntu/microros_ws/install/std_srvs/local/lib/python3.10/dist-packages/std_srvs/std_srvs_s__rosidl_typesupport_c.cpython-310-aarch64-linux-gnu.so
[4.782s] -- Up-to-date symlink: /home/ubuntu/microros_ws/install/std_srvs/local/lib/python3.10/dist-packages/std_srvs/std_srvs_s__rosidl_typesupport_fastrtps_c.cpython-310-aarch64-linux-gnu.so
[4.783s] -- Up-to-date symlink: /home/ubuntu/microros_ws/install/std_srvs/local/lib/python3.10/dist-packages/std_srvs/std_srvs_s__rosidl_typesupport_introspection_c.cpython-310-aarch64-linux-gnu.so
[4.784s] -- Up-to-date symlink: /home/ubuntu/microros_ws/install/std_srvs/local/lib/python3.10/dist-packages/std_srvs/std_srvs_s__rosidl_typesupport_microxrcedds_c.cpython-310-aarch64-linux-gnu.so
[4.787s] -- Up-to-date symlink: /home/ubuntu/microros_ws/install/std_srvs/local/lib/python3.10/dist-packages/std_srvs/std_srvs_s__rosidl_typesupport_fastrtps_c.cpython-310-aarch64-linux-gnu.so
[4.789s] -- Up-to-date symlink: /home/ubuntu/microros_ws/install/std_srvs/local/lib/python3.10/dist-packages/std_srvs/std_srvs_s__rosidl_typesupport_introspection_c.cpython-310-aarch64-linux-gnu.so
[4.791s] -- Up-to-date symlink: /home/ubuntu/microros_ws/install/std_srvs/local/lib/python3.10/dist-packages/std_srvs/std_srvs_s__rosidl_typesupport_c.cpython-310-aarch64-linux-gnu.so
[4.793s] -- Up-to-date symlink: /home/ubuntu/microros_ws/install/std_srvs/share/std_srvs/srv/Empty.idl
[4.795s] -- Up-to-date symlink: /home/ubuntu/microros_ws/install/std_srvs/share/std_srvs/srv/SetBool.idl
[4.796s] -- Up-to-date symlink: /home/ubuntu/microros_ws/install/std_srvs/share/std_srvs/srv/Trigger.idl
[4.798s] -- Up-to-date symlink: /home/ubuntu/microros_ws/install/std_srvs/share/std_srvs/srv/Empty.srv
[4.800s] -- Up-to-date symlink: /home/ubuntu/microros_ws/install/std_srvs/share/std_srvs/srv/Empty_Request.msg
[4.803s] -- Up-to-date symlink: /home/ubuntu/microros_ws/install/std_srvs/share/std_srvs/srv/Empty_Response.msg
[4.804s] -- Up-to-date symlink: /home/ubuntu/microros_ws/install/std_srvs/share/std_srvs/srv/SetBool.srv
[4.806s] -- Up-to-date symlink: /home/ubuntu/microros_ws/install/std_srvs/share/std_srvs/srv/SetBool_Request.msg
[4.807s] -- Up-to-date symlink: /home/ubuntu/microros_ws/install/std_srvs/share/std_srvs/srv/SetBool_Response.msg
[4.809s] -- Up-to-date symlink: /home/ubuntu/microros_ws/install/std_srvs/share/std_srvs/srv/Trigger.srv
[4.810s] -- Up-to-date symlink: /home/ubuntu/microros_ws/install/std_srvs/share/std_srvs/srv/Trigger_Request.msg
[4.811s] -- Up-to-date symlink: /home/ubuntu/microros_ws/install/std_srvs/share/std_srvs/srv/Trigger_Response.msg
[4.813s] -- Up-to-date symlink: /home/ubuntu/microros_ws/install/std_srvs/share/ament_index/resource_index/package_run_dependencies/std_srvs
[4.815s] -- Up-to-date symlink: /home/ubuntu/microros_ws/install/std_srvs/share/ament_index/resource_index/parent_prefix_path/std_srvs
[4.816s] -- Up-to-date symlink: /home/ubuntu/microros_ws/install/std_srvs/share/std_srvs/environment/ament_prefix_path.sh
[4.818s] -- Up-to-date symlink: /home/ubuntu/microros_ws/install/std_srvs/share/std_srvs/environment/ament_prefix_path.dsv
[4.819s] -- Up-to-date symlink: /home/ubuntu/microros_ws/install/std_srvs/share/std_srvs/environment/path.sh
[4.820s] -- Up-to-date symlink: /home/ubuntu/microros_ws/install/std_srvs/share/std_srvs/environment/path.dsv
[4.822s] -- Up-to-date symlink: /home/ubuntu/microros_ws/install/std_srvs/share/std_srvs/local_setup.bash
[4.823s] -- Up-to-date symlink: /home/ubuntu/microros_ws/install/std_srvs/share/std_srvs/local_setup.sh
[4.824s] -- Up-to-date symlink: /home/ubuntu/microros_ws/install/std_srvs/share/std_srvs/local_setup.zsh
[4.825s] -- Up-to-date symlink: /home/ubuntu/microros_ws/install/std_srvs/share/std_srvs/local_setup.dsv
[4.826s] -- Symlinking: /home/ubuntu/microros_ws/install/std_srvs/share/std_srvs/package.dsv
[4.864s] -- Up-to-date symlink: /home/ubuntu/microros_ws/install/std_srvs/share/ament_index/resource_index/packages/std_srvs
[4.866s] -- Up-to-date symlink: /home/ubuntu/microros_ws/install/std_srvs/share/std_srvs/cmake/rosidl_cmake-extras.cmake
[4.868s] -- Up-to-date symlink: /home/ubuntu/microros_ws/install/std_srvs/share/std_srvs/cmake/ament_cmake_export_include_directories-extras.cmake
[4.869s] -- Up-to-date symlink: /home/ubuntu/microros_ws/install/std_srvs/share/std_srvs/cmake/ament_cmake_export_libraries-extras.cmake
[4.871s] -- Up-to-date symlink: /home/ubuntu/microros_ws/install/std_srvs/share/std_srvs/cmake/ament_cmake_export_targets-extras.cmake
[4.872s] -- Up-to-date symlink: /home/ubuntu/microros_ws/install/std_srvs/share/std_srvs/cmake/rosidl_cmake_export_typesupport_targets-extras.cmake
[4.876s] -- Up-to-date symlink: /home/ubuntu/microros_ws/install/std_srvs/share/std_srvs/cmake/ament_cmake_export_dependencies-extras.cmake
[4.880s] -- Up-to-date symlink: /home/ubuntu/microros_ws/install/std_srvs/share/std_srvs/cmake/rosidl_cmake_export_typesupport_libraries-extras.cmake
[4.882s] -- Up-to-date symlink: /home/ubuntu/microros_ws/install/std_srvs/share/std_srvs/cmake/std_srvsConfig.cmake
[4.885s] -- Up-to-date symlink: /home/ubuntu/microros_ws/install/std_srvs/share/std_srvs/cmake/std_srvsConfig-version.cmake
[4.887s] -- Up-to-date symlink: /home/ubuntu/microros_ws/install/std_srvs/share/std_srvs/package.xml
[4.897s] -- Up-to-date: /home/ubuntu/microros_ws/install/std_srvs/lib/libstd_srvs__rosidl_generator_c.so
[4.901s] -- Up-to-date: /home/ubuntu/microros_ws/install/std_srvs/lib/libstd_srvs__rosidl_typesupport_fastrtps_c.so
[4.905s] -- Up-to-date: /home/ubuntu/microros_ws/install/std_srvs/lib/libstd_srvs__rosidl_typesupport_introspection_c.so
[4.908s] -- Up-to-date: /home/ubuntu/microros_ws/install/std_srvs/lib/libstd_srvs__rosidl_typesupport_c.so
[4.912s] -- Up-to-date: /home/ubuntu/microros_ws/install/std_srvs/lib/libstd_srvs__rosidl_typesupport_fastrtps_cpp.so
[4.914s] -- Up-to-date: /home/ubuntu/microros_ws/install/std_srvs/lib/libstd_srvs__rosidl_typesupport_introspection_cpp.so
[4.917s] -- Up-to-date: /home/ubuntu/microros_ws/install/std_srvs/lib/libstd_srvs__rosidl_typesupport_cpp.so
[5.116s] Listing '/home/ubuntu/microros_ws/install/std_srvs/local/lib/python3.10/dist-packages/std_srvs'...
[5.116s] Listing '/home/ubuntu/microros_ws/install/std_srvs/local/lib/python3.10/dist-packages/std_srvs/srv'...
[5.156s] -- Up-to-date: /home/ubuntu/microros_ws/install/std_srvs/lib/libstd_srvs__rosidl_generator_py.so
[5.158s] -- Up-to-date: /home/ubuntu/microros_ws/install/std_srvs/share/std_srvs/cmake/export_std_srvs__rosidl_generator_cExport.cmake
[5.159s] -- Up-to-date: /home/ubuntu/microros_ws/install/std_srvs/share/std_srvs/cmake/export_std_srvs__rosidl_generator_cExport-noconfig.cmake
[5.160s] -- Up-to-date: /home/ubuntu/microros_ws/install/std_srvs/share/std_srvs/cmake/export_std_srvs__rosidl_typesupport_fastrtps_cExport.cmake
[5.161s] -- Up-to-date: /home/ubuntu/microros_ws/install/std_srvs/share/std_srvs/cmake/export_std_srvs__rosidl_typesupport_fastrtps_cExport-noconfig.cmake
[5.165s] -- Up-to-date: /home/ubuntu/microros_ws/install/std_srvs/share/std_srvs/cmake/std_srvs__rosidl_typesupport_introspection_cExport.cmake
[5.165s] -- Up-to-date: /home/ubuntu/microros_ws/install/std_srvs/share/std_srvs/cmake/std_srvs__rosidl_typesupport_introspection_cExport-noconfig.cmake
[5.166s] -- Up-to-date: /home/ubuntu/microros_ws/install/std_srvs/share/std_srvs/cmake/std_srvs__rosidl_typesupport_cExport.cmake
[5.167s] -- Up-to-date: /home/ubuntu/microros_ws/install/std_srvs/share/std_srvs/cmake/std_srvs__rosidl_typesupport_cExport-noconfig.cmake
[5.170s] -- Up-to-date: /home/ubuntu/microros_ws/install/std_srvs/share/std_srvs/cmake/export_std_srvs__rosidl_generator_cppExport.cmake
[5.173s] -- Up-to-date: /home/ubuntu/microros_ws/install/std_srvs/share/std_srvs/cmake/export_std_srvs__rosidl_typesupport_fastrtps_cppExport.cmake
[5.175s] -- Up-to-date: /home/ubuntu/microros_ws/install/std_srvs/share/std_srvs/cmake/export_std_srvs__rosidl_typesupport_fastrtps_cppExport-noconfig.cmake
[5.178s] -- Up-to-date: /home/ubuntu/microros_ws/install/std_srvs/share/std_srvs/cmake/std_srvs__rosidl_typesupport_introspection_cppExport.cmake
[5.181s] -- Up-to-date: /home/ubuntu/microros_ws/install/std_srvs/share/std_srvs/cmake/std_srvs__rosidl_typesupport_introspection_cppExport-noconfig.cmake
[5.184s] -- Up-to-date: /home/ubuntu/microros_ws/install/std_srvs/share/std_srvs/cmake/std_srvs__rosidl_typesupport_cppExport.cmake
[5.185s] -- Up-to-date: /home/ubuntu/microros_ws/install/std_srvs/share/std_srvs/cmake/std_srvs__rosidl_typesupport_cppExport-noconfig.cmake
[5.187s] -- Up-to-date: /home/ubuntu/microros_ws/install/std_srvs/share/std_srvs/cmake/export_std_srvs__rosidl_generator_pyExport.cmake
[5.189s] -- Up-to-date: /home/ubuntu/microros_ws/install/std_srvs/share/std_srvs/cmake/export_std_srvs__rosidl_generator_pyExport-noconfig.cmake
[5.203s] Invoked command in '/home/ubuntu/microros_ws/build/std_srvs' returned '0': CMAKE_PREFIX_PATH=/opt/ros/humble /usr/bin/cmake --install /home/ubuntu/microros_ws/build/std_srvs
