[0.103s] Invoking command in '/home/ubuntu/microros_ws/build/complex_msgs': AMENT_PREFIX_PATH=/home/ubuntu/microros_ws/install/builtin_interfaces:${AMENT_PREFIX_PATH} CMAKE_PREFIX_PATH=/home/ubuntu/microros_ws/install/builtin_interfaces:/opt/ros/humble LD_LIBRARY_PATH=/home/ubuntu/microros_ws/install/builtin_interfaces/lib:${LD_LIBRARY_PATH} PYTHONPATH=/home/ubuntu/microros_ws/install/builtin_interfaces/local/lib/python3.10/dist-packages:${PYTHONPATH} /usr/bin/cmake --build /home/ubuntu/microros_ws/build/complex_msgs -- -j4 -l4
[0.431s] [  2%] Built target complex_msgs__cpp
[0.575s] [  2%] Built target ament_cmake_python_symlink_complex_msgs
[0.711s] [ 12%] Built target complex_msgs__rosidl_typesupport_fastrtps_cpp
[0.843s] [ 23%] Built target complex_msgs__rosidl_typesupport_introspection_cpp
[2.708s] running egg_info
[2.713s] writing complex_msgs.egg-info/PKG-INFO
[2.714s] writing dependency_links to complex_msgs.egg-info/dependency_links.txt
[2.716s] writing top-level names to complex_msgs.egg-info/top_level.txt
[2.731s] reading manifest file 'complex_msgs.egg-info/SOURCES.txt'
[2.736s] writing manifest file 'complex_msgs.egg-info/SOURCES.txt'
[2.924s] [ 23%] Built target ament_cmake_python_build_complex_msgs_egg
[3.078s] [ 33%] Built target complex_msgs__rosidl_typesupport_cpp
[3.208s] [ 43%] Built target complex_msgs__rosidl_generator_c
[3.328s] [ 53%] Built target complex_msgs__rosidl_typesupport_fastrtps_c
[3.490s] [ 64%] Built target complex_msgs__rosidl_typesupport_c
[3.642s] [ 74%] Built target complex_msgs__rosidl_typesupport_introspection_c
[3.743s] [ 74%] Built target complex_msgs
[3.903s] [ 76%] Built target complex_msgs__py
[4.056s] [ 84%] Built target complex_msgs__rosidl_generator_py
[4.160s] [ 89%] Built target complex_msgs__rosidl_typesupport_fastrtps_c__pyext
[4.270s] [ 94%] Built target complex_msgs__rosidl_typesupport_c__pyext
[4.397s] [100%] Built target complex_msgs__rosidl_typesupport_introspection_c__pyext
[4.460s] Invoked command in '/home/ubuntu/microros_ws/build/complex_msgs' returned '0': AMENT_PREFIX_PATH=/home/ubuntu/microros_ws/install/builtin_interfaces:${AMENT_PREFIX_PATH} CMAKE_PREFIX_PATH=/home/ubuntu/microros_ws/install/builtin_interfaces:/opt/ros/humble LD_LIBRARY_PATH=/home/ubuntu/microros_ws/install/builtin_interfaces/lib:${LD_LIBRARY_PATH} PYTHONPATH=/home/ubuntu/microros_ws/install/builtin_interfaces/local/lib/python3.10/dist-packages:${PYTHONPATH} /usr/bin/cmake --build /home/ubuntu/microros_ws/build/complex_msgs -- -j4 -l4
[5.208s] Invoking command in '/home/ubuntu/microros_ws/build/complex_msgs': AMENT_PREFIX_PATH=/home/ubuntu/microros_ws/install/builtin_interfaces:${AMENT_PREFIX_PATH} CMAKE_PREFIX_PATH=/home/ubuntu/microros_ws/install/builtin_interfaces:/opt/ros/humble LD_LIBRARY_PATH=/home/ubuntu/microros_ws/install/builtin_interfaces/lib:${LD_LIBRARY_PATH} PYTHONPATH=/home/ubuntu/microros_ws/install/builtin_interfaces/local/lib/python3.10/dist-packages:${PYTHONPATH} /usr/bin/cmake --install /home/ubuntu/microros_ws/build/complex_msgs
[5.243s] -- Install configuration: ""
[5.247s] -- Execute custom install script
[5.249s] -- Up-to-date symlink: /home/ubuntu/microros_ws/install/complex_msgs/share/ament_index/resource_index/rosidl_interfaces/complex_msgs
[5.254s] -- Up-to-date symlink: /home/ubuntu/microros_ws/install/complex_msgs/include/complex_msgs/complex_msgs/msg/detail/multi_string_test__functions.h
[5.255s] -- Up-to-date symlink: /home/ubuntu/microros_ws/install/complex_msgs/include/complex_msgs/complex_msgs/msg/detail/multi_string_test__struct.h
[5.266s] -- Up-to-date symlink: /home/ubuntu/microros_ws/install/complex_msgs/include/complex_msgs/complex_msgs/msg/detail/multi_string_test__type_support.h
[5.267s] -- Up-to-date symlink: /home/ubuntu/microros_ws/install/complex_msgs/include/complex_msgs/complex_msgs/msg/detail/nested_msg_test__functions.h
[5.267s] -- Up-to-date symlink: /home/ubuntu/microros_ws/install/complex_msgs/include/complex_msgs/complex_msgs/msg/detail/nested_msg_test__struct.h
[5.268s] -- Up-to-date symlink: /home/ubuntu/microros_ws/install/complex_msgs/include/complex_msgs/complex_msgs/msg/detail/nested_msg_test__type_support.h
[5.271s] -- Up-to-date symlink: /home/ubuntu/microros_ws/install/complex_msgs/include/complex_msgs/complex_msgs/msg/multi_string_test.h
[5.272s] -- Up-to-date symlink: /home/ubuntu/microros_ws/install/complex_msgs/include/complex_msgs/complex_msgs/msg/nested_msg_test.h
[5.273s] -- Up-to-date symlink: /home/ubuntu/microros_ws/install/complex_msgs/include/complex_msgs/complex_msgs/msg/rosidl_generator_c__visibility_control.h
[5.273s] -- Up-to-date symlink: /home/ubuntu/microros_ws/install/complex_msgs/share/complex_msgs/environment/library_path.sh
[5.277s] -- Up-to-date symlink: /home/ubuntu/microros_ws/install/complex_msgs/share/complex_msgs/environment/library_path.dsv
[5.278s] -- Up-to-date symlink: /home/ubuntu/microros_ws/install/complex_msgs/include/complex_msgs/complex_msgs/msg/detail/multi_string_test__rosidl_typesupport_fastrtps_c.h
[5.280s] -- Up-to-date symlink: /home/ubuntu/microros_ws/install/complex_msgs/include/complex_msgs/complex_msgs/msg/detail/nested_msg_test__rosidl_typesupport_fastrtps_c.h
[5.282s] -- Up-to-date symlink: /home/ubuntu/microros_ws/install/complex_msgs/include/complex_msgs/complex_msgs/msg/rosidl_typesupport_fastrtps_c__visibility_control.h
[5.285s] -- Up-to-date symlink: /home/ubuntu/microros_ws/install/complex_msgs/include/complex_msgs/complex_msgs/msg/detail/multi_string_test__builder.hpp
[5.287s] -- Up-to-date symlink: /home/ubuntu/microros_ws/install/complex_msgs/include/complex_msgs/complex_msgs/msg/detail/multi_string_test__struct.hpp
[5.287s] -- Up-to-date symlink: /home/ubuntu/microros_ws/install/complex_msgs/include/complex_msgs/complex_msgs/msg/detail/multi_string_test__traits.hpp
[5.288s] -- Up-to-date symlink: /home/ubuntu/microros_ws/install/complex_msgs/include/complex_msgs/complex_msgs/msg/detail/nested_msg_test__builder.hpp
[5.290s] -- Up-to-date symlink: /home/ubuntu/microros_ws/install/complex_msgs/include/complex_msgs/complex_msgs/msg/detail/nested_msg_test__struct.hpp
[5.291s] -- Up-to-date symlink: /home/ubuntu/microros_ws/install/complex_msgs/include/complex_msgs/complex_msgs/msg/detail/nested_msg_test__traits.hpp
[5.292s] -- Up-to-date symlink: /home/ubuntu/microros_ws/install/complex_msgs/include/complex_msgs/complex_msgs/msg/multi_string_test.hpp
[5.293s] -- Up-to-date symlink: /home/ubuntu/microros_ws/install/complex_msgs/include/complex_msgs/complex_msgs/msg/nested_msg_test.hpp
[5.298s] -- Up-to-date symlink: /home/ubuntu/microros_ws/install/complex_msgs/include/complex_msgs/complex_msgs/msg/detail/multi_string_test__rosidl_typesupport_fastrtps_cpp.hpp
[5.300s] -- Up-to-date symlink: /home/ubuntu/microros_ws/install/complex_msgs/include/complex_msgs/complex_msgs/msg/detail/nested_msg_test__rosidl_typesupport_fastrtps_cpp.hpp
[5.301s] -- Up-to-date symlink: /home/ubuntu/microros_ws/install/complex_msgs/include/complex_msgs/complex_msgs/msg/rosidl_typesupport_fastrtps_cpp__visibility_control.h
[5.304s] -- Up-to-date symlink: /home/ubuntu/microros_ws/install/complex_msgs/include/complex_msgs/complex_msgs/msg/detail/multi_string_test__rosidl_typesupport_introspection_c.h
[5.305s] -- Up-to-date symlink: /home/ubuntu/microros_ws/install/complex_msgs/include/complex_msgs/complex_msgs/msg/detail/nested_msg_test__rosidl_typesupport_introspection_c.h
[5.308s] -- Up-to-date symlink: /home/ubuntu/microros_ws/install/complex_msgs/include/complex_msgs/complex_msgs/msg/rosidl_typesupport_introspection_c__visibility_control.h
[5.309s] -- Up-to-date symlink: /home/ubuntu/microros_ws/install/complex_msgs/include/complex_msgs/complex_msgs/msg/detail/multi_string_test__rosidl_typesupport_introspection_cpp.hpp
[5.311s] -- Up-to-date symlink: /home/ubuntu/microros_ws/install/complex_msgs/include/complex_msgs/complex_msgs/msg/detail/nested_msg_test__rosidl_typesupport_introspection_cpp.hpp
[5.312s] -- Up-to-date symlink: /home/ubuntu/microros_ws/install/complex_msgs/share/complex_msgs/environment/pythonpath.sh
[5.314s] -- Up-to-date symlink: /home/ubuntu/microros_ws/install/complex_msgs/share/complex_msgs/environment/pythonpath.dsv
[5.316s] -- Up-to-date symlink: /home/ubuntu/microros_ws/install/complex_msgs/local/lib/python3.10/dist-packages/complex_msgs-3.0.2-py3.10.egg-info/PKG-INFO
[5.318s] -- Up-to-date symlink: /home/ubuntu/microros_ws/install/complex_msgs/local/lib/python3.10/dist-packages/complex_msgs-3.0.2-py3.10.egg-info/SOURCES.txt
[5.319s] -- Up-to-date symlink: /home/ubuntu/microros_ws/install/complex_msgs/local/lib/python3.10/dist-packages/complex_msgs-3.0.2-py3.10.egg-info/dependency_links.txt
[5.321s] -- Up-to-date symlink: /home/ubuntu/microros_ws/install/complex_msgs/local/lib/python3.10/dist-packages/complex_msgs-3.0.2-py3.10.egg-info/top_level.txt
[5.327s] -- Up-to-date symlink: /home/ubuntu/microros_ws/install/complex_msgs/local/lib/python3.10/dist-packages/complex_msgs/__init__.py
[5.328s] -- Up-to-date symlink: /home/ubuntu/microros_ws/install/complex_msgs/local/lib/python3.10/dist-packages/complex_msgs/_complex_msgs_s.ep.rosidl_typesupport_c.c
[5.330s] -- Up-to-date symlink: /home/ubuntu/microros_ws/install/complex_msgs/local/lib/python3.10/dist-packages/complex_msgs/_complex_msgs_s.ep.rosidl_typesupport_fastrtps_c.c
[5.331s] -- Up-to-date symlink: /home/ubuntu/microros_ws/install/complex_msgs/local/lib/python3.10/dist-packages/complex_msgs/_complex_msgs_s.ep.rosidl_typesupport_introspection_c.c
[5.332s] -- Up-to-date symlink: /home/ubuntu/microros_ws/install/complex_msgs/local/lib/python3.10/dist-packages/complex_msgs/_complex_msgs_s.ep.rosidl_typesupport_microxrcedds_c.c
[5.334s] -- Up-to-date symlink: /home/ubuntu/microros_ws/install/complex_msgs/local/lib/python3.10/dist-packages/complex_msgs/complex_msgs_s__rosidl_typesupport_c.cpython-310-aarch64-linux-gnu.so
[5.335s] -- Up-to-date symlink: /home/ubuntu/microros_ws/install/complex_msgs/local/lib/python3.10/dist-packages/complex_msgs/complex_msgs_s__rosidl_typesupport_fastrtps_c.cpython-310-aarch64-linux-gnu.so
[5.337s] -- Up-to-date symlink: /home/ubuntu/microros_ws/install/complex_msgs/local/lib/python3.10/dist-packages/complex_msgs/complex_msgs_s__rosidl_typesupport_introspection_c.cpython-310-aarch64-linux-gnu.so
[5.338s] -- Up-to-date symlink: /home/ubuntu/microros_ws/install/complex_msgs/local/lib/python3.10/dist-packages/complex_msgs/complex_msgs_s__rosidl_typesupport_microxrcedds_c.cpython-310-aarch64-linux-gnu.so
[5.339s] -- Up-to-date symlink: /home/ubuntu/microros_ws/install/complex_msgs/local/lib/python3.10/dist-packages/complex_msgs/libcomplex_msgs__rosidl_generator_py.so
[5.341s] -- Up-to-date symlink: /home/ubuntu/microros_ws/install/complex_msgs/local/lib/python3.10/dist-packages/complex_msgs/msg/__init__.py
[5.342s] -- Up-to-date symlink: /home/ubuntu/microros_ws/install/complex_msgs/local/lib/python3.10/dist-packages/complex_msgs/msg/_multi_string_test.py
[5.344s] -- Up-to-date symlink: /home/ubuntu/microros_ws/install/complex_msgs/local/lib/python3.10/dist-packages/complex_msgs/msg/_multi_string_test_s.c
[5.345s] -- Up-to-date symlink: /home/ubuntu/microros_ws/install/complex_msgs/local/lib/python3.10/dist-packages/complex_msgs/msg/_nested_msg_test.py
[5.347s] -- Up-to-date symlink: /home/ubuntu/microros_ws/install/complex_msgs/local/lib/python3.10/dist-packages/complex_msgs/msg/_nested_msg_test_s.c
[5.350s] -- Up-to-date symlink: /home/ubuntu/microros_ws/install/complex_msgs/local/lib/python3.10/dist-packages/complex_msgs/complex_msgs_s__rosidl_typesupport_fastrtps_c.cpython-310-aarch64-linux-gnu.so
[5.354s] -- Up-to-date symlink: /home/ubuntu/microros_ws/install/complex_msgs/local/lib/python3.10/dist-packages/complex_msgs/complex_msgs_s__rosidl_typesupport_introspection_c.cpython-310-aarch64-linux-gnu.so
[5.372s] -- Up-to-date symlink: /home/ubuntu/microros_ws/install/complex_msgs/local/lib/python3.10/dist-packages/complex_msgs/complex_msgs_s__rosidl_typesupport_c.cpython-310-aarch64-linux-gnu.so
[5.373s] -- Up-to-date symlink: /home/ubuntu/microros_ws/install/complex_msgs/share/complex_msgs/msg/MultiStringTest.idl
[5.375s] -- Up-to-date symlink: /home/ubuntu/microros_ws/install/complex_msgs/share/complex_msgs/msg/NestedMsgTest.idl
[5.377s] -- Up-to-date symlink: /home/ubuntu/microros_ws/install/complex_msgs/share/complex_msgs/msg/MultiStringTest.msg
[5.379s] -- Up-to-date symlink: /home/ubuntu/microros_ws/install/complex_msgs/share/complex_msgs/msg/NestedMsgTest.msg
[5.380s] -- Up-to-date symlink: /home/ubuntu/microros_ws/install/complex_msgs/share/ament_index/resource_index/package_run_dependencies/complex_msgs
[5.382s] -- Up-to-date symlink: /home/ubuntu/microros_ws/install/complex_msgs/share/ament_index/resource_index/parent_prefix_path/complex_msgs
[5.383s] -- Up-to-date symlink: /home/ubuntu/microros_ws/install/complex_msgs/share/complex_msgs/environment/ament_prefix_path.sh
[5.384s] -- Up-to-date symlink: /home/ubuntu/microros_ws/install/complex_msgs/share/complex_msgs/environment/ament_prefix_path.dsv
[5.385s] -- Up-to-date symlink: /home/ubuntu/microros_ws/install/complex_msgs/share/complex_msgs/environment/path.sh
[5.386s] -- Up-to-date symlink: /home/ubuntu/microros_ws/install/complex_msgs/share/complex_msgs/environment/path.dsv
[5.386s] -- Up-to-date symlink: /home/ubuntu/microros_ws/install/complex_msgs/share/complex_msgs/local_setup.bash
[5.386s] -- Up-to-date symlink: /home/ubuntu/microros_ws/install/complex_msgs/share/complex_msgs/local_setup.sh
[5.387s] -- Up-to-date symlink: /home/ubuntu/microros_ws/install/complex_msgs/share/complex_msgs/local_setup.zsh
[5.388s] -- Up-to-date symlink: /home/ubuntu/microros_ws/install/complex_msgs/share/complex_msgs/local_setup.dsv
[5.388s] -- Symlinking: /home/ubuntu/microros_ws/install/complex_msgs/share/complex_msgs/package.dsv
[5.421s] -- Up-to-date symlink: /home/ubuntu/microros_ws/install/complex_msgs/share/ament_index/resource_index/packages/complex_msgs
[5.423s] -- Up-to-date symlink: /home/ubuntu/microros_ws/install/complex_msgs/share/complex_msgs/cmake/rosidl_cmake-extras.cmake
[5.424s] -- Up-to-date symlink: /home/ubuntu/microros_ws/install/complex_msgs/share/complex_msgs/cmake/ament_cmake_export_dependencies-extras.cmake
[5.426s] -- Up-to-date symlink: /home/ubuntu/microros_ws/install/complex_msgs/share/complex_msgs/cmake/ament_cmake_export_include_directories-extras.cmake
[5.427s] -- Up-to-date symlink: /home/ubuntu/microros_ws/install/complex_msgs/share/complex_msgs/cmake/ament_cmake_export_libraries-extras.cmake
[5.429s] -- Up-to-date symlink: /home/ubuntu/microros_ws/install/complex_msgs/share/complex_msgs/cmake/ament_cmake_export_targets-extras.cmake
[5.430s] -- Up-to-date symlink: /home/ubuntu/microros_ws/install/complex_msgs/share/complex_msgs/cmake/rosidl_cmake_export_typesupport_targets-extras.cmake
[5.432s] -- Up-to-date symlink: /home/ubuntu/microros_ws/install/complex_msgs/share/complex_msgs/cmake/rosidl_cmake_export_typesupport_libraries-extras.cmake
[5.433s] -- Up-to-date symlink: /home/ubuntu/microros_ws/install/complex_msgs/share/complex_msgs/cmake/complex_msgsConfig.cmake
[5.434s] -- Up-to-date symlink: /home/ubuntu/microros_ws/install/complex_msgs/share/complex_msgs/cmake/complex_msgsConfig-version.cmake
[5.436s] -- Up-to-date symlink: /home/ubuntu/microros_ws/install/complex_msgs/share/complex_msgs/package.xml
[5.438s] -- Up-to-date: /home/ubuntu/microros_ws/install/complex_msgs/lib/libcomplex_msgs__rosidl_generator_c.so
[5.440s] -- Up-to-date: /home/ubuntu/microros_ws/install/complex_msgs/lib/libcomplex_msgs__rosidl_typesupport_fastrtps_c.so
[5.448s] -- Up-to-date: /home/ubuntu/microros_ws/install/complex_msgs/lib/libcomplex_msgs__rosidl_typesupport_fastrtps_cpp.so
[5.451s] -- Up-to-date: /home/ubuntu/microros_ws/install/complex_msgs/lib/libcomplex_msgs__rosidl_typesupport_introspection_c.so
[5.454s] -- Up-to-date: /home/ubuntu/microros_ws/install/complex_msgs/lib/libcomplex_msgs__rosidl_typesupport_c.so
[5.455s] -- Up-to-date: /home/ubuntu/microros_ws/install/complex_msgs/lib/libcomplex_msgs__rosidl_typesupport_introspection_cpp.so
[5.457s] -- Up-to-date: /home/ubuntu/microros_ws/install/complex_msgs/lib/libcomplex_msgs__rosidl_typesupport_cpp.so
[5.664s] Listing '/home/ubuntu/microros_ws/install/complex_msgs/local/lib/python3.10/dist-packages/complex_msgs'...
[5.666s] Listing '/home/ubuntu/microros_ws/install/complex_msgs/local/lib/python3.10/dist-packages/complex_msgs/msg'...
[5.700s] -- Up-to-date: /home/ubuntu/microros_ws/install/complex_msgs/lib/libcomplex_msgs__rosidl_generator_py.so
[5.703s] -- Up-to-date: /home/ubuntu/microros_ws/install/complex_msgs/share/complex_msgs/cmake/export_complex_msgs__rosidl_generator_cExport.cmake
[5.705s] -- Up-to-date: /home/ubuntu/microros_ws/install/complex_msgs/share/complex_msgs/cmake/export_complex_msgs__rosidl_generator_cExport-noconfig.cmake
[5.707s] -- Up-to-date: /home/ubuntu/microros_ws/install/complex_msgs/share/complex_msgs/cmake/export_complex_msgs__rosidl_typesupport_fastrtps_cExport.cmake
[5.709s] -- Up-to-date: /home/ubuntu/microros_ws/install/complex_msgs/share/complex_msgs/cmake/export_complex_msgs__rosidl_typesupport_fastrtps_cExport-noconfig.cmake
[5.710s] -- Up-to-date: /home/ubuntu/microros_ws/install/complex_msgs/share/complex_msgs/cmake/export_complex_msgs__rosidl_generator_cppExport.cmake
[5.712s] -- Up-to-date: /home/ubuntu/microros_ws/install/complex_msgs/share/complex_msgs/cmake/export_complex_msgs__rosidl_typesupport_fastrtps_cppExport.cmake
[5.714s] -- Up-to-date: /home/ubuntu/microros_ws/install/complex_msgs/share/complex_msgs/cmake/export_complex_msgs__rosidl_typesupport_fastrtps_cppExport-noconfig.cmake
[5.716s] -- Up-to-date: /home/ubuntu/microros_ws/install/complex_msgs/share/complex_msgs/cmake/complex_msgs__rosidl_typesupport_introspection_cExport.cmake
[5.719s] -- Up-to-date: /home/ubuntu/microros_ws/install/complex_msgs/share/complex_msgs/cmake/complex_msgs__rosidl_typesupport_introspection_cExport-noconfig.cmake
[5.722s] -- Up-to-date: /home/ubuntu/microros_ws/install/complex_msgs/share/complex_msgs/cmake/complex_msgs__rosidl_typesupport_cExport.cmake
[5.723s] -- Up-to-date: /home/ubuntu/microros_ws/install/complex_msgs/share/complex_msgs/cmake/complex_msgs__rosidl_typesupport_cExport-noconfig.cmake
[5.726s] -- Up-to-date: /home/ubuntu/microros_ws/install/complex_msgs/share/complex_msgs/cmake/complex_msgs__rosidl_typesupport_introspection_cppExport.cmake
[5.729s] -- Up-to-date: /home/ubuntu/microros_ws/install/complex_msgs/share/complex_msgs/cmake/complex_msgs__rosidl_typesupport_introspection_cppExport-noconfig.cmake
[5.732s] -- Up-to-date: /home/ubuntu/microros_ws/install/complex_msgs/share/complex_msgs/cmake/complex_msgs__rosidl_typesupport_cppExport.cmake
[5.734s] -- Up-to-date: /home/ubuntu/microros_ws/install/complex_msgs/share/complex_msgs/cmake/complex_msgs__rosidl_typesupport_cppExport-noconfig.cmake
[5.736s] -- Up-to-date: /home/ubuntu/microros_ws/install/complex_msgs/share/complex_msgs/cmake/export_complex_msgs__rosidl_generator_pyExport.cmake
[5.738s] -- Up-to-date: /home/ubuntu/microros_ws/install/complex_msgs/share/complex_msgs/cmake/export_complex_msgs__rosidl_generator_pyExport-noconfig.cmake
[5.758s] Invoked command in '/home/ubuntu/microros_ws/build/complex_msgs' returned '0': AMENT_PREFIX_PATH=/home/ubuntu/microros_ws/install/builtin_interfaces:${AMENT_PREFIX_PATH} CMAKE_PREFIX_PATH=/home/ubuntu/microros_ws/install/builtin_interfaces:/opt/ros/humble LD_LIBRARY_PATH=/home/ubuntu/microros_ws/install/builtin_interfaces/lib:${LD_LIBRARY_PATH} PYTHONPATH=/home/ubuntu/microros_ws/install/builtin_interfaces/local/lib/python3.10/dist-packages:${PYTHONPATH} /usr/bin/cmake --install /home/ubuntu/microros_ws/build/complex_msgs
