[0.136s] Invoking command in '/home/ubuntu/microros_ws/build/unique_identifier_msgs': CMAKE_PREFIX_PATH=/opt/ros/humble /usr/bin/cmake --build /home/ubuntu/microros_ws/build/unique_identifier_msgs -- -j4 -l4
[0.625s] [  7%] Built target unique_identifier_msgs__rosidl_generator_c
[0.704s] [ 10%] Built target unique_identifier_msgs__cpp
[0.747s] [ 10%] Built target ament_cmake_python_symlink_unique_identifier_msgs
[1.019s] [ 17%] Built target unique_identifier_msgs__rosidl_typesupport_fastrtps_c
[1.065s] [ 25%] Built target unique_identifier_msgs__rosidl_typesupport_c
[1.105s] [ 33%] Built target unique_identifier_msgs__rosidl_typesupport_introspection_c
[1.163s] [ 41%] Built target unique_identifier_msgs__rosidl_typesupport_microxrcedds_c
[1.410s] [ 48%] Built target unique_identifier_msgs__rosidl_typesupport_fastrtps_cpp
[1.446s] [ 56%] Built target unique_identifier_msgs__rosidl_typesupport_microxrcedds_cpp
[1.485s] [ 64%] Built target unique_identifier_msgs__rosidl_typesupport_cpp
[1.501s] [ 71%] Built target unique_identifier_msgs__rosidl_typesupport_introspection_cpp
[1.860s] [ 71%] Built target unique_identifier_msgs
[2.158s] [ 74%] Built target unique_identifier_msgs__py
[2.424s] [ 79%] Built target unique_identifier_msgs__rosidl_generator_py
[2.782s] [ 84%] Built target unique_identifier_msgs__rosidl_typesupport_fastrtps_c__pyext
[2.820s] [ 89%] Built target unique_identifier_msgs__rosidl_typesupport_microxrcedds_c__pyext
[3.167s] [ 94%] Built target unique_identifier_msgs__rosidl_typesupport_introspection_c__pyext
[3.227s] [100%] Built target unique_identifier_msgs__rosidl_typesupport_c__pyext
[4.513s] running egg_info
[4.518s] writing unique_identifier_msgs.egg-info/PKG-INFO
[4.519s] writing dependency_links to unique_identifier_msgs.egg-info/dependency_links.txt
[4.523s] writing top-level names to unique_identifier_msgs.egg-info/top_level.txt
[4.540s] reading manifest file 'unique_identifier_msgs.egg-info/SOURCES.txt'
[4.545s] writing manifest file 'unique_identifier_msgs.egg-info/SOURCES.txt'
[4.792s] [100%] Built target ament_cmake_python_build_unique_identifier_msgs_egg
[4.864s] Invoked command in '/home/ubuntu/microros_ws/build/unique_identifier_msgs' returned '0': CMAKE_PREFIX_PATH=/opt/ros/humble /usr/bin/cmake --build /home/ubuntu/microros_ws/build/unique_identifier_msgs -- -j4 -l4
[5.430s] Invoking command in '/home/ubuntu/microros_ws/build/unique_identifier_msgs': CMAKE_PREFIX_PATH=/opt/ros/humble /usr/bin/cmake --install /home/ubuntu/microros_ws/build/unique_identifier_msgs
[5.476s] -- Install configuration: ""
[5.479s] -- Execute custom install script
[5.482s] -- Up-to-date symlink: /home/ubuntu/microros_ws/install/unique_identifier_msgs/share/ament_index/resource_index/rosidl_interfaces/unique_identifier_msgs
[5.488s] -- Up-to-date symlink: /home/ubuntu/microros_ws/install/unique_identifier_msgs/include/unique_identifier_msgs/unique_identifier_msgs/msg/detail/uuid__functions.h
[5.492s] -- Up-to-date symlink: /home/ubuntu/microros_ws/install/unique_identifier_msgs/include/unique_identifier_msgs/unique_identifier_msgs/msg/detail/uuid__struct.h
[5.493s] -- Up-to-date symlink: /home/ubuntu/microros_ws/install/unique_identifier_msgs/include/unique_identifier_msgs/unique_identifier_msgs/msg/detail/uuid__type_support.h
[5.495s] -- Up-to-date symlink: /home/ubuntu/microros_ws/install/unique_identifier_msgs/include/unique_identifier_msgs/unique_identifier_msgs/msg/rosidl_generator_c__visibility_control.h
[5.496s] -- Up-to-date symlink: /home/ubuntu/microros_ws/install/unique_identifier_msgs/include/unique_identifier_msgs/unique_identifier_msgs/msg/uuid.h
[5.497s] -- Up-to-date symlink: /home/ubuntu/microros_ws/install/unique_identifier_msgs/share/unique_identifier_msgs/environment/library_path.sh
[5.498s] -- Up-to-date symlink: /home/ubuntu/microros_ws/install/unique_identifier_msgs/share/unique_identifier_msgs/environment/library_path.dsv
[5.502s] -- Up-to-date symlink: /home/ubuntu/microros_ws/install/unique_identifier_msgs/include/unique_identifier_msgs/msg/detail/uuid__rosidl_typesupport_microxrcedds_c.h
[5.503s] -- Up-to-date symlink: /home/ubuntu/microros_ws/install/unique_identifier_msgs/include/unique_identifier_msgs/msg/rosidl_typesupport_microxrcedds_c__visibility_control.h
[5.505s] -- Up-to-date symlink: /home/ubuntu/microros_ws/install/unique_identifier_msgs/lib/libunique_identifier_msgs__rosidl_typesupport_microxrcedds_c.so
[5.510s] -- Up-to-date symlink: /home/ubuntu/microros_ws/install/unique_identifier_msgs/include/unique_identifier_msgs/unique_identifier_msgs/msg/detail/uuid__rosidl_typesupport_fastrtps_c.h
[5.511s] -- Up-to-date symlink: /home/ubuntu/microros_ws/install/unique_identifier_msgs/include/unique_identifier_msgs/unique_identifier_msgs/msg/rosidl_typesupport_fastrtps_c__visibility_control.h
[5.514s] -- Up-to-date symlink: /home/ubuntu/microros_ws/install/unique_identifier_msgs/include/unique_identifier_msgs/unique_identifier_msgs/msg/detail/uuid__rosidl_typesupport_introspection_c.h
[5.515s] -- Up-to-date symlink: /home/ubuntu/microros_ws/install/unique_identifier_msgs/include/unique_identifier_msgs/unique_identifier_msgs/msg/rosidl_typesupport_introspection_c__visibility_control.h
[5.518s] -- Up-to-date symlink: /home/ubuntu/microros_ws/install/unique_identifier_msgs/include/unique_identifier_msgs/unique_identifier_msgs/msg/detail/uuid__builder.hpp
[5.519s] -- Up-to-date symlink: /home/ubuntu/microros_ws/install/unique_identifier_msgs/include/unique_identifier_msgs/unique_identifier_msgs/msg/detail/uuid__struct.hpp
[5.520s] -- Up-to-date symlink: /home/ubuntu/microros_ws/install/unique_identifier_msgs/include/unique_identifier_msgs/unique_identifier_msgs/msg/detail/uuid__traits.hpp
[5.522s] -- Up-to-date symlink: /home/ubuntu/microros_ws/install/unique_identifier_msgs/include/unique_identifier_msgs/unique_identifier_msgs/msg/uuid.hpp
[5.526s] -- Up-to-date symlink: /home/ubuntu/microros_ws/install/unique_identifier_msgs/include/unique_identifier_msgs/msg/detail/microxrcedds/uuid__type_support_cpp.cpp
[5.528s] -- Up-to-date symlink: /home/ubuntu/microros_ws/install/unique_identifier_msgs/include/unique_identifier_msgs/msg/detail/uuid__rosidl_typesupport_microxrcedds_cpp.hpp
[5.536s] -- Up-to-date symlink: /home/ubuntu/microros_ws/install/unique_identifier_msgs/include/unique_identifier_msgs/msg/rosidl_typesupport_microxrcedds_cpp__visibility_control.h
[5.538s] -- Up-to-date symlink: /home/ubuntu/microros_ws/install/unique_identifier_msgs/lib/libunique_identifier_msgs__rosidl_typesupport_microxrcedds_cpp.so
[5.542s] -- Up-to-date symlink: /home/ubuntu/microros_ws/install/unique_identifier_msgs/include/unique_identifier_msgs/unique_identifier_msgs/msg/detail/uuid__rosidl_typesupport_fastrtps_cpp.hpp
[5.543s] -- Up-to-date symlink: /home/ubuntu/microros_ws/install/unique_identifier_msgs/include/unique_identifier_msgs/unique_identifier_msgs/msg/rosidl_typesupport_fastrtps_cpp__visibility_control.h
[5.543s] -- Up-to-date symlink: /home/ubuntu/microros_ws/install/unique_identifier_msgs/include/unique_identifier_msgs/unique_identifier_msgs/msg/detail/uuid__rosidl_typesupport_introspection_cpp.hpp
[5.544s] -- Up-to-date symlink: /home/ubuntu/microros_ws/install/unique_identifier_msgs/share/unique_identifier_msgs/environment/pythonpath.sh
[5.545s] -- Up-to-date symlink: /home/ubuntu/microros_ws/install/unique_identifier_msgs/share/unique_identifier_msgs/environment/pythonpath.dsv
[5.545s] -- Up-to-date symlink: /home/ubuntu/microros_ws/install/unique_identifier_msgs/local/lib/python3.10/dist-packages/unique_identifier_msgs-2.2.1-py3.10.egg-info/PKG-INFO
[5.546s] -- Up-to-date symlink: /home/ubuntu/microros_ws/install/unique_identifier_msgs/local/lib/python3.10/dist-packages/unique_identifier_msgs-2.2.1-py3.10.egg-info/SOURCES.txt
[5.547s] -- Up-to-date symlink: /home/ubuntu/microros_ws/install/unique_identifier_msgs/local/lib/python3.10/dist-packages/unique_identifier_msgs-2.2.1-py3.10.egg-info/dependency_links.txt
[5.549s] -- Up-to-date symlink: /home/ubuntu/microros_ws/install/unique_identifier_msgs/local/lib/python3.10/dist-packages/unique_identifier_msgs-2.2.1-py3.10.egg-info/top_level.txt
[5.566s] -- Up-to-date symlink: /home/ubuntu/microros_ws/install/unique_identifier_msgs/local/lib/python3.10/dist-packages/unique_identifier_msgs/__init__.py
[5.569s] -- Up-to-date symlink: /home/ubuntu/microros_ws/install/unique_identifier_msgs/local/lib/python3.10/dist-packages/unique_identifier_msgs/_unique_identifier_msgs_s.ep.rosidl_typesupport_c.c
[5.570s] -- Up-to-date symlink: /home/ubuntu/microros_ws/install/unique_identifier_msgs/local/lib/python3.10/dist-packages/unique_identifier_msgs/_unique_identifier_msgs_s.ep.rosidl_typesupport_fastrtps_c.c
[5.572s] -- Up-to-date symlink: /home/ubuntu/microros_ws/install/unique_identifier_msgs/local/lib/python3.10/dist-packages/unique_identifier_msgs/_unique_identifier_msgs_s.ep.rosidl_typesupport_introspection_c.c
[5.573s] -- Up-to-date symlink: /home/ubuntu/microros_ws/install/unique_identifier_msgs/local/lib/python3.10/dist-packages/unique_identifier_msgs/_unique_identifier_msgs_s.ep.rosidl_typesupport_microxrcedds_c.c
[5.573s] -- Up-to-date symlink: /home/ubuntu/microros_ws/install/unique_identifier_msgs/local/lib/python3.10/dist-packages/unique_identifier_msgs/libunique_identifier_msgs__rosidl_generator_py.so
[5.574s] -- Up-to-date symlink: /home/ubuntu/microros_ws/install/unique_identifier_msgs/local/lib/python3.10/dist-packages/unique_identifier_msgs/msg/__init__.py
[5.575s] -- Up-to-date symlink: /home/ubuntu/microros_ws/install/unique_identifier_msgs/local/lib/python3.10/dist-packages/unique_identifier_msgs/msg/_uuid.py
[5.577s] -- Up-to-date symlink: /home/ubuntu/microros_ws/install/unique_identifier_msgs/local/lib/python3.10/dist-packages/unique_identifier_msgs/msg/_uuid_s.c
[5.589s] -- Up-to-date symlink: /home/ubuntu/microros_ws/install/unique_identifier_msgs/local/lib/python3.10/dist-packages/unique_identifier_msgs/unique_identifier_msgs_s__rosidl_typesupport_c.cpython-310-aarch64-linux-gnu.so
[5.590s] -- Up-to-date symlink: /home/ubuntu/microros_ws/install/unique_identifier_msgs/local/lib/python3.10/dist-packages/unique_identifier_msgs/unique_identifier_msgs_s__rosidl_typesupport_fastrtps_c.cpython-310-aarch64-linux-gnu.so
[5.592s] -- Up-to-date symlink: /home/ubuntu/microros_ws/install/unique_identifier_msgs/local/lib/python3.10/dist-packages/unique_identifier_msgs/unique_identifier_msgs_s__rosidl_typesupport_introspection_c.cpython-310-aarch64-linux-gnu.so
[5.592s] -- Up-to-date symlink: /home/ubuntu/microros_ws/install/unique_identifier_msgs/local/lib/python3.10/dist-packages/unique_identifier_msgs/unique_identifier_msgs_s__rosidl_typesupport_microxrcedds_c.cpython-310-aarch64-linux-gnu.so
[5.594s] -- Up-to-date symlink: /home/ubuntu/microros_ws/install/unique_identifier_msgs/local/lib/python3.10/dist-packages/unique_identifier_msgs/unique_identifier_msgs_s__rosidl_typesupport_microxrcedds_c.cpython-310-aarch64-linux-gnu.so
[5.596s] -- Up-to-date symlink: /home/ubuntu/microros_ws/install/unique_identifier_msgs/local/lib/python3.10/dist-packages/unique_identifier_msgs/unique_identifier_msgs_s__rosidl_typesupport_fastrtps_c.cpython-310-aarch64-linux-gnu.so
[5.598s] -- Up-to-date symlink: /home/ubuntu/microros_ws/install/unique_identifier_msgs/local/lib/python3.10/dist-packages/unique_identifier_msgs/unique_identifier_msgs_s__rosidl_typesupport_introspection_c.cpython-310-aarch64-linux-gnu.so
[5.600s] -- Up-to-date symlink: /home/ubuntu/microros_ws/install/unique_identifier_msgs/local/lib/python3.10/dist-packages/unique_identifier_msgs/unique_identifier_msgs_s__rosidl_typesupport_c.cpython-310-aarch64-linux-gnu.so
[5.602s] -- Up-to-date symlink: /home/ubuntu/microros_ws/install/unique_identifier_msgs/share/unique_identifier_msgs/msg/UUID.idl
[5.603s] -- Up-to-date symlink: /home/ubuntu/microros_ws/install/unique_identifier_msgs/share/unique_identifier_msgs/msg/UUID.msg
[5.606s] -- Up-to-date symlink: /home/ubuntu/microros_ws/install/unique_identifier_msgs/share/ament_index/resource_index/package_run_dependencies/unique_identifier_msgs
[5.607s] -- Up-to-date symlink: /home/ubuntu/microros_ws/install/unique_identifier_msgs/share/ament_index/resource_index/parent_prefix_path/unique_identifier_msgs
[5.609s] -- Up-to-date symlink: /home/ubuntu/microros_ws/install/unique_identifier_msgs/share/unique_identifier_msgs/environment/ament_prefix_path.sh
[5.611s] -- Up-to-date symlink: /home/ubuntu/microros_ws/install/unique_identifier_msgs/share/unique_identifier_msgs/environment/ament_prefix_path.dsv
[5.614s] -- Up-to-date symlink: /home/ubuntu/microros_ws/install/unique_identifier_msgs/share/unique_identifier_msgs/environment/path.sh
[5.615s] -- Up-to-date symlink: /home/ubuntu/microros_ws/install/unique_identifier_msgs/share/unique_identifier_msgs/environment/path.dsv
[5.620s] -- Up-to-date symlink: /home/ubuntu/microros_ws/install/unique_identifier_msgs/share/unique_identifier_msgs/local_setup.bash
[5.621s] -- Up-to-date symlink: /home/ubuntu/microros_ws/install/unique_identifier_msgs/share/unique_identifier_msgs/local_setup.sh
[5.621s] -- Up-to-date symlink: /home/ubuntu/microros_ws/install/unique_identifier_msgs/share/unique_identifier_msgs/local_setup.zsh
[5.622s] -- Up-to-date symlink: /home/ubuntu/microros_ws/install/unique_identifier_msgs/share/unique_identifier_msgs/local_setup.dsv
[5.623s] -- Symlinking: /home/ubuntu/microros_ws/install/unique_identifier_msgs/share/unique_identifier_msgs/package.dsv
[5.657s] -- Up-to-date symlink: /home/ubuntu/microros_ws/install/unique_identifier_msgs/share/ament_index/resource_index/packages/unique_identifier_msgs
[5.658s] -- Up-to-date symlink: /home/ubuntu/microros_ws/install/unique_identifier_msgs/share/unique_identifier_msgs/cmake/rosidl_cmake-extras.cmake
[5.660s] -- Up-to-date symlink: /home/ubuntu/microros_ws/install/unique_identifier_msgs/share/unique_identifier_msgs/cmake/ament_cmake_export_include_directories-extras.cmake
[5.661s] -- Up-to-date symlink: /home/ubuntu/microros_ws/install/unique_identifier_msgs/share/unique_identifier_msgs/cmake/ament_cmake_export_libraries-extras.cmake
[5.663s] -- Up-to-date symlink: /home/ubuntu/microros_ws/install/unique_identifier_msgs/share/unique_identifier_msgs/cmake/ament_cmake_export_targets-extras.cmake
[5.663s] -- Up-to-date symlink: /home/ubuntu/microros_ws/install/unique_identifier_msgs/share/unique_identifier_msgs/cmake/rosidl_cmake_export_typesupport_targets-extras.cmake
[5.664s] -- Up-to-date symlink: /home/ubuntu/microros_ws/install/unique_identifier_msgs/share/unique_identifier_msgs/cmake/ament_cmake_export_dependencies-extras.cmake
[5.669s] -- Up-to-date symlink: /home/ubuntu/microros_ws/install/unique_identifier_msgs/share/unique_identifier_msgs/cmake/rosidl_cmake_export_typesupport_libraries-extras.cmake
[5.678s] -- Up-to-date symlink: /home/ubuntu/microros_ws/install/unique_identifier_msgs/share/unique_identifier_msgs/cmake/unique_identifier_msgsConfig.cmake
[5.679s] -- Up-to-date symlink: /home/ubuntu/microros_ws/install/unique_identifier_msgs/share/unique_identifier_msgs/cmake/unique_identifier_msgsConfig-version.cmake
[5.680s] -- Up-to-date symlink: /home/ubuntu/microros_ws/install/unique_identifier_msgs/share/unique_identifier_msgs/package.xml
[5.681s] -- Up-to-date symlink: /home/ubuntu/microros_ws/install/unique_identifier_msgs/share/unique_identifier_msgs/mapping_rules.yaml
[5.682s] -- Up-to-date: /home/ubuntu/microros_ws/install/unique_identifier_msgs/lib/libunique_identifier_msgs__rosidl_generator_c.so
[5.689s] -- Up-to-date: /home/ubuntu/microros_ws/install/unique_identifier_msgs/lib/libunique_identifier_msgs__rosidl_typesupport_fastrtps_c.so
[5.690s] -- Up-to-date: /home/ubuntu/microros_ws/install/unique_identifier_msgs/lib/libunique_identifier_msgs__rosidl_typesupport_introspection_c.so
[5.691s] -- Up-to-date: /home/ubuntu/microros_ws/install/unique_identifier_msgs/lib/libunique_identifier_msgs__rosidl_typesupport_c.so
[5.694s] -- Up-to-date: /home/ubuntu/microros_ws/install/unique_identifier_msgs/lib/libunique_identifier_msgs__rosidl_typesupport_fastrtps_cpp.so
[5.696s] -- Up-to-date: /home/ubuntu/microros_ws/install/unique_identifier_msgs/lib/libunique_identifier_msgs__rosidl_typesupport_introspection_cpp.so
[5.697s] -- Up-to-date: /home/ubuntu/microros_ws/install/unique_identifier_msgs/lib/libunique_identifier_msgs__rosidl_typesupport_cpp.so
[5.961s] Listing '/home/ubuntu/microros_ws/install/unique_identifier_msgs/local/lib/python3.10/dist-packages/unique_identifier_msgs'...
[5.962s] Listing '/home/ubuntu/microros_ws/install/unique_identifier_msgs/local/lib/python3.10/dist-packages/unique_identifier_msgs/msg'...
[6.013s] -- Up-to-date: /home/ubuntu/microros_ws/install/unique_identifier_msgs/lib/libunique_identifier_msgs__rosidl_generator_py.so
[6.014s] -- Up-to-date: /home/ubuntu/microros_ws/install/unique_identifier_msgs/share/unique_identifier_msgs/cmake/export_unique_identifier_msgs__rosidl_generator_cExport.cmake
[6.021s] -- Up-to-date: /home/ubuntu/microros_ws/install/unique_identifier_msgs/share/unique_identifier_msgs/cmake/export_unique_identifier_msgs__rosidl_generator_cExport-noconfig.cmake
[6.023s] -- Up-to-date: /home/ubuntu/microros_ws/install/unique_identifier_msgs/share/unique_identifier_msgs/cmake/export_unique_identifier_msgs__rosidl_typesupport_fastrtps_cExport.cmake
[6.023s] -- Up-to-date: /home/ubuntu/microros_ws/install/unique_identifier_msgs/share/unique_identifier_msgs/cmake/export_unique_identifier_msgs__rosidl_typesupport_fastrtps_cExport-noconfig.cmake
[6.024s] -- Up-to-date: /home/ubuntu/microros_ws/install/unique_identifier_msgs/share/unique_identifier_msgs/cmake/unique_identifier_msgs__rosidl_typesupport_introspection_cExport.cmake
[6.024s] -- Up-to-date: /home/ubuntu/microros_ws/install/unique_identifier_msgs/share/unique_identifier_msgs/cmake/unique_identifier_msgs__rosidl_typesupport_introspection_cExport-noconfig.cmake
[6.027s] -- Up-to-date: /home/ubuntu/microros_ws/install/unique_identifier_msgs/share/unique_identifier_msgs/cmake/unique_identifier_msgs__rosidl_typesupport_cExport.cmake
[6.028s] -- Up-to-date: /home/ubuntu/microros_ws/install/unique_identifier_msgs/share/unique_identifier_msgs/cmake/unique_identifier_msgs__rosidl_typesupport_cExport-noconfig.cmake
[6.033s] -- Up-to-date: /home/ubuntu/microros_ws/install/unique_identifier_msgs/share/unique_identifier_msgs/cmake/export_unique_identifier_msgs__rosidl_generator_cppExport.cmake
[6.037s] -- Up-to-date: /home/ubuntu/microros_ws/install/unique_identifier_msgs/share/unique_identifier_msgs/cmake/export_unique_identifier_msgs__rosidl_typesupport_fastrtps_cppExport.cmake
[6.039s] -- Up-to-date: /home/ubuntu/microros_ws/install/unique_identifier_msgs/share/unique_identifier_msgs/cmake/export_unique_identifier_msgs__rosidl_typesupport_fastrtps_cppExport-noconfig.cmake
[6.043s] -- Up-to-date: /home/ubuntu/microros_ws/install/unique_identifier_msgs/share/unique_identifier_msgs/cmake/unique_identifier_msgs__rosidl_typesupport_introspection_cppExport.cmake
[6.044s] -- Up-to-date: /home/ubuntu/microros_ws/install/unique_identifier_msgs/share/unique_identifier_msgs/cmake/unique_identifier_msgs__rosidl_typesupport_introspection_cppExport-noconfig.cmake
[6.046s] -- Up-to-date: /home/ubuntu/microros_ws/install/unique_identifier_msgs/share/unique_identifier_msgs/cmake/unique_identifier_msgs__rosidl_typesupport_cppExport.cmake
[6.048s] -- Up-to-date: /home/ubuntu/microros_ws/install/unique_identifier_msgs/share/unique_identifier_msgs/cmake/unique_identifier_msgs__rosidl_typesupport_cppExport-noconfig.cmake
[6.052s] -- Up-to-date: /home/ubuntu/microros_ws/install/unique_identifier_msgs/share/unique_identifier_msgs/cmake/export_unique_identifier_msgs__rosidl_generator_pyExport.cmake
[6.053s] -- Up-to-date: /home/ubuntu/microros_ws/install/unique_identifier_msgs/share/unique_identifier_msgs/cmake/export_unique_identifier_msgs__rosidl_generator_pyExport-noconfig.cmake
[6.096s] Invoked command in '/home/ubuntu/microros_ws/build/unique_identifier_msgs' returned '0': CMAKE_PREFIX_PATH=/opt/ros/humble /usr/bin/cmake --install /home/ubuntu/microros_ws/build/unique_identifier_msgs
