[0.157s] Invoking command in '/home/ubuntu/microros_ws/build/rclc': AMENT_PREFIX_PATH=/home/ubuntu/microros_ws/install/test_msgs:/home/ubuntu/microros_ws/install/example_interfaces:/home/ubuntu/microros_ws/install/std_msgs:/home/ubuntu/microros_ws/install/action_msgs:/home/ubuntu/microros_ws/install/unique_identifier_msgs:/home/ubuntu/microros_ws/install/builtin_interfaces:${AMENT_PREFIX_PATH} CMAKE_PREFIX_PATH=/home/ubuntu/microros_ws/install/test_msgs:/home/ubuntu/microros_ws/install/example_interfaces:/home/ubuntu/microros_ws/install/std_msgs:/home/ubuntu/microros_ws/install/action_msgs:/home/ubuntu/microros_ws/install/unique_identifier_msgs:/home/ubuntu/microros_ws/install/builtin_interfaces:/opt/ros/humble LD_LIBRARY_PATH=/home/ubuntu/microros_ws/install/test_msgs/lib:/home/ubuntu/microros_ws/install/example_interfaces/lib:/home/ubuntu/microros_ws/install/std_msgs/lib:/home/ubuntu/microros_ws/install/action_msgs/lib:/home/ubuntu/microros_ws/install/unique_identifier_msgs/lib:/home/ubuntu/microros_ws/install/builtin_interfaces/lib:${LD_LIBRARY_PATH} PYTHONPATH=/home/ubuntu/microros_ws/install/test_msgs/local/lib/python3.10/dist-packages:/home/ubuntu/microros_ws/install/example_interfaces/local/lib/python3.10/dist-packages:/home/ubuntu/microros_ws/install/std_msgs/local/lib/python3.10/dist-packages:/home/ubuntu/microros_ws/install/action_msgs/local/lib/python3.10/dist-packages:/home/ubuntu/microros_ws/install/unique_identifier_msgs/local/lib/python3.10/dist-packages:/home/ubuntu/microros_ws/install/builtin_interfaces/local/lib/python3.10/dist-packages:${PYTHONPATH} /usr/bin/cmake --build /home/ubuntu/microros_ws/build/rclc -- -j4 -l4
[0.216s] /usr/bin/cmake -S/home/ubuntu/microros_ws/src/uros/rclc/rclc -B/home/ubuntu/microros_ws/build/rclc --check-build-system CMakeFiles/Makefile.cmake 0
[0.289s] /usr/bin/cmake -E cmake_progress_start /home/ubuntu/microros_ws/build/rclc/CMakeFiles /home/ubuntu/microros_ws/build/rclc//CMakeFiles/progress.marks
[0.336s] /usr/bin/gmake  -f CMakeFiles/Makefile2 all
[0.344s] gmake[1]: Entering directory '/home/ubuntu/microros_ws/build/rclc'
[0.345s] /usr/bin/gmake  -f CMakeFiles/rclc.dir/build.make CMakeFiles/rclc.dir/depend
[0.363s] gmake[2]: Entering directory '/home/ubuntu/microros_ws/build/rclc'
[0.364s] cd /home/ubuntu/microros_ws/build/rclc && /usr/bin/cmake -E cmake_depends "Unix Makefiles" /home/ubuntu/microros_ws/src/uros/rclc/rclc /home/ubuntu/microros_ws/src/uros/rclc/rclc /home/ubuntu/microros_ws/build/rclc /home/ubuntu/microros_ws/build/rclc /home/ubuntu/microros_ws/build/rclc/CMakeFiles/rclc.dir/DependInfo.cmake --color=
[0.419s] gmake[2]: Leaving directory '/home/ubuntu/microros_ws/build/rclc'
[0.419s] /usr/bin/gmake  -f CMakeFiles/rclc.dir/build.make CMakeFiles/rclc.dir/build
[0.444s] gmake[2]: Entering directory '/home/ubuntu/microros_ws/build/rclc'
[0.444s] gmake[2]: Nothing to be done for 'CMakeFiles/rclc.dir/build'.
[0.445s] gmake[2]: Leaving directory '/home/ubuntu/microros_ws/build/rclc'
[0.498s] [100%] Built target rclc
[0.501s] gmake[1]: Leaving directory '/home/ubuntu/microros_ws/build/rclc'
[0.503s] /usr/bin/cmake -E cmake_progress_start /home/ubuntu/microros_ws/build/rclc/CMakeFiles 0
[0.573s] Invoked command in '/home/ubuntu/microros_ws/build/rclc' returned '0': AMENT_PREFIX_PATH=/home/ubuntu/microros_ws/install/test_msgs:/home/ubuntu/microros_ws/install/example_interfaces:/home/ubuntu/microros_ws/install/std_msgs:/home/ubuntu/microros_ws/install/action_msgs:/home/ubuntu/microros_ws/install/unique_identifier_msgs:/home/ubuntu/microros_ws/install/builtin_interfaces:${AMENT_PREFIX_PATH} CMAKE_PREFIX_PATH=/home/ubuntu/microros_ws/install/test_msgs:/home/ubuntu/microros_ws/install/example_interfaces:/home/ubuntu/microros_ws/install/std_msgs:/home/ubuntu/microros_ws/install/action_msgs:/home/ubuntu/microros_ws/install/unique_identifier_msgs:/home/ubuntu/microros_ws/install/builtin_interfaces:/opt/ros/humble LD_LIBRARY_PATH=/home/ubuntu/microros_ws/install/test_msgs/lib:/home/ubuntu/microros_ws/install/example_interfaces/lib:/home/ubuntu/microros_ws/install/std_msgs/lib:/home/ubuntu/microros_ws/install/action_msgs/lib:/home/ubuntu/microros_ws/install/unique_identifier_msgs/lib:/home/ubuntu/microros_ws/install/builtin_interfaces/lib:${LD_LIBRARY_PATH} PYTHONPATH=/home/ubuntu/microros_ws/install/test_msgs/local/lib/python3.10/dist-packages:/home/ubuntu/microros_ws/install/example_interfaces/local/lib/python3.10/dist-packages:/home/ubuntu/microros_ws/install/std_msgs/local/lib/python3.10/dist-packages:/home/ubuntu/microros_ws/install/action_msgs/local/lib/python3.10/dist-packages:/home/ubuntu/microros_ws/install/unique_identifier_msgs/local/lib/python3.10/dist-packages:/home/ubuntu/microros_ws/install/builtin_interfaces/local/lib/python3.10/dist-packages:${PYTHONPATH} /usr/bin/cmake --build /home/ubuntu/microros_ws/build/rclc -- -j4 -l4
[1.063s] Invoking command in '/home/ubuntu/microros_ws/build/rclc': AMENT_PREFIX_PATH=/home/ubuntu/microros_ws/install/test_msgs:/home/ubuntu/microros_ws/install/example_interfaces:/home/ubuntu/microros_ws/install/std_msgs:/home/ubuntu/microros_ws/install/action_msgs:/home/ubuntu/microros_ws/install/unique_identifier_msgs:/home/ubuntu/microros_ws/install/builtin_interfaces:${AMENT_PREFIX_PATH} CMAKE_PREFIX_PATH=/home/ubuntu/microros_ws/install/test_msgs:/home/ubuntu/microros_ws/install/example_interfaces:/home/ubuntu/microros_ws/install/std_msgs:/home/ubuntu/microros_ws/install/action_msgs:/home/ubuntu/microros_ws/install/unique_identifier_msgs:/home/ubuntu/microros_ws/install/builtin_interfaces:/opt/ros/humble LD_LIBRARY_PATH=/home/ubuntu/microros_ws/install/test_msgs/lib:/home/ubuntu/microros_ws/install/example_interfaces/lib:/home/ubuntu/microros_ws/install/std_msgs/lib:/home/ubuntu/microros_ws/install/action_msgs/lib:/home/ubuntu/microros_ws/install/unique_identifier_msgs/lib:/home/ubuntu/microros_ws/install/builtin_interfaces/lib:${LD_LIBRARY_PATH} PYTHONPATH=/home/ubuntu/microros_ws/install/test_msgs/local/lib/python3.10/dist-packages:/home/ubuntu/microros_ws/install/example_interfaces/local/lib/python3.10/dist-packages:/home/ubuntu/microros_ws/install/std_msgs/local/lib/python3.10/dist-packages:/home/ubuntu/microros_ws/install/action_msgs/local/lib/python3.10/dist-packages:/home/ubuntu/microros_ws/install/unique_identifier_msgs/local/lib/python3.10/dist-packages:/home/ubuntu/microros_ws/install/builtin_interfaces/local/lib/python3.10/dist-packages:${PYTHONPATH} /usr/bin/cmake --install /home/ubuntu/microros_ws/build/rclc
[1.132s] -- Install configuration: ""
[1.134s] -- Execute custom install script
[1.138s] -- Up-to-date symlink: /home/ubuntu/microros_ws/install/rclc/include/rclc/action_client.h
[1.139s] -- Up-to-date symlink: /home/ubuntu/microros_ws/install/rclc/include/rclc/action_goal_handle.h
[1.140s] -- Up-to-date symlink: /home/ubuntu/microros_ws/install/rclc/include/rclc/action_server.h
[1.151s] -- Up-to-date symlink: /home/ubuntu/microros_ws/install/rclc/include/rclc/client.h
[1.152s] -- Up-to-date symlink: /home/ubuntu/microros_ws/install/rclc/include/rclc/executor.h
[1.155s] -- Up-to-date symlink: /home/ubuntu/microros_ws/install/rclc/include/rclc/executor_handle.h
[1.173s] -- Up-to-date symlink: /home/ubuntu/microros_ws/install/rclc/include/rclc/init.h
[1.173s] -- Up-to-date symlink: /home/ubuntu/microros_ws/install/rclc/include/rclc/node.h
[1.174s] -- Up-to-date symlink: /home/ubuntu/microros_ws/install/rclc/include/rclc/publisher.h
[1.174s] -- Up-to-date symlink: /home/ubuntu/microros_ws/install/rclc/include/rclc/rclc.h
[1.174s] -- Up-to-date symlink: /home/ubuntu/microros_ws/install/rclc/include/rclc/service.h
[1.180s] -- Up-to-date symlink: /home/ubuntu/microros_ws/install/rclc/include/rclc/sleep.h
[1.183s] -- Up-to-date symlink: /home/ubuntu/microros_ws/install/rclc/include/rclc/subscription.h
[1.185s] -- Up-to-date symlink: /home/ubuntu/microros_ws/install/rclc/include/rclc/timer.h
[1.189s] -- Up-to-date symlink: /home/ubuntu/microros_ws/install/rclc/include/rclc/types.h
[1.192s] -- Up-to-date symlink: /home/ubuntu/microros_ws/install/rclc/include/rclc/visibility_control.h
[1.192s] -- Up-to-date symlink: /home/ubuntu/microros_ws/install/rclc/share/rclc/environment/library_path.sh
[1.195s] -- Up-to-date symlink: /home/ubuntu/microros_ws/install/rclc/share/rclc/environment/library_path.dsv
[1.199s] -- Up-to-date symlink: /home/ubuntu/microros_ws/install/rclc/share/ament_index/resource_index/package_run_dependencies/rclc
[1.199s] -- Up-to-date symlink: /home/ubuntu/microros_ws/install/rclc/share/ament_index/resource_index/parent_prefix_path/rclc
[1.200s] -- Up-to-date symlink: /home/ubuntu/microros_ws/install/rclc/share/rclc/environment/ament_prefix_path.sh
[1.201s] -- Up-to-date symlink: /home/ubuntu/microros_ws/install/rclc/share/rclc/environment/ament_prefix_path.dsv
[1.202s] -- Up-to-date symlink: /home/ubuntu/microros_ws/install/rclc/share/rclc/environment/path.sh
[1.203s] -- Up-to-date symlink: /home/ubuntu/microros_ws/install/rclc/share/rclc/environment/path.dsv
[1.204s] -- Up-to-date symlink: /home/ubuntu/microros_ws/install/rclc/share/rclc/local_setup.bash
[1.206s] -- Up-to-date symlink: /home/ubuntu/microros_ws/install/rclc/share/rclc/local_setup.sh
[1.207s] -- Up-to-date symlink: /home/ubuntu/microros_ws/install/rclc/share/rclc/local_setup.zsh
[1.208s] -- Up-to-date symlink: /home/ubuntu/microros_ws/install/rclc/share/rclc/local_setup.dsv
[1.210s] -- Symlinking: /home/ubuntu/microros_ws/install/rclc/share/rclc/package.dsv
[1.262s] -- Up-to-date symlink: /home/ubuntu/microros_ws/install/rclc/share/ament_index/resource_index/packages/rclc
[1.263s] -- Up-to-date symlink: /home/ubuntu/microros_ws/install/rclc/share/rclc/cmake/ament_cmake_export_include_directories-extras.cmake
[1.276s] -- Up-to-date symlink: /home/ubuntu/microros_ws/install/rclc/share/rclc/cmake/ament_cmake_export_libraries-extras.cmake
[1.278s] -- Up-to-date symlink: /home/ubuntu/microros_ws/install/rclc/share/rclc/cmake/ament_cmake_export_targets-extras.cmake
[1.281s] -- Up-to-date symlink: /home/ubuntu/microros_ws/install/rclc/share/rclc/cmake/ament_cmake_export_dependencies-extras.cmake
[1.283s] -- Up-to-date symlink: /home/ubuntu/microros_ws/install/rclc/share/rclc/cmake/rclcConfig.cmake
[1.289s] -- Up-to-date symlink: /home/ubuntu/microros_ws/install/rclc/share/rclc/cmake/rclcConfig-version.cmake
[1.290s] -- Up-to-date symlink: /home/ubuntu/microros_ws/install/rclc/share/rclc/package.xml
[1.303s] -- Up-to-date: /home/ubuntu/microros_ws/install/rclc/lib/librclc.so
[1.304s] -- Up-to-date: /home/ubuntu/microros_ws/install/rclc/share/rclc/cmake/rclcExport.cmake
[1.305s] -- Up-to-date: /home/ubuntu/microros_ws/install/rclc/share/rclc/cmake/rclcExport-noconfig.cmake
[1.307s] Invoked command in '/home/ubuntu/microros_ws/build/rclc' returned '0': AMENT_PREFIX_PATH=/home/ubuntu/microros_ws/install/test_msgs:/home/ubuntu/microros_ws/install/example_interfaces:/home/ubuntu/microros_ws/install/std_msgs:/home/ubuntu/microros_ws/install/action_msgs:/home/ubuntu/microros_ws/install/unique_identifier_msgs:/home/ubuntu/microros_ws/install/builtin_interfaces:${AMENT_PREFIX_PATH} CMAKE_PREFIX_PATH=/home/ubuntu/microros_ws/install/test_msgs:/home/ubuntu/microros_ws/install/example_interfaces:/home/ubuntu/microros_ws/install/std_msgs:/home/ubuntu/microros_ws/install/action_msgs:/home/ubuntu/microros_ws/install/unique_identifier_msgs:/home/ubuntu/microros_ws/install/builtin_interfaces:/opt/ros/humble LD_LIBRARY_PATH=/home/ubuntu/microros_ws/install/test_msgs/lib:/home/ubuntu/microros_ws/install/example_interfaces/lib:/home/ubuntu/microros_ws/install/std_msgs/lib:/home/ubuntu/microros_ws/install/action_msgs/lib:/home/ubuntu/microros_ws/install/unique_identifier_msgs/lib:/home/ubuntu/microros_ws/install/builtin_interfaces/lib:${LD_LIBRARY_PATH} PYTHONPATH=/home/ubuntu/microros_ws/install/test_msgs/local/lib/python3.10/dist-packages:/home/ubuntu/microros_ws/install/example_interfaces/local/lib/python3.10/dist-packages:/home/ubuntu/microros_ws/install/std_msgs/local/lib/python3.10/dist-packages:/home/ubuntu/microros_ws/install/action_msgs/local/lib/python3.10/dist-packages:/home/ubuntu/microros_ws/install/unique_identifier_msgs/local/lib/python3.10/dist-packages:/home/ubuntu/microros_ws/install/builtin_interfaces/local/lib/python3.10/dist-packages:${PYTHONPATH} /usr/bin/cmake --install /home/ubuntu/microros_ws/build/rclc
