[0.126s] Invoking command in '/home/ubuntu/microros_ws/build/rmw_microxrcedds': AMENT_PREFIX_PATH=/home/ubuntu/microros_ws/install/rosidl_typesupport_microxrcedds_cpp:/home/ubuntu/microros_ws/install/rosidl_typesupport_microxrcedds_c:/home/ubuntu/microros_ws/install/micro_ros_msgs:${AMENT_PREFIX_PATH} CMAKE_PREFIX_PATH=/home/ubuntu/microros_ws/install/rosidl_typesupport_microxrcedds_cpp:/home/ubuntu/microros_ws/install/rosidl_typesupport_microxrcedds_c:/home/ubuntu/microros_ws/install/microxrcedds_client:/home/ubuntu/microros_ws/install/microcdr:/home/ubuntu/microros_ws/install/micro_ros_msgs:/opt/ros/humble LD_LIBRARY_PATH=/home/ubuntu/microros_ws/install/rosidl_typesupport_microxrcedds_cpp/lib:/home/ubuntu/microros_ws/install/rosidl_typesupport_microxrcedds_c/lib:/home/ubuntu/microros_ws/install/microxrcedds_client/lib:/home/ubuntu/microros_ws/install/microcdr/lib:/home/ubuntu/microros_ws/install/micro_ros_msgs/lib:${LD_LIBRARY_PATH} PYTHONPATH=/home/ubuntu/microros_ws/install/rosidl_typesupport_microxrcedds_cpp/local/lib/python3.10/dist-packages:/home/ubuntu/microros_ws/install/rosidl_typesupport_microxrcedds_c/local/lib/python3.10/dist-packages:/home/ubuntu/microros_ws/install/micro_ros_msgs/local/lib/python3.10/dist-packages:${PYTHONPATH} /usr/bin/cmake --build /home/ubuntu/microros_ws/build/rmw_microxrcedds -- -j4 -l4
[0.548s] [100%] Built target rmw_microxrcedds
[0.632s] Invoked command in '/home/ubuntu/microros_ws/build/rmw_microxrcedds' returned '0': AMENT_PREFIX_PATH=/home/ubuntu/microros_ws/install/rosidl_typesupport_microxrcedds_cpp:/home/ubuntu/microros_ws/install/rosidl_typesupport_microxrcedds_c:/home/ubuntu/microros_ws/install/micro_ros_msgs:${AMENT_PREFIX_PATH} CMAKE_PREFIX_PATH=/home/ubuntu/microros_ws/install/rosidl_typesupport_microxrcedds_cpp:/home/ubuntu/microros_ws/install/rosidl_typesupport_microxrcedds_c:/home/ubuntu/microros_ws/install/microxrcedds_client:/home/ubuntu/microros_ws/install/microcdr:/home/ubuntu/microros_ws/install/micro_ros_msgs:/opt/ros/humble LD_LIBRARY_PATH=/home/ubuntu/microros_ws/install/rosidl_typesupport_microxrcedds_cpp/lib:/home/ubuntu/microros_ws/install/rosidl_typesupport_microxrcedds_c/lib:/home/ubuntu/microros_ws/install/microxrcedds_client/lib:/home/ubuntu/microros_ws/install/microcdr/lib:/home/ubuntu/microros_ws/install/micro_ros_msgs/lib:${LD_LIBRARY_PATH} PYTHONPATH=/home/ubuntu/microros_ws/install/rosidl_typesupport_microxrcedds_cpp/local/lib/python3.10/dist-packages:/home/ubuntu/microros_ws/install/rosidl_typesupport_microxrcedds_c/local/lib/python3.10/dist-packages:/home/ubuntu/microros_ws/install/micro_ros_msgs/local/lib/python3.10/dist-packages:${PYTHONPATH} /usr/bin/cmake --build /home/ubuntu/microros_ws/build/rmw_microxrcedds -- -j4 -l4
[1.751s] Invoking command in '/home/ubuntu/microros_ws/build/rmw_microxrcedds': AMENT_PREFIX_PATH=/home/ubuntu/microros_ws/install/rosidl_typesupport_microxrcedds_cpp:/home/ubuntu/microros_ws/install/rosidl_typesupport_microxrcedds_c:/home/ubuntu/microros_ws/install/micro_ros_msgs:${AMENT_PREFIX_PATH} CMAKE_PREFIX_PATH=/home/ubuntu/microros_ws/install/rosidl_typesupport_microxrcedds_cpp:/home/ubuntu/microros_ws/install/rosidl_typesupport_microxrcedds_c:/home/ubuntu/microros_ws/install/microxrcedds_client:/home/ubuntu/microros_ws/install/microcdr:/home/ubuntu/microros_ws/install/micro_ros_msgs:/opt/ros/humble LD_LIBRARY_PATH=/home/ubuntu/microros_ws/install/rosidl_typesupport_microxrcedds_cpp/lib:/home/ubuntu/microros_ws/install/rosidl_typesupport_microxrcedds_c/lib:/home/ubuntu/microros_ws/install/microxrcedds_client/lib:/home/ubuntu/microros_ws/install/microcdr/lib:/home/ubuntu/microros_ws/install/micro_ros_msgs/lib:${LD_LIBRARY_PATH} PYTHONPATH=/home/ubuntu/microros_ws/install/rosidl_typesupport_microxrcedds_cpp/local/lib/python3.10/dist-packages:/home/ubuntu/microros_ws/install/rosidl_typesupport_microxrcedds_c/local/lib/python3.10/dist-packages:/home/ubuntu/microros_ws/install/micro_ros_msgs/local/lib/python3.10/dist-packages:${PYTHONPATH} /usr/bin/cmake --install /home/ubuntu/microros_ws/build/rmw_microxrcedds
[1.798s] -- Install configuration: ""
[1.800s] -- Execute custom install script
[1.802s] -- Up-to-date symlink: /home/ubuntu/microros_ws/install/rmw_microxrcedds/share/rmw_microxrcedds/environment/library_path.sh
[1.804s] -- Up-to-date symlink: /home/ubuntu/microros_ws/install/rmw_microxrcedds/share/rmw_microxrcedds/environment/library_path.dsv
[1.807s] -- Up-to-date symlink: /home/ubuntu/microros_ws/install/rmw_microxrcedds/share/ament_index/resource_index/rmw_typesupport_c/rmw_microxrcedds
[1.809s] -- Up-to-date symlink: /home/ubuntu/microros_ws/install/rmw_microxrcedds/share/ament_index/resource_index/rmw_typesupport/rmw_microxrcedds
[1.810s] -- Up-to-date symlink: /home/ubuntu/microros_ws/install/rmw_microxrcedds/share/ament_index/resource_index/package_run_dependencies/rmw_microxrcedds
[1.813s] -- Up-to-date symlink: /home/ubuntu/microros_ws/install/rmw_microxrcedds/share/ament_index/resource_index/parent_prefix_path/rmw_microxrcedds
[1.814s] -- Up-to-date symlink: /home/ubuntu/microros_ws/install/rmw_microxrcedds/share/rmw_microxrcedds/environment/ament_prefix_path.sh
[1.815s] -- Up-to-date symlink: /home/ubuntu/microros_ws/install/rmw_microxrcedds/share/rmw_microxrcedds/environment/ament_prefix_path.dsv
[1.817s] -- Up-to-date symlink: /home/ubuntu/microros_ws/install/rmw_microxrcedds/share/rmw_microxrcedds/environment/path.sh
[1.819s] -- Up-to-date symlink: /home/ubuntu/microros_ws/install/rmw_microxrcedds/share/rmw_microxrcedds/environment/path.dsv
[1.819s] -- Up-to-date symlink: /home/ubuntu/microros_ws/install/rmw_microxrcedds/share/rmw_microxrcedds/local_setup.bash
[1.821s] -- Up-to-date symlink: /home/ubuntu/microros_ws/install/rmw_microxrcedds/share/rmw_microxrcedds/local_setup.sh
[1.822s] -- Up-to-date symlink: /home/ubuntu/microros_ws/install/rmw_microxrcedds/share/rmw_microxrcedds/local_setup.zsh
[1.823s] -- Up-to-date symlink: /home/ubuntu/microros_ws/install/rmw_microxrcedds/share/rmw_microxrcedds/local_setup.dsv
[1.824s] -- Symlinking: /home/ubuntu/microros_ws/install/rmw_microxrcedds/share/rmw_microxrcedds/package.dsv
[1.865s] -- Up-to-date symlink: /home/ubuntu/microros_ws/install/rmw_microxrcedds/share/ament_index/resource_index/packages/rmw_microxrcedds
[1.867s] -- Up-to-date symlink: /home/ubuntu/microros_ws/install/rmw_microxrcedds/share/rmw_microxrcedds/cmake/ament_cmake_export_include_directories-extras.cmake
[1.868s] -- Up-to-date symlink: /home/ubuntu/microros_ws/install/rmw_microxrcedds/share/rmw_microxrcedds/cmake/ament_cmake_export_libraries-extras.cmake
[1.871s] -- Up-to-date symlink: /home/ubuntu/microros_ws/install/rmw_microxrcedds/share/rmw_microxrcedds/cmake/ament_cmake_export_dependencies-extras.cmake
[1.873s] -- Up-to-date symlink: /home/ubuntu/microros_ws/install/rmw_microxrcedds/share/rmw_microxrcedds/cmake/rmw_microxrceddsConfig.cmake
[1.873s] -- Up-to-date symlink: /home/ubuntu/microros_ws/install/rmw_microxrcedds/share/rmw_microxrcedds/cmake/rmw_microxrceddsConfig-version.cmake
[1.875s] -- Up-to-date symlink: /home/ubuntu/microros_ws/install/rmw_microxrcedds/share/rmw_microxrcedds/package.xml
[1.878s] -- Up-to-date symlink: /home/ubuntu/microros_ws/install/rmw_microxrcedds/include/rmw_microros/continous_serialization.h
[1.879s] -- Up-to-date symlink: /home/ubuntu/microros_ws/install/rmw_microxrcedds/include/rmw_microros/custom_transport.h
[1.881s] -- Up-to-date symlink: /home/ubuntu/microros_ws/install/rmw_microxrcedds/include/rmw_microros/discovery.h
[1.882s] -- Up-to-date symlink: /home/ubuntu/microros_ws/install/rmw_microxrcedds/include/rmw_microros/error_handling.h
[1.883s] -- Up-to-date symlink: /home/ubuntu/microros_ws/install/rmw_microxrcedds/include/rmw_microros/init_options.h
[1.885s] -- Up-to-date symlink: /home/ubuntu/microros_ws/install/rmw_microxrcedds/include/rmw_microros/ping.h
[1.887s] -- Up-to-date symlink: /home/ubuntu/microros_ws/install/rmw_microxrcedds/include/rmw_microros/rmw_microros.h
[1.887s] -- Up-to-date symlink: /home/ubuntu/microros_ws/install/rmw_microxrcedds/include/rmw_microros/time_sync.h
[1.890s] -- Up-to-date symlink: /home/ubuntu/microros_ws/install/rmw_microxrcedds/include/rmw_microros/timing.h
[1.891s] -- Up-to-date symlink: /home/ubuntu/microros_ws/install/rmw_microxrcedds/include/rmw_microxrcedds_c/rmw_c_macros.h
[1.900s] -- Up-to-date symlink: /home/ubuntu/microros_ws/install/rmw_microxrcedds/include/rmw_microxrcedds_c/config.h
[1.902s] -- Up-to-date symlink: /home/ubuntu/microros_ws/install/rmw_microxrcedds/lib/librmw_microxrcedds.so
[1.918s] Invoked command in '/home/ubuntu/microros_ws/build/rmw_microxrcedds' returned '0': AMENT_PREFIX_PATH=/home/ubuntu/microros_ws/install/rosidl_typesupport_microxrcedds_cpp:/home/ubuntu/microros_ws/install/rosidl_typesupport_microxrcedds_c:/home/ubuntu/microros_ws/install/micro_ros_msgs:${AMENT_PREFIX_PATH} CMAKE_PREFIX_PATH=/home/ubuntu/microros_ws/install/rosidl_typesupport_microxrcedds_cpp:/home/ubuntu/microros_ws/install/rosidl_typesupport_microxrcedds_c:/home/ubuntu/microros_ws/install/microxrcedds_client:/home/ubuntu/microros_ws/install/microcdr:/home/ubuntu/microros_ws/install/micro_ros_msgs:/opt/ros/humble LD_LIBRARY_PATH=/home/ubuntu/microros_ws/install/rosidl_typesupport_microxrcedds_cpp/lib:/home/ubuntu/microros_ws/install/rosidl_typesupport_microxrcedds_c/lib:/home/ubuntu/microros_ws/install/microxrcedds_client/lib:/home/ubuntu/microros_ws/install/microcdr/lib:/home/ubuntu/microros_ws/install/micro_ros_msgs/lib:${LD_LIBRARY_PATH} PYTHONPATH=/home/ubuntu/microros_ws/install/rosidl_typesupport_microxrcedds_cpp/local/lib/python3.10/dist-packages:/home/ubuntu/microros_ws/install/rosidl_typesupport_microxrcedds_c/local/lib/python3.10/dist-packages:/home/ubuntu/microros_ws/install/micro_ros_msgs/local/lib/python3.10/dist-packages:${PYTHONPATH} /usr/bin/cmake --install /home/ubuntu/microros_ws/build/rmw_microxrcedds
