[0.203s] Invoking command in '/home/ubuntu/microros_ws/build/lifecycle_msgs': CMAKE_PREFIX_PATH=/opt/ros/humble /usr/bin/cmake --build /home/ubuntu/microros_ws/build/lifecycle_msgs -- -j4 -l4
[0.528s] [ 11%] Built target lifecycle_msgs__rosidl_generator_c
[0.730s] [ 11%] Built target ament_cmake_python_symlink_lifecycle_msgs
[0.848s] [ 22%] Built target lifecycle_msgs__rosidl_typesupport_introspection_c
[0.978s] [ 34%] Built target lifecycle_msgs__rosidl_typesupport_c
[2.993s] running egg_info
[2.998s] writing lifecycle_msgs.egg-info/PKG-INFO
[2.999s] writing dependency_links to lifecycle_msgs.egg-info/dependency_links.txt
[3.001s] writing top-level names to lifecycle_msgs.egg-info/top_level.txt
[3.016s] reading manifest file 'lifecycle_msgs.egg-info/SOURCES.txt'
[3.021s] writing manifest file 'lifecycle_msgs.egg-info/SOURCES.txt'
[3.201s] [ 34%] Built target ament_cmake_python_build_lifecycle_msgs_egg
[3.348s] [ 45%] Built target lifecycle_msgs__rosidl_typesupport_fastrtps_c
[3.478s] [ 47%] Built target lifecycle_msgs__cpp
[3.607s] [ 58%] Built target lifecycle_msgs__rosidl_typesupport_fastrtps_cpp
[3.767s] [ 70%] Built target lifecycle_msgs__rosidl_typesupport_cpp
[3.908s] [ 81%] Built target lifecycle_msgs__rosidl_typesupport_introspection_cpp
[4.013s] [ 81%] Built target lifecycle_msgs
[4.174s] [ 82%] Built target lifecycle_msgs__py
[4.287s] [ 93%] Built target lifecycle_msgs__rosidl_generator_py
[4.391s] [ 95%] Built target lifecycle_msgs__rosidl_typesupport_fastrtps_c__pyext
[4.546s] [ 97%] Built target lifecycle_msgs__rosidl_typesupport_c__pyext
[4.679s] [100%] Built target lifecycle_msgs__rosidl_typesupport_introspection_c__pyext
[4.743s] Invoked command in '/home/ubuntu/microros_ws/build/lifecycle_msgs' returned '0': CMAKE_PREFIX_PATH=/opt/ros/humble /usr/bin/cmake --build /home/ubuntu/microros_ws/build/lifecycle_msgs -- -j4 -l4
[6.519s] Invoking command in '/home/ubuntu/microros_ws/build/lifecycle_msgs': CMAKE_PREFIX_PATH=/opt/ros/humble /usr/bin/cmake --install /home/ubuntu/microros_ws/build/lifecycle_msgs
[6.568s] -- Install configuration: ""
[6.570s] -- Execute custom install script
[6.572s] -- Up-to-date symlink: /home/ubuntu/microros_ws/install/lifecycle_msgs/share/ament_index/resource_index/rosidl_interfaces/lifecycle_msgs
[6.579s] -- Up-to-date symlink: /home/ubuntu/microros_ws/install/lifecycle_msgs/include/lifecycle_msgs/lifecycle_msgs/msg/detail/state__functions.h
[6.580s] -- Up-to-date symlink: /home/ubuntu/microros_ws/install/lifecycle_msgs/include/lifecycle_msgs/lifecycle_msgs/msg/detail/state__struct.h
[6.582s] -- Up-to-date symlink: /home/ubuntu/microros_ws/install/lifecycle_msgs/include/lifecycle_msgs/lifecycle_msgs/msg/detail/state__type_support.h
[6.583s] -- Up-to-date symlink: /home/ubuntu/microros_ws/install/lifecycle_msgs/include/lifecycle_msgs/lifecycle_msgs/msg/detail/transition__functions.h
[6.584s] -- Up-to-date symlink: /home/ubuntu/microros_ws/install/lifecycle_msgs/include/lifecycle_msgs/lifecycle_msgs/msg/detail/transition__struct.h
[6.585s] -- Up-to-date symlink: /home/ubuntu/microros_ws/install/lifecycle_msgs/include/lifecycle_msgs/lifecycle_msgs/msg/detail/transition__type_support.h
[6.587s] -- Up-to-date symlink: /home/ubuntu/microros_ws/install/lifecycle_msgs/include/lifecycle_msgs/lifecycle_msgs/msg/detail/transition_description__functions.h
[6.588s] -- Up-to-date symlink: /home/ubuntu/microros_ws/install/lifecycle_msgs/include/lifecycle_msgs/lifecycle_msgs/msg/detail/transition_description__struct.h
[6.591s] -- Up-to-date symlink: /home/ubuntu/microros_ws/install/lifecycle_msgs/include/lifecycle_msgs/lifecycle_msgs/msg/detail/transition_description__type_support.h
[6.592s] -- Up-to-date symlink: /home/ubuntu/microros_ws/install/lifecycle_msgs/include/lifecycle_msgs/lifecycle_msgs/msg/detail/transition_event__functions.h
[6.594s] -- Up-to-date symlink: /home/ubuntu/microros_ws/install/lifecycle_msgs/include/lifecycle_msgs/lifecycle_msgs/msg/detail/transition_event__struct.h
[6.595s] -- Up-to-date symlink: /home/ubuntu/microros_ws/install/lifecycle_msgs/include/lifecycle_msgs/lifecycle_msgs/msg/detail/transition_event__type_support.h
[6.597s] -- Up-to-date symlink: /home/ubuntu/microros_ws/install/lifecycle_msgs/include/lifecycle_msgs/lifecycle_msgs/msg/rosidl_generator_c__visibility_control.h
[6.599s] -- Up-to-date symlink: /home/ubuntu/microros_ws/install/lifecycle_msgs/include/lifecycle_msgs/lifecycle_msgs/msg/state.h
[6.600s] -- Up-to-date symlink: /home/ubuntu/microros_ws/install/lifecycle_msgs/include/lifecycle_msgs/lifecycle_msgs/msg/transition.h
[6.602s] -- Up-to-date symlink: /home/ubuntu/microros_ws/install/lifecycle_msgs/include/lifecycle_msgs/lifecycle_msgs/msg/transition_description.h
[6.603s] -- Up-to-date symlink: /home/ubuntu/microros_ws/install/lifecycle_msgs/include/lifecycle_msgs/lifecycle_msgs/msg/transition_event.h
[6.605s] -- Up-to-date symlink: /home/ubuntu/microros_ws/install/lifecycle_msgs/include/lifecycle_msgs/lifecycle_msgs/srv/change_state.h
[6.607s] -- Up-to-date symlink: /home/ubuntu/microros_ws/install/lifecycle_msgs/include/lifecycle_msgs/lifecycle_msgs/srv/detail/change_state__functions.h
[6.609s] -- Up-to-date symlink: /home/ubuntu/microros_ws/install/lifecycle_msgs/include/lifecycle_msgs/lifecycle_msgs/srv/detail/change_state__struct.h
[6.610s] -- Up-to-date symlink: /home/ubuntu/microros_ws/install/lifecycle_msgs/include/lifecycle_msgs/lifecycle_msgs/srv/detail/change_state__type_support.h
[6.611s] -- Up-to-date symlink: /home/ubuntu/microros_ws/install/lifecycle_msgs/include/lifecycle_msgs/lifecycle_msgs/srv/detail/get_available_states__functions.h
[6.613s] -- Up-to-date symlink: /home/ubuntu/microros_ws/install/lifecycle_msgs/include/lifecycle_msgs/lifecycle_msgs/srv/detail/get_available_states__struct.h
[6.615s] -- Up-to-date symlink: /home/ubuntu/microros_ws/install/lifecycle_msgs/include/lifecycle_msgs/lifecycle_msgs/srv/detail/get_available_states__type_support.h
[6.617s] -- Up-to-date symlink: /home/ubuntu/microros_ws/install/lifecycle_msgs/include/lifecycle_msgs/lifecycle_msgs/srv/detail/get_available_transitions__functions.h
[6.618s] -- Up-to-date symlink: /home/ubuntu/microros_ws/install/lifecycle_msgs/include/lifecycle_msgs/lifecycle_msgs/srv/detail/get_available_transitions__struct.h
[6.620s] -- Up-to-date symlink: /home/ubuntu/microros_ws/install/lifecycle_msgs/include/lifecycle_msgs/lifecycle_msgs/srv/detail/get_available_transitions__type_support.h
[6.621s] -- Up-to-date symlink: /home/ubuntu/microros_ws/install/lifecycle_msgs/include/lifecycle_msgs/lifecycle_msgs/srv/detail/get_state__functions.h
[6.623s] -- Up-to-date symlink: /home/ubuntu/microros_ws/install/lifecycle_msgs/include/lifecycle_msgs/lifecycle_msgs/srv/detail/get_state__struct.h
[6.624s] -- Up-to-date symlink: /home/ubuntu/microros_ws/install/lifecycle_msgs/include/lifecycle_msgs/lifecycle_msgs/srv/detail/get_state__type_support.h
[6.626s] -- Up-to-date symlink: /home/ubuntu/microros_ws/install/lifecycle_msgs/include/lifecycle_msgs/lifecycle_msgs/srv/get_available_states.h
[6.627s] -- Up-to-date symlink: /home/ubuntu/microros_ws/install/lifecycle_msgs/include/lifecycle_msgs/lifecycle_msgs/srv/get_available_transitions.h
[6.630s] -- Up-to-date symlink: /home/ubuntu/microros_ws/install/lifecycle_msgs/include/lifecycle_msgs/lifecycle_msgs/srv/get_state.h
[6.631s] -- Up-to-date symlink: /home/ubuntu/microros_ws/install/lifecycle_msgs/share/lifecycle_msgs/environment/library_path.sh
[6.633s] -- Up-to-date symlink: /home/ubuntu/microros_ws/install/lifecycle_msgs/share/lifecycle_msgs/environment/library_path.dsv
[6.641s] -- Up-to-date symlink: /home/ubuntu/microros_ws/install/lifecycle_msgs/include/lifecycle_msgs/lifecycle_msgs/msg/detail/state__rosidl_typesupport_fastrtps_c.h
[6.643s] -- Up-to-date symlink: /home/ubuntu/microros_ws/install/lifecycle_msgs/include/lifecycle_msgs/lifecycle_msgs/msg/detail/transition__rosidl_typesupport_fastrtps_c.h
[6.645s] -- Up-to-date symlink: /home/ubuntu/microros_ws/install/lifecycle_msgs/include/lifecycle_msgs/lifecycle_msgs/msg/detail/transition_description__rosidl_typesupport_fastrtps_c.h
[6.647s] -- Up-to-date symlink: /home/ubuntu/microros_ws/install/lifecycle_msgs/include/lifecycle_msgs/lifecycle_msgs/msg/detail/transition_event__rosidl_typesupport_fastrtps_c.h
[6.648s] -- Up-to-date symlink: /home/ubuntu/microros_ws/install/lifecycle_msgs/include/lifecycle_msgs/lifecycle_msgs/msg/rosidl_typesupport_fastrtps_c__visibility_control.h
[6.650s] -- Up-to-date symlink: /home/ubuntu/microros_ws/install/lifecycle_msgs/include/lifecycle_msgs/lifecycle_msgs/srv/detail/change_state__rosidl_typesupport_fastrtps_c.h
[6.652s] -- Up-to-date symlink: /home/ubuntu/microros_ws/install/lifecycle_msgs/include/lifecycle_msgs/lifecycle_msgs/srv/detail/get_available_states__rosidl_typesupport_fastrtps_c.h
[6.655s] -- Up-to-date symlink: /home/ubuntu/microros_ws/install/lifecycle_msgs/include/lifecycle_msgs/lifecycle_msgs/srv/detail/get_available_transitions__rosidl_typesupport_fastrtps_c.h
[6.659s] -- Up-to-date symlink: /home/ubuntu/microros_ws/install/lifecycle_msgs/include/lifecycle_msgs/lifecycle_msgs/srv/detail/get_state__rosidl_typesupport_fastrtps_c.h
[6.666s] -- Up-to-date symlink: /home/ubuntu/microros_ws/install/lifecycle_msgs/include/lifecycle_msgs/lifecycle_msgs/msg/detail/state__rosidl_typesupport_introspection_c.h
[6.669s] -- Up-to-date symlink: /home/ubuntu/microros_ws/install/lifecycle_msgs/include/lifecycle_msgs/lifecycle_msgs/msg/detail/transition__rosidl_typesupport_introspection_c.h
[6.670s] -- Up-to-date symlink: /home/ubuntu/microros_ws/install/lifecycle_msgs/include/lifecycle_msgs/lifecycle_msgs/msg/detail/transition_description__rosidl_typesupport_introspection_c.h
[6.672s] -- Up-to-date symlink: /home/ubuntu/microros_ws/install/lifecycle_msgs/include/lifecycle_msgs/lifecycle_msgs/msg/detail/transition_event__rosidl_typesupport_introspection_c.h
[6.674s] -- Up-to-date symlink: /home/ubuntu/microros_ws/install/lifecycle_msgs/include/lifecycle_msgs/lifecycle_msgs/msg/rosidl_typesupport_introspection_c__visibility_control.h
[6.675s] -- Up-to-date symlink: /home/ubuntu/microros_ws/install/lifecycle_msgs/include/lifecycle_msgs/lifecycle_msgs/srv/detail/change_state__rosidl_typesupport_introspection_c.h
[6.677s] -- Up-to-date symlink: /home/ubuntu/microros_ws/install/lifecycle_msgs/include/lifecycle_msgs/lifecycle_msgs/srv/detail/get_available_states__rosidl_typesupport_introspection_c.h
[6.678s] -- Up-to-date symlink: /home/ubuntu/microros_ws/install/lifecycle_msgs/include/lifecycle_msgs/lifecycle_msgs/srv/detail/get_available_transitions__rosidl_typesupport_introspection_c.h
[6.681s] -- Up-to-date symlink: /home/ubuntu/microros_ws/install/lifecycle_msgs/include/lifecycle_msgs/lifecycle_msgs/srv/detail/get_state__rosidl_typesupport_introspection_c.h
[6.687s] -- Up-to-date symlink: /home/ubuntu/microros_ws/install/lifecycle_msgs/include/lifecycle_msgs/lifecycle_msgs/msg/detail/state__builder.hpp
[6.689s] -- Up-to-date symlink: /home/ubuntu/microros_ws/install/lifecycle_msgs/include/lifecycle_msgs/lifecycle_msgs/msg/detail/state__struct.hpp
[6.692s] -- Up-to-date symlink: /home/ubuntu/microros_ws/install/lifecycle_msgs/include/lifecycle_msgs/lifecycle_msgs/msg/detail/state__traits.hpp
[6.694s] -- Up-to-date symlink: /home/ubuntu/microros_ws/install/lifecycle_msgs/include/lifecycle_msgs/lifecycle_msgs/msg/detail/transition__builder.hpp
[6.695s] -- Up-to-date symlink: /home/ubuntu/microros_ws/install/lifecycle_msgs/include/lifecycle_msgs/lifecycle_msgs/msg/detail/transition__struct.hpp
[6.697s] -- Up-to-date symlink: /home/ubuntu/microros_ws/install/lifecycle_msgs/include/lifecycle_msgs/lifecycle_msgs/msg/detail/transition__traits.hpp
[6.699s] -- Up-to-date symlink: /home/ubuntu/microros_ws/install/lifecycle_msgs/include/lifecycle_msgs/lifecycle_msgs/msg/detail/transition_description__builder.hpp
[6.700s] -- Up-to-date symlink: /home/ubuntu/microros_ws/install/lifecycle_msgs/include/lifecycle_msgs/lifecycle_msgs/msg/detail/transition_description__struct.hpp
[6.702s] -- Up-to-date symlink: /home/ubuntu/microros_ws/install/lifecycle_msgs/include/lifecycle_msgs/lifecycle_msgs/msg/detail/transition_description__traits.hpp
[6.704s] -- Up-to-date symlink: /home/ubuntu/microros_ws/install/lifecycle_msgs/include/lifecycle_msgs/lifecycle_msgs/msg/detail/transition_event__builder.hpp
[6.705s] -- Up-to-date symlink: /home/ubuntu/microros_ws/install/lifecycle_msgs/include/lifecycle_msgs/lifecycle_msgs/msg/detail/transition_event__struct.hpp
[6.708s] -- Up-to-date symlink: /home/ubuntu/microros_ws/install/lifecycle_msgs/include/lifecycle_msgs/lifecycle_msgs/msg/detail/transition_event__traits.hpp
[6.709s] -- Up-to-date symlink: /home/ubuntu/microros_ws/install/lifecycle_msgs/include/lifecycle_msgs/lifecycle_msgs/msg/state.hpp
[6.710s] -- Up-to-date symlink: /home/ubuntu/microros_ws/install/lifecycle_msgs/include/lifecycle_msgs/lifecycle_msgs/msg/transition.hpp
[6.712s] -- Up-to-date symlink: /home/ubuntu/microros_ws/install/lifecycle_msgs/include/lifecycle_msgs/lifecycle_msgs/msg/transition_description.hpp
[6.714s] -- Up-to-date symlink: /home/ubuntu/microros_ws/install/lifecycle_msgs/include/lifecycle_msgs/lifecycle_msgs/msg/transition_event.hpp
[6.715s] -- Up-to-date symlink: /home/ubuntu/microros_ws/install/lifecycle_msgs/include/lifecycle_msgs/lifecycle_msgs/srv/change_state.hpp
[6.717s] -- Up-to-date symlink: /home/ubuntu/microros_ws/install/lifecycle_msgs/include/lifecycle_msgs/lifecycle_msgs/srv/detail/change_state__builder.hpp
[6.719s] -- Up-to-date symlink: /home/ubuntu/microros_ws/install/lifecycle_msgs/include/lifecycle_msgs/lifecycle_msgs/srv/detail/change_state__struct.hpp
[6.720s] -- Up-to-date symlink: /home/ubuntu/microros_ws/install/lifecycle_msgs/include/lifecycle_msgs/lifecycle_msgs/srv/detail/change_state__traits.hpp
[6.722s] -- Up-to-date symlink: /home/ubuntu/microros_ws/install/lifecycle_msgs/include/lifecycle_msgs/lifecycle_msgs/srv/detail/get_available_states__builder.hpp
[6.724s] -- Up-to-date symlink: /home/ubuntu/microros_ws/install/lifecycle_msgs/include/lifecycle_msgs/lifecycle_msgs/srv/detail/get_available_states__struct.hpp
[6.725s] -- Up-to-date symlink: /home/ubuntu/microros_ws/install/lifecycle_msgs/include/lifecycle_msgs/lifecycle_msgs/srv/detail/get_available_states__traits.hpp
[6.727s] -- Up-to-date symlink: /home/ubuntu/microros_ws/install/lifecycle_msgs/include/lifecycle_msgs/lifecycle_msgs/srv/detail/get_available_transitions__builder.hpp
[6.729s] -- Up-to-date symlink: /home/ubuntu/microros_ws/install/lifecycle_msgs/include/lifecycle_msgs/lifecycle_msgs/srv/detail/get_available_transitions__struct.hpp
[6.731s] -- Up-to-date symlink: /home/ubuntu/microros_ws/install/lifecycle_msgs/include/lifecycle_msgs/lifecycle_msgs/srv/detail/get_available_transitions__traits.hpp
[6.733s] -- Up-to-date symlink: /home/ubuntu/microros_ws/install/lifecycle_msgs/include/lifecycle_msgs/lifecycle_msgs/srv/detail/get_state__builder.hpp
[6.735s] -- Up-to-date symlink: /home/ubuntu/microros_ws/install/lifecycle_msgs/include/lifecycle_msgs/lifecycle_msgs/srv/detail/get_state__struct.hpp
[6.736s] -- Up-to-date symlink: /home/ubuntu/microros_ws/install/lifecycle_msgs/include/lifecycle_msgs/lifecycle_msgs/srv/detail/get_state__traits.hpp
[6.738s] -- Up-to-date symlink: /home/ubuntu/microros_ws/install/lifecycle_msgs/include/lifecycle_msgs/lifecycle_msgs/srv/get_available_states.hpp
[6.740s] -- Up-to-date symlink: /home/ubuntu/microros_ws/install/lifecycle_msgs/include/lifecycle_msgs/lifecycle_msgs/srv/get_available_transitions.hpp
[6.742s] -- Up-to-date symlink: /home/ubuntu/microros_ws/install/lifecycle_msgs/include/lifecycle_msgs/lifecycle_msgs/srv/get_state.hpp
[6.751s] -- Up-to-date symlink: /home/ubuntu/microros_ws/install/lifecycle_msgs/include/lifecycle_msgs/lifecycle_msgs/msg/detail/state__rosidl_typesupport_fastrtps_cpp.hpp
[6.752s] -- Up-to-date symlink: /home/ubuntu/microros_ws/install/lifecycle_msgs/include/lifecycle_msgs/lifecycle_msgs/msg/detail/transition__rosidl_typesupport_fastrtps_cpp.hpp
[6.754s] -- Up-to-date symlink: /home/ubuntu/microros_ws/install/lifecycle_msgs/include/lifecycle_msgs/lifecycle_msgs/msg/detail/transition_description__rosidl_typesupport_fastrtps_cpp.hpp
[6.759s] -- Up-to-date symlink: /home/ubuntu/microros_ws/install/lifecycle_msgs/include/lifecycle_msgs/lifecycle_msgs/msg/detail/transition_event__rosidl_typesupport_fastrtps_cpp.hpp
[6.760s] -- Up-to-date symlink: /home/ubuntu/microros_ws/install/lifecycle_msgs/include/lifecycle_msgs/lifecycle_msgs/msg/rosidl_typesupport_fastrtps_cpp__visibility_control.h
[6.762s] -- Up-to-date symlink: /home/ubuntu/microros_ws/install/lifecycle_msgs/include/lifecycle_msgs/lifecycle_msgs/srv/detail/change_state__rosidl_typesupport_fastrtps_cpp.hpp
[6.766s] -- Up-to-date symlink: /home/ubuntu/microros_ws/install/lifecycle_msgs/include/lifecycle_msgs/lifecycle_msgs/srv/detail/get_available_states__rosidl_typesupport_fastrtps_cpp.hpp
[6.768s] -- Up-to-date symlink: /home/ubuntu/microros_ws/install/lifecycle_msgs/include/lifecycle_msgs/lifecycle_msgs/srv/detail/get_available_transitions__rosidl_typesupport_fastrtps_cpp.hpp
[6.770s] -- Up-to-date symlink: /home/ubuntu/microros_ws/install/lifecycle_msgs/include/lifecycle_msgs/lifecycle_msgs/srv/detail/get_state__rosidl_typesupport_fastrtps_cpp.hpp
[6.775s] -- Up-to-date symlink: /home/ubuntu/microros_ws/install/lifecycle_msgs/include/lifecycle_msgs/lifecycle_msgs/msg/detail/state__rosidl_typesupport_introspection_cpp.hpp
[6.777s] -- Up-to-date symlink: /home/ubuntu/microros_ws/install/lifecycle_msgs/include/lifecycle_msgs/lifecycle_msgs/msg/detail/transition__rosidl_typesupport_introspection_cpp.hpp
[6.778s] -- Up-to-date symlink: /home/ubuntu/microros_ws/install/lifecycle_msgs/include/lifecycle_msgs/lifecycle_msgs/msg/detail/transition_description__rosidl_typesupport_introspection_cpp.hpp
[6.780s] -- Up-to-date symlink: /home/ubuntu/microros_ws/install/lifecycle_msgs/include/lifecycle_msgs/lifecycle_msgs/msg/detail/transition_event__rosidl_typesupport_introspection_cpp.hpp
[6.782s] -- Up-to-date symlink: /home/ubuntu/microros_ws/install/lifecycle_msgs/include/lifecycle_msgs/lifecycle_msgs/srv/detail/change_state__rosidl_typesupport_introspection_cpp.hpp
[6.784s] -- Up-to-date symlink: /home/ubuntu/microros_ws/install/lifecycle_msgs/include/lifecycle_msgs/lifecycle_msgs/srv/detail/get_available_states__rosidl_typesupport_introspection_cpp.hpp
[6.786s] -- Up-to-date symlink: /home/ubuntu/microros_ws/install/lifecycle_msgs/include/lifecycle_msgs/lifecycle_msgs/srv/detail/get_available_transitions__rosidl_typesupport_introspection_cpp.hpp
[6.787s] -- Up-to-date symlink: /home/ubuntu/microros_ws/install/lifecycle_msgs/include/lifecycle_msgs/lifecycle_msgs/srv/detail/get_state__rosidl_typesupport_introspection_cpp.hpp
[6.789s] -- Up-to-date symlink: /home/ubuntu/microros_ws/install/lifecycle_msgs/share/lifecycle_msgs/environment/pythonpath.sh
[6.793s] -- Up-to-date symlink: /home/ubuntu/microros_ws/install/lifecycle_msgs/share/lifecycle_msgs/environment/pythonpath.dsv
[6.796s] -- Up-to-date symlink: /home/ubuntu/microros_ws/install/lifecycle_msgs/local/lib/python3.10/dist-packages/lifecycle_msgs-1.2.1-py3.10.egg-info/PKG-INFO
[6.798s] -- Up-to-date symlink: /home/ubuntu/microros_ws/install/lifecycle_msgs/local/lib/python3.10/dist-packages/lifecycle_msgs-1.2.1-py3.10.egg-info/SOURCES.txt
[6.799s] -- Up-to-date symlink: /home/ubuntu/microros_ws/install/lifecycle_msgs/local/lib/python3.10/dist-packages/lifecycle_msgs-1.2.1-py3.10.egg-info/dependency_links.txt
[6.801s] -- Up-to-date symlink: /home/ubuntu/microros_ws/install/lifecycle_msgs/local/lib/python3.10/dist-packages/lifecycle_msgs-1.2.1-py3.10.egg-info/top_level.txt
[6.812s] -- Up-to-date symlink: /home/ubuntu/microros_ws/install/lifecycle_msgs/local/lib/python3.10/dist-packages/lifecycle_msgs/__init__.py
[6.813s] -- Up-to-date symlink: /home/ubuntu/microros_ws/install/lifecycle_msgs/local/lib/python3.10/dist-packages/lifecycle_msgs/_lifecycle_msgs_s.ep.rosidl_typesupport_c.c
[6.815s] -- Up-to-date symlink: /home/ubuntu/microros_ws/install/lifecycle_msgs/local/lib/python3.10/dist-packages/lifecycle_msgs/_lifecycle_msgs_s.ep.rosidl_typesupport_fastrtps_c.c
[6.817s] -- Up-to-date symlink: /home/ubuntu/microros_ws/install/lifecycle_msgs/local/lib/python3.10/dist-packages/lifecycle_msgs/_lifecycle_msgs_s.ep.rosidl_typesupport_introspection_c.c
[6.819s] -- Up-to-date symlink: /home/ubuntu/microros_ws/install/lifecycle_msgs/local/lib/python3.10/dist-packages/lifecycle_msgs/_lifecycle_msgs_s.ep.rosidl_typesupport_microxrcedds_c.c
[6.820s] -- Up-to-date symlink: /home/ubuntu/microros_ws/install/lifecycle_msgs/local/lib/python3.10/dist-packages/lifecycle_msgs/liblifecycle_msgs__rosidl_generator_py.so
[6.822s] -- Up-to-date symlink: /home/ubuntu/microros_ws/install/lifecycle_msgs/local/lib/python3.10/dist-packages/lifecycle_msgs/lifecycle_msgs_s__rosidl_typesupport_c.cpython-310-aarch64-linux-gnu.so
[6.824s] -- Up-to-date symlink: /home/ubuntu/microros_ws/install/lifecycle_msgs/local/lib/python3.10/dist-packages/lifecycle_msgs/lifecycle_msgs_s__rosidl_typesupport_fastrtps_c.cpython-310-aarch64-linux-gnu.so
[6.825s] -- Up-to-date symlink: /home/ubuntu/microros_ws/install/lifecycle_msgs/local/lib/python3.10/dist-packages/lifecycle_msgs/lifecycle_msgs_s__rosidl_typesupport_introspection_c.cpython-310-aarch64-linux-gnu.so
[6.827s] -- Up-to-date symlink: /home/ubuntu/microros_ws/install/lifecycle_msgs/local/lib/python3.10/dist-packages/lifecycle_msgs/lifecycle_msgs_s__rosidl_typesupport_microxrcedds_c.cpython-310-aarch64-linux-gnu.so
[6.829s] -- Up-to-date symlink: /home/ubuntu/microros_ws/install/lifecycle_msgs/local/lib/python3.10/dist-packages/lifecycle_msgs/msg/__init__.py
[6.831s] -- Up-to-date symlink: /home/ubuntu/microros_ws/install/lifecycle_msgs/local/lib/python3.10/dist-packages/lifecycle_msgs/msg/_state.py
[6.833s] -- Up-to-date symlink: /home/ubuntu/microros_ws/install/lifecycle_msgs/local/lib/python3.10/dist-packages/lifecycle_msgs/msg/_state_s.c
[6.834s] -- Up-to-date symlink: /home/ubuntu/microros_ws/install/lifecycle_msgs/local/lib/python3.10/dist-packages/lifecycle_msgs/msg/_transition.py
[6.836s] -- Up-to-date symlink: /home/ubuntu/microros_ws/install/lifecycle_msgs/local/lib/python3.10/dist-packages/lifecycle_msgs/msg/_transition_description.py
[6.838s] -- Up-to-date symlink: /home/ubuntu/microros_ws/install/lifecycle_msgs/local/lib/python3.10/dist-packages/lifecycle_msgs/msg/_transition_description_s.c
[6.840s] -- Up-to-date symlink: /home/ubuntu/microros_ws/install/lifecycle_msgs/local/lib/python3.10/dist-packages/lifecycle_msgs/msg/_transition_event.py
[6.842s] -- Up-to-date symlink: /home/ubuntu/microros_ws/install/lifecycle_msgs/local/lib/python3.10/dist-packages/lifecycle_msgs/msg/_transition_event_s.c
[6.844s] -- Up-to-date symlink: /home/ubuntu/microros_ws/install/lifecycle_msgs/local/lib/python3.10/dist-packages/lifecycle_msgs/msg/_transition_s.c
[6.845s] -- Up-to-date symlink: /home/ubuntu/microros_ws/install/lifecycle_msgs/local/lib/python3.10/dist-packages/lifecycle_msgs/srv/__init__.py
[6.847s] -- Up-to-date symlink: /home/ubuntu/microros_ws/install/lifecycle_msgs/local/lib/python3.10/dist-packages/lifecycle_msgs/srv/_change_state.py
[6.849s] -- Up-to-date symlink: /home/ubuntu/microros_ws/install/lifecycle_msgs/local/lib/python3.10/dist-packages/lifecycle_msgs/srv/_change_state_s.c
[6.850s] -- Up-to-date symlink: /home/ubuntu/microros_ws/install/lifecycle_msgs/local/lib/python3.10/dist-packages/lifecycle_msgs/srv/_get_available_states.py
[6.852s] -- Up-to-date symlink: /home/ubuntu/microros_ws/install/lifecycle_msgs/local/lib/python3.10/dist-packages/lifecycle_msgs/srv/_get_available_states_s.c
[6.853s] -- Up-to-date symlink: /home/ubuntu/microros_ws/install/lifecycle_msgs/local/lib/python3.10/dist-packages/lifecycle_msgs/srv/_get_available_transitions.py
[6.857s] -- Up-to-date symlink: /home/ubuntu/microros_ws/install/lifecycle_msgs/local/lib/python3.10/dist-packages/lifecycle_msgs/srv/_get_available_transitions_s.c
[6.859s] -- Up-to-date symlink: /home/ubuntu/microros_ws/install/lifecycle_msgs/local/lib/python3.10/dist-packages/lifecycle_msgs/srv/_get_state.py
[6.862s] -- Up-to-date symlink: /home/ubuntu/microros_ws/install/lifecycle_msgs/local/lib/python3.10/dist-packages/lifecycle_msgs/srv/_get_state_s.c
[6.865s] -- Up-to-date symlink: /home/ubuntu/microros_ws/install/lifecycle_msgs/local/lib/python3.10/dist-packages/lifecycle_msgs/lifecycle_msgs_s__rosidl_typesupport_fastrtps_c.cpython-310-aarch64-linux-gnu.so
[6.869s] -- Up-to-date symlink: /home/ubuntu/microros_ws/install/lifecycle_msgs/local/lib/python3.10/dist-packages/lifecycle_msgs/lifecycle_msgs_s__rosidl_typesupport_introspection_c.cpython-310-aarch64-linux-gnu.so
[6.872s] -- Up-to-date symlink: /home/ubuntu/microros_ws/install/lifecycle_msgs/local/lib/python3.10/dist-packages/lifecycle_msgs/lifecycle_msgs_s__rosidl_typesupport_c.cpython-310-aarch64-linux-gnu.so
[6.873s] -- Up-to-date symlink: /home/ubuntu/microros_ws/install/lifecycle_msgs/share/lifecycle_msgs/msg/State.idl
[6.875s] -- Up-to-date symlink: /home/ubuntu/microros_ws/install/lifecycle_msgs/share/lifecycle_msgs/msg/Transition.idl
[6.877s] -- Up-to-date symlink: /home/ubuntu/microros_ws/install/lifecycle_msgs/share/lifecycle_msgs/msg/TransitionDescription.idl
[6.878s] -- Up-to-date symlink: /home/ubuntu/microros_ws/install/lifecycle_msgs/share/lifecycle_msgs/msg/TransitionEvent.idl
[6.880s] -- Up-to-date symlink: /home/ubuntu/microros_ws/install/lifecycle_msgs/share/lifecycle_msgs/srv/ChangeState.idl
[6.881s] -- Up-to-date symlink: /home/ubuntu/microros_ws/install/lifecycle_msgs/share/lifecycle_msgs/srv/GetAvailableStates.idl
[6.883s] -- Up-to-date symlink: /home/ubuntu/microros_ws/install/lifecycle_msgs/share/lifecycle_msgs/srv/GetAvailableTransitions.idl
[6.885s] -- Up-to-date symlink: /home/ubuntu/microros_ws/install/lifecycle_msgs/share/lifecycle_msgs/srv/GetState.idl
[6.887s] -- Up-to-date symlink: /home/ubuntu/microros_ws/install/lifecycle_msgs/share/lifecycle_msgs/msg/State.msg
[6.890s] -- Up-to-date symlink: /home/ubuntu/microros_ws/install/lifecycle_msgs/share/lifecycle_msgs/msg/Transition.msg
[6.893s] -- Up-to-date symlink: /home/ubuntu/microros_ws/install/lifecycle_msgs/share/lifecycle_msgs/msg/TransitionDescription.msg
[6.894s] -- Up-to-date symlink: /home/ubuntu/microros_ws/install/lifecycle_msgs/share/lifecycle_msgs/msg/TransitionEvent.msg
[6.898s] -- Up-to-date symlink: /home/ubuntu/microros_ws/install/lifecycle_msgs/share/lifecycle_msgs/srv/ChangeState.srv
[6.900s] -- Up-to-date symlink: /home/ubuntu/microros_ws/install/lifecycle_msgs/share/lifecycle_msgs/srv/ChangeState_Request.msg
[6.901s] -- Up-to-date symlink: /home/ubuntu/microros_ws/install/lifecycle_msgs/share/lifecycle_msgs/srv/ChangeState_Response.msg
[6.903s] -- Up-to-date symlink: /home/ubuntu/microros_ws/install/lifecycle_msgs/share/lifecycle_msgs/srv/GetAvailableStates.srv
[6.905s] -- Up-to-date symlink: /home/ubuntu/microros_ws/install/lifecycle_msgs/share/lifecycle_msgs/srv/GetAvailableStates_Request.msg
[6.907s] -- Up-to-date symlink: /home/ubuntu/microros_ws/install/lifecycle_msgs/share/lifecycle_msgs/srv/GetAvailableStates_Response.msg
[6.909s] -- Up-to-date symlink: /home/ubuntu/microros_ws/install/lifecycle_msgs/share/lifecycle_msgs/srv/GetAvailableTransitions.srv
[6.911s] -- Up-to-date symlink: /home/ubuntu/microros_ws/install/lifecycle_msgs/share/lifecycle_msgs/srv/GetAvailableTransitions_Request.msg
[6.912s] -- Up-to-date symlink: /home/ubuntu/microros_ws/install/lifecycle_msgs/share/lifecycle_msgs/srv/GetAvailableTransitions_Response.msg
[6.914s] -- Up-to-date symlink: /home/ubuntu/microros_ws/install/lifecycle_msgs/share/lifecycle_msgs/srv/GetState.srv
[6.916s] -- Up-to-date symlink: /home/ubuntu/microros_ws/install/lifecycle_msgs/share/lifecycle_msgs/srv/GetState_Request.msg
[6.918s] -- Up-to-date symlink: /home/ubuntu/microros_ws/install/lifecycle_msgs/share/lifecycle_msgs/srv/GetState_Response.msg
[6.920s] -- Up-to-date symlink: /home/ubuntu/microros_ws/install/lifecycle_msgs/share/ament_index/resource_index/package_run_dependencies/lifecycle_msgs
[6.922s] -- Up-to-date symlink: /home/ubuntu/microros_ws/install/lifecycle_msgs/share/ament_index/resource_index/parent_prefix_path/lifecycle_msgs
[6.924s] -- Up-to-date symlink: /home/ubuntu/microros_ws/install/lifecycle_msgs/share/lifecycle_msgs/environment/ament_prefix_path.sh
[6.926s] -- Up-to-date symlink: /home/ubuntu/microros_ws/install/lifecycle_msgs/share/lifecycle_msgs/environment/ament_prefix_path.dsv
[6.928s] -- Up-to-date symlink: /home/ubuntu/microros_ws/install/lifecycle_msgs/share/lifecycle_msgs/environment/path.sh
[6.930s] -- Up-to-date symlink: /home/ubuntu/microros_ws/install/lifecycle_msgs/share/lifecycle_msgs/environment/path.dsv
[6.932s] -- Up-to-date symlink: /home/ubuntu/microros_ws/install/lifecycle_msgs/share/lifecycle_msgs/local_setup.bash
[6.933s] -- Up-to-date symlink: /home/ubuntu/microros_ws/install/lifecycle_msgs/share/lifecycle_msgs/local_setup.sh
[6.935s] -- Up-to-date symlink: /home/ubuntu/microros_ws/install/lifecycle_msgs/share/lifecycle_msgs/local_setup.zsh
[6.937s] -- Up-to-date symlink: /home/ubuntu/microros_ws/install/lifecycle_msgs/share/lifecycle_msgs/local_setup.dsv
[6.938s] -- Symlinking: /home/ubuntu/microros_ws/install/lifecycle_msgs/share/lifecycle_msgs/package.dsv
[6.986s] -- Up-to-date symlink: /home/ubuntu/microros_ws/install/lifecycle_msgs/share/ament_index/resource_index/packages/lifecycle_msgs
[6.987s] -- Up-to-date symlink: /home/ubuntu/microros_ws/install/lifecycle_msgs/share/lifecycle_msgs/cmake/rosidl_cmake-extras.cmake
[6.988s] -- Up-to-date symlink: /home/ubuntu/microros_ws/install/lifecycle_msgs/share/lifecycle_msgs/cmake/ament_cmake_export_include_directories-extras.cmake
[6.989s] -- Up-to-date symlink: /home/ubuntu/microros_ws/install/lifecycle_msgs/share/lifecycle_msgs/cmake/ament_cmake_export_libraries-extras.cmake
[6.992s] -- Up-to-date symlink: /home/ubuntu/microros_ws/install/lifecycle_msgs/share/lifecycle_msgs/cmake/ament_cmake_export_targets-extras.cmake
[6.993s] -- Up-to-date symlink: /home/ubuntu/microros_ws/install/lifecycle_msgs/share/lifecycle_msgs/cmake/rosidl_cmake_export_typesupport_targets-extras.cmake
[6.995s] -- Up-to-date symlink: /home/ubuntu/microros_ws/install/lifecycle_msgs/share/lifecycle_msgs/cmake/ament_cmake_export_dependencies-extras.cmake
[6.997s] -- Up-to-date symlink: /home/ubuntu/microros_ws/install/lifecycle_msgs/share/lifecycle_msgs/cmake/rosidl_cmake_export_typesupport_libraries-extras.cmake
[6.999s] -- Up-to-date symlink: /home/ubuntu/microros_ws/install/lifecycle_msgs/share/lifecycle_msgs/cmake/lifecycle_msgsConfig.cmake
[7.000s] -- Up-to-date symlink: /home/ubuntu/microros_ws/install/lifecycle_msgs/share/lifecycle_msgs/cmake/lifecycle_msgsConfig-version.cmake
[7.002s] -- Up-to-date symlink: /home/ubuntu/microros_ws/install/lifecycle_msgs/share/lifecycle_msgs/package.xml
[7.004s] -- Up-to-date: /home/ubuntu/microros_ws/install/lifecycle_msgs/lib/liblifecycle_msgs__rosidl_generator_c.so
[7.007s] -- Up-to-date: /home/ubuntu/microros_ws/install/lifecycle_msgs/lib/liblifecycle_msgs__rosidl_typesupport_fastrtps_c.so
[7.011s] -- Up-to-date: /home/ubuntu/microros_ws/install/lifecycle_msgs/lib/liblifecycle_msgs__rosidl_typesupport_introspection_c.so
[7.014s] -- Up-to-date: /home/ubuntu/microros_ws/install/lifecycle_msgs/lib/liblifecycle_msgs__rosidl_typesupport_c.so
[7.017s] -- Up-to-date: /home/ubuntu/microros_ws/install/lifecycle_msgs/lib/liblifecycle_msgs__rosidl_typesupport_fastrtps_cpp.so
[7.020s] -- Up-to-date: /home/ubuntu/microros_ws/install/lifecycle_msgs/lib/liblifecycle_msgs__rosidl_typesupport_introspection_cpp.so
[7.023s] -- Up-to-date: /home/ubuntu/microros_ws/install/lifecycle_msgs/lib/liblifecycle_msgs__rosidl_typesupport_cpp.so
[7.237s] Listing '/home/ubuntu/microros_ws/install/lifecycle_msgs/local/lib/python3.10/dist-packages/lifecycle_msgs'...
[7.239s] Listing '/home/ubuntu/microros_ws/install/lifecycle_msgs/local/lib/python3.10/dist-packages/lifecycle_msgs/msg'...
[7.240s] Listing '/home/ubuntu/microros_ws/install/lifecycle_msgs/local/lib/python3.10/dist-packages/lifecycle_msgs/srv'...
[7.288s] -- Up-to-date: /home/ubuntu/microros_ws/install/lifecycle_msgs/lib/liblifecycle_msgs__rosidl_generator_py.so
[7.291s] -- Up-to-date: /home/ubuntu/microros_ws/install/lifecycle_msgs/share/lifecycle_msgs/cmake/export_lifecycle_msgs__rosidl_generator_cExport.cmake
[7.292s] -- Up-to-date: /home/ubuntu/microros_ws/install/lifecycle_msgs/share/lifecycle_msgs/cmake/export_lifecycle_msgs__rosidl_generator_cExport-noconfig.cmake
[7.294s] -- Up-to-date: /home/ubuntu/microros_ws/install/lifecycle_msgs/share/lifecycle_msgs/cmake/export_lifecycle_msgs__rosidl_typesupport_fastrtps_cExport.cmake
[7.295s] -- Up-to-date: /home/ubuntu/microros_ws/install/lifecycle_msgs/share/lifecycle_msgs/cmake/export_lifecycle_msgs__rosidl_typesupport_fastrtps_cExport-noconfig.cmake
[7.297s] -- Up-to-date: /home/ubuntu/microros_ws/install/lifecycle_msgs/share/lifecycle_msgs/cmake/lifecycle_msgs__rosidl_typesupport_introspection_cExport.cmake
[7.300s] -- Up-to-date: /home/ubuntu/microros_ws/install/lifecycle_msgs/share/lifecycle_msgs/cmake/lifecycle_msgs__rosidl_typesupport_introspection_cExport-noconfig.cmake
[7.301s] -- Up-to-date: /home/ubuntu/microros_ws/install/lifecycle_msgs/share/lifecycle_msgs/cmake/lifecycle_msgs__rosidl_typesupport_cExport.cmake
[7.303s] -- Up-to-date: /home/ubuntu/microros_ws/install/lifecycle_msgs/share/lifecycle_msgs/cmake/lifecycle_msgs__rosidl_typesupport_cExport-noconfig.cmake
[7.305s] -- Up-to-date: /home/ubuntu/microros_ws/install/lifecycle_msgs/share/lifecycle_msgs/cmake/export_lifecycle_msgs__rosidl_generator_cppExport.cmake
[7.308s] -- Up-to-date: /home/ubuntu/microros_ws/install/lifecycle_msgs/share/lifecycle_msgs/cmake/export_lifecycle_msgs__rosidl_typesupport_fastrtps_cppExport.cmake
[7.310s] -- Up-to-date: /home/ubuntu/microros_ws/install/lifecycle_msgs/share/lifecycle_msgs/cmake/export_lifecycle_msgs__rosidl_typesupport_fastrtps_cppExport-noconfig.cmake
[7.312s] -- Up-to-date: /home/ubuntu/microros_ws/install/lifecycle_msgs/share/lifecycle_msgs/cmake/lifecycle_msgs__rosidl_typesupport_introspection_cppExport.cmake
[7.314s] -- Up-to-date: /home/ubuntu/microros_ws/install/lifecycle_msgs/share/lifecycle_msgs/cmake/lifecycle_msgs__rosidl_typesupport_introspection_cppExport-noconfig.cmake
[7.316s] -- Up-to-date: /home/ubuntu/microros_ws/install/lifecycle_msgs/share/lifecycle_msgs/cmake/lifecycle_msgs__rosidl_typesupport_cppExport.cmake
[7.318s] -- Up-to-date: /home/ubuntu/microros_ws/install/lifecycle_msgs/share/lifecycle_msgs/cmake/lifecycle_msgs__rosidl_typesupport_cppExport-noconfig.cmake
[7.320s] -- Up-to-date: /home/ubuntu/microros_ws/install/lifecycle_msgs/share/lifecycle_msgs/cmake/export_lifecycle_msgs__rosidl_generator_pyExport.cmake
[7.322s] -- Up-to-date: /home/ubuntu/microros_ws/install/lifecycle_msgs/share/lifecycle_msgs/cmake/export_lifecycle_msgs__rosidl_generator_pyExport-noconfig.cmake
[7.341s] Invoked command in '/home/ubuntu/microros_ws/build/lifecycle_msgs' returned '0': CMAKE_PREFIX_PATH=/opt/ros/humble /usr/bin/cmake --install /home/ubuntu/microros_ws/build/lifecycle_msgs
